 Absorbed shortwave flux vs. time [W/m2]
    155.0681
    155.9909
    155.2926
    154.2977
    153.6673
    153.1406
    152.6523
    152.2094
    151.8115
    151.4607
    151.1501
    150.8737
    150.6302
    150.4213
    150.2188
    150.0175
    149.8781
    149.7617
    149.6633
    149.5401
    149.4560
    149.4058
    149.3608
    149.3059
    149.2896
    149.2523
    149.2410
    149.2268
    149.2457
    149.2511
    149.2584
    149.2929
    149.3319
    149.3757
    149.3923
    149.4149
    149.4428
    149.4850
    149.5186
    149.5532
    149.5841
    149.6191
    149.6700
    149.6894
    149.7205
    149.7547
    149.7865
    149.8208
    149.8541
    149.8847
    149.9074
    149.9331
    149.9681
    149.9935
    150.0281
    150.0536
    150.0863
    150.1119
    150.1350
    150.1653
    150.1971
    150.2218
    150.2555
    150.2773
    150.3090
    150.3216
    150.3508
    150.3718
    150.3974
    150.4183
    150.4350
    150.4548
    150.4789
    150.4976
    150.5209
    150.5389
    150.5564
    150.5785
    150.5879
    150.6104
    150.6215
    150.6356
    150.6558
    150.6637
    150.6749
    150.6914
    150.7039
    150.7197
    150.7324
    150.7400
    150.7538
    150.7603
    150.7736
    150.7845
    150.7854
    150.8035
    150.8083
    150.8258
    150.8305
    150.8364
    150.8518
    150.8579
    150.8732
    150.8793
    150.8889
    150.9009
    150.9100
    150.9215
    150.9306
    150.9364
    150.9416
    150.9506
    150.9612
    150.9685
    150.9768
    150.9826
    150.9911
    150.9945
    151.0017
    151.0115
    151.0184
    151.0274
    151.0341
    151.0423
    151.0499
    151.0581
    151.0656
    151.0742
    151.0817
    151.0904
    151.0981
    151.1064
    151.1085
    151.1103
    151.1175
    151.1234
    151.1303
    151.1371
    151.1436
    151.1498
    151.1487
    151.1514
    151.1570
    151.1627
    151.1677
    151.1731
    151.1781
    151.1850
    151.1901
    151.1908
    151.1967
    151.1975
    151.2023
    151.2067
    151.2119
    151.2166
    151.2235
    151.2286
    151.2297
    151.2356
    151.2421
    151.2484
    151.2547
    151.2608
    151.2666
    151.2731
    151.2790
    151.2797
    151.2919
    151.2925
    151.3043
    151.3044
    151.3160
    151.3164
    151.3277
    151.3286
    151.3405
    151.3420
    151.3481
    151.3514
    151.3509
    151.3623
    151.3624
    151.3739
    151.3746
    151.3802
    151.3829
    151.3844
    151.3953
    151.3966
    151.4074
    151.4088
    151.4192
    151.4204
    151.4250
    151.4305
    151.4358
    151.4412
    151.4467
    151.4485
    151.4500
    151.4598
    151.4612
    151.4647
    151.4720
    151.4756
    151.4826
    151.4859
    151.4931
    151.4969
    151.5043
    151.5081
    151.5152
    151.5189
    151.5262
    151.5302
    151.5380
    151.5421
    151.5495
    151.5488
    151.5514
    151.5599
    151.5624
    151.5712
    151.5737
    151.5826
    151.5852
    151.5944
    151.5968
    151.6055
    151.6055
    151.6121
    151.6105
    151.6118
    151.6194
    151.6197
    151.6260
    151.6287
    151.6341
    151.6362
    151.6411
    151.6373
    151.6359
    151.6400
    151.6401
    151.6425
    151.6443
    151.6459
    151.6468
    151.6483
    151.6485
    151.6499
    151.6499
    151.6513
    151.6513
    151.6525
    151.6524
    151.6536
    151.6534
    151.6546
    151.6543
    151.6554
    151.6551
    151.6562
    151.6559
    151.6568
    151.6565
    151.6574
    151.6570
    151.6580
    151.6575
    151.6584
    151.6580
    151.6588
    151.6584
    151.6592
    151.6587
    151.6595
    151.6590
    151.6598
    151.6593
    151.6601
    151.6595
    151.6603
    151.6597
    151.6605
    151.6599
    151.6607
    151.6601
    151.6608
    151.6602
    151.6609
    151.6603
    151.6611
    151.6605
    151.6612
    151.6606
    151.6613
    151.6553
    151.6510
    151.6509
    151.6495
    151.6499
    151.6485
    151.6490
    151.6476
    151.6481
    151.6468
    151.6474
    151.6461
    151.6468
    151.6455
    151.6462
    151.6450
    151.6457
    151.6445
    151.6452
    151.6441
    151.6448
    151.6437
    151.6445
    151.6434
    151.6442
    151.6431
    151.6439
    151.6428
    151.6436
    151.6426
    151.6434
    151.6424
    151.6432
    151.6422
    151.6431
    151.6421
    151.6429
    151.6419
    151.6428
    151.6418
    151.6427
    151.6417
    151.6426
    151.6416
    151.6425
    151.6415
    151.6424
    151.6414
    151.6423
    151.6414
    151.6423
    151.6413
    151.6422
    151.6413
    151.6422
    151.6412
    151.6421
    151.6412
    151.6421
    151.6411
    151.6420
    151.6411
    151.6420
    151.6411
    151.6420
    151.6410
    151.6420
    151.6410
    151.6419
    151.6410
    151.6419
    151.6410
    151.6419
    151.6410
    151.6419
    151.6410
    151.6419
    151.6409
    151.6419
    151.6409
    151.6418
    151.6409
    151.6418
    151.6409
    151.6418
    151.6409
    151.6418
    151.6409
    151.6418
    151.6409
    151.6418
    151.6409
    151.6418
    151.6409
    151.6418
    151.6409
    151.6418
    151.6409
    151.6418
    151.6409
    151.6418
    151.6409
    151.6418
    151.6409
    151.6418
    151.6409
    151.6418
    151.6409
    151.6418
    151.6409
    151.6418
    151.6409
    151.6418
    151.6409
    151.6418
    151.6409
    151.6418
    151.6409
    151.6418
    151.6409
    151.6418
    151.6409
    151.6418
    151.6409
    151.6418
    151.6409
    151.6418
    151.6408
    151.6418
    151.6408
    151.6418
    151.6408
    151.6418
    151.6408
    151.6418
    151.6408
    151.6418
    151.6408
    151.6418
    151.6408
    151.6418
    151.6408
    151.6418
    151.6408
    151.6418
    151.6408
    151.6418
    151.6408
    151.6418
    151.6408
    151.6418
    151.6408
    151.6418
    151.6408
    151.6418
    151.6408
    151.6418
    151.6408
    151.6418
    151.6408
    151.6418
    151.6408
    151.6418
    151.6408
    151.6418
    151.6408
    151.6418
    151.6408
    151.6418
    151.6408
    151.6418
    151.6408
    151.6418
    151.6408
    151.6418
    151.6408
    151.6418
    151.6408
    151.6418
    151.6408
    151.6418
    151.6408
    151.6418
    151.6408
    151.6418
    151.6408
    151.6418
    151.6408
    151.6418
    151.6408
    151.6418
    151.6408
    151.6418
    151.6408
    151.6418
    151.6408
    151.6418
    151.6408
    151.6418
    151.6408
    151.6418
    151.6408
