 Flux gradient longwave
        6.1294
        5.8989
        5.8507
        5.1760
        5.3433
        5.0770
        5.1093
        5.0764
        4.4219
        4.2406
        3.3817
        3.0796
        3.4530
        4.0200
        4.2129
        4.3321
        4.4189
        4.4706
        4.4726
        4.4115
        4.2821
        4.0837
        3.8068
        3.4237
        2.8960
        2.1580
        1.9730
        1.8747
        1.8293
        1.7804
        1.8276
        1.8222
        1.8511
        1.9309
        1.9243
        1.9472
        1.8389
        1.8043
        1.7270
        1.6189
        1.5380
        1.4902
        1.6684
        1.8621
        1.6238
        1.3399
        1.9807
        1.2355
        0.4851
        0.0182
