 Flux gradient shortwave
       -6.0990
       -5.9174
       -5.6581
       -5.3350
       -5.1669
       -5.0796
       -5.1320
       -5.0002
       -4.5322
       -3.9714
       -3.4484
       -3.1468
       -3.0375
       -3.0255
       -3.0106
       -2.9771
       -2.9226
       -2.8490
       -2.7564
       -2.6459
       -2.5242
       -2.4035
       -2.2934
       -2.1941
       -2.0992
       -2.0023
       -1.9357
       -1.8785
       -1.8347
       -1.8069
       -1.8009
       -1.8218
       -1.8668
       -1.9214
       -1.9559
       -1.9385
       -1.8693
       -1.7906
       -1.7253
       -1.6373
       -1.5397
       -1.5040
       -1.6599
       -1.8712
       -1.6181
       -1.3376
       -1.9798
       -1.2438
       -0.4829
       -0.0126
