 Longwave heating rate [K/s]
 -0.1681E-03
 -0.2002E-03
 -0.2437E-03
 -0.2623E-03
 -0.3262E-03
 -0.3693E-03
 -0.4378E-03
 -0.5064E-03
 -0.5076E-03
 -0.5538E-03
 -0.4970E-03
 -0.5045E-03
 -0.6251E-03
 -0.7982E-03
 -0.9119E-03
 -0.1017E-02
 -0.1121E-02
 -0.1223E-02
 -0.1316E-02
 -0.1395E-02
 -0.1455E-02
 -0.1491E-02
 -0.1496E-02
 -0.1450E-02
 -0.1325E-02
 -0.1069E-02
 -0.1061E-02
 -0.1099E-02
 -0.1173E-02
 -0.1255E-02
 -0.1424E-02
 -0.1577E-02
 -0.1791E-02
 -0.2104E-02
 -0.2381E-02
 -0.2761E-02
 -0.3020E-02
 -0.3475E-02
 -0.3957E-02
 -0.4491E-02
 -0.5275E-02
 -0.6487E-02
 -0.9527E-02
 -0.1457E-01
 -0.1848E-01
 -0.2423E-01
 -0.6554E-01
 -0.9780E-01
 -0.1888E+00
 -0.4250E+00
