 Rayleigh Transmission
                          0.9999999999999128E+00
                          0.9999999999865574E+00
                          0.9999999999850139E+00
                          0.9999999998561618E+00
                          0.9999999995722101E+00
                          0.9999999997859046E+00
                          0.9999999987582777E+00
                          0.9999999995148924E+00
                          0.9999999999168772E+00
                          0.9999999991881950E+00
                          0.9999999999837855E+00
                          0.9999999827483605E+00
                          0.9999999457211733E+00
                          0.9999999999980826E+00
                          0.9999999999993060E+00
                          0.9999999999846177E+00
                          0.9999999999999145E+00
                          0.9999999999925975E+00
                          0.9999999999999166E+00
                          0.9999999999980854E+00
                          0.9999999999994423E+00
                          0.9999999999977125E+00
                          0.9999999999766861E+00
                          0.9999999993337985E+00
                          0.9999999631685645E+00
                          0.9999998942230658E+00
                          0.9999919800832560E+00
                          0.9999510092928100E+00
                          0.9999996862519279E+00
                          0.9999999518279387E+00
                          0.9999999127094705E+00
                          0.9999999999971071E+00
                          0.9999999999779827E+00
                          0.9999999999990242E+00
                          0.9999999999804059E+00
                          0.9999999999989865E+00
                          0.9999999999988528E+00
                          0.9999999999986429E+00
                          0.9999999999885959E+00
                          0.9999999999959984E+00
                          0.9999999999982822E+00
                          0.9999999999980154E+00
                          0.9999999999929596E+00
                          0.9999999999895199E+00
                          0.9999999999975064E+00
                          0.9999999999972901E+00
                          0.9999999999967715E+00
                          0.9999999999967755E+00
                          0.9999999999964784E+00
                          0.9999999999907719E+00
                          0.9999999996877480E+00
                          0.9999999998061225E+00
                          0.9999992641720110E+00
                          0.9999999999793583E+00
                          0.9999999998182824E+00
                          0.9999999981445967E+00
                          0.9999999999809561E+00
                          0.9999999999927658E+00
                          0.9999999999915253E+00
                          0.9999999999883598E+00
                          0.9999999999869813E+00
                          0.9999999999870910E+00
                          0.9999999999797555E+00
                          0.9999999998313822E+00
                          0.9999999999874358E+00
                          0.9999999999786194E+00
                          0.9999999998677539E+00
                          0.9999999999801741E+00
                          0.9999999999662491E+00
                          0.9999999999808498E+00
                          0.9999999999806585E+00
                          0.9999999999818046E+00
                          0.9999999999813641E+00
                          0.9999999989600747E+00
                          0.9999999999697344E+00
                          0.9999998231114576E+00
                          0.9994884383482957E+00
                          0.9999999990070481E+00
                          0.9999999998619659E+00
                          0.9999999999641261E+00
                          0.9999999999538327E+00
                          0.9999999575906007E+00
                          0.9999999519053118E+00
                          0.9999850951448159E+00
                          0.9999776877885693E+00
                          0.9999999999276564E+00
                          0.9999999999632599E+00
                          0.9999999999621341E+00
                          0.9999999999596805E+00
                          0.9999999994234114E+00
                          0.9999997611960947E+00
                          0.9965812377884441E+00
                          0.9508191582220289E+00
                          0.9996951305168159E+00
                          0.9994306117612906E+00
                          0.9999907206636475E+00
                          0.9999999991106657E+00
                          0.9999999999411583E+00
                          0.9999999999383312E+00
                          0.9999999996428109E+00
                          0.9999999984793796E+00
                          0.9999999999060862E+00
                          0.9999999999173436E+00
                          0.9999991609799913E+00
                          0.9999999993256705E+00
                          0.9999999989832389E+00
                          0.9999999999003499E+00
                          0.9999999999131596E+00
                          0.9999999999098104E+00
                          0.9999999999045670E+00
                          0.9999999998783071E+00
                          0.9999999998917065E+00
                          0.9999999998959046E+00
                          0.9999999998924219E+00
                          0.9999999998885922E+00
                          0.9999999998846643E+00
                          0.9999999998805871E+00
                          0.9999999998764346E+00
                          0.9999999998712596E+00
                          0.9999999996906016E+00
                          0.9999999627398002E+00
                          0.9999999998535446E+00
                          0.9999999998535258E+00
                          0.9999999828310479E+00
                          0.9999999998355944E+00
                          0.9999999798531374E+00
                          0.9999999998290822E+00
                          0.9999999998264064E+00
                          0.9999999998055338E+00
                          0.9999999998144055E+00
                          0.9999999998115154E+00
                          0.9999999998038653E+00
                          0.9999999997866091E+00
                          0.9999997849472050E+00
                          0.9999999691955610E+00
                          0.9999999997755505E+00
                          0.9999999996206200E+00
                          0.9999999943595308E+00
                          0.9999999997306523E+00
                          0.9999999994519427E+00
                          0.9999999894848792E+00
                          0.9999999525681561E+00
                          0.9999191882382228E+00
                          0.9999997923847395E+00
                          0.9999941495923628E+00
                          0.9999895662806949E+00
                          0.9999999326097788E+00
                          0.9994272873025292E+00
                          0.9999940367145750E+00
                          0.9999681964794446E+00
                          0.9999999909314129E+00
                          0.9999999996221950E+00
                          0.9999999994998373E+00
                          0.9999999996073720E+00
                          0.9999997826032504E+00
                          0.9999999996123499E+00
                          0.9999999996064894E+00
                          0.9999999995988170E+00
                          0.9999999995823442E+00
                          0.9999999995554802E+00
                          0.9999998939922193E+00
                          0.9999999993915709E+00
                          0.9999999995459959E+00
                          0.9999999995346921E+00
                          0.9999999995228933E+00
                          0.9999999995114295E+00
                          0.9999971221817412E+00
                          0.9999999994869733E+00
                          0.9999999994739051E+00
                          0.9999999994623261E+00
                          0.9999999994494929E+00
                          0.9999999994364284E+00
                          0.9999999994231322E+00
                          0.9999999994095579E+00
                          0.9999999993869451E+00
                          0.9999999992836134E+00
                          0.9999999993675025E+00
                          0.9999703169120736E+00
                          0.9999999993370051E+00
                          0.9999999987691875E+00
                          0.9999999992643938E+00
                          0.9999999992904280E+00
                          0.9999999992741810E+00
                          0.9999999368017966E+00
                          0.9999999992314514E+00
                          0.9999999984353266E+00
                          0.9992915611733280E+00
                          0.9999999988629579E+00
                          0.9999999991724755E+00
                          0.9999999988596467E+00
                          0.9999999983184192E+00
                          0.9999999971784983E+00
                          0.9999999983688499E+00
                          0.9999999303728384E+00
                          0.9999999948679440E+00
                          0.9999998630187934E+00
                          0.9999999653669019E+00
                          0.9997796137793123E+00
                          0.9999998339964515E+00
                          0.9999998800848112E+00
                          0.9999995757736294E+00
                          0.9999999987806122E+00
                          0.9999999986360235E+00
                          0.9999999909859785E+00
                          0.9999932178850343E+00
                          0.9999999937525399E+00
                          0.9999999988099691E+00
                          0.9999999987881685E+00
                          0.9999999987126535E+00
                          0.9999999987252234E+00
                          0.9999999986935872E+00
                          0.9999999986846455E+00
                          0.9999999983172444E+00
                          0.9999999980933192E+00
                          0.9999999986126252E+00
                          0.9999999985896836E+00
                          0.9999999930259912E+00
                          0.9999999984521939E+00
                          0.9999999985115300E+00
                          0.9999999984840721E+00
                          0.9999999984561784E+00
                          0.9999999984180858E+00
                          0.9999999983992522E+00
                          0.9999999983703618E+00
                          0.9999999983409290E+00
                          0.9999999983111177E+00
                          0.9999999982225010E+00
                          0.9999999982253260E+00
                          0.9999999982192244E+00
                          0.9999999981877705E+00
                          0.9999999981559506E+00
                          0.9999999981210436E+00
                          0.9999999980906945E+00
                          0.9999999980363816E+00
                          0.9999999980225301E+00
                          0.9999999892122385E+00
                          0.9999999979553214E+00
                          0.9999999979188209E+00
                          0.9999999605763362E+00
                          0.9999999959561887E+00
                          0.9999999978099906E+00
                          0.9999998207421610E+00
                          0.9999999977135053E+00
                          0.9999999974370928E+00
                          0.9999999976388545E+00
                          0.9999999976015340E+00
                          0.9999999973280825E+00
                          0.9999999199938625E+00
                          0.9999999971661886E+00
                          0.9999999964011006E+00
                          0.9999999969786035E+00
                          0.9999999973236854E+00
                          0.9999999968290720E+00
                          0.9999993623928422E+00
                          0.9999999950204711E+00
                          0.9999999971983200E+00
                          0.9999999971682587E+00
                          0.9999999971253939E+00
                          0.9999999970028342E+00
                          0.9999999969765367E+00
                          0.9999999968142116E+00
                          0.9999999968789790E+00
                          0.9999999968808371E+00
                          0.9999999968466943E+00
                          0.9999999967952012E+00
                          0.9999999967504734E+00
                          0.9999999960951008E+00
                          0.9999999957144520E+00
                          0.9999999901529149E+00
                          0.9999999965463386E+00
                          0.9999999960722696E+00
                          0.9999999963818308E+00
                          0.9999999963859982E+00
                          0.9999999963398095E+00
                          0.9999999873795019E+00
                          0.9999999904281824E+00
                          0.9999999960611708E+00
                          0.9999999949622650E+00
                          0.9999999921701558E+00
                          0.9999999873022334E+00
                          0.9999999959260780E+00
                          0.9999999958767133E+00
                          0.9999999958132612E+00
                          0.9999999957731213E+00
                          0.9999999957126657E+00
                          0.9999999956377832E+00
                          0.9999999955914527E+00
                          0.9999999415413264E+00
                          0.9999999954644619E+00
                          0.9999999954028091E+00
                          0.9999999953347964E+00
                          0.9999999952705784E+00
                          0.9999999627060557E+00
                          0.9999999951349691E+00
                          0.9999999950392975E+00
                          0.9999999950097885E+00
                          0.9999999947001945E+00
                          0.9999999948728707E+00
                          0.9999999947852000E+00
                          0.9999999947092930E+00
                          0.9999999946626017E+00
                          0.9999999945915986E+00
                          0.9999999945192113E+00
                          0.9999999944067730E+00
                          0.9999999942931586E+00
                          0.9999999942923370E+00
                          0.9999999941327170E+00
                          0.9999999941475047E+00
                          0.9999999940698652E+00
                          0.9999999927976302E+00
                          0.9999999938968728E+00
                          0.9999999938364785E+00
                          0.9999999937569010E+00
                          0.9999999936764919E+00
                          0.9999999935951478E+00
                          0.9999999935129849E+00
                          0.9999999934277355E+00
                          0.9999999933245715E+00
                          0.9999999932508862E+00
                          0.9999999931762178E+00
                          0.9999999930768992E+00
                          0.9999999930047020E+00
                          0.9999999929013254E+00
                          0.9999999885694918E+00
                          0.9999999923074949E+00
                          0.9999999877400149E+00
                          0.9999999925566779E+00
                          0.9999999905354228E+00
                          0.9993987326528452E+00
                          0.9999999922620242E+00
                          0.9999999921816342E+00
                          0.9999999919840126E+00
                          0.9999999910471877E+00
                          0.9999999918986031E+00
                          0.9999999918010442E+00
                          0.9999999916995203E+00
                          0.9999999916027164E+00
                          0.9999999915026401E+00
                          0.9999999914013367E+00
                          0.9999999912985733E+00
                          0.9999999911960321E+00
                          0.9999999910903733E+00
                          0.9999999909870645E+00
                          0.9999999908805958E+00
                          0.9999999907744129E+00
                          0.9999999906666716E+00
                          0.9999999905575390E+00
                          0.9999999811705134E+00
                          0.9999999800657594E+00
                          0.9999999902113340E+00
                          0.9999999901133518E+00
                          0.9999999900003143E+00
                          0.9999999898855056E+00
                          0.9999972976375850E+00
                          0.9999999896342826E+00
                          0.9999999895366595E+00
                          0.9999999894182521E+00
                          0.9999999892874137E+00
                          0.9999998631030813E+00
                          0.9999999890567804E+00
                          0.9999999889347172E+00
                          0.9999999888112360E+00
                          0.9999999873336438E+00
                          0.9999999885601248E+00
                          0.9999999884309081E+00
                          0.9999999883070970E+00
                          0.9999999881784364E+00
                          0.9999999880487903E+00
                          0.9999999879179765E+00
                          0.9999999877861673E+00
                          0.9999999869189010E+00
                          0.9999999875191514E+00
                          0.9999999873658549E+00
                          0.9999999872478768E+00
                          0.9999999871105593E+00
                          0.9999999860099518E+00
                          0.9999999867453508E+00
                          0.9999999866913029E+00
                          0.9999999865502610E+00
                          0.9999999864071435E+00
                          0.9999999862578673E+00
                          0.9999999860391338E+00
                          0.9999999859719479E+00
                          0.9999999858246026E+00
                          0.9999999856745087E+00
                          0.9999999855254941E+00
                          0.9999999853752474E+00
                          0.9999999852231590E+00
                          0.9999999850698501E+00
                          0.9999999849153510E+00
                          0.9999999847596559E+00
                          0.9999999846014123E+00
                          0.9999999844446529E+00
                          0.9999999842853294E+00
                          0.9999999841229414E+00
                          0.9999999839630233E+00
                          0.9999999838000218E+00
                          0.9999999836357829E+00
                          0.9999999834702931E+00
                          0.9999999833030951E+00
                          0.9999999831355625E+00
                          0.9999999829662997E+00
                          0.9999999827957589E+00
                          0.9999999826239545E+00
                          0.9999999824508683E+00
                          0.9999999822764843E+00
                          0.9999999821008061E+00
                          0.9999999819238024E+00
                          0.9999999817454106E+00
                          0.9999999815659266E+00
                          0.9999999774231559E+00
                          0.9999999811878780E+00
                          0.9999999810191412E+00
                          0.9999999808270179E+00
                          0.9999999806471805E+00
                          0.9999999804594595E+00
                          0.9999999802674036E+00
                          0.9999999800749463E+00
                          0.9999999798891800E+00
                          0.9999999796960161E+00
                          0.9999999794979229E+00
                          0.9999999793055894E+00
                          0.9999999788617723E+00
                          0.9999999781537849E+00
                          0.9999999759581460E+00
                          0.9999999785073457E+00
                          0.9999999783047111E+00
                          0.9999999780965189E+00
                          0.9999999776045198E+00
                          0.9999999737340433E+00
                          0.9999999635443574E+00
                          0.9999999743167106E+00
                          0.9999999767253993E+00
                          0.9999999727239745E+00
                          0.9999999747794649E+00
                          0.9999999764128767E+00
                          0.9999999761952523E+00
                          0.9999999759761280E+00
                          0.9999999757554731E+00
                          0.9999999755325540E+00
                          0.9999999753096716E+00
                          0.9999999750844100E+00
                          0.9999999748577112E+00
                          0.9999999746294389E+00
                          0.9999999743996042E+00
                          0.9999999740794965E+00
                          0.9999999739352403E+00
                          0.9999999737007225E+00
                          0.9999999734645831E+00
                          0.9999999732269216E+00
                          0.9999999729876321E+00
                          0.9999999727467420E+00
                          0.9999999725042443E+00
                          0.9999999722601322E+00
                          0.9999999720143981E+00
                          0.9999999717598897E+00
                          0.9999999715180206E+00
                          0.9999999712673772E+00
                          0.9999999710147777E+00
                          0.9999999707608055E+00
                          0.9999999705041435E+00
                          0.9999999702482431E+00
                          0.9999999699892745E+00
                          0.9999999697286190E+00
                          0.9999999694662698E+00
                          0.9999999692022183E+00
                          0.9999999689364570E+00
                          0.9999999686689820E+00
                          0.9999999683976846E+00
                          0.9999999681288502E+00
                          0.9999999678561817E+00
                          0.9999999675817589E+00
                          0.9999999673055979E+00
                          0.9999999670276685E+00
                          0.9999999667479705E+00
                          0.9999999664663997E+00
                          0.9999999661654704E+00
                          0.9999999658981934E+00
                          0.9999999656113485E+00
                          0.9999999653226856E+00
                          0.9999999650321909E+00
                          0.9999999647397060E+00
                          0.9999999644458158E+00
                          0.9999999641416422E+00
                          0.9999999638520165E+00
                          0.9999999635524424E+00
                          0.9999999632509331E+00
                          0.9999999629475660E+00
                          0.9999999626420922E+00
                          0.9999999623351777E+00
                          0.9999999620261767E+00
                          0.9999999617151022E+00
                          0.9999999614019363E+00
                          0.9999999610876785E+00
                          0.9999999607707341E+00
                          0.9999999604524686E+00
                          0.9999999601319504E+00
                          0.9999999598094657E+00
                          0.9999999594850537E+00
                          0.9999999591586936E+00
                          0.9999999588303490E+00
                          0.9999999584998923E+00
                          0.9999999581676465E+00
                          0.9999999578334285E+00
                          0.9999999574964989E+00
                          0.9999999571588257E+00
                          0.9999999568184369E+00
                          0.9999999564718514E+00
                          0.9999999561317947E+00
                          0.9999999557853818E+00
                          0.9999999554354552E+00
                          0.9999999550803431E+00
                          0.9999999547338293E+00
                          0.9999999543791783E+00
                          0.9999999540224468E+00
                          0.9999999536636273E+00
                          0.9999999533027107E+00
                          0.9999999529396910E+00
                          0.9999999525745593E+00
                          0.9999999522073063E+00
                          0.9999999518379139E+00
                          0.9999999514664055E+00
                          0.9999999510927414E+00
                          0.9999999507169237E+00
                          0.9999999503389443E+00
                          0.9999999499587947E+00
                          0.9999999495764669E+00
                          0.9999999491919508E+00
                          0.9999999488052430E+00
                          0.9999999483685987E+00
                          0.9999999480251858E+00
                          0.9999999476318615E+00
                          0.9999999472358828E+00
                          0.9999999468327128E+00
                          0.9999999464384220E+00
                          0.9999999460361157E+00
                          0.9999999456315452E+00
                          0.9999999452247038E+00
                          0.9999999448155780E+00
                          0.9999999444041759E+00
                          0.9999999439901548E+00
                          0.9999999435743756E+00
                          0.9999999431536482E+00
                          0.9999999427339271E+00
                          0.9999999423125147E+00
                          0.9999999416072273E+00
                          0.9999999414595535E+00
                          0.9999999410294633E+00
                          0.9999999405971480E+00
                          0.9999999401624005E+00
                          0.9999999397252651E+00
                          0.9999999392857188E+00
                          0.9999999388426886E+00
                          0.9999999383993966E+00
                          0.9999999379527249E+00
                          0.9999999375000602E+00
                          0.9999999370518990E+00
                          0.9999999365976392E+00
                          0.9999999361413545E+00
                          0.9999999356824130E+00
                          0.9999999352209563E+00
                          0.9999999347570550E+00
                          0.9999999342904469E+00
                          0.9999999333891504E+00
                          0.9999999332729718E+00
                          0.9999999328764414E+00
                          0.9999999323997546E+00
                          0.9999999319206196E+00
                          0.9999999314395163E+00
                          0.9999999309553995E+00
                          0.9999999304688322E+00
                          0.9999999299796424E+00
                          0.9999999294878730E+00
                          0.9999999289935255E+00
                          0.9999999284965787E+00
                          0.9999999279945893E+00
                          0.9999999274913147E+00
                          0.9999999269584008E+00
                          0.9999999264826297E+00
                          0.9999999259726061E+00
                          0.9999999254598969E+00
                          0.9999999249445347E+00
                          0.9999999244265019E+00
                          0.9999999239057921E+00
                          0.9999999233823961E+00
                          0.9999999228561716E+00
                          0.9999999223275086E+00
                          0.9999999217959986E+00
                          0.9999999212617655E+00
                          0.9999999207247676E+00
                          0.9999999201850901E+00
                          0.9999999196426341E+00
                          0.9999999190973962E+00
                          0.9999999185494267E+00
                          0.9999999179986587E+00
                          0.9999999174451029E+00
                          0.9999999168887487E+00
                          0.9999999163295872E+00
                          0.9999999157676092E+00
                          0.9999999151950156E+00
                          0.9999999146329580E+00
                          0.9999999140646797E+00
                          0.9999999134913399E+00
                          0.9999999129151289E+00
                          0.9999999123360550E+00
                          0.9999999117536584E+00
                          0.9999999111692447E+00
                          0.9999999105814887E+00
                          0.9999999099903709E+00
                          0.9999999093971359E+00
                          0.9999999087922794E+00
                          0.9999999082012513E+00
                          0.9999999069264126E+00
                          0.9999999069934480E+00
                          0.9999999063850670E+00
                          0.9999999057738040E+00
                          0.9999999051594972E+00
                          0.9999999045421810E+00
                          0.9999999039218715E+00
                          0.9999999032985368E+00
                          0.9999999026721728E+00
                          0.9999999020427717E+00
                          0.9999999014099865E+00
                          0.9999999007748149E+00
                          0.9999999001362407E+00
                          0.9999998994945896E+00
                          0.9999998988498510E+00
                          0.9999998982020154E+00
                          0.9999998975510728E+00
                          0.9999998968970133E+00
                          0.9999998962397870E+00
                          0.9999998955795042E+00
                          0.9999998948883655E+00
                          0.9999998942460633E+00
                          0.9999998935796153E+00
                          0.9999998929066449E+00
                          0.9999998922304820E+00
                          0.9999998915510605E+00
                          0.9999998908685764E+00
                          0.9999998901827997E+00
                          0.9999998894937959E+00
                          0.9999998888015552E+00
                          0.9999998881060671E+00
                          0.9999998874073217E+00
                          0.9999998867053026E+00
                          0.9999998860000183E+00
                          0.9999998852914399E+00
                          0.9999998845795635E+00
                          0.9999998838643788E+00
                          0.9999998831458755E+00
                          0.9999998824240434E+00
                          0.9999998816988724E+00
                          0.9999998809703494E+00
                          0.9999998802384722E+00
                          0.9999998795032223E+00
                          0.9999998787645921E+00
                          0.9999998780225663E+00
                          0.9999998772771499E+00
                          0.9999998765283170E+00
                          0.9999998757760575E+00
                          0.9999998750190270E+00
                          0.9999998742612384E+00
                          0.9999998734986638E+00
                          0.9999998727326180E+00
                          0.9999998719630983E+00
                          0.9999998711900943E+00
                          0.9999998704135938E+00
                          0.9999998696335904E+00
                          0.9999998688500685E+00
                          0.9999998665595445E+00
                          0.9999998672724391E+00
                          0.9999998664783053E+00
                          0.9999998656806178E+00
                          0.9999998648793591E+00
                          0.9999998640744910E+00
                          0.9999998632660870E+00
                          0.9999998624540410E+00
                          0.9999998616384197E+00
                          0.9999998608191570E+00
                          0.9999998599962373E+00
                          0.9999998591428078E+00
                          0.9999998583395258E+00
                          0.9999998530374393E+00
                          0.9999998566681386E+00
                          0.9999998558268446E+00
                          0.9999998549818986E+00
                          0.9999998541333711E+00
                          0.9999998532810260E+00
                          0.9999998524249500E+00
                          0.9999998515651327E+00
                          0.9999998507015646E+00
                          0.9999998498342312E+00
                          0.9999998489631291E+00
                          0.9999998480878033E+00
                          0.9999998472078983E+00
                          0.9999998463268486E+00
                          0.9999998454387221E+00
                          0.9999998445505911E+00
                          0.9999998436566446E+00
                          0.9999998427574255E+00
                          0.9999998418559092E+00
                          0.9999998409515571E+00
                          0.9999998400421276E+00
                          0.9999998391287896E+00
                          0.9999998382075456E+00
                          0.9999998372903853E+00
                          0.9999998363652968E+00
                          0.9999998354362243E+00
                          0.9999998325426838E+00
                          0.9999998335663518E+00
                          0.9999998326254399E+00
                          0.9999998316796342E+00
                          0.9999998307316522E+00
                          0.9999998297787531E+00
                          0.9999998288218407E+00
                          0.9999998278608968E+00
                          0.9999998268959128E+00
                          0.9999998259268773E+00
                          0.9999998249537790E+00
                          0.9999998239766066E+00
                          0.9999998229953486E+00
                          0.9999998220099938E+00
                          0.9999998210205308E+00
                          0.9999998200269480E+00
                          0.9999998190290346E+00
                          0.9999998180273778E+00
                          0.9999998170104248E+00
                          0.9999998160111911E+00
                          0.9999998149968390E+00
                          0.9999998139782945E+00
                          0.9999998129554266E+00
                          0.9999998119286043E+00
                          0.9999998108775798E+00
                          0.9999998098619914E+00
                          0.9999998088223100E+00
                          0.9999998077784062E+00
                          0.9999998066964552E+00
                          0.9999998056042554E+00
                          0.9999998046210332E+00
                          0.9999998035599830E+00
                          0.9999998024945614E+00
                          0.9999998014249005E+00
                          0.9999998003508574E+00
                          0.9999997992724554E+00
                          0.9999997981897041E+00
                          0.9999997971025720E+00
                          0.9999997960110532E+00
                          0.9999997949151366E+00
                          0.9999997938148099E+00
                          0.9999997927100613E+00
                          0.9999997916008767E+00
                          0.9999997904853523E+00
                          0.9999997893691662E+00
                          0.9999997882466111E+00
                          0.9999997871194680E+00
                          0.9999997859880521E+00
                          0.9999997848520196E+00
                          0.9999997837114705E+00
                          0.9999997825663921E+00
                          0.9999997814167739E+00
                          0.9999997802626026E+00
                          0.9999997791038666E+00
                          0.9999997779405472E+00
                          0.9999997767726524E+00
                          0.9999997756001501E+00
                          0.9999997744230347E+00
                          0.9999997732412881E+00
                          0.9999997720549176E+00
                          0.9999997708638914E+00
                          0.9999997696682037E+00
                          0.9999997684678426E+00
                          0.9999997672627837E+00
                          0.9999997660530514E+00
                          0.9999997648385968E+00
                          0.9999997636194201E+00
                          0.9999997623955093E+00
                          0.9999997611668395E+00
                          0.9999997599334336E+00
                          0.9999997586952450E+00
                          0.9999997574522758E+00
                          0.9999997562045080E+00
                          0.9999997549519319E+00
                          0.9999997536941815E+00
                          0.9999997524322923E+00
                          0.9999997511652345E+00
                          0.9999997498888905E+00
                          0.9999997486163971E+00
                          0.9999997473348198E+00
                          0.9999997460482426E+00
                          0.9999997447567572E+00
                          0.9999997434594511E+00
                          0.9999997421590142E+00
                          0.9999997408527331E+00
                          0.9999997395337352E+00
                          0.9999997382252854E+00
                          0.9999997369040945E+00
                          0.9999997355778806E+00
                          0.9999997342467080E+00
                          0.9999997329094996E+00
                          0.9999997315691793E+00
                          0.9999997302228136E+00
                          0.9999997288715364E+00
                          0.9999997275151986E+00
                          0.9999997261536965E+00
                          0.9999997247870984E+00
                          0.9999997234153917E+00
                          0.9999997220385641E+00
                          0.9999997206566025E+00
                          0.9999997192694940E+00
                          0.9999997178772262E+00
                          0.9999997164797811E+00
                          0.9999997150771590E+00
                          0.9999997136693362E+00
                          0.9999997122563040E+00
                          0.9999997108378500E+00
                          0.9999997094145533E+00
                          0.9999997079858105E+00
                          0.9999997065518049E+00
                          0.9999997051119642E+00
                          0.9999997036679574E+00
                          0.9999997022179576E+00
                          0.9999997007629058E+00
                          0.9999996993023963E+00
                          0.9999996978365469E+00
                          0.9999996963652795E+00
                          0.9999996948887767E+00
                          0.9999996934068299E+00
                          0.9999996919194912E+00
                          0.9999996904267475E+00
                          0.9999996889285857E+00
                          0.9999996874249930E+00
                          0.9999996859159559E+00
                          0.9999996844014615E+00
                          0.9999996828814965E+00
                          0.9999996813560477E+00
                          0.9999996798251003E+00
                          0.9999996782886469E+00
                          0.9999996767466681E+00
                          0.9999996751991529E+00
                          0.9999996736460881E+00
                          0.9999996720874603E+00
                          0.9999996705232561E+00
                          0.9999996689534609E+00
                          0.9999996673779409E+00
                          0.9999996657970537E+00
                          0.9999996642104014E+00
                          0.9999996626181274E+00
                          0.9999996610201867E+00
                          0.9999996594165630E+00
                          0.9999996578072591E+00
                          0.9999996561922915E+00
                          0.9999996545714868E+00
                          0.9999996529451712E+00
                          0.9999996513130123E+00
                          0.9999996496749927E+00
                          0.9999996480314299E+00
                          0.9999996463819756E+00
                          0.9999996447267390E+00
                          0.9999996430631308E+00
                          0.9999996413988314E+00
                          0.9999996397261374E+00
                          0.9999996380475985E+00
                          0.9999996363632011E+00
                          0.9999996346729316E+00
                          0.9999996329767750E+00
                          0.9999996312747217E+00
                          0.9999996295667540E+00
                          0.9999996278528583E+00
                          0.9999996261329777E+00
                          0.9999996244072359E+00
                          0.9999996226754790E+00
                          0.9999996209377406E+00
                          0.9999996191940068E+00
                          0.9999996174442639E+00
                          0.9999996156884980E+00
                          0.9999996139266955E+00
                          0.9999996121588410E+00
                          0.9999996103849239E+00
                          0.9999996086049290E+00
                          0.9999996068186312E+00
                          0.9999996050263324E+00
                          0.9999996032283335E+00
                          0.9999996014238859E+00
                          0.9999995996132904E+00
                          0.9999995977965335E+00
                          0.9999995959736009E+00
                          0.9999995941444786E+00
                          0.9999995923091480E+00
                          0.9999995904676070E+00
                          0.9999995886198338E+00
                          0.9999995867658129E+00
                          0.9999995849055322E+00
                          0.9999995830389768E+00
                          0.9999995811661351E+00
                          0.9999995792869906E+00
                          0.9999995774015277E+00
                          0.9999995755097387E+00
                          0.9999995736116034E+00
                          0.9999995717070340E+00
                          0.9999995697962426E+00
                          0.9999995678789885E+00
                          0.9999995659553337E+00
                          0.9999995640252631E+00
                          0.9999995620887622E+00
                          0.9999995601458145E+00
                          0.9999995581964078E+00
                          0.9999995562405413E+00
                          0.9999995542781793E+00
                          0.9999995523093164E+00
                          0.9999995503339376E+00
                          0.9999995483514910E+00
                          0.9999995463635768E+00
                          0.9999995443685654E+00
                          0.9999995423664449E+00
                          0.9999995403588093E+00
                          0.9999995383440355E+00
                          0.9999995363226407E+00
                          0.9999995342946245E+00
                          0.9999995322599583E+00
                          0.9999995302186323E+00
                          0.9999995281706319E+00
                          0.9999995261159424E+00
                          0.9999995240545499E+00
                          0.9999995219864393E+00
                          0.9999995199115961E+00
                          0.9999995178300057E+00
                          0.9999995157416532E+00
                          0.9999995136465251E+00
                          0.9999995115446054E+00
                          0.9999995094358802E+00
                          0.9999995073203318E+00
                          0.9999995051979509E+00
                          0.9999995030687234E+00
                          0.9999995009326285E+00
                          0.9999994987896543E+00
                          0.9999994966397526E+00
                          0.9999994944830084E+00
                          0.9999994923192941E+00
                          0.9999994901486701E+00
                          0.9999994879710566E+00
                          0.9999994857865182E+00
                          0.9999994835949755E+00
                          0.9999994813964350E+00
                          0.9999994791908817E+00
                          0.9999994769783015E+00
                          0.9999994747586787E+00
                          0.9999994725319984E+00
                          0.9999994702982460E+00
                          0.9999994680574064E+00
                          0.9999994658094629E+00
                          0.9999994635544055E+00
                          0.9999994612922097E+00
                          0.9999994590228475E+00
                          0.9999994567463744E+00
                          0.9999994544626927E+00
                          0.9999994521718243E+00
                          0.9999994498737488E+00
                          0.9999994475684485E+00
                          0.9999994452559094E+00
                          0.9999994429359885E+00
                          0.9999994406090522E+00
                          0.9999994382747188E+00
                          0.9999994359330782E+00
                          0.9999994335841246E+00
                          0.9999994312278396E+00
                          0.9999994288642158E+00
                          0.9999994264932298E+00
                          0.9999994241148557E+00
                          0.9999994217291205E+00
                          0.9999994193359658E+00
                          0.9999994169353906E+00
                          0.9999994145273799E+00
                          0.9999994121115960E+00
                          0.9999994096889903E+00
                          0.9999994072585805E+00
                          0.9999994048206737E+00
                          0.9999994023752544E+00
                          0.9999993999223057E+00
                          0.9999993974618167E+00
                          0.9999993949937673E+00
                          0.9999993925181437E+00
                          0.9999993900349304E+00
                          0.9999993875441119E+00
                          0.9999993850456725E+00
                          0.9999993825395970E+00
                          0.9999993800258695E+00
                          0.9999993775044749E+00
                          0.9999993749753970E+00
                          0.9999993724386209E+00
                          0.9999993698941305E+00
                          0.9999993673419102E+00
                          0.9999993647819447E+00
                          0.9999993622142180E+00
                          0.9999993596387148E+00
                          0.9999993570553883E+00
                          0.9999993544642427E+00
                          0.9999993518653872E+00
                          0.9999993492586183E+00
                          0.9999993466428490E+00
                          0.9999993440215035E+00
                          0.9999993413911229E+00
                          0.9999993387528396E+00
                          0.9999993361066274E+00
                          0.9999993334525015E+00
                          0.9999993307904156E+00
                          0.9999993281203633E+00
                          0.9999993254414052E+00
                          0.9999993227562956E+00
                          0.9999993200622517E+00
                          0.9999993173601764E+00
                          0.9999993146500558E+00
                          0.9999993119318735E+00
                          0.9999993092056138E+00
                          0.9999993064712606E+00
                          0.9999993037287979E+00
                          0.9999993009782099E+00
                          0.9999992982194802E+00
                          0.9999992954525930E+00
                          0.9999992926775317E+00
                          0.9999992898942817E+00
                          0.9999992871028253E+00
                          0.9999992843031449E+00
                          0.9999992814952247E+00
                          0.9999992786790601E+00
                          0.9999992758546193E+00
                          0.9999992730218920E+00
                          0.9999992701808179E+00
                          0.9999992673315128E+00
                          0.9999992644738286E+00
                          0.9999992616077930E+00
                          0.9999992587333898E+00
                          0.9999992558506026E+00
                          0.9999992529594153E+00
                          0.9999992500598114E+00
                          0.9999992471517747E+00
                          0.9999992442352572E+00
                          0.9999992413103375E+00
                          0.9999992383769043E+00
                          0.9999992354349728E+00
                          0.9999992324845252E+00
                          0.9999992295255494E+00
                          0.9999992265580211E+00
                          0.9999992235819360E+00
                          0.9999992205972615E+00
                          0.9999992176040011E+00
                          0.9999992146021217E+00
                          0.9999992115916124E+00
                          0.9999992085724522E+00
                          0.9999992055446375E+00
                          0.9999992025081407E+00
                          0.9999991994629461E+00
                          0.9999991964090398E+00
                          0.9999991933464039E+00
                          0.9999991902750206E+00
                          0.9999991871948777E+00
                          0.9999991841057697E+00
                          0.9999991810082348E+00
                          0.9999991778910071E+00
                          0.9999991747863419E+00
                          0.9999991716621349E+00
                          0.9999991685290652E+00
                          0.9999991653871163E+00
                          0.9999991622362647E+00
                          0.9999991590765130E+00
                          0.9999991559078252E+00
                          0.9999991527301895E+00
                          0.9999991495435898E+00
                          0.9999991463480135E+00
                          0.9999991431433098E+00
                          0.9999991399298510E+00
                          0.9999991367072317E+00
                          0.9999991334755644E+00
                          0.9999991302348323E+00
                          0.9999991269850188E+00
                          0.9999991237261067E+00
                          0.9999991204580791E+00
                          0.9999991171809187E+00
                          0.9999991138946096E+00
                          0.9999991105991335E+00
                          0.9999991072944742E+00
                          0.9999991039806002E+00
                          0.9999991006575365E+00
                          0.9999990973252132E+00
                          0.9999990939836600E+00
                          0.9999990906328271E+00
                          0.9999990872727080E+00
                          0.9999990839032860E+00
                          0.9999990805245434E+00
                          0.9999990771364635E+00
                          0.9999990737390160E+00
                          0.9999990703322225E+00
                          0.9999990669160259E+00
                          0.9999990634904250E+00
                          0.9999990600553995E+00
                          0.9999990566109331E+00
                          0.9999990531570087E+00
                          0.9999990496936060E+00
                          0.9999990462207087E+00
                          0.9999990427383110E+00
                          0.9999990392458775E+00
                          0.9999990357449088E+00
                          0.9999990322338702E+00
                          0.9999990287132546E+00
                          0.9999990251830417E+00
                          0.9999990216431826E+00
                          0.9999990180937535E+00
                          0.9999990145346440E+00
                          0.9999990109658685E+00
                          0.9999990073874097E+00
                          0.9999990037992479E+00
                          0.9999990002013668E+00
                          0.9999989965937462E+00
                          0.9999989929763773E+00
                          0.9999989893492333E+00
                          0.9999989857122998E+00
                          0.9999989820655594E+00
                          0.9999989784089938E+00
                          0.9999989747425861E+00
                          0.9999989710663142E+00
                          0.9999989673801738E+00
                          0.9999989636841332E+00
                          0.9999989599781798E+00
                          0.9999989562622955E+00
                          0.9999989525364626E+00
                          0.9999989488006631E+00
                          0.9999989450548618E+00
                          0.9999989412990630E+00
                          0.9999989375332815E+00
                          0.9999989337574513E+00
                          0.9999989299715548E+00
                          0.9999989261755854E+00
                          0.9999989223695251E+00
                          0.9999989185533562E+00
                          0.9999989147270608E+00
                          0.9999989108906209E+00
                          0.9999989070440186E+00
                          0.9999989031872359E+00
                          0.9999988993202551E+00
                          0.9999988954430581E+00
                          0.9999988915556268E+00
                          0.9999988876579433E+00
                          0.9999988837499897E+00
                          0.9999988798316548E+00
                          0.9999988759031988E+00
                          0.9999988719643272E+00
                          0.9999988680151124E+00
                          0.9999988640555372E+00
                          0.9999988600855829E+00
                          0.9999988561052328E+00
                          0.9999988521144673E+00
                          0.9999988481132689E+00
                          0.9999988441016168E+00
                          0.9999988400795005E+00
                          0.9999988360468940E+00
                          0.9999988320037797E+00
                          0.9999988279499609E+00
                          0.9999988238849925E+00
                          0.9999988198104435E+00
                          0.9999988157259108E+00
                          0.9999988116299960E+00
                          0.9999988075234657E+00
                          0.9999988034063022E+00
                          0.9999987992784856E+00
                          0.9999987951400001E+00
                          0.9999987909908251E+00
                          0.9999987868309430E+00
                          0.9999987826603292E+00
                          0.9999987784789837E+00
                          0.9999987742868696E+00
                          0.9999987700839746E+00
                          0.9999987658702802E+00
                          0.9999987616457425E+00
                          0.9999987574104198E+00
                          0.9999987531642165E+00
                          0.9999987489071385E+00
                          0.9999987446391713E+00
                          0.9999987403602921E+00
                          0.9999987360704152E+00
                          0.9999987317697284E+00
                          0.9999987274580066E+00
                          0.9999987231352997E+00
                          0.9999987188015828E+00
                          0.9999987144568538E+00
                          0.9999987101010833E+00
                          0.9999987057342482E+00
                          0.9999987013563377E+00
                          0.9999986969673310E+00
                          0.9999986925671759E+00
                          0.9999986881559362E+00
                          0.9999986837335373E+00
                          0.9999986792999538E+00
                          0.9999986748551770E+00
                          0.9999986703989769E+00
                          0.9999986659319831E+00
                          0.9999986614535233E+00
                          0.9999986569637974E+00
                          0.9999986524627865E+00
                          0.9999986479504717E+00
                          0.9999986434268339E+00
                          0.9999986388918513E+00
                          0.9999986343455143E+00
                          0.9999986297877924E+00
                          0.9999986252186760E+00
                          0.9999986206381385E+00
                          0.9999986160461302E+00
                          0.9999986114427344E+00
                          0.9999986068278354E+00
                          0.9999986022014388E+00
                          0.9999985975635279E+00
                          0.9999985929140874E+00
                          0.9999985882530950E+00
                          0.9999985835805322E+00
                          0.9999985788963779E+00
                          0.9999985742006201E+00
                          0.9999985694932323E+00
                          0.9999985647741977E+00
                          0.9999985600434972E+00
                          0.9999985553011115E+00
                          0.9999985505470200E+00
                          0.9999985457812074E+00
                          0.9999985410036514E+00
                          0.9999985362142692E+00
                          0.9999985314132327E+00
                          0.9999985266003319E+00
                          0.9999985217756111E+00
                          0.9999985169390510E+00
                          0.9999985120906320E+00
                          0.9999985072303349E+00
                          0.9999985023581404E+00
                          0.9999984974740167E+00
                          0.9999984925779811E+00
                          0.9999984876699776E+00
                          0.9999984827499988E+00
                          0.9999984778180204E+00
                          0.9999984728740381E+00
                          0.9999984679180169E+00
                          0.9999984629499428E+00
                          0.9999984579697857E+00
                          0.9999984529774115E+00
                          0.9999984479732058E+00
                          0.9999984429567147E+00
                          0.9999984379280782E+00
                          0.9999984328872769E+00
                          0.9999984278342295E+00
                          0.9999984227690896E+00
                          0.9999984176916564E+00
                          0.9999984126017110E+00
                          0.9999984075000230E+00
                          0.9999984023857837E+00
                          0.9999983972591358E+00
                          0.9999983921203607E+00
                          0.9999983869691375E+00
                          0.9999983818055467E+00
                          0.9999983766295687E+00
                          0.9999983714411838E+00
                          0.9999983662403719E+00
                          0.9999983610271134E+00
                          0.9999983558013863E+00
                          0.9999983505631770E+00
                          0.9999983453124593E+00
                          0.9999983400492146E+00
                          0.9999983347734258E+00
                          0.9999983294850699E+00
                          0.9999983241841278E+00
                          0.9999983188705807E+00
                          0.9999983135444076E+00
                          0.9999983082055885E+00
                          0.9999983028541036E+00
                          0.9999982974899329E+00
                          0.9999982921130564E+00
                          0.9999982867234538E+00
                          0.9999982813207148E+00
                          0.9999982759059906E+00
                          0.9999982704780903E+00
                          0.9999982650373834E+00
                          0.9999982595838502E+00
                          0.9999982541174705E+00
                          0.9999982486354918E+00
                          0.9999982431460908E+00
                          0.9999982376410504E+00
                          0.9999982321230829E+00
                          0.9999982265921665E+00
                          0.9999982210482851E+00
                          0.9999982154914144E+00
                          0.9999982099215355E+00
                          0.9999982043386281E+00
                          0.9999981987426718E+00
                          0.9999981931336422E+00
                          0.9999981875115310E+00
                          0.9999981818763070E+00
                          0.9999981762279517E+00
                          0.9999981705664467E+00
                          0.9999981648917704E+00
                          0.9999981592039027E+00
                          0.9999981535028232E+00
                          0.9999981477885111E+00
                          0.9999981420609471E+00
                          0.9999981363201095E+00
                          0.9999981305659755E+00
                          0.9999981247985329E+00
                          0.9999981190177528E+00
                          0.9999981132236175E+00
                          0.9999981074161041E+00
                          0.9999981015951991E+00
                          0.9999980957608748E+00
                          0.9999980899131129E+00
                          0.9999980840518929E+00
                          0.9999980781771941E+00
                          0.9999980722889950E+00
                          0.9999980663872776E+00
                          0.9999980604720186E+00
                          0.9999980545431980E+00
                          0.9999980486007952E+00
                          0.9999980426447896E+00
                          0.9999980366751603E+00
                          0.9999980306918866E+00
                          0.9999980246949478E+00
                          0.9999980186843229E+00
                          0.9999980126599913E+00
                          0.9999980066219318E+00
                          0.9999980005701244E+00
                          0.9999979945045473E+00
                          0.9999979884251802E+00
                          0.9999979823319992E+00
                          0.9999979762249920E+00
                          0.9999979701041285E+00
                          0.9999979639693921E+00
                          0.9999979578207606E+00
                          0.9999979516582134E+00
                          0.9999979454817294E+00
                          0.9999979392912730E+00
                          0.9999979330868674E+00
                          0.9999979268684455E+00
                          0.9999979206360065E+00
                          0.9999979143895237E+00
                          0.9999979081289782E+00
                          0.9999979018543478E+00
                          0.9999978955656138E+00
                          0.9999978892627529E+00
                          0.9999978829457445E+00
                          0.9999978766145655E+00
                          0.9999978702692012E+00
                          0.9999978639096239E+00
                          0.9999978575358144E+00
                          0.9999978511477516E+00
                          0.9999978447454143E+00
                          0.9999978383287813E+00
                          0.9999978318978312E+00
                          0.9999978254525428E+00
                          0.9999978189928911E+00
                          0.9999978125188658E+00
                          0.9999978060300470E+00
                          0.9999977995275796E+00
                          0.9999977930092998E+00
                          0.9999977864785137E+00
                          0.9999977799322343E+00
                          0.9999977733714969E+00
                          0.9999977667962016E+00
                          0.9999977602063578E+00
                          0.9999977536019361E+00
                          0.9999977469829248E+00
                          0.9999977403492945E+00
                          0.9999977337010263E+00
                          0.9999977270380980E+00
                          0.9999977203604900E+00
                          0.9999977136681746E+00
                          0.9999977069611435E+00
                          0.9999977002393626E+00
                          0.9999976935028146E+00
                          0.9999976867514775E+00
                          0.9999976799853302E+00
                          0.9999976732043505E+00
                          0.9999976664085162E+00
                          0.9999976595978037E+00
                          0.9999976527722023E+00
                          0.9999976459316677E+00
                          0.9999976390762119E+00
                          0.9999976322057841E+00
                          0.9999976253203722E+00
                          0.9999976184199529E+00
                          0.9999976115045089E+00
                          0.9999976045740141E+00
                          0.9999975976284480E+00
                          0.9999975906677887E+00
                          0.9999975836920146E+00
                          0.9999975767011037E+00
                          0.9999975696950337E+00
                          0.9999975626737837E+00
                          0.9999975556373308E+00
                          0.9999975485856538E+00
                          0.9999975415187294E+00
                          0.9999975344365384E+00
                          0.9999975273390560E+00
                          0.9999975202262616E+00
                          0.9999975130981328E+00
                          0.9999975059546476E+00
                          0.9999974987957841E+00
                          0.9999974916215195E+00
                          0.9999974844318338E+00
                          0.9999974772267027E+00
                          0.9999974700061051E+00
                          0.9999974627700172E+00
                          0.9999974555183890E+00
                          0.9999974482512897E+00
                          0.9999974409686038E+00
                          0.9999974336703417E+00
                          0.9999974263564786E+00
                          0.9999974190269941E+00
                          0.9999974116818611E+00
                          0.9999974043210699E+00
                          0.9999973969445860E+00
                          0.9999973895523920E+00
                          0.9999973821444644E+00
                          0.9999973747207813E+00
                          0.9999973672813190E+00
                          0.9999973598260594E+00
                          0.9999973523549758E+00
                          0.9999973448680467E+00
                          0.9999973373652514E+00
                          0.9999973298465670E+00
                          0.9999973223119697E+00
                          0.9999973147614363E+00
                          0.9999973071949493E+00
                          0.9999972996124813E+00
                          0.9999972920140114E+00
                          0.9999972843995172E+00
                          0.9999972767689760E+00
                          0.9999972691223634E+00
                          0.9999972614596624E+00
                          0.9999972537808457E+00
                          0.9999972460858915E+00
                          0.9999972383747686E+00
                          0.9999972306474814E+00
                          0.9999972229039803E+00
                          0.9999972151442517E+00
                          0.9999972073682727E+00
                          0.9999971995760210E+00
                          0.9999971917674736E+00
                          0.9999971839426079E+00
                          0.9999971761014013E+00
                          0.9999971682438309E+00
                          0.9999971603698740E+00
                          0.9999971524795059E+00
                          0.9999971445727097E+00
                          0.9999971366494497E+00
                          0.9999971287097261E+00
                          0.9999971207534950E+00
                          0.9999971127807372E+00
                          0.9999971047914400E+00
                          0.9999970967855704E+00
                          0.9999970887631080E+00
                          0.9999970807240324E+00
                          0.9999970726683182E+00
                          0.9999970645959432E+00
                          0.9999970565068845E+00
                          0.9999970484011194E+00
                          0.9999970402786245E+00
                          0.9999970321393769E+00
                          0.9999970239833537E+00
                          0.9999970158105318E+00
                          0.9999970076208882E+00
                          0.9999969994143996E+00
                          0.9999969911910338E+00
                          0.9999969829507962E+00
                          0.9999969746936314E+00
                          0.9999969664195362E+00
                          0.9999969581284729E+00
                          0.9999969498204346E+00
                          0.9999969414953850E+00
                          0.9999969331533062E+00
                          0.9999969247941740E+00
                          0.9999969164179654E+00
                          0.9999969080246536E+00
                          0.9999968996142262E+00
                          0.9999968911866490E+00
                          0.9999968827419026E+00
                          0.9999968742799593E+00
                          0.9999968658008082E+00
                          0.9999968573044136E+00
                          0.9999968487907562E+00
                          0.9999968402598129E+00
                          0.9999968317115602E+00
                          0.9999968231459745E+00
                          0.9999968145630326E+00
                          0.9999968059627110E+00
                          0.9999967973449864E+00
                          0.9999967887098350E+00
                          0.9999967800572336E+00
                          0.9999967713871587E+00
                          0.9999967626995864E+00
                          0.9999967539944938E+00
                          0.9999967452718572E+00
                          0.9999967365316526E+00
                          0.9999967277738570E+00
                          0.9999967189984463E+00
                          0.9999967102053974E+00
                          0.9999967013946862E+00
                          0.9999966925662893E+00
                          0.9999966837201831E+00
                          0.9999966748563439E+00
                          0.9999966659747479E+00
                          0.9999966570753712E+00
                          0.9999966481581910E+00
                          0.9999966392231827E+00
                          0.9999966302703227E+00
                          0.9999966212995874E+00
                          0.9999966123109529E+00
                          0.9999966033043888E+00
                          0.9999965942798914E+00
                          0.9999965852373922E+00
                          0.9999965761769475E+00
                          0.9999965670984424E+00
                          0.9999965580019307E+00
                          0.9999965488873350E+00
                          0.9999965397546496E+00
                          0.9999965306038503E+00
                          0.9999965214349131E+00
                          0.9999965122478143E+00
                          0.9999965030425297E+00
                          0.9999964938190355E+00
                          0.9999964845773042E+00
                          0.9999964753173221E+00
                          0.9999964660390546E+00
                          0.9999964567424815E+00
                          0.9999964474275785E+00
                          0.9999964380943217E+00
                          0.9999964287426868E+00
                          0.9999964193726498E+00
                          0.9999964099841787E+00
                          0.9999964005772730E+00
                          0.9999963911518797E+00
                          0.9999963817079971E+00
                          0.9999963722455875E+00
                          0.9999963627646314E+00
                          0.9999963532651032E+00
                          0.9999963437469795E+00
                          0.9999963342102359E+00
                          0.9999963246548483E+00
                          0.9999963150807923E+00
                          0.9999963054880430E+00
                          0.9999962958765781E+00
                          0.9999962862463632E+00
                          0.9999962765973986E+00
                          0.9999962669296361E+00
                          0.9999962572430591E+00
                          0.9999962475376434E+00
                          0.9999962378133644E+00
                          0.9999962280701978E+00
                          0.9999962183081192E+00
                          0.9999962085271041E+00
                          0.9999961987271280E+00
                          0.9999961889081664E+00
                          0.9999961790701949E+00
                          0.9999961692131888E+00
                          0.9999961593371236E+00
                          0.9999961494419749E+00
                          0.9999961395277182E+00
                          0.9999961295943223E+00
                          0.9999961196417815E+00
                          0.9999961096700520E+00
                          0.9999960996791172E+00
                          0.9999960896689505E+00
                          0.9999960796395264E+00
                          0.9999960695908248E+00
                          0.9999960595228160E+00
                          0.9999960494354779E+00
                          0.9999960393287849E+00
                          0.9999960292027039E+00
                          0.9999960190572349E+00
                          0.9999960088923192E+00
                          0.9999959987079704E+00
                          0.9999959885041324E+00
                          0.9999959782807910E+00
                          0.9999959680379211E+00
                          0.9999959577754987E+00
                          0.9999959474934954E+00
                          0.9999959371918844E+00
                          0.9999959268706590E+00
                          0.9999959165297796E+00
                          0.9999959061692182E+00
                          0.9999958957889543E+00
                          0.9999958853889535E+00
                          0.9999958749692192E+00
                          0.9999958645296978E+00
                          0.9999958540703742E+00
                          0.9999958435912230E+00
                          0.9999958330922192E+00
                          0.9999958225733379E+00
                          0.9999958120345538E+00
                          0.9999958014758421E+00
                          0.9999957908971775E+00
                          0.9999957802985350E+00
                          0.9999957696798893E+00
                          0.9999957590412154E+00
                          0.9999957483824881E+00
                          0.9999957377036821E+00
                          0.9999957270047724E+00
                          0.9999957162857336E+00
                          0.9999957055465405E+00
                          0.9999956947871647E+00
                          0.9999956840075906E+00
                          0.9999956732077819E+00
                          0.9999956623877205E+00
                          0.9999956515473772E+00
                          0.9999956406867279E+00
                          0.9999956298057472E+00
                          0.9999956189044099E+00
                          0.9999956079826906E+00
                          0.9999955970405637E+00
                          0.9999955860780041E+00
                          0.9999955750949859E+00
                          0.9999955640914846E+00
                          0.9999955530674739E+00
                          0.9999955420229285E+00
                          0.9999955309578230E+00
                          0.9999955198721319E+00
                          0.9999955087658298E+00
                          0.9999954976388908E+00
                          0.9999954864912898E+00
                          0.9999954753230010E+00
                          0.9999954641339988E+00
                          0.9999954529242578E+00
                          0.9999954416937522E+00
                          0.9999954304424564E+00
                          0.9999954191703447E+00
                          0.9999954078773917E+00
                          0.9999953965635715E+00
                          0.9999953852288584E+00
                          0.9999953738732204E+00
                          0.9999953624966510E+00
                          0.9999953510991052E+00
                          0.9999953396805636E+00
                          0.9999953282410005E+00
                          0.9999953167803901E+00
                          0.9999953052987066E+00
                          0.9999952937959242E+00
                          0.9999952822720168E+00
                          0.9999952707269593E+00
                          0.9999952591607251E+00
                          0.9999952475732885E+00
                          0.9999952359646190E+00
                          0.9999952243347048E+00
                          0.9999952126835058E+00
                          0.9999952010110007E+00
                          0.9999951893171636E+00
                          0.9999951776019689E+00
                          0.9999951658653899E+00
                          0.9999951541074011E+00
                          0.9999951423279765E+00
                          0.9999951305270897E+00
                          0.9999951187047149E+00
                          0.9999951068608260E+00
                          0.9999950949953968E+00
                          0.9999950831084015E+00
                          0.9999950711998137E+00
                          0.9999950592696069E+00
                          0.9999950473177561E+00
                          0.9999950353442342E+00
                          0.9999950233490152E+00
                          0.9999950113320730E+00
                          0.9999949992933813E+00
                          0.9999949872329140E+00
                          0.9999949751506447E+00
                          0.9999949630465472E+00
                          0.9999949509205955E+00
                          0.9999949387727629E+00
                          0.9999949266030232E+00
                          0.9999949144113502E+00
                          0.9999949021977175E+00
                          0.9999948899620987E+00
                          0.9999948777044674E+00
                          0.9999948654247975E+00
                          0.9999948531230624E+00
                          0.9999948407992355E+00
                          0.9999948284532907E+00
                          0.9999948160852012E+00
                          0.9999948036949409E+00
                          0.9999947912824831E+00
                          0.9999947788478013E+00
                          0.9999947663908672E+00
                          0.9999947539116599E+00
                          0.9999947414101473E+00
                          0.9999947288863045E+00
                          0.9999947163401051E+00
                          0.9999947037715223E+00
                          0.9999946911805299E+00
                          0.9999946785671009E+00
                          0.9999946659312087E+00
                          0.9999946532728269E+00
                          0.9999946405919286E+00
                          0.9999946278884871E+00
                          0.9999946151624759E+00
                          0.9999946024138681E+00
                          0.9999945896426370E+00
                          0.9999945768487559E+00
                          0.9999945640321981E+00
                          0.9999945511929367E+00
                          0.9999945383309450E+00
                          0.9999945254461960E+00
                          0.9999945125386631E+00
                          0.9999944996083194E+00
                          0.9999944866551380E+00
                          0.9999944736790920E+00
                          0.9999944606801545E+00
                          0.9999944476582987E+00
                          0.9999944346134976E+00
                          0.9999944215457243E+00
                          0.9999944084549517E+00
                          0.9999943953411531E+00
                          0.9999943822043013E+00
                          0.9999943690443693E+00
                          0.9999943558613302E+00
                          0.9999943426551570E+00
                          0.9999943294258226E+00
                          0.9999943161732997E+00
                          0.9999943028975616E+00
                          0.9999942895985809E+00
                          0.9999942762763308E+00
                          0.9999942629307839E+00
                          0.9999942495619131E+00
                          0.9999942361696913E+00
                          0.9999942227540913E+00
                          0.9999942093150861E+00
                          0.9999941958526481E+00
                          0.9999941823667504E+00
                          0.9999941688573657E+00
                          0.9999941553244666E+00
                          0.9999941417680260E+00
                          0.9999941281880165E+00
                          0.9999941145844109E+00
                          0.9999941009571818E+00
                          0.9999940873063019E+00
                          0.9999940736317439E+00
                          0.9999940599334803E+00
                          0.9999940462114839E+00
                          0.9999940324657272E+00
                          0.9999940186961828E+00
                          0.9999940049028232E+00
                          0.9999939910856210E+00
                          0.9999939772445489E+00
                          0.9999939633795792E+00
                          0.9999939494906845E+00
                          0.9999939355778374E+00
                          0.9999939216410102E+00
                          0.9999939076801755E+00
                          0.9999938936953056E+00
                          0.9999938796863731E+00
                          0.9999938656533502E+00
                          0.9999938515962096E+00
                          0.9999938375149233E+00
                          0.9999938234094640E+00
                          0.9999938092798040E+00
                          0.9999937951259154E+00
                          0.9999937809477708E+00
                          0.9999937667453423E+00
                          0.9999937525186023E+00
                          0.9999937382675231E+00
                          0.9999937239920769E+00
                          0.9999937096922359E+00
                          0.9999936953679723E+00
                          0.9999936810192586E+00
                          0.9999936666460666E+00
                          0.9999936522483687E+00
                          0.9999936378261369E+00
                          0.9999936233793436E+00
                          0.9999936089079607E+00
                          0.9999935944119605E+00
                          0.9999935798913149E+00
                          0.9999935653459961E+00
                          0.9999935507759762E+00
                          0.9999935361812272E+00
                          0.9999935215617211E+00
                          0.9999935069174299E+00
                          0.9999934922483258E+00
                          0.9999934775543806E+00
                          0.9999934628355662E+00
                          0.9999934480918549E+00
                          0.9999934333232182E+00
                          0.9999934185296283E+00
                          0.9999934037110570E+00
                          0.9999933888674765E+00
                          0.9999933739988581E+00
                          0.9999933591051742E+00
                          0.9999933441863963E+00
                          0.9999933292424964E+00
                          0.9999933142734463E+00
                          0.9999932992792178E+00
                          0.9999932842597825E+00
                          0.9999932692151124E+00
                          0.9999932541451791E+00
                          0.9999932390499546E+00
                          0.9999932239294103E+00
                          0.9999932087835181E+00
                          0.9999931936122495E+00
                          0.9999931784155763E+00
                          0.9999931631934702E+00
                          0.9999931479459028E+00
                          0.9999931326728456E+00
                          0.9999931173742704E+00
                          0.9999931020501487E+00
                          0.9999930867004521E+00
                          0.9999930713251521E+00
                          0.9999930559242203E+00
                          0.9999930404976283E+00
                          0.9999930250453475E+00
                          0.9999930095673494E+00
                          0.9999929940636055E+00
                          0.9999929785340873E+00
                          0.9999929629787663E+00
                          0.9999929473976138E+00
                          0.9999929317906012E+00
                          0.9999929161577001E+00
                          0.9999929004988819E+00
                          0.9999928848141176E+00
                          0.9999928691033790E+00
                          0.9999928533666371E+00
                          0.9999928376038635E+00
                          0.9999928218150294E+00
                          0.9999928060001060E+00
                          0.9999927901590646E+00
                          0.9999927742918766E+00
                          0.9999927583985131E+00
                          0.9999927424789454E+00
                          0.9999927265331446E+00
                          0.9999927105610822E+00
                          0.9999926945627290E+00
                          0.9999926785380564E+00
                          0.9999926624870356E+00
                          0.9999926464096375E+00
                          0.9999926303058334E+00
                          0.9999926141755944E+00
                          0.9999925980188914E+00
                          0.9999925818356957E+00
                          0.9999925656259783E+00
                          0.9999925493897102E+00
                          0.9999925331268623E+00
                          0.9999925168374059E+00
                          0.9999925005213117E+00
                          0.9999924841785508E+00
                          0.9999924678090942E+00
                          0.9999924514129129E+00
                          0.9999924349899777E+00
                          0.9999924185402596E+00
                          0.9999924020637294E+00
                          0.9999923855603580E+00
                          0.9999923690301163E+00
                          0.9999923524729752E+00
                          0.9999923358889055E+00
                          0.9999923192778780E+00
                          0.9999923026398635E+00
                          0.9999922859748328E+00
                          0.9999922692827566E+00
                          0.9999922525636058E+00
                          0.9999922358173511E+00
                          0.9999922190439631E+00
                          0.9999922022434126E+00
                          0.9999921854156703E+00
                          0.9999921685607068E+00
                          0.9999921516784929E+00
                          0.9999921347689992E+00
                          0.9999921178321962E+00
                          0.9999921008680547E+00
                          0.9999920838765451E+00
                          0.9999920668576382E+00
                          0.9999920498113044E+00
                          0.9999920327375144E+00
                          0.9999920156362385E+00
                          0.9999919985074474E+00
                          0.9999919813511116E+00
                          0.9999919641672015E+00
                          0.9999919469556876E+00
                          0.9999919297165405E+00
                          0.9999919124497304E+00
                          0.9999918951552278E+00
                          0.9999918778330033E+00
                          0.9999918604830270E+00
                          0.9999918431052695E+00
                          0.9999918256997010E+00
                          0.9999918082662920E+00
                          0.9999917908050127E+00
                          0.9999917733158334E+00
                          0.9999917557987246E+00
                          0.9999917382536563E+00
                          0.9999917206805989E+00
                          0.9999917030795228E+00
                          0.9999916854503980E+00
                          0.9999916677931948E+00
                          0.9999916501078835E+00
                          0.9999916323944341E+00
                          0.9999916146528168E+00
                          0.9999915968830020E+00
                          0.9999915790849595E+00
                          0.9999915612586597E+00
                          0.9999915434040726E+00
                          0.9999915255211682E+00
                          0.9999915076099167E+00
                          0.9999914896702882E+00
                          0.9999914717022526E+00
                          0.9999914537057799E+00
                          0.9999914356808403E+00
                          0.9999914176274036E+00
                          0.9999913995454400E+00
                          0.9999913814349194E+00
                          0.9999913632958116E+00
                          0.9999913451280866E+00
                          0.9999913269317144E+00
                          0.9999913087066650E+00
                          0.9999912904529080E+00
                          0.9999912721704134E+00
                          0.9999912538591511E+00
                          0.9999912355190909E+00
                          0.9999912171502027E+00
                          0.9999911987524561E+00
                          0.9999911803258211E+00
                          0.9999911618702674E+00
                          0.9999911433857648E+00
                          0.9999911248722829E+00
                          0.9999911063297917E+00
                          0.9999910877582606E+00
                          0.9999910691576596E+00
                          0.9999910505279581E+00
                          0.9999910318691260E+00
                          0.9999910131811327E+00
                          0.9999909944639480E+00
                          0.9999909757175416E+00
                          0.9999909569418830E+00
                          0.9999909381369417E+00
                          0.9999909193026874E+00
                          0.9999909004390896E+00
                          0.9999908815461178E+00
                          0.9999908626237416E+00
                          0.9999908436719305E+00
                          0.9999908246906539E+00
                          0.9999908056798815E+00
                          0.9999907866395825E+00
                          0.9999907675697265E+00
                          0.9999907484702828E+00
                          0.9999907293412209E+00
                          0.9999907101825102E+00
                          0.9999906909941201E+00
                          0.9999906717760200E+00
                          0.9999906525281790E+00
                          0.9999906332505667E+00
                          0.9999906139431524E+00
                          0.9999905946059052E+00
                          0.9999905752387946E+00
                          0.9999905558417899E+00
                          0.9999905364148601E+00
                          0.9999905169579747E+00
                          0.9999904974711027E+00
                          0.9999904779542135E+00
                          0.9999904584072761E+00
                          0.9999904388302598E+00
                          0.9999904192231338E+00
                          0.9999903995858672E+00
                          0.9999903799184291E+00
                          0.9999903602207886E+00
                          0.9999903404929148E+00
                          0.9999903207347769E+00
                          0.9999903009463438E+00
                          0.9999902811275846E+00
                          0.9999902612784684E+00
                          0.9999902413989641E+00
                          0.9999902214890408E+00
                          0.9999902015486675E+00
                          0.9999901815778132E+00
                          0.9999901615764466E+00
                          0.9999901415445369E+00
                          0.9999901214820529E+00
                          0.9999901013889636E+00
                          0.9999900812652379E+00
                          0.9999900611108445E+00
                          0.9999900409257524E+00
                          0.9999900207099305E+00
                          0.9999900004633475E+00
                          0.9999899801859722E+00
                          0.9999899598777735E+00
                          0.9999899395387202E+00
                          0.9999899191687809E+00
                          0.9999898987679245E+00
                          0.9999898783361197E+00
                          0.9999898578733352E+00
                          0.9999898373795396E+00
                          0.9999898168547018E+00
                          0.9999897962987904E+00
                          0.9999897757117738E+00
                          0.9999897550936211E+00
                          0.9999897344443005E+00
                          0.9999897137637809E+00
                          0.9999896930520307E+00
                          0.9999896723090186E+00
                          0.9999896515347130E+00
                          0.9999896307290826E+00
                          0.9999896098920960E+00
                          0.9999895890237214E+00
                          0.9999895681239276E+00
                          0.9999895471926828E+00
                          0.9999895262299558E+00
                          0.9999895052357149E+00
                          0.9999894842099285E+00
