 ISR
    171.6500
    171.6500
    170.5522
    169.5801
    168.7156
    167.9338
    167.2342
    166.6105
    166.0543
    165.5635
    165.1271
    164.7369
    164.3896
    164.0860
    163.8178
    163.5781
    163.3648
    163.1773
    163.0108
    162.8689
    162.7446
    162.6368
    162.5464
    162.4710
    162.4064
    162.3545
    162.3124
    162.2794
    162.2565
    162.2401
    162.2306
    162.2267
    162.2288
    162.2368
    162.2494
    162.2661
    162.2845
    162.3069
    162.3313
    162.3571
    162.3847
    162.4136
    162.4445
    162.4770
    162.5088
    162.5410
    162.5732
    162.6046
    162.6352
    162.6659
    162.6962
    162.7265
    162.7571
    162.7870
    162.8176
    162.8471
    162.8757
    162.9041
    162.9327
    162.9607
    162.9890
    163.0172
    163.0453
    163.0726
    163.0991
    163.1249
    163.1502
    163.1752
    163.1989
    163.2220
    163.2450
    163.2671
    163.2890
    163.3103
    163.3311
    163.3517
    163.3719
    163.3913
    163.4112
    163.4305
    163.4495
    163.4668
    163.4843
    163.5009
    163.5169
    163.5327
    163.5475
    163.5629
    163.5773
    163.5912
    163.6050
    163.6185
    163.6314
    163.6432
    163.6555
    163.6666
    163.6784
    163.6891
    163.7005
    163.7111
    163.7218
    163.7326
    163.7433
    163.7541
    163.7651
    163.7759
    163.7867
    163.7974
    163.8087
    163.8192
    163.8295
    163.8396
    163.8497
    163.8593
    163.8690
    163.8779
    163.8869
    163.8952
    163.9042
    163.9122
    163.9211
    163.9288
    163.9378
    163.9461
    163.9543
    163.9618
    163.9701
    163.9780
    163.9862
    163.9942
    164.0028
    164.0110
    164.0191
    164.0269
    164.0337
    164.0407
    164.0479
    164.0549
    164.0620
    164.0687
    164.0756
    164.0817
    164.0878
    164.0930
    164.0987
    164.1039
    164.1099
    164.1158
    164.1219
    164.1277
    164.1337
    164.1395
    164.1449
    164.1498
    164.1548
    164.1605
    164.1667
    164.1726
    164.1789
    164.1849
    164.1914
    164.1979
    164.2042
    164.2107
    164.2168
    164.2230
    164.2293
    164.2357
    164.2422
    164.2486
    164.2547
    164.2607
    164.2668
    164.2727
    164.2785
    164.2849
    164.2915
    164.2984
    164.3052
    164.3121
    164.3184
    164.3248
    164.3310
    164.3371
    164.3432
    164.3493
    164.3556
    164.3619
    164.3682
    164.3744
    164.3806
    164.3866
    164.3925
    164.3982
    164.4043
    164.4104
    164.4167
    164.4222
    164.4285
    164.4339
    164.4401
    164.4452
    164.4513
    164.4562
    164.4621
    164.4672
    164.4727
    164.4776
    164.4834
    164.4887
    164.4946
    164.4999
    164.5054
    164.5108
    164.5164
    164.5222
    164.5285
    164.5342
    164.5402
    164.5462
    164.5521
    164.5572
    164.5631
    164.5686
    164.5745
    164.5801
    164.5860
    164.5920
    164.5982
    164.6040
    164.6100
    164.6155
    164.6209
    164.6263
    164.6313
    164.6363
    164.6409
    164.6453
    164.6495
    164.6535
    164.6576
    164.6618
    164.6653
    164.6686
    164.6714
    164.6738
    164.6757
    164.6777
    164.6788
    164.6802
    164.6810
    164.6818
    164.6825
    164.6832
    164.6838
    164.6844
    164.6849
    164.6855
    164.6859
    164.6864
    164.6868
    164.6873
    164.6876
    164.6880
    164.6883
    164.6887
    164.6890
    164.6893
    164.6895
    164.6898
    164.6900
    164.6903
    164.6904
    164.6907
    164.6908
    164.6910
    164.6912
    164.6914
    164.6915
    164.6916
    164.6917
    164.6919
    164.6920
    164.6921
    164.6922
    164.6923
    164.6924
    164.6925
    164.6925
    164.6926
    164.6927
    164.6928
    164.6928
    164.6929
    164.6929
    164.6930
    164.6930
    164.6931
    164.6931
    164.6930
    164.6926
    164.6920
    164.6916
    164.6911
    164.6906
    164.6902
    164.6898
    164.6894
    164.6891
    164.6887
    164.6885
    164.6881
    164.6879
    164.6876
    164.6874
    164.6871
    164.6869
    164.6867
    164.6865
    164.6863
    164.6862
    164.6860
    164.6859
    164.6857
    164.6856
    164.6854
    164.6854
    164.6852
    164.6852
    164.6850
    164.6850
    164.6848
    164.6848
    164.6847
    164.6846
    164.6845
    164.6845
    164.6844
    164.6844
    164.6843
    164.6843
    164.6842
    164.6842
    164.6841
    164.6841
    164.6841
    164.6841
    164.6840
    164.6840
    164.6839
    164.6839
    164.6839
    164.6839
    164.6838
    164.6838
    164.6838
    164.6838
    164.6837
    164.6838
    164.6837
    164.6837
    164.6837
    164.6837
    164.6837
    164.6837
    164.6836
    164.6837
    164.6836
    164.6836
    164.6836
    164.6836
    164.6836
    164.6836
    164.6836
    164.6836
    164.6836
    164.6836
    164.6835
    164.6836
    164.6835
    164.6836
    164.6835
    164.6836
    164.6835
    164.6836
    164.6835
    164.6835
    164.6835
    164.6835
    164.6835
    164.6835
    164.6835
    164.6835
    164.6835
    164.6835
    164.6835
    164.6835
    164.6835
    164.6835
    164.6835
    164.6835
    164.6835
    164.6835
    164.6835
    164.6835
    164.6835
    164.6835
    164.6835
    164.6835
    164.6835
    164.6835
    164.6835
    164.6835
    164.6835
    164.6835
    164.6835
    164.6835
    164.6835
    164.6835
    164.6835
    164.6835
    164.6835
    164.6835
    164.6835
    164.6835
    164.6835
    164.6835
    164.6835
    164.6835
    164.6835
    164.6835
    164.6835
    164.6835
    164.6835
    164.6835
    164.6835
    164.6835
    164.6835
    164.6835
    164.6835
    164.6835
    164.6835
    164.6835
    164.6835
    164.6835
    164.6835
    164.6835
    164.6835
    164.6835
    164.6835
    164.6835
    164.6835
    164.6835
    164.6835
    164.6835
    164.6835
    164.6835
    164.6835
    164.6835
    164.6835
    164.6835
    164.6835
    164.6835
    164.6835
    164.6835
    164.6835
    164.6835
    164.6835
    164.6835
    164.6835
    164.6835
    164.6835
    164.6835
    164.6835
    164.6835
    164.6835
    164.6835
    164.6835
    164.6835
    164.6835
    164.6835
    164.6835
    164.6835
    164.6835
    164.6835
    164.6835
    164.6835
    164.6835
    164.6835
    164.6835
    164.6835
    164.6835
    164.6835
    164.6835
    164.6835
    164.6835
    164.6835
    164.6835
    164.6835
    164.6835
