 Outgoing longwave flux vs. time [W/m2]
  0.1107E+03
  0.1194E+03
  0.1227E+03
  0.1253E+03
  0.1275E+03
  0.1297E+03
  0.1318E+03
  0.1336E+03
  0.1354E+03
  0.1369E+03
  0.1381E+03
  0.1393E+03
  0.1405E+03
  0.1415E+03
  0.1422E+03
  0.1429E+03
  0.1436E+03
  0.1442E+03
  0.1449E+03
  0.1454E+03
  0.1459E+03
  0.1464E+03
  0.1468E+03
  0.1472E+03
  0.1476E+03
  0.1478E+03
  0.1481E+03
  0.1485E+03
  0.1487E+03
  0.1489E+03
  0.1491E+03
  0.1494E+03
  0.1496E+03
  0.1498E+03
  0.1500E+03
  0.1500E+03
  0.1502E+03
  0.1503E+03
  0.1504E+03
  0.1505E+03
  0.1505E+03
  0.1507E+03
  0.1508E+03
  0.1507E+03
  0.1508E+03
  0.1508E+03
  0.1508E+03
  0.1508E+03
  0.1509E+03
  0.1509E+03
  0.1509E+03
  0.1510E+03
  0.1510E+03
  0.1510E+03
  0.1510E+03
  0.1510E+03
  0.1510E+03
  0.1511E+03
  0.1511E+03
  0.1511E+03
  0.1511E+03
  0.1512E+03
  0.1512E+03
  0.1512E+03
  0.1512E+03
  0.1512E+03
  0.1512E+03
  0.1512E+03
  0.1512E+03
  0.1512E+03
  0.1512E+03
  0.1512E+03
  0.1512E+03
  0.1512E+03
  0.1512E+03
  0.1512E+03
  0.1512E+03
  0.1512E+03
  0.1512E+03
  0.1512E+03
  0.1512E+03
  0.1512E+03
  0.1512E+03
  0.1512E+03
  0.1512E+03
  0.1512E+03
  0.1512E+03
  0.1512E+03
  0.1512E+03
  0.1512E+03
  0.1512E+03
  0.1512E+03
  0.1512E+03
  0.1512E+03
  0.1512E+03
  0.1512E+03
  0.1512E+03
  0.1512E+03
  0.1512E+03
  0.1512E+03
  0.1512E+03
  0.1512E+03
  0.1512E+03
  0.1512E+03
  0.1513E+03
  0.1513E+03
  0.1513E+03
  0.1513E+03
  0.1513E+03
  0.1513E+03
  0.1513E+03
  0.1513E+03
  0.1513E+03
  0.1513E+03
  0.1513E+03
  0.1513E+03
  0.1513E+03
  0.1513E+03
  0.1513E+03
  0.1513E+03
  0.1513E+03
  0.1513E+03
  0.1513E+03
  0.1513E+03
  0.1513E+03
  0.1513E+03
  0.1513E+03
  0.1513E+03
  0.1514E+03
  0.1514E+03
  0.1514E+03
  0.1514E+03
  0.1514E+03
  0.1513E+03
  0.1514E+03
  0.1514E+03
  0.1514E+03
  0.1514E+03
  0.1514E+03
  0.1514E+03
  0.1514E+03
  0.1514E+03
  0.1513E+03
  0.1514E+03
  0.1513E+03
  0.1514E+03
  0.1514E+03
  0.1514E+03
  0.1514E+03
  0.1514E+03
  0.1514E+03
  0.1514E+03
  0.1514E+03
  0.1514E+03
  0.1514E+03
  0.1514E+03
  0.1514E+03
  0.1514E+03
  0.1514E+03
  0.1515E+03
  0.1515E+03
  0.1515E+03
  0.1515E+03
  0.1515E+03
  0.1515E+03
  0.1515E+03
  0.1515E+03
  0.1515E+03
  0.1515E+03
  0.1515E+03
  0.1515E+03
  0.1515E+03
  0.1515E+03
  0.1515E+03
  0.1515E+03
  0.1515E+03
  0.1516E+03
  0.1516E+03
  0.1516E+03
  0.1516E+03
  0.1516E+03
  0.1516E+03
  0.1516E+03
  0.1516E+03
  0.1516E+03
  0.1516E+03
  0.1516E+03
  0.1516E+03
  0.1516E+03
  0.1516E+03
  0.1516E+03
  0.1516E+03
  0.1516E+03
  0.1516E+03
  0.1516E+03
  0.1516E+03
  0.1516E+03
  0.1517E+03
  0.1516E+03
  0.1517E+03
  0.1516E+03
  0.1517E+03
  0.1516E+03
  0.1517E+03
  0.1516E+03
  0.1517E+03
  0.1516E+03
  0.1517E+03
  0.1517E+03
  0.1517E+03
  0.1517E+03
  0.1517E+03
  0.1517E+03
  0.1517E+03
  0.1517E+03
  0.1517E+03
  0.1517E+03
  0.1517E+03
  0.1518E+03
  0.1517E+03
  0.1517E+03
  0.1518E+03
  0.1517E+03
  0.1518E+03
  0.1518E+03
  0.1518E+03
  0.1518E+03
  0.1518E+03
  0.1518E+03
  0.1518E+03
  0.1518E+03
  0.1518E+03
  0.1518E+03
  0.1518E+03
  0.1518E+03
  0.1518E+03
  0.1518E+03
  0.1518E+03
  0.1518E+03
  0.1518E+03
  0.1518E+03
  0.1518E+03
  0.1517E+03
  0.1517E+03
  0.1517E+03
  0.1517E+03
  0.1517E+03
  0.1517E+03
  0.1517E+03
  0.1517E+03
  0.1517E+03
  0.1517E+03
  0.1517E+03
  0.1517E+03
  0.1517E+03
  0.1517E+03
  0.1517E+03
  0.1517E+03
  0.1517E+03
  0.1517E+03
  0.1517E+03
  0.1517E+03
  0.1517E+03
  0.1517E+03
  0.1517E+03
  0.1517E+03
  0.1517E+03
  0.1517E+03
  0.1517E+03
  0.1517E+03
  0.1517E+03
  0.1517E+03
  0.1517E+03
  0.1517E+03
  0.1517E+03
  0.1517E+03
  0.1517E+03
  0.1517E+03
  0.1517E+03
  0.1517E+03
  0.1517E+03
  0.1517E+03
  0.1517E+03
  0.1517E+03
  0.1517E+03
  0.1517E+03
  0.1517E+03
  0.1517E+03
  0.1517E+03
  0.1517E+03
  0.1517E+03
  0.1517E+03
  0.1517E+03
  0.1517E+03
  0.1517E+03
  0.1517E+03
  0.1517E+03
  0.1517E+03
  0.1517E+03
  0.1516E+03
  0.1516E+03
  0.1516E+03
  0.1516E+03
  0.1516E+03
  0.1516E+03
  0.1516E+03
  0.1516E+03
  0.1516E+03
  0.1516E+03
  0.1516E+03
  0.1516E+03
  0.1516E+03
  0.1516E+03
  0.1516E+03
  0.1516E+03
  0.1516E+03
  0.1516E+03
  0.1516E+03
  0.1516E+03
  0.1516E+03
  0.1516E+03
  0.1516E+03
  0.1516E+03
  0.1516E+03
  0.1516E+03
  0.1516E+03
  0.1516E+03
  0.1516E+03
  0.1516E+03
  0.1516E+03
  0.1516E+03
  0.1516E+03
  0.1516E+03
  0.1516E+03
  0.1516E+03
  0.1516E+03
  0.1516E+03
  0.1516E+03
  0.1516E+03
  0.1516E+03
  0.1516E+03
  0.1516E+03
  0.1516E+03
  0.1516E+03
  0.1516E+03
  0.1516E+03
  0.1516E+03
  0.1516E+03
  0.1516E+03
  0.1516E+03
  0.1516E+03
  0.1516E+03
  0.1516E+03
  0.1516E+03
  0.1516E+03
  0.1516E+03
  0.1516E+03
  0.1516E+03
  0.1516E+03
  0.1516E+03
  0.1516E+03
  0.1516E+03
  0.1516E+03
  0.1516E+03
  0.1516E+03
  0.1516E+03
  0.1516E+03
  0.1516E+03
  0.1516E+03
  0.1516E+03
  0.1516E+03
  0.1516E+03
  0.1516E+03
  0.1516E+03
  0.1516E+03
  0.1516E+03
  0.1516E+03
  0.1516E+03
  0.1516E+03
  0.1516E+03
  0.1516E+03
  0.1516E+03
  0.1516E+03
  0.1516E+03
  0.1516E+03
  0.1516E+03
  0.1516E+03
  0.1516E+03
  0.1516E+03
  0.1516E+03
  0.1516E+03
  0.1516E+03
  0.1516E+03
  0.1516E+03
  0.1516E+03
  0.1516E+03
  0.1516E+03
  0.1516E+03
  0.1516E+03
  0.1516E+03
  0.1516E+03
  0.1516E+03
  0.1516E+03
  0.1516E+03
  0.1516E+03
  0.1516E+03
  0.1516E+03
  0.1516E+03
  0.1516E+03
  0.1516E+03
  0.1516E+03
  0.1516E+03
  0.1516E+03
  0.1516E+03
  0.1516E+03
  0.1516E+03
  0.1516E+03
  0.1516E+03
  0.1516E+03
  0.1516E+03
  0.1516E+03
  0.1516E+03
  0.1516E+03
  0.1516E+03
  0.1516E+03
  0.1516E+03
  0.1516E+03
  0.1516E+03
  0.1516E+03
  0.1516E+03
  0.1516E+03
  0.1516E+03
  0.1516E+03
  0.1516E+03
  0.1516E+03
  0.1516E+03
  0.1516E+03
  0.1516E+03
  0.1516E+03
  0.1516E+03
  0.1516E+03
  0.1516E+03
  0.1516E+03
  0.1516E+03
  0.1516E+03
  0.1516E+03
  0.1516E+03
  0.1516E+03
  0.1516E+03
  0.1516E+03
  0.1516E+03
  0.1516E+03
  0.1516E+03
  0.1516E+03
  0.1516E+03
  0.1516E+03
  0.1516E+03
  0.1516E+03
  0.1516E+03
  0.1516E+03
  0.1516E+03
  0.1516E+03
  0.1516E+03
  0.1516E+03
  0.1516E+03
  0.1516E+03
  0.1516E+03
  0.1516E+03
  0.1516E+03
  0.1516E+03
  0.1516E+03
  0.1516E+03
  0.1516E+03
  0.1516E+03
  0.1516E+03
  0.1516E+03
  0.1516E+03
  0.1516E+03
  0.1516E+03
  0.1516E+03
  0.1516E+03
  0.1516E+03
  0.1516E+03
  0.1516E+03
  0.1516E+03
  0.1516E+03
  0.1516E+03
  0.1516E+03
  0.1516E+03
  0.1516E+03
  0.1516E+03
  0.1516E+03
  0.1516E+03
  0.1516E+03
  0.1516E+03
  0.1516E+03
  0.1516E+03
  0.1516E+03
  0.1516E+03
  0.1516E+03
