 Spectral outgoing longwave flux [W/m2/cm^-1]
  0.6748E-05
  0.3385E-04
  0.8110E-04
  0.1476E-03
  0.2288E-03
  0.3360E-03
  0.4556E-03
  0.5905E-03
  0.7253E-03
  0.8749E-03
  0.1058E-02
  0.1222E-02
  0.1429E-02
  0.1598E-02
  0.1782E-02
  0.2061E-02
  0.2397E-02
  0.2703E-02
  0.2958E-02
  0.3054E-02
  0.3499E-02
  0.3960E-02
  0.4336E-02
  0.4676E-02
  0.4982E-02
  0.5169E-02
  0.5518E-02
  0.5973E-02
  0.6177E-02
  0.6759E-02
  0.7197E-02
  0.7446E-02
  0.7749E-02
  0.8623E-02
  0.9220E-02
  0.9729E-02
  0.1006E-01
  0.1023E-01
  0.1116E-01
  0.1174E-01
  0.1219E-01
  0.1254E-01
  0.1319E-01
  0.1341E-01
  0.1432E-01
  0.1315E-01
  0.1502E-01
  0.1558E-01
  0.1653E-01
  0.1731E-01
  0.1739E-01
  0.1818E-01
  0.1923E-01
  0.1955E-01
  0.1993E-01
  0.2069E-01
  0.2123E-01
  0.2199E-01
  0.2277E-01
  0.2308E-01
  0.2374E-01
  0.2466E-01
  0.2505E-01
  0.2443E-01
  0.2653E-01
  0.2813E-01
  0.2820E-01
  0.2899E-01
  0.2939E-01
  0.3024E-01
  0.3163E-01
  0.3165E-01
  0.3218E-01
  0.3401E-01
  0.3390E-01
  0.3443E-01
  0.3622E-01
  0.3592E-01
  0.3719E-01
  0.3798E-01
  0.3879E-01
  0.3885E-01
  0.3961E-01
  0.4186E-01
  0.4131E-01
  0.4196E-01
  0.4336E-01
  0.4377E-01
  0.4562E-01
  0.4522E-01
  0.4701E-01
  0.4819E-01
  0.4892E-01
  0.4913E-01
  0.4942E-01
  0.5012E-01
  0.5047E-01
  0.5258E-01
  0.5222E-01
  0.5319E-01
  0.5391E-01
  0.5687E-01
  0.5526E-01
  0.5654E-01
  0.5692E-01
  0.6000E-01
  0.5976E-01
  0.5975E-01
  0.6113E-01
  0.6178E-01
  0.6179E-01
  0.6255E-01
  0.6423E-01
  0.6511E-01
  0.6666E-01
  0.6737E-01
  0.6762E-01
  0.6779E-01
  0.6992E-01
  0.7127E-01
  0.7281E-01
  0.7066E-01
  0.7335E-01
  0.7250E-01
  0.7400E-01
  0.7347E-01
  0.7455E-01
  0.7778E-01
  0.7929E-01
  0.7993E-01
  0.8124E-01
  0.8176E-01
  0.8009E-01
  0.8066E-01
  0.8236E-01
  0.8384E-01
  0.8425E-01
  0.8329E-01
  0.7918E-01
  0.8554E-01
  0.8735E-01
  0.8961E-01
  0.8708E-01
  0.9040E-01
  0.8867E-01
  0.9236E-01
  0.9259E-01
  0.9554E-01
  0.9576E-01
  0.9333E-01
  0.9408E-01
  0.9743E-01
  0.1004E+00
  0.1014E+00
  0.9792E-01
  0.9976E-01
  0.1006E+00
  0.1008E+00
  0.1028E+00
  0.1014E+00
  0.1003E+00
  0.1065E+00
  0.1037E+00
  0.1028E+00
  0.1046E+00
  0.1039E+00
  0.1060E+00
  0.1057E+00
  0.1073E+00
  0.1103E+00
  0.1088E+00
  0.1088E+00
  0.1158E+00
  0.1179E+00
  0.1179E+00
  0.1158E+00
  0.1114E+00
  0.1121E+00
  0.1121E+00
  0.1156E+00
  0.1166E+00
  0.1158E+00
  0.1153E+00
  0.1191E+00
  0.1225E+00
  0.1261E+00
  0.1251E+00
  0.1318E+00
  0.1335E+00
  0.1347E+00
  0.1355E+00
  0.1360E+00
  0.1358E+00
  0.1346E+00
  0.1312E+00
  0.1238E+00
  0.1249E+00
  0.1238E+00
  0.1243E+00
  0.1312E+00
  0.1295E+00
  0.1300E+00
  0.1291E+00
  0.1271E+00
  0.1320E+00
  0.1404E+00
  0.1450E+00
  0.1480E+00
  0.1501E+00
  0.1513E+00
  0.1488E+00
  0.1491E+00
  0.1318E+00
  0.1482E+00
  0.1549E+00
  0.1570E+00
  0.1576E+00
  0.1570E+00
  0.1555E+00
  0.1507E+00
  0.1389E+00
  0.1398E+00
  0.1361E+00
  0.1418E+00
  0.1424E+00
  0.1421E+00
  0.1471E+00
  0.1561E+00
  0.1602E+00
  0.1599E+00
  0.1496E+00
  0.1405E+00
  0.1556E+00
  0.1667E+00
  0.1709E+00
  0.1727E+00
  0.1731E+00
  0.1732E+00
  0.1597E+00
  0.1677E+00
  0.1591E+00
  0.1472E+00
  0.1455E+00
  0.1633E+00
  0.1708E+00
  0.1782E+00
  0.1806E+00
  0.1766E+00
  0.1844E+00
  0.1841E+00
  0.1787E+00
  0.1544E+00
  0.1760E+00
  0.1853E+00
  0.1869E+00
  0.1853E+00
  0.1799E+00
  0.1694E+00
  0.1584E+00
  0.1645E+00
  0.1738E+00
  0.1536E+00
  0.1663E+00
  0.1839E+00
  0.1892E+00
  0.1887E+00
  0.1802E+00
  0.1541E+00
  0.1706E+00
  0.1882E+00
  0.1937E+00
  0.1857E+00
  0.1779E+00
  0.1949E+00
  0.1864E+00
  0.2011E+00
  0.1860E+00
  0.2016E+00
  0.1934E+00
  0.1589E+00
  0.1839E+00
  0.1743E+00
  0.1826E+00
  0.1691E+00
  0.1884E+00
  0.1662E+00
  0.1747E+00
  0.2045E+00
  0.2118E+00
  0.2145E+00
  0.2177E+00
  0.2194E+00
  0.2194E+00
  0.2165E+00
  0.2069E+00
  0.1659E+00
  0.2006E+00
  0.2127E+00
  0.2059E+00
  0.1833E+00
  0.1813E+00
  0.2139E+00
  0.2054E+00
  0.2257E+00
  0.2246E+00
  0.2220E+00
  0.2039E+00
  0.1624E+00
  0.1926E+00
  0.2194E+00
  0.2284E+00
  0.2290E+00
  0.2328E+00
  0.2301E+00
  0.2178E+00
  0.2105E+00
  0.1889E+00
  0.1630E+00
  0.2025E+00
  0.2119E+00
  0.2240E+00
  0.2362E+00
  0.2409E+00
  0.2429E+00
  0.2441E+00
  0.2466E+00
  0.2473E+00
  0.2473E+00
  0.2468E+00
  0.2449E+00
  0.2415E+00
  0.2337E+00
  0.2267E+00
  0.2081E+00
  0.1622E+00
  0.1603E+00
  0.2079E+00
  0.2236E+00
  0.2271E+00
  0.2349E+00
  0.2221E+00
  0.2441E+00
  0.2489E+00
  0.2431E+00
  0.1865E+00
  0.2410E+00
  0.2539E+00
  0.2458E+00
  0.2450E+00
  0.2553E+00
  0.2558E+00
  0.2476E+00
  0.2215E+00
  0.1873E+00
  0.2218E+00
  0.2522E+00
  0.2541E+00
  0.2516E+00
  0.2653E+00
  0.2647E+00
  0.2612E+00
  0.2449E+00
  0.2454E+00
  0.2474E+00
  0.2288E+00
  0.1948E+00
  0.2087E+00
  0.2396E+00
  0.2509E+00
  0.2618E+00
  0.2660E+00
  0.2700E+00
  0.2675E+00
  0.2641E+00
  0.2578E+00
  0.2561E+00
  0.2327E+00
  0.1786E+00
  0.2218E+00
  0.2527E+00
  0.2641E+00
  0.2720E+00
  0.2748E+00
  0.2729E+00
  0.2631E+00
  0.2521E+00
  0.2070E+00
  0.2273E+00
  0.2492E+00
  0.2719E+00
  0.2776E+00
  0.2752E+00
  0.2616E+00
  0.2273E+00
  0.2725E+00
  0.2808E+00
  0.2827E+00
  0.2803E+00
  0.2791E+00
  0.2701E+00
  0.2527E+00
  0.1768E+00
  0.2499E+00
  0.2558E+00
  0.2332E+00
  0.2059E+00
  0.2101E+00
  0.2422E+00
  0.2365E+00
  0.2257E+00
  0.2371E+00
  0.2376E+00
  0.2240E+00
  0.2070E+00
  0.1943E+00
  0.1634E+00
  0.1907E+00
  0.2022E+00
  0.2008E+00
  0.1878E+00
  0.1563E+00
  0.1462E+00
  0.1691E+00
  0.1814E+00
  0.1812E+00
  0.1675E+00
  0.1435E+00
  0.1510E+00
  0.1592E+00
  0.1781E+00
  0.1729E+00
  0.1548E+00
  0.1522E+00
  0.1680E+00
  0.1462E+00
  0.1529E+00
  0.1389E+00
  0.1561E+00
  0.1580E+00
  0.1442E+00
  0.1519E+00
  0.1641E+00
  0.1630E+00
  0.1478E+00
  0.1375E+00
  0.1528E+00
  0.1617E+00
  0.1528E+00
  0.1365E+00
  0.1425E+00
  0.1429E+00
  0.1433E+00
  0.1372E+00
  0.1351E+00
  0.1348E+00
  0.1325E+00
  0.1322E+00
  0.1336E+00
  0.1323E+00
  0.1354E+00
  0.1453E+00
  0.1314E+00
  0.1324E+00
  0.1477E+00
  0.1435E+00
  0.1430E+00
  0.1448E+00
  0.1392E+00
  0.1469E+00
  0.8342E-01
  0.1475E+00
  0.1459E+00
  0.1475E+00
  0.1469E+00
  0.1304E+00
  0.1431E+00
  0.1424E+00
  0.9157E-01
  0.1264E+00
  0.1247E+00
  0.1111E+00
  0.1404E+00
  0.1339E+00
  0.1075E+00
  0.1191E+00
  0.1089E+00
  0.1333E+00
  0.1263E+00
  0.9632E-01
  0.1132E+00
  0.1267E+00
  0.1210E+00
  0.1189E+00
  0.6110E-01
  0.1084E+00
  0.1205E+00
  0.1023E+00
  0.9626E-01
  0.1055E+00
  0.1155E+00
  0.1096E+00
  0.8709E-01
  0.9096E-01
  0.9059E-01
  0.9743E-01
  0.8609E-01
  0.7260E-01
  0.7577E-01
  0.5653E-01
  0.8630E-01
  0.8013E-01
  0.5337E-01
  0.7719E-01
  0.6797E-01
  0.7402E-01
  0.7552E-01
  0.6226E-01
  0.5053E-01
  0.4940E-01
  0.2050E-01
  0.6578E-01
  0.5990E-01
  0.5071E-01
  0.5267E-01
  0.6079E-01
  0.6225E-01
  0.5919E-01
  0.5182E-01
  0.4867E-01
  0.5212E-01
  0.5991E-01
  0.4618E-01
  0.3247E-01
  0.3865E-01
  0.4689E-01
  0.4461E-01
  0.5015E-01
  0.5579E-01
  0.5641E-01
  0.4901E-01
  0.3967E-01
  0.4923E-01
  0.5649E-01
  0.5690E-01
  0.4943E-01
  0.4028E-01
  0.5483E-01
  0.5826E-01
  0.5904E-01
  0.4831E-01
  0.5095E-01
  0.6403E-01
  0.6599E-01
  0.6231E-01
  0.3811E-01
  0.6704E-01
  0.7247E-01
  0.7162E-01
  0.6184E-01
  0.7049E-01
  0.7472E-01
  0.8241E-01
  0.7612E-01
  0.7202E-01
  0.8911E-01
  0.7629E-01
  0.9201E-01
  0.6794E-01
  0.7388E-01
  0.8266E-01
  0.7897E-01
  0.8936E-01
  0.7089E-01
  0.9672E-01
  0.7987E-01
  0.5384E-01
  0.6691E-01
  0.7430E-01
  0.9654E-01
  0.1007E+00
  0.1009E+00
  0.9185E-01
  0.3951E-01
  0.8960E-01
  0.9841E-01
  0.7223E-01
  0.9390E-01
  0.7529E-01
  0.8307E-01
  0.9884E-01
  0.6812E-01
  0.9271E-01
  0.9459E-01
  0.4809E-01
  0.9951E-01
  0.1040E+00
  0.1037E+00
  0.1035E+00
  0.1031E+00
  0.6853E-01
  0.7426E-01
  0.9519E-01
  0.9164E-01
  0.9228E-01
  0.9910E-01
  0.9648E-01
  0.8850E-01
  0.8322E-01
  0.8174E-01
  0.8113E-01
  0.8180E-01
  0.8782E-01
  0.8180E-01
  0.8084E-01
  0.8338E-01
  0.8161E-01
  0.8339E-01
  0.8203E-01
  0.8539E-01
  0.8893E-01
  0.8127E-01
  0.8453E-01
  0.8066E-01
  0.8604E-01
  0.8590E-01
  0.7842E-01
  0.8304E-01
  0.8221E-01
  0.8827E-01
  0.8524E-01
  0.8002E-01
  0.7704E-01
  0.7608E-01
  0.8092E-01
  0.7425E-01
  0.8017E-01
  0.8266E-01
  0.7831E-01
  0.7496E-01
  0.7256E-01
  0.7862E-01
  0.8169E-01
  0.7683E-01
  0.7212E-01
  0.7100E-01
  0.8010E-01
  0.8522E-01
  0.8121E-01
  0.7039E-01
  0.7093E-01
  0.8809E-01
  0.9682E-01
  0.9424E-01
  0.7839E-01
  0.7792E-01
  0.1060E+00
  0.1187E+00
  0.1189E+00
  0.1029E+00
  0.1032E+00
  0.1377E+00
  0.1327E+00
  0.9304E-01
  0.1283E+00
  0.1473E+00
  0.1727E+00
  0.1805E+00
  0.1850E+00
  0.1755E+00
  0.1921E+00
  0.1907E+00
  0.1867E+00
  0.1875E+00
  0.2014E+00
  0.2098E+00
  0.2030E+00
  0.1956E+00
  0.2092E+00
  0.2282E+00
  0.2194E+00
  0.2175E+00
  0.2117E+00
  0.2387E+00
  0.2422E+00
  0.2312E+00
  0.2227E+00
  0.2499E+00
  0.2585E+00
  0.2480E+00
  0.2205E+00
  0.1549E+00
  0.1431E+00
  0.2305E+00
  0.2585E+00
  0.2657E+00
  0.2650E+00
  0.2501E+00
  0.2463E+00
  0.2569E+00
  0.2564E+00
  0.2499E+00
  0.2440E+00
  0.2246E+00
  0.2420E+00
  0.2471E+00
  0.2111E+00
  0.2292E+00
  0.2214E+00
  0.1820E+00
  0.2124E+00
  0.2047E+00
  0.1610E+00
  0.1823E+00
  0.1883E+00
  0.1553E+00
  0.1503E+00
  0.1718E+00
  0.1532E+00
  0.1069E+00
  0.1508E+00
  0.1422E+00
  0.1193E+00
  0.1149E+00
  0.1255E+00
  0.1251E+00
  0.1222E+00
  0.1028E+00
  0.1173E+00
  0.1268E+00
  0.1127E+00
  0.1210E+00
  0.1031E+00
  0.1111E+00
  0.9023E-01
  0.8242E-01
  0.9656E-01
  0.9006E-01
  0.9200E-01
  0.9615E-01
  0.6652E-01
  0.8615E-01
  0.6790E-01
  0.6948E-01
  0.7893E-01
  0.4976E-01
  0.7072E-01
  0.7044E-01
  0.4582E-01
  0.6384E-01
  0.6069E-01
  0.4447E-01
  0.5982E-01
  0.5560E-01
  0.4838E-01
  0.5348E-01
  0.5340E-01
  0.4364E-01
  0.4652E-01
  0.5186E-01
  0.4501E-01
  0.4417E-01
  0.4794E-01
  0.4996E-01
  0.4330E-01
  0.4312E-01
  0.4948E-01
  0.5582E-01
  0.5597E-01
  0.6458E-01
  0.5879E-01
  0.4664E-01
  0.4210E-01
  0.4009E-01
  0.4185E-01
  0.4392E-01
  0.4420E-01
  0.4319E-01
  0.4151E-01
  0.3988E-01
  0.3878E-01
  0.3827E-01
  0.3811E-01
  0.3797E-01
  0.3829E-01
  0.4026E-01
  0.4460E-01
  0.5075E-01
  0.5671E-01
  0.6211E-01
  0.6215E-01
  0.5281E-01
  0.7179E-01
  0.8040E-01
  0.9145E-01
  0.1064E+00
  0.1037E+00
  0.1322E+00
  0.1329E+00
  0.1152E+00
  0.1488E+00
  0.1356E+00
  0.1041E+00
  0.1425E+00
  0.1366E+00
  0.8827E-01
  0.1249E+00
  0.1372E+00
  0.1076E+00
  0.9979E-01
  0.9909E-01
  0.1295E+00
  0.1047E+00
  0.1050E+00
  0.1137E+00
  0.8248E-01
  0.9183E-01
  0.5030E-01
  0.8238E-01
  0.6756E-01
  0.6284E-01
  0.6612E-01
  0.3430E-01
  0.5399E-01
  0.4458E-01
  0.4175E-01
  0.4793E-01
  0.3154E-01
  0.4243E-01
  0.4299E-01
  0.3038E-01
  0.4139E-01
  0.3635E-01
  0.2948E-01
  0.3714E-01
  0.3227E-01
  0.2918E-01
  0.3373E-01
  0.3098E-01
  0.3446E-01
  0.3064E-01
  0.3088E-01
  0.2934E-01
  0.2807E-01
  0.3045E-01
  0.2871E-01
  0.3389E-01
  0.2798E-01
  0.3075E-01
  0.3049E-01
  0.2784E-01
  0.3758E-01
  0.3207E-01
  0.2954E-01
  0.2691E-01
  0.2698E-01
  0.2753E-01
  0.2722E-01
  0.2642E-01
  0.2579E-01
  0.2614E-01
  0.2785E-01
  0.3099E-01
  0.3255E-01
  0.2852E-01
  0.3181E-01
  0.2731E-01
  0.2472E-01
  0.2566E-01
  0.2868E-01
  0.3174E-01
  0.3315E-01
  0.3086E-01
  0.2976E-01
  0.4099E-01
  0.4671E-01
  0.4655E-01
  0.6151E-01
  0.6421E-01
  0.7510E-01
  0.8910E-01
  0.1035E+00
  0.1170E+00
  0.1314E+00
  0.1447E+00
  0.1526E+00
  0.1616E+00
  0.1743E+00
  0.1799E+00
  0.1756E+00
  0.1837E+00
  0.1910E+00
  0.1931E+00
  0.1942E+00
  0.1940E+00
  0.1936E+00
  0.1907E+00
  0.1661E+00
  0.1891E+00
  0.1918E+00
  0.1917E+00
  0.1911E+00
  0.1906E+00
  0.1900E+00
  0.1892E+00
  0.1886E+00
  0.1871E+00
  0.1825E+00
  0.1624E+00
  0.1422E+00
  0.1603E+00
  0.1799E+00
  0.1838E+00
  0.1840E+00
  0.1837E+00
  0.1832E+00
  0.1827E+00
  0.1820E+00
  0.1808E+00
  0.1750E+00
  0.1665E+00
  0.1722E+00
  0.1661E+00
  0.1765E+00
  0.1774E+00
  0.1775E+00
  0.1769E+00
  0.1763E+00
  0.1757E+00
  0.1748E+00
  0.1732E+00
  0.1689E+00
  0.1513E+00
  0.1556E+00
  0.1680E+00
  0.1693E+00
  0.1676E+00
  0.1640E+00
  0.1533E+00
  0.1239E+00
  0.1015E+00
  0.1431E+00
  0.1580E+00
  0.1611E+00
  0.1632E+00
  0.1617E+00
  0.1628E+00
  0.1601E+00
  0.1526E+00
  0.1295E+00
  0.1090E+00
  0.1440E+00
  0.1544E+00
  0.1550E+00
  0.1572E+00
  0.1539E+00
  0.1551E+00
  0.1491E+00
  0.1298E+00
  0.1174E+00
  0.1432E+00
  0.1489E+00
  0.1487E+00
  0.1463E+00
  0.1429E+00
  0.1350E+00
  0.1334E+00
  0.1255E+00
  0.1147E+00
  0.9077E-01
  0.7866E-01
  0.9377E-01
  0.9097E-01
  0.8845E-01
  0.7215E-01
  0.5743E-01
  0.6578E-01
  0.5499E-01
  0.3649E-01
  0.4470E-01
  0.3656E-01
  0.2115E-01
  0.2807E-01
  0.2728E-01
  0.1653E-01
  0.1972E-01
  0.1963E-01
  0.1477E-01
  0.1510E-01
  0.1596E-01
  0.1412E-01
  0.1375E-01
  0.1398E-01
  0.1389E-01
  0.1566E-01
  0.1348E-01
  0.1366E-01
  0.1470E-01
  0.1385E-01
  0.1361E-01
  0.1447E-01
  0.1441E-01
  0.1318E-01
  0.1550E-01
  0.1466E-01
  0.1283E-01
  0.1311E-01
  0.1412E-01
  0.1470E-01
  0.1278E-01
  0.9020E-02
  0.1275E-01
  0.1249E-01
  0.1501E-01
  0.1391E-01
  0.1231E-01
  0.1340E-01
  0.1471E-01
  0.1195E-01
  0.1195E-01
  0.1296E-01
  0.1229E-01
  0.1144E-01
  0.1217E-01
  0.1310E-01
  0.1170E-01
  0.1154E-01
  0.1307E-01
  0.1233E-01
  0.1386E-01
  0.1196E-01
  0.1258E-01
  0.1699E-01
  0.1863E-01
  0.1877E-01
  0.2136E-01
  0.3112E-01
  0.3617E-01
  0.3029E-01
  0.4765E-01
  0.5636E-01
  0.5090E-01
  0.6380E-01
  0.6757E-01
  0.6343E-01
  0.6449E-01
  0.5668E-01
  0.4973E-01
  0.6154E-01
  0.5606E-01
  0.3259E-01
  0.2883E-01
  0.3544E-01
  0.4238E-01
  0.3410E-01
  0.2282E-01
  0.2516E-01
  0.3666E-01
  0.3728E-01
  0.3863E-01
  0.4209E-01
  0.3439E-01
  0.3120E-01
  0.3047E-01
  0.2461E-01
  0.2131E-01
  0.2463E-01
  0.1943E-01
  0.1127E-01
  0.1369E-01
  0.1469E-01
  0.1108E-01
  0.9110E-02
  0.8785E-02
  0.9727E-02
  0.9263E-02
  0.8654E-02
  0.9571E-02
  0.8566E-02
  0.8207E-02
  0.9947E-02
  0.9646E-02
  0.8212E-02
  0.8517E-02
  0.7215E-02
  0.8860E-02
  0.8204E-02
  0.9492E-02
  0.9860E-02
  0.7858E-02
  0.8362E-02
  0.1580E-02
  0.8086E-02
  0.8441E-02
  0.8948E-02
  0.8402E-02
  0.7796E-02
  0.8875E-02
  0.9072E-02
  0.7693E-02
  0.8464E-02
  0.9211E-02
  0.7280E-02
  0.7948E-02
  0.9083E-02
  0.7185E-02
  0.7428E-02
  0.8741E-02
  0.6932E-02
  0.7007E-02
  0.8110E-02
  0.7227E-02
  0.6878E-02
  0.6850E-02
  0.8269E-02
  0.6900E-02
  0.7462E-02
  0.8763E-02
  0.7587E-02
  0.8904E-02
  0.9583E-02
  0.9073E-02
  0.1281E-01
  0.1229E-01
  0.7188E-02
  0.1305E-01
  0.1467E-01
  0.1670E-01
  0.1494E-01
  0.1710E-01
  0.1681E-01
  0.1797E-01
  0.1633E-01
  0.1188E-01
  0.9532E-02
  0.8268E-02
  0.7217E-02
  0.1301E-01
  0.1423E-01
  0.6569E-02
  0.1404E-01
  0.1650E-01
  0.1635E-01
  0.1387E-01
  0.6091E-02
  0.1327E-01
  0.1459E-01
  0.1242E-01
  0.1210E-01
  0.7380E-02
  0.7130E-02
  0.1197E-01
  0.1409E-01
  0.1522E-01
  0.1558E-01
  0.1557E-01
  0.1497E-01
  0.1288E-01
  0.9319E-02
  0.1009E-01
  0.1309E-01
  0.1283E-01
  0.1114E-01
  0.1106E-01
  0.8375E-02
  0.5748E-02
  0.5157E-02
  0.5646E-02
  0.8341E-02
  0.1044E-01
  0.1038E-01
  0.8329E-02
  0.3661E-02
  0.8195E-02
  0.1024E-01
  0.1067E-01
  0.9648E-02
  0.6825E-02
  0.4710E-02
  0.4444E-02
  0.8458E-02
  0.5536E-02
  0.9740E-02
  0.1109E-01
  0.1113E-01
  0.6190E-02
  0.1079E-01
  0.1088E-01
  0.1003E-01
  0.7565E-02
  0.5341E-02
  0.7511E-02
  0.4280E-02
  0.5018E-02
  0.8556E-02
  0.8628E-02
  0.7148E-02
  0.4715E-02
  0.6133E-02
  0.4196E-02
  0.6522E-02
  0.7151E-02
  0.7354E-02
  0.6325E-02
  0.4167E-02
  0.3833E-02
  0.3797E-02
  0.3897E-02
  0.5068E-02
  0.7108E-02
  0.3984E-02
  0.7558E-02
  0.4637E-02
  0.5020E-02
  0.4646E-02
  0.5890E-02
  0.4272E-02
  0.4418E-02
  0.3573E-02
  0.4732E-02
  0.4481E-02
  0.5083E-02
  0.4160E-02
  0.3610E-02
  0.6799E-02
  0.6400E-02
  0.5111E-02
  0.3388E-02
  0.5127E-02
  0.5455E-02
  0.4489E-02
  0.3375E-02
  0.3285E-02
  0.3438E-02
  0.3344E-02
  0.3864E-02
  0.3473E-02
  0.5431E-02
  0.6305E-02
  0.6283E-02
  0.4669E-02
  0.5991E-02
  0.5629E-02
  0.4152E-02
  0.3692E-02
  0.4083E-02
  0.3804E-02
  0.3889E-02
  0.3057E-02
  0.3401E-02
  0.4675E-02
  0.4792E-02
  0.3634E-02
  0.5077E-02
  0.5158E-02
  0.3272E-02
  0.3534E-02
  0.4410E-02
  0.5048E-02
  0.4602E-02
  0.3350E-02
  0.2213E-02
  0.3196E-02
  0.4601E-02
  0.5527E-02
  0.6117E-02
  0.6372E-02
  0.6826E-02
  0.7030E-02
  0.7192E-02
  0.7245E-02
  0.7238E-02
  0.6265E-02
  0.6888E-02
  0.6930E-02
  0.6425E-02
  0.5323E-02
  0.5015E-02
  0.7022E-02
  0.7103E-02
  0.6901E-02
  0.3800E-02
  0.6167E-02
  0.5036E-02
  0.6534E-02
  0.6110E-02
  0.4174E-02
  0.5223E-02
  0.3964E-02
  0.5492E-02
  0.5157E-02
  0.4460E-02
  0.3385E-02
  0.2259E-02
  0.2258E-02
  0.3432E-02
  0.4167E-02
  0.4186E-02
  0.2830E-02
  0.2773E-02
  0.3595E-02
  0.4076E-02
  0.2436E-02
  0.3297E-02
  0.4387E-02
  0.4419E-02
  0.3994E-02
  0.3084E-02
  0.2645E-02
  0.2025E-02
  0.2223E-02
  0.3423E-02
  0.3861E-02
  0.4155E-02
  0.3189E-02
  0.3666E-02
  0.2653E-02
  0.2153E-02
  0.1999E-02
  0.2086E-02
  0.2799E-02
  0.2197E-02
  0.1223E-02
  0.2051E-02
  0.1964E-02
  0.2887E-02
  0.3412E-02
  0.3696E-02
  0.3715E-02
  0.3109E-02
  0.1831E-02
  0.2483E-02
  0.3493E-02
  0.3598E-02
  0.3117E-02
  0.1945E-02
  0.1813E-02
  0.1915E-02
  0.2678E-02
  0.2880E-02
  0.1668E-02
  0.2228E-02
  0.3176E-02
  0.3440E-02
  0.2348E-02
  0.2926E-02
  0.2220E-02
  0.1619E-02
  0.2067E-02
  0.2070E-02
  0.2774E-02
  0.2684E-02
  0.2038E-02
  0.3137E-02
  0.2995E-02
  0.2611E-02
  0.1728E-02
  0.1605E-02
  0.1605E-02
  0.1855E-02
  0.9447E-03
  0.1838E-02
  0.2277E-02
  0.2335E-02
  0.1924E-02
  0.1524E-02
  0.2230E-02
  0.3132E-02
  0.2483E-02
  0.3291E-02
  0.3268E-02
  0.2302E-02
  0.1420E-02
  0.2077E-02
  0.1310E-02
  0.1775E-02
  0.2455E-02
  0.3147E-02
  0.3420E-02
  0.2452E-02
  0.3706E-02
  0.3701E-02
  0.3625E-02
  0.3360E-02
  0.1465E-02
  0.2783E-02
  0.2125E-02
  0.1260E-02
  0.1221E-02
  0.2201E-02
  0.2360E-02
  0.2004E-02
  0.1605E-02
  0.2174E-02
  0.2600E-02
  0.1649E-02
  0.2963E-02
  0.2480E-02
  0.1953E-02
  0.1465E-02
  0.2477E-02
  0.1311E-02
  0.2764E-02
  0.3376E-02
  0.3453E-02
  0.2449E-02
  0.2361E-02
  0.2892E-02
  0.3064E-02
  0.1832E-02
  0.1739E-02
  0.2963E-02
  0.3379E-02
  0.3365E-02
  0.2748E-02
  0.2293E-02
  0.2179E-02
  0.1137E-02
  0.1020E-02
  0.1453E-02
  0.2169E-02
  0.2354E-02
  0.3089E-02
  0.3006E-02
  0.2249E-02
  0.1962E-02
  0.3223E-02
  0.3072E-02
  0.1108E-02
  0.3599E-02
  0.3574E-02
  0.3181E-02
  0.2517E-02
  0.1455E-02
  0.9057E-03
  0.1641E-02
  0.2374E-02
  0.1756E-02
  0.2945E-02
  0.2189E-02
  0.1172E-02
  0.2315E-02
  0.1318E-02
  0.3625E-02
  0.3073E-02
  0.3888E-02
  0.3049E-02
  0.3334E-02
  0.2213E-02
  0.1938E-02
  0.2640E-02
  0.3990E-02
  0.4313E-02
  0.4310E-02
  0.2078E-02
  0.4469E-02
  0.4252E-02
  0.3895E-02
  0.3303E-02
  0.2752E-02
  0.1100E-02
  0.2138E-02
  0.2480E-02
  0.1427E-02
  0.7747E-03
  0.1842E-02
  0.2766E-02
  0.3260E-02
  0.3184E-02
  0.3086E-02
  0.1868E-02
  0.3120E-02
  0.3168E-02
  0.2759E-02
  0.2023E-02
  0.9356E-03
  0.1092E-02
  0.1977E-02
  0.1947E-02
  0.2573E-02
  0.2621E-02
  0.1392E-02
  0.1906E-02
  0.2554E-02
  0.2619E-02
  0.2254E-02
  0.1578E-02
  0.7615E-03
  0.1404E-02
  0.1865E-02
  0.1844E-02
  0.1316E-02
  0.7408E-03
  0.6794E-03
  0.9703E-03
  0.9757E-03
  0.9083E-03
  0.1012E-02
  0.6950E-03
  0.6371E-03
  0.6393E-03
  0.1043E-02
  0.1102E-02
  0.8335E-03
  0.5159E-03
  0.7253E-03
  0.6799E-03
  0.6864E-03
  0.6724E-03
  0.6769E-03
  0.5748E-03
  0.5835E-03
  0.5773E-03
  0.6735E-03
  0.6218E-03
  0.6692E-03
  0.5194E-03
  0.6714E-03
  0.5525E-03
  0.5170E-03
  0.4967E-03
  0.4961E-03
  0.6677E-03
  0.7165E-03
  0.6863E-03
  0.6327E-03
  0.5952E-03
  0.5999E-03
  0.6721E-03
  0.6449E-03
  0.4429E-03
  0.6786E-03
  0.6601E-03
  0.6560E-03
  0.6582E-03
  0.4239E-03
  0.5192E-03
  0.6516E-03
  0.6336E-03
  0.6374E-03
  0.5968E-03
  0.3560E-03
  0.6193E-03
  0.5495E-03
  0.5512E-03
  0.6042E-03
  0.2450E-03
  0.3892E-03
  0.5847E-03
  0.5959E-03
  0.4751E-03
  0.4374E-03
  0.4458E-03
  0.5782E-03
  0.4174E-03
  0.5226E-03
  0.6156E-03
  0.6267E-03
  0.5106E-03
  0.4659E-03
  0.5075E-03
  0.4161E-03
  0.4922E-03
  0.4237E-03
  0.3881E-03
  0.3912E-03
  0.3829E-03
  0.5345E-03
  0.3649E-03
  0.4149E-03
  0.3624E-03
  0.5198E-03
  0.3626E-03
  0.4987E-03
  0.4268E-03
  0.3377E-03
  0.4014E-03
  0.8142E-03
  0.8792E-03
  0.5038E-03
  0.5425E-03
  0.1218E-02
  0.1573E-02
  0.1013E-02
  0.9081E-03
  0.1922E-02
  0.2286E-02
  0.1242E-02
  0.1341E-02
  0.1983E-02
  0.1890E-02
  0.9500E-03
  0.1151E-02
  0.1222E-02
  0.1037E-02
  0.1081E-02
  0.9734E-03
  0.5484E-03
  0.9464E-03
  0.1081E-02
  0.1004E-02
  0.6322E-03
  0.3864E-03
  0.3367E-03
  0.5265E-03
  0.4115E-03
  0.2855E-03
  0.3405E-03
  0.3022E-03
  0.3350E-03
  0.2871E-03
  0.3359E-03
  0.3495E-03
  0.2702E-03
  0.2706E-03
  0.2764E-03
  0.3895E-03
  0.3509E-03
  0.2734E-03
  0.2688E-03
  0.3009E-03
  0.3257E-03
  0.3289E-03
  0.2661E-03
  0.2684E-03
  0.9927E-04
  0.3200E-03
  0.2783E-03
  0.2771E-03
  0.2975E-03
  0.1628E-03
  0.3021E-03
  0.2926E-03
  0.3439E-03
  0.3391E-03
  0.2919E-03
  0.3147E-03
  0.3447E-03
  0.1899E-03
  0.3290E-03
  0.5678E-04
  0.3320E-03
  0.3095E-03
  0.1383E-03
  0.2153E-03
  0.2860E-03
  0.2888E-03
  0.2609E-03
  0.1596E-03
  0.1216E-03
  0.2107E-03
  0.2528E-03
  0.2365E-03
  0.1668E-03
  0.7314E-04
  0.2064E-03
  0.2417E-03
  0.2513E-03
  0.2037E-03
  0.6428E-04
  0.2447E-03
  0.1685E-03
  0.5622E-04
  0.8663E-04
  0.2556E-03
  0.2523E-03
  0.1351E-03
  0.1890E-03
  0.2689E-03
  0.2755E-03
  0.2705E-03
  0.1720E-03
  0.2621E-03
  0.2459E-03
  0.2356E-03
  0.1955E-03
  0.2389E-03
  0.2034E-03
  0.1867E-03
  0.1947E-03
  0.1758E-03
  0.2028E-03
  0.2286E-03
  0.1700E-03
  0.1598E-03
  0.1844E-03
  0.2178E-03
  0.2463E-03
  0.1648E-03
  0.1496E-03
  0.1869E-03
  0.1567E-03
  0.2389E-03
  0.1630E-03
  0.1442E-03
  0.1777E-03
  0.1465E-03
  0.2297E-03
  0.1520E-03
  0.1435E-03
  0.1501E-03
  0.1409E-03
  0.2085E-03
  0.1525E-03
  0.2051E-03
  0.1397E-03
  0.1626E-03
  0.2091E-03
  0.2113E-03
  0.1456E-03
  0.1417E-03
  0.2469E-03
  0.3285E-03
  0.3209E-03
  0.2508E-03
  0.2528E-03
  0.6220E-03
  0.5182E-03
  0.4974E-03
  0.8064E-03
  0.7679E-03
  0.5708E-03
  0.5415E-03
  0.5200E-03
  0.5598E-03
  0.3548E-03
  0.5671E-03
  0.7355E-03
  0.6764E-03
  0.5555E-03
  0.4697E-03
  0.6427E-03
  0.2549E-03
  0.5088E-03
  0.8129E-03
  0.1334E-02
  0.2122E-02
  0.2426E-02
  0.2326E-02
  0.2171E-02
  0.2603E-02
  0.2680E-02
  0.2724E-02
  0.2329E-02
  0.2636E-02
  0.2033E-02
  0.1920E-02
  0.1998E-02
  0.1375E-02
  0.1803E-02
  0.1142E-02
  0.8693E-03
  0.1054E-02
  0.4706E-03
  0.8779E-03
  0.6898E-03
  0.2538E-03
  0.5819E-03
  0.4853E-03
  0.2577E-03
  0.4016E-03
  0.2656E-03
  0.1566E-03
  0.3249E-03
  0.2214E-03
  0.1010E-03
  0.1337E-03
  0.1591E-03
  0.8861E-04
  0.1039E-03
  0.9593E-04
  0.9499E-04
  0.9110E-04
  0.1074E-03
  0.8145E-04
  0.8441E-04
  0.8110E-04
  0.9086E-04
  0.1162E-03
  0.9057E-04
  0.9244E-04
  0.1246E-03
  0.1227E-03
  0.1330E-03
  0.1154E-03
  0.6291E-04
  0.1247E-03
  0.1284E-03
  0.5301E-04
  0.1244E-03
  0.1003E-03
  0.3456E-04
  0.8612E-04
  0.7718E-04
  0.7313E-04
  0.4549E-04
  0.3993E-04
  0.6717E-04
  0.3753E-04
  0.4910E-04
  0.3792E-04
  0.3907E-04
  0.4168E-04
  0.1354E-04
  0.1651E-04
  0.3273E-04
  0.5012E-05
  0.1233E-04
  0.2060E-04
  0.5066E-05
  0.2166E-04
  0.1511E-04
  0.3584E-05
  0.1585E-04
  0.1752E-04
  0.8839E-05
  0.1187E-04
  0.1613E-04
  0.1350E-04
  0.1493E-06
  0.1255E-04
  0.1484E-04
  0.1232E-04
  0.1655E-05
  0.4083E-06
  0.1309E-04
  0.1353E-04
  0.8794E-05
  0.1726E-04
  0.1356E-04
  0.6819E-05
  0.3486E-05
  0.8216E-05
  0.1011E-04
  0.1182E-04
  0.1201E-04
  0.1161E-04
  0.4453E-06
  0.9629E-05
  0.8477E-05
  0.8046E-05
  0.8288E-05
  0.8967E-05
  0.9446E-05
  0.1104E-04
  0.1387E-04
  0.6003E-05
  0.4022E-05
  0.4529E-06
  0.4768E-05
  0.7631E-05
  0.2926E-05
  0.4526E-05
  0.4115E-05
  0.3010E-06
  0.4012E-05
  0.5701E-05
  0.2409E-05
  0.3191E-05
  0.2488E-05
  0.3502E-06
  0.3228E-05
  0.3006E-05
  0.4281E-06
  0.2786E-05
  0.2800E-05
  0.1281E-05
  0.2451E-05
  0.2304E-05
  0.1758E-05
  0.1377E-05
  0.2438E-05
  0.2393E-05
  0.1342E-05
  0.1675E-05
  0.1209E-05
  0.1979E-05
  0.8135E-07
  0.1187E-05
  0.2863E-05
  0.7915E-07
  0.1857E-05
  0.2169E-05
  0.2194E-05
  0.2105E-05
  0.1847E-05
  0.1116E-05
  0.1074E-06
  0.8653E-06
  0.1530E-05
  0.1819E-05
  0.1940E-05
  0.2005E-05
  0.2050E-05
  0.2085E-05
  0.2112E-05
  0.2108E-05
  0.2028E-05
  0.1645E-05
  0.1789E-05
  0.3168E-05
  0.5198E-05
  0.6127E-05
  0.3953E-05
  0.7144E-05
  0.8517E-05
  0.2917E-05
  0.1012E-04
  0.3537E-05
  0.1167E-04
  0.1298E-04
  0.1459E-04
  0.1657E-04
  0.1891E-04
  0.2159E-04
  0.2466E-04
  0.2825E-04
  0.3265E-04
  0.3797E-04
  0.4835E-04
  0.5163E-04
  0.5143E-04
  0.4778E-04
  0.4197E-04
  0.3260E-04
  0.2803E-04
  0.2773E-04
  0.3144E-04
  0.5543E-04
  0.9582E-04
  0.3401E-04
  0.1282E-03
  0.1508E-03
  0.5084E-04
  0.8027E-04
  0.1424E-03
  0.9968E-04
  0.3378E-04
  0.1089E-03
  0.1561E-03
  0.1199E-03
  0.4816E-04
  0.2040E-03
  0.4385E-03
  0.2666E-03
  0.1968E-03
  0.1739E-03
  0.1341E-03
  0.8506E-04
  0.4158E-04
  0.3014E-04
  0.3963E-04
  0.5805E-04
  0.7200E-04
  0.8326E-04
  0.9095E-04
  0.9709E-04
  0.1032E-03
  0.1060E-03
  0.1092E-03
  0.1105E-03
  0.9393E-04
  0.1008E-03
  0.2095E-03
  0.3361E-03
  0.3876E-03
  0.4474E-03
  0.6245E-03
  0.8046E-03
  0.8686E-03
  0.1040E-02
  0.9853E-03
  0.8300E-03
  0.8684E-03
  0.5907E-03
  0.3895E-03
  0.3632E-03
  0.2657E-03
  0.9897E-04
  0.9708E-04
  0.1116E-03
  0.6882E-04
  0.2976E-04
  0.3810E-04
  0.4406E-04
  0.2718E-04
  0.3019E-04
  0.2572E-04
  0.2659E-04
  0.2328E-04
  0.2381E-04
  0.2293E-04
  0.2126E-04
  0.1989E-04
  0.2101E-04
  0.2276E-04
  0.2282E-04
  0.2286E-04
  0.3050E-04
  0.3411E-04
  0.4003E-04
