 Spectral outgoing shortwave flux [W/m2/cm^-1]
  0.0000E+00
  0.4820E-16
  0.7137E-15
  0.3520E-14
  0.1098E-13
  0.2860E-13
  0.7520E-13
  0.1883E-12
  0.4184E-12
  0.8445E-12
  0.1581E-11
  0.2783E-11
  0.4687E-11
  0.7540E-11
  0.1171E-10
  0.1757E-10
  0.2587E-10
  0.3699E-10
  0.5196E-10
  0.7164E-10
  0.9700E-10
  0.1293E-09
  0.1702E-09
  0.2217E-09
  0.2844E-09
  0.3648E-09
  0.4575E-09
  0.5728E-09
  0.7126E-09
  0.8751E-09
  0.1068E-08
  0.1297E-08
  0.1564E-08
  0.1871E-08
  0.2718E-08
  0.3103E-06
  0.3150E-08
  0.3701E-08
  0.4357E-08
  0.5054E-08
  0.5839E-08
  0.6790E-08
  0.7841E-08
  0.9022E-08
  0.1030E-07
  0.3478E-03
  0.3005E-04
  0.3558E-06
  0.3750E-04
  0.1930E-07
  0.2177E-07
  0.2447E-07
  0.2746E-07
  0.3076E-07
  0.3417E-07
  0.3779E-07
  0.4212E-07
  0.4713E-07
  0.5185E-07
  0.5595E-07
  0.6205E-07
  0.6842E-07
  0.7432E-07
  0.8421E-07
  0.9089E-07
  0.9721E-07
  0.1008E-06
  0.1115E-06
  0.1162E-06
  0.1407E-06
  0.1452E-06
  0.1538E-06
  0.1602E-06
  0.1734E-06
  0.1934E-06
  0.2141E-06
  0.2256E-06
  0.2272E-06
  0.2298E-06
  0.2521E-06
  0.2705E-06
  0.2813E-06
  0.3049E-06
  0.3188E-06
  0.3417E-06
  0.3630E-06
  0.3883E-06
  0.4053E-06
  0.4355E-06
  0.4621E-06
  0.5165E-06
  0.5841E-06
  0.6892E-06
  0.7475E-06
  0.8616E-06
  0.9116E-06
  0.9571E-06
  0.1032E-05
  0.1074E-05
  0.1153E-05
  0.1229E-05
  0.1290E-05
  0.5280E-03
  0.1820E-05
  0.1522E-05
  0.1600E-05
  0.1673E-05
  0.2703E-03
  0.1502E-02
  0.3329E-04
  0.2072E-05
  0.2201E-05
  0.3061E-04
  0.6507E-03
  0.1988E-02
  0.1800E-02
  0.1203E-02
  0.1196E-02
  0.2743E-03
  0.3285E-05
  0.3327E-05
  0.3581E-05
  0.3654E-05
  0.3866E-05
  0.4151E-05
  0.4271E-05
  0.4452E-05
  0.4674E-05
  0.4809E-05
  0.5034E-05
  0.5353E-05
  0.5474E-05
  0.5720E-05
  0.5843E-05
  0.6172E-05
  0.6357E-05
  0.6317E-05
  0.6870E-05
  0.7171E-05
  0.7303E-05
  0.7588E-05
  0.7898E-05
  0.7577E-05
  0.7792E-05
  0.8223E-05
  0.8933E-05
  0.8898E-05
  0.9394E-05
  0.8828E-05
  0.9140E-05
  0.8962E-05
  0.9173E-05
  0.9328E-05
  0.1056E-04
  0.1083E-04
  0.1051E-04
  0.1048E-04
  0.9773E-05
  0.9627E-05
  0.9536E-05
  0.9511E-05
  0.1143E-04
  0.1434E-04
  0.1380E-04
  0.1448E-04
  0.3185E-04
  0.1904E-04
  0.4113E-03
  0.1001E-03
  0.2157E-02
  0.3485E-03
  0.3779E-02
  0.2672E-02
  0.4554E-02
  0.4030E-02
  0.4577E-02
  0.4105E-02
  0.2720E-03
  0.3488E-02
  0.3777E-02
  0.1705E-02
  0.1395E-02
  0.4222E-03
  0.7078E-04
  0.3648E-04
  0.3769E-04
  0.3906E-04
  0.4484E-04
  0.4127E-04
  0.4151E-04
  0.4332E-04
  0.4397E-04
  0.4510E-04
  0.4703E-04
  0.4755E-04
  0.4997E-04
  0.5113E-04
  0.5187E-04
  0.5421E-04
  0.5567E-04
  0.5674E-04
  0.5645E-04
  0.5741E-04
  0.6299E-04
  0.6280E-04
  0.6278E-04
  0.6795E-04
  0.6779E-04
  0.7161E-04
  0.7315E-04
  0.7522E-04
  0.7526E-04
  0.7696E-04
  0.7885E-04
  0.8133E-04
  0.8292E-04
  0.8400E-04
  0.8648E-04
  0.8958E-04
  0.9259E-04
  0.9412E-04
  0.9584E-04
  0.9487E-04
  0.1027E-03
  0.9774E-04
  0.1105E-03
  0.1198E-02
  0.1853E-03
  0.1296E-02
  0.2243E-02
  0.4618E-02
  0.5123E-02
  0.3338E-02
  0.1529E-02
  0.6405E-03
  0.1186E-02
  0.5675E-02
  0.1732E-02
  0.3485E-03
  0.1426E-03
  0.1289E-03
  0.1343E-03
  0.1405E-03
  0.1373E-03
  0.1373E-03
  0.1463E-03
  0.1419E-03
  0.1374E-03
  0.1610E-03
  0.1375E-03
  0.1392E-03
  0.1554E-03
  0.1466E-03
  0.1414E-03
  0.1623E-03
  0.1630E-03
  0.5400E-03
  0.3619E-02
  0.5028E-03
  0.1665E-03
  0.1631E-03
  0.1679E-03
  0.1704E-03
  0.1783E-02
  0.1554E-02
  0.3072E-03
  0.1921E-03
  0.1761E-03
  0.1707E-03
  0.1657E-03
  0.1678E-03
  0.1708E-03
  0.1732E-03
  0.1650E-03
  0.1679E-03
  0.1747E-03
  0.1849E-03
  0.1822E-03
  0.1871E-03
  0.1840E-03
  0.1809E-03
  0.1821E-03
  0.1877E-03
  0.1882E-03
  0.1917E-03
  0.1977E-03
  0.1952E-03
  0.1899E-03
  0.2102E-03
  0.2130E-03
  0.2118E-03
  0.2130E-03
  0.2179E-03
  0.2109E-03
  0.2172E-03
  0.2191E-03
  0.2223E-03
  0.2267E-03
  0.2158E-03
  0.2253E-03
  0.2276E-03
  0.2362E-03
  0.2345E-03
  0.2327E-03
  0.2352E-03
  0.2849E-03
  0.9896E-03
  0.2994E-02
  0.2636E-03
  0.2353E-03
  0.2339E-03
  0.2314E-02
  0.4336E-02
  0.3977E-02
  0.4388E-02
  0.3576E-02
  0.8610E-03
  0.1179E-02
  0.2125E-02
  0.2086E-02
  0.3899E-02
  0.3561E-02
  0.4320E-03
  0.2920E-03
  0.2745E-03
  0.2765E-03
  0.2768E-03
  0.2803E-03
  0.2818E-03
  0.2896E-03
  0.2854E-03
  0.2844E-03
  0.2849E-03
  0.5371E-03
  0.2070E-02
  0.9259E-03
  0.1863E-02
  0.1953E-02
  0.7976E-03
  0.1334E-02
  0.1656E-02
  0.5869E-03
  0.1474E-02
  0.7562E-03
  0.4484E-03
  0.3207E-03
  0.3259E-03
  0.3230E-03
  0.3311E-03
  0.3205E-03
  0.3250E-03
  0.3250E-03
  0.3317E-03
  0.3256E-03
  0.3353E-03
  0.3228E-03
  0.3382E-03
  0.3380E-03
  0.3494E-03
  0.3412E-03
  0.3744E-03
  0.1228E-02
  0.4842E-03
  0.1212E-02
  0.1685E-02
  0.2011E-02
  0.2033E-02
  0.2075E-02
  0.7343E-03
  0.2163E-02
  0.2490E-02
  0.1694E-02
  0.1619E-02
  0.2143E-02
  0.1725E-02
  0.3894E-03
  0.4277E-03
  0.2894E-02
  0.1895E-02
  0.5437E-03
  0.4087E-03
  0.4090E-03
  0.2972E-02
  0.2412E-02
  0.4988E-03
  0.7694E-03
  0.2403E-02
  0.3016E-02
  0.3028E-02
  0.2884E-02
  0.3004E-02
  0.2931E-02
  0.2863E-02
  0.2867E-02
  0.2740E-02
  0.2707E-02
  0.2433E-02
  0.2770E-02
  0.2597E-02
  0.2256E-02
  0.2660E-02
  0.2648E-02
  0.2619E-02
  0.2622E-02
  0.2613E-02
  0.2317E-02
  0.1472E-02
  0.1955E-02
  0.1012E-02
  0.1439E-02
  0.5646E-03
  0.5467E-03
  0.5478E-03
  0.1035E-02
  0.5589E-03
  0.6665E-03
  0.4821E-03
  0.5122E-03
  0.4899E-03
  0.4910E-03
  0.4904E-03
  0.4947E-03
  0.4947E-03
  0.4742E-03
  0.4886E-03
  0.4870E-03
  0.4887E-03
  0.4815E-03
  0.5105E-03
  0.5032E-03
  0.4983E-03
  0.7927E-03
  0.7609E-03
  0.8416E-03
  0.7582E-03
  0.1170E-02
  0.9571E-03
  0.1038E-02
  0.8805E-03
  0.7568E-03
  0.6785E-03
  0.6979E-03
  0.8511E-03
  0.5441E-03
  0.5383E-03
  0.5357E-03
  0.9045E-03
  0.1409E-02
  0.1931E-02
  0.1928E-02
  0.1883E-02
  0.1928E-02
  0.2087E-02
  0.2007E-02
  0.1957E-02
  0.2010E-02
  0.1889E-02
  0.1911E-02
  0.1308E-02
  0.9815E-03
  0.5425E-03
  0.1701E-02
  0.1866E-02
  0.1878E-02
  0.1780E-02
  0.1750E-02
  0.1658E-02
  0.1706E-02
  0.1369E-02
  0.1464E-02
  0.1425E-02
  0.1557E-02
  0.1519E-02
  0.1485E-02
  0.1456E-02
  0.1620E-02
  0.1539E-02
  0.1532E-02
  0.1398E-02
  0.1470E-02
  0.1277E-02
  0.1241E-02
  0.1078E-02
  0.6731E-03
  0.8069E-03
  0.1034E-02
  0.7866E-03
  0.1315E-02
  0.6338E-03
  0.9634E-03
  0.8995E-03
  0.8708E-03
  0.1212E-02
  0.1337E-02
  0.1360E-02
  0.1407E-02
  0.1545E-02
  0.1380E-02
  0.1351E-02
  0.1383E-02
  0.1324E-02
  0.1389E-02
  0.1133E-02
  0.1297E-02
  0.1199E-02
  0.1173E-02
  0.1157E-02
  0.7903E-03
  0.1257E-02
  0.1209E-02
  0.1017E-02
  0.6912E-03
  0.1236E-02
  0.1174E-02
  0.1205E-02
  0.1120E-02
  0.1080E-02
  0.1195E-02
  0.1091E-02
  0.1064E-02
  0.1111E-02
  0.1014E-02
  0.1201E-02
  0.1193E-02
  0.1214E-02
  0.1195E-02
  0.1265E-02
  0.1317E-02
  0.1381E-02
  0.1375E-02
  0.1368E-02
  0.1352E-02
  0.1308E-02
  0.1289E-02
  0.1302E-02
  0.1245E-02
  0.1246E-02
  0.1235E-02
  0.1238E-02
  0.1170E-02
  0.1174E-02
  0.1133E-02
  0.1187E-02
  0.9117E-03
  0.1028E-02
  0.8563E-03
  0.8390E-03
  0.8071E-03
  0.6738E-03
  0.6679E-03
  0.6085E-03
  0.5154E-03
  0.4269E-03
  0.4468E-03
  0.5241E-03
  0.3512E-03
  0.3980E-03
  0.4293E-03
  0.4622E-03
  0.3969E-03
  0.3848E-03
  0.4610E-03
  0.5001E-03
  0.4183E-03
  0.4819E-03
  0.5116E-03
  0.4584E-03
  0.5760E-03
  0.5685E-03
  0.4856E-03
  0.4329E-03
  0.3601E-03
  0.4032E-03
  0.3800E-03
  0.3068E-03
  0.2869E-03
  0.2387E-03
  0.3500E-03
  0.4986E-03
  0.4615E-03
  0.4342E-03
  0.4969E-03
  0.4753E-03
  0.4324E-03
  0.4745E-03
  0.4423E-03
  0.3902E-03
  0.3949E-03
  0.3797E-03
  0.3415E-03
  0.3956E-03
  0.3874E-03
  0.3262E-03
  0.3588E-03
  0.3232E-03
  0.3330E-03
  0.3609E-03
  0.3954E-03
  0.3180E-03
  0.4076E-03
  0.3344E-03
  0.3090E-03
  0.3800E-03
  0.3089E-03
  0.2961E-03
  0.3191E-03
  0.2800E-03
  0.2371E-03
  0.2232E-03
  0.1996E-03
  0.1755E-03
  0.1712E-03
  0.1702E-03
  0.1469E-03
  0.1421E-03
  0.1420E-03
  0.1480E-03
  0.1912E-03
  0.3150E-03
  0.2759E-03
  0.2678E-03
  0.2435E-03
  0.2019E-03
  0.2012E-03
  0.2052E-03
  0.1714E-03
  0.1642E-03
  0.1827E-03
  0.1776E-03
  0.1557E-03
  0.2159E-03
  0.2521E-03
  0.2172E-03
  0.2162E-03
  0.1759E-03
  0.1821E-03
  0.1769E-03
  0.1501E-03
  0.1483E-03
  0.1579E-03
  0.1468E-03
  0.1335E-03
  0.1921E-03
  0.2005E-03
  0.2339E-03
  0.2444E-03
  0.2262E-03
  0.2177E-03
  0.2151E-03
  0.2382E-03
  0.2828E-03
  0.2443E-03
  0.3381E-03
  0.3262E-03
  0.3194E-03
  0.2949E-03
  0.2656E-03
  0.2931E-03
  0.2773E-03
  0.2645E-03
  0.2666E-03
  0.3005E-03
  0.2774E-03
  0.2522E-03
  0.3311E-03
  0.3479E-03
  0.3703E-03
  0.3186E-03
  0.3470E-03
  0.3223E-03
  0.3158E-03
  0.2822E-03
  0.3087E-03
  0.3102E-03
  0.3067E-03
  0.2736E-03
  0.3176E-03
  0.3188E-03
  0.3492E-03
  0.3539E-03
  0.3910E-03
  0.4152E-03
  0.4010E-03
  0.4418E-03
  0.5266E-03
  0.4971E-03
  0.5021E-03
  0.4536E-03
  0.4739E-03
  0.4727E-03
  0.4082E-03
  0.3173E-03
  0.4294E-03
  0.3651E-03
  0.3331E-03
  0.3187E-03
  0.3519E-03
  0.3564E-03
  0.3178E-03
  0.3775E-03
  0.3310E-03
  0.3068E-03
  0.3929E-03
  0.3546E-03
  0.3310E-03
  0.2778E-03
  0.2285E-03
  0.2827E-03
  0.2117E-03
  0.2261E-03
  0.2676E-03
  0.2582E-03
  0.2461E-03
  0.2528E-03
  0.2294E-03
  0.2619E-03
  0.2636E-03
  0.2995E-03
  0.2736E-03
  0.2350E-03
  0.3345E-03
  0.3737E-03
  0.3173E-03
  0.3134E-03
  0.3326E-03
  0.2434E-03
  0.2376E-03
  0.2687E-03
  0.2990E-03
  0.2874E-03
  0.2306E-03
  0.2197E-03
  0.2513E-03
  0.1815E-03
  0.2893E-03
  0.3332E-03
  0.2682E-03
  0.3597E-03
  0.3572E-03
  0.2478E-03
  0.3205E-03
  0.2669E-03
  0.2998E-03
  0.3641E-03
  0.2927E-03
  0.3329E-03
  0.3981E-03
  0.3663E-03
  0.3048E-03
  0.3368E-03
  0.2144E-03
  0.3393E-03
  0.3889E-03
  0.4421E-03
  0.3670E-03
  0.3755E-03
  0.3945E-03
  0.3735E-03
  0.1982E-03
  0.1962E-03
  0.3176E-03
  0.2251E-03
  0.2257E-03
  0.3393E-03
  0.3029E-03
  0.2824E-03
  0.2587E-03
  0.1682E-03
  0.1698E-03
  0.2084E-03
  0.1372E-03
  0.1273E-03
  0.1298E-03
  0.7337E-04
  0.2175E-03
  0.2832E-03
  0.1605E-03
  0.2370E-03
  0.2128E-03
  0.1805E-03
  0.1698E-03
  0.2138E-03
  0.1798E-03
  0.2410E-03
  0.1834E-03
  0.1667E-03
  0.1860E-03
  0.1921E-03
  0.1787E-03
  0.2003E-03
  0.2295E-03
  0.1661E-03
  0.2686E-03
  0.1865E-03
  0.2261E-03
  0.2122E-03
  0.1580E-03
  0.1362E-03
  0.1569E-03
  0.1741E-03
  0.2135E-03
  0.1936E-03
  0.1622E-03
  0.1586E-03
  0.1827E-03
  0.1412E-03
  0.1683E-03
  0.3653E-03
  0.4082E-03
  0.3139E-03
  0.3816E-03
  0.3876E-03
  0.2890E-03
  0.4185E-03
  0.3669E-03
  0.3448E-03
  0.3512E-03
  0.3000E-03
  0.2386E-03
  0.2445E-03
  0.2096E-03
  0.2189E-03
  0.2369E-03
  0.2085E-03
  0.1895E-03
  0.2224E-03
  0.2129E-03
  0.2070E-03
  0.1914E-03
  0.1682E-03
  0.1720E-03
  0.9867E-04
  0.1554E-03
  0.1718E-03
  0.2064E-03
  0.2032E-03
  0.1795E-03
  0.2255E-03
  0.1574E-03
  0.1325E-03
  0.2289E-03
  0.2986E-03
  0.3315E-03
  0.2191E-03
  0.3018E-03
  0.1810E-03
  0.2546E-03
  0.2802E-03
  0.3114E-03
  0.1983E-03
  0.2708E-03
  0.3148E-03
  0.2425E-03
  0.2630E-03
  0.1657E-03
  0.2178E-03
  0.1814E-03
  0.2543E-03
  0.3173E-03
  0.2320E-03
  0.1406E-03
  0.2043E-03
  0.1822E-03
  0.1574E-03
  0.2205E-03
  0.2445E-03
  0.2533E-03
  0.2848E-03
  0.1572E-03
  0.1564E-03
  0.1879E-03
  0.1966E-03
  0.2203E-03
  0.1692E-03
  0.2530E-03
  0.2490E-03
  0.2247E-03
  0.2679E-03
  0.1927E-03
  0.1350E-03
  0.1998E-03
  0.1748E-03
  0.1885E-03
  0.1133E-03
  0.1750E-03
  0.2353E-03
  0.2224E-03
  0.2511E-03
  0.2582E-03
  0.1858E-03
  0.1700E-03
  0.1973E-03
  0.1549E-03
  0.1776E-03
  0.1071E-03
  0.1760E-03
  0.1257E-03
  0.7566E-04
  0.1457E-03
  0.1960E-03
  0.1713E-03
  0.8152E-04
  0.1618E-03
  0.1042E-03
  0.1362E-03
  0.1519E-03
  0.1648E-03
  0.7580E-04
  0.1403E-03
  0.1647E-03
  0.1112E-03
  0.8687E-04
  0.7159E-04
  0.1213E-03
  0.1171E-03
  0.1732E-03
  0.2123E-03
  0.1526E-03
  0.1353E-03
  0.1826E-03
  0.1224E-03
  0.1092E-03
  0.1783E-03
  0.1310E-03
  0.7770E-04
  0.1174E-03
  0.1269E-03
  0.1000E-03
  0.5525E-04
  0.7693E-04
  0.6095E-04
  0.7392E-04
  0.3681E-04
  0.6730E-04
  0.7030E-04
  0.2836E-04
  0.5483E-04
  0.9796E-04
  0.8541E-04
  0.4240E-04
  0.3726E-04
  0.9306E-04
  0.1148E-03
  0.6151E-04
  0.3749E-04
  0.2399E-04
  0.1531E-04
  0.4744E-04
  0.4396E-04
  0.7589E-04
  0.1361E-03
  0.3388E-04
  0.6278E-04
  0.9810E-04
  0.6834E-04
  0.1116E-03
  0.1031E-03
  0.5834E-04
  0.6977E-04
  0.5431E-04
  0.6546E-04
  0.1141E-03
  0.9676E-04
  0.4610E-04
  0.9425E-04
  0.6377E-04
  0.4862E-04
  0.4012E-04
  0.9042E-04
  0.1195E-03
  0.5421E-04
  0.7329E-04
  0.6333E-04
  0.9887E-04
  0.6024E-04
  0.7873E-04
  0.6759E-04
  0.1041E-03
  0.1030E-03
  0.7205E-04
  0.4482E-04
  0.6056E-04
  0.5025E-04
  0.5070E-04
  0.5067E-04
  0.4422E-04
  0.5380E-04
  0.4888E-04
  0.2884E-04
  0.5193E-04
  0.4722E-04
  0.1133E-04
  0.3477E-04
  0.4849E-04
  0.8053E-04
  0.9878E-04
  0.7678E-04
  0.6799E-04
  0.5311E-04
  0.5142E-04
  0.5329E-04
  0.6623E-04
  0.4142E-04
  0.3736E-04
  0.2114E-04
  0.2244E-04
  0.1292E-04
  0.4329E-05
  0.9329E-05
  0.8727E-05
  0.1381E-04
  0.2542E-04
  0.1547E-04
  0.1296E-04
  0.1090E-04
  0.8527E-05
  0.2669E-05
  0.4669E-05
  0.1015E-04
  0.8930E-05
  0.1300E-04
  0.2402E-04
  0.2373E-04
  0.9004E-05
  0.1707E-04
  0.6592E-05
  0.1156E-04
  0.1707E-04
  0.8427E-05
  0.1059E-04
  0.9802E-05
  0.8462E-05
  0.1797E-04
  0.1969E-04
  0.9744E-05
  0.6821E-05
  0.4264E-05
  0.1252E-04
  0.1528E-04
  0.1693E-04
  0.1775E-04
  0.9690E-05
  0.1122E-04
  0.1035E-04
  0.1006E-04
  0.3751E-05
  0.5233E-05
  0.9980E-05
  0.1893E-04
  0.3090E-04
  0.1854E-04
  0.2909E-04
  0.9073E-05
  0.1842E-04
  0.2194E-04
  0.1001E-04
  0.3575E-04
  0.2827E-04
  0.2065E-04
  0.2137E-04
  0.2021E-04
  0.9913E-05
  0.1229E-04
  0.7258E-05
  0.1506E-04
  0.9767E-05
  0.3402E-05
  0.2881E-05
  0.5427E-05
  0.3928E-05
  0.2803E-05
  0.5213E-05
  0.6192E-05
  0.6976E-05
  0.2203E-05
  0.3741E-05
  0.9495E-05
  0.1265E-04
  0.5390E-05
  0.5101E-05
  0.2365E-04
  0.2101E-04
  0.1158E-04
  0.2472E-04
  0.5578E-05
  0.1327E-04
  0.5976E-05
  0.1071E-04
  0.1145E-04
  0.9036E-05
  0.2074E-04
  0.1601E-04
  0.2090E-04
  0.1102E-04
  0.1108E-04
  0.8415E-05
  0.6755E-05
  0.8876E-05
  0.1605E-04
  0.8742E-05
  0.8537E-05
  0.6706E-05
  0.1871E-04
  0.1058E-04
  0.5619E-05
  0.7683E-05
  0.7397E-05
  0.6046E-05
  0.3981E-05
  0.3674E-05
  0.8583E-05
  0.6845E-05
  0.2573E-05
  0.4950E-05
  0.3672E-05
  0.4201E-05
  0.2160E-05
  0.2440E-05
  0.5733E-05
  0.5675E-05
  0.5891E-05
  0.4641E-05
  0.8105E-05
  0.1022E-04
  0.4806E-05
  0.1204E-04
  0.1004E-04
  0.4581E-05
  0.1261E-04
  0.2046E-04
  0.6018E-05
  0.8790E-05
  0.9546E-05
  0.5417E-05
  0.2112E-05
  0.5192E-05
  0.6211E-05
  0.2924E-05
  0.4978E-05
  0.8794E-05
  0.9383E-05
  0.6442E-05
  0.3622E-05
  0.2117E-05
  0.4605E-05
  0.2049E-05
  0.6512E-05
  0.4240E-05
  0.8988E-05
  0.5593E-05
  0.1353E-05
  0.4126E-05
  0.4654E-05
  0.2155E-05
  0.2567E-05
  0.3365E-05
  0.3146E-05
  0.4666E-05
  0.3842E-05
  0.3038E-05
  0.1782E-05
  0.1289E-05
  0.1540E-05
  0.3135E-05
  0.3091E-05
  0.5430E-05
  0.5646E-05
  0.5220E-05
  0.3355E-05
  0.5407E-05
  0.3059E-05
  0.9487E-06
  0.4900E-05
  0.4253E-05
  0.2992E-05
  0.4460E-05
  0.3311E-05
  0.5341E-05
  0.1944E-05
  0.2840E-05
  0.5616E-05
  0.3177E-05
  0.4019E-05
  0.3392E-05
  0.3468E-05
  0.2071E-05
  0.1795E-05
  0.2520E-05
  0.3767E-05
  0.1653E-05
  0.2550E-05
  0.2431E-05
  0.4864E-05
  0.2301E-05
  0.3253E-05
  0.4324E-05
  0.2592E-05
  0.4521E-05
  0.3579E-05
  0.2335E-05
  0.3050E-05
  0.2806E-05
  0.2217E-05
  0.2280E-05
  0.3272E-05
  0.1464E-05
  0.1739E-05
  0.2861E-05
  0.4832E-05
  0.2483E-05
  0.9181E-06
  0.8358E-05
  0.4565E-05
  0.3514E-05
  0.4814E-05
  0.3651E-05
  0.3172E-05
  0.2039E-05
  0.2496E-05
  0.2647E-05
  0.2832E-05
  0.1317E-05
  0.1438E-05
  0.3022E-05
  0.2298E-05
  0.3123E-05
  0.1358E-05
  0.1877E-05
  0.2648E-05
  0.1538E-05
  0.8421E-06
  0.1278E-05
  0.1588E-05
  0.1272E-05
  0.1456E-05
  0.1366E-05
  0.1384E-05
  0.1404E-05
  0.1235E-05
  0.9204E-06
  0.1091E-05
  0.5850E-06
  0.2052E-05
  0.1026E-05
  0.9622E-06
  0.1086E-05
  0.1444E-05
  0.1146E-05
  0.1028E-05
  0.7726E-06
  0.1080E-05
  0.1323E-05
  0.3483E-06
  0.8900E-06
  0.1493E-05
  0.3800E-06
  0.9210E-06
  0.1814E-05
  0.1360E-05
  0.2070E-05
  0.8244E-06
  0.1113E-05
  0.8401E-06
  0.1368E-05
  0.5877E-06
  0.3998E-06
  0.1830E-05
  0.1149E-05
  0.1176E-05
  0.1443E-05
  0.1115E-05
  0.4621E-06
  0.4069E-06
  0.5633E-06
  0.1493E-05
  0.7574E-06
  0.3956E-06
  0.4734E-06
  0.8719E-06
  0.8356E-06
  0.7507E-06
  0.6323E-06
  0.5397E-06
  0.4539E-06
  0.6821E-06
  0.7376E-06
  0.7627E-06
  0.4945E-06
  0.4798E-06
  0.2916E-06
  0.7128E-06
  0.4607E-06
  0.2804E-06
  0.3843E-06
  0.4184E-06
  0.6854E-06
  0.4374E-06
  0.2656E-06
  0.3743E-06
  0.4362E-06
  0.3500E-06
  0.4481E-06
  0.9804E-06
  0.1168E-06
  0.4180E-06
  0.3391E-06
  0.3052E-06
  0.2179E-06
  0.1731E-06
  0.3402E-06
  0.3285E-06
  0.2162E-06
  0.3053E-06
  0.3208E-06
  0.1976E-06
  0.2568E-06
  0.1771E-06
  0.2971E-06
  0.3433E-06
  0.2862E-06
  0.2603E-06
  0.9825E-07
  0.2218E-06
  0.6876E-07
  0.7859E-07
  0.1905E-06
  0.2296E-06
  0.2409E-06
  0.2320E-06
  0.1155E-06
  0.2680E-06
  0.1758E-06
  0.1223E-06
  0.1849E-06
  0.2313E-06
  0.1204E-06
  0.2232E-06
  0.1880E-06
  0.5526E-07
  0.1142E-06
  0.1166E-06
  0.2401E-06
  0.1685E-06
  0.1613E-06
  0.1318E-06
  0.1043E-06
  0.1249E-06
  0.7515E-07
  0.1049E-06
  0.2163E-06
  0.2670E-06
  0.2024E-06
  0.1141E-06
  0.1054E-06
  0.1651E-06
  0.1110E-06
  0.8143E-07
  0.1523E-06
  0.8210E-07
  0.1200E-06
  0.1866E-06
  0.1013E-06
  0.1564E-06
  0.1554E-06
  0.1627E-06
  0.7338E-07
  0.1292E-06
  0.1075E-06
  0.1111E-06
  0.1384E-06
  0.1647E-06
  0.1687E-06
  0.1001E-06
  0.6877E-07
  0.8245E-07
  0.1038E-06
  0.9509E-07
  0.9514E-07
  0.7681E-07
  0.1188E-06
  0.1745E-06
  0.7096E-07
  0.9586E-07
  0.1266E-06
  0.7878E-07
  0.7633E-07
  0.9469E-07
  0.7773E-07
  0.8829E-07
  0.5647E-07
  0.5881E-07
  0.3692E-07
  0.6693E-07
  0.4998E-07
  0.7741E-07
  0.4701E-07
  0.6271E-07
  0.4712E-07
  0.3094E-07
  0.3721E-07
  0.2009E-07
  0.2606E-08
  0.7110E-08
  0.2121E-07
  0.2899E-07
  0.4376E-07
  0.5602E-07
  0.3745E-07
  0.4328E-07
  0.6231E-07
  0.3932E-07
  0.4770E-07
  0.6487E-07
  0.8770E-07
  0.5139E-07
  0.4156E-07
  0.4121E-07
  0.4292E-07
  0.5217E-07
  0.4565E-07
  0.3762E-07
  0.5293E-07
  0.3537E-07
  0.3803E-07
  0.4020E-07
  0.4146E-07
  0.3240E-07
  0.3460E-07
  0.2202E-07
  0.3147E-07
  0.7263E-08
  0.3320E-07
  0.3457E-07
  0.3162E-07
  0.2138E-07
  0.1931E-07
  0.3810E-07
  0.1541E-07
  0.1833E-07
  0.1663E-07
  0.4299E-07
  0.5032E-07
  0.2342E-07
  0.8264E-08
  0.2574E-07
  0.2643E-07
  0.3074E-07
  0.2122E-07
  0.8201E-08
  0.1892E-07
  0.9710E-08
  0.2845E-07
  0.2678E-07
  0.1516E-07
  0.1929E-07
  0.2487E-07
  0.1981E-07
  0.2069E-07
  0.1919E-07
  0.1617E-07
  0.1059E-07
  0.2106E-07
  0.1098E-07
  0.1908E-07
  0.1383E-07
  0.1920E-07
  0.2610E-07
  0.1315E-07
  0.1380E-07
  0.5461E-08
  0.3891E-08
  0.1593E-07
  0.8094E-08
  0.1706E-07
  0.7853E-08
  0.2418E-07
  0.1440E-07
  0.8552E-08
  0.1154E-07
  0.1320E-07
  0.9942E-08
  0.5561E-08
  0.6042E-08
  0.2576E-08
  0.8837E-08
  0.1300E-07
  0.1582E-07
  0.1103E-07
  0.1023E-07
  0.2079E-07
  0.1214E-07
  0.9764E-08
  0.4280E-08
  0.1191E-07
  0.9525E-08
  0.3171E-08
  0.9733E-08
  0.4044E-08
  0.9022E-08
  0.4990E-08
  0.1033E-07
  0.7525E-08
  0.5667E-08
  0.9258E-08
  0.7704E-08
  0.7011E-08
  0.2107E-07
  0.3547E-08
  0.1464E-07
  0.2957E-08
  0.2003E-08
  0.9676E-08
  0.9819E-08
  0.1081E-07
  0.9536E-08
  0.8887E-08
  0.1548E-07
  0.9904E-08
  0.1185E-07
  0.4792E-08
  0.9896E-08
  0.7630E-08
  0.6185E-08
  0.1044E-07
  0.4477E-08
  0.1078E-07
  0.7781E-08
  0.4430E-08
  0.2647E-08
  0.1455E-08
  0.2031E-08
  0.5797E-08
  0.3874E-08
  0.6612E-08
  0.2223E-08
  0.4040E-08
  0.6894E-08
  0.3200E-08
  0.4785E-08
  0.4654E-08
  0.9292E-09
  0.5086E-09
  0.4576E-08
  0.2055E-09
  0.7817E-09
  0.1190E-08
  0.1687E-08
  0.4045E-08
  0.1747E-08
  0.2380E-08
  0.5057E-08
  0.4972E-08
  0.4185E-08
  0.2680E-08
  0.9153E-09
  0.3095E-08
  0.6985E-09
  0.1764E-09
  0.4983E-09
  0.1195E-08
  0.2949E-08
  0.2860E-08
  0.3647E-08
  0.2999E-08
  0.3893E-08
  0.4923E-08
  0.6158E-08
  0.1795E-08
  0.2234E-08
  0.5564E-08
  0.3778E-08
  0.1679E-08
  0.3922E-08
  0.3500E-08
  0.4749E-08
  0.2981E-08
  0.2116E-08
  0.1803E-08
  0.8902E-09
  0.1719E-08
  0.1976E-08
  0.9832E-09
  0.1444E-08
  0.1957E-08
  0.6593E-09
  0.5098E-09
  0.1525E-08
  0.1386E-08
  0.6466E-09
  0.7502E-09
  0.1533E-08
  0.6003E-09
  0.1649E-09
  0.9645E-09
  0.5875E-09
  0.1026E-08
  0.1164E-08
  0.1263E-08
  0.1008E-08
  0.1534E-08
  0.3136E-09
  0.4965E-09
  0.3931E-09
  0.5640E-09
  0.5105E-09
  0.3576E-09
  0.1903E-09
  0.1913E-09
  0.3537E-09
  0.4014E-09
  0.1366E-09
  0.1229E-08
  0.1348E-08
  0.1952E-08
  0.1278E-08
  0.1853E-08
  0.8307E-09
  0.6966E-09
  0.3488E-09
  0.1457E-08
  0.4682E-09
  0.7778E-09
  0.2388E-09
  0.3383E-09
  0.4865E-09
  0.9118E-10
  0.5156E-09
  0.3926E-09
  0.1561E-08
  0.7525E-09
  0.1197E-08
  0.1271E-08
  0.1017E-08
  0.1080E-08
  0.1551E-08
  0.7565E-09
  0.9714E-09
  0.5763E-09
  0.1135E-08
  0.8429E-09
  0.3961E-09
  0.4370E-09
  0.2216E-09
  0.7566E-09
  0.1971E-08
  0.8136E-09
  0.1052E-08
  0.4253E-09
  0.2386E-09
  0.3146E-10
  0.1784E-10
  0.3627E-10
  0.4373E-10
  0.4722E-11
  0.1258E-09
  0.9156E-10
  0.6883E-10
  0.5921E-09
  0.3078E-09
  0.4419E-09
  0.8026E-10
  0.7936E-09
  0.7844E-09
  0.1098E-09
  0.2694E-09
  0.2950E-09
  0.2482E-09
  0.4553E-09
  0.9368E-10
  0.3020E-10
  0.7649E-10
  0.7419E-10
  0.1631E-09
  0.4844E-10
  0.1401E-09
  0.6111E-09
  0.1705E-09
  0.1261E-08
  0.2176E-09
  0.3371E-09
  0.2551E-10
  0.2545E-09
  0.2726E-09
  0.1672E-10
  0.1380E-10
  0.2988E-10
  0.1490E-10
  0.6079E-10
  0.2429E-10
  0.4260E-11
  0.3555E-10
  0.5060E-09
  0.2727E-09
  0.5933E-10
  0.1412E-09
  0.2683E-10
  0.3183E-10
  0.3153E-10
  0.5525E-10
  0.1498E-10
  0.2790E-10
  0.2107E-10
  0.9451E-11
  0.5382E-11
  0.2361E-11
  0.2652E-10
  0.1044E-09
  0.2505E-09
  0.3504E-09
  0.1617E-09
  0.4406E-10
  0.1311E-09
  0.6339E-10
  0.4942E-10
  0.5228E-10
  0.2338E-09
  0.8355E-10
  0.7474E-10
  0.1194E-09
  0.1282E-09
  0.1145E-09
  0.4990E-10
  0.1979E-09
  0.6885E-10
  0.1910E-09
  0.1626E-09
  0.4006E-09
  0.8396E-10
  0.1529E-09
  0.6434E-10
  0.1385E-09
  0.2734E-10
  0.5387E-11
  0.3930E-10
  0.5994E-11
  0.5657E-11
  0.6096E-11
  0.1297E-11
  0.3462E-12
  0.3809E-10
  0.2358E-09
  0.3136E-10
  0.6067E-10
  0.1190E-09
  0.6841E-10
  0.2385E-10
  0.4209E-10
  0.3041E-10
  0.6193E-10
  0.1675E-10
  0.1577E-10
  0.5158E-11
  0.3518E-10
  0.4453E-11
  0.1251E-10
  0.1460E-10
  0.2164E-10
  0.6876E-10
  0.1499E-10
  0.1724E-10
  0.5843E-10
  0.5713E-10
  0.1435E-11
  0.1619E-10
  0.3031E-10
  0.2467E-10
  0.7553E-10
  0.7964E-11
  0.3884E-11
  0.4611E-11
  0.2728E-11
  0.1322E-11
  0.1107E-09
  0.1012E-09
  0.7439E-10
  0.9705E-10
  0.6684E-10
  0.6138E-10
  0.4550E-10
  0.2202E-10
  0.9151E-11
  0.7980E-11
  0.2601E-11
  0.1454E-10
  0.2957E-11
  0.7658E-11
  0.1217E-10
  0.1829E-10
  0.5229E-10
  0.3329E-10
  0.2619E-10
  0.1518E-10
  0.5686E-11
  0.1476E-10
  0.1110E-10
  0.6806E-11
  0.3255E-10
  0.2215E-10
  0.1218E-10
  0.7104E-12
  0.5623E-12
  0.2646E-12
  0.6842E-11
  0.8899E-12
  0.1037E-10
  0.2305E-10
  0.7730E-11
  0.6811E-11
  0.4624E-11
  0.1795E-10
  0.3225E-11
  0.4362E-11
  0.1024E-10
  0.1597E-11
  0.5148E-11
  0.8937E-11
  0.1948E-11
  0.3523E-12
  0.5597E-12
  0.6315E-10
  0.1780E-10
  0.6592E-11
  0.4430E-11
  0.4895E-11
  0.6320E-11
  0.1658E-10
  0.1529E-10
  0.2024E-11
  0.8658E-12
  0.7978E-12
  0.2651E-10
  0.3730E-11
  0.9089E-12
  0.1494E-11
  0.1565E-11
  0.1333E-12
  0.5006E-11
  0.1599E-10
  0.1413E-10
  0.2257E-10
  0.8236E-11
  0.1213E-11
  0.3045E-11
  0.4682E-11
  0.1032E-10
  0.5066E-11
  0.7672E-12
  0.3075E-11
  0.4209E-11
  0.1639E-11
  0.9998E-11
  0.1745E-12
  0.4104E-11
  0.2432E-10
  0.2863E-10
  0.1635E-10
  0.7775E-11
  0.4539E-11
  0.3593E-11
  0.3944E-11
  0.5254E-11
  0.1892E-12
  0.4458E-13
  0.8752E-12
  0.1761E-11
  0.1765E-11
  0.7676E-11
  0.4051E-12
  0.1785E-11
  0.2051E-10
  0.2995E-11
  0.4415E-12
  0.6308E-12
  0.8906E-12
  0.7794E-11
  0.1502E-11
  0.2707E-11
  0.2860E-11
  0.2058E-11
  0.6693E-12
  0.3091E-12
  0.2211E-11
  0.1476E-10
  0.7542E-12
  0.4581E-11
  0.2180E-11
  0.2504E-12
  0.1058E-12
  0.6264E-12
  0.1431E-11
  0.2313E-11
  0.1592E-11
  0.1130E-11
  0.1588E-10
  0.3203E-11
  0.4039E-11
  0.2203E-11
  0.5463E-12
  0.4472E-12
  0.1699E-12
  0.5372E-11
  0.4519E-11
  0.1472E-10
  0.2287E-11
  0.2848E-11
  0.1435E-11
  0.1294E-11
  0.4636E-12
  0.1575E-11
  0.2122E-11
  0.6878E-12
  0.4285E-11
  0.3962E-11
  0.4448E-11
  0.1153E-11
  0.7112E-12
  0.3064E-11
  0.1593E-11
  0.1491E-11
  0.7742E-11
  0.2385E-11
  0.7044E-12
  0.7047E-12
  0.1993E-11
  0.1622E-11
  0.2176E-11
  0.2719E-11
  0.1810E-11
  0.9067E-12
  0.9495E-12
  0.3055E-11
  0.8377E-12
  0.1029E-11
  0.8169E-12
  0.5010E-12
  0.3846E-12
  0.5425E-12
  0.3411E-12
  0.5979E-12
  0.5994E-12
  0.6398E-12
  0.6769E-12
  0.2091E-11
  0.1486E-11
  0.2122E-11
  0.6885E-12
  0.1286E-11
  0.1972E-11
  0.1565E-11
  0.1636E-11
  0.1003E-11
  0.7255E-12
  0.4743E-12
  0.8414E-12
  0.1179E-11
  0.3546E-12
  0.6527E-12
  0.8727E-12
  0.1096E-11
  0.7927E-12
  0.7891E-12
  0.1021E-11
  0.2873E-12
  0.9510E-12
  0.1180E-11
  0.1026E-11
  0.4872E-12
  0.1025E-11
  0.1650E-11
  0.1313E-11
  0.4306E-12
  0.6067E-12
  0.2892E-12
  0.2644E-12
  0.6428E-12
  0.5629E-12
  0.3696E-12
  0.6425E-12
  0.8638E-12
  0.8912E-12
  0.4317E-12
  0.1139E-11
  0.3643E-12
  0.2480E-12
  0.9564E-12
  0.9689E-12
  0.1066E-11
  0.3755E-12
  0.7236E-12
  0.1397E-11
  0.9508E-12
  0.3594E-12
  0.6273E-12
  0.5701E-12
  0.6950E-12
  0.1499E-12
  0.7111E-12
  0.1139E-11
  0.3879E-12
  0.4426E-11
