  0.2325E+04
  0.2299E+04
  0.1972E+04
  0.1555E+04
  0.1213E+04
  0.9078E+03
  0.6500E+03
  0.4065E+03
  0.2274E+03
  0.1292E+03
  0.7631E+02
  0.5013E+02
  0.3650E+02
  0.2803E+02
  0.2147E+02
  0.1639E+02
  0.1243E+02
  0.9365E+01
  0.6993E+01
  0.5170E+01
  0.3778E+01
  0.2725E+01
  0.1936E+01
  0.1354E+01
  0.9293E+00
  0.6253E+00
  0.4727E+00
  0.3816E+00
  0.3262E+00
  0.2951E+00
  0.2976E+00
  0.3180E+00
  0.3726E+00
  0.4834E+00
  0.6486E+00
  0.9348E+00
  0.1278E+01
  0.1685E+01
  0.1857E+01
  0.1556E+01
  0.1070E+01
  0.6896E+00
  0.4916E+00
  0.3251E+00
  0.1388E+00
  0.5272E-01
  0.3582E-01
  0.3822E-02
  0.2115E-02
  0.6103E-05
