 Longwave optical depth [dimless]
  0.2268E+02
  0.2616E+02
  0.3066E+02
  0.3681E+02
  0.4560E+02
  0.5366E+02
  0.6982E+02
  0.9019E+02
  0.1812E+03
  0.2852E+03
  0.3743E+03
  0.5474E+03
  0.8168E+03
  0.1432E+04
  0.2478E+04
  0.1663E+04
  0.1125E+04
  0.1050E+04
  0.1310E+04
  0.2005E+04
  0.1719E+04
  0.1317E+04
  0.1290E+04
  0.1480E+04
  0.2012E+04
  0.2942E+04
  0.3899E+04
  0.5253E+04
  0.9501E+04
  0.1245E+05
  0.1353E+05
  0.1079E+05
  0.8176E+04
  0.5257E+04
  0.4281E+04
  0.4385E+04
  0.5810E+04
  0.7790E+04
  0.5690E+04
  0.5276E+04
  0.6269E+04
  0.8991E+04
  0.1495E+05
  0.2555E+05
  0.3542E+05
  0.3192E+05
  0.1919E+05
  0.1380E+05
  0.1151E+05
  0.1314E+05
  0.1235E+05
  0.1020E+05
  0.8251E+04
  0.9271E+04
  0.1135E+05
  0.1195E+05
  0.1578E+05
  0.2553E+05
  0.2877E+05
  0.2659E+05
  0.2305E+05
  0.1774E+05
  0.2129E+05
  0.2630E+05
  0.2121E+05
  0.2191E+05
  0.1685E+05
  0.1709E+05
  0.2410E+05
  0.4618E+05
  0.5880E+05
  0.3780E+05
  0.3517E+05
  0.5003E+05
  0.3830E+05
  0.2748E+05
  0.3062E+05
  0.3081E+05
  0.4780E+05
  0.7012E+05
  0.7017E+05
  0.3749E+05
  0.3293E+05
  0.4268E+05
  0.3670E+05
  0.2465E+05
  0.1913E+05
  0.1922E+05
  0.2674E+05
  0.1849E+05
  0.1314E+05
  0.1205E+05
  0.1359E+05
  0.1785E+05
  0.2382E+05
  0.4029E+05
  0.5512E+05
  0.6870E+05
  0.3567E+05
  0.3045E+05
  0.4642E+05
  0.6257E+05
  0.3603E+05
  0.2744E+05
  0.3483E+05
  0.5588E+05
  0.4331E+05
  0.2570E+05
  0.2162E+05
  0.2718E+05
  0.6022E+05
  0.6625E+05
  0.4026E+05
  0.2344E+05
  0.1771E+05
  0.1773E+05
  0.2181E+05
  0.3331E+05
  0.6608E+05
  0.1107E+06
  0.1248E+06
  0.6941E+05
  0.6074E+05
  0.3512E+05
  0.2992E+05
  0.4943E+05
  0.4280E+05
  0.1935E+05
  0.1357E+05
  0.1179E+05
  0.1162E+05
  0.1333E+05
  0.1931E+05
  0.2420E+05
  0.3320E+05
  0.6932E+05
  0.6792E+05
  0.3761E+05
  0.3484E+05
  0.2919E+05
  0.5821E+05
  0.4289E+05
  0.2832E+05
  0.1863E+05
  0.2354E+05
  0.1692E+05
  0.1168E+05
  0.9988E+04
  0.1105E+05
  0.1680E+05
  0.2170E+05
  0.1288E+05
  0.1022E+05
  0.1185E+05
  0.2411E+05
  0.2510E+05
  0.1474E+05
  0.1660E+05
  0.1843E+05
  0.2800E+05
  0.5870E+05
  0.1635E+06
  0.1216E+06
  0.4807E+05
  0.3207E+05
  0.3966E+05
  0.6294E+05
  0.3205E+05
  0.1890E+05
  0.2239E+05
  0.1743E+05
  0.1689E+05
  0.9906E+04
  0.8614E+04
  0.9156E+04
  0.1226E+05
  0.2134E+05
  0.2486E+05
  0.2437E+05
  0.2669E+05
  0.4920E+05
  0.7723E+05
  0.6070E+05
  0.2416E+05
  0.1805E+05
  0.1029E+05
  0.7476E+04
  0.5601E+04
  0.4796E+04
  0.4423E+04
  0.4360E+04
  0.4568E+04
  0.5214E+04
  0.6722E+04
  0.1059E+05
  0.1924E+05
  0.2495E+05
  0.3696E+05
  0.3721E+05
  0.2011E+05
  0.1761E+05
  0.3089E+05
  0.1099E+06
  0.6769E+05
  0.2083E+05
  0.1038E+05
  0.6492E+04
  0.4780E+04
  0.3948E+04
  0.3630E+04
  0.3784E+04
  0.4940E+04
  0.8205E+04
  0.5871E+04
  0.3713E+04
  0.3204E+04
  0.3286E+04
  0.3826E+04
  0.4679E+04
  0.7255E+04
  0.1362E+05
  0.2982E+05
  0.6464E+05
  0.2682E+05
  0.2209E+05
  0.2842E+05
  0.1312E+05
  0.7302E+04
  0.5303E+04
  0.5671E+04
  0.9430E+04
  0.1286E+05
  0.6642E+04
  0.3771E+04
  0.2773E+04
  0.2456E+04
  0.2502E+04
  0.2983E+04
  0.4174E+04
  0.5934E+04
  0.1291E+05
  0.4298E+05
  0.5509E+05
  0.1180E+05
  0.5030E+04
  0.2974E+04
  0.2193E+04
  0.1858E+04
  0.1679E+04
  0.1739E+04
  0.2248E+04
  0.3840E+04
  0.2741E+04
  0.1841E+04
  0.1730E+04
  0.2041E+04
  0.3004E+04
  0.5809E+04
  0.1405E+05
  0.9640E+04
  0.7920E+04
  0.2491E+05
  0.1288E+05
  0.4154E+04
  0.2473E+04
  0.2214E+04
  0.2997E+04
  0.5669E+04
  0.4081E+04
  0.2144E+04
  0.1672E+04
  0.2027E+04
  0.2221E+04
  0.1725E+04
  0.1762E+04
  0.1287E+04
  0.1338E+04
  0.1701E+04
  0.3815E+04
  0.2619E+05
  0.7847E+04
  0.9469E+04
  0.5620E+04
  0.6664E+04
  0.3466E+04
  0.4184E+04
  0.2610E+04
  0.1360E+04
  0.8763E+03
  0.6920E+03
  0.5953E+03
  0.5497E+03
  0.5562E+03
  0.6510E+03
  0.9808E+03
  0.1875E+04
  0.1305E+04
  0.1152E+04
  0.2542E+04
  0.7286E+04
  0.4649E+04
  0.1536E+04
  0.7670E+03
  0.5518E+03
  0.5168E+03
  0.6125E+03
  0.1080E+04
  0.1706E+04
  0.1116E+04
  0.6034E+03
  0.4438E+03
  0.4142E+03
  0.4342E+03
  0.5908E+03
  0.1685E+04
  0.2402E+04
  0.1952E+04
  0.3207E+04
  0.3058E+04
  0.1844E+04
  0.9381E+03
  0.4824E+03
  0.3494E+03
  0.2959E+03
  0.2668E+03
  0.2451E+03
  0.2378E+03
  0.2401E+03
  0.2510E+03
  0.2813E+03
  0.3408E+03
  0.4680E+03
  0.7551E+03
  0.1656E+04
  0.3685E+04
  0.3711E+04
  0.1617E+04
  0.1031E+04
  0.8700E+03
  0.5532E+03
  0.4349E+03
  0.2852E+03
  0.2405E+03
  0.2517E+03
  0.3328E+03
  0.2438E+03
  0.2029E+03
  0.2254E+03
  0.5185E+03
  0.2624E+03
  0.1971E+03
  0.2397E+03
  0.4110E+03
  0.5945E+03
  0.6570E+03
  0.2751E+03
  0.2511E+03
  0.2686E+03
  0.1641E+03
  0.1597E+03
  0.1930E+03
  0.2884E+03
  0.3124E+03
  0.3349E+03
  0.6049E+03
  0.1496E+04
  0.1180E+04
  0.4580E+03
  0.3519E+03
  0.2119E+03
  0.1525E+03
  0.1359E+03
  0.1397E+03
  0.1858E+03
  0.2269E+03
  0.2295E+03
  0.4161E+03
  0.9534E+03
  0.5405E+03
  0.2433E+03
  0.1898E+03
  0.1295E+03
  0.1106E+03
  0.1120E+03
  0.1346E+03
  0.1844E+03
  0.3628E+03
  0.2918E+03
  0.2063E+03
  0.1125E+03
  0.9484E+02
  0.9927E+02
  0.1381E+03
  0.1804E+03
  0.1101E+03
  0.8601E+02
  0.7738E+02
  0.7819E+02
  0.8758E+02
  0.1195E+03
  0.2398E+03
  0.5888E+03
  0.2395E+03
  0.1746E+03
  0.2586E+03
  0.3443E+03
  0.1717E+03
  0.1220E+03
  0.1081E+03
  0.9620E+02
  0.1029E+03
  0.1385E+03
  0.2392E+03
  0.3749E+03
  0.2958E+03
  0.3055E+03
  0.1749E+03
  0.1488E+03
  0.1703E+03
  0.2887E+03
  0.6671E+03
  0.2782E+03
  0.1822E+03
  0.1554E+03
  0.1481E+03
  0.1509E+03
  0.1625E+03
  0.1685E+03
  0.1910E+03
  0.1656E+03
  0.1560E+03
  0.1737E+03
  0.2185E+03
  0.3123E+03
  0.6390E+03
  0.1314E+04
  0.8695E+03
  0.4739E+03
  0.3100E+03
  0.2992E+03
  0.2334E+03
  0.2131E+03
  0.2213E+03
  0.2514E+03
  0.2649E+03
  0.2630E+03
  0.2730E+03
  0.3076E+03
  0.3666E+03
  0.4060E+03
  0.4653E+03
  0.5465E+03
  0.6720E+03
  0.8323E+03
  0.9625E+03
  0.1194E+04
  0.1364E+04
  0.1585E+04
  0.1954E+04
  0.2567E+04
  0.3424E+04
  0.3654E+04
  0.4279E+04
  0.5514E+04
  0.7393E+04
  0.8624E+04
  0.9433E+04
  0.1120E+05
  0.1433E+05
  0.1992E+05
  0.2096E+05
  0.2320E+05
  0.2798E+05
  0.3711E+05
  0.4931E+05
  0.5211E+05
  0.6417E+05
  0.8593E+05
  0.8625E+05
  0.8958E+05
  0.8366E+05
  0.8582E+05
  0.9727E+05
  0.1230E+06
  0.1194E+06
  0.1099E+06
  0.1094E+06
  0.1193E+06
  0.1437E+06
  0.1396E+06
  0.1574E+06
  0.2283E+06
  0.4474E+06
  0.1174E+07
  0.7628E+06
  0.3195E+06
  0.2215E+06
  0.1997E+06
  0.2021E+06
  0.2240E+06
  0.2683E+06
  0.3356E+06
  0.3931E+06
  0.4687E+06
  0.5886E+06
  0.7674E+06
  0.8837E+06
  0.1002E+07
  0.1263E+07
  0.1480E+07
  0.2011E+07
  0.3187E+07
  0.2940E+07
  0.3144E+07
  0.3652E+07
  0.4492E+07
  0.6234E+07
  0.9385E+07
  0.9375E+07
  0.7857E+07
  0.7835E+07
  0.9184E+07
  0.1315E+08
  0.1206E+08
  0.9787E+07
  0.9280E+07
  0.9806E+07
  0.1170E+08
  0.1321E+08
  0.1089E+08
  0.1204E+08
  0.1766E+08
  0.3600E+08
  0.1443E+09
  0.9512E+08
  0.3791E+08
  0.2104E+08
  0.1463E+08
  0.1269E+08
  0.1352E+08
  0.2145E+08
  0.1460E+08
  0.1207E+08
  0.1178E+08
  0.1365E+08
  0.1976E+08
  0.1130E+08
  0.9315E+07
  0.9111E+07
  0.1085E+08
  0.9236E+07
  0.6358E+07
  0.5393E+07
  0.5386E+07
  0.6944E+07
  0.3603E+07
  0.2729E+07
  0.2438E+07
  0.2515E+07
  0.1819E+07
  0.1284E+07
  0.1060E+07
  0.9729E+06
  0.8285E+06
  0.5755E+06
  0.4837E+06
  0.4083E+06
  0.3708E+06
  0.2772E+06
  0.2492E+06
  0.2292E+06
  0.2078E+06
  0.2023E+06
  0.2594E+06
  0.4701E+06
  0.1092E+07
  0.9664E+06
  0.3485E+06
  0.1869E+06
  0.1308E+06
  0.1118E+06
  0.1141E+06
  0.1448E+06
  0.1205E+06
  0.1116E+06
  0.1107E+06
  0.1168E+06
  0.1339E+06
  0.1234E+06
  0.1029E+06
  0.9364E+05
  0.9356E+05
  0.1059E+06
  0.1029E+06
  0.6964E+05
  0.5307E+05
  0.4280E+05
  0.3758E+05
  0.3442E+05
  0.3158E+05
  0.2310E+05
  0.1774E+05
  0.1437E+05
  0.1225E+05
  0.1081E+05
  0.9544E+04
  0.7020E+04
  0.5303E+04
  0.4257E+04
  0.3527E+04
  0.3011E+04
  0.2548E+04
  0.2004E+04
  0.1555E+04
  0.1295E+04
  0.1119E+04
  0.1020E+04
  0.8169E+03
  0.6687E+03
  0.5873E+03
  0.5420E+03
  0.5201E+03
  0.4507E+03
  0.3994E+03
  0.3732E+03
  0.3678E+03
  0.3675E+03
  0.3304E+03
  0.3266E+03
  0.3732E+03
  0.5192E+03
  0.9364E+03
  0.2353E+04
  0.2757E+04
  0.1189E+04
  0.6318E+03
  0.4460E+03
  0.3890E+03
  0.4015E+03
  0.3849E+03
  0.3552E+03
  0.3442E+03
  0.3533E+03
  0.3783E+03
  0.3564E+03
  0.3078E+03
  0.2793E+03
  0.2674E+03
  0.2678E+03
  0.2394E+03
  0.1938E+03
  0.1645E+03
  0.1474E+03
  0.1346E+03
  0.1146E+03
  0.8788E+02
  0.7097E+02
  0.6073E+02
  0.5419E+02
  0.4681E+02
  0.4101E+02
  0.4910E+02
  0.6355E+02
  0.3759E+02
  0.2410E+02
  0.1731E+02
  0.1398E+02
  0.1219E+02
  0.1114E+02
  0.1015E+02
  0.9537E+01
  0.9505E+01
  0.8770E+01
  0.8119E+01
  0.7622E+01
  0.7360E+01
  0.7140E+01
  0.6677E+01
  0.6310E+01
  0.6403E+01
  0.6068E+01
  0.6511E+01
  0.5537E+01
  0.5060E+01
  0.4811E+01
  0.4902E+01
  0.4322E+01
  0.4115E+01
  0.4641E+01
  0.6573E+01
  0.1157E+02
  0.1171E+02
  0.5984E+01
  0.3969E+01
  0.3317E+01
  0.3165E+01
  0.3451E+01
  0.3298E+01
  0.3159E+01
  0.3207E+01
  0.3358E+01
  0.3494E+01
  0.3880E+01
  0.3778E+01
  0.3820E+01
  0.4360E+01
  0.4450E+01
  0.4730E+01
  0.5509E+01
  0.5750E+01
  0.6097E+01
  0.6862E+01
  0.7191E+01
  0.7530E+01
  0.8609E+01
  0.9592E+01
  0.9710E+01
  0.1091E+02
  0.1302E+02
  0.1247E+02
  0.1370E+02
  0.1541E+02
  0.1612E+02
  0.1687E+02
  0.1803E+02
  0.1887E+02
  0.2042E+02
  0.2138E+02
  0.2099E+02
  0.2338E+02
  0.2385E+02
  0.2682E+02
  0.2925E+02
  0.3154E+02
  0.3802E+02
  0.3719E+02
  0.4438E+02
  0.4649E+02
  0.4951E+02
  0.6445E+02
  0.6147E+02
  0.7853E+02
  0.8894E+02
  0.9379E+02
  0.1319E+03
  0.1304E+03
  0.1467E+03
  0.2007E+03
  0.1860E+03
  0.2125E+03
  0.2742E+03
  0.2502E+03
  0.2785E+03
  0.3581E+03
  0.3165E+03
  0.3294E+03
  0.4041E+03
  0.3737E+03
  0.3511E+03
  0.3797E+03
  0.4066E+03
  0.3367E+03
  0.3079E+03
  0.3016E+03
  0.2764E+03
  0.2056E+03
  0.1597E+03
  0.1279E+03
  0.1132E+03
  0.1379E+03
  0.1910E+03
  0.2673E+03
  0.3258E+03
  0.3619E+03
  0.3940E+03
  0.4244E+03
  0.4517E+03
  0.4726E+03
  0.4835E+03
  0.4817E+03
  0.4658E+03
  0.4351E+03
  0.3952E+03
  0.3480E+03
  0.2979E+03
  0.2476E+03
  0.2014E+03
  0.1609E+03
  0.1265E+03
  0.9917E+02
  0.7700E+02
  0.5595E+02
  0.4088E+02
  0.2975E+02
  0.2171E+02
  0.1654E+02
  0.1232E+02
  0.1004E+02
  0.9035E+01
  0.7394E+01
  0.7221E+01
  0.7413E+01
  0.6693E+01
  0.6860E+01
  0.7770E+01
  0.7600E+01
  0.7483E+01
  0.9222E+01
  0.9155E+01
  0.1096E+02
  0.1054E+02
  0.1356E+02
  0.1452E+02
  0.1666E+02
  0.2306E+02
  0.2383E+02
  0.3708E+02
  0.3644E+02
  0.4788E+02
  0.5824E+02
  0.6294E+02
  0.9538E+02
  0.8909E+02
  0.1144E+03
  0.1374E+03
  0.1398E+03
  0.2013E+03
  0.1949E+03
  0.2186E+03
  0.3060E+03
  0.2754E+03
  0.3257E+03
  0.4127E+03
  0.3760E+03
  0.4430E+03
  0.5406E+03
  0.4836E+03
  0.5391E+03
  0.6738E+03
  0.5751E+03
  0.5802E+03
  0.6801E+03
  0.6268E+03
  0.5533E+03
  0.5487E+03
  0.5746E+03
  0.4552E+03
  0.3688E+03
  0.3095E+03
  0.2562E+03
  0.2095E+03
  0.2414E+03
  0.3414E+03
  0.4333E+03
  0.5044E+03
  0.5750E+03
  0.6493E+03
  0.7239E+03
  0.7980E+03
  0.8586E+03
  0.8964E+03
  0.9046E+03
  0.8802E+03
  0.8265E+03
  0.7569E+03
  0.6725E+03
  0.5808E+03
  0.4879E+03
  0.4028E+03
  0.3278E+03
  0.2650E+03
  0.2136E+03
  0.1670E+03
  0.1232E+03
  0.9149E+02
  0.6763E+02
  0.4832E+02
  0.3514E+02
  0.2534E+02
  0.1843E+02
  0.1351E+02
  0.9728E+01
  0.7023E+01
  0.5276E+01
  0.4507E+01
  0.3606E+01
  0.2425E+01
  0.1949E+01
  0.1967E+01
  0.1514E+01
  0.1029E+01
  0.8078E+00
  0.6662E+00
  0.6407E+00
  0.6759E+00
  0.9535E+00
  0.2023E+01
  0.9944E+00
  0.6131E+00
  0.5084E+00
  0.4780E+00
  0.4729E+00
  0.4943E+00
  0.5403E+00
  0.6227E+00
  0.8086E+00
  0.1299E+01
  0.2990E+01
  0.4549E+01
  0.2587E+01
  0.1300E+01
  0.8122E+00
  0.6467E+00
  0.5688E+00
  0.5343E+00
  0.5351E+00
  0.5753E+00
  0.7067E+00
  0.1151E+01
  0.1584E+01
  0.1269E+01
  0.1427E+01
  0.8942E+00
  0.6752E+00
  0.5850E+00
  0.5629E+00
  0.5703E+00
  0.5954E+00
  0.6502E+00
  0.8018E+00
  0.1138E+01
  0.1989E+01
  0.1827E+01
  0.1185E+01
  0.1079E+01
  0.1229E+01
  0.1654E+01
  0.2889E+01
  0.7095E+01
  0.1051E+02
  0.3998E+01
  0.2056E+01
  0.1490E+01
  0.1239E+01
  0.1213E+01
  0.1222E+01
  0.1501E+01
  0.2318E+01
  0.4939E+01
  0.7093E+01
  0.3130E+01
  0.1832E+01
  0.1478E+01
  0.1289E+01
  0.1395E+01
  0.1422E+01
  0.1962E+01
  0.3738E+01
  0.4671E+01
  0.2303E+01
  0.1604E+01
  0.1410E+01
  0.1426E+01
  0.1596E+01
  0.1967E+01
  0.2157E+01
  0.2787E+01
  0.4248E+01
  0.8016E+01
  0.1098E+02
  0.6445E+01
  0.4955E+01
  0.4930E+01
  0.6337E+01
  0.8920E+01
  0.7450E+01
  0.7990E+01
  0.9508E+01
  0.1218E+02
  0.1981E+02
  0.1814E+02
  0.1548E+02
  0.1642E+02
  0.2084E+02
  0.2190E+02
  0.2497E+02
  0.3230E+02
  0.3475E+02
  0.3911E+02
  0.4903E+02
  0.5467E+02
  0.5784E+02
  0.6913E+02
  0.8348E+02
  0.8656E+02
  0.9302E+02
  0.1145E+03
  0.9144E+02
  0.9167E+02
  0.1158E+03
  0.9051E+02
  0.8149E+02
  0.8373E+02
  0.7120E+02
  0.5589E+02
  0.5060E+02
  0.5084E+02
  0.6817E+02
  0.6976E+02
  0.8491E+02
  0.7219E+02
  0.8178E+02
  0.1085E+03
  0.1110E+03
  0.1168E+03
  0.1358E+03
  0.1624E+03
  0.1401E+03
  0.1091E+03
  0.1187E+03
  0.8846E+02
  0.7750E+02
  0.7741E+02
  0.7633E+02
  0.6038E+02
  0.5332E+02
  0.5789E+02
  0.4537E+02
  0.4429E+02
  0.6192E+02
  0.5270E+02
  0.3388E+02
  0.2746E+02
  0.1994E+02
  0.1703E+02
  0.1610E+02
  0.2162E+02
  0.1836E+02
  0.1244E+02
  0.1104E+02
  0.1092E+02
  0.1106E+02
  0.1203E+02
  0.1483E+02
  0.1955E+02
  0.3019E+02
  0.3798E+02
  0.3087E+02
  0.4408E+02
  0.1226E+03
  0.1102E+03
  0.1098E+03
  0.9955E+02
  0.1499E+03
  0.1882E+03
  0.1579E+03
  0.1001E+03
  0.5306E+02
  0.4233E+02
  0.3362E+02
  0.3266E+02
  0.3236E+02
  0.3506E+02
  0.4203E+02
  0.4217E+02
  0.4845E+02
  0.6148E+02
  0.9468E+02
  0.2396E+03
  0.3024E+03
  0.5480E+03
  0.5194E+03
  0.3479E+03
  0.1711E+03
  0.1275E+03
  0.1192E+03
  0.1258E+03
  0.1339E+03
  0.1715E+03
  0.1988E+03
  0.1759E+03
  0.1705E+03
  0.1983E+03
  0.2883E+03
  0.2141E+03
  0.2110E+03
  0.2500E+03
  0.3703E+03
  0.1087E+04
  0.8560E+03
  0.1002E+04
  0.3565E+03
  0.2431E+03
  0.2871E+03
  0.4675E+03
  0.3483E+03
  0.3687E+03
  0.5801E+03
  0.1124E+04
  0.9696E+03
  0.6094E+03
  0.4335E+03
  0.3856E+03
  0.3511E+03
  0.2898E+03
  0.2982E+03
  0.3408E+03
  0.4352E+03
  0.8617E+03
  0.2700E+04
  0.9955E+03
  0.5383E+03
  0.5333E+03
  0.7024E+03
  0.1564E+04
  0.2409E+04
  0.1507E+04
  0.1358E+04
  0.1649E+04
  0.1413E+04
  0.7378E+03
  0.5663E+03
  0.6760E+03
  0.1062E+04
  0.6741E+03
  0.4356E+03
  0.3718E+03
  0.4130E+03
  0.4370E+03
  0.4609E+03
  0.4799E+03
  0.6443E+03
  0.1162E+04
  0.2654E+04
  0.4017E+04
  0.5081E+04
  0.1872E+04
  0.1195E+04
  0.1359E+04
  0.1002E+04
  0.7195E+03
  0.7340E+03
  0.1020E+04
  0.1678E+04
  0.1145E+04
  0.1034E+04
  0.1240E+04
  0.1906E+04
  0.4756E+04
  0.4324E+04
  0.1792E+04
  0.1054E+04
  0.8140E+03
  0.7228E+03
  0.7182E+03
  0.7991E+03
  0.1049E+04
  0.1761E+04
  0.1721E+04
  0.1229E+04
  0.1308E+04
  0.1708E+04
  0.2122E+04
  0.4101E+04
  0.8772E+04
  0.9545E+04
  0.5857E+04
  0.3282E+04
  0.2143E+04
  0.1989E+04
  0.2688E+04
  0.4181E+04
  0.2669E+04
  0.1868E+04
  0.1785E+04
  0.2310E+04
  0.4156E+04
  0.6243E+04
  0.6520E+04
  0.3613E+04
  0.3833E+04
  0.2188E+04
  0.1482E+04
  0.1345E+04
  0.1520E+04
  0.1345E+04
  0.1338E+04
  0.1581E+04
  0.2302E+04
  0.3415E+04
  0.3351E+04
  0.4438E+04
  0.3874E+04
  0.2585E+04
  0.2595E+04
  0.3914E+04
  0.7567E+04
  0.5231E+04
  0.5100E+04
  0.3733E+04
  0.3163E+04
  0.3496E+04
  0.4896E+04
  0.9121E+04
  0.1301E+05
  0.1219E+05
  0.7595E+04
  0.5408E+04
  0.3939E+04
  0.4195E+04
  0.3316E+04
  0.3958E+04
  0.5054E+04
  0.6368E+04
  0.5415E+04
  0.7455E+04
  0.1092E+05
  0.8569E+04
  0.6029E+04
  0.5896E+04
  0.5318E+04
  0.4330E+04
  0.3895E+04
  0.3232E+04
  0.3533E+04
  0.4737E+04
  0.6645E+04
  0.5348E+04
  0.5222E+04
  0.7523E+04
  0.1379E+05
  0.1569E+05
  0.1283E+05
  0.1111E+05
  0.7351E+04
  0.6464E+04
  0.4643E+04
  0.3450E+04
  0.3320E+04
  0.3788E+04
  0.3609E+04
  0.4135E+04
  0.6198E+04
  0.7487E+04
  0.8143E+04
  0.1337E+05
  0.1749E+05
  0.1633E+05
  0.1027E+05
  0.5790E+04
  0.4420E+04
  0.4313E+04
  0.3530E+04
  0.3574E+04
  0.4957E+04
  0.6230E+04
  0.4220E+04
  0.3557E+04
  0.4206E+04
  0.6844E+04
  0.1148E+05
  0.6884E+04
  0.3756E+04
  0.2463E+04
  0.1877E+04
  0.1572E+04
  0.1338E+04
  0.1211E+04
  0.1109E+04
  0.1060E+04
  0.1043E+04
  0.1052E+04
  0.1033E+04
  0.1063E+04
  0.1125E+04
  0.1166E+04
  0.1082E+04
  0.9923E+03
  0.9725E+03
  0.9984E+03
  0.1087E+04
  0.1109E+04
  0.1155E+04
  0.1110E+04
  0.1212E+04
  0.1393E+04
  0.1503E+04
  0.1636E+04
  0.1648E+04
  0.1932E+04
  0.2664E+04
  0.4467E+04
  0.8779E+04
  0.8218E+04
  0.4393E+04
  0.3043E+04
  0.2916E+04
  0.3841E+04
  0.5013E+04
  0.3365E+04
  0.2802E+04
  0.3350E+04
  0.3000E+04
  0.2449E+04
  0.2509E+04
  0.3140E+04
  0.4940E+04
  0.9175E+04
  0.9178E+04
  0.5981E+04
  0.3907E+04
  0.3023E+04
  0.2789E+04
  0.2981E+04
  0.3756E+04
  0.6153E+04
  0.9495E+04
  0.8022E+04
  0.6855E+04
  0.6815E+04
  0.1070E+05
  0.2019E+05
  0.1841E+05
  0.1062E+05
  0.5818E+04
  0.3900E+04
  0.3120E+04
  0.2986E+04
  0.3465E+04
  0.4905E+04
  0.4162E+04
  0.3043E+04
  0.2944E+04
  0.3730E+04
  0.5905E+04
  0.6355E+04
  0.5210E+04
  0.4284E+04
  0.4479E+04
  0.7215E+04
  0.5692E+04
  0.3574E+04
  0.3147E+04
  0.3633E+04
  0.4315E+04
  0.6713E+04
  0.1156E+05
  0.1619E+05
  0.8016E+04
  0.4696E+04
  0.3825E+04
  0.3520E+04
  0.3207E+04
  0.3489E+04
  0.4949E+04
  0.9729E+04
  0.1479E+05
  0.8906E+04
  0.9178E+04
  0.1475E+05
  0.1173E+05
  0.6218E+04
  0.5020E+04
  0.5023E+04
  0.4765E+04
  0.3444E+04
  0.2526E+04
  0.2439E+04
  0.2252E+04
  0.2477E+04
  0.3774E+04
  0.6202E+04
  0.6851E+04
  0.1211E+05
  0.7630E+04
  0.3825E+04
  0.2322E+04
  0.1864E+04
  0.1831E+04
  0.1451E+04
  0.1345E+04
  0.1440E+04
  0.1799E+04
  0.2714E+04
  0.3040E+04
  0.5603E+04
  0.1158E+05
  0.8957E+04
  0.4238E+04
  0.3044E+04
  0.3534E+04
  0.4959E+04
  0.2975E+04
  0.2321E+04
  0.2246E+04
  0.1838E+04
  0.1990E+04
  0.2508E+04
  0.3009E+04
  0.3010E+04
  0.6833E+04
  0.2690E+04
  0.1428E+04
  0.1316E+04
  0.2009E+04
  0.2074E+04
  0.1428E+04
  0.1517E+04
  0.2643E+04
  0.2684E+04
  0.1462E+04
  0.1109E+04
  0.1181E+04
  0.2306E+04
  0.3303E+04
  0.2619E+04
  0.4906E+04
  0.7401E+04
  0.4547E+04
  0.2390E+04
  0.1664E+04
  0.1112E+04
  0.1040E+04
  0.1269E+04
  0.1336E+04
  0.8494E+03
  0.8240E+03
  0.2906E+04
  0.7801E+03
  0.7074E+03
  0.8987E+03
  0.1511E+04
  0.2825E+04
  0.4349E+04
  0.2714E+04
  0.1500E+04
  0.1270E+04
  0.9604E+03
  0.1232E+04
  0.1629E+04
  0.1772E+04
  0.1256E+04
  0.5738E+03
  0.4461E+03
  0.4159E+03
  0.5505E+03
  0.5464E+03
  0.8085E+03
  0.8765E+03
  0.5670E+03
  0.3611E+03
  0.2919E+03
  0.2753E+03
  0.7715E+03
  0.2645E+03
  0.2849E+03
  0.3426E+03
  0.5198E+03
  0.7652E+03
  0.1597E+04
  0.1192E+04
  0.9774E+03
  0.1578E+04
  0.2494E+04
  0.1400E+04
  0.6937E+03
  0.4852E+03
  0.3922E+03
  0.4198E+03
  0.4987E+03
  0.4040E+03
  0.4435E+03
  0.6587E+03
  0.1371E+04
  0.3671E+04
  0.3253E+04
  0.1245E+04
  0.8264E+03
  0.5577E+03
  0.3279E+03
  0.2482E+03
  0.2133E+03
  0.1864E+03
  0.1710E+03
  0.1655E+03
  0.1765E+03
  0.2039E+03
  0.1882E+03
  0.2201E+03
  0.2124E+03
  0.2654E+03
  0.4033E+03
  0.7441E+03
  0.1249E+04
  0.1898E+04
  0.1667E+04
  0.6733E+03
  0.3516E+03
  0.2336E+03
  0.1789E+03
  0.1518E+03
  0.1368E+03
  0.1340E+03
  0.1423E+03
  0.1545E+03
  0.1505E+03
  0.1863E+03
  0.2302E+03
  0.2399E+03
  0.3392E+03
  0.6556E+03
  0.8953E+03
  0.4673E+03
  0.3606E+03
  0.4114E+03
  0.6287E+03
  0.6127E+03
  0.5633E+03
  0.5401E+03
  0.5796E+03
  0.6771E+03
  0.8546E+03
  0.1134E+04
  0.1384E+04
  0.1300E+04
  0.1371E+04
  0.1512E+04
  0.1808E+04
  0.2155E+04
  0.2565E+04
  0.1980E+04
  0.1844E+04
  0.2019E+04
  0.3126E+04
  0.3602E+04
  0.2393E+04
  0.1704E+04
  0.1620E+04
  0.1473E+04
  0.1281E+04
  0.1290E+04
  0.7634E+03
  0.6764E+03
  0.8227E+03
  0.1480E+04
  0.5653E+04
  0.4335E+04
  0.1782E+04
  0.8637E+03
  0.4968E+03
  0.3566E+03
  0.3260E+03
  0.4544E+03
  0.9346E+03
  0.4366E+03
  0.2625E+03
  0.2254E+03
  0.1536E+03
  0.1123E+03
  0.1025E+03
  0.1127E+03
  0.1544E+03
  0.1671E+03
  0.1767E+03
  0.1608E+03
  0.1803E+03
  0.2224E+03
  0.1628E+03
  0.1589E+03
  0.1603E+03
  0.2136E+03
  0.1806E+03
  0.2635E+03
  0.3853E+03
  0.1973E+03
  0.1145E+03
  0.7633E+02
  0.6227E+02
  0.5956E+02
  0.5156E+02
  0.4145E+02
  0.3445E+02
  0.3242E+02
  0.2989E+02
  0.2586E+02
  0.2459E+02
  0.2696E+02
  0.3039E+02
  0.3925E+02
  0.7147E+02
  0.1141E+03
  0.9885E+02
  0.2759E+03
  0.3655E+03
  0.1106E+03
  0.5570E+02
  0.4363E+02
  0.4051E+02
  0.4885E+02
  0.4283E+02
  0.4335E+02
  0.6122E+02
  0.6076E+02
  0.5728E+02
  0.6708E+02
  0.9073E+02
  0.1179E+03
  0.1034E+03
  0.1036E+03
  0.1224E+03
  0.1748E+03
  0.2099E+03
  0.2670E+03
  0.2812E+03
  0.2445E+03
  0.2876E+03
  0.2483E+03
  0.2109E+03
  0.2128E+03
  0.2396E+03
  0.3319E+03
  0.2712E+03
  0.2583E+03
  0.2835E+03
  0.3607E+03
  0.4678E+03
  0.5235E+03
  0.6511E+03
  0.9654E+03
  0.1966E+04
  0.1409E+04
  0.1835E+04
  0.2011E+04
  0.2140E+04
  0.2463E+04
  0.3085E+04
  0.4312E+04
  0.6293E+04
  0.5778E+04
  0.6120E+04
  0.6736E+04
  0.8447E+04
  0.1296E+05
  0.1194E+05
  0.1050E+05
  0.1050E+05
  0.1179E+05
  0.1563E+05
  0.1740E+05
  0.1265E+05
  0.1114E+05
  0.1120E+05
  0.1273E+05
  0.1596E+05
  0.9387E+04
  0.7650E+04
  0.7127E+04
  0.7610E+04
  0.9956E+04
  0.1232E+05
  0.3073E+05
  0.7668E+05
  0.2678E+05
  0.1159E+05
  0.7015E+04
  0.6043E+04
  0.4627E+04
  0.3304E+04
  0.2652E+04
  0.2337E+04
  0.2434E+04
  0.1791E+04
  0.1533E+04
  0.2168E+04
  0.4194E+04
  0.1849E+04
  0.9904E+03
  0.7016E+03
  0.5865E+03
  0.5417E+03
  0.6017E+03
  0.5626E+03
  0.5203E+03
  0.5252E+03
  0.6069E+03
  0.7389E+03
  0.7044E+03
  0.6164E+03
  0.5838E+03
  0.6396E+03
  0.6348E+03
  0.6788E+03
  0.5530E+03
  0.4790E+03
  0.4511E+03
  0.4244E+03
  0.4518E+03
  0.3538E+03
  0.3015E+03
  0.2911E+03
  0.3390E+03
  0.5289E+03
  0.1234E+04
  0.1588E+04
  0.5303E+03
  0.2619E+03
  0.1634E+03
  0.1230E+03
  0.1200E+03
  0.9392E+02
  0.7204E+02
  0.5952E+02
  0.5079E+02
  0.4441E+02
  0.3708E+02
  0.3140E+02
  0.2917E+02
  0.2773E+02
  0.2440E+02
  0.2281E+02
  0.2356E+02
  0.2486E+02
  0.2334E+02
  0.2148E+02
  0.2257E+02
  0.2096E+02
  0.1962E+02
  0.1958E+02
  0.2208E+02
  0.2358E+02
  0.2820E+02
  0.4440E+02
  0.3347E+02
  0.1824E+02
  0.1224E+02
  0.9235E+01
  0.8003E+01
  0.7258E+01
  0.6790E+01
  0.6422E+01
  0.6368E+01
  0.6440E+01
  0.7132E+01
  0.7287E+01
  0.8659E+01
  0.9202E+01
  0.9959E+01
  0.1219E+02
  0.1273E+02
  0.1582E+02
  0.1775E+02
  0.1933E+02
  0.2464E+02
  0.2629E+02
  0.3092E+02
  0.4066E+02
  0.4091E+02
  0.5052E+02
  0.6187E+02
  0.7013E+02
  0.8270E+02
  0.1101E+03
  0.1177E+03
  0.1548E+03
  0.1904E+03
  0.2365E+03
  0.2714E+03
  0.3793E+03
  0.4348E+03
  0.5887E+03
  0.6846E+03
  0.9489E+03
  0.1112E+04
  0.1461E+04
  0.1860E+04
  0.2344E+04
  0.3134E+04
  0.3728E+04
  0.5230E+04
  0.5944E+04
  0.9225E+04
  0.9666E+04
  0.1446E+05
  0.1549E+05
  0.2063E+05
  0.2582E+05
  0.3002E+05
  0.4799E+05
  0.4454E+05
  0.6835E+05
  0.7279E+05
  0.8946E+05
  0.1252E+06
  0.1219E+06
  0.2030E+06
  0.1903E+06
  0.2236E+06
  0.3418E+06
  0.3018E+06
  0.4374E+06
  0.4792E+06
  0.4879E+06
  0.8974E+06
  0.6982E+06
  0.7647E+06
  0.1582E+07
  0.9803E+06
  0.1123E+07
  0.2197E+07
  0.1342E+07
  0.1487E+07
  0.3367E+07
  0.1787E+07
  0.1747E+07
  0.2635E+07
  0.2365E+07
  0.1914E+07
  0.2167E+07
  0.5953E+07
  0.2087E+07
  0.1785E+07
  0.1892E+07
  0.3506E+07
  0.1457E+07
  0.1073E+07
  0.9310E+06
  0.8818E+06
  0.1105E+07
  0.1503E+07
  0.2282E+07
  0.3597E+07
  0.3070E+07
  0.3248E+07
  0.3356E+07
  0.3930E+07
  0.4039E+07
  0.4894E+07
  0.5049E+07
  0.5703E+07
  0.6325E+07
  0.6463E+07
  0.8454E+07
  0.7863E+07
  0.1062E+08
  0.1035E+08
  0.1243E+08
  0.1668E+08
  0.1587E+08
  0.2641E+08
  0.2380E+08
  0.2823E+08
  0.4189E+08
  0.3668E+08
  0.5290E+08
  0.5707E+08
  0.5670E+08
  0.1031E+09
  0.8034E+08
  0.8603E+08
  0.2146E+09
  0.1101E+09
  0.1203E+09
  0.2965E+09
  0.1475E+09
  0.1513E+09
  0.2627E+09
  0.1927E+09
  0.1719E+09
  0.2245E+09
  0.2699E+09
  0.1857E+09
  0.1848E+09
  0.2512E+09
  0.2078E+09
  0.1470E+09
  0.1299E+09
  0.1301E+09
  0.1106E+09
  0.6522E+08
  0.8853E+08
  0.1181E+09
  0.1339E+09
  0.1561E+09
  0.1876E+09
  0.2338E+09
  0.3085E+09
  0.5771E+09
  0.3590E+09
  0.3072E+09
  0.2775E+09
  0.2541E+09
  0.2319E+09
  0.2098E+09
  0.1874E+09
  0.1651E+09
  0.1439E+09
  0.1258E+09
  0.1135E+09
  0.8769E+08
  0.5848E+08
  0.4119E+08
  0.3023E+08
  0.2355E+08
  0.1576E+08
  0.1049E+08
  0.7590E+07
  0.4920E+07
  0.3544E+07
  0.2439E+07
  0.1739E+07
  0.1258E+07
  0.9196E+06
  0.6754E+06
  0.4956E+06
  0.3614E+06
  0.2610E+06
  0.1860E+06
  0.1307E+06
  0.7235E+05
  0.4835E+05
  0.3176E+05
  0.2052E+05
  0.1303E+05
  0.5826E+04
  0.3510E+04
  0.2087E+04
  0.8273E+03
  0.4745E+03
  0.1868E+03
  0.9577E+02
  0.5525E+02
  0.4507E+02
  0.5063E+02
  0.4708E+02
  0.4196E+02
  0.4346E+02
  0.4796E+02
  0.3743E+02
  0.3203E+02
  0.2913E+02
  0.2610E+02
  0.1831E+02
  0.1419E+02
  0.1518E+02
  0.1971E+02
  0.2535E+02
  0.3211E+02
  0.4005E+02
  0.4895E+02
  0.5696E+02
  0.5807E+02
  0.5810E+02
  0.5742E+02
  0.5592E+02
  0.5354E+02
  0.5021E+02
  0.4622E+02
  0.4174E+02
  0.3699E+02
  0.3216E+02
  0.2764E+02
  0.2290E+02
  0.1775E+02
  0.1371E+02
  0.1079E+02
  0.8520E+01
  0.6536E+01
  0.5104E+01
  0.4238E+01
  0.3619E+01
  0.3438E+01
  0.3621E+01
  0.3791E+01
  0.4532E+01
  0.5513E+01
  0.6362E+01
  0.7589E+01
  0.9713E+01
  0.1108E+02
  0.1237E+02
  0.1472E+02
  0.1983E+02
  0.1979E+02
  0.2155E+02
  0.2534E+02
  0.3300E+02
  0.2993E+02
  0.3161E+02
  0.3752E+02
  0.3932E+02
  0.3571E+02
  0.3675E+02
  0.5088E+02
  0.3462E+02
  0.3061E+02
  0.3052E+02
  0.2610E+02
  0.1849E+02
  0.1437E+02
  0.1133E+02
