 tau_sw_i
                          0.8110378493519666E-13
                          0.1250923274553894E-10
                          0.1394559928437275E-10
                          0.1338512534961526E-09
                          0.3980877257246401E-09
                          0.1992304163272016E-09
                          0.1155507211225464E-08
                          0.4514257267685224E-09
                          0.7735150934320673E-10
                          0.7554398338158811E-09
                          0.1508868825378247E-10
                          0.1605382703789609E-07
                          0.5051015071082391E-07
                          0.1784263516407868E-11
                          0.6458103673522747E-12
                          0.1431428329836552E-10
                          0.7956098009691596E-13
                          0.6888529054771568E-11
                          0.7760122455312371E-13
                          0.1781612609103112E-11
                          0.5189920211695263E-12
                          0.2128706550555761E-11
                          0.2169518167625308E-10
                          0.6199459240587342E-09
                          0.3427416282866127E-07
                          0.9843265530275248E-07
                          0.7463109322634605E-05
                          0.4559031039954531E-04
                          0.2919640208471709E-06
                          0.4482738890178504E-07
                          0.8122979344602002E-07
                          0.2692019625372632E-11
                          0.2048859492825162E-10
                          0.9079989026606300E-12
                          0.1823365824120265E-10
                          0.9431110965001813E-12
                          0.1067591476877264E-11
                          0.1262866020927763E-11
                          0.1061232339597790E-10
                          0.3723766467323389E-11
                          0.1598575313654052E-11
                          0.1846856359099026E-11
                          0.6551527813872519E-11
                          0.9752365252562170E-11
                          0.2320407077137936E-11
                          0.2521742097651597E-11
                          0.3004401842141563E-11
                          0.3000689970721384E-11
                          0.3277152331293863E-11
                          0.8587305029797554E-11
                          0.2905718276288643E-09
                          0.1804162573596751E-09
                          0.6847383706272253E-06
                          0.1920853759622454E-10
                          0.1691006812347249E-09
                          0.1726579274259859E-08
                          0.1772167124192257E-10
                          0.6731925576842113E-11
                          0.7886203729878776E-11
                          0.1083203476379352E-10
                          0.1211481620533304E-10
                          0.1201271629416492E-10
                          0.1883882587287050E-10
                          0.1569103433516025E-09
                          0.1169186595971011E-10
                          0.1989602516189764E-10
                          0.1230640074193962E-09
                          0.1844933922237197E-10
                          0.3140748308617492E-10
                          0.1782059161004475E-10
                          0.1799856725104614E-10
                          0.1693205739709066E-10
                          0.1734193205070017E-10
                          0.9677213568105083E-09
                          0.2816413980955469E-10
                          0.1646068649954706E-06
                          0.4761648037097654E-03
                          0.9240094669780524E-09
                          0.1284501981905658E-09
                          0.3338302871253403E-10
                          0.4296179373722207E-10
                          0.3946483879042744E-07
                          0.4475538800964696E-07
                          0.1387008745349569E-04
                          0.2076326580895510E-04
                          0.6732063485040362E-10
                          0.3418910244558335E-10
                          0.3523678452343636E-10
                          0.3752011109521891E-10
                          0.5365549620809479E-09
                          0.2222233441057166E-06
                          0.3186841994653644E-02
                          0.4692985106401622E-01
                          0.2837450974825158E-03
                          0.5300054855766763E-03
                          0.8635095283413141E-05
                          0.8275862072678417E-09
                          0.5475625757265661E-10
                          0.5738701247835812E-10
                          0.3323888143965738E-09
                          0.1415040991276315E-08
                          0.8739320010008934E-10
                          0.7691745729364599E-10
                          0.7807656571083848E-06
                          0.6275095544783034E-09
                          0.9461655744571471E-09
                          0.9273118722682213E-10
                          0.8081092524200679E-10
                          0.8392757646199894E-10
                          0.8880694320278647E-10
                          0.1132435165000585E-09
                          0.1007745071955752E-09
                          0.9686787390394231E-10
                          0.1001086748136037E-09
                          0.1036725333953688E-09
                          0.1073277608251481E-09
                          0.1111218274009637E-09
                          0.1149860350928608E-09
                          0.1198016529624095E-09
                          0.2879162716537250E-09
                          0.3467315724659320E-07
                          0.1362867038320876E-09
                          0.1363042289072685E-09
                          0.1597688085296040E-07
                          0.1529905966194876E-09
                          0.1874802966629470E-07
                          0.1590507425312058E-09
                          0.1615406922633570E-09
                          0.1809640550143855E-09
                          0.1727083449779431E-09
                          0.1753977199223354E-09
                          0.1825166532384925E-09
                          0.1985747218695031E-09
                          0.2001213114045164E-06
                          0.2866563145539932E-07
                          0.2088655502252657E-09
                          0.3530389360090150E-09
                          0.5248841229784339E-08
                          0.2506463291749337E-09
                          0.5100046500957860E-09
                          0.9785036930116776E-08
                          0.4413856612926778E-07
                          0.7520389348125264E-04
                          0.1932001769886473E-06
                          0.5444219162019850E-05
                          0.9709337924632644E-05
                          0.6271119816442377E-07
                          0.5331008887752623E-03
                          0.5549260260922074E-05
                          0.2959581513699689E-04
                          0.8438938736921685E-08
                          0.3515733554003206E-09
                          0.4654354403902269E-09
                          0.3653671975550768E-09
                          0.2023025214520541E-06
                          0.3607348662879253E-09
                          0.3661883830767972E-09
                          0.3733280626186171E-09
                          0.3886571579421181E-09
                          0.4136559142603142E-09
                          0.9864747359276506E-07
                          0.5661847668875640E-09
                          0.4224817725552706E-09
                          0.4330007782689060E-09
                          0.4439803134141232E-09
                          0.4546482275657504E-09
                          0.2678009977129804E-05
                          0.4774063848800975E-09
                          0.4895671717750451E-09
                          0.5003422620448170E-09
                          0.5122843515133136E-09
                          0.5244417866240015E-09
                          0.5368148482105683E-09
                          0.5494467082375490E-09
                          0.5704894362723122E-09
                          0.6666466120371111E-09
                          0.5885820132712455E-09
                          0.2762254732187638E-04
                          0.6169619065577561E-09
                          0.1145354873698035E-08
                          0.6845318159167757E-09
                          0.6603051322792401E-09
                          0.6754239979908143E-09
                          0.5881023956099846E-07
                          0.7151868468825796E-09
                          0.1456035262029322E-08
                          0.6594842652703110E-03
                          0.1058095196290375E-08
                          0.7700680020920536E-09
                          0.1061176487194263E-08
                          0.1564825529906689E-08
                          0.2625599767190531E-08
                          0.1517896445754287E-08
                          0.6479282388395940E-07
                          0.4775728102991609E-08
                          0.1274703620251537E-06
                          0.3222845989717189E-07
                          0.2051070083494792E-03
                          0.1544776341577070E-06
                          0.1115892667008235E-06
                          0.3947716488686883E-06
                          0.1134723485184314E-08
                          0.1269273125311013E-08
                          0.8388161730191904E-08
                          0.6311241839238516E-05
                          0.5813687696645908E-08
                          0.1107404809450101E-08
                          0.1127691873911746E-08
                          0.1197963640924526E-08
                          0.1186266595741051E-08
                          0.1215706124857520E-08
                          0.1224027095997688E-08
                          0.1565918835788118E-08
                          0.1774296527278854E-08
                          0.1291046874724599E-08
                          0.1312395547660435E-08
                          0.6489790733119392E-08
                          0.1440339092809415E-08
                          0.1385122871420179E-08
                          0.1410674356946708E-08
                          0.1436631327455936E-08
                          0.1472078982409114E-08
                          0.1489604938834852E-08
                          0.1516489509634712E-08
                          0.1543878654835410E-08
                          0.1571620116579545E-08
                          0.1654084058556653E-08
                          0.1651455175881471E-08
                          0.1657133157498105E-08
                          0.1686403079524620E-08
                          0.1716013722016243E-08
                          0.1748497086151314E-08
                          0.1776738969784323E-08
                          0.1827280766571615E-08
                          0.1840170591608155E-08
                          0.1003874770583552E-07
                          0.1902712949491228E-08
                          0.1936679089719288E-08
                          0.3668640807036496E-07
                          0.3763042102472334E-08
                          0.2037953075532990E-08
                          0.1668116574630295E-06
                          0.2127739233804961E-08
                          0.2384959890452176E-08
                          0.2197206846468890E-08
                          0.2231936168734540E-08
                          0.2486401348492638E-08
                          0.7445116945836803E-07
                          0.2637054743416932E-08
                          0.3349021255525339E-08
                          0.2811615491843096E-08
                          0.2490493261086684E-08
                          0.2950764693060186E-08
                          0.5933371269199476E-06
                          0.4633791167183587E-08
                          0.2607154266687951E-08
                          0.2635128344452591E-08
                          0.2675016962240295E-08
                          0.2789067151356530E-08
                          0.2813538738011730E-08
                          0.2964593313448744E-08
                          0.2904322867026389E-08
                          0.2902593789995825E-08
                          0.2934366021344907E-08
                          0.2982283796104364E-08
                          0.3023906114236260E-08
                          0.3633774963415926E-08
                          0.3987994661564060E-08
                          0.9163384197979457E-08
                          0.3213867367640990E-08
                          0.3655020895691709E-08
                          0.3366953157432787E-08
                          0.3363075040725798E-08
                          0.3406056826195079E-08
                          0.1174423416776403E-07
                          0.8907228922276672E-08
                          0.3665349155900559E-08
                          0.4687955957674526E-08
                          0.7286203956368012E-08
                          0.1181613770239309E-07
                          0.3791062196494882E-08
                          0.3836999444125051E-08
                          0.3896045971584714E-08
                          0.3933398847641608E-08
                          0.3989656909495972E-08
                          0.4059340170355563E-08
                          0.4102453903788424E-08
                          0.5439978359581404E-07
                          0.4220627412591204E-08
                          0.4277999603000372E-08
                          0.4341290037878277E-08
                          0.4401049322238410E-08
                          0.3470455884828764E-07
                          0.4527243072982637E-08
                          0.4616271924525118E-08
                          0.4643732049080243E-08
                          0.4931830445298965E-08
                          0.4771143422741605E-08
                          0.4852727065088833E-08
                          0.4923363603353034E-08
                          0.4966813079808216E-08
                          0.5032886305410631E-08
                          0.5100247606080666E-08
                          0.5204879135696165E-08
                          0.5310605094619833E-08
                          0.5311369668813635E-08
                          0.5459906940349649E-08
                          0.5446145977684446E-08
                          0.5518394849930458E-08
                          0.6702296228752013E-08
                          0.5679376070052382E-08
                          0.5735577049074042E-08
                          0.5809629349254167E-08
                          0.5884455440596034E-08
                          0.5960151701963922E-08
                          0.6036609921942677E-08
                          0.6115940287703225E-08
                          0.6211941453595151E-08
                          0.6280510623026247E-08
                          0.6349994679995154E-08
                          0.6442417355206320E-08
                          0.6509601841048548E-08
                          0.6605800866944845E-08
                          0.1063686738758930E-07
                          0.7158400589588875E-08
                          0.1140875221425930E-07
                          0.6926518747524386E-08
                          0.8807434520773444E-08
                          0.5596885440931434E-03
                          0.7200714130244765E-08
                          0.7275522602878660E-08
                          0.7459422930576706E-08
                          0.8331202366693368E-08
                          0.7538902219709495E-08
                          0.7629687480928715E-08
                          0.7724162396295679E-08
                          0.7814245077733009E-08
                          0.7907372896954123E-08
                          0.8001642567945202E-08
                          0.8097270953213477E-08
                          0.8192692534360489E-08
                          0.8291015251993701E-08
                          0.8387151104345654E-08
                          0.8486227476029937E-08
                          0.8585037875637732E-08
                          0.8685298558620821E-08
                          0.8786853904096874E-08
                          0.1752212146853097E-07
                          0.1855017038367393E-07
                          0.9109021173801250E-08
                          0.9200200350130913E-08
                          0.9305389464177506E-08
                          0.9412226693764108E-08
                          0.2514735894832527E-05
                          0.9646006908147302E-08
                          0.9736851882503033E-08
                          0.9847038062688539E-08
                          0.9968792015588989E-08
                          0.1273919263851318E-06
                          0.1018341201505065E-07
                          0.1029700023737690E-07
                          0.1041190794901661E-07
                          0.1178690823011157E-07
                          0.1064558397569595E-07
                          0.1076582898761403E-07
                          0.1088104360183250E-07
                          0.1100077114340488E-07
                          0.1112141559431936E-07
                          0.1124314680643627E-07
                          0.1136580427166512E-07
                          0.1217285468563231E-07
                          0.1161428069853602E-07
                          0.1175693353663331E-07
                          0.1186672031514571E-07
                          0.1199450357820841E-07
                          0.1301869389024360E-07
                          0.1233435496108531E-07
                          0.1238465029617579E-07
                          0.1251589933179893E-07
                          0.1264907996634480E-07
                          0.1278799160984925E-07
                          0.1299153812819009E-07
                          0.1305405903343765E-07
                          0.1319117397629803E-07
                          0.1333084658834408E-07
                          0.1346951486522366E-07
                          0.1360932964963449E-07
                          0.1375085823691485E-07
                          0.1389352265352634E-07
                          0.1403729461797960E-07
                          0.1418217952205613E-07
                          0.1432943601243076E-07
                          0.1447531125649132E-07
                          0.1462357267780072E-07
                          0.1477468574466589E-07
                          0.1492350051986798E-07
                          0.1507518449202125E-07
                          0.1522801997788073E-07
                          0.1538201956591379E-07
                          0.1553760862598712E-07
                          0.1569350916909220E-07
                          0.1585101977435110E-07
                          0.1600971966947829E-07
                          0.1616959531051747E-07
                          0.1633066387668214E-07
                          0.1649293997984351E-07
                          0.1665642058258414E-07
                          0.1682113461900025E-07
                          0.1698714030045459E-07
                          0.1715416243628202E-07
                          0.2100929312325464E-07
                          0.1750596240249022E-07
                          0.1766298357069136E-07
                          0.1784176736663583E-07
                          0.1800911829154598E-07
                          0.1818380556786561E-07
                          0.1836252670055002E-07
                          0.1854162136433823E-07
                          0.1871448957928757E-07
                          0.1889424171240971E-07
                          0.1907858103739628E-07
                          0.1925756037164255E-07
                          0.1967056244581831E-07
                          0.2032939304268684E-07
                          0.2237258472778154E-07
                          0.2000038062166923E-07
                          0.2018894586764756E-07
                          0.2038268301977199E-07
                          0.2084052167289712E-07
                          0.2444226414471940E-07
                          0.3392446197116243E-07
                          0.2390005240416306E-07
                          0.2165860322540884E-07
                          0.2538220206774585E-07
                          0.2346942792643856E-07
                          0.2194942677773559E-07
                          0.2215194127270058E-07
                          0.2235585131848528E-07
                          0.2256118582233865E-07
                          0.2276862718111989E-07
                          0.2297603446525533E-07
                          0.2318565575144396E-07
                          0.2339661442254802E-07
                          0.2360903742515511E-07
                          0.2382291428711664E-07
                          0.2412079634069110E-07
                          0.2425503651157873E-07
                          0.2447327134720975E-07
                          0.2469301509206727E-07
                          0.2491417537244451E-07
                          0.2513685056820382E-07
                          0.2536101523836548E-07
                          0.2558667587628502E-07
                          0.2581383894707193E-07
                          0.2604251125736683E-07
                          0.2627934859721858E-07
                          0.2650442435716067E-07
                          0.2673766518159692E-07
                          0.2697272626282912E-07
                          0.2720906467335151E-07
                          0.2744790619504075E-07
                          0.2768603902600582E-07
                          0.2792702687242600E-07
                          0.2816958452964584E-07
                          0.2841371849229662E-07
                          0.2865943630597543E-07
                          0.2890674535145086E-07
                          0.2915564907705163E-07
                          0.2940810990585215E-07
                          0.2965827860757026E-07
                          0.2991201526958762E-07
                          0.3016738435926987E-07
                          0.3042437104784073E-07
                          0.3068300337433468E-07
                          0.3094328133796040E-07
                          0.3120530226216851E-07
                          0.3148533751802093E-07
                          0.3173405696873407E-07
                          0.3200098571152915E-07
                          0.3226960613712561E-07
                          0.3253993137307490E-07
                          0.3281210846191985E-07
                          0.3308559335178198E-07
                          0.3336864767312939E-07
                          0.3363816415100757E-07
                          0.3391693833224082E-07
                          0.3419751325732844E-07
                          0.3447981699789774E-07
                          0.3476408124050736E-07
                          0.3504968612983246E-07
                          0.3533723263205977E-07
                          0.3562670871421379E-07
                          0.3591813093288211E-07
                          0.3621056925724386E-07
                          0.3650550769023974E-07
                          0.3680167536463770E-07
                          0.3709993948653194E-07
                          0.3740003351681039E-07
                          0.3770192095841645E-07
                          0.3800562129889208E-07
                          0.3831116833057029E-07
                          0.3861868080801353E-07
                          0.3892785814880152E-07
                          0.3923887086893244E-07
                          0.3955240685246009E-07
                          0.3986663482633521E-07
                          0.4018338980776300E-07
                          0.4050591127973523E-07
                          0.4082235722339563E-07
                          0.4114471807295895E-07
                          0.4147034870577059E-07
                          0.4180080468002908E-07
                          0.4212325938155580E-07
                          0.4245328638751152E-07
                          0.4278524937631916E-07
                          0.4311915539068588E-07
                          0.4345501288873600E-07
                          0.4379282748462132E-07
                          0.4413260750604228E-07
                          0.4447436144930025E-07
                          0.4481810627170137E-07
                          0.4516382016369727E-07
                          0.4551154017360101E-07
                          0.4586126417329694E-07
                          0.4621299984875127E-07
                          0.4656675489707188E-07
                          0.4692253703754940E-07
                          0.4728035556334523E-07
                          0.4764021352881533E-07
                          0.4804654075297883E-07
                          0.4836610992994456E-07
                          0.4873212507993347E-07
                          0.4910061024766657E-07
                          0.4947578745324315E-07
                          0.4984270191869608E-07
                          0.5021707539653135E-07
                          0.5059355595561633E-07
                          0.5097214954608727E-07
                          0.5135286905187727E-07
                          0.5173570666444481E-07
                          0.5212098163962134E-07
                          0.5250789252658852E-07
                          0.5289940819644841E-07
                          0.5328998718263422E-07
                          0.5368214027217848E-07
                          0.5433845828588701E-07
                          0.5447587880364713E-07
                          0.5487610706382212E-07
                          0.5527840598258754E-07
                          0.5568296823827787E-07
                          0.5608975251625798E-07
                          0.5649878029993871E-07
                          0.5691105026062847E-07
                          0.5732356365403942E-07
                          0.5773922220138356E-07
                          0.5816045759192891E-07
                          0.5857750211488466E-07
                          0.5900022191938430E-07
                          0.5942482591601996E-07
                          0.5985190234150739E-07
                          0.6028131929413659E-07
                          0.6071301117866337E-07
                          0.6114722187352303E-07
                          0.6198593973145164E-07
                          0.6209405189788364E-07
                          0.6246305043051292E-07
                          0.6290663999178075E-07
                          0.6335250785283548E-07
                          0.6380020729866752E-07
                          0.6425071097708622E-07
                          0.6470349509206220E-07
                          0.6515871958135727E-07
                          0.6561634465111611E-07
                          0.6607636863176905E-07
                          0.6653881158512671E-07
                          0.6700594703182044E-07
                          0.6747427835305408E-07
                          0.6797019112042188E-07
                          0.6841292860551853E-07
                          0.6888754033554089E-07
                          0.6936465127516343E-07
                          0.6984423099358639E-07
                          0.7032629591503661E-07
                          0.7081085192628855E-07
                          0.7129790766150048E-07
                          0.7178759544764644E-07
                          0.7227955248974597E-07
                          0.7277415871741195E-07
                          0.7327129911501530E-07
                          0.7377101230275944E-07
                          0.7427321909197763E-07
                          0.7477801136173233E-07
                          0.7528539250893289E-07
                          0.7579531552195062E-07
                          0.7630784272227940E-07
                          0.7682296428219723E-07
                          0.7734068977491172E-07
                          0.7786102770707289E-07
                          0.7838398670131861E-07
                          0.7891682404499630E-07
                          0.7943985702482533E-07
                          0.7996867881905778E-07
                          0.8050221059302314E-07
                          0.8103841424644017E-07
                          0.8157728209805499E-07
                          0.8211924179033809E-07
                          0.8266307867337623E-07
                          0.8321002575077338E-07
                          0.8376010128885143E-07
                          0.8431214695076373E-07
                          0.8487500721405491E-07
                          0.8542499918241773E-07
                          0.8661132367731967E-07
                          0.8654894268627444E-07
                          0.8711508268694880E-07
                          0.8768390461519188E-07
                          0.8825555901147782E-07
                          0.8883001395966947E-07
                          0.8940725424878915E-07
                          0.8998730978587512E-07
                          0.9057018432721232E-07
                          0.9115588498109639E-07
                          0.9174473481230472E-07
                          0.9233580525931232E-07
                          0.9293004222282216E-07
                          0.9352714240411067E-07
                          0.9412711568396997E-07
                          0.9472997096548070E-07
                          0.9533571752285232E-07
                          0.9594436446432059E-07
                          0.9655595845801820E-07
                          0.9717039668696379E-07
                          0.9781354843530916E-07
                          0.9841125447443479E-07
                          0.9903142986387652E-07
                          0.9965767476924581E-07
                          0.1002868905548550E-06
                          0.1009191386207355E-06
                          0.1015542366349304E-06
                          0.1021923987359626E-06
                          0.1028335637783204E-06
                          0.1034777411248568E-06
                          0.1041249402301717E-06
                          0.1047751705218451E-06
                          0.1054284473140983E-06
                          0.1060847624543831E-06
                          0.1067441430445213E-06
                          0.1074065927047939E-06
                          0.1080721209429860E-06
                          0.1087407373025115E-06
                          0.1094124513595406E-06
                          0.1100872724338951E-06
                          0.1107652128707297E-06
                          0.1114462746294655E-06
                          0.1121304748681243E-06
                          0.1128178208196338E-06
                          0.1135083264538187E-06
                          0.1142019872777717E-06
                          0.1148988274915397E-06
                          0.1155988563146925E-06
                          0.1163033249346686E-06
                          0.1170084989995991E-06
                          0.1177181267202834E-06
                          0.1184309846451691E-06
                          0.1191470753330637E-06
                          0.1198664084090140E-06
                          0.1205889949891892E-06
                          0.1213148414967370E-06
                          0.1220439621667916E-06
                          0.1241754511425804E-06
                          0.1235120541085869E-06
                          0.1242510498382209E-06
                          0.1249933525439286E-06
                          0.1257389784957581E-06
                          0.1264879632110658E-06
                          0.1272402383550050E-06
                          0.1279959026560540E-06
                          0.1287548939912693E-06
                          0.1295172739196862E-06
                          0.1302830569068091E-06
                          0.1310772314002263E-06
                          0.1318247402530270E-06
                          0.1367586939372634E-06
                          0.1333800801159580E-06
                          0.1341629617202794E-06
                          0.1349492417171221E-06
                          0.1357388545197259E-06
                          0.1365320198701578E-06
                          0.1373286570401757E-06
                          0.1381287758356496E-06
                          0.1389323849302628E-06
                          0.1397394979065698E-06
                          0.1405501179860146E-06
                          0.1413646684365563E-06
                          0.1421834802357684E-06
                          0.1430033571110017E-06
                          0.1438298194346721E-06
                          0.1446562860246461E-06
                          0.1454881643749916E-06
                          0.1463249492264135E-06
                          0.1471638717412587E-06
                          0.1480054330853982E-06
                          0.1488517194214469E-06
                          0.1497016428736282E-06
                          0.1505589233708157E-06
                          0.1514124036797236E-06
                          0.1522732617888147E-06
                          0.1531378272092972E-06
                          0.1558304644258771E-06
                          0.1548778713560947E-06
                          0.1557534542615085E-06
                          0.1566335910080743E-06
                          0.1575157531337644E-06
                          0.1584024907788246E-06
                          0.1592929632619752E-06
                          0.1601871872157511E-06
                          0.1610851707473816E-06
                          0.1619869245311606E-06
                          0.1628924590178974E-06
                          0.1638017847197178E-06
                          0.1647149123258847E-06
                          0.1656318523205853E-06
                          0.1665526153795392E-06
                          0.1674772120151854E-06
                          0.1684058386620625E-06
                          0.1693379487704584E-06
                          0.1702842930780210E-06
                          0.1712141482874764E-06
                          0.1721580722868108E-06
                          0.1731058975393117E-06
                          0.1740577461385167E-06
                          0.1750132744234010E-06
                          0.1759913245221950E-06
                          0.1769363990256688E-06
                          0.1779038937044284E-06
                          0.1788753175005567E-06
                          0.1798821468714509E-06
                          0.1808985134893613E-06
                          0.1818134689108538E-06
                          0.1828008487352717E-06
                          0.1837922963372356E-06
                          0.1847876889275174E-06
                          0.1857871594983138E-06
                          0.1867906862464894E-06
                          0.1877982604769243E-06
                          0.1888099111248333E-06
                          0.1898256440448891E-06
                          0.1908454694385010E-06
                          0.1918693986558374E-06
                          0.1928974427185226E-06
                          0.1939296148892712E-06
                          0.1949676866620153E-06
                          0.1960063740787654E-06
                          0.1970509884324383E-06
                          0.1980998720923571E-06
                          0.1991527320550065E-06
                          0.2002098879109790E-06
                          0.2012712468917956E-06
                          0.2023368205781941E-06
                          0.2034066189142583E-06
                          0.2044806542535702E-06
                          0.2055589373562536E-06
                          0.2066414856867200E-06
                          0.2077282916203236E-06
                          0.2088193852197277E-06
                          0.2099147716343268E-06
                          0.2110144676859861E-06
                          0.2121184664846277E-06
                          0.2132267979643644E-06
                          0.2143394671055963E-06
                          0.2154564852095138E-06
                          0.2165778748986554E-06
                          0.2177036135909733E-06
                          0.2188337466797710E-06
                          0.2199682740350814E-06
                          0.2211072067957330E-06
                          0.2222505680054451E-06
                          0.2233983366215926E-06
                          0.2245505558153484E-06
                          0.2257072236978460E-06
                          0.2268683569740708E-06
                          0.2280339646698129E-06
                          0.2292043876087313E-06
                          0.2303786618037463E-06
                          0.2315577457694257E-06
                          0.2327454711465451E-06
                          0.2339296133703809E-06
                          0.2351222087561604E-06
                          0.2363194568875070E-06
                          0.2375212723758305E-06
                          0.2387285045333450E-06
                          0.2399386500002878E-06
                          0.2411542339066578E-06
                          0.2423816516913530E-06
                          0.2435992537941235E-06
                          0.2448287123711303E-06
                          0.2460628451485613E-06
                          0.2473015924225417E-06
                          0.2485459563293420E-06
                          0.2497932160393634E-06
                          0.2510461014292554E-06
                          0.2523035573316754E-06
                          0.2535657225268893E-06
                          0.2548326934983435E-06
                          0.2561044064748596E-06
                          0.2573808735545124E-06
                          0.2586621057361189E-06
                          0.2599481157092521E-06
                          0.2612389150281472E-06
                          0.2625345155911622E-06
                          0.2638349338206364E-06
                          0.2651401697088442E-06
                          0.2664502453258248E-06
                          0.2677651684613922E-06
                          0.2690851370437298E-06
                          0.2704096119917897E-06
                          0.2717391550204178E-06
                          0.2730735954017608E-06
                          0.2744134657050694E-06
                          0.2757572128626147E-06
                          0.2771065369902365E-06
                          0.2784605623012347E-06
                          0.2798196664323001E-06
                          0.2811837397009677E-06
                          0.2825528546530309E-06
                          0.2839268415943091E-06
                          0.2853058945697680E-06
                          0.2866899650878755E-06
                          0.2880790652992151E-06
                          0.2894732074807618E-06
                          0.2908724034752013E-06
                          0.2922766658255204E-06
                          0.2936860066316182E-06
                          0.2951004381207765E-06
                          0.2965199727350349E-06
                          0.2979446240958128E-06
                          0.2993743992145977E-06
                          0.3008093160314508E-06
                          0.3022493849670868E-06
                          0.3036946181382509E-06
                          0.3051450280777897E-06
                          0.3066006271546155E-06
                          0.3080614291733314E-06
                          0.3095275585121022E-06
                          0.3109986822578251E-06
                          0.3124751708591533E-06
                          0.3139568909104852E-06
                          0.3154438842964466E-06
                          0.3169361660060520E-06
                          0.3184337335468047E-06
                          0.3199365714654128E-06
                          0.3214448412958667E-06
                          0.3229582393350961E-06
                          0.3244770750784499E-06
                          0.3260013645053372E-06
                          0.3275308122837848E-06
                          0.3290657425277372E-06
                          0.3306060536825475E-06
                          0.3321541549742353E-06
                          0.3337028996798036E-06
                          0.3352594560724836E-06
                          0.3368214515336964E-06
                          0.3383888987266241E-06
                          0.3399618103239240E-06
                          0.3415402002941817E-06
                          0.3431240774784483E-06
                          0.3447134584510252E-06
                          0.3463083558864770E-06
                          0.3479088227747310E-06
                          0.3495147437479381E-06
                          0.3511262621640669E-06
                          0.3527433468786748E-06
                          0.3543660107080529E-06
                          0.3559942664185871E-06
                          0.3576281268952602E-06
                          0.3592676049657852E-06
                          0.3609127146545881E-06
                          0.3625634661438510E-06
                          0.3642198734373942E-06
                          0.3658821460608083E-06
                          0.3675500028433268E-06
                          0.3692231641635140E-06
                          0.3709023263481894E-06
                          0.3725872095362486E-06
                          0.3742778264503495E-06
                          0.3759741902331729E-06
                          0.3776763139772443E-06
                          0.3793842149219709E-06
                          0.3810978950971006E-06
                          0.3828173747128014E-06
                          0.3845426683397701E-06
                          0.3862737871155280E-06
                          0.3880107448432453E-06
                          0.3897535525721974E-06
                          0.3915022253664610E-06
                          0.3932567778804806E-06
                          0.3950172172957737E-06
                          0.3967835623580493E-06
                          0.3985558948172951E-06
                          0.4003340173152602E-06
                          0.4021181537392086E-06
                          0.4039082465372032E-06
                          0.4057043095617326E-06
                          0.4075063565539297E-06
                          0.4093144026035912E-06
                          0.4111284591822870E-06
                          0.4129485272595470E-06
                          0.4147746396870211E-06
                          0.4166068016799068E-06
                          0.4184450271282726E-06
                          0.4202898298051908E-06
                          0.4221397202905187E-06
                          0.4239962152636718E-06
                          0.4258593257519760E-06
                          0.4277275684378502E-06
                          0.4296024536452332E-06
                          0.4314835002884150E-06
                          0.4333707084732446E-06
                          0.4352641050803968E-06
                          0.4371636990236335E-06
                          0.4390695039387824E-06
                          0.4409815334143590E-06
                          0.4428998006671128E-06
                          0.4448243195712389E-06
                          0.4467551035871819E-06
                          0.4486921662972999E-06
                          0.4506355215965490E-06
                          0.4525851822028728E-06
                          0.4545411626386075E-06
                          0.4565034762401248E-06
                          0.4584721392735532E-06
                          0.4604471604133928E-06
                          0.4624285527596639E-06
                          0.4644163356977294E-06
                          0.4664105202854079E-06
                          0.4684111514124547E-06
                          0.4704181499483531E-06
                          0.4724316347067776E-06
                          0.4744515494122721E-06
                          0.4764779681973405E-06
                          0.4785108312184217E-06
                          0.4805502122289045E-06
                          0.4825961050809806E-06
                          0.4846485239303614E-06
                          0.4867074817221319E-06
                          0.4887729932514259E-06
                          0.4908450721132084E-06
                          0.4929237321632130E-06
                          0.4950089873802237E-06
                          0.4971008532169153E-06
                          0.4991993390112912E-06
                          0.5013044674768427E-06
                          0.5034162649541155E-06
                          0.5055346795575220E-06
                          0.5076598022759168E-06
                          0.5097916126959988E-06
                          0.5119301298311181E-06
                          0.5140753701267253E-06
                          0.5162273465519311E-06
                          0.5183861924060855E-06
                          0.5205515664935464E-06
                          0.5227238241269622E-06
                          0.5249028816278789E-06
                          0.5270887443789172E-06
                          0.5292814293879910E-06
                          0.5314809438165618E-06
                          0.5336873092520934E-06
                          0.5359005498723275E-06
                          0.5381206403099333E-06
                          0.5403476352915839E-06
                          0.5425815354085621E-06
                          0.5448223548769348E-06
                          0.5470704078426936E-06
                          0.5493248090748948E-06
                          0.5515864723878536E-06
                          0.5538551122625506E-06
                          0.5561307430290535E-06
                          0.5584133804269267E-06
                          0.5607030346442275E-06
                          0.5629997242307791E-06
                          0.5653034621866044E-06
                          0.5676142629175776E-06
                          0.5699321408442966E-06
                          0.5722571104020509E-06
                          0.5745891860408516E-06
                          0.5769283822994138E-06
                          0.5792747134351354E-06
                          0.5816281942172407E-06
                          0.5839888389212625E-06
                          0.5863566622328536E-06
                          0.5887316787099300E-06
                          0.5911139026706383E-06
                          0.5935033490289859E-06
                          0.5959000319676213E-06
                          0.5983039948256248E-06
                          0.6007152341028161E-06
                          0.6031336479118556E-06
                          0.6055594256927270E-06
                          0.6079935790927398E-06
                          0.6104329214022610E-06
                          0.6128806714911023E-06
                          0.6153357756094329E-06
                          0.6177982581244941E-06
                          0.6202681049427923E-06
                          0.6227453590703506E-06
                          0.6252300264070655E-06
                          0.6277229811843119E-06
                          0.6302216605814623E-06
                          0.6327286538063357E-06
                          0.6352431207305491E-06
                          0.6377650746070007E-06
                          0.6402945302738326E-06
                          0.6428315025929536E-06
                          0.6453760064400049E-06
                          0.6479280567666008E-06
                          0.6504876683001115E-06
                          0.6530548561393643E-06
                          0.6556296351603167E-06
                          0.6582120207138194E-06
                          0.6608020265619473E-06
                          0.6633996688868677E-06
                          0.6660049642401355E-06
                          0.6686179274201678E-06
                          0.6712385623319810E-06
                          0.6738668990498132E-06
                          0.6765029469607545E-06
                          0.6791467619793018E-06
                          0.6817982366479404E-06
                          0.6844575086048057E-06
                          0.6871245521143908E-06
                          0.6897993823036256E-06
                          0.6924820143129593E-06
                          0.6951724632981162E-06
                          0.6978707444307556E-06
                          0.7005768728957833E-06
                          0.7032908933460440E-06
                          0.7060127326377513E-06
                          0.7087424943599478E-06
                          0.7114801643009609E-06
                          0.7142257590549315E-06
                          0.7169792898975338E-06
                          0.7197407794549272E-06
                          0.7225102316800542E-06
                          0.7252876770205935E-06
                          0.7280731121266488E-06
                          0.7308665678344176E-06
                          0.7336680541324978E-06
                          0.7364775908631957E-06
                          0.7392951811132189E-06
                          0.7421208507892993E-06
                          0.7449546141969453E-06
                          0.7477964845025943E-06
                          0.7506464784093019E-06
                          0.7535046122903674E-06
                          0.7563708976467219E-06
                          0.7592455255322202E-06
                          0.7621279953888809E-06
                          0.7650287906715667E-06
                          0.7679178957573273E-06
                          0.7708251857849104E-06
                          0.7737407231258025E-06
                          0.7766645233628983E-06
                          0.7795966079990925E-06
                          0.7825369749296641E-06
                          0.7854856574918380E-06
                          0.7884426666852367E-06
                          0.7914080174718316E-06
                          0.7943817217291771E-06
                          0.7973639195218823E-06
                          0.8003542646320957E-06
                          0.8033531341980792E-06
                          0.8063604236457562E-06
                          0.8093761484392669E-06
                          0.8124003241499051E-06
                          0.8154329667239026E-06
                          0.8184740918998424E-06
                          0.8215237158465829E-06
                          0.8245818532362945E-06
                          0.8276485211905895E-06
                          0.8307237347839028E-06
                          0.8338075232073246E-06
                          0.8368998633728907E-06
                          0.8400008202708046E-06
                          0.8431103660686349E-06
                          0.8462285474828822E-06
                          0.8493553701833037E-06
                          0.8524908501198282E-06
                          0.8556350032575686E-06
                          0.8587878455753935E-06
                          0.8619494051273643E-06
                          0.8651196617437537E-06
                          0.8682986685312635E-06
                          0.8714864267558072E-06
                          0.8746829551832362E-06
                          0.8778882689827646E-06
                          0.8811023842683791E-06
                          0.8843253197318047E-06
                          0.8875570905235338E-06
                          0.8907977021821403E-06
                          0.8940476527399924E-06
                          0.8973055460792790E-06
                          0.9005728100423629E-06
                          0.9038489860710558E-06
                          0.9071340930705613E-06
                          0.9104281765622151E-06
                          0.9137311656246489E-06
                          0.9170431629706417E-06
                          0.9203641551497857E-06
                          0.9236941584939291E-06
                          0.9270331909197659E-06
                          0.9303812680417939E-06
                          0.9337384082650229E-06
                          0.9371046201586671E-06
                          0.9404799283462971E-06
                          0.9438643463405304E-06
                          0.9472578905227884E-06
                          0.9506605775808314E-06
                          0.9540724233549749E-06
                          0.9574934485921596E-06
                          0.9609236571877255E-06
                          0.9643630784391941E-06
                          0.9678117244714128E-06
                          0.9712696117379303E-06
                          0.9747367568858348E-06
                          0.9782131767640770E-06
                          0.9816989040464554E-06
                          0.9851939346144810E-06
                          0.9886982547010299E-06
                          0.9922119259635997E-06
                          0.9957349645324333E-06
                          0.9992673767012136E-06
                          0.1002809179081960E-05
                          0.1006360388378950E-05
                          0.1009921021000328E-05
                          0.1013491093835300E-05
                          0.1017070623476869E-05
                          0.1020659626610455E-05
                          0.1024258119936278E-05
                          0.1027866120168989E-05
                          0.1031483644041225E-05
                          0.1035110708288511E-05
                          0.1038747329696512E-05
                          0.1042393611525715E-05
                          0.1046049311798486E-05
                          0.1049714704509118E-05
                          0.1053389722349270E-05
                          0.1057074381363032E-05
                          0.1060768698638559E-05
                          0.1064472690164905E-05
                          0.1068186373762271E-05
                          0.1071909765993946E-05
                          0.1075642886157278E-05
                          0.1079385743981702E-05
                          0.1083138363601968E-05
                          0.1086900761597878E-05
                          0.1090673120823576E-05
                          0.1094455855496443E-05
                          0.1098247505647398E-05
                          0.1102048446392708E-05
                          0.1105859978861051E-05
                          0.1109681389905512E-05
                          0.1113512695876184E-05
                          0.1117353915361903E-05
                          0.1121205062820237E-05
                          0.1125066157726477E-05
                          0.1128937216399811E-05
                          0.1132818261694170E-05
                          0.1136709293568970E-05
                          0.1140610346362692E-05
                          0.1144521431517265E-05
                          0.1148442566220081E-05
                          0.1152373791490305E-05
                          0.1156315053082133E-05
                          0.1160266439706406E-05
                          0.1164227946039719E-05
                          0.1168199585462542E-05
                          0.1172181379300367E-05
                          0.1176173407346701E-05
                          0.1180175494652121E-05
                          0.1184187851053653E-05
                          0.1188210429664949E-05
                          0.1192243253865968E-05
                          0.1196286325625563E-05
                          0.1200339672349951E-05
                          0.1204403315408566E-05
                          0.1208477264890364E-05
                          0.1212561540240068E-05
                          0.1216656189929896E-05
                          0.1220761154734437E-05
                          0.1224876503832170E-05
                          0.1229002261054152E-05
                          0.1233138434348209E-05
                          0.1237285237937075E-05
                          0.1241442085877683E-05
                          0.1245609603591421E-05
                          0.1249787605270938E-05
                          0.1253976108481501E-05
                          0.1258175130809847E-05
                          0.1262384689959216E-05
                          0.1266604806214895E-05
                          0.1270835488539393E-05
                          0.1275076765355807E-05
                          0.1279328645560005E-05
                          0.1283591153922393E-05
                          0.1287864336725258E-05
                          0.1292148116278098E-05
                          0.1296442600530762E-05
                          0.1300747784003807E-05
                          0.1305063682354501E-05
                          0.1309390309783045E-05
                          0.1313727687234212E-05
                          0.1318075831711520E-05
                          0.1322434762875411E-05
                          0.1326804491878366E-05
                          0.1331185043522937E-05
                          0.1335576433282287E-05
                          0.1339978679018576E-05
                          0.1344391798607970E-05
                          0.1348815811281708E-05
                          0.1353250731385661E-05
                          0.1357696579484852E-05
                          0.1362153432729814E-05
                          0.1366621131070987E-05
                          0.1371099870015096E-05
                          0.1375589608361970E-05
                          0.1380090364105596E-05
                          0.1384602155252070E-05
                          0.1389124999829010E-05
                          0.1393658915873778E-05
                          0.1398203932740389E-05
                          0.1402760034593541E-05
                          0.1407327273418962E-05
                          0.1411905656139225E-05
                          0.1416495205273909E-05
                          0.1421095924969067E-05
                          0.1425707847600102E-05
                          0.1430330986534426E-05
                          0.1434965369391050E-05
                          0.1439611121219686E-05
                          0.1444267882985534E-05
                          0.1448936077361993E-05
                          0.1453615573761421E-05
                          0.1458306390506880E-05
                          0.1463008602966586E-05
                          0.1467722068572470E-05
                          0.1472446973770259E-05
                          0.1477183522624842E-05
                          0.1481930998691929E-05
                          0.1486690154582522E-05
                          0.1491460857808060E-05
                          0.1496242846050138E-05
                          0.1501036418287136E-05
                          0.1505841499372518E-05
                          0.1510658107581538E-05
                          0.1515486261462768E-05
                          0.1520325979409282E-05
                          0.1525177279870962E-05
                          0.1530040183224101E-05
                          0.1534914702215337E-05
                          0.1539800861071935E-05
                          0.1544698677325448E-05
                          0.1549608166699352E-05
                          0.1554529350636517E-05
                          0.1559462247023545E-05
                          0.1564406873293247E-05
                          0.1569363248798250E-05
                          0.1574331392406749E-05
                          0.1579311322472478E-05
                          0.1584303057580063E-05
                          0.1589306616406543E-05
                          0.1594322017602077E-05
                          0.1599349643335644E-05
                          0.1604388422131941E-05
                          0.1609439462125108E-05
                          0.1614502419623146E-05
                          0.1619577312984570E-05
                          0.1624664160961277E-05
                          0.1629765524794849E-05
                          0.1634873795816812E-05
                          0.1639996620185322E-05
                          0.1645131474328446E-05
                          0.1650278378280473E-05
                          0.1655437347102896E-05
                          0.1660608403413464E-05
                          0.1665791564817224E-05
                          0.1670986850191106E-05
                          0.1676194278431875E-05
                          0.1681413872316491E-05
                          0.1686645639588219E-05
                          0.1691889609437067E-05
                          0.1697145798659182E-05
                          0.1702414224756754E-05
                          0.1707694907705396E-05
                          0.1712987866167496E-05
                          0.1718293119152701E-05
                          0.1723610686046389E-05
                          0.1728940584799291E-05
                          0.1734282835661352E-05
                          0.1739637459625507E-05
                          0.1745004468262625E-05
                          0.1750383888397649E-05
                          0.1755775736530784E-05
                          0.1761180034103655E-05
                          0.1766596793315440E-05
                          0.1772026040260030E-05
                          0.1777467791801189E-05
                          0.1782922067119595E-05
                          0.1788388885419756E-05
                          0.1793868266838253E-05
                          0.1799360227827824E-05
                          0.1804864790413072E-05
                          0.1810381972925844E-05
                          0.1815911794639982E-05
                          0.1821454274844015E-05
                          0.1827009432852773E-05
                          0.1832577287957979E-05
                          0.1838157859501436E-05
                          0.1843751166844522E-05
                          0.1849357229340764E-05
                          0.1854976066556911E-05
                          0.1860607697314620E-05
                          0.1866252141665361E-05
                          0.1871909418726101E-05
                          0.1877579550512617E-05
                          0.1883262548692896E-05
                          0.1888958441082941E-05
                          0.1894667243126610E-05
                          0.1900388975721478E-05
                          0.1906123657898436E-05
                          0.1911871309182282E-05
                          0.1917631962786993E-05
                          0.1923405597238746E-05
                          0.1929192274828938E-05
                          0.1934991996375689E-05
                          0.1940804786567120E-05
                          0.1946630663311921E-05
                          0.1952469646968729E-05
                          0.1958321755004526E-05
                          0.1964187009253196E-05
                          0.1970065428725530E-05
                          0.1975957034989306E-05
                          0.1981861841674248E-05
                          0.1987779874686447E-05
                          0.1993711151701825E-05
                          0.1999655692446255E-05
                          0.2005613516679624E-05
                          0.2011584644174482E-05
                          0.2017569094718898E-05
                          0.2023566888118198E-05
                          0.2029578047566399E-05
                          0.2035602582764924E-05
                          0.2041640884275114E-05
                          0.2047691886834412E-05
                          0.2053757604080580E-05
                          0.2059834959281740E-05
                          0.2065926732158267E-05
                          0.2072031959298306E-05
                          0.2078150733623814E-05
                          0.2084283046310199E-05
                          0.2090428924825009E-05
                          0.2096588379979023E-05
                          0.2102761439268340E-05
                          0.2108948120201601E-05
                          0.2115148443318139E-05
                          0.2121362427110118E-05
                          0.2127590097085658E-05
                          0.2133831461132881E-05
                          0.2140086550995541E-05
                          0.2146355382690152E-05
                          0.2152637976823415E-05
                          0.2158934352802573E-05
                          0.2165244531377977E-05
                          0.2171568533451083E-05
                          0.2177906380560572E-05
                          0.2184258083039095E-05
                          0.2190623681836861E-05
                          0.2197003166015990E-05
                          0.2203396582708965E-05
                          0.2209803943192616E-05
                          0.2216225269070469E-05
                          0.2222660576584193E-05
                          0.2229109890053448E-05
                          0.2235573228439176E-05
                          0.2242050612065254E-05
                          0.2248542061243950E-05
                          0.2255047596343420E-05
                          0.2261567237927710E-05
                          0.2268101005747294E-05
                          0.2274648920909281E-05
                          0.2281211003343397E-05
                          0.2287787274426305E-05
                          0.2294377752440455E-05
                          0.2300982459998071E-05
                          0.2307601416582706E-05
                          0.2314234642969695E-05
                          0.2320882159549581E-05
                          0.2327543986837695E-05
                          0.2334220146000906E-05
                          0.2340910655642691E-05
                          0.2347615538261250E-05
                          0.2354334813750390E-05
                          0.2361068504013271E-05
                          0.2367816655624256E-05
                          0.2374579204335963E-05
                          0.2381356257521881E-05
                          0.2388147805505524E-05
                          0.2394953871268372E-05
                          0.2401774473965830E-05
                          0.2408609638764133E-05
                          0.2415459374632625E-05
                          0.2422323713746638E-05
                          0.2429202672156612E-05
                          0.2436096272011283E-05
                          0.2443004533448169E-05
                          0.2449927478596628E-05
                          0.2456865124296895E-05
                          0.2463817495412093E-05
                          0.2470784611935098E-05
                          0.2477766493115416E-05
                          0.2484763160388457E-05
                          0.2491774635637080E-05
                          0.2498800940707251E-05
                          0.2505842091743367E-05
                          0.2512898114228868E-05
                          0.2519969027708667E-05
                          0.2527054853077168E-05
                          0.2534155611273112E-05
                          0.2541271325026772E-05
                          0.2548402010406805E-05
                          0.2555547692510186E-05
                          0.2562708391801213E-05
                          0.2569884137212029E-05
                          0.2577074924803437E-05
                          0.2584280800548522E-05
                          0.2591501777289925E-05
                          0.2598737876067694E-05
                          0.2605989117997564E-05
                          0.2613255524135860E-05
                          0.2620537115665675E-05
                          0.2627833913709803E-05
                          0.2635145939427732E-05
                          0.2642473213980890E-05
                          0.2649815760369931E-05
                          0.2657173594376289E-05
                          0.2664546749251452E-05
                          0.2671935224557276E-05
                          0.2679339061401411E-05
                          0.2686758277545637E-05
                          0.2694192884894774E-05
                          0.2701642914103369E-05
                          0.2709108384061414E-05
                          0.2716589313969235E-05
                          0.2724085727275940E-05
                          0.2731597644622866E-05
                          0.2739125087373083E-05
                          0.2746668076903859E-05
                          0.2754226634604747E-05
                          0.2761800781884113E-05
                          0.2769390540162287E-05
                          0.2776995930875082E-05
                          0.2784616975523026E-05
                          0.2792253695602919E-05
                          0.2799906121241706E-05
                          0.2807574247304566E-05
                          0.2815258125437161E-05
                          0.2822957758530275E-05
                          0.2830673181670052E-05
                          0.2838404401360516E-05
                          0.2846151451336716E-05
                          0.2853914348311232E-05
                          0.2861693114733326E-05
                          0.2869487772000362E-05
                          0.2877298345047631E-05
                          0.2885124845487921E-05
                          0.2892967305015859E-05
                          0.2900825741951328E-05
                          0.2908700181681996E-05
                          0.2916590634756984E-05
                          0.2924497134073800E-05
                          0.2932419697628087E-05
                          0.2940358347164430E-05
                          0.2948313104442124E-05
                          0.2956283991235047E-05
                          0.2964271029332058E-05
                          0.2972274240536551E-05
                          0.2980293646666118E-05
                          0.2988329269554229E-05
                          0.2996381131048158E-05
                          0.3004449253010068E-05
                          0.3012533657540655E-05
                          0.3020634365988886E-05
                          0.3028751400546929E-05
                          0.3036884783465399E-05
                          0.3045034536047569E-05
                          0.3053200680758877E-05
                          0.3061383239363781E-05
                          0.3069582233903754E-05
                          0.3077797686275644E-05
                          0.3086029618577816E-05
                          0.3094278052798769E-05
                          0.3102543010990801E-05
                          0.3110824515511898E-05
                          0.3119122587467495E-05
                          0.3127437249917242E-05
                          0.3135768524630704E-05
                          0.3144116433720120E-05
                          0.3152480999338320E-05
                          0.3160862249803399E-05
                          0.3169260188587055E-05
                          0.3177674879361206E-05
                          0.3186106269769895E-05
                          0.3194554466752409E-05
                          0.3203019420393264E-05
                          0.3211501202295380E-05
                          0.3219999818244242E-05
                          0.3228515290501071E-05
                          0.3237047641338068E-05
                          0.3245596893046699E-05
                          0.3254163067928680E-05
                          0.3262746188302183E-05
                          0.3271346279674485E-05
                          0.3279963354869763E-05
                          0.3288597445856150E-05
                          0.3297248571588547E-05
                          0.3305916754739265E-05
                          0.3314602017533101E-05
                          0.3323304382554075E-05
                          0.3332023872013177E-05
                          0.3340760515962482E-05
                          0.3349514314573976E-05
                          0.3358285317449601E-05
                          0.3367073525871377E-05
                          0.3375878975188184E-05
                          0.3384701683294573E-05
                          0.3393541674278615E-05
                          0.3402398969721220E-05
                          0.3411273592375304E-05
                          0.3420165564763165E-05
                          0.3429074909509970E-05
                          0.3438001649811726E-05
                          0.3446945806368184E-05
                          0.3455907411334119E-05
                          0.3464886464120581E-05
                          0.3473883009965561E-05
                          0.3482897064039928E-05
                          0.3491928649031222E-05
                          0.3500977787667794E-05
                          0.3510044502674548E-05
                          0.3519128816814876E-05
                          0.3528230752791770E-05
                          0.3537350333435621E-05
                          0.3546487581516394E-05
                          0.3555642519837545E-05
                          0.3564815171219098E-05
                          0.3574005558549198E-05
                          0.3583213704498605E-05
                          0.3592439632109819E-05
                          0.3601683369976264E-05
                          0.3610944923783721E-05
                          0.3620224334050838E-05
                          0.3629521616328452E-05
                          0.3638836795435111E-05
                          0.3648169894970127E-05
                          0.3657520933745356E-05
                          0.3666889939314707E-05
                          0.3676276932226155E-05
                          0.3685681936525641E-05
                          0.3695104982721276E-05
                          0.3704546070919186E-05
                          0.3714005255816447E-05
                          0.3723482524683796E-05
                          0.3732977929788933E-05
                          0.3742491484292014E-05
                          0.3752023211565686E-05
                          0.3761573133955872E-05
                          0.3771141277919137E-05
                          0.3780727668293970E-05
                          0.3790332311334334E-05
                          0.3799955243985344E-05
                          0.3809596492263664E-05
                          0.3819256075206641E-05
                          0.3828934025008060E-05
                          0.3838630338194929E-05
                          0.3848345064768895E-05
                          0.3858078218966298E-05
                          0.3867829824219766E-05
                          0.3877599903772203E-05
                          0.3887388480957738E-05
                          0.3897195579099343E-05
                          0.3907021221549884E-05
                          0.3916865431669777E-05
                          0.3926728232836206E-05
                          0.3936609648442359E-05
                          0.3946509701890109E-05
                          0.3956428416605151E-05
                          0.3966365816021871E-05
                          0.3976321923615737E-05
                          0.3986296762777019E-05
                          0.3996290357060752E-05
                          0.4006302732948420E-05
                          0.4016333904913911E-05
                          0.4026383906707416E-05
                          0.4036452755283974E-05
                          0.4046540477769066E-05
                          0.4056647096540999E-05
                          0.4066772635217626E-05
                          0.4076917117287148E-05
                          0.4087080566472829E-05
                          0.4097263006364504E-05
                          0.4107464460603893E-05
                          0.4117684953122643E-05
                          0.4127924506766352E-05
                          0.4138183146048401E-05
                          0.4148460894388282E-05
                          0.4158757775507164E-05
                          0.4169073813133067E-05
                          0.4179409031010691E-05
                          0.4189763452899414E-05
                          0.4200137102591090E-05
                          0.4210530003821328E-05
                          0.4220942180597741E-05
                          0.4231373656268127E-05
                          0.4241824455118204E-05
                          0.4252294600846685E-05
                          0.4262784117309587E-05
                          0.4273293028392178E-05
                          0.4283821357978421E-05
                          0.4294369129980624E-05
                          0.4304936374429855E-05
                          0.4315523096926315E-05
                          0.4326129339756226E-05
                          0.4336755120773046E-05
                          0.4347400463956790E-05
                          0.4358065393316064E-05
                          0.4368749932818370E-05
                          0.4379454106529811E-05
                          0.4390177938634989E-05
                          0.4400921452708098E-05
                          0.4411684673296697E-05
                          0.4422467624323982E-05
                          0.4433270334209774E-05
                          0.4444092814099887E-05
                          0.4454935101087936E-05
                          0.4465797214993540E-05
                          0.4476679180116101E-05
                          0.4487581020197898E-05
                          0.4498502759853778E-05
                          0.4509444423141348E-05
                          0.4520406034275921E-05
                          0.4531387617487510E-05
                          0.4542389197020828E-05
                          0.4553410797135314E-05
                          0.4564452442119616E-05
                          0.4575514156219036E-05
                          0.4586595963780656E-05
                          0.4597697889448616E-05
                          0.4608819956534687E-05
                          0.4619962190407738E-05
                          0.4631124615089737E-05
                          0.4642307254958021E-05
                          0.4653510134403635E-05
                          0.4664733277833810E-05
                          0.4675976709669513E-05
                          0.4687240454436987E-05
                          0.4698524536315830E-05
                          0.4709828980042388E-05
                          0.4721153810006349E-05
                          0.4732499050702446E-05
                          0.4743864726640124E-05
                          0.4755250862343536E-05
                          0.4766657482483280E-05
                          0.4778084611217710E-05
                          0.4789532273510282E-05
                          0.4801000493812259E-05
                          0.4812489296723151E-05
                          0.4823998706849877E-05
                          0.4835528748824998E-05
                          0.4847079447288501E-05
                          0.4858650826896908E-05
                          0.4870242914213646E-05
                          0.4881855728247928E-05
                          0.4893489299377133E-05
                          0.4905143650424344E-05
                          0.4916818806119595E-05
                          0.4928514791207657E-05
                          0.4940231630447977E-05
                          0.4951969348614722E-05
                          0.4963727970496767E-05
                          0.4975507520897692E-05
                          0.4987308024635780E-05
                          0.4999129506544025E-05
                          0.5010971991470129E-05
                          0.5022835504276494E-05
                          0.5034720069840235E-05
                          0.5046625713053176E-05
                          0.5058552458821833E-05
                          0.5070500332067452E-05
                          0.5082469357725967E-05
                          0.5094459560748020E-05
                          0.5106470966098975E-05
                          0.5118503598758892E-05
                          0.5130557483722526E-05
                          0.5142632645999365E-05
                          0.5154729110613587E-05
                          0.5166846902604075E-05
                          0.5178986047024425E-05
                          0.5191146568942943E-05
                          0.5203328493442632E-05
                          0.5215531845621210E-05
                          0.5227756650591094E-05
                          0.5240002933479419E-05
                          0.5252270719428015E-05
                          0.5264560033593423E-05
                          0.5276870901146900E-05
                          0.5289203347274399E-05
                          0.5301557397176573E-05
                          0.5313933076068802E-05
                          0.5326330409181161E-05
                          0.5338749421758429E-05
                          0.5351190139060095E-05
                          0.5363652586360351E-05
                          0.5376136788948115E-05
                          0.5388642772126984E-05
                          0.5401170561215282E-05
                          0.5413720181546021E-05
                          0.5426291658466943E-05
                          0.5438885017340485E-05
                          0.5451500283543780E-05
                          0.5464137482468691E-05
                          0.5476796639521769E-05
                          0.5489477780124283E-05
                          0.5502180929712189E-05
                          0.5514906113736185E-05
                          0.5527653357661643E-05
                          0.5540422686968657E-05
                          0.5553214127152029E-05
                          0.5566027703721261E-05
                          0.5578863442200563E-05
                          0.5591721368128850E-05
                          0.5604601507059760E-05
                          0.5617503884561612E-05
                          0.5630428526217453E-05
                          0.5643375457625019E-05
                          0.5656344704396776E-05
                          0.5669336292159872E-05
                          0.5682350246556178E-05
                          0.5695386593242262E-05
                          0.5708445357889413E-05
                          0.5721526566183609E-05
                          0.5734630243825539E-05
                          0.5747756416530616E-05
                          0.5760905110028938E-05
                          0.5774076350065324E-05
                          0.5787270162399289E-05
                          0.5800486572805055E-05
                          0.5813725607071568E-05
                          0.5826987291002461E-05
                          0.5840271650416079E-05
                          0.5853578711145486E-05
                          0.5866908499038438E-05
                          0.5880261039957394E-05
                          0.5893636359779544E-05
                          0.5907034484396757E-05
                          0.5920455439715630E-05
                          0.5933899251657450E-05
                          0.5947365946158219E-05
                          0.5960855549168653E-05
                          0.5974368086654165E-05
                          0.5987903584594864E-05
                          0.6001462068985595E-05
                          0.6015043565835891E-05
                          0.6028648101169988E-05
                          0.6042275701026837E-05
                          0.6055926391460096E-05
                          0.6069600198538127E-05
                          0.6083297148343996E-05
                          0.6097017266975489E-05
                          0.6110760580545076E-05
                          0.6124527115179959E-05
                          0.6138316897022030E-05
                          0.6152129952227879E-05
                          0.6165966306968838E-05
                          0.6179825987430913E-05
                          0.6193709019814825E-05
                          0.6207615430336010E-05
                          0.6221545245224602E-05
                          0.6235498490725456E-05
                          0.6249475193098103E-05
                          0.6263475378616819E-05
                          0.6277499073570558E-05
                          0.6291546304262994E-05
                          0.6305617097012498E-05
                          0.6319711478152168E-05
                          0.6333829474029787E-05
                          0.6347971111007859E-05
                          0.6362136415463582E-05
                          0.6376325413788878E-05
                          0.6390538132390355E-05
                          0.6404774597689338E-05
                          0.6419034836121871E-05
                          0.6433318874138683E-05
                          0.6447626738205218E-05
                          0.6461958454801641E-05
                          0.6476314050422805E-05
                          0.6490693551578272E-05
                          0.6505096984792320E-05
                          0.6519524376603919E-05
                          0.6533975753566769E-05
                          0.6548451142249261E-05
                          0.6562950569234484E-05
                          0.6577474061120258E-05
                          0.6592021644519091E-05
                          0.6606593346058199E-05
                          0.6621189192379520E-05
                          0.6635809210139679E-05
                          0.6650453426010022E-05
                          0.6665121866676592E-05
                          0.6679814558840146E-05
                          0.6694531529216149E-05
                          0.6709272804534762E-05
                          0.6724038411540865E-05
                          0.6738828376994028E-05
                          0.6753642727668558E-05
                          0.6768481490353432E-05
                          0.6783344691852370E-05
                          0.6798232358983765E-05
                          0.6813144518580746E-05
                          0.6828081197491117E-05
                          0.6843042422577424E-05
                          0.6858028220716895E-05
                          0.6873038618801471E-05
                          0.6888073643737808E-05
                          0.6903133322447259E-05
                          0.6918217681865887E-05
                          0.6933326748944456E-05
                          0.6948460550648450E-05
                          0.6963619113958057E-05
                          0.6978802465868153E-05
                          0.6994010633388343E-05
                          0.7009243643542925E-05
                          0.7024501523370919E-05
                          0.7039784299926041E-05
                          0.7055092000276700E-05
                          0.7070424651506044E-05
                          0.7085782280711908E-05
                          0.7101164915006823E-05
                          0.7116572581518057E-05
                          0.7132005307387559E-05
                          0.7147463119771993E-05
                          0.7162946045842733E-05
                          0.7178454112785863E-05
                          0.7193987347802157E-05
                          0.7209545778107117E-05
                          0.7225129430930926E-05
                          0.7240738333518508E-05
                          0.7256372513129463E-05
                          0.7272031997038120E-05
                          0.7287716812533496E-05
                          0.7303426986919323E-05
                          0.7319162547514047E-05
                          0.7334923521650803E-05
                          0.7350709936677462E-05
                          0.7366521819956569E-05
                          0.7382359198865394E-05
                          0.7398222100795906E-05
                          0.7414110553154799E-05
                          0.7430024583363448E-05
                          0.7445964218857944E-05
                          0.7461929487089095E-05
                          0.7477920415522410E-05
                          0.7493937031638098E-05
                          0.7509979362931077E-05
                          0.7526047436910974E-05
                          0.7542141281102135E-05
                          0.7558260923043591E-05
                          0.7574406390289091E-05
                          0.7590577710407086E-05
                          0.7606774910980747E-05
                          0.7622998019607940E-05
                          0.7639247063901228E-05
                          0.7655522071487912E-05
                          0.7671823070009968E-05
                          0.7688150087124091E-05
                          0.7704503150501685E-05
                          0.7720882287828860E-05
                          0.7737287526806440E-05
                          0.7753718895149935E-05
                          0.7770176420589568E-05
                          0.7786660130870299E-05
                          0.7803170053751743E-05
                          0.7819706217008283E-05
                          0.7836268648428943E-05
                          0.7852857375817504E-05
                          0.7869472426992429E-05
                          0.7886113829786895E-05
                          0.7902781612048791E-05
                          0.7919475801640698E-05
                          0.7936196426439934E-05
                          0.7952943514338472E-05
                          0.7969717093243046E-05
                          0.7986517191075066E-05
                          0.8003343835770659E-05
                          0.8020197055280641E-05
                          0.8037076877570568E-05
                          0.8053983330620689E-05
                          0.8070916442425933E-05
                          0.8087876240995978E-05
                          0.8104862754355176E-05
                          0.8121876010542606E-05
                          0.8138916037612039E-05
                          0.8155982863631971E-05
                          0.8173076516685582E-05
                          0.8190197024870790E-05
                          0.8207344416300179E-05
                          0.8224518719101075E-05
                          0.8241719961415493E-05
                          0.8258948171400152E-05
                          0.8276203377226498E-05
                          0.8293485607080665E-05
                          0.8310794889163497E-05
                          0.8328131251690544E-05
                          0.8345494722892070E-05
                          0.8362885331013054E-05
                          0.8380303104313151E-05
                          0.8397748071066739E-05
                          0.8415220259562926E-05
                          0.8432719698105490E-05
                          0.8450246415012934E-05
                          0.8467800438618465E-05
                          0.8485381797270005E-05
                          0.8502990519330163E-05
                          0.8520626633176277E-05
                          0.8538290167200379E-05
                          0.8555981149809200E-05
                          0.8573699609424210E-05
                          0.8591445574481542E-05
                          0.8609219073432069E-05
                          0.8627020134741353E-05
                          0.8644848786889675E-05
                          0.8662705058372018E-05
                          0.8680588977698066E-05
                          0.8698500573392213E-05
                          0.8716439873993567E-05
                          0.8734406908055940E-05
                          0.8752401704147842E-05
                          0.8770424290852487E-05
                          0.8788474696767828E-05
                          0.8806552950506473E-05
                          0.8824659080695790E-05
                          0.8842793115977818E-05
                          0.8860955085009305E-05
                          0.8879145016461732E-05
                          0.8897362939021257E-05
                          0.8915608881388759E-05
                          0.8933882872279832E-05
                          0.8952184940424749E-05
                          0.8970515114568519E-05
                          0.8988873423470843E-05
                          0.9007259895906141E-05
                          0.9025674560663511E-05
                          0.9044117446546795E-05
                          0.9062588582374512E-05
                          0.9081087996979915E-05
                          0.9099615719210930E-05
                          0.9118171777930222E-05
                          0.9136756202015151E-05
                          0.9155369020357775E-05
                          0.9174010261864858E-05
                          0.9192679955457901E-05
                          0.9211378130073076E-05
                          0.9230104814661273E-05
                          0.9248860038188095E-05
                          0.9267643829633849E-05
                          0.9286456217993546E-05
                          0.9305297232276911E-05
                          0.9324166901508350E-05
                          0.9343065254727024E-05
                          0.9361992320986760E-05
                          0.9380948129356103E-05
                          0.9399932708918303E-05
                          0.9418946088771331E-05
                          0.9437988298027840E-05
                          0.9457059365815220E-05
                          0.9476159321275552E-05
                          0.9495288193565595E-05
                          0.9514446011856866E-05
                          0.9533632805335571E-05
                          0.9552848603202607E-05
                          0.9572093434673592E-05
                          0.9591367328978843E-05
                          0.9610670315363387E-05
                          0.9630002423086972E-05
                          0.9649363681424025E-05
                          0.9668754119663704E-05
                          0.9688173767109855E-05
                          0.9707622653081042E-05
                          0.9727100806910545E-05
                          0.9746608257946321E-05
                          0.9766145035551072E-05
                          0.9785711169102175E-05
