 tauray
                          0.5385693581747320E-17
                          0.2465681762489827E-11
                          0.3650396648346842E-10
                          0.1800193130682571E-09
                          0.5615041132361376E-09
                          0.1360038696906046E-08
                          0.2805291332196572E-08
                          0.5177518225425960E-08
                          0.8807563521112108E-08
                          0.1407685930197255E-07
                          0.2141742558892453E-07
                          0.3131187034108490E-07
                          0.4429338945577014E-07
                          0.6094576676849644E-07
                          0.8190337405297958E-07
                          0.1078511710211351E-06
                          0.1395247053230781E-06
                          0.1777101125471235E-06
                          0.2232441162197855E-06
                          0.2770140278057784E-06
                          0.3399577467080157E-06
                          0.4130637602676111E-06
                          0.4973711437638775E-06
                          0.5939695604143270E-06
                          0.7039992613746733E-06
                          0.8286510857388276E-06
                          0.9691664605389019E-06
                          0.1126837400745206E-05
                          0.1303006509266254E-05
                          0.1499066976948753E-05
                          0.1716462582577616E-05
                          0.1956687692875952E-05
                          0.2221287262505070E-05
                          0.2511856834064479E-05
                          0.2830042538091890E-05
                          0.3177541093063211E-05
                          0.3556099805392546E-05
                          0.3967516569432209E-05
                          0.4413639867472708E-05
                          0.4896368769742741E-05
                          0.5417652934409224E-05
                          0.5979492607577260E-05
                          0.6583938623290159E-05
                          0.7233092403529418E-05
                          0.7929105958214748E-05
                          0.8674181885204054E-05
                          0.9470573370293445E-05
                          0.1032058418721721E-04
                          0.1122656869764788E-04
                          0.1219093185119613E-04
                          0.1321612918541088E-04
                          0.1430466682577923E-04
                          0.1545910148572647E-04
                          0.1668204046661615E-04
                          0.1797614165774989E-04
                          0.1934411353636766E-04
                          0.2078871516764754E-04
                          0.2231275620470583E-04
                          0.2391909688859703E-04
                          0.2561064804831383E-04
                          0.2739037110078716E-04
                          0.2926127805088607E-04
                          0.3122643149141792E-04
                          0.3328894460312816E-04
                          0.3545198115470055E-04
                          0.3771875550275688E-04
                          0.4009253259185735E-04
                          0.4257662795450021E-04
                          0.4517440771112195E-04
                          0.4788928857009730E-04
                          0.5072473782773915E-04
                          0.5368427336829861E-04
                          0.5677146366396491E-04
                          0.5998992777486560E-04
                          0.6334333534906639E-04
                          0.6683540662257111E-04
                          0.7046991241932192E-04
                          0.7425067415119907E-04
                          0.7818156381802101E-04
                          0.8226650400754463E-04
                          0.8650946789546457E-04
                          0.9091447924541407E-04
                          0.9548561240896448E-04
                          0.1002269923256251E-03
                          0.1051427945228439E-03
                          0.1102372451160065E-03
                          0.1155146208084371E-03
                          0.1209792488913979E-03
                          0.1266355072440895E-03
                          0.1324878243336507E-03
                          0.1385406792151581E-03
                          0.1447986015316270E-03
                          0.1512661715140107E-03
                          0.1579480199812005E-03
                          0.1648488283400262E-03
                          0.1719733285852558E-03
                          0.1793263032995952E-03
                          0.1869125856536887E-03
                          0.1947370594061189E-03
                          0.2028046589034065E-03
                          0.2111203690800104E-03
                          0.2196892254583276E-03
                          0.2285163141486933E-03
                          0.2376067718493810E-03
                          0.2469657858466027E-03
                          0.2565985940145079E-03
                          0.2665104848151849E-03
                          0.2767067972986599E-03
                          0.2871929211028972E-03
                          0.2979742964538002E-03
                          0.3090564141652090E-03
                          0.3204448156389027E-03
                          0.3321450928645992E-03
                          0.3441628884199534E-03
                          0.3565038954705593E-03
                          0.3691738577699487E-03
                          0.3821785696595914E-03
                          0.3955238760688964E-03
                          0.4092156725152094E-03
                          0.4232599051038154E-03
                          0.4376625705279376E-03
                          0.4524297160687364E-03
                          0.4675674395953117E-03
                          0.4830818895647002E-03
                          0.4989792650218786E-03
                          0.5152658155997602E-03
                          0.5319478415191972E-03
                          0.5490316935889796E-03
                          0.5665237732058364E-03
                          0.5844305323544338E-03
                          0.6027584736073768E-03
                          0.6215141501252089E-03
                          0.6407041656564102E-03
                          0.6603351745374015E-03
                          0.6804138816925401E-03
                          0.7009470426341217E-03
                          0.7219414634623798E-03
                          0.7434040008654883E-03
                          0.7653415621195557E-03
                          0.7877611050886320E-03
                          0.8106696382247037E-03
                          0.8340742205676960E-03
                          0.8579819617454718E-03
                          0.8824000219738332E-03
                          0.9073356120565191E-03
                          0.9327959933852081E-03
                          0.9587884779395155E-03
                          0.9853204282869957E-03
                          0.1012399257583142E-02
                          0.1040032429571384E-02
                          0.1068227458583093E-02
                          0.1096991909537572E-02
                          0.1126333397942069E-02
                          0.1156259589891767E-02
                          0.1186778202069788E-02
                          0.1217897001747191E-02
                          0.1249623806782974E-02
                          0.1281966485624076E-02
                          0.1314932957305366E-02
                          0.1348531191449662E-02
                          0.1382769208267712E-02
                          0.1417655078558206E-02
                          0.1453196923707772E-02
                          0.1489402915690973E-02
                          0.1526281277070315E-02
                          0.1563840280996239E-02
                          0.1602088251207125E-02
                          0.1641033562029291E-02
                          0.1680684638376994E-02
                          0.1721049955752427E-02
                          0.1762138040245727E-02
                          0.1803957468534959E-02
                          0.1846516867886139E-02
                          0.1889824916153210E-02
                          0.1933890341778060E-02
                          0.1978721923790509E-02
                          0.2024328491808324E-02
                          0.2070718926037202E-02
                          0.2117902157270783E-02
                          0.2165887166890643E-02
                          0.2214682986866297E-02
                          0.2264298699755198E-02
                          0.2314743438702738E-02
                          0.2366026387442243E-02
                          0.2418156780294984E-02
                          0.2471143902170170E-02
                          0.2524997088564939E-02
                          0.2579725725564374E-02
                          0.2635339249841499E-02
                          0.2691847148657272E-02
                          0.2749258959860586E-02
                          0.2807584271888278E-02
                          0.2866832723765123E-02
                          0.2927014005103831E-02
                          0.2988137856105055E-02
                          0.3050214067557376E-02
                          0.3113252480837326E-02
                          0.3177262987909364E-02
                          0.3242255531325899E-02
                          0.3308240104227268E-02
                          0.3375226750341748E-02
                          0.3443225563985561E-02
                          0.3512246690062857E-02
                          0.3582300324065733E-02
                          0.3653396712074219E-02
                          0.3725546150756283E-02
                          0.3798758987367837E-02
                          0.3873045619752728E-02
                          0.3948416496342737E-02
                          0.4024882116157584E-02
                          0.4102453028804936E-02
                          0.4181139834480392E-02
                          0.4260953183967487E-02
                          0.4341903778637694E-02
                          0.4424002370450426E-02
                          0.4507259761953044E-02
                          0.4591686806280829E-02
                          0.4677294407157011E-02
                          0.4764093518892759E-02
                          0.4852095146387177E-02
                          0.4941310345127303E-02
                          0.5031750221188121E-02
                          0.5123425931232559E-02
                          0.5216348682511464E-02
                          0.5310529732863634E-02
                          0.5405980390715802E-02
                          0.5502712015082642E-02
                          0.5600736015566763E-02
                          0.5700063852358712E-02
                          0.5800707036236981E-02
                          0.5902677128567989E-02
                          0.6005985741306103E-02
                          0.6110644536993622E-02
                          0.6216665228760788E-02
                          0.6324059580325775E-02
                          0.6432839405994701E-02
                          0.6543016570661619E-02
                          0.6654602989808523E-02
                          0.6767610629505341E-02
                          0.6882051506409945E-02
                          0.6997937687768139E-02
                          0.7115281291413668E-02
                          0.7234094485768217E-02
                          0.7354389489841410E-02
                          0.7476178573230794E-02
                          0.7599474056121882E-02
                          0.7724288309288106E-02
                          0.7850633754090841E-02
                          0.7978522862479387E-02
                          0.8107968156991007E-02
                          0.8238982210750890E-02
                          0.8371577647472159E-02
                          0.8505767141455881E-02
                          0.8641563417591064E-02
                          0.8778979251354631E-02
                          0.8918027468811486E-02
                          0.9058720946614434E-02
                          0.9201072612004238E-02
                          0.9345095442809578E-02
                          0.9490802467447105E-02
                          0.9638206764921376E-02
                          0.9787321464824906E-02
                          0.9938159747338146E-02
                          0.1009073484322948E-01
                          0.1024506003385522E-01
                          0.1040114865115965E-01
                          0.1055901407767494E-01
                          0.1071866974652126E-01
                          0.1088012914140666E-01
                          0.1104340579662717E-01
                          0.1120851329706674E-01
                          0.1137546527819725E-01
                          0.1154427542607855E-01
                          0.1171495747735839E-01
                          0.1188752521927250E-01
                          0.1206199248964448E-01
                          0.1223837317688595E-01
                          0.1241668121999642E-01
                          0.1259693060856334E-01
                          0.1277913538276212E-01
                          0.1296330963335609E-01
                          0.1314946750169652E-01
                          0.1333762317972261E-01
                          0.1352779090996153E-01
                          0.1371998498552837E-01
                          0.1391421975012613E-01
                          0.1411050959804579E-01
                          0.1430886897416626E-01
                          0.1450931237395437E-01
                          0.1471185434346490E-01
                          0.1491650947934056E-01
                          0.1512329242881202E-01
                          0.1533221788969786E-01
                          0.1554330061040462E-01
                          0.1575655538992677E-01
                          0.1597199707784671E-01
                          0.1618964057433479E-01
                          0.1640950083014930E-01
                          0.1663159284663645E-01
                          0.1685593167573041E-01
                          0.1708253241995327E-01
                          0.1731141023241508E-01
                          0.1754258031681382E-01
                          0.1777605792743538E-01
                          0.1801185836915362E-01
                          0.1824999699743034E-01
                          0.1849048921831525E-01
                          0.1873335048844604E-01
                          0.1897859631504830E-01
                          0.1922624225593558E-01
                          0.1947630391950936E-01
                          0.1972879696475903E-01
                          0.1998373710126199E-01
                          0.2024114008918351E-01
                          0.2050102173927684E-01
                          0.2076339791288314E-01
                          0.2102828452193152E-01
                          0.2129569752893902E-01
                          0.2156565294701066E-01
                          0.2183816683983932E-01
                          0.2211325532170591E-01
                          0.2239093455747918E-01
                          0.2267122076261591E-01
                          0.2295413020316074E-01
                          0.2323967919574633E-01
                          0.2352788410759321E-01
                          0.2381876135650988E-01
                          0.2411232741089275E-01
                          0.2440859878972620E-01
                          0.2470759206258257E-01
                          0.2500932384962205E-01
                          0.2531381082159286E-01
                          0.2562106969983111E-01
                          0.2593111725626084E-01
                          0.2624397031339410E-01
                          0.2655964574433076E-01
                          0.2687816047275875E-01
                          0.2719953147295382E-01
                          0.2752377576977979E-01
                          0.2785091043868831E-01
                          0.2818095260571901E-01
                          0.2851391944749945E-01
                          0.2884982819124515E-01
                          0.2918869611475954E-01
                          0.2953054054643400E-01
                          0.2987537886524786E-01
                          0.3022322850076835E-01
                          0.3057410693315071E-01
                          0.3092803169313801E-01
                          0.3128502036206136E-01
                          0.3164509057183975E-01
                          0.3200826000498016E-01
                          0.3237454639457745E-01
                          0.3274396752431448E-01
                          0.3311654122846193E-01
                          0.3349228539187857E-01
                          0.3387121795001101E-01
                          0.3425335688889384E-01
                          0.3463872024514957E-01
                          0.3502732610598865E-01
                          0.3541919260920945E-01
                          0.3581433794319834E-01
                          0.3621278034692956E-01
                          0.3661453810996533E-01
                          0.3701962957245576E-01
                          0.3742807312513899E-01
                          0.3783988720934101E-01
                          0.3825509031697576E-01
                          0.3867370099054516E-01
                          0.3909573782313901E-01
                          0.3952121945843518E-01
                          0.3995016459069925E-01
                          0.4038259196478495E-01
                          0.4081852037613384E-01
                          0.4125796867077547E-01
                          0.4170095574532725E-01
                          0.4214750054699463E-01
                          0.4259762207357098E-01
                          0.4305133937343748E-01
                          0.4350867154556346E-01
                          0.4396963773950599E-01
                          0.4443425715541018E-01
                          0.4490254904400909E-01
                          0.4537453270662367E-01
                          0.4585022749516282E-01
                          0.4632965281212341E-01
                          0.4681282811059018E-01
                          0.4729977289423594E-01
                          0.4779050671732124E-01
                          0.4828504918469475E-01
                          0.4878341995179301E-01
                          0.4928563872464044E-01
                          0.4979172525984953E-01
                          0.5030169936462053E-01
                          0.5081558089674179E-01
                          0.5133338976458958E-01
                          0.5185514592712798E-01
                          0.5238086939390918E-01
                          0.5291058022507313E-01
                          0.5344429853134790E-01
                          0.5398204447404931E-01
                          0.5452383826508131E-01
                          0.5506970016693565E-01
                          0.5561965049269208E-01
                          0.5617370960601827E-01
                          0.5673189792116982E-01
                          0.5729423590299027E-01
                          0.5786074406691113E-01
                          0.5843144297895182E-01
                          0.5900635325571964E-01
                          0.5958549556441003E-01
                          0.6016889062280610E-01
                          0.6075655919927905E-01
                          0.6134852211278803E-01
                          0.6194480023288010E-01
                          0.6254541447969024E-01
                          0.6315038582394134E-01
                          0.6375973528694433E-01
                          0.6437348394059800E-01
                          0.6499165290738904E-01
                          0.6561426336039218E-01
                          0.6624133652327008E-01
                          0.6687289367027320E-01
                          0.6750895612624011E-01
                          0.6814954526659725E-01
                          0.6879468251735890E-01
                          0.6944438935512755E-01
                          0.7009868730709323E-01
                          0.7075759795103428E-01
                          0.7142114291531682E-01
                          0.7208934387889489E-01
                          0.7276222257131044E-01
                          0.7343980077269352E-01
                          0.7412210031376190E-01
                          0.7480914307582144E-01
                          0.7550095099076595E-01
                          0.7619754604107702E-01
                          0.7689895025982429E-01
                          0.7760518573066552E-01
                          0.7831627458784593E-01
                          0.7903223901619920E-01
                          0.7975310125114661E-01
                          0.8047888357869748E-01
                          0.8120960833544912E-01
                          0.8194529790858665E-01
                          0.8268597473588334E-01
                          0.8343166130570012E-01
                          0.8418238015698609E-01
                          0.8493815387927811E-01
                          0.8569900511270123E-01
                          0.8646495654796818E-01
                          0.8723603092637973E-01
                          0.8801225103982460E-01
                          0.8879363973077942E-01
                          0.8958021989230877E-01
                          0.9037201446806517E-01
                          0.9116904645228910E-01
                          0.9197133888980895E-01
                          0.9277891487604102E-01
                          0.9359179755698956E-01
                          0.9441001012924692E-01
                          0.9523357583999320E-01
                          0.9606251798699630E-01
                          0.9689685991861249E-01
                          0.9773662503378561E-01
                          0.9858183678204759E-01
                          0.9943251866351825E-01
                          0.1002886942289054E+00
                          0.1011503870795047E+00
                          0.1020176208671999E+00
                          0.1028904192944626E+00
                          0.1037688061143521E+00
                          0.1046528051305161E+00
                          0.1055424401971900E+00
                          0.1064377352191970E+00
                          0.1073387141519486E+00
                          0.1082454010014438E+00
                          0.1091578198242699E+00
                          0.1100759947276020E+00
                          0.1109999498692030E+00
                          0.1119297094574240E+00
                          0.1128652977512039E+00
                          0.1138067390600695E+00
                          0.1147540577441356E+00
                          0.1157072782141050E+00
                          0.1166664249312682E+00
                          0.1176315224075040E+00
                          0.1186025952052789E+00
                          0.1195796679376474E+00
                          0.1205627652682517E+00
                          0.1215519119113224E+00
                          0.1225471326316777E+00
                          0.1235484522447238E+00
                          0.1245558956164550E+00
                          0.1255694876634532E+00
                          0.1265892533528886E+00
                          0.1276152177025193E+00
                          0.1286474057806909E+00
                          0.1296858427063375E+00
                          0.1307305536489810E+00
                          0.1317815638287308E+00
                          0.1328388985162847E+00
                          0.1339025830329285E+00
                          0.1349726427505357E+00
                          0.1360491030915676E+00
                          0.1371319895290738E+00
                          0.1382213275866916E+00
                          0.1393171428386464E+00
                          0.1404194609097512E+00
                          0.1415283074754075E+00
                          0.1426437082616041E+00
                          0.1437656890449185E+00
                          0.1448942756525153E+00
                          0.1460294939621474E+00
                          0.1471713699021560E+00
                          0.1483199294514698E+00
                          0.1494751986396054E+00
                          0.1506372035466676E+00
                          0.1518059703033491E+00
                          0.1529815250909303E+00
                          0.1541638941412797E+00
                          0.1553531037368539E+00
                          0.1565491802106973E+00
                          0.1577521499464419E+00
                          0.1589620393783083E+00
                          0.1601788749911046E+00
                          0.1614026833202269E+00
                          0.1626334909516592E+00
                          0.1638713245219736E+00
                          0.1651162107183300E+00
                          0.1663681762784764E+00
                          0.1676272479907484E+00
                          0.1688934526940699E+00
                          0.1701668172779528E+00
                          0.1714473686824963E+00
                          0.1727351338983884E+00
                          0.1740301399669042E+00
                          0.1753324139799075E+00
                          0.1766419830798495E+00
                          0.1779588744597697E+00
                          0.1792831153632952E+00
                          0.1806147330846413E+00
                          0.1819537549686110E+00
                          0.1833002084105956E+00
                          0.1846541208565740E+00
                          0.1860155198031130E+00
                          0.1873844327973677E+00
                          0.1887608874370811E+00
                          0.1901449113705835E+00
                          0.1915365322967942E+00
                          0.1929357779652194E+00
                          0.1943426761759536E+00
                          0.1957572547796797E+00
                          0.1971795416776680E+00
                          0.1986095648217769E+00
                          0.2000473522144527E+00
                          0.2014929319087298E+00
                          0.2029463320082303E+00
                          0.2044075806671644E+00
                          0.2058767060903302E+00
                          0.2073537365331135E+00
                          0.2088387003014887E+00
                          0.2103316257520174E+00
                          0.2118325412918496E+00
                          0.2133414753787230E+00
                          0.2148584565209634E+00
                          0.2163835132774844E+00
                          0.2179166742577875E+00
                          0.2194579681219623E+00
                          0.2210074235806864E+00
                          0.2225650693952253E+00
                          0.2241309343774318E+00
                          0.2257050473897478E+00
                          0.2272874373452021E+00
                          0.2288781332074122E+00
                          0.2304771639905831E+00
                          0.2320845587595079E+00
                          0.2337003466295672E+00
                          0.2353245567667302E+00
                          0.2369572183875540E+00
                          0.2385983607591831E+00
                          0.2402480131993502E+00
                          0.2419062050763759E+00
                          0.2435729658091694E+00
                          0.2452483248672265E+00
                          0.2469323117706319E+00
                          0.2486249560900583E+00
                          0.2503262874467660E+00
                          0.2520363355126028E+00
                          0.2537551300100056E+00
                          0.2554827007119983E+00
                          0.2572190774421930E+00
                          0.2589642900747897E+00
                          0.2607183685345765E+00
                          0.2624813427969293E+00
                          0.2642532428878119E+00
                          0.2660340988837762E+00
                          0.2678239409119617E+00
                          0.2696227991500965E+00
                          0.2714307038264960E+00
                          0.2732476852200638E+00
                          0.2750737736602913E+00
                          0.2769089995272580E+00
                          0.2787533932516314E+00
                          0.2806069853146666E+00
                          0.2824698062482067E+00
                          0.2843418866346835E+00
                          0.2862232571071156E+00
                          0.2881139483491101E+00
                          0.2900139910948622E+00
                          0.2919234161291547E+00
                          0.2938422542873587E+00
                          0.2957705364554327E+00
                          0.2977082935699235E+00
                          0.2996555566179662E+00
                          0.3016123566372830E+00
                          0.3035787247161844E+00
                          0.3055546919935693E+00
                          0.3075402896589239E+00
                          0.3095355489523229E+00
                          0.3115405011644280E+00
                          0.3135551776364899E+00
                          0.3155796097603468E+00
                          0.3176138289784251E+00
                          0.3196578667837379E+00
                          0.3217117547198882E+00
                          0.3237755243810654E+00
                          0.3258492074120478E+00
                          0.3279328355082011E+00
                          0.3300264404154788E+00
                          0.3321300539304228E+00
                          0.3342437079001628E+00
                          0.3363674342224162E+00
                          0.3385012648454889E+00
                          0.3406452317682737E+00
                          0.3427993670402528E+00
                          0.3449637027614946E+00
                          0.3471382710826570E+00
                          0.3493231042049856E+00
                          0.3515182343803128E+00
                          0.3537236939110599E+00
                          0.3559395151502360E+00
                          0.3581657305014380E+00
                          0.3604023724188509E+00
                          0.3626494734072471E+00
                          0.3649070660219881E+00
                          0.3671751828690224E+00
                          0.3694538566048861E+00
                          0.3717431199367044E+00
                          0.3740430056221899E+00
                          0.3763535464696426E+00
                          0.3786747753379506E+00
                          0.3810067251365915E+00
                          0.3833494288256287E+00
                          0.3857029194157142E+00
                          0.3880672299680889E+00
                          0.3904423935945803E+00
                          0.3928284434576048E+00
                          0.3952254127701659E+00
                          0.3976333347958563E+00
                          0.4000522428488551E+00
                          0.4024821702939305E+00
                          0.4049231505464381E+00
                          0.4073752170723216E+00
                          0.4098384033881128E+00
                          0.4123127430609306E+00
                          0.4147982697084830E+00
                          0.4172950169990656E+00
                          0.4198030186515612E+00
                          0.4223223084354414E+00
                          0.4248529201707655E+00
                          0.4273948877281806E+00
                          0.4299482450289215E+00
                          0.4325130260448119E+00
                          0.4350892647982622E+00
                          0.4376769953622718E+00
                          0.4402762518604269E+00
                          0.4428870684669026E+00
                          0.4455094794064623E+00
                          0.4481435189544558E+00
                          0.4507892214368222E+00
                          0.4534466212300877E+00
                          0.4561157527613669E+00
                          0.4587966505083624E+00
                          0.4614893489993647E+00
                          0.4641938828132518E+00
                          0.4669102865794897E+00
                          0.4696385949781332E+00
                          0.4723788427398241E+00
                          0.4751310646457924E+00
                          0.4778952955278562E+00
                          0.4806715702684215E+00
                          0.4834599238004820E+00
                          0.4862603911076196E+00
                          0.4890730072240039E+00
                          0.4918978072343929E+00
                          0.4947348262741322E+00
                          0.4975840995291551E+00
                          0.5004456622359831E+00
                          0.5033195496817257E+00
                          0.5062057972040808E+00
                          0.5091044401913328E+00
                          0.5120155140823557E+00
                          0.5149390543666102E+00
                          0.5178750965841458E+00
                          0.5208236763255993E+00
                          0.5237848292321957E+00
                          0.5267585909957483E+00
                          0.5297449973586580E+00
                          0.5327440841139128E+00
                          0.5357558871050907E+00
                          0.5387804422263551E+00
                          0.5418177854224595E+00
                          0.5448679526887444E+00
                          0.5479309800711378E+00
                          0.5510069036661568E+00
                          0.5540957596209053E+00
                          0.5571975841330762E+00
                          0.5603124134509488E+00
                          0.5634402838733926E+00
                          0.5665812317498627E+00
                          0.5697352934804033E+00
                          0.5729025055156469E+00
                          0.5760829043568131E+00
                          0.5792765265557103E+00
                          0.5824834087147331E+00
                          0.5857035874868669E+00
                          0.5889370995756819E+00
                          0.5921839817353389E+00
                          0.5954442707705854E+00
                          0.5987180035367557E+00
                          0.6020052169397750E+00
                          0.6053059479361533E+00
                          0.6086202335329904E+00
                          0.6119481107879743E+00
                          0.6152896168093789E+00
                          0.6186447887560684E+00
                          0.6220136638374932E+00
                          0.6253962793136930E+00
                          0.6287926724952942E+00
                          0.6322028807435121E+00
                          0.6356269414701491E+00
                          0.6390648921375960E+00
                          0.6425167702588319E+00
                          0.6459826133974239E+00
                          0.6494624591675253E+00
                          0.6529563452338801E+00
                          0.6564643093118173E+00
                          0.6599863891672568E+00
                          0.6635226226167035E+00
                          0.6670730475272528E+00
                          0.6706377018165863E+00
                          0.6742166234529743E+00
                          0.6778098504552754E+00
                          0.6814174208929352E+00
                          0.6850393728859872E+00
                          0.6886757446050540E+00
                          0.6923265742713453E+00
                          0.6959919001566591E+00
                          0.6996717605833809E+00
                          0.7033661939244839E+00
                          0.7070752386035305E+00
                          0.7107989330946702E+00
                          0.7145373159226391E+00
                          0.7182904256627650E+00
                          0.7220583009409598E+00
                          0.7258409804337244E+00
                          0.7296385028681490E+00
                          0.7334509070219108E+00
                          0.7372782317232737E+00
                          0.7411205158510922E+00
                          0.7449777983348065E+00
                          0.7488501181544457E+00
                          0.7527375143406267E+00
                          0.7566400259745542E+00
                          0.7605576921880211E+00
                          0.7644905521634083E+00
                          0.7684386451336837E+00
                          0.7724020103824041E+00
                          0.7763806872437145E+00
                          0.7803747151023469E+00
                          0.7843841333936217E+00
                          0.7884089816034472E+00
                          0.7924492992683200E+00
                          0.7965051259753240E+00
                          0.8005765013621312E+00
                          0.8046634651170020E+00
                          0.8087660569787839E+00
                          0.8128843167369139E+00
                          0.8170182842314142E+00
                          0.8211679993528982E+00
                          0.8253335020425649E+00
                          0.8295148322922027E+00
                          0.8337120301441855E+00
                          0.8379251356914782E+00
                          0.8421541890776326E+00
                          0.8463992304967872E+00
                          0.8506603001936701E+00
                          0.8549374384635967E+00
                          0.8592306856524690E+00
                          0.8635400821567800E+00
                          0.8678656684236079E+00
                          0.8722074849506193E+00
                          0.8765655722860697E+00
                          0.8809399710288028E+00
                          0.8853307218282480E+00
                          0.8897378653844261E+00
                          0.8941614424479414E+00
                          0.8986014938199908E+00
                          0.9030580603523551E+00
                          0.9075311829474063E+00
                          0.9120209025581028E+00
                          0.9165272601879898E+00
                          0.9210502968912038E+00
                          0.9255900537724654E+00
                          0.9301465719870852E+00
                          0.9347198927409610E+00
                          0.9393100572905808E+00
                          0.9439171069430162E+00
                          0.9485410830559315E+00
                          0.9531820270375750E+00
                          0.9578399803467857E+00
                          0.9625149844929884E+00
                          0.9672070810361976E+00
                          0.9719163115870151E+00
                          0.9766427178066298E+00
                          0.9813863414068206E+00
                          0.9861472241499515E+00
                          0.9909254078489775E+00
                          0.9957209343674382E+00
                          0.1000533845619465E+01
                          0.1005364183569773E+01
                          0.1010211990233669E+01
                          0.1015077307677046E+01
                          0.1019960178016384E+01
                          0.1024860643418754E+01
                          0.1029778746101811E+01
                          0.1034714528333802E+01
                          0.1039668032433556E+01
                          0.1044639300770499E+01
                          0.1049628375764637E+01
                          0.1054635299886565E+01
                          0.1059660115657469E+01
                          0.1064702865649124E+01
                          0.1069763592483887E+01
                          0.1074842338834708E+01
                          0.1079939147425124E+01
                          0.1085054061029257E+01
                          0.1090187122471822E+01
                          0.1095338374628117E+01
                          0.1100507860424032E+01
                          0.1105695622836041E+01
                          0.1110901704891210E+01
                          0.1116126149667188E+01
                          0.1121369000292219E+01
                          0.1126630299945127E+01
                          0.1131910091855330E+01
                          0.1137208419302831E+01
                          0.1142525325618222E+01
                          0.1147860854182682E+01
                          0.1153215048427977E+01
                          0.1158587951836466E+01
                          0.1163979607941090E+01
                          0.1169390060325380E+01
                          0.1174819352623457E+01
                          0.1180267528520027E+01
                          0.1185734631750384E+01
                          0.1191220706100415E+01
                          0.1196725795406586E+01
                          0.1202249943555959E+01
                          0.1207793194486180E+01
                          0.1213355592185484E+01
                          0.1218937180692694E+01
                          0.1224538004097221E+01
                          0.1230158106539061E+01
                          0.1235797532208804E+01
                          0.1241456325347623E+01
                          0.1247134530247280E+01
                          0.1252832191250127E+01
                          0.1258549352749100E+01
                          0.1264286059187728E+01
                          0.1270042355060123E+01
                          0.1275818284910988E+01
                          0.1281613893335612E+01
                          0.1287429224979874E+01
                          0.1293264324540240E+01
                          0.1299119236763765E+01
                          0.1304994006448088E+01
                          0.1310888678441440E+01
                          0.1316803297642640E+01
                          0.1322737909001092E+01
                          0.1328692557516791E+01
                          0.1334667288240317E+01
                          0.1340662146272840E+01
                          0.1346677176766118E+01
                          0.1352712424922496E+01
                          0.1358767935994907E+01
                          0.1364843755286873E+01
                          0.1370939928152501E+01
                          0.1377056499996491E+01
                          0.1383193516274126E+01
                          0.1389351022491279E+01
                          0.1395529064204413E+01
                          0.1401727687020575E+01
                          0.1407946936597400E+01
                          0.1414186858643116E+01
                          0.1420447498916535E+01
                          0.1426728903227056E+01
                          0.1433031117434670E+01
                          0.1439354187449950E+01
                          0.1445698159234065E+01
                          0.1452063078798762E+01
                          0.1458448992206385E+01
                          0.1464855945569862E+01
                          0.1471283985052708E+01
                          0.1477733156869027E+01
                          0.1484203507283511E+01
                          0.1490695082611441E+01
                          0.1497207929218685E+01
                          0.1503742093521697E+01
                          0.1510297621987523E+01
                          0.1516874561133794E+01
                          0.1523472957528728E+01
                          0.1530092857791135E+01
                          0.1536734308590409E+01
                          0.1543397356646534E+01
                          0.1550082048730082E+01
                          0.1556788431662212E+01
                          0.1563516552314670E+01
                          0.1570266457609792E+01
                          0.1577038194520503E+01
                          0.1583831810070311E+01
                          0.1590647351333318E+01
                          0.1597484865434208E+01
                          0.1604344399548259E+01
                          0.1611226000901330E+01
                          0.1618129716769876E+01
                          0.1625055594480934E+01
                          0.1632003681412129E+01
                          0.1638974024991678E+01
                          0.1645966672698382E+01
                          0.1652981672061634E+01
                          0.1660019070661409E+01
                          0.1667078916128276E+01
                          0.1674161256143387E+01
                          0.1681266138438487E+01
                          0.1688393610795903E+01
                          0.1695543721048556E+01
                          0.1702716517079949E+01
                          0.1709912046824180E+01
                          0.1717130358265927E+01
                          0.1724371499440463E+01
                          0.1731635518433643E+01
                          0.1738922463381915E+01
                          0.1746232382472312E+01
                          0.1753565323942455E+01
                          0.1760921336080555E+01
                          0.1768300467225407E+01
                          0.1775702765766398E+01
                          0.1783128280143502E+01
                          0.1790577058847280E+01
                          0.1798049150418881E+01
                          0.1805544603450040E+01
                          0.1813063466583087E+01
                          0.1820605788510930E+01
                          0.1828171617977074E+01
                          0.1835761003775605E+01
                          0.1843373994751201E+01
                          0.1851010639799128E+01
                          0.1858670987865237E+01
                          0.1866355087945969E+01
                          0.1874062989088354E+01
                          0.1881794740390006E+01
                          0.1889550390999131E+01
                          0.1897329990114524E+01
                          0.1905133586985561E+01
                          0.1912961230912212E+01
                          0.1920812971245032E+01
                          0.1928688857385169E+01
                          0.1936588938784352E+01
                          0.1944513264944903E+01
                          0.1952461885419728E+01
                          0.1960434849812324E+01
                          0.1968432207776773E+01
                          0.1976454009017750E+01
                          0.1984500303290514E+01
                          0.1992571140400910E+01
                          0.2000666570205377E+01
                          0.2008786642610937E+01
                          0.2016931407575203E+01
                          0.2025100915106371E+01
                          0.2033295215263232E+01
                          0.2041514358155160E+01
                          0.2049758393942118E+01
                          0.2058027372834657E+01
                          0.2066321345093917E+01
                          0.2074640361031623E+01
                          0.2082984471010094E+01
                          0.2091353725442230E+01
                          0.2099748174791521E+01
                          0.2108167869572048E+01
                          0.2116612860348478E+01
                          0.2125083197736065E+01
                          0.2133578932400652E+01
                          0.2142100115058666E+01
                          0.2150646796477134E+01
                          0.2159219027473652E+01
                          0.2167816858916421E+01
                          0.2176440341724223E+01
                          0.2185089526866426E+01
                          0.2193764465362988E+01
                          0.2202465208284460E+01
                          0.2211191806751970E+01
                          0.2219944311937244E+01
                          0.2228722775062590E+01
                          0.2237527247400907E+01
                          0.2246357780275679E+01
                          0.2255214425060982E+01
                          0.2264097233181477E+01
                          0.2273006256112413E+01
                          0.2281941545379630E+01
                          0.2290903152559551E+01
                          0.2299891129279189E+01
                          0.2308905527216149E+01
                          0.2317946398098615E+01
                          0.2327013793705368E+01
                          0.2336107765865773E+01
                          0.2345228366459783E+01
                          0.2354375647417938E+01
                          0.2363549660721368E+01
                          0.2372750458401791E+01
                          0.2381978092541508E+01
                          0.2391232615273417E+01
                          0.2400514078780995E+01
                          0.2409822535298312E+01
                          0.2419158037110027E+01
                          0.2428520636551380E+01
                          0.2437910386008205E+01
                          0.2447327337916926E+01
                          0.2456771544764550E+01
                          0.2466243059088669E+01
                          0.2475741933477473E+01
                          0.2485268220569730E+01
                          0.2494821973054803E+01
                          0.2504403243672638E+01
                          0.2514012085213774E+01
                          0.2523648550519331E+01
                          0.2533312692481025E+01
                          0.2543004564041152E+01
                          0.2552724218192602E+01
                          0.2562471707978852E+01
                          0.2572247086493963E+01
                          0.2582050406882589E+01
                          0.2591881722339967E+01
                          0.2601741086111927E+01
                          0.2611628551494882E+01
                          0.2621544171835837E+01
                          0.2631488000532384E+01
                          0.2641460091032702E+01
                          0.2651460496835555E+01
                          0.2661489271490303E+01
                          0.2671546468596884E+01
                          0.2681632141805835E+01
                          0.2691746344818269E+01
                          0.2701889131385895E+01
                          0.2712060555311009E+01
                          0.2722260670446493E+01
                          0.2732489530695820E+01
                          0.2742747190013044E+01
                          0.2753033702402814E+01
                          0.2763349121920366E+01
                          0.2773693502671522E+01
                          0.2784066898812688E+01
                          0.2794469364550866E+01
                          0.2804900954143644E+01
                          0.2815361721899192E+01
                          0.2825851722176275E+01
                          0.2836371009384244E+01
                          0.2846919637983035E+01
                          0.2857497662483173E+01
                          0.2868105137445774E+01
                          0.2878742117482539E+01
                          0.2889408657255758E+01
                          0.2900104811478308E+01
                          0.2910830634913653E+01
                          0.2921586182375853E+01
                          0.2932371508729543E+01
                          0.2943186668889955E+01
                          0.2954031717822907E+01
                          0.2964906710544803E+01
                          0.2975811702122638E+01
                          0.2986746747673989E+01
                          0.2997711902367029E+01
                          0.3008707221420515E+01
                          0.3019732760103791E+01
                          0.3030788573736792E+01
                          0.3041874717690034E+01
                          0.3052991247384629E+01
                          0.3064138218292277E+01
                          0.3075315685935256E+01
                          0.3086523705886445E+01
                          0.3097762333769300E+01
                          0.3109031625257873E+01
                          0.3120331636076797E+01
                          0.3131662422001299E+01
                          0.3143024038857190E+01
                          0.3154416542520869E+01
                          0.3165839988919329E+01
                          0.3177294434030142E+01
                          0.3188779933881474E+01
                          0.3200296544552075E+01
                          0.3211844322171288E+01
                          0.3223423322919038E+01
                          0.3235033603025840E+01
                          0.3246675218772804E+01
                          0.3258348226491617E+01
                          0.3270052682564557E+01
                          0.3281788643424494E+01
                          0.3293556165554886E+01
                          0.3305355305489771E+01
                          0.3317186119813786E+01
                          0.3329048665162145E+01
                          0.3340942998220659E+01
                          0.3352869175725722E+01
                          0.3364827254464318E+01
                          0.3376817291274017E+01
                          0.3388839343042981E+01
                          0.3400893466709952E+01
                          0.3412979719264269E+01
                          0.3425098157745850E+01
                          0.3437248839245213E+01
                          0.3449431820903450E+01
                          0.3461647159912252E+01
                          0.3473894913513893E+01
                          0.3486175139001233E+01
                          0.3498487893717726E+01
                          0.3510833235057407E+01
                          0.3523211220464904E+01
                          0.3535621907435434E+01
                          0.3548065353514795E+01
                          0.3560541616299380E+01
                          0.3573050753436163E+01
                          0.3585592822622714E+01
                          0.3598167881607186E+01
                          0.3610775988188322E+01
                          0.3623417200215449E+01
                          0.3636091575588490E+01
                          0.3648799172257946E+01
                          0.3661540048224910E+01
                          0.3674314261541066E+01
                          0.3687121870308683E+01
                          0.3699962932680622E+01
                          0.3712837506860322E+01
                          0.3725745651101821E+01
                          0.3738687423709741E+01
                          0.3751662883039286E+01
                          0.3764672087496258E+01
                          0.3777715095537040E+01
                          0.3790791965668604E+01
                          0.3803902756448514E+01
                          0.3817047526484916E+01
                          0.3830226334436552E+01
                          0.3843439239012739E+01
                          0.3856686298973399E+01
                          0.3869967573129024E+01
                          0.3883283120340707E+01
                          0.3896632999520125E+01
                          0.3910017269629542E+01
                          0.3923435989681808E+01
                          0.3936889218740366E+01
                          0.3950377015919242E+01
                          0.3963899440383056E+01
                          0.3977456551347010E+01
                          0.3991048408076896E+01
                          0.4004675069889096E+01
                          0.4018336596150573E+01
                          0.4032033046278888E+01
                          0.4045764479742184E+01
                          0.4059530956059191E+01
                          0.4073332534799231E+01
                          0.4087169275582212E+01
                          0.4101041238078625E+01
                          0.4114948482009559E+01
                          0.4128891067146681E+01
                          0.4142869053312257E+01
                          0.4156882500379125E+01
                          0.4170931468270730E+01
                          0.4185016016961089E+01
                          0.4199136206474813E+01
                          0.4213292096887103E+01
                          0.4227483748323751E+01
                          0.4241711220961125E+01
                          0.4255974575026192E+01
                          0.4270273870796498E+01
                          0.4284609168600186E+01
                          0.4298980528815982E+01
                          0.4313388011873200E+01
                          0.4327831678251746E+01
                          0.4342311588482107E+01
                          0.4356827803145362E+01
                          0.4371380382873178E+01
                          0.4385969388347807E+01
                          0.4400594880302093E+01
                          0.4415256919519470E+01
                          0.4429955566833956E+01
                          0.4444690883130150E+01
                          0.4459462929343251E+01
                          0.4474271766459041E+01
                          0.4489117455513891E+01
                          0.4504000057594756E+01
                          0.4518919633839181E+01
                          0.4533876245435305E+01
                          0.4548869953621848E+01
                          0.4563900819688113E+01
                          0.4578968904974008E+01
                          0.4594074270870010E+01
                          0.4609216978817201E+01
                          0.4624397090307234E+01
                          0.4639614666882363E+01
                          0.4654869770135425E+01
                          0.4670162461709844E+01
                          0.4685492803299637E+01
                          0.4700860856649392E+01
                          0.4716266683554316E+01
                          0.4731710345860177E+01
                          0.4747191905463339E+01
                          0.4762711424310756E+01
                          0.4778268964399975E+01
                          0.4793864587779114E+01
                          0.4809498356546895E+01
                          0.4825170332852624E+01
                          0.4840880578896190E+01
                          0.4856629156928078E+01
                          0.4872416129249353E+01
                          0.4888241558211671E+01
                          0.4904105506217276E+01
                          0.4920008035719008E+01
                          0.4935949209220276E+01
                          0.4951929089275097E+01
                          0.4967947738488064E+01
                          0.4984005219514356E+01
                          0.5000101595059755E+01
                          0.5016236927880610E+01
                          0.5032411280783873E+01
                          0.5048624716627087E+01
                          0.5064877298318364E+01
                          0.5081169088816422E+01
                          0.5097500151130561E+01
                          0.5113870548320667E+01
                          0.5130280343497216E+01
                          0.5146729599821272E+01
                          0.5163218380504484E+01
                          0.5179746748809093E+01
                          0.5196314768047923E+01
                          0.5212922501584397E+01
                          0.5229570012832509E+01
                          0.5246257365256858E+01
                          0.5262984622372615E+01
                          0.5279751847745553E+01
                          0.5296559104992023E+01
                          0.5313406457778969E+01
                          0.5330293969823923E+01
                          0.5347221704895006E+01
                          0.5364189726810920E+01
                          0.5381198099440962E+01
                          0.5398246886705007E+01
                          0.5415336152573537E+01
                          0.5432465961067608E+01
                          0.5449636376258856E+01
                          0.5466847462269526E+01
                          0.5484099283272441E+01
                          0.5501391903491001E+01
                          0.5518725387199209E+01
                          0.5536099798721658E+01
                          0.5553515202433515E+01
                          0.5570971662760538E+01
                          0.5588469244179083E+01
                          0.5606008011216089E+01
                          0.5623588028449078E+01
                          0.5641209360506166E+01
                          0.5658872072066046E+01
                          0.5676576227858021E+01
                          0.5694321892661959E+01
                          0.5712109131308331E+01
                          0.5729938008678182E+01
                          0.5747808589703165E+01
                          0.5765720939365502E+01
                          0.5783675122698007E+01
                          0.5801671204784092E+01
                          0.5819709250757745E+01
                          0.5837789325803548E+01
                          0.5855911495156670E+01
                          0.5874075824102874E+01
                          0.5892282377978498E+01
                          0.5910531222170473E+01
                          0.5928822422116322E+01
                          0.5947156043304157E+01
                          0.5965532151272671E+01
                          0.5983950811611147E+01
                          0.6002412089959458E+01
                          0.6020916052008072E+01
                          0.6039462763498024E+01
                          0.6058052290220962E+01
                          0.6076684698019107E+01
                          0.6095360052785264E+01
                          0.6114078420462834E+01
                          0.6132839867045819E+01
                          0.6151644458578781E+01
                          0.6170492261156888E+01
                          0.6189383340925893E+01
                          0.6208317764082131E+01
                          0.6227295596872533E+01
                          0.6246316905594615E+01
                          0.6265381756596481E+01
                          0.6284490216276822E+01
                          0.6303642351084917E+01
                          0.6322838227520633E+01
                          0.6342077912134424E+01
                          0.6361361471527338E+01
                          0.6380688972350995E+01
                          0.6400060481307626E+01
                          0.6419476065150032E+01
                          0.6438935790681612E+01
                          0.6458439724756345E+01
                          0.6477987934278805E+01
                          0.6497580486204146E+01
                          0.6517217447538118E+01
                          0.6536898885337059E+01
                          0.6556624866707889E+01
                          0.6576395458808112E+01
                          0.6596210728845837E+01
                          0.6616070744079740E+01
                          0.6635975571819105E+01
                          0.6655925279423786E+01
                          0.6675919934304241E+01
                          0.6695959603921500E+01
                          0.6716044355787194E+01
                          0.6736174257463539E+01
                          0.6756349376563332E+01
                          0.6776569780749964E+01
                          0.6796835537737419E+01
                          0.6817146715290254E+01
                          0.6837503381223626E+01
                          0.6857905603403276E+01
                          0.6878353449745540E+01
                          0.6898846988217326E+01
                          0.6919386286836144E+01
                          0.6939971413670086E+01
                          0.6960602436837839E+01
                          0.6981279424508662E+01
                          0.7002002444902421E+01
                          0.7022771566289555E+01
                          0.7043586856991101E+01
                          0.7064448385378681E+01
                          0.7085356219874501E+01
                          0.7106310428951359E+01
                          0.7127311081132641E+01
                          0.7148358244992317E+01
                          0.7169451989154945E+01
                          0.7190592382295686E+01
                          0.7211779493140259E+01
                          0.7233013390465010E+01
                          0.7254294143096832E+01
                          0.7275621819913231E+01
                          0.7296996489842301E+01
                          0.7318418221862711E+01
                          0.7339887085003733E+01
                          0.7361403148345215E+01
                          0.7382966481017598E+01
                          0.7404577152201904E+01
                          0.7426235231129756E+01
                          0.7447940787083357E+01
                          0.7469693889395490E+01
                          0.7491494607449553E+01
                          0.7513343010679501E+01
                          0.7535239168569893E+01
                          0.7557183150655862E+01
                          0.7579175026523160E+01
                          0.7601214865808092E+01
                          0.7623302738197567E+01
                          0.7645438713429084E+01
                          0.7667622861290724E+01
                          0.7689855251621156E+01
                          0.7712135954309649E+01
                          0.7734465039296041E+01
                          0.7756842576570767E+01
                          0.7779268636174849E+01
                          0.7801743288199902E+01
                          0.7824266602788130E+01
                          0.7846838650132309E+01
                          0.7869459500475825E+01
                          0.7892129224112624E+01
                          0.7914847891387272E+01
                          0.7937615572694900E+01
                          0.7960432338481240E+01
                          0.7983298259242606E+01
                          0.8006213405525889E+01
                          0.8029177847928592E+01
                          0.8052191657098792E+01
                          0.8075254903735148E+01
                          0.8098367658586920E+01
                          0.8121529992453947E+01
                          0.8144741976186664E+01
                          0.8168003680686081E+01
                          0.8191315176903810E+01
                          0.8214676535842045E+01
                          0.8238087828553562E+01
                          0.8261549126141741E+01
                          0.8285060499760526E+01
                          0.8308622020614470E+01
                          0.8332233759958715E+01
                          0.8355895789098964E+01
                          0.8379608179391544E+01
                          0.8403371002243338E+01
                          0.8427184329111844E+01
                          0.8451048231505123E+01
                          0.8474962780981841E+01
                          0.8498928049151251E+01
                          0.8522944107673187E+01
                          0.8547011028258074E+01
                          0.8571128882666921E+01
                          0.8595297742711333E+01
                          0.8619517680253505E+01
                          0.8643788767206200E+01
                          0.8668111075532797E+01
                          0.8692484677247228E+01
                          0.8716909644414063E+01
                          0.8741386049148405E+01
                          0.8765913963615983E+01
                          0.8790493460033092E+01
                          0.8815124610666635E+01
                          0.8839807487834092E+01
                          0.8864542163903518E+01
                          0.8889328711293583E+01
                          0.8914167202473523E+01
                          0.8939057709963175E+01
                          0.8964000306332951E+01
                          0.8988995064203870E+01
                          0.9014042056247519E+01
                          0.9039141355186091E+01
                          0.9064293033792351E+01
                          0.9089497164889655E+01
                          0.9114753821351952E+01
                          0.9140063076103784E+01
                          0.9165425002120267E+01
                          0.9190839672427117E+01
                          0.9216307160100630E+01
                          0.9241827538267700E+01
                          0.9267400880105798E+01
                          0.9293027258842979E+01
                          0.9318706747757913E+01
                          0.9344439420179821E+01
                          0.9370225349488537E+01
                          0.9396064609114479E+01
                          0.9421957272538640E+01
                          0.9447903413292609E+01
                          0.9473903104958586E+01
                          0.9499956421169323E+01
                          0.9526063435608171E+01
                          0.9552224222009080E+01
                          0.9578438854156580E+01
                          0.9604707405885780E+01
                          0.9631029951082395E+01
                          0.9657406563682720E+01
                          0.9683837317673634E+01
                          0.9710322287092605E+01
                          0.9736861546027693E+01
                          0.9763455168617545E+01
                          0.9790103229051400E+01
                          0.9816805801569064E+01
                          0.9843562960460963E+01
                          0.9870374780068085E+01
                          0.9897241334782025E+01
                          0.9924162699044958E+01
                          0.9951138947349630E+01
                          0.9978170154239395E+01
                          0.1000525639430820E+02
                          0.1003239774220057E+02
                          0.1005959427261160E+02
                          0.1008684606028701E+02
                          0.1011415318002309E+02
                          0.1014151570666670E+02
                          0.1016893371511533E+02
                          0.1019640728031700E+02
                          0.1022393647727039E+02
                          0.1025152138102470E+02
                          0.1027916206667975E+02
                          0.1030685860938596E+02
                          0.1033461108434431E+02
                          0.1036241956680638E+02
                          0.1039028413207434E+02
                          0.1041820485550095E+02
                          0.1044618181248956E+02
                          0.1047421507849409E+02
                          0.1050230472901906E+02
                          0.1053045083961959E+02
                          0.1055865348590136E+02
                          0.1058691274352068E+02
                          0.1061522868818440E+02
                          0.1064360139564999E+02
                          0.1067203094172548E+02
                          0.1070051740226954E+02
                          0.1072906085319136E+02
                          0.1075766137045077E+02
                          0.1078631903005816E+02
                          0.1081503390807453E+02
                          0.1084380608061145E+02
                          0.1087263562383108E+02
                          0.1090152261394617E+02
                          0.1093046712722007E+02
                          0.1095946923996669E+02
                          0.1098852902855056E+02
                          0.1101764656938677E+02
                          0.1104682193894103E+02
                          0.1107605521372962E+02
                          0.1110534647031938E+02
                          0.1113469578532778E+02
                          0.1116410323542286E+02
                          0.1119356889732328E+02
                          0.1122309284779820E+02
                          0.1125267516366748E+02
                          0.1128231592180149E+02
                          0.1131201519912122E+02
                          0.1134177307259823E+02
                          0.1137158961925469E+02
                          0.1140146491616335E+02
                          0.1143139904044753E+02
                          0.1146139206928116E+02
                          0.1149144407988874E+02
                          0.1152155514954539E+02
                          0.1155172535557678E+02
                          0.1158195477535918E+02
                          0.1161224348631947E+02
                          0.1164259156593508E+02
                          0.1167299909173408E+02
                          0.1170346614129506E+02
                          0.1173399279224723E+02
                          0.1176457912227043E+02
                          0.1179522520909502E+02
                          0.1182593113050198E+02
                          0.1185669696432289E+02
                          0.1188752278843989E+02
                          0.1191840868078573E+02
                          0.1194935471934373E+02
                          0.1198036098214781E+02
                          0.1201142754728248E+02
                          0.1204255449288284E+02
                          0.1207374189713455E+02
                          0.1210498983827389E+02
                          0.1213629839458772E+02
                          0.1216766764441349E+02
                          0.1219909766613921E+02
                          0.1223058853820353E+02
                          0.1226214033909565E+02
                          0.1229375314735534E+02
                          0.1232542704157302E+02
                          0.1235716210038964E+02
                          0.1238895840249678E+02
                          0.1242081602663656E+02
                          0.1245273505160174E+02
                          0.1248471555623565E+02
                          0.1251675761943217E+02
                          0.1254886132013584E+02
                          0.1258102673734171E+02
                          0.1261325395009548E+02
                          0.1264554303749341E+02
                          0.1267789407868235E+02
                          0.1271030715285974E+02
                          0.1274278233927359E+02
                          0.1277531971722255E+02
                          0.1280791936605581E+02
                          0.1284058136517314E+02
                          0.1287330579402495E+02
                          0.1290609273211219E+02
                          0.1293894225898643E+02
                          0.1297185445424980E+02
                          0.1300482939755503E+02
                          0.1303786716860544E+02
                          0.1307096784715494E+02
                          0.1310413151300803E+02
                          0.1313735824601980E+02
                          0.1317064812609590E+02
                          0.1320400123319259E+02
                          0.1323741764731674E+02
                          0.1327089744852577E+02
                          0.1330444071692770E+02
                          0.1333804753268114E+02
                          0.1337171797599529E+02
                          0.1340545212712994E+02
                          0.1343925006639547E+02
                          0.1347311187415284E+02
                          0.1350703763081358E+02
                          0.1354102741683985E+02
                          0.1357508131274437E+02
                          0.1360919939909046E+02
                          0.1364338175649201E+02
                          0.1367762846561352E+02
                          0.1371193960717007E+02
                          0.1374631526192731E+02
                          0.1378075551070151E+02
                          0.1381526043435950E+02
                          0.1384983011381872E+02
                          0.1388446463004718E+02
                          0.1391916406406350E+02
                          0.1395392849693685E+02
                          0.1398875800978702E+02
                          0.1402365268378439E+02
                          0.1405861260014992E+02
                          0.1409363784015514E+02
                          0.1412872848512218E+02
                          0.1416388461642378E+02
                          0.1419910631548323E+02
                          0.1423439366377445E+02
                          0.1426974674282190E+02
                          0.1430516563420067E+02
                          0.1434065041953641E+02
                          0.1437620118050538E+02
                          0.1441181799883440E+02
                          0.1444750095630091E+02
                          0.1448325013473291E+02
                          0.1451906561600902E+02
                          0.1455494748205842E+02
                          0.1459089581486088E+02
                          0.1462691069644675E+02
                          0.1466299220889701E+02
                          0.1469914043434320E+02
                          0.1473535545496743E+02
                          0.1477163735300243E+02
                          0.1480798621073149E+02
                          0.1484440211048851E+02
                          0.1488088513465798E+02
                          0.1491743536567496E+02
                          0.1495405288602508E+02
                          0.1499073777824463E+02
                          0.1502749012492040E+02
                          0.1506431000868984E+02
                          0.1510119751224095E+02
                          0.1513815271831231E+02
                          0.1517517570969313E+02
                          0.1521226656922315E+02
                          0.1524942537979276E+02
                          0.1528665222434288E+02
                          0.1532394718586506E+02
                          0.1536131034740143E+02
                          0.1539874179204469E+02
                          0.1543624160293814E+02
                          0.1547380986327567E+02
                          0.1551144665630174E+02
                          0.1554915206531144E+02
                          0.1558692617365040E+02
                          0.1562476906471485E+02
                          0.1566268082195166E+02
                          0.1570066152885821E+02
                          0.1573871126898250E+02
                          0.1577683012592312E+02
                          0.1581501818332927E+02
                          0.1585327552490071E+02
                          0.1589160223438779E+02
                          0.1592999839559143E+02
                          0.1596846409236319E+02
                          0.1600699940860519E+02
                          0.1604560442827010E+02
                          0.1608427923536125E+02
                          0.1612302391393252E+02
                          0.1616183854808835E+02
                          0.1620072322198384E+02
                          0.1623967801982461E+02
                          0.1627870302586689E+02
                          0.1631779832441750E+02
                          0.1635696399983386E+02
                          0.1639620013652398E+02
                          0.1643550681894643E+02
                          0.1647488413161036E+02
                          0.1651433215907558E+02
                          0.1655385098595240E+02
                          0.1659344069690179E+02
                          0.1663310137663523E+02
                          0.1667283310991488E+02
                          0.1671263598155342E+02
                          0.1675251007641413E+02
                          0.1679245547941090E+02
                          0.1683247227550820E+02
                          0.1687256054972107E+02
                          0.1691272038711514E+02
                          0.1695295187280667E+02
                          0.1699325509196245E+02
                          0.1703363012979989E+02
                          0.1707407707158700E+02
                          0.1711459600264234E+02
                          0.1715518700833508E+02
                          0.1719585017408498E+02
                          0.1723658558536240E+02
                          0.1727739332768825E+02
                          0.1731827348663406E+02
                          0.1735922614782194E+02
                          0.1740025139692456E+02
                          0.1744134931966524E+02
                          0.1748252000181784E+02
                          0.1752376352920680E+02
                          0.1756507998770719E+02
                          0.1760646946324465E+02
                          0.1764793204179538E+02
                          0.1768946780938622E+02
                          0.1773107685209454E+02
                          0.1777275925604835E+02
                          0.1781451510742621E+02
                          0.1785634449245730E+02
                          0.1789824749742136E+02
                          0.1794022420864872E+02
                          0.1798227471252032E+02
                          0.1802439909546767E+02
                          0.1806659744397288E+02
                          0.1810886984456863E+02
                          0.1815121638383821E+02
                          0.1819363714841549E+02
                          0.1823613222498489E+02
                          0.1827870170028149E+02
                          0.1832134566109093E+02
                          0.1836406419424939E+02
                          0.1840685738664370E+02
                          0.1844972532521123E+02
                          0.1849266809694001E+02
                          0.1853568578886856E+02
                          0.1857877848808607E+02
                          0.1862194628173226E+02
                          0.1866518925699749E+02
                          0.1870850750112267E+02
                          0.1875190110139930E+02
                          0.1879537014516950E+02
                          0.1883891471982595E+02
                          0.1888253491281192E+02
                          0.1892623081162125E+02
                          0.1897000250379842E+02
                          0.1901385007693846E+02
                          0.1905777361868698E+02
                          0.1910177321674022E+02
                          0.1914584895884497E+02
                          0.1919000093279861E+02
                          0.1923422922644911E+02
                          0.1927853392769507E+02
                          0.1932291512448562E+02
                          0.1936737290482051E+02
                          0.1941190735675003E+02
                          0.1945651856837516E+02
                          0.1950120662784737E+02
                          0.1954597162336875E+02
                          0.1959081364319198E+02
                          0.1963573277562034E+02
                          0.1968072910900769E+02
                          0.1972580273175845E+02
                          0.1977095373232769E+02
                          0.1981618219922101E+02
                          0.1986148822099462E+02
                          0.1990687188625531E+02
                          0.1995233328366046E+02
                          0.1999787250191806E+02
                          0.2004348962978666E+02
                          0.2008918475607540E+02
                          0.2013495796964404E+02
                          0.2018080935940288E+02
                          0.2022673901431283E+02
                          0.2027274702338542E+02
                          0.2031883347568272E+02
                          0.2036499846031741E+02
                          0.2041124206645274E+02
                          0.2045756438330255E+02
                          0.2050396550013133E+02
                          0.2055044550625407E+02
                          0.2059700449103637E+02
                          0.2064364254389447E+02
                          0.2069035975429514E+02
                          0.2073715621175578E+02
                          0.2078403200584433E+02
                          0.2083098722617936E+02
                          0.2087802196243002E+02
                          0.2092513630431602E+02
                          0.2097233034160770E+02
                          0.2101960416412596E+02
                          0.2106695786174230E+02
                          0.2111439152437878E+02
                          0.2116190524200807E+02
                          0.2120949910465347E+02
                          0.2125717320238880E+02
                          0.2130492762533847E+02
                          0.2135276246367755E+02
                          0.2140067780763162E+02
                          0.2144867374747690E+02
                          0.2149675037354014E+02
                          0.2154490777619876E+02
                          0.2159314604588069E+02
                          0.2164146527306449E+02
                          0.2168986554827928E+02
                          0.2173834696210481E+02
                          0.2178690960517139E+02
                          0.2183555356815992E+02
                          0.2188427894180189E+02
                          0.2193308581687938E+02
                          0.2198197428422505E+02
                          0.2203094443472213E+02
                          0.2207999635930451E+02
                          0.2212913014895659E+02
                          0.2217834589471338E+02
                          0.2222764368766052E+02
                          0.2227702361893417E+02
                          0.2232648577972113E+02
                          0.2237603026125877E+02
                          0.2242565715483500E+02
                          0.2247536655178844E+02
                          0.2252515854350818E+02
                          0.2257503322143392E+02
                          0.2262499067705602E+02
                          0.2267503100191536E+02
                          0.2272515428760339E+02
                          0.2277536062576224E+02
                          0.2282565010808452E+02
                          0.2287602282631351E+02
                          0.2292647887224302E+02
                          0.2297701833771751E+02
                          0.2302764131463197E+02
                          0.2307834789493200E+02
                          0.2312913817061379E+02
                          0.2318001223372410E+02
                          0.2323097017636032E+02
                          0.2328201209067039E+02
                          0.2333313806885286E+02
                          0.2338434820315685E+02
                          0.2343564258588209E+02
                          0.2348702130937883E+02
                          0.2353848446604803E+02
                          0.2359003214834114E+02
                          0.2364166444876022E+02
                          0.2369338145985795E+02
                          0.2374518327423754E+02
                          0.2379706998455285E+02
                          0.2384904168350828E+02
                          0.2390109846385884E+02
                          0.2395324041841015E+02
                          0.2400546764001838E+02
                          0.2405778022159027E+02
                          0.2411017825608320E+02
                          0.2416266183650514E+02
                          0.2421523105591460E+02
                          0.2426788600742070E+02
                          0.2432062678418317E+02
                          0.2437345347941230E+02
                          0.2442636618636895E+02
                          0.2447936499836464E+02
                          0.2453245000876141E+02
                          0.2458562131097190E+02
                          0.2463887899845937E+02
                          0.2469222316473765E+02
                          0.2474565390337112E+02
                          0.2479917130797482E+02
                          0.2485277547221430E+02
                          0.2490646648980578E+02
                          0.2496024445451599E+02
                          0.2501410946016233E+02
                          0.2506806160061270E+02
                          0.2512210096978563E+02
                          0.2517622766165027E+02
                          0.2523044177022628E+02
                          0.2528474338958400E+02
                          0.2533913261384429E+02
                          0.2539360953717862E+02
                          0.2544817425380902E+02
                          0.2550282685800821E+02
                          0.2555756744409936E+02
                          0.2561239610645628E+02
                          0.2566731293950344E+02
                          0.2572231803771581E+02
                          0.2577741149561896E+02
                          0.2583259340778907E+02
                          0.2588786386885289E+02
                          0.2594322297348780E+02
                          0.2599867081642173E+02
                          0.2605420749243317E+02
                          0.2610983309635126E+02
                          0.2616554772305571E+02
                          0.2622135146747679E+02
                          0.2627724442459536E+02
                          0.2633322668944294E+02
                          0.2638929835710154E+02
                          0.2644545952270381E+02
                          0.2650171028143297E+02
                          0.2655805072852285E+02
                          0.2661448095925786E+02
                          0.2667100106897297E+02
                          0.2672761115305376E+02
                          0.2678431130693642E+02
                          0.2684110162610768E+02
                          0.2689798220610493E+02
                          0.2695495314251604E+02
                          0.2701201453097958E+02
                          0.2706916646718463E+02
                          0.2712640904687088E+02
                          0.2718374236582864E+02
                          0.2724116651989874E+02
                          0.2729868160497272E+02
                          0.2735628771699254E+02
                          0.2741398495195088E+02
                          0.2747177340589095E+02
                          0.2752965317490657E+02
                          0.2758762435514211E+02
                          0.2764568704279259E+02
                          0.2770384133410360E+02
                          0.2776208732537125E+02
                          0.2782042511294234E+02
                          0.2787885479321418E+02
                          0.2793737646263472E+02
                          0.2799599021770242E+02
                          0.2805469615496645E+02
                          0.2811349437102646E+02
                          0.2817238496253275E+02
                          0.2823136802618617E+02
                          0.2829044365873820E+02
                          0.2834961195699086E+02
                          0.2840887301779676E+02
                          0.2846822693805916E+02
                          0.2852767381473186E+02
                          0.2858721374481923E+02
                          0.2864684682537625E+02
                          0.2870657315350851E+02
                          0.2876639282637219E+02
                          0.2882630594117398E+02
                          0.2888631259517123E+02
                          0.2894641288567191E+02
                          0.2900660691003448E+02
                          0.2906689476566803E+02
                          0.2912727655003229E+02
                          0.2918775236063751E+02
                          0.2924832229504453E+02
                          0.2930898645086484E+02
                          0.2936974492576045E+02
                          0.2943059781744399E+02
                          0.2949154522367868E+02
                          0.2955258724227832E+02
                          0.2961372397110730E+02
                          0.2967495550808058E+02
                          0.2973628195116374E+02
                          0.2979770339837294E+02
                          0.2985921994777491E+02
                          0.2992083169748696E+02
                          0.2998253874567704E+02
                          0.3004434119056366E+02
                          0.3010623913041588E+02
                          0.3016823266355337E+02
                          0.3023032188834647E+02
                          0.3029250690321594E+02
                          0.3035478780663330E+02
                          0.3041716469712056E+02
                          0.3047963767325031E+02
                          0.3054220683364580E+02
                          0.3060487227698082E+02
                          0.3066763410197971E+02
                          0.3073049240741750E+02
                          0.3079344729211972E+02
                          0.3085649885496251E+02
                          0.3091964719487264E+02
                          0.3098289241082741E+02
                          0.3104623460185473E+02
                          0.3110967386703311E+02
                          0.3117321030549160E+02
                          0.3123684401640994E+02
                          0.3130057509901833E+02
                          0.3136440365259767E+02
                          0.3142832977647938E+02
                          0.3149235357004549E+02
                          0.3155647513272859E+02
                          0.3162069456401193E+02
                          0.3168501196342927E+02
                          0.3174942743056500E+02
                          0.3181394106505407E+02
                          0.3187855296658204E+02
                          0.3194326323488507E+02
                          0.3200807196974988E+02
                          0.3207297927101377E+02
                          0.3213798523856469E+02
                          0.3220308997234112E+02
                          0.3226829357233211E+02
                          0.3233359613857733E+02
                          0.3239899777116710E+02
                          0.3246449857024220E+02
                          0.3253009863599410E+02
                          0.3259579806866486E+02
                          0.3266159696854696E+02
                          0.3272749543598371E+02
                          0.3279349357136888E+02
                          0.3285959147514684E+02
                          0.3292578924781252E+02
                          0.3299208698991151E+02
                          0.3305848480203991E+02
                          0.3312498278484448E+02
                          0.3319158103902252E+02
                          0.3325827966532193E+02
                          0.3332507876454120E+02
                          0.3339197843752938E+02
                          0.3345897878518620E+02
                          0.3352607990846184E+02
                          0.3359328190835721E+02
                          0.3366058488592370E+02
