 Temperature at each layer [K]
    293.0537
    292.8724
    290.4242
    286.7154
    282.9683
    278.7185
    273.9998
    268.2885
    261.6542
    255.5053
    250.0386
    245.8382
    242.7617
    240.2573
    237.7826
    235.3219
    232.8618
    230.3905
    227.8978
    225.3744
    222.8123
    220.2039
    217.5423
    214.8208
    212.0329
    209.1721
    207.1990
    205.7135
    204.6373
    203.9576
    204.0127
    204.4635
    205.5476
    207.3551
    209.4332
    212.0756
    214.3886
    216.4788
    217.2197
    215.8724
    213.0724
    209.8724
    207.4724
    204.6144
    198.9684
    192.9145
    190.5970
    178.1921
    175.1724
    149.9979
