 Adiabat temperature at each layer [K]
    284.1631
    279.2348
    274.6768
    270.4706
    266.5800
    262.9689
    259.6034
    256.4495
    253.4738
    250.6449
    247.9335
    245.3136
    242.7617
    240.2573
    237.7826
    235.3219
    232.8618
    230.3905
    227.8978
    225.3744
    222.8123
    220.2039
    217.5423
    214.8208
    212.0329
    209.1721
    206.2318
    203.2049
    200.0840
    196.8612
    193.5274
    190.0730
    186.4865
    182.7554
    178.8646
    174.7970
    170.5318
    166.0444
    161.3044
    156.2742
    150.9063
    149.9979
    149.9979
    149.9979
    149.9979
    149.9979
    149.9979
    149.9979
    149.9979
    149.9979
