 Adiabat temperature at each level [K]
    286.6566
    281.6989
    276.9558
    272.5737
    268.5253
    264.7744
    261.2861
    258.0265
    254.9617
    252.0593
    249.2892
    246.6236
    244.0377
    241.5095
    239.0200
    236.5523
    234.0919
    231.6262
    229.1442
    226.6361
    224.0934
    221.5081
    218.8731
    216.1816
    213.4269
    210.6025
    207.7019
    204.7183
    201.6444
    198.4726
    195.1943
    191.8002
    188.2797
    184.6209
    180.8100
    176.8308
    172.6644
    168.2881
    163.6744
    158.7893
    153.5902
    150.4521
    149.9979
    149.9979
    149.9979
    149.9979
    149.9979
    149.9979
    149.9979
    149.9979
    149.9979
