 Surface temperature vs. time [K]
    270.0000
    272.6615
    274.8570
    276.8139
    278.5528
    280.1243
    281.5301
    282.7826
    283.8993
    284.8842
    285.7594
    286.5421
    287.2383
    287.8468
    288.3842
    288.8644
    289.2915
    289.6671
    290.0004
    290.2844
    290.5333
    290.7490
    290.9299
    291.0809
    291.2102
    291.3140
    291.3982
    291.4643
    291.5100
    291.5428
    291.5619
    291.5696
    291.5654
    291.5494
    291.5243
    291.4908
    291.4541
    291.4092
    291.3604
    291.3089
    291.2536
    291.1960
    291.1340
    291.0691
    291.0055
    290.9412
    290.8768
    290.8140
    290.7528
    290.6913
    290.6308
    290.5701
    290.5090
    290.4493
    290.3881
    290.3291
    290.2718
    290.2150
    290.1579
    290.1019
    290.0453
    289.9890
    289.9326
    289.8780
    289.8252
    289.7736
    289.7230
    289.6730
    289.6255
    289.5794
    289.5334
    289.4892
    289.4453
    289.4028
    289.3612
    289.3199
    289.2795
    289.2408
    289.2011
    289.1624
    289.1244
    289.0898
    289.0549
    289.0216
    288.9896
    288.9581
    288.9284
    288.8976
    288.8689
    288.8411
    288.8135
    288.7864
    288.7607
    288.7370
    288.7125
    288.6902
    288.6667
    288.6453
    288.6224
    288.6013
    288.5798
    288.5584
    288.5369
    288.5153
    288.4933
    288.4716
    288.4501
    288.4287
    288.4061
    288.3851
    288.3645
    288.3442
    288.3240
    288.3049
    288.2855
    288.2677
    288.2497
    288.2332
    288.2152
    288.1991
    288.1813
    288.1659
    288.1479
    288.1313
    288.1148
    288.0998
    288.0834
    288.0676
    288.0512
    288.0350
    288.0180
    288.0015
    287.9854
    287.9697
    287.9561
    287.9420
    287.9277
    287.9138
    287.8995
    287.8860
    287.8723
    287.8600
    287.8480
    287.8375
    287.8261
    287.8158
    287.8037
    287.7919
    287.7798
    287.7682
    287.7561
    287.7444
    287.7337
    287.7240
    287.7139
    287.7025
    287.6902
    287.6783
    287.6658
    287.6538
    287.6407
    287.6277
    287.6151
    287.6021
    287.5899
    287.5776
    287.5648
    287.5521
    287.5391
    287.5264
    287.5141
    287.5022
    287.4899
    287.4781
    287.4665
    287.4536
    287.4406
    287.4267
    287.4131
    287.3994
    287.3866
    287.3740
    287.3614
    287.3494
    287.3371
    287.3249
    287.3124
    287.2997
    287.2872
    287.2747
    287.2623
    287.2504
    287.2386
    287.2272
    287.2150
    287.2028
    287.1902
    287.1791
    287.1665
    287.1556
    287.1433
    287.1332
    287.1210
    287.1112
    287.0993
    287.0892
    287.0781
    287.0683
    287.0568
    287.0461
    287.0343
    287.0237
    287.0126
    287.0020
    286.9907
    286.9791
    286.9666
    286.9552
    286.9432
    286.9311
    286.9193
    286.9091
    286.8972
    286.8864
    286.8746
    286.8634
    286.8515
    286.8395
    286.8271
    286.8155
    286.8036
    286.7926
    286.7817
    286.7710
    286.7610
    286.7510
    286.7417
    286.7329
    286.7245
    286.7166
    286.7083
    286.7000
    286.6930
    286.6864
    286.6808
    286.6759
    286.6722
    286.6682
    286.6659
    286.6631
    286.6616
    286.6600
    286.6586
    286.6572
    286.6560
    286.6548
    286.6537
    286.6526
    286.6517
    286.6507
    286.6499
    286.6490
    286.6483
    286.6475
    286.6469
    286.6462
    286.6456
    286.6450
    286.6445
    286.6439
    286.6435
    286.6430
    286.6427
    286.6422
    286.6419
    286.6415
    286.6412
    286.6408
    286.6406
    286.6403
    286.6401
    286.6398
    286.6396
    286.6393
    286.6392
    286.6389
    286.6388
    286.6386
    286.6385
    286.6383
    286.6382
    286.6380
    286.6380
    286.6378
    286.6377
    286.6376
    286.6375
    286.6374
    286.6374
    286.6376
    286.6383
    286.6395
    286.6404
    286.6414
    286.6423
    286.6432
    286.6439
    286.6447
    286.6454
    286.6461
    286.6466
    286.6473
    286.6478
    286.6484
    286.6488
    286.6493
    286.6497
    286.6502
    286.6505
    286.6509
    286.6512
    286.6516
    286.6518
    286.6521
    286.6523
    286.6527
    286.6528
    286.6531
    286.6532
    286.6535
    286.6536
    286.6539
    286.6540
    286.6542
    286.6543
    286.6545
    286.6545
    286.6547
    286.6548
    286.6549
    286.6550
    286.6551
    286.6551
    286.6553
    286.6553
    286.6554
    286.6554
    286.6556
    286.6556
    286.6557
    286.6557
    286.6558
    286.6558
    286.6559
    286.6559
    286.6560
    286.6560
    286.6561
    286.6560
    286.6561
    286.6561
    286.6562
    286.6561
    286.6562
    286.6562
    286.6563
    286.6562
    286.6563
    286.6563
    286.6564
    286.6563
    286.6564
    286.6563
    286.6564
    286.6564
    286.6564
    286.6564
    286.6565
    286.6564
    286.6565
    286.6564
    286.6565
    286.6564
    286.6565
    286.6564
    286.6565
    286.6565
    286.6565
    286.6565
    286.6565
    286.6565
    286.6566
    286.6565
    286.6566
    286.6565
    286.6566
    286.6565
    286.6566
    286.6565
    286.6566
    286.6565
    286.6566
    286.6565
    286.6566
    286.6565
    286.6566
    286.6565
    286.6566
    286.6565
    286.6566
    286.6565
    286.6566
    286.6565
    286.6566
    286.6565
    286.6566
    286.6565
    286.6566
    286.6565
    286.6566
    286.6565
    286.6566
    286.6565
    286.6566
    286.6565
    286.6566
    286.6565
    286.6566
    286.6565
    286.6566
    286.6565
    286.6566
    286.6565
    286.6566
    286.6565
    286.6566
    286.6565
    286.6566
    286.6565
    286.6566
    286.6565
    286.6566
    286.6565
    286.6566
    286.6565
    286.6566
    286.6566
    286.6566
    286.6566
    286.6566
    286.6566
    286.6566
    286.6566
    286.6566
    286.6566
    286.6566
    286.6566
    286.6566
    286.6566
    286.6566
    286.6566
    286.6566
    286.6566
    286.6566
    286.6566
    286.6566
    286.6566
    286.6566
    286.6566
    286.6566
    286.6566
    286.6566
    286.6566
    286.6566
    286.6566
    286.6566
    286.6566
    286.6566
    286.6566
    286.6566
    286.6566
    286.6566
    286.6566
    286.6566
    286.6566
    286.6566
    286.6566
    286.6566
    286.6566
    286.6566
    286.6566
    286.6566
    286.6566
    286.6566
    286.6566
    286.6566
    286.6566
    286.6566
    286.6566
    286.6566
