 Absorbed shortwave flux vs. time [W/m2]
    127.7120
    128.3243
    128.7436
    128.8313
    128.8464
    128.8478
    128.9652
    129.0429
    129.1500
    129.1614
    129.1855
    129.2642
    129.3342
    129.3196
    129.3487
    129.4057
    129.4292
    129.4514
    129.4841
    129.4852
    129.5017
    129.5060
    129.5074
    129.5118
    129.5201
    129.5307
    129.5295
    129.5362
    129.5599
    129.5604
    129.5664
    129.5637
    129.5663
    129.5608
    129.5661
    129.5609
    129.5724
    129.5879
    129.5733
    129.5779
    129.5733
    129.5777
    129.5733
    129.5603
    129.5636
    129.5603
    129.5632
    129.5602
    129.5631
    129.5602
    129.5630
    129.5602
    129.5628
    129.5602
    129.5622
    129.5570
    129.5613
    129.5497
    129.5481
    129.5495
    129.5477
    129.5486
    129.5393
    129.5338
    129.5343
    129.5248
    129.5296
    129.5196
    129.5179
    129.5161
    129.5097
    129.5154
    129.5061
    129.5034
    129.5034
    129.5034
    129.5034
    129.5034
    129.5033
    129.4979
    129.5018
    129.4943
    129.5012
    129.4915
    129.4892
    129.4912
    129.4890
    129.4907
    129.4843
    129.4894
    129.4809
    129.4794
    129.4799
    129.4787
    129.4798
    129.4787
    129.4795
    129.4787
    129.4795
    129.4787
    129.4795
    129.4787
    129.4795
    129.4787
    129.4795
    129.4787
    129.4795
    129.4787
    129.4795
    129.4787
    129.4795
    129.4787
    129.4795
    129.4786
    129.4794
    129.4785
    129.4794
    129.4785
    129.4794
    129.4785
    129.4794
    129.4785
    129.4794
    129.4785
    129.4794
    129.4785
    129.4794
    129.4785
    129.4794
    129.4785
    129.4794
    129.4785
    129.4794
    129.4785
    129.4794
    129.4785
    129.4794
    129.4785
    129.4794
    129.4785
    129.4794
    129.4785
    129.4794
    129.4785
    129.4794
    129.4785
    129.4794
    129.4785
    129.4794
    129.4785
    129.4794
    129.4785
    129.4794
    129.4785
    129.4794
    129.4785
    129.4794
    129.4785
    129.4794
    129.4785
    129.4794
    129.4785
    129.4794
    129.4785
    129.4794
    129.4785
    129.4794
    129.4785
    129.4794
    129.4785
    129.4794
    129.4785
    129.4794
    129.4785
    129.4794
    129.4785
    129.4794
    129.4785
    129.4794
    129.4785
    129.4794
    129.4785
    129.4794
    129.4785
    129.4794
    129.4785
    129.4794
    129.4785
    129.4794
    129.4785
    129.4794
    129.4785
    129.4794
    129.4785
    129.4794
    129.4785
    129.4794
    129.4785
    129.4794
    129.4785
    129.4794
    129.4785
    129.4794
    129.4785
    129.4794
    129.4785
    129.4794
    129.4785
    129.4794
    129.4785
    129.4794
    129.4785
    129.4794
    129.4785
    129.4794
    129.4785
    129.4794
    129.4785
    129.4794
    129.4785
    129.4794
    129.4785
    129.4794
    129.4785
    129.4794
    129.4785
    129.4794
    129.4785
    129.4794
    129.4785
    129.4794
    129.4785
    129.4794
    129.4785
    129.4794
    129.4785
    129.4794
    129.4785
    129.4794
    129.4785
    129.4794
    129.4785
    129.4794
    129.4744
    129.4794
    129.4785
    129.4794
    129.4785
    129.4794
    129.4744
    129.4794
    129.4785
    129.4794
    129.4785
    129.4794
    129.4744
    129.4794
    129.4785
    129.4794
    129.4785
    129.4794
    129.4744
    129.4794
    129.4785
    129.4794
    129.4785
    129.4794
    129.4744
    129.4794
    129.4785
    129.4794
    129.4785
    129.4794
    129.4744
    129.4794
    129.4785
    129.4794
    129.4785
    129.4794
    129.4744
    129.4794
    129.4785
    129.4794
    129.4785
    129.4794
    129.4744
    129.4794
    129.4785
    129.4794
    129.4785
    129.4794
    129.4744
    129.4794
    129.4785
    129.4794
    129.4785
    129.4794
    129.4744
    129.4794
    129.4785
    129.4794
    129.4785
    129.4794
    129.4744
    129.4794
    129.4785
    129.4794
    129.4785
    129.4794
    129.4744
    129.4794
    129.4785
    129.4794
    129.4785
    129.4794
    129.4785
    129.4794
    129.4785
    129.4794
    129.4744
    129.4794
    129.4785
    129.4794
    129.4785
    129.4794
    129.4744
    129.4794
    129.4785
    129.4794
    129.4785
    129.4794
    129.4744
    129.4794
    129.4785
    129.4794
    129.4785
    129.4794
    129.4744
    129.4794
    129.4785
    129.4794
    129.4785
    129.4794
    129.4744
    129.4794
    129.4785
    129.4794
    129.4785
    129.4794
    129.4744
    129.4794
    129.4785
    129.4794
    129.4785
    129.4794
    129.4744
    129.4794
    129.4785
    129.4794
    129.4785
    129.4794
    129.4744
    129.4794
    129.4785
    129.4794
    129.4785
    129.4794
    129.4744
    129.4794
    129.4785
    129.4794
    129.4785
    129.4794
    129.4744
    129.4794
    129.4785
    129.4794
    129.4785
    129.4794
    129.4744
    129.4794
    129.4785
    129.4794
    129.4785
    129.4794
    129.4744
    129.4794
    129.4785
    129.4794
    129.4785
    129.4794
    129.4744
    129.4794
    129.4785
    129.4794
    129.4785
    129.4794
    129.4785
    129.4794
    129.4785
    129.4794
    129.4744
    129.4794
    129.4785
    129.4794
    129.4785
    129.4794
    129.4744
    129.4794
    129.4785
    129.4794
    129.4785
    129.4794
    129.4744
    129.4794
    129.4785
    129.4794
    129.4785
    129.4794
    129.4744
    129.4794
    129.4785
    129.4794
    129.4785
    129.4794
    129.4744
    129.4794
    129.4785
    129.4794
    129.4785
    129.4794
    129.4744
    129.4794
    129.4785
    129.4794
    129.4785
    129.4794
    129.4744
    129.4794
    129.4785
    129.4794
    129.4785
    129.4794
    129.4744
    129.4794
    129.4785
    129.4794
    129.4785
    129.4794
    129.4744
    129.4794
    129.4785
    129.4794
    129.4785
    129.4794
    129.4744
    129.4794
    129.4785
    129.4794
    129.4785
    129.4794
    129.4744
    129.4794
    129.4785
    129.4794
    129.4785
    129.4794
    129.4744
    129.4794
    129.4785
    129.4794
    129.4785
    129.4794
    129.4785
    129.4794
    129.4785
    129.4794
    129.4744
    129.4794
    129.4785
    129.4794
    129.4785
    129.4794
    129.4744
    129.4794
    129.4785
    129.4794
    129.4785
    129.4794
    129.4744
    129.4794
    129.4785
    129.4794
    129.4785
    129.4794
    129.4744
    129.4794
    129.4785
    129.4794
    129.4785
