 Flux gradient shortwave
       -7.7728
       -7.5698
       -7.2081
       -6.9045
       -6.6995
       -6.2295
       -5.3243
       -4.4965
       -4.0020
       -3.6692
       -3.4319
       -3.2363
       -3.0957
       -2.9688
       -2.8541
       -2.7501
       -2.6563
       -2.5729
       -2.4998
       -2.4405
       -2.3917
       -2.3453
       -2.3016
       -2.2519
       -2.1981
       -2.1357
       -2.0668
       -1.9885
       -1.9053
       -1.8212
       -1.7398
       -1.6647
       -1.5974
       -1.5353
       -1.4698
       -1.3893
       -1.2898
       -1.1811
       -1.0723
       -0.9551
       -0.8364
       -0.7368
       -0.6964
       -0.6853
       -0.5665
       -0.4655
       -0.6137
       -0.3695
       -0.1349
       -0.0034
