 Longwave heating rate [K/s]
 -0.2132E-03
 -0.2601E-03
 -0.2957E-03
 -0.3496E-03
 -0.4213E-03
 -0.4496E-03
 -0.4755E-03
 -0.4406E-03
 -0.4691E-03
 -0.4676E-03
 -0.5217E-03
 -0.5340E-03
 -0.6672E-03
 -0.7433E-03
 -0.7990E-03
 -0.8367E-03
 -0.8547E-03
 -0.8479E-03
 -0.7949E-03
 -0.7798E-03
 -0.8209E-03
 -0.8294E-03
 -0.9276E-03
 -0.9436E-03
 -0.1017E-02
 -0.1040E-02
 -0.1137E-02
 -0.1170E-02
 -0.1213E-02
 -0.1265E-02
 -0.1369E-02
 -0.1442E-02
 -0.1529E-02
 -0.1679E-02
 -0.1800E-02
 -0.1988E-02
 -0.2133E-02
 -0.2254E-02
 -0.2435E-02
 -0.2657E-02
 -0.2855E-02
 -0.3212E-02
 -0.3976E-02
 -0.5382E-02
 -0.6458E-02
 -0.8417E-02
 -0.2031E-01
 -0.3626E-01
 -0.8609E-01
 -0.6302E+00
