 Downwards broadband flux at each level [W/m2]
      315.3446
      375.5035
      370.1677
      349.7589
      321.8424
      287.1413
      248.4287
      212.5524
      185.0163
      164.6817
      149.2503
      136.6674
      126.4212
      117.0851
      108.2269
       99.8330
       91.9091
       84.4754
       77.5714
       71.3594
       65.9375
       60.9485
       56.4450
       52.1674
       48.1973
       44.4653
       41.0476
       37.8194
       34.8067
       32.0561
       29.6129
       27.4102
       25.4278
       23.7233
       22.2250
       20.9132
       19.6445
       18.1944
       16.4736
       14.4252
       12.0759
        9.7346
        7.7034
        5.9712
        4.3387
        2.9224
        1.8864
        0.8938
        0.2509
        0.0270
        0.0000
