 Outgoing longwave flux vs. time [W/m2]
  0.1107E+03
  0.1183E+03
  0.1211E+03
  0.1223E+03
  0.1232E+03
  0.1235E+03
  0.1242E+03
  0.1246E+03
  0.1254E+03
  0.1259E+03
  0.1264E+03
  0.1270E+03
  0.1275E+03
  0.1278E+03
  0.1281E+03
  0.1285E+03
  0.1288E+03
  0.1290E+03
  0.1293E+03
  0.1294E+03
  0.1296E+03
  0.1297E+03
  0.1298E+03
  0.1299E+03
  0.1299E+03
  0.1301E+03
  0.1301E+03
  0.1302E+03
  0.1304E+03
  0.1304E+03
  0.1305E+03
  0.1304E+03
  0.1304E+03
  0.1304E+03
  0.1305E+03
  0.1305E+03
  0.1305E+03
  0.1306E+03
  0.1306E+03
  0.1306E+03
  0.1306E+03
  0.1306E+03
  0.1305E+03
  0.1305E+03
  0.1305E+03
  0.1305E+03
  0.1305E+03
  0.1305E+03
  0.1305E+03
  0.1305E+03
  0.1305E+03
  0.1305E+03
  0.1305E+03
  0.1305E+03
  0.1304E+03
  0.1304E+03
  0.1304E+03
  0.1304E+03
  0.1303E+03
  0.1303E+03
  0.1303E+03
  0.1302E+03
  0.1302E+03
  0.1302E+03
  0.1301E+03
  0.1301E+03
  0.1301E+03
  0.1300E+03
  0.1300E+03
  0.1299E+03
  0.1299E+03
  0.1299E+03
  0.1298E+03
  0.1298E+03
  0.1298E+03
  0.1298E+03
  0.1298E+03
  0.1298E+03
  0.1298E+03
  0.1298E+03
  0.1297E+03
  0.1297E+03
  0.1297E+03
  0.1297E+03
  0.1297E+03
  0.1297E+03
  0.1296E+03
  0.1296E+03
  0.1296E+03
  0.1296E+03
  0.1296E+03
  0.1295E+03
  0.1296E+03
  0.1295E+03
  0.1295E+03
  0.1295E+03
  0.1295E+03
  0.1295E+03
  0.1295E+03
  0.1295E+03
  0.1295E+03
  0.1295E+03
  0.1295E+03
  0.1295E+03
  0.1295E+03
  0.1295E+03
  0.1295E+03
  0.1295E+03
  0.1295E+03
  0.1295E+03
  0.1295E+03
  0.1295E+03
  0.1295E+03
  0.1295E+03
  0.1295E+03
  0.1295E+03
  0.1295E+03
  0.1295E+03
  0.1295E+03
  0.1295E+03
  0.1295E+03
  0.1295E+03
  0.1295E+03
  0.1295E+03
  0.1295E+03
  0.1295E+03
  0.1295E+03
  0.1295E+03
  0.1295E+03
  0.1295E+03
  0.1295E+03
  0.1295E+03
  0.1295E+03
  0.1295E+03
  0.1295E+03
  0.1295E+03
  0.1295E+03
  0.1295E+03
  0.1295E+03
  0.1295E+03
  0.1295E+03
  0.1295E+03
  0.1295E+03
  0.1295E+03
  0.1295E+03
  0.1295E+03
  0.1295E+03
  0.1295E+03
  0.1295E+03
  0.1295E+03
  0.1295E+03
  0.1295E+03
  0.1295E+03
  0.1295E+03
  0.1295E+03
  0.1295E+03
  0.1295E+03
  0.1295E+03
  0.1295E+03
  0.1295E+03
  0.1295E+03
  0.1295E+03
  0.1295E+03
  0.1295E+03
  0.1295E+03
  0.1295E+03
  0.1295E+03
  0.1295E+03
  0.1295E+03
  0.1295E+03
  0.1295E+03
  0.1295E+03
  0.1295E+03
  0.1295E+03
  0.1295E+03
  0.1295E+03
  0.1295E+03
  0.1295E+03
  0.1295E+03
  0.1295E+03
  0.1295E+03
  0.1295E+03
  0.1295E+03
  0.1295E+03
  0.1295E+03
  0.1295E+03
  0.1295E+03
  0.1295E+03
  0.1295E+03
  0.1295E+03
  0.1295E+03
  0.1295E+03
  0.1295E+03
  0.1295E+03
  0.1295E+03
  0.1295E+03
  0.1295E+03
  0.1295E+03
  0.1295E+03
  0.1295E+03
  0.1295E+03
  0.1295E+03
  0.1295E+03
  0.1295E+03
  0.1295E+03
  0.1295E+03
  0.1295E+03
  0.1295E+03
  0.1295E+03
  0.1295E+03
  0.1295E+03
  0.1295E+03
  0.1295E+03
  0.1295E+03
  0.1295E+03
  0.1295E+03
  0.1295E+03
  0.1295E+03
  0.1295E+03
  0.1295E+03
  0.1295E+03
  0.1295E+03
  0.1295E+03
  0.1295E+03
  0.1295E+03
  0.1295E+03
  0.1295E+03
  0.1295E+03
  0.1295E+03
  0.1295E+03
  0.1295E+03
  0.1295E+03
  0.1295E+03
  0.1295E+03
  0.1295E+03
  0.1295E+03
  0.1295E+03
  0.1295E+03
  0.1295E+03
  0.1295E+03
  0.1295E+03
  0.1295E+03
  0.1295E+03
  0.1295E+03
  0.1295E+03
  0.1295E+03
  0.1295E+03
  0.1295E+03
  0.1295E+03
  0.1295E+03
  0.1295E+03
  0.1295E+03
  0.1295E+03
  0.1295E+03
  0.1295E+03
  0.1295E+03
  0.1295E+03
  0.1295E+03
  0.1295E+03
  0.1295E+03
  0.1295E+03
  0.1295E+03
  0.1295E+03
  0.1295E+03
  0.1295E+03
  0.1295E+03
  0.1295E+03
  0.1295E+03
  0.1295E+03
  0.1295E+03
  0.1295E+03
  0.1295E+03
  0.1295E+03
  0.1295E+03
  0.1295E+03
  0.1295E+03
  0.1295E+03
  0.1295E+03
  0.1295E+03
  0.1295E+03
  0.1295E+03
  0.1295E+03
  0.1295E+03
  0.1295E+03
  0.1295E+03
  0.1295E+03
  0.1295E+03
  0.1295E+03
  0.1295E+03
  0.1295E+03
  0.1295E+03
  0.1295E+03
  0.1295E+03
  0.1295E+03
  0.1295E+03
  0.1295E+03
  0.1295E+03
  0.1295E+03
  0.1295E+03
  0.1295E+03
  0.1295E+03
  0.1295E+03
  0.1295E+03
  0.1295E+03
  0.1295E+03
  0.1295E+03
  0.1295E+03
  0.1295E+03
  0.1295E+03
  0.1295E+03
  0.1295E+03
  0.1295E+03
  0.1295E+03
  0.1295E+03
  0.1295E+03
  0.1295E+03
  0.1295E+03
  0.1295E+03
  0.1295E+03
  0.1295E+03
  0.1295E+03
  0.1295E+03
  0.1295E+03
  0.1295E+03
  0.1295E+03
  0.1295E+03
  0.1295E+03
  0.1295E+03
  0.1295E+03
  0.1295E+03
  0.1295E+03
  0.1295E+03
  0.1295E+03
  0.1295E+03
  0.1295E+03
  0.1295E+03
  0.1295E+03
  0.1295E+03
  0.1295E+03
  0.1295E+03
  0.1295E+03
  0.1295E+03
  0.1295E+03
  0.1295E+03
  0.1295E+03
  0.1295E+03
  0.1295E+03
  0.1295E+03
  0.1295E+03
  0.1295E+03
  0.1295E+03
  0.1295E+03
  0.1295E+03
  0.1295E+03
  0.1295E+03
  0.1295E+03
  0.1295E+03
  0.1295E+03
  0.1295E+03
  0.1295E+03
  0.1295E+03
  0.1295E+03
  0.1295E+03
  0.1295E+03
  0.1295E+03
  0.1295E+03
  0.1295E+03
  0.1295E+03
  0.1295E+03
  0.1295E+03
  0.1295E+03
  0.1295E+03
  0.1295E+03
  0.1295E+03
  0.1295E+03
  0.1295E+03
  0.1295E+03
  0.1295E+03
  0.1295E+03
  0.1295E+03
  0.1295E+03
  0.1295E+03
  0.1295E+03
  0.1295E+03
  0.1295E+03
  0.1295E+03
  0.1295E+03
  0.1295E+03
  0.1295E+03
  0.1295E+03
  0.1295E+03
  0.1295E+03
  0.1295E+03
  0.1295E+03
  0.1295E+03
  0.1295E+03
  0.1295E+03
  0.1295E+03
  0.1295E+03
  0.1295E+03
  0.1295E+03
  0.1295E+03
  0.1295E+03
  0.1295E+03
  0.1295E+03
  0.1295E+03
  0.1295E+03
  0.1295E+03
  0.1295E+03
  0.1295E+03
  0.1295E+03
  0.1295E+03
  0.1295E+03
  0.1295E+03
  0.1295E+03
  0.1295E+03
  0.1295E+03
  0.1295E+03
  0.1295E+03
  0.1295E+03
  0.1295E+03
  0.1295E+03
  0.1295E+03
  0.1295E+03
  0.1295E+03
  0.1295E+03
  0.1295E+03
  0.1295E+03
  0.1295E+03
  0.1295E+03
  0.1295E+03
  0.1295E+03
  0.1295E+03
  0.1295E+03
  0.1295E+03
  0.1295E+03
  0.1295E+03
  0.1295E+03
  0.1295E+03
  0.1295E+03
  0.1295E+03
  0.1295E+03
  0.1295E+03
  0.1295E+03
  0.1295E+03
  0.1295E+03
  0.1295E+03
  0.1295E+03
  0.1295E+03
  0.1295E+03
  0.1295E+03
  0.1295E+03
  0.1295E+03
  0.1295E+03
  0.1295E+03
  0.1295E+03
  0.1295E+03
  0.1295E+03
  0.1295E+03
  0.1295E+03
  0.1295E+03
  0.1295E+03
  0.1295E+03
  0.1295E+03
  0.1295E+03
  0.1295E+03
  0.1295E+03
  0.1295E+03
  0.1295E+03
  0.1295E+03
  0.1295E+03
  0.1295E+03
  0.1295E+03
  0.1295E+03
  0.1295E+03
  0.1295E+03
  0.1295E+03
  0.1295E+03
  0.1295E+03
  0.1295E+03
  0.1295E+03
  0.1295E+03
  0.1295E+03
  0.1295E+03
  0.1295E+03
  0.1295E+03
  0.1295E+03
  0.1295E+03
  0.1295E+03
  0.1295E+03
  0.1295E+03
  0.1295E+03
  0.1295E+03
  0.1295E+03
  0.1295E+03
  0.1295E+03
  0.1295E+03
  0.1295E+03
  0.1295E+03
  0.1295E+03
