 Spectral outgoing longwave flux [W/m2/cm^-1]
  0.6764E-05
  0.3393E-04
  0.8128E-04
  0.1479E-03
  0.2306E-03
  0.3364E-03
  0.4558E-03
  0.5903E-03
  0.7229E-03
  0.8703E-03
  0.1049E-02
  0.1213E-02
  0.1413E-02
  0.1577E-02
  0.1626E-02
  0.2033E-02
  0.2368E-02
  0.2670E-02
  0.2919E-02
  0.2984E-02
  0.3449E-02
  0.3906E-02
  0.4277E-02
  0.4611E-02
  0.4910E-02
  0.5089E-02
  0.5423E-02
  0.5873E-02
  0.6001E-02
  0.6220E-02
  0.6541E-02
  0.7269E-02
  0.6840E-02
  0.8473E-02
  0.9065E-02
  0.9563E-02
  0.9875E-02
  0.9800E-02
  0.1096E-01
  0.1152E-01
  0.1198E-01
  0.1229E-01
  0.1199E-01
  0.1277E-01
  0.1305E-01
  0.1142E-01
  0.1458E-01
  0.1505E-01
  0.1620E-01
  0.1562E-01
  0.1692E-01
  0.1777E-01
  0.1886E-01
  0.1908E-01
  0.1944E-01
  0.2022E-01
  0.2069E-01
  0.1928E-01
  0.2126E-01
  0.2219E-01
  0.2277E-01
  0.2408E-01
  0.2420E-01
  0.2098E-01
  0.2571E-01
  0.2531E-01
  0.2755E-01
  0.2833E-01
  0.2859E-01
  0.2849E-01
  0.2886E-01
  0.2988E-01
  0.3085E-01
  0.3012E-01
  0.3194E-01
  0.3339E-01
  0.3297E-01
  0.3484E-01
  0.3455E-01
  0.3527E-01
  0.3598E-01
  0.3763E-01
  0.3833E-01
  0.3773E-01
  0.3911E-01
  0.4080E-01
  0.4229E-01
  0.4253E-01
  0.3983E-01
  0.4384E-01
  0.4589E-01
  0.4707E-01
  0.4776E-01
  0.4793E-01
  0.4813E-01
  0.4711E-01
  0.4828E-01
  0.4827E-01
  0.5063E-01
  0.5162E-01
  0.5107E-01
  0.5029E-01
  0.5299E-01
  0.5486E-01
  0.5472E-01
  0.5368E-01
  0.5504E-01
  0.5791E-01
  0.5945E-01
  0.6009E-01
  0.5858E-01
  0.5281E-01
  0.5966E-01
  0.6332E-01
  0.6491E-01
  0.6559E-01
  0.6570E-01
  0.6474E-01
  0.6381E-01
  0.6433E-01
  0.6458E-01
  0.6703E-01
  0.6244E-01
  0.7018E-01
  0.7189E-01
  0.7055E-01
  0.7216E-01
  0.7567E-01
  0.7717E-01
  0.7781E-01
  0.7892E-01
  0.7956E-01
  0.7767E-01
  0.7814E-01
  0.7650E-01
  0.7616E-01
  0.7701E-01
  0.7996E-01
  0.6451E-01
  0.8274E-01
  0.7333E-01
  0.7999E-01
  0.8355E-01
  0.8778E-01
  0.8578E-01
  0.8970E-01
  0.8415E-01
  0.9251E-01
  0.9310E-01
  0.9029E-01
  0.8721E-01
  0.9462E-01
  0.9759E-01
  0.9845E-01
  0.8963E-01
  0.9674E-01
  0.9767E-01
  0.9774E-01
  0.9972E-01
  0.9821E-01
  0.9585E-01
  0.9244E-01
  0.9477E-01
  0.9876E-01
  0.1010E+00
  0.9931E-01
  0.8671E-01
  0.1016E+00
  0.1035E+00
  0.1068E+00
  0.1052E+00
  0.1043E+00
  0.1124E+00
  0.1144E+00
  0.1144E+00
  0.1123E+00
  0.1057E+00
  0.1059E+00
  0.1068E+00
  0.1117E+00
  0.1055E+00
  0.1067E+00
  0.1081E+00
  0.1152E+00
  0.1184E+00
  0.1220E+00
  0.1213E+00
  0.1277E+00
  0.1294E+00
  0.1306E+00
  0.1314E+00
  0.1318E+00
  0.1316E+00
  0.1304E+00
  0.1270E+00
  0.1188E+00
  0.1153E+00
  0.1178E+00
  0.1182E+00
  0.1267E+00
  0.1221E+00
  0.1255E+00
  0.1174E+00
  0.1212E+00
  0.1274E+00
  0.1356E+00
  0.1402E+00
  0.1432E+00
  0.1453E+00
  0.1464E+00
  0.1444E+00
  0.1441E+00
  0.1249E+00
  0.1431E+00
  0.1498E+00
  0.1518E+00
  0.1524E+00
  0.1517E+00
  0.1503E+00
  0.1455E+00
  0.1255E+00
  0.1346E+00
  0.1063E+00
  0.1366E+00
  0.1371E+00
  0.1126E+00
  0.1415E+00
  0.1507E+00
  0.1547E+00
  0.1542E+00
  0.1442E+00
  0.1334E+00
  0.1500E+00
  0.1608E+00
  0.1651E+00
  0.1669E+00
  0.1672E+00
  0.1670E+00
  0.1548E+00
  0.1613E+00
  0.1529E+00
  0.1414E+00
  0.1394E+00
  0.1569E+00
  0.1648E+00
  0.1718E+00
  0.1744E+00
  0.1715E+00
  0.1782E+00
  0.1779E+00
  0.1726E+00
  0.1364E+00
  0.1696E+00
  0.1790E+00
  0.1806E+00
  0.1789E+00
  0.1735E+00
  0.1631E+00
  0.1354E+00
  0.1579E+00
  0.1669E+00
  0.1473E+00
  0.1593E+00
  0.1767E+00
  0.1822E+00
  0.1819E+00
  0.1736E+00
  0.1463E+00
  0.1641E+00
  0.1815E+00
  0.1869E+00
  0.1788E+00
  0.1713E+00
  0.1875E+00
  0.1795E+00
  0.1942E+00
  0.1826E+00
  0.1941E+00
  0.1853E+00
  0.1407E+00
  0.1754E+00
  0.1663E+00
  0.1746E+00
  0.1619E+00
  0.1809E+00
  0.1306E+00
  0.1694E+00
  0.1971E+00
  0.2050E+00
  0.2082E+00
  0.2115E+00
  0.2134E+00
  0.2133E+00
  0.2101E+00
  0.1999E+00
  0.1595E+00
  0.1934E+00
  0.2052E+00
  0.1969E+00
  0.1742E+00
  0.1729E+00
  0.2051E+00
  0.2023E+00
  0.2192E+00
  0.2187E+00
  0.2154E+00
  0.1965E+00
  0.1503E+00
  0.1863E+00
  0.2130E+00
  0.2226E+00
  0.2238E+00
  0.2266E+00
  0.2231E+00
  0.2083E+00
  0.2009E+00
  0.1820E+00
  0.1501E+00
  0.1925E+00
  0.2024E+00
  0.2153E+00
  0.2292E+00
  0.2349E+00
  0.2373E+00
  0.2388E+00
  0.2415E+00
  0.2423E+00
  0.2423E+00
  0.2416E+00
  0.2395E+00
  0.2356E+00
  0.2275E+00
  0.2188E+00
  0.1989E+00
  0.1466E+00
  0.1471E+00
  0.1990E+00
  0.2147E+00
  0.2179E+00
  0.2270E+00
  0.2191E+00
  0.2389E+00
  0.2439E+00
  0.2384E+00
  0.1857E+00
  0.2365E+00
  0.2492E+00
  0.2425E+00
  0.2361E+00
  0.2493E+00
  0.2512E+00
  0.2426E+00
  0.2155E+00
  0.1826E+00
  0.2128E+00
  0.2461E+00
  0.2476E+00
  0.2444E+00
  0.2603E+00
  0.2599E+00
  0.2550E+00
  0.2375E+00
  0.2379E+00
  0.2402E+00
  0.2204E+00
  0.1858E+00
  0.1989E+00
  0.2312E+00
  0.2427E+00
  0.2553E+00
  0.2610E+00
  0.2644E+00
  0.2622E+00
  0.2574E+00
  0.2504E+00
  0.2484E+00
  0.2196E+00
  0.1724E+00
  0.2139E+00
  0.2458E+00
  0.2573E+00
  0.2665E+00
  0.2696E+00
  0.2670E+00
  0.2572E+00
  0.2459E+00
  0.2008E+00
  0.2207E+00
  0.2423E+00
  0.2648E+00
  0.2700E+00
  0.2663E+00
  0.2522E+00
  0.2233E+00
  0.2631E+00
  0.2707E+00
  0.2721E+00
  0.2687E+00
  0.2674E+00
  0.2583E+00
  0.2411E+00
  0.1725E+00
  0.2362E+00
  0.2411E+00
  0.2211E+00
  0.1954E+00
  0.1822E+00
  0.2126E+00
  0.2066E+00
  0.1955E+00
  0.2045E+00
  0.2056E+00
  0.1964E+00
  0.1830E+00
  0.1676E+00
  0.1454E+00
  0.1636E+00
  0.1720E+00
  0.1709E+00
  0.1613E+00
  0.1420E+00
  0.1323E+00
  0.1479E+00
  0.1560E+00
  0.1557E+00
  0.1466E+00
  0.1299E+00
  0.1360E+00
  0.1408E+00
  0.1532E+00
  0.1496E+00
  0.1380E+00
  0.1358E+00
  0.1460E+00
  0.1326E+00
  0.1135E+00
  0.1262E+00
  0.1382E+00
  0.1392E+00
  0.1212E+00
  0.1353E+00
  0.1426E+00
  0.1418E+00
  0.1326E+00
  0.1219E+00
  0.1353E+00
  0.1406E+00
  0.1348E+00
  0.1240E+00
  0.1286E+00
  0.1287E+00
  0.1289E+00
  0.1213E+00
  0.1221E+00
  0.1229E+00
  0.1180E+00
  0.1206E+00
  0.1169E+00
  0.1178E+00
  0.1155E+00
  0.9309E-01
  0.1157E+00
  0.1150E+00
  0.1096E+00
  0.1128E+00
  0.1122E+00
  0.1103E+00
  0.1118E+00
  0.1074E+00
  0.3372E-01
  0.1075E+00
  0.1070E+00
  0.9623E-01
  0.9421E-01
  0.7003E-01
  0.8790E-01
  0.8702E-01
  0.3842E-01
  0.6601E-01
  0.6436E-01
  0.5195E-01
  0.8447E-01
  0.7540E-01
  0.4915E-01
  0.5910E-01
  0.5074E-01
  0.7527E-01
  0.6692E-01
  0.4139E-01
  0.5401E-01
  0.6779E-01
  0.6157E-01
  0.5962E-01
  0.2425E-01
  0.5018E-01
  0.6144E-01
  0.4559E-01
  0.4139E-01
  0.4798E-01
  0.5674E-01
  0.5143E-01
  0.3545E-01
  0.3794E-01
  0.3771E-01
  0.4224E-01
  0.3484E-01
  0.2734E-01
  0.2876E-01
  0.2195E-01
  0.3502E-01
  0.3116E-01
  0.2123E-01
  0.2944E-01
  0.2523E-01
  0.2774E-01
  0.2850E-01
  0.2309E-01
  0.2045E-01
  0.2033E-01
  0.2020E-01
  0.2409E-01
  0.2206E-01
  0.1983E-01
  0.1995E-01
  0.2218E-01
  0.2261E-01
  0.2157E-01
  0.1947E-01
  0.1909E-01
  0.1939E-01
  0.2159E-01
  0.1873E-01
  0.1861E-01
  0.1849E-01
  0.1837E-01
  0.1825E-01
  0.1847E-01
  0.1995E-01
  0.2009E-01
  0.1803E-01
  0.1768E-01
  0.1794E-01
  0.1992E-01
  0.2000E-01
  0.1780E-01
  0.1711E-01
  0.1921E-01
  0.2027E-01
  0.2050E-01
  0.1723E-01
  0.1788E-01
  0.2241E-01
  0.2338E-01
  0.2161E-01
  0.1613E-01
  0.2397E-01
  0.2712E-01
  0.2664E-01
  0.2133E-01
  0.2601E-01
  0.2850E-01
  0.3329E-01
  0.2937E-01
  0.2696E-01
  0.3825E-01
  0.2952E-01
  0.4081E-01
  0.2466E-01
  0.2832E-01
  0.3372E-01
  0.3157E-01
  0.3897E-01
  0.2644E-01
  0.4601E-01
  0.3198E-01
  0.1778E-01
  0.2421E-01
  0.2853E-01
  0.4650E-01
  0.5130E-01
  0.5163E-01
  0.4214E-01
  0.1349E-01
  0.4023E-01
  0.4943E-01
  0.2746E-01
  0.4481E-01
  0.2938E-01
  0.3501E-01
  0.5083E-01
  0.2546E-01
  0.4462E-01
  0.4640E-01
  0.1533E-01
  0.5276E-01
  0.6233E-01
  0.6747E-01
  0.6704E-01
  0.6070E-01
  0.2552E-01
  0.2995E-01
  0.7014E-01
  0.7053E-01
  0.7021E-01
  0.6766E-01
  0.5179E-01
  0.6965E-01
  0.7016E-01
  0.7055E-01
  0.7047E-01
  0.6931E-01
  0.6828E-01
  0.6866E-01
  0.7175E-01
  0.7346E-01
  0.7198E-01
  0.6714E-01
  0.7245E-01
  0.7346E-01
  0.7630E-01
  0.7144E-01
  0.6527E-01
  0.6997E-01
  0.7393E-01
  0.7390E-01
  0.6888E-01
  0.6386E-01
  0.7132E-01
  0.7478E-01
  0.7266E-01
  0.6962E-01
  0.6569E-01
  0.6299E-01
  0.6215E-01
  0.6487E-01
  0.6938E-01
  0.7064E-01
  0.6777E-01
  0.6148E-01
  0.6274E-01
  0.6770E-01
  0.6964E-01
  0.6668E-01
  0.6057E-01
  0.6158E-01
  0.6834E-01
  0.7112E-01
  0.6877E-01
  0.6146E-01
  0.6203E-01
  0.7236E-01
  0.7743E-01
  0.7578E-01
  0.6655E-01
  0.6614E-01
  0.8303E-01
  0.9168E-01
  0.9175E-01
  0.8101E-01
  0.8137E-01
  0.1049E+00
  0.1012E+00
  0.7434E-01
  0.9813E-01
  0.1121E+00
  0.1322E+00
  0.1395E+00
  0.1436E+00
  0.1368E+00
  0.1505E+00
  0.1503E+00
  0.1479E+00
  0.1483E+00
  0.1606E+00
  0.1684E+00
  0.1629E+00
  0.1568E+00
  0.1697E+00
  0.1884E+00
  0.1826E+00
  0.1795E+00
  0.1779E+00
  0.2026E+00
  0.2072E+00
  0.1956E+00
  0.1857E+00
  0.2148E+00
  0.2239E+00
  0.2122E+00
  0.1807E+00
  0.1178E+00
  0.1087E+00
  0.1915E+00
  0.2248E+00
  0.2337E+00
  0.2336E+00
  0.2214E+00
  0.2143E+00
  0.2241E+00
  0.2231E+00
  0.2160E+00
  0.2105E+00
  0.1917E+00
  0.2074E+00
  0.2131E+00
  0.1766E+00
  0.1940E+00
  0.1853E+00
  0.1485E+00
  0.1773E+00
  0.1666E+00
  0.1276E+00
  0.1440E+00
  0.1486E+00
  0.1201E+00
  0.1148E+00
  0.1322E+00
  0.1163E+00
  0.8162E-01
  0.1137E+00
  0.1066E+00
  0.8936E-01
  0.8638E-01
  0.9359E-01
  0.9305E-01
  0.9086E-01
  0.7754E-01
  0.8698E-01
  0.9381E-01
  0.8358E-01
  0.8932E-01
  0.7696E-01
  0.8213E-01
  0.6815E-01
  0.6266E-01
  0.7206E-01
  0.6736E-01
  0.6879E-01
  0.7142E-01
  0.5222E-01
  0.6470E-01
  0.5277E-01
  0.5371E-01
  0.5961E-01
  0.4206E-01
  0.5414E-01
  0.5386E-01
  0.3797E-01
  0.4972E-01
  0.4791E-01
  0.3743E-01
  0.4726E-01
  0.4485E-01
  0.3537E-01
  0.4356E-01
  0.4343E-01
  0.3561E-01
  0.3946E-01
  0.4233E-01
  0.3840E-01
  0.3454E-01
  0.3998E-01
  0.4100E-01
  0.3698E-01
  0.3399E-01
  0.4051E-01
  0.4387E-01
  0.4399E-01
  0.4905E-01
  0.4547E-01
  0.3857E-01
  0.3274E-01
  0.3328E-01
  0.3561E-01
  0.3684E-01
  0.3688E-01
  0.3631E-01
  0.3525E-01
  0.3410E-01
  0.3309E-01
  0.3236E-01
  0.3197E-01
  0.3200E-01
  0.3263E-01
  0.3412E-01
  0.3653E-01
  0.3978E-01
  0.4310E-01
  0.4632E-01
  0.4637E-01
  0.4089E-01
  0.5262E-01
  0.5846E-01
  0.6588E-01
  0.7655E-01
  0.7559E-01
  0.9802E-01
  0.9973E-01
  0.8650E-01
  0.1148E+00
  0.1034E+00
  0.7872E-01
  0.1095E+00
  0.1043E+00
  0.6683E-01
  0.9394E-01
  0.1044E+00
  0.7947E-01
  0.7498E-01
  0.7248E-01
  0.9650E-01
  0.7595E-01
  0.7631E-01
  0.8191E-01
  0.5902E-01
  0.6571E-01
  0.3813E-01
  0.5868E-01
  0.4872E-01
  0.4557E-01
  0.4774E-01
  0.2795E-01
  0.3997E-01
  0.3385E-01
  0.3230E-01
  0.3598E-01
  0.2642E-01
  0.3253E-01
  0.3296E-01
  0.2451E-01
  0.3197E-01
  0.2923E-01
  0.2469E-01
  0.2953E-01
  0.2684E-01
  0.2373E-01
  0.2755E-01
  0.2595E-01
  0.2233E-01
  0.2564E-01
  0.2574E-01
  0.2260E-01
  0.2339E-01
  0.2532E-01
  0.2413E-01
  0.2125E-01
  0.2338E-01
  0.2528E-01
  0.2507E-01
  0.2311E-01
  0.2886E-01
  0.2582E-01
  0.2105E-01
  0.2148E-01
  0.2263E-01
  0.2305E-01
  0.2282E-01
  0.2217E-01
  0.2135E-01
  0.2060E-01
  0.2018E-01
  0.1963E-01
  0.1633E-01
  0.1151E-01
  0.1800E-01
  0.1966E-01
  0.2023E-01
  0.2155E-01
  0.2328E-01
  0.2482E-01
  0.2550E-01
  0.2423E-01
  0.2361E-01
  0.2983E-01
  0.3334E-01
  0.3337E-01
  0.4286E-01
  0.4471E-01
  0.5220E-01
  0.6279E-01
  0.7535E-01
  0.8804E-01
  0.1027E+00
  0.1174E+00
  0.1287E+00
  0.1398E+00
  0.1506E+00
  0.1567E+00
  0.1578E+00
  0.1618E+00
  0.1631E+00
  0.1621E+00
  0.1608E+00
  0.1602E+00
  0.1605E+00
  0.1631E+00
  0.1584E+00
  0.1625E+00
  0.1576E+00
  0.1551E+00
  0.1539E+00
  0.1533E+00
  0.1533E+00
  0.1538E+00
  0.1549E+00
  0.1572E+00
  0.1606E+00
  0.1558E+00
  0.1436E+00
  0.1544E+00
  0.1583E+00
  0.1543E+00
  0.1514E+00
  0.1495E+00
  0.1484E+00
  0.1479E+00
  0.1482E+00
  0.1498E+00
  0.1525E+00
  0.1514E+00
  0.1519E+00
  0.1499E+00
  0.1494E+00
  0.1463E+00
  0.1445E+00
  0.1436E+00
  0.1432E+00
  0.1432E+00
  0.1436E+00
  0.1450E+00
  0.1468E+00
  0.1430E+00
  0.1444E+00
  0.1463E+00
  0.1456E+00
  0.1461E+00
  0.1472E+00
  0.1449E+00
  0.1245E+00
  0.1066E+00
  0.1388E+00
  0.1449E+00
  0.1435E+00
  0.1423E+00
  0.1411E+00
  0.1415E+00
  0.1422E+00
  0.1415E+00
  0.1282E+00
  0.1135E+00
  0.1372E+00
  0.1399E+00
  0.1380E+00
  0.1373E+00
  0.1362E+00
  0.1366E+00
  0.1359E+00
  0.1267E+00
  0.1186E+00
  0.1318E+00
  0.1315E+00
  0.1291E+00
  0.1266E+00
  0.1244E+00
  0.1203E+00
  0.1175E+00
  0.1118E+00
  0.1039E+00
  0.8643E-01
  0.7528E-01
  0.8145E-01
  0.7633E-01
  0.7221E-01
  0.5784E-01
  0.4688E-01
  0.4983E-01
  0.4067E-01
  0.2613E-01
  0.3158E-01
  0.2642E-01
  0.1437E-01
  0.1952E-01
  0.1898E-01
  0.1029E-01
  0.1433E-01
  0.1425E-01
  0.1005E-01
  0.1146E-01
  0.1100E-01
  0.9745E-02
  0.9852E-02
  0.1059E-01
  0.9480E-02
  0.8758E-02
  0.9533E-02
  0.9294E-02
  0.4927E-02
  0.8880E-02
  0.9054E-02
  0.4827E-02
  0.8484E-02
  0.9021E-02
  0.7885E-02
  0.8251E-02
  0.9241E-02
  0.8822E-02
  0.8370E-02
  0.1078E-01
  0.9243E-02
  0.1922E-02
  0.8452E-02
  0.8493E-02
  0.6972E-02
  0.7783E-02
  0.8291E-02
  0.7823E-02
  0.6194E-02
  0.8208E-02
  0.8119E-02
  0.4261E-02
  0.7835E-02
  0.8416E-02
  0.7747E-02
  0.5787E-02
  0.8837E-02
  0.8690E-02
  0.4998E-02
  0.9259E-02
  0.1015E-01
  0.8730E-02
  0.9201E-02
  0.1196E-01
  0.1297E-01
  0.1314E-01
  0.1492E-01
  0.2181E-01
  0.2629E-01
  0.2267E-01
  0.3688E-01
  0.4559E-01
  0.4233E-01
  0.5518E-01
  0.6017E-01
  0.5778E-01
  0.6077E-01
  0.5388E-01
  0.4860E-01
  0.5859E-01
  0.5278E-01
  0.3200E-01
  0.3027E-01
  0.3322E-01
  0.3904E-01
  0.3140E-01
  0.2123E-01
  0.2410E-01
  0.3260E-01
  0.3200E-01
  0.3288E-01
  0.3502E-01
  0.2783E-01
  0.2431E-01
  0.2315E-01
  0.1866E-01
  0.1527E-01
  0.1737E-01
  0.1355E-01
  0.6764E-02
  0.9760E-02
  0.1029E-01
  0.8085E-02
  0.6641E-02
  0.6169E-02
  0.7170E-02
  0.6836E-02
  0.5754E-02
  0.5374E-02
  0.5818E-02
  0.5890E-02
  0.5043E-02
  0.5114E-02
  0.5582E-02
  0.5384E-02
  0.1673E-02
  0.5179E-02
  0.5350E-02
  0.4841E-02
  0.4416E-02
  0.5002E-02
  0.5117E-02
  0.2181E-03
  0.5448E-02
  0.5766E-02
  0.4661E-02
  0.4848E-02
  0.5058E-02
  0.4577E-02
  0.4417E-02
  0.4904E-02
  0.4609E-02
  0.4000E-02
  0.4308E-02
  0.4640E-02
  0.3862E-02
  0.4837E-02
  0.4671E-02
  0.3629E-02
  0.4988E-02
  0.4722E-02
  0.4225E-02
  0.5354E-02
  0.4742E-02
  0.4828E-02
  0.6006E-02
  0.4413E-02
  0.5703E-02
  0.6612E-02
  0.3872E-02
  0.6882E-02
  0.7347E-02
  0.6433E-02
  0.9301E-02
  0.9126E-02
  0.5871E-02
  0.9981E-02
  0.1121E-01
  0.1315E-01
  0.1253E-01
  0.1406E-01
  0.1432E-01
  0.1531E-01
  0.1422E-01
  0.1074E-01
  0.8221E-02
  0.7151E-02
  0.6189E-02
  0.1131E-01
  0.1255E-01
  0.5501E-02
  0.1250E-01
  0.1490E-01
  0.1475E-01
  0.1234E-01
  0.4072E-02
  0.1179E-01
  0.1303E-01
  0.1137E-01
  0.1062E-01
  0.6340E-02
  0.6146E-02
  0.1053E-01
  0.1263E-01
  0.1373E-01
  0.1414E-01
  0.1411E-01
  0.1350E-01
  0.1161E-01
  0.8162E-02
  0.8831E-02
  0.1161E-01
  0.1139E-01
  0.9775E-02
  0.9725E-02
  0.7231E-02
  0.4882E-02
  0.4306E-02
  0.4824E-02
  0.7265E-02
  0.9173E-02
  0.9149E-02
  0.7288E-02
  0.1189E-02
  0.7169E-02
  0.9028E-02
  0.9405E-02
  0.8460E-02
  0.5888E-02
  0.3897E-02
  0.3301E-02
  0.7304E-02
  0.2699E-02
  0.8476E-02
  0.9772E-02
  0.9833E-02
  0.5753E-02
  0.9535E-02
  0.9635E-02
  0.8887E-02
  0.6712E-02
  0.2579E-02
  0.6493E-02
  0.3159E-02
  0.4318E-02
  0.7456E-02
  0.7524E-02
  0.6175E-02
  0.2608E-02
  0.5270E-02
  0.2782E-02
  0.5669E-02
  0.6302E-02
  0.6388E-02
  0.5469E-02
  0.3448E-02
  0.2969E-02
  0.2766E-02
  0.2841E-02
  0.4398E-02
  0.6139E-02
  0.3364E-02
  0.6525E-02
  0.4100E-02
  0.4346E-02
  0.1889E-02
  0.5055E-02
  0.3637E-02
  0.2232E-02
  0.2725E-02
  0.4022E-02
  0.3848E-02
  0.4346E-02
  0.3646E-02
  0.2693E-02
  0.5888E-02
  0.5524E-02
  0.4395E-02
  0.2641E-02
  0.4399E-02
  0.4704E-02
  0.3830E-02
  0.2257E-02
  0.2300E-02
  0.2811E-02
  0.2198E-02
  0.3311E-02
  0.2924E-02
  0.4649E-02
  0.5444E-02
  0.5417E-02
  0.4038E-02
  0.5159E-02
  0.4857E-02
  0.3528E-02
  0.3120E-02
  0.3474E-02
  0.1803E-02
  0.1754E-02
  0.1982E-02
  0.2846E-02
  0.4008E-02
  0.4148E-02
  0.1413E-02
  0.4404E-02
  0.4467E-02
  0.2762E-02
  0.1707E-02
  0.3801E-02
  0.4379E-02
  0.3979E-02
  0.2821E-02
  0.5968E-03
  0.2678E-02
  0.3984E-02
  0.4827E-02
  0.5364E-02
  0.5629E-02
  0.6018E-02
  0.6210E-02
  0.6366E-02
  0.6424E-02
  0.6408E-02
  0.5693E-02
  0.6122E-02
  0.6136E-02
  0.5688E-02
  0.4791E-02
  0.4744E-02
  0.6227E-02
  0.6303E-02
  0.6123E-02
  0.3613E-02
  0.5460E-02
  0.4592E-02
  0.5775E-02
  0.5390E-02
  0.3845E-02
  0.4593E-02
  0.3532E-02
  0.4820E-02
  0.4518E-02
  0.3885E-02
  0.2904E-02
  0.1586E-02
  0.1722E-02
  0.2948E-02
  0.3621E-02
  0.3632E-02
  0.2438E-02
  0.1260E-02
  0.3101E-02
  0.3535E-02
  0.2037E-02
  0.2851E-02
  0.3815E-02
  0.3842E-02
  0.3457E-02
  0.2633E-02
  0.9807E-03
  0.1543E-02
  0.1321E-02
  0.2943E-02
  0.3344E-02
  0.3590E-02
  0.2839E-02
  0.3148E-02
  0.2239E-02
  0.1205E-02
  0.6860E-03
  0.1709E-02
  0.2376E-02
  0.1817E-02
  0.2961E-03
  0.1163E-02
  0.1596E-02
  0.2457E-02
  0.2929E-02
  0.3188E-02
  0.3203E-02
  0.2679E-02
  0.1431E-02
  0.2109E-02
  0.3008E-02
  0.3097E-02
  0.2661E-02
  0.1593E-02
  0.1453E-02
  0.1588E-02
  0.2299E-02
  0.2453E-02
  0.1155E-02
  0.1873E-02
  0.2722E-02
  0.2944E-02
  0.2069E-02
  0.2494E-02
  0.1867E-02
  0.1280E-02
  0.7293E-03
  0.1733E-02
  0.2360E-02
  0.2295E-02
  0.1769E-02
  0.2686E-02
  0.2586E-02
  0.2225E-02
  0.1423E-02
  0.9352E-03
  0.1301E-02
  0.1527E-02
  0.2201E-03
  0.8052E-03
  0.1922E-02
  0.1975E-02
  0.1619E-02
  0.9233E-03
  0.1921E-02
  0.2695E-02
  0.2164E-02
  0.2828E-02
  0.2797E-02
  0.1952E-02
  0.1149E-02
  0.1738E-02
  0.3677E-03
  0.7200E-03
  0.2088E-02
  0.2703E-02
  0.2944E-02
  0.2163E-02
  0.3215E-02
  0.3230E-02
  0.3157E-02
  0.2887E-02
  0.1254E-02
  0.2363E-02
  0.1785E-02
  0.1009E-02
  0.8256E-03
  0.1865E-02
  0.2039E-02
  0.1707E-02
  0.6422E-03
  0.1861E-02
  0.2222E-02
  0.1479E-02
  0.2539E-02
  0.2151E-02
  0.1675E-02
  0.5527E-03
  0.2091E-02
  0.1080E-02
  0.2331E-02
  0.2928E-02
  0.2986E-02
  0.2079E-02
  0.2003E-02
  0.2548E-02
  0.2638E-02
  0.1549E-02
  0.1469E-02
  0.2561E-02
  0.2956E-02
  0.2938E-02
  0.2325E-02
  0.1920E-02
  0.1868E-02
  0.6268E-03
  0.6653E-03
  0.1219E-02
  0.1856E-02
  0.2029E-02
  0.2707E-02
  0.2638E-02
  0.1973E-02
  0.1717E-02
  0.2854E-02
  0.2821E-02
  0.9351E-03
  0.3196E-02
  0.3195E-02
  0.2814E-02
  0.2175E-02
  0.1235E-02
  0.6219E-03
  0.1391E-02
  0.2061E-02
  0.1610E-02
  0.2585E-02
  0.1905E-02
  0.1003E-02
  0.1941E-02
  0.1198E-02
  0.3251E-02
  0.2964E-02
  0.3561E-02
  0.2726E-02
  0.3007E-02
  0.1943E-02
  0.1700E-02
  0.2420E-02
  0.3653E-02
  0.3993E-02
  0.4036E-02
  0.1833E-02
  0.4138E-02
  0.3924E-02
  0.3569E-02
  0.2937E-02
  0.2403E-02
  0.9481E-03
  0.1833E-02
  0.2148E-02
  0.1228E-02
  0.6077E-03
  0.1575E-02
  0.2438E-02
  0.2917E-02
  0.2952E-02
  0.2737E-02
  0.1732E-02
  0.2712E-02
  0.2763E-02
  0.2369E-02
  0.1680E-02
  0.7599E-03
  0.8902E-03
  0.1586E-02
  0.1590E-02
  0.1983E-02
  0.1819E-02
  0.8890E-03
  0.1239E-02
  0.1624E-02
  0.1651E-02
  0.1394E-02
  0.9414E-03
  0.3779E-03
  0.8462E-03
  0.1103E-02
  0.1095E-02
  0.7962E-03
  0.4853E-03
  0.4667E-03
  0.6715E-03
  0.7005E-03
  0.6320E-03
  0.6402E-03
  0.3058E-03
  0.3709E-03
  0.2840E-03
  0.6317E-03
  0.6598E-03
  0.5166E-03
  0.1407E-03
  0.1806E-03
  0.4359E-03
  0.4358E-03
  0.3226E-03
  0.4374E-03
  0.3283E-03
  0.3236E-03
  0.3560E-03
  0.4368E-03
  0.4072E-03
  0.2352E-03
  0.3168E-03
  0.1581E-03
  0.1216E-03
  0.3037E-03
  0.3078E-03
  0.3023E-03
  0.2340E-03
  0.2370E-03
  0.1707E-03
  0.1716E-03
  0.2705E-03
  0.2667E-03
  0.2393E-03
  0.1498E-03
  0.6150E-04
  0.1964E-03
  0.2279E-03
  0.2258E-03
  0.1810E-03
  0.5777E-04
  0.9180E-04
  0.1937E-03
  0.2163E-03
  0.2061E-03
  0.1364E-03
  0.4152E-04
  0.2067E-03
  0.2325E-03
  0.2297E-03
  0.2060E-03
  0.2140E-04
  0.5203E-04
  0.1430E-03
  0.1919E-03
  0.2301E-03
  0.2404E-03
  0.2352E-03
  0.1560E-03
  0.2450E-03
  0.3260E-03
  0.3774E-03
  0.3967E-03
  0.2034E-03
  0.2956E-03
  0.3175E-03
  0.2679E-03
  0.2033E-03
  0.2147E-03
  0.2531E-03
  0.2556E-03
  0.2177E-03
  0.1713E-03
  0.2411E-03
  0.2725E-03
  0.2423E-03
  0.1433E-03
  0.2452E-03
  0.3193E-03
  0.2681E-03
  0.2120E-03
  0.2668E-03
  0.4564E-03
  0.4868E-03
  0.3130E-03
  0.3301E-03
  0.6832E-03
  0.8387E-03
  0.5532E-03
  0.5045E-03
  0.1059E-02
  0.1283E-02
  0.6977E-03
  0.7562E-03
  0.1185E-02
  0.1199E-02
  0.6177E-03
  0.6872E-03
  0.7955E-03
  0.7487E-03
  0.6498E-03
  0.5528E-03
  0.3220E-03
  0.5151E-03
  0.6356E-03
  0.5483E-03
  0.3572E-03
  0.1390E-03
  0.1846E-03
  0.3043E-03
  0.2422E-03
  0.1874E-03
  0.1538E-03
  0.1948E-03
  0.2142E-03
  0.1872E-03
  0.1461E-03
  0.1437E-03
  0.1650E-03
  0.1703E-03
  0.1547E-03
  0.1063E-03
  0.1351E-03
  0.1510E-03
  0.1517E-03
  0.1408E-03
  0.6094E-04
  0.1323E-03
  0.1455E-03
  0.1427E-03
  0.6910E-05
  0.6160E-04
  0.1353E-03
  0.1345E-03
  0.5443E-04
  0.1446E-04
  0.1267E-03
  0.5154E-04
  0.1093E-03
  0.1078E-03
  0.1243E-03
  0.7269E-04
  0.9251E-04
  0.2025E-04
  0.7779E-04
  0.3098E-05
  0.8865E-04
  0.6545E-04
  0.1130E-04
  0.2763E-04
  0.5432E-04
  0.5649E-04
  0.4397E-04
  0.1508E-04
  0.9262E-05
  0.2758E-04
  0.4215E-04
  0.3630E-04
  0.1696E-04
  0.4139E-05
  0.2723E-04
  0.3963E-04
  0.4382E-04
  0.2702E-04
  0.3401E-05
  0.4210E-04
  0.1820E-04
  0.2744E-05
  0.5572E-05
  0.4895E-04
  0.4776E-04
  0.1204E-04
  0.2442E-04
  0.6048E-04
  0.7228E-04
  0.6554E-04
  0.2038E-04
  0.5897E-04
  0.8920E-04
  0.9140E-04
  0.2854E-04
  0.4674E-04
  0.9335E-04
  0.9584E-04
  0.9389E-04
  0.9639E-04
  0.3298E-04
  0.5372E-04
  0.9416E-04
  0.9709E-04
  0.9031E-04
  0.8491E-04
  0.7113E-04
  0.9055E-04
  0.9539E-04
  0.8647E-04
  0.8926E-04
  0.6190E-04
  0.8668E-04
  0.9277E-04
  0.8385E-04
  0.8815E-04
  0.5828E-04
  0.8478E-04
  0.9537E-04
  0.9992E-04
  0.9075E-04
  0.7038E-04
  0.6112E-04
  0.7308E-04
  0.8539E-04
  0.1053E-03
  0.1256E-03
  0.1261E-03
  0.9388E-04
  0.8070E-04
  0.1407E-03
  0.1763E-03
  0.1728E-03
  0.1419E-03
  0.1415E-03
  0.3104E-03
  0.2624E-03
  0.2535E-03
  0.3965E-03
  0.3797E-03
  0.2865E-03
  0.2742E-03
  0.2630E-03
  0.2807E-03
  0.1869E-03
  0.2841E-03
  0.3636E-03
  0.3368E-03
  0.2788E-03
  0.2389E-03
  0.3158E-03
  0.1385E-03
  0.2528E-03
  0.4056E-03
  0.7065E-03
  0.1223E-02
  0.1503E-02
  0.1422E-02
  0.1338E-02
  0.1633E-02
  0.1691E-02
  0.1722E-02
  0.1419E-02
  0.1636E-02
  0.1209E-02
  0.1111E-02
  0.1133E-02
  0.7313E-03
  0.9793E-03
  0.5772E-03
  0.4326E-03
  0.5200E-03
  0.2338E-03
  0.4213E-03
  0.3316E-03
  0.1342E-03
  0.2809E-03
  0.2366E-03
  0.1348E-03
  0.1984E-03
  0.1374E-03
  0.9117E-04
  0.1627E-03
  0.1173E-03
  0.5788E-04
  0.8017E-04
  0.9076E-04
  0.5730E-04
  0.6715E-04
  0.6508E-04
  0.5994E-04
  0.5061E-04
  0.4164E-04
  0.5479E-04
  0.5045E-04
  0.4923E-04
  0.4708E-04
  0.4307E-04
  0.4614E-04
  0.4569E-04
  0.2887E-04
  0.4116E-04
  0.3547E-04
  0.3437E-04
  0.5149E-05
  0.2905E-04
  0.3316E-04
  0.3757E-05
  0.2768E-04
  0.1484E-04
  0.1834E-05
  0.1073E-04
  0.8319E-05
  0.7440E-05
  0.2918E-05
  0.2348E-05
  0.6345E-05
  0.2134E-05
  0.3410E-05
  0.2184E-05
  0.2302E-05
  0.2576E-05
  0.4296E-06
  0.5690E-06
  0.1746E-05
  0.1774E-06
  0.3838E-06
  0.8352E-06
  0.1755E-06
  0.9136E-06
  0.5041E-06
  0.1596E-06
  0.5472E-06
  0.6495E-06
  0.2677E-06
  0.3647E-06
  0.5708E-06
  0.4320E-06
  0.1484E-06
  0.3918E-06
  0.5033E-06
  0.3825E-06
  0.1424E-06
  0.1410E-06
  0.4469E-06
  0.4671E-06
  0.2597E-06
  0.6655E-06
  0.4455E-06
  0.2031E-06
  0.1312E-06
  0.2402E-06
  0.2994E-06
  0.3661E-06
  0.3753E-06
  0.3579E-06
  0.1232E-06
  0.2820E-06
  0.2448E-06
  0.2316E-06
  0.2384E-06
  0.2591E-06
  0.2749E-06
  0.3369E-06
  0.4881E-06
  0.1733E-06
  0.1313E-06
  0.1099E-06
  0.1415E-06
  0.2156E-06
  0.1066E-06
  0.1343E-06
  0.1245E-06
  0.1033E-06
  0.1212E-06
  0.1609E-06
  0.1001E-06
  0.1031E-06
  0.9808E-07
  0.9707E-07
  0.1020E-06
  0.9778E-07
  0.9410E-07
  0.9381E-07
  0.9317E-07
  0.9121E-07
  0.9027E-07
  0.8934E-07
  0.8841E-07
  0.8750E-07
  0.8661E-07
  0.8571E-07
  0.8481E-07
  0.8394E-07
  0.8307E-07
  0.8221E-07
  0.8136E-07
  0.8052E-07
  0.8632E-07
  0.7886E-07
  0.7805E-07
  0.7724E-07
  0.7645E-07
  0.7565E-07
  0.7487E-07
  0.7409E-07
  0.7333E-07
  0.7257E-07
  0.7182E-07
  0.7107E-07
  0.7034E-07
  0.6962E-07
  0.6893E-07
  0.6832E-07
  0.6781E-07
  0.6720E-07
  0.6621E-07
  0.6540E-07
  0.6472E-07
  0.8500E-07
  0.1332E-06
  0.1605E-06
  0.1017E-06
  0.1983E-06
  0.2652E-06
  0.7789E-07
  0.3571E-06
  0.9086E-07
  0.4536E-06
  0.5387E-06
  0.6513E-06
  0.8022E-06
  0.1005E-05
  0.1280E-05
  0.1665E-05
  0.2224E-05
  0.3081E-05
  0.4381E-05
  0.8139E-05
  0.1067E-04
  0.1294E-04
  0.1453E-04
  0.1535E-04
  0.1597E-04
  0.1672E-04
  0.1813E-04
  0.1830E-04
  0.2979E-04
  0.4569E-04
  0.1842E-04
  0.5937E-04
  0.6887E-04
  0.2775E-04
  0.3935E-04
  0.6519E-04
  0.4717E-04
  0.1573E-04
  0.5093E-04
  0.7072E-04
  0.5550E-04
  0.2478E-04
  0.9291E-04
  0.2091E-03
  0.1258E-03
  0.8889E-04
  0.7802E-04
  0.6103E-04
  0.4057E-04
  0.2306E-04
  0.1445E-04
  0.2224E-04
  0.2942E-04
  0.3488E-04
  0.3939E-04
  0.4251E-04
  0.4502E-04
  0.4752E-04
  0.4865E-04
  0.4995E-04
  0.5053E-04
  0.4388E-04
  0.4689E-04
  0.9471E-04
  0.1585E-03
  0.1955E-03
  0.2410E-03
  0.3639E-03
  0.4996E-03
  0.5599E-03
  0.6846E-03
  0.6523E-03
  0.5395E-03
  0.5536E-03
  0.3607E-03
  0.2251E-03
  0.1977E-03
  0.1364E-03
  0.4927E-04
  0.4679E-04
  0.5186E-04
  0.3283E-04
  0.9591E-05
  0.1953E-04
  0.2199E-04
  0.1470E-04
  0.7952E-05
  0.1406E-04
  0.1454E-04
  0.9816E-05
  0.9531E-05
  0.1255E-04
  0.1121E-04
  0.1944E-05
  0.1058E-04
  0.1228E-04
  0.9226E-05
  0.9042E-05
  0.1571E-04
  0.1706E-04
  0.1533E-04
