 Spectral outgoing shortwave flux [W/m2/cm^-1]
  0.0000E+00
  0.5234E-18
  0.2811E-16
  0.3034E-15
  0.1659E-14
  0.6223E-14
  0.1836E-13
  0.4585E-13
  0.1014E-12
  0.2043E-12
  0.3821E-12
  0.6731E-12
  0.1129E-11
  0.1816E-11
  0.2819E-11
  0.4247E-11
  0.6230E-11
  0.8928E-11
  0.1253E-10
  0.1726E-10
  0.2339E-10
  0.3123E-10
  0.4113E-10
  0.5351E-10
  0.6882E-10
  0.8761E-10
  0.1105E-09
  0.1381E-09
  0.1711E-09
  0.2105E-09
  0.2570E-09
  0.3118E-09
  0.3760E-09
  0.4507E-09
  0.7550E-09
  0.7971E-07
  0.7519E-09
  0.8833E-09
  0.1033E-08
  0.1203E-08
  0.1398E-08
  0.1613E-08
  0.1858E-08
  0.2132E-08
  0.2440E-08
  0.9494E-04
  0.1961E-04
  0.9623E-06
  0.1900E-04
  0.4576E-08
  0.5148E-08
  0.5778E-08
  0.7114E-08
  0.7230E-08
  0.8060E-08
  0.8968E-08
  0.9958E-08
  0.1104E-07
  0.1221E-07
  0.1348E-07
  0.1486E-07
  0.1636E-07
  0.1797E-07
  0.1972E-07
  0.2160E-07
  0.2363E-07
  0.2581E-07
  0.2815E-07
  0.3066E-07
  0.3336E-07
  0.3624E-07
  0.3933E-07
  0.4262E-07
  0.4614E-07
  0.4990E-07
  0.5391E-07
  0.5817E-07
  0.6270E-07
  0.6752E-07
  0.7263E-07
  0.7806E-07
  0.8381E-07
  0.8991E-07
  0.9637E-07
  0.1032E-06
  0.1104E-06
  0.1180E-06
  0.1261E-06
  0.1346E-06
  0.1435E-06
  0.1529E-06
  0.1629E-06
  0.1733E-06
  0.1843E-06
  0.1958E-06
  0.2080E-06
  0.2207E-06
  0.2340E-06
  0.2480E-06
  0.2627E-06
  0.2781E-06
  0.2942E-06
  0.1231E-03
  0.4248E-06
  0.3470E-06
  0.3662E-06
  0.3866E-06
  0.1147E-03
  0.3892E-03
  0.1127E-04
  0.4758E-06
  0.5006E-06
  0.1499E-04
  0.2358E-03
  0.5108E-03
  0.4775E-03
  0.3748E-03
  0.3647E-03
  0.1267E-03
  0.7414E-06
  0.7754E-06
  0.8111E-06
  0.8492E-06
  0.8887E-06
  0.9297E-06
  0.9721E-06
  0.1016E-05
  0.1062E-05
  0.1109E-05
  0.1158E-05
  0.1208E-05
  0.1261E-05
  0.1315E-05
  0.1371E-05
  0.1429E-05
  0.1489E-05
  0.1551E-05
  0.1615E-05
  0.1681E-05
  0.1749E-05
  0.1819E-05
  0.1892E-05
  0.1967E-05
  0.2044E-05
  0.2124E-05
  0.2206E-05
  0.2290E-05
  0.2378E-05
  0.2467E-05
  0.2560E-05
  0.2655E-05
  0.2753E-05
  0.2854E-05
  0.2958E-05
  0.3065E-05
  0.3174E-05
  0.3287E-05
  0.3403E-05
  0.3523E-05
  0.3645E-05
  0.3771E-05
  0.3901E-05
  0.4054E-05
  0.4170E-05
  0.4311E-05
  0.3728E-04
  0.1338E-04
  0.2547E-03
  0.1158E-03
  0.9058E-03
  0.2826E-03
  0.1257E-02
  0.1067E-02
  0.1379E-02
  0.1321E-02
  0.1233E-02
  0.1110E-02
  0.7496E-04
  0.9411E-03
  0.1043E-02
  0.4705E-03
  0.3939E-03
  0.1312E-03
  0.2367E-04
  0.1004E-04
  0.1033E-04
  0.1085E-04
  0.1231E-04
  0.1140E-04
  0.1176E-04
  0.1216E-04
  0.1241E-04
  0.1283E-04
  0.1324E-04
  0.1354E-04
  0.1404E-04
  0.1434E-04
  0.1475E-04
  0.1522E-04
  0.1571E-04
  0.1607E-04
  0.1650E-04
  0.1694E-04
  0.1754E-04
  0.1816E-04
  0.1814E-04
  0.1867E-04
  0.1944E-04
  0.2015E-04
  0.2064E-04
  0.2122E-04
  0.2144E-04
  0.2244E-04
  0.2177E-04
  0.2346E-04
  0.2415E-04
  0.2470E-04
  0.2525E-04
  0.2606E-04
  0.2652E-04
  0.2633E-04
  0.2810E-04
  0.2865E-04
  0.2937E-04
  0.2990E-04
  0.5647E-04
  0.5713E-03
  0.1132E-03
  0.4987E-03
  0.9987E-03
  0.1612E-02
  0.1789E-02
  0.1204E-02
  0.5174E-03
  0.2601E-03
  0.4337E-03
  0.1785E-02
  0.5773E-03
  0.1051E-03
  0.4497E-04
  0.4316E-04
  0.4448E-04
  0.4475E-04
  0.4515E-04
  0.4559E-04
  0.4815E-04
  0.4918E-04
  0.4881E-04
  0.5003E-04
  0.5176E-04
  0.5266E-04
  0.5403E-04
  0.5357E-04
  0.5483E-04
  0.5603E-04
  0.5754E-04
  0.2042E-03
  0.1371E-02
  0.1844E-03
  0.6211E-04
  0.6274E-04
  0.6366E-04
  0.6549E-04
  0.8417E-03
  0.9940E-03
  0.2587E-03
  0.1085E-03
  0.7110E-04
  0.7271E-04
  0.7189E-04
  0.7433E-04
  0.7463E-04
  0.7680E-04
  0.7789E-04
  0.7990E-04
  0.7974E-04
  0.8187E-04
  0.8215E-04
  0.8437E-04
  0.8570E-04
  0.8546E-04
  0.8740E-04
  0.8963E-04
  0.9004E-04
  0.9239E-04
  0.9304E-04
  0.9507E-04
  0.9648E-04
  0.9773E-04
  0.9892E-04
  0.1004E-03
  0.1017E-03
  0.1025E-03
  0.1044E-03
  0.1060E-03
  0.1071E-03
  0.1092E-03
  0.1110E-03
  0.1119E-03
  0.1138E-03
  0.1151E-03
  0.1500E-03
  0.1192E-03
  0.1199E-03
  0.1199E-03
  0.2217E-03
  0.8467E-03
  0.1769E-02
  0.1393E-03
  0.1303E-03
  0.1313E-03
  0.1271E-02
  0.2292E-02
  0.2263E-02
  0.2443E-02
  0.2002E-02
  0.4772E-03
  0.6596E-03
  0.1220E-02
  0.1217E-02
  0.2163E-02
  0.2042E-02
  0.2427E-03
  0.1671E-03
  0.1561E-03
  0.1587E-03
  0.1597E-03
  0.1628E-03
  0.1651E-03
  0.1687E-03
  0.1673E-03
  0.1675E-03
  0.1701E-03
  0.3922E-03
  0.1613E-02
  0.9084E-03
  0.1483E-02
  0.1505E-02
  0.8008E-03
  0.1190E-02
  0.1350E-02
  0.6474E-03
  0.1267E-02
  0.7492E-03
  0.4534E-03
  0.2316E-03
  0.2059E-03
  0.2057E-03
  0.2084E-03
  0.2100E-03
  0.2105E-03
  0.2119E-03
  0.2178E-03
  0.2186E-03
  0.2205E-03
  0.2221E-03
  0.2287E-03
  0.2285E-03
  0.2337E-03
  0.2370E-03
  0.3453E-03
  0.1180E-02
  0.5598E-03
  0.1215E-02
  0.1466E-02
  0.1556E-02
  0.1619E-02
  0.1750E-02
  0.8215E-03
  0.1767E-02
  0.1933E-02
  0.1478E-02
  0.1338E-02
  0.1586E-02
  0.1193E-02
  0.2874E-03
  0.3035E-03
  0.2079E-02
  0.1387E-02
  0.3976E-03
  0.2980E-03
  0.3015E-03
  0.2171E-02
  0.1802E-02
  0.3762E-03
  0.5802E-03
  0.1816E-02
  0.2292E-02
  0.2302E-02
  0.2258E-02
  0.2297E-02
  0.2276E-02
  0.2245E-02
  0.2254E-02
  0.2208E-02
  0.2196E-02
  0.2077E-02
  0.2241E-02
  0.2099E-02
  0.1994E-02
  0.2222E-02
  0.2210E-02
  0.2207E-02
  0.2214E-02
  0.2155E-02
  0.1996E-02
  0.1508E-02
  0.1803E-02
  0.1130E-02
  0.1504E-02
  0.6707E-03
  0.6852E-03
  0.6484E-03
  0.1192E-02
  0.6686E-03
  0.7844E-03
  0.4545E-03
  0.5167E-03
  0.4561E-03
  0.4310E-03
  0.4408E-03
  0.4465E-03
  0.4500E-03
  0.4501E-03
  0.4496E-03
  0.4715E-03
  0.4655E-03
  0.4671E-03
  0.4756E-03
  0.4783E-03
  0.5356E-03
  0.1035E-02
  0.9850E-03
  0.9374E-03
  0.8421E-03
  0.1359E-02
  0.1183E-02
  0.1249E-02
  0.1060E-02
  0.9016E-03
  0.8277E-03
  0.8472E-03
  0.1099E-02
  0.6281E-03
  0.5672E-03
  0.6138E-03
  0.1130E-02
  0.1643E-02
  0.1997E-02
  0.2045E-02
  0.2036E-02
  0.2028E-02
  0.2100E-02
  0.2064E-02
  0.2012E-02
  0.2073E-02
  0.2025E-02
  0.1945E-02
  0.1436E-02
  0.1073E-02
  0.6358E-03
  0.1927E-02
  0.1990E-02
  0.2092E-02
  0.2047E-02
  0.2016E-02
  0.1988E-02
  0.1972E-02
  0.1609E-02
  0.1899E-02
  0.1848E-02
  0.1957E-02
  0.1992E-02
  0.2002E-02
  0.1892E-02
  0.1922E-02
  0.1917E-02
  0.1898E-02
  0.1791E-02
  0.1808E-02
  0.1680E-02
  0.1669E-02
  0.1437E-02
  0.8830E-03
  0.1121E-02
  0.1411E-02
  0.1070E-02
  0.1741E-02
  0.8363E-03
  0.1328E-02
  0.1249E-02
  0.1258E-02
  0.1661E-02
  0.1810E-02
  0.1806E-02
  0.1906E-02
  0.1918E-02
  0.1820E-02
  0.1785E-02
  0.1832E-02
  0.1835E-02
  0.1883E-02
  0.1647E-02
  0.1849E-02
  0.1726E-02
  0.1792E-02
  0.1705E-02
  0.1120E-02
  0.1854E-02
  0.1815E-02
  0.1627E-02
  0.1031E-02
  0.1886E-02
  0.1888E-02
  0.1879E-02
  0.1914E-02
  0.1858E-02
  0.1898E-02
  0.1877E-02
  0.1889E-02
  0.1884E-02
  0.1885E-02
  0.1835E-02
  0.1900E-02
  0.1896E-02
  0.1863E-02
  0.1892E-02
  0.1880E-02
  0.1904E-02
  0.1889E-02
  0.1897E-02
  0.1878E-02
  0.1865E-02
  0.1866E-02
  0.1885E-02
  0.1881E-02
  0.1875E-02
  0.1848E-02
  0.1855E-02
  0.1788E-02
  0.1825E-02
  0.1786E-02
  0.1807E-02
  0.1671E-02
  0.1786E-02
  0.1572E-02
  0.1658E-02
  0.1639E-02
  0.1433E-02
  0.1513E-02
  0.1439E-02
  0.1208E-02
  0.1213E-02
  0.1463E-02
  0.1714E-02
  0.1192E-02
  0.1284E-02
  0.1471E-02
  0.1708E-02
  0.1747E-02
  0.1807E-02
  0.1817E-02
  0.1813E-02
  0.1830E-02
  0.1820E-02
  0.1859E-02
  0.1823E-02
  0.1854E-02
  0.1824E-02
  0.1740E-02
  0.1755E-02
  0.1726E-02
  0.1739E-02
  0.1839E-02
  0.1818E-02
  0.1735E-02
  0.1703E-02
  0.1765E-02
  0.1835E-02
  0.1860E-02
  0.1874E-02
  0.1876E-02
  0.1887E-02
  0.1859E-02
  0.1855E-02
  0.1862E-02
  0.1859E-02
  0.1854E-02
  0.1838E-02
  0.1862E-02
  0.1878E-02
  0.1884E-02
  0.1875E-02
  0.1890E-02
  0.1890E-02
  0.1877E-02
  0.1882E-02
  0.1880E-02
  0.1866E-02
  0.1862E-02
  0.1830E-02
  0.1857E-02
  0.1841E-02
  0.1852E-02
  0.1886E-02
  0.1864E-02
  0.1830E-02
  0.1868E-02
  0.1759E-02
  0.1510E-02
  0.1800E-02
  0.1860E-02
  0.1881E-02
  0.1864E-02
  0.1904E-02
  0.1805E-02
  0.1881E-02
  0.1873E-02
  0.1859E-02
  0.1887E-02
  0.1915E-02
  0.1889E-02
  0.1904E-02
  0.1871E-02
  0.1906E-02
  0.1894E-02
  0.1936E-02
  0.1945E-02
  0.1904E-02
  0.1925E-02
  0.1917E-02
  0.1917E-02
  0.1915E-02
  0.1906E-02
  0.1928E-02
  0.1945E-02
  0.1955E-02
  0.1967E-02
  0.1951E-02
  0.1901E-02
  0.1888E-02
  0.1914E-02
  0.1958E-02
  0.1955E-02
  0.1986E-02
  0.1960E-02
  0.1972E-02
  0.1958E-02
  0.1880E-02
  0.1915E-02
  0.1976E-02
  0.1921E-02
  0.1978E-02
  0.1985E-02
  0.2009E-02
  0.1974E-02
  0.2011E-02
  0.1993E-02
  0.2044E-02
  0.2015E-02
  0.2021E-02
  0.2039E-02
  0.2044E-02
  0.1998E-02
  0.1974E-02
  0.1991E-02
  0.2015E-02
  0.2025E-02
  0.2037E-02
  0.2027E-02
  0.2056E-02
  0.2026E-02
  0.2021E-02
  0.2064E-02
  0.2037E-02
  0.2065E-02
  0.2048E-02
  0.2052E-02
  0.1826E-02
  0.1933E-02
  0.2087E-02
  0.2094E-02
  0.2036E-02
  0.2082E-02
  0.2126E-02
  0.2125E-02
  0.2147E-02
  0.2129E-02
  0.2105E-02
  0.2114E-02
  0.2097E-02
  0.2056E-02
  0.2125E-02
  0.2136E-02
  0.2111E-02
  0.2112E-02
  0.2166E-02
  0.2164E-02
  0.2178E-02
  0.2129E-02
  0.2017E-02
  0.2084E-02
  0.2120E-02
  0.2085E-02
  0.2151E-02
  0.2132E-02
  0.2051E-02
  0.2099E-02
  0.2144E-02
  0.2138E-02
  0.2210E-02
  0.2138E-02
  0.2112E-02
  0.2139E-02
  0.2103E-02
  0.2062E-02
  0.2118E-02
  0.2108E-02
  0.2146E-02
  0.2217E-02
  0.2227E-02
  0.2240E-02
  0.2214E-02
  0.2156E-02
  0.2243E-02
  0.2171E-02
  0.2223E-02
  0.2228E-02
  0.2192E-02
  0.2223E-02
  0.2172E-02
  0.2244E-02
  0.2248E-02
  0.2243E-02
  0.2199E-02
  0.2238E-02
  0.2153E-02
  0.2233E-02
  0.2195E-02
  0.2092E-02
  0.2121E-02
  0.2178E-02
  0.2239E-02
  0.2250E-02
  0.2181E-02
  0.2258E-02
  0.2334E-02
  0.2252E-02
  0.2223E-02
  0.2210E-02
  0.2061E-02
  0.2244E-02
  0.2301E-02
  0.2341E-02
  0.2225E-02
  0.2316E-02
  0.2315E-02
  0.2188E-02
  0.2027E-02
  0.2000E-02
  0.2260E-02
  0.2272E-02
  0.2294E-02
  0.2272E-02
  0.2145E-02
  0.2149E-02
  0.2222E-02
  0.2200E-02
  0.2201E-02
  0.2162E-02
  0.2146E-02
  0.1843E-02
  0.2135E-02
  0.1687E-02
  0.2073E-02
  0.2288E-02
  0.2190E-02
  0.2173E-02
  0.2232E-02
  0.2222E-02
  0.2219E-02
  0.2437E-02
  0.2310E-02
  0.2295E-02
  0.2249E-02
  0.2343E-02
  0.2192E-02
  0.2182E-02
  0.2314E-02
  0.2339E-02
  0.2486E-02
  0.2353E-02
  0.2414E-02
  0.2210E-02
  0.2399E-02
  0.2302E-02
  0.2234E-02
  0.2219E-02
  0.2296E-02
  0.2220E-02
  0.2423E-02
  0.2412E-02
  0.2206E-02
  0.2441E-02
  0.2464E-02
  0.2450E-02
  0.2409E-02
  0.2472E-02
  0.2493E-02
  0.2425E-02
  0.2380E-02
  0.2422E-02
  0.2199E-02
  0.2378E-02
  0.2405E-02
  0.2533E-02
  0.2561E-02
  0.2279E-02
  0.2357E-02
  0.2461E-02
  0.2325E-02
  0.2278E-02
  0.1888E-02
  0.2207E-02
  0.2432E-02
  0.2495E-02
  0.2470E-02
  0.2523E-02
  0.2555E-02
  0.2558E-02
  0.2590E-02
  0.2554E-02
  0.2570E-02
  0.2586E-02
  0.2540E-02
  0.2513E-02
  0.2597E-02
  0.2607E-02
  0.2524E-02
  0.2455E-02
  0.2550E-02
  0.2584E-02
  0.2573E-02
  0.2576E-02
  0.2527E-02
  0.2482E-02
  0.2560E-02
  0.2543E-02
  0.2474E-02
  0.2379E-02
  0.2401E-02
  0.2531E-02
  0.2510E-02
  0.2460E-02
  0.2462E-02
  0.2557E-02
  0.2387E-02
  0.2491E-02
  0.2546E-02
  0.2456E-02
  0.2459E-02
  0.2608E-02
  0.2459E-02
  0.2572E-02
  0.2616E-02
  0.2564E-02
  0.2553E-02
  0.2615E-02
  0.2527E-02
  0.2513E-02
  0.2538E-02
  0.2585E-02
  0.2443E-02
  0.2569E-02
  0.2635E-02
  0.2593E-02
  0.2605E-02
  0.2494E-02
  0.2513E-02
  0.2492E-02
  0.2593E-02
  0.2492E-02
  0.2338E-02
  0.2369E-02
  0.2537E-02
  0.2580E-02
  0.2637E-02
  0.2677E-02
  0.2552E-02
  0.2464E-02
  0.2479E-02
  0.2503E-02
  0.2390E-02
  0.2537E-02
  0.2454E-02
  0.2389E-02
  0.2182E-02
  0.2165E-02
  0.2383E-02
  0.2437E-02
  0.2420E-02
  0.2391E-02
  0.2325E-02
  0.2400E-02
  0.2492E-02
  0.2283E-02
  0.2340E-02
  0.2127E-02
  0.2099E-02
  0.2214E-02
  0.2239E-02
  0.2063E-02
  0.1902E-02
  0.2101E-02
  0.2031E-02
  0.2205E-02
  0.2354E-02
  0.2318E-02
  0.2043E-02
  0.2003E-02
  0.1928E-02
  0.1666E-02
  0.2162E-02
  0.2252E-02
  0.1770E-02
  0.2226E-02
  0.2132E-02
  0.1441E-02
  0.1371E-02
  0.1485E-02
  0.1694E-02
  0.1837E-02
  0.1758E-02
  0.1954E-02
  0.2026E-02
  0.1858E-02
  0.1966E-02
  0.2177E-02
  0.1941E-02
  0.2057E-02
  0.2068E-02
  0.2083E-02
  0.2198E-02
  0.2015E-02
  0.2131E-02
  0.1995E-02
  0.1814E-02
  0.2185E-02
  0.1970E-02
  0.2109E-02
  0.2213E-02
  0.2026E-02
  0.1957E-02
  0.2054E-02
  0.2006E-02
  0.1998E-02
  0.2079E-02
  0.1971E-02
  0.1938E-02
  0.2079E-02
  0.2160E-02
  0.2130E-02
  0.2043E-02
  0.2160E-02
  0.2086E-02
  0.2009E-02
  0.2164E-02
  0.1936E-02
  0.2054E-02
  0.2132E-02
  0.2135E-02
  0.2180E-02
  0.2123E-02
  0.2124E-02
  0.1770E-02
  0.1740E-02
  0.2006E-02
  0.2108E-02
  0.2068E-02
  0.2018E-02
  0.1913E-02
  0.1910E-02
  0.1921E-02
  0.1860E-02
  0.1882E-02
  0.1909E-02
  0.1964E-02
  0.1991E-02
  0.1884E-02
  0.2022E-02
  0.2039E-02
  0.1947E-02
  0.2029E-02
  0.2074E-02
  0.2088E-02
  0.2061E-02
  0.2051E-02
  0.1993E-02
  0.1931E-02
  0.1968E-02
  0.1898E-02
  0.1901E-02
  0.1850E-02
  0.1738E-02
  0.1624E-02
  0.1365E-02
  0.1023E-02
  0.7876E-03
  0.8956E-03
  0.1169E-02
  0.1401E-02
  0.1454E-02
  0.1402E-02
  0.1242E-02
  0.1057E-02
  0.8080E-03
  0.6286E-03
  0.7683E-03
  0.1047E-02
  0.1224E-02
  0.1378E-02
  0.1497E-02
  0.1517E-02
  0.1405E-02
  0.1380E-02
  0.1390E-02
  0.1377E-02
  0.1275E-02
  0.1127E-02
  0.1098E-02
  0.1082E-02
  0.1117E-02
  0.1053E-02
  0.1073E-02
  0.1129E-02
  0.1039E-02
  0.9884E-03
  0.1076E-02
  0.1130E-02
  0.1117E-02
  0.1003E-02
  0.8148E-03
  0.7575E-03
  0.7324E-03
  0.7621E-03
  0.8404E-03
  0.9311E-03
  0.1049E-02
  0.1161E-02
  0.1351E-02
  0.1369E-02
  0.1356E-02
  0.1175E-02
  0.1184E-02
  0.1270E-02
  0.1311E-02
  0.1503E-02
  0.1560E-02
  0.1523E-02
  0.1455E-02
  0.1326E-02
  0.1233E-02
  0.1234E-02
  0.1181E-02
  0.1255E-02
  0.1191E-02
  0.9668E-03
  0.9399E-03
  0.1077E-02
  0.1030E-02
  0.8922E-03
  0.1071E-02
  0.1190E-02
  0.1184E-02
  0.1066E-02
  0.1269E-02
  0.1437E-02
  0.1339E-02
  0.1223E-02
  0.1289E-02
  0.1447E-02
  0.1431E-02
  0.1407E-02
  0.1366E-02
  0.1256E-02
  0.1296E-02
  0.1271E-02
  0.1343E-02
  0.1398E-02
  0.1371E-02
  0.1379E-02
  0.1410E-02
  0.1443E-02
  0.1403E-02
  0.1327E-02
  0.1169E-02
  0.1086E-02
  0.1163E-02
  0.1216E-02
  0.1149E-02
  0.1073E-02
  0.1101E-02
  0.1239E-02
  0.1121E-02
  0.9724E-03
  0.1007E-02
  0.1032E-02
  0.9739E-03
  0.1004E-02
  0.1052E-02
  0.1164E-02
  0.1183E-02
  0.1106E-02
  0.9878E-03
  0.8127E-03
  0.7293E-03
  0.7307E-03
  0.8460E-03
  0.9086E-03
  0.8536E-03
  0.8677E-03
  0.9400E-03
  0.1072E-02
  0.1083E-02
  0.1103E-02
  0.1145E-02
  0.1221E-02
  0.1229E-02
  0.1207E-02
  0.1212E-02
  0.1173E-02
  0.1120E-02
  0.1082E-02
  0.1006E-02
  0.9453E-03
  0.1021E-02
  0.1103E-02
  0.1048E-02
  0.1045E-02
  0.1124E-02
  0.1142E-02
  0.1170E-02
  0.1114E-02
  0.9759E-03
  0.9744E-03
  0.9333E-03
  0.1013E-02
  0.9782E-03
  0.9893E-03
  0.9530E-03
  0.8985E-03
  0.9793E-03
  0.1045E-02
  0.9890E-03
  0.9719E-03
  0.9093E-03
  0.9619E-03
  0.9964E-03
  0.1008E-02
  0.9382E-03
  0.8259E-03
  0.7511E-03
  0.8439E-03
  0.9628E-03
  0.1029E-02
  0.1083E-02
  0.1049E-02
  0.1027E-02
  0.1023E-02
  0.1024E-02
  0.9313E-03
  0.9186E-03
  0.9673E-03
  0.9845E-03
  0.1038E-02
  0.1094E-02
  0.1068E-02
  0.9849E-03
  0.9263E-03
  0.9688E-03
  0.9920E-03
  0.9507E-03
  0.9121E-03
  0.9050E-03
  0.9209E-03
  0.8079E-03
  0.7708E-03
  0.8207E-03
  0.8705E-03
  0.7804E-03
  0.8633E-03
  0.1006E-02
  0.1018E-02
  0.9893E-03
  0.1001E-02
  0.1022E-02
  0.9835E-03
  0.9503E-03
  0.8945E-03
  0.9556E-03
  0.9631E-03
  0.9628E-03
  0.9697E-03
  0.9602E-03
  0.9959E-03
  0.9961E-03
  0.9604E-03
  0.9850E-03
  0.9762E-03
  0.9720E-03
  0.1029E-02
  0.1134E-02
  0.1119E-02
  0.1103E-02
  0.1078E-02
  0.1002E-02
  0.9285E-03
  0.9394E-03
  0.9428E-03
  0.9332E-03
  0.9506E-03
  0.9638E-03
  0.9629E-03
  0.1001E-02
  0.9750E-03
  0.9802E-03
  0.1002E-02
  0.9673E-03
  0.8998E-03
  0.8181E-03
  0.7694E-03
  0.7637E-03
  0.7737E-03
  0.7535E-03
  0.7203E-03
  0.6621E-03
  0.6382E-03
  0.6234E-03
  0.5921E-03
  0.6274E-03
  0.6865E-03
  0.7219E-03
  0.7136E-03
  0.6454E-03
  0.6170E-03
  0.6611E-03
  0.7579E-03
  0.8134E-03
  0.7928E-03
  0.7573E-03
  0.7073E-03
  0.6603E-03
  0.6233E-03
  0.6899E-03
  0.6670E-03
  0.6270E-03
  0.5945E-03
  0.6231E-03
  0.7180E-03
  0.7792E-03
  0.7867E-03
  0.7263E-03
  0.6519E-03
  0.6118E-03
  0.5428E-03
  0.4991E-03
  0.5483E-03
  0.6181E-03
  0.6501E-03
  0.6599E-03
  0.6104E-03
  0.5532E-03
  0.6426E-03
  0.6909E-03
  0.6836E-03
  0.6512E-03
  0.6399E-03
  0.6408E-03
  0.6306E-03
  0.6111E-03
  0.6115E-03
  0.5977E-03
  0.6348E-03
  0.6981E-03
  0.7208E-03
  0.7180E-03
  0.7085E-03
  0.6415E-03
  0.5498E-03
  0.4434E-03
  0.4475E-03
  0.4425E-03
  0.4472E-03
  0.4660E-03
  0.5249E-03
  0.5613E-03
  0.5723E-03
  0.5512E-03
  0.5854E-03
  0.5702E-03
  0.5563E-03
  0.5678E-03
  0.5574E-03
  0.5021E-03
  0.5127E-03
  0.5211E-03
  0.4878E-03
  0.4500E-03
  0.5234E-03
  0.5577E-03
  0.5653E-03
  0.5304E-03
  0.5479E-03
  0.5434E-03
  0.5014E-03
  0.5113E-03
  0.5270E-03
  0.5647E-03
  0.5565E-03
  0.5372E-03
  0.5086E-03
  0.4538E-03
  0.3995E-03
  0.3438E-03
  0.3387E-03
  0.3873E-03
  0.4118E-03
  0.4098E-03
  0.3869E-03
  0.3536E-03
  0.3660E-03
  0.3177E-03
  0.3264E-03
  0.3982E-03
  0.4205E-03
  0.4093E-03
  0.4480E-03
  0.4342E-03
  0.3812E-03
  0.3416E-03
  0.3534E-03
  0.4141E-03
  0.4797E-03
  0.4916E-03
  0.4381E-03
  0.3890E-03
  0.3587E-03
  0.3585E-03
  0.3973E-03
  0.4766E-03
  0.4816E-03
  0.4701E-03
  0.4736E-03
  0.4734E-03
  0.4613E-03
  0.4257E-03
  0.3938E-03
  0.4560E-03
  0.4473E-03
  0.4258E-03
  0.4160E-03
  0.4336E-03
  0.4634E-03
  0.4825E-03
  0.4538E-03
  0.4062E-03
  0.4090E-03
  0.4268E-03
  0.4599E-03
  0.4667E-03
  0.4716E-03
  0.4845E-03
  0.4969E-03
  0.4969E-03
  0.4935E-03
  0.5056E-03
  0.5173E-03
  0.4975E-03
  0.4932E-03
  0.4540E-03
  0.4144E-03
  0.3769E-03
  0.3431E-03
  0.3227E-03
  0.3052E-03
  0.2892E-03
  0.2362E-03
  0.1994E-03
  0.2159E-03
  0.2445E-03
  0.2574E-03
  0.2719E-03
  0.2800E-03
  0.2481E-03
  0.2422E-03
  0.2379E-03
  0.2242E-03
  0.2027E-03
  0.1735E-03
  0.1368E-03
  0.1049E-03
  0.8317E-04
  0.8796E-04
  0.1123E-03
  0.1434E-03
  0.1722E-03
  0.1893E-03
  0.2042E-03
  0.2211E-03
  0.2200E-03
  0.2168E-03
  0.2336E-03
  0.2380E-03
  0.2304E-03
  0.2211E-03
  0.2195E-03
  0.2185E-03
  0.2088E-03
  0.1965E-03
  0.1825E-03
  0.1667E-03
  0.1470E-03
  0.1276E-03
  0.1119E-03
  0.9080E-04
  0.7367E-04
  0.6459E-04
  0.6091E-04
  0.5927E-04
  0.5845E-04
  0.6321E-04
  0.7066E-04
  0.8239E-04
  0.9731E-04
  0.1123E-03
  0.1234E-03
  0.1285E-03
  0.1329E-03
  0.1420E-03
  0.1583E-03
  0.1770E-03
  0.1878E-03
  0.1925E-03
  0.1901E-03
  0.1863E-03
  0.1957E-03
  0.1872E-03
  0.1805E-03
  0.1801E-03
  0.1723E-03
  0.1309E-03
  0.1297E-03
  0.1294E-03
  0.1168E-03
  0.9752E-04
  0.9547E-04
  0.9582E-04
  0.9772E-04
  0.1010E-03
  0.1060E-03
  0.1160E-03
  0.1305E-03
  0.1464E-03
  0.1614E-03
  0.1719E-03
  0.1520E-03
  0.1384E-03
  0.1341E-03
  0.1295E-03
  0.1176E-03
  0.1288E-03
  0.1455E-03
  0.1592E-03
  0.1812E-03
  0.1842E-03
  0.1843E-03
  0.1881E-03
  0.1955E-03
  0.2012E-03
  0.2018E-03
  0.1947E-03
  0.1787E-03
  0.1653E-03
  0.1685E-03
  0.1741E-03
  0.1703E-03
  0.1676E-03
  0.1766E-03
  0.1829E-03
  0.1791E-03
  0.1829E-03
  0.1772E-03
  0.1747E-03
  0.1836E-03
  0.1930E-03
  0.1810E-03
  0.1694E-03
  0.1728E-03
  0.1771E-03
  0.1787E-03
  0.1778E-03
  0.1766E-03
  0.1864E-03
  0.1903E-03
  0.1918E-03
  0.1959E-03
  0.1860E-03
  0.1733E-03
  0.1621E-03
  0.1560E-03
  0.1644E-03
  0.1796E-03
  0.1906E-03
  0.1743E-03
  0.1697E-03
  0.1607E-03
  0.1357E-03
  0.1140E-03
  0.9019E-04
  0.7127E-04
  0.6927E-04
  0.6875E-04
  0.7157E-04
  0.7669E-04
  0.7578E-04
  0.7489E-04
  0.7275E-04
  0.6726E-04
  0.6330E-04
  0.5776E-04
  0.5274E-04
  0.5840E-04
  0.5708E-04
  0.5441E-04
  0.5835E-04
  0.6496E-04
  0.6444E-04
  0.5588E-04
  0.5438E-04
  0.6168E-04
  0.7057E-04
  0.7028E-04
  0.7832E-04
  0.8563E-04
  0.8475E-04
  0.7431E-04
  0.7279E-04
  0.8289E-04
  0.9443E-04
  0.9359E-04
  0.8409E-04
  0.7310E-04
  0.7646E-04
  0.8258E-04
  0.8160E-04
  0.7934E-04
  0.7614E-04
  0.7161E-04
  0.6395E-04
  0.5754E-04
  0.5414E-04
  0.5625E-04
  0.5492E-04
  0.5123E-04
  0.5081E-04
  0.4966E-04
  0.4680E-04
  0.4066E-04
  0.3753E-04
  0.3626E-04
  0.3580E-04
  0.3575E-04
  0.3539E-04
  0.3402E-04
  0.3312E-04
  0.3230E-04
  0.3133E-04
  0.3125E-04
  0.3111E-04
  0.3009E-04
  0.2650E-04
  0.2417E-04
  0.2536E-04
  0.2403E-04
  0.2328E-04
  0.2489E-04
  0.2454E-04
  0.2380E-04
  0.2362E-04
  0.2468E-04
  0.2653E-04
  0.2917E-04
  0.3154E-04
  0.3212E-04
  0.2891E-04
  0.3076E-04
  0.3342E-04
  0.3220E-04
  0.3356E-04
  0.3556E-04
  0.3487E-04
  0.3425E-04
  0.3314E-04
  0.2904E-04
  0.2501E-04
  0.2188E-04
  0.2200E-04
  0.2304E-04
  0.2425E-04
  0.2298E-04
  0.2314E-04
  0.2674E-04
  0.2800E-04
  0.2882E-04
  0.3067E-04
  0.3038E-04
  0.2933E-04
  0.2994E-04
  0.2999E-04
  0.2936E-04
  0.2827E-04
  0.2719E-04
  0.2627E-04
  0.2554E-04
  0.2540E-04
  0.2658E-04
  0.2696E-04
  0.2689E-04
  0.2691E-04
  0.2696E-04
  0.2714E-04
  0.2837E-04
  0.2968E-04
  0.3066E-04
  0.3215E-04
  0.3400E-04
  0.3623E-04
  0.3628E-04
  0.3435E-04
  0.3507E-04
  0.3549E-04
  0.3383E-04
  0.3403E-04
  0.3538E-04
  0.3715E-04
  0.3833E-04
  0.3860E-04
  0.3795E-04
  0.3714E-04
  0.3678E-04
  0.3701E-04
  0.3747E-04
  0.3570E-04
  0.3341E-04
  0.3109E-04
  0.2785E-04
  0.2429E-04
  0.2206E-04
  0.2155E-04
  0.2355E-04
  0.2265E-04
  0.2086E-04
  0.2168E-04
  0.2317E-04
  0.2503E-04
  0.2421E-04
  0.2251E-04
  0.2214E-04
  0.2235E-04
  0.2322E-04
  0.2565E-04
  0.2793E-04
  0.2638E-04
  0.2524E-04
  0.2543E-04
  0.2492E-04
  0.2375E-04
  0.2084E-04
  0.1954E-04
  0.2158E-04
  0.2460E-04
  0.2758E-04
  0.2657E-04
  0.2551E-04
  0.2622E-04
  0.2738E-04
  0.2859E-04
  0.2710E-04
  0.2527E-04
  0.2482E-04
  0.2551E-04
  0.2736E-04
  0.2614E-04
  0.2414E-04
  0.2548E-04
  0.2712E-04
  0.2827E-04
  0.2830E-04
  0.2750E-04
  0.2686E-04
  0.2579E-04
  0.2282E-04
  0.2053E-04
  0.1962E-04
  0.1858E-04
  0.1779E-04
  0.2011E-04
  0.2217E-04
  0.2061E-04
  0.2021E-04
  0.2194E-04
  0.2315E-04
  0.2385E-04
  0.2271E-04
  0.2195E-04
  0.2426E-04
  0.2520E-04
  0.2347E-04
  0.2392E-04
  0.2579E-04
  0.2670E-04
  0.2673E-04
  0.2405E-04
  0.2253E-04
  0.2435E-04
  0.2549E-04
  0.2573E-04
  0.2352E-04
  0.2055E-04
  0.2062E-04
  0.2178E-04
  0.2441E-04
  0.2674E-04
  0.2828E-04
  0.2691E-04
  0.2316E-04
  0.2174E-04
  0.2124E-04
  0.2008E-04
  0.1937E-04
  0.2102E-04
  0.2229E-04
  0.2228E-04
  0.2204E-04
  0.2159E-04
  0.2189E-04
  0.2254E-04
  0.2245E-04
  0.2234E-04
  0.2347E-04
  0.2458E-04
  0.2494E-04
  0.2431E-04
  0.2196E-04
  0.2020E-04
  0.1910E-04
  0.1791E-04
  0.1669E-04
  0.1589E-04
  0.1525E-04
  0.1467E-04
  0.1426E-04
  0.1455E-04
  0.1495E-04
  0.1547E-04
  0.1652E-04
  0.1846E-04
  0.1938E-04
  0.1924E-04
  0.2020E-04
  0.2184E-04
  0.2241E-04
  0.2256E-04
  0.2308E-04
  0.2365E-04
  0.2388E-04
  0.2431E-04
  0.2587E-04
  0.2714E-04
  0.2710E-04
  0.2657E-04
  0.2516E-04
  0.2471E-04
  0.2576E-04
  0.2650E-04
  0.2691E-04
  0.2804E-04
  0.2970E-04
  0.3047E-04
  0.3063E-04
  0.2828E-04
  0.2501E-04
  0.2403E-04
  0.2368E-04
  0.2249E-04
  0.2125E-04
  0.2111E-04
  0.2118E-04
  0.2122E-04
  0.2110E-04
  0.2030E-04
  0.1904E-04
  0.1641E-04
  0.1475E-04
  0.1620E-04
  0.1705E-04
  0.1599E-04
  0.1515E-04
  0.1493E-04
  0.1523E-04
  0.1643E-04
  0.1802E-04
  0.2022E-04
  0.2169E-04
  0.2211E-04
  0.2139E-04
  0.1920E-04
  0.1881E-04
  0.2052E-04
  0.2045E-04
  0.1842E-04
  0.1832E-04
  0.2024E-04
  0.2034E-04
  0.1864E-04
  0.1762E-04
  0.1724E-04
  0.1728E-04
  0.1769E-04
  0.1800E-04
  0.1819E-04
  0.1858E-04
  0.1916E-04
  0.1849E-04
  0.1655E-04
  0.1509E-04
  0.1416E-04
  0.1337E-04
  0.1274E-04
  0.1260E-04
  0.1310E-04
  0.1304E-04
  0.1216E-04
  0.1140E-04
  0.1084E-04
  0.1096E-04
  0.1234E-04
  0.1344E-04
  0.1383E-04
  0.1394E-04
  0.1335E-04
  0.1273E-04
  0.1211E-04
  0.1191E-04
  0.1322E-04
  0.1448E-04
  0.1478E-04
  0.1495E-04
  0.1501E-04
  0.1505E-04
  0.1506E-04
  0.1508E-04
  0.1511E-04
  0.1517E-04
  0.1584E-04
  0.1670E-04
  0.1653E-04
  0.1585E-04
  0.1478E-04
  0.1344E-04
  0.1270E-04
  0.1252E-04
  0.1236E-04
  0.1223E-04
  0.1199E-04
  0.1153E-04
  0.1134E-04
  0.1193E-04
  0.1238E-04
  0.1208E-04
  0.1160E-04
  0.1055E-04
  0.9582E-05
  0.1086E-04
  0.1273E-04
  0.1360E-04
  0.1402E-04
  0.1437E-04
  0.1467E-04
  0.1423E-04
  0.1294E-04
  0.1233E-04
  0.1303E-04
  0.1325E-04
  0.1182E-04
  0.1061E-04
  0.1131E-04
  0.1222E-04
  0.1223E-04
  0.1201E-04
  0.1186E-04
  0.1174E-04
  0.1117E-04
  0.1020E-04
  0.9701E-05
  0.9948E-05
  0.1003E-04
  0.9579E-05
  0.9160E-05
  0.9098E-05
  0.9058E-05
  0.8575E-05
  0.7960E-05
  0.7759E-05
  0.7807E-05
  0.7672E-05
  0.7310E-05
  0.6983E-05
  0.6747E-05
  0.6543E-05
  0.6483E-05
  0.6445E-05
  0.6417E-05
  0.6392E-05
  0.6414E-05
  0.6468E-05
  0.6480E-05
  0.6431E-05
  0.6374E-05
  0.6293E-05
  0.6208E-05
  0.6109E-05
  0.6008E-05
  0.5928E-05
  0.5859E-05
  0.5809E-05
  0.5780E-05
  0.5733E-05
  0.5633E-05
  0.5545E-05
  0.5566E-05
  0.5607E-05
  0.5630E-05
  0.5643E-05
  0.5671E-05
  0.5716E-05
  0.5756E-05
  0.5779E-05
  0.5795E-05
  0.5770E-05
  0.5734E-05
  0.5721E-05
  0.5722E-05
  0.5702E-05
  0.5645E-05
  0.5604E-05
  0.5650E-05
  0.5699E-05
  0.5543E-05
  0.5303E-05
  0.5189E-05
  0.5225E-05
  0.5238E-05
  0.5172E-05
  0.5104E-05
  0.5111E-05
  0.5140E-05
  0.5153E-05
  0.5152E-05
  0.5131E-05
  0.5053E-05
  0.4961E-05
  0.4772E-05
  0.4558E-05
  0.4549E-05
  0.4717E-05
  0.4842E-05
  0.4841E-05
  0.4837E-05
  0.4884E-05
  0.4946E-05
  0.4925E-05
  0.4823E-05
  0.4751E-05
  0.4778E-05
  0.4806E-05
  0.4731E-05
  0.4618E-05
  0.4552E-05
  0.4548E-05
  0.4546E-05
  0.4547E-05
  0.4548E-05
  0.4511E-05
  0.4453E-05
  0.4405E-05
  0.4377E-05
  0.4347E-05
  0.4301E-05
  0.1063E-02
