 Pressure at each layer [Pa]
  0.1851E+07
  0.1586E+07
  0.1372E+07
  0.1197E+07
  0.1054E+07
  0.9346E+06
  0.8346E+06
  0.7497E+06
  0.6768E+06
  0.6134E+06
  0.5577E+06
  0.5082E+06
  0.4639E+06
  0.4237E+06
  0.3870E+06
  0.3534E+06
  0.3225E+06
  0.2938E+06
  0.2672E+06
  0.2425E+06
  0.2195E+06
  0.1981E+06
  0.1782E+06
  0.1596E+06
  0.1425E+06
  0.1266E+06
  0.1119E+06
  0.9836E+05
  0.8596E+05
  0.7462E+05
  0.6430E+05
  0.5497E+05
  0.4656E+05
  0.3905E+05
  0.3237E+05
  0.2650E+05
  0.2137E+05
  0.1694E+05
  0.1316E+05
  0.9989E+04
  0.7367E+04
  0.5247E+04
  0.3576E+04
  0.2302E+04
  0.1373E+04
  0.7338E+03
  0.3316E+03
  0.1118E+03
  0.1992E+02
  0.1237E+01
