  0.1463E+04
  0.1672E+04
  0.1463E+04
  0.1122E+04
  0.7656E+03
  0.4085E+03
  0.1799E+03
  0.8110E+02
  0.4339E+02
  0.2609E+02
  0.1744E+02
  0.1222E+02
  0.9250E+01
  0.6998E+01
  0.5282E+01
  0.3970E+01
  0.2966E+01
  0.2200E+01
  0.1617E+01
  0.1216E+01
  0.9465E+00
  0.7401E+00
  0.6042E+00
  0.4845E+00
  0.4009E+00
  0.3300E+00
  0.2833E+00
  0.2397E+00
  0.2060E+00
  0.1814E+00
  0.1693E+00
  0.1595E+00
  0.1556E+00
  0.1620E+00
  0.1707E+00
  0.1871E+00
  0.1889E+00
  0.1628E+00
  0.1169E+00
  0.6416E-01
  0.2732E-01
  0.1088E-01
  0.4623E-02
  0.1837E-02
  0.5170E-03
  0.1300E-03
  0.4590E-04
  0.6104E-05
  0.6104E-05
  0.6104E-05
