 tau_sw_i
                          0.1181336885124930E-14
                          0.1804982491331062E-12
                          0.2006344673141378E-12
                          0.1925659184260097E-11
                          0.5727120716387448E-11
                          0.2866553479217140E-11
                          0.1662413316197121E-10
                          0.6495773207640658E-11
                          0.1115316152612226E-11
                          0.1087193362450109E-10
                          0.2232053429530443E-12
                          0.2309621426041586E-09
                          0.7266605916561265E-09
                          0.4313262161293681E-13
                          0.3282504275793868E-13
                          0.2368309983438549E-12
                          0.4112322917798425E-13
                          0.1500389273454560E-12
                          0.6627995044822091E-13
                          0.1765500103794428E-11
                          0.5029081397722061E-12
                          0.1895468017963698E-11
                          0.2169297737447509E-10
                          0.6198388515335777E-09
                          0.3427416248935089E-07
                          0.9843264964301025E-07
                          0.7463109322493821E-05
                          0.4559031039935298E-04
                          0.2919640207752509E-06
                          0.4482738886429322E-07
                          0.8122979342048060E-07
                          0.2691977691787605E-11
                          0.2048855744114958E-10
                          0.9079496490730149E-12
                          0.1823363945439077E-10
                          0.9431072278341015E-12
                          0.1067589100455558E-11
                          0.1262856741098920E-11
                          0.1061232011785197E-10
                          0.3723756526395151E-11
                          0.1598571709871085E-11
                          0.1846777128625233E-11
                          0.6551511348286900E-11
                          0.9752342425983653E-11
                          0.2318101768811114E-11
                          0.2521734056817065E-11
                          0.2756868868790515E-11
                          0.3000370879315235E-11
                          0.3277097625576467E-11
                          0.8585903819888188E-11
                          0.2905664687836877E-09
                          0.1804154490546341E-09
                          0.6847383699043763E-06
                          0.1919876777179379E-10
                          0.1690818174784513E-09
                          0.1726369798050003E-08
                          0.1754684284939076E-10
                          0.6500160272882933E-11
                          0.6967096327363679E-11
                          0.7494177134115141E-11
                          0.8022618234472892E-11
                          0.8557181545521567E-11
                          0.9218463738989325E-11
                          0.1179576860913897E-10
                          0.1032643190814194E-10
                          0.1109406816305451E-10
                          0.1326232104356597E-10
                          0.1252248093521327E-10
                          0.1339587595431473E-10
                          0.1397830601790256E-10
                          0.1479331166145079E-10
                          0.1562611277467185E-10
                          0.1666908073003060E-10
                          0.9670102881708491E-09
                          0.2805014064818425E-10
                          0.1646068103359927E-06
                          0.4761648036903375E-03
                          0.9239959169302369E-09
                          0.1284437288262756E-09
                          0.3337227085248081E-10
                          0.4295969492160386E-10
                          0.3946323242739934E-07
                          0.4475538675217003E-07
                          0.1387008745299904E-04
                          0.2076326580878726E-04
                          0.6732044028933001E-10
                          0.3418884310829545E-10
                          0.3523671199945938E-10
                          0.3752003881378871E-10
                          0.5358640212205555E-09
                          0.2222233440265954E-06
                          0.3186841994653557E-02
                          0.4692985106401614E-01
                          0.2837450974824285E-03
                          0.5300054825859236E-03
                          0.8635095283317741E-05
                          0.8275861082331745E-09
                          0.5475615429068823E-10
                          0.5738690479059929E-10
                          0.3323887003662178E-09
                          0.1415040873724611E-08
                          0.8739224177454763E-10
                          0.7691732495593342E-10
                          0.7807656569460936E-06
                          0.6275093787511719E-09
                          0.9461652719356042E-09
                          0.9272735933171992E-10
                          0.8054034971255995E-10
                          0.8378172736935982E-10
                          0.8880533784805117E-10
                          0.1130466743745861E-09
                          0.1000340599475913E-09
                          0.9686243265806852E-10
                          0.1000879979557514E-09
                          0.1036421370833477E-09
                          0.1073270313125633E-09
                          0.1111157898541176E-09
                          0.1149857641912064E-09
                          0.1191314969388602E-09
                          0.2878673883814506E-09
                          0.3467315019580874E-07
                          0.1362667171625743E-09
                          0.1359395713102323E-09
                          0.3682771128886425E-09
                          0.1452718512671763E-09
                          0.1874783245973635E-07
                          0.1590458968306816E-09
                          0.1606068096784126E-09
                          0.1809441747850450E-09
                          0.1700064100365291E-09
                          0.1753601487657352E-09
                          0.1824534717631605E-09
                          0.1985641082614686E-09
                          0.1996580380285184E-06
                          0.2866561602336577E-07
                          0.2088414335423361E-09
                          0.2123752873082761E-09
                          0.5248777172587548E-08
                          0.2505764719611140E-09
                          0.5099830873378082E-09
                          0.9784039384289998E-08
                          0.4413705763252311E-07
                          0.7520389197702542E-04
                          0.1931994587983485E-06
                          0.5444217641794451E-05
                          0.9709328934976823E-05
                          0.6270749453185870E-07
                          0.5331008792176464E-03
                          0.5549252434129439E-05
                          0.2959580956535507E-04
                          0.8119214661027022E-08
                          0.3361286226512216E-09
                          0.3730687894950140E-09
                          0.3514624067429498E-09
                          0.2022664680291460E-06
                          0.3593201710586137E-09
                          0.3647225249494445E-09
                          0.3728704867146349E-09
                          0.3824958017078539E-09
                          0.4136400634586923E-09
                          0.9864746716312881E-07
                          0.5656971936306796E-09
                          0.4224760793471873E-09
                          0.4329967122800867E-09
                          0.4437205452296613E-09
                          0.4546393947859204E-09
                          0.2678009975436634E-05
                          0.4773955206648350E-09
                          0.4890661623678145E-09
                          0.5003412428666784E-09
                          0.5122830995640833E-09
                          0.5244404839377563E-09
                          0.5368136567481873E-09
                          0.5494455449675278E-09
                          0.5623897029329562E-09
                          0.6666442160846832E-09
                          0.5885808944830431E-09
                          0.2762254732073301E-04
                          0.6169607285618289E-09
                          0.1145353677626601E-08
                          0.6845305779601296E-09
                          0.6603038659065557E-09
                          0.6754169055989989E-09
                          0.5881023785039893E-07
                          0.7151854588469904E-09
                          0.1456033736317106E-08
                          0.6594842652616328E-03
                          0.1058093753602475E-08
                          0.7700664105227182E-09
                          0.1061174958220915E-08
                          0.1564823958659028E-08
                          0.2625598068270386E-08
                          0.1517894815929774E-08
                          0.6479282219545152E-07
                          0.4775629332902197E-08
                          0.1274703603227839E-06
                          0.3222845816795414E-07
                          0.2051070017087385E-03
                          0.1544776321735062E-06
                          0.1115883394017460E-06
                          0.3947716461717797E-06
                          0.1134716056584932E-08
                          0.1269270128790760E-08
                          0.8378166755039226E-08
                          0.6311241049547650E-05
                          0.5813681308628473E-08
                          0.1107392478496181E-08
                          0.1127135972023424E-08
                          0.1153096524604746E-08
                          0.1186009341545905E-08
                          0.1214702895371333E-08
                          0.1223718075967485E-08
                          0.1565490240034598E-08
                          0.1771302718009560E-08
                          0.1288546473798109E-08
                          0.1310550887721792E-08
                          0.1411837712978237E-08
                          0.1360942455244929E-08
                          0.1385003178299685E-08
                          0.1410586117797495E-08
                          0.1436523646649416E-08
                          0.1462947321938653E-08
                          0.1489467433867336E-08
                          0.1516484936939325E-08
                          0.1543862322091919E-08
                          0.1571609073777432E-08
                          0.1601237893819996E-08
                          0.1651446923054939E-08
                          0.1657129808081930E-08
                          0.1686399751380731E-08
                          0.1716010429447579E-08
                          0.1748493748694297E-08
                          0.1776735563779585E-08
                          0.1827277325264823E-08
                          0.1840165929376480E-08
                          0.1003874334489600E-07
                          0.1902709337221577E-08
                          0.1936675416146294E-08
                          0.3668640433405971E-07
                          0.3763038300429195E-08
                          0.2037948938161174E-08
                          0.1668116534927777E-06
                          0.2127735164758885E-08
                          0.2384955567532828E-08
                          0.2197202716038978E-08
                          0.2231931970145961E-08
                          0.2486397080294730E-08
                          0.7445116510624727E-07
                          0.2636940538153298E-08
                          0.3349016779209444E-08
                          0.2811610938646973E-08
                          0.2490488413556570E-08
                          0.2515528816910590E-08
                          0.5933371218107725E-06
                          0.4633763435989387E-08
                          0.2607148038515901E-08
                          0.2635121346301612E-08
                          0.2675011874199414E-08
                          0.2789061569038617E-08
                          0.2813531772019802E-08
                          0.2923773354843372E-08
                          0.2904317416213839E-08
                          0.2902552566118416E-08
                          0.2934360424188922E-08
                          0.2982276670347859E-08
                          0.3023882064320214E-08
                          0.3633756008741177E-08
                          0.3987988269621461E-08
                          0.9163373761254102E-08
                          0.3213802395537486E-08
                          0.3654981568287328E-08
                          0.3323890464938389E-08
                          0.3356821993591046E-08
                          0.3405745631280703E-08
                          0.1174421741664386E-07
                          0.4185874437258134E-08
                          0.3636365725416402E-08
                          0.4687731318112702E-08
                          0.7282389630509968E-08
                          0.1181608728859223E-07
                          0.3785995857726683E-08
                          0.3822982080914258E-08
                          0.3877749657668841E-08
                          0.3932780274322026E-08
                          0.3988649067709410E-08
                          0.4059280058241205E-08
                          0.4102194440380878E-08
                          0.5439683155476592E-07
                          0.4218204541925041E-08
                          0.4277045372295667E-08
                          0.4336613625007722E-08
                          0.4400887452956483E-08
                          0.3470360459295682E-07
                          0.4526065372165895E-08
                          0.4582487731592513E-08
                          0.4643458365092168E-08
                          0.4894709900482804E-08
                          0.4771107434013909E-08
                          0.4852704649050495E-08
                          0.4922002936995065E-08
                          0.4966349311845286E-08
                          0.5032859739004369E-08
                          0.5100237310304938E-08
                          0.5204864081091218E-08
                          0.5310593920764648E-08
                          0.5311345312799666E-08
                          0.5459204228873861E-08
                          0.5446135453047196E-08
                          0.5518382708235390E-08
                          0.6701170513868431E-08
                          0.5679365298334529E-08
                          0.5735566151384237E-08
                          0.5809613477332390E-08
                          0.5884444223707070E-08
                          0.5960140380326996E-08
                          0.6036586205305156E-08
                          0.6115660220689592E-08
                          0.6211929680334996E-08
                          0.6280498710505465E-08
                          0.6349981555352195E-08
                          0.6442405147806917E-08
                          0.6509589070000551E-08
                          0.6605788218109346E-08
                          0.1063685471640202E-07
                          0.7158387725576699E-08
                          0.1140873915994933E-07
                          0.6926505227827422E-08
                          0.8807420859822396E-08
                          0.5596885348161989E-03
                          0.7200699832487815E-08
                          0.7274230099099836E-08
                          0.7459407393753661E-08
                          0.8331183263203861E-08
                          0.7538845108627993E-08
                          0.7629574471577122E-08
                          0.7721373108879218E-08
                          0.7813934000560369E-08
                          0.7907356923767679E-08
                          0.8001623605138876E-08
                          0.8097254044820022E-08
                          0.8192676086637564E-08
                          0.8289513325749556E-08
                          0.8387134571521129E-08
                          0.8486210861289094E-08
                          0.8585020458546661E-08
                          0.8685271574051435E-08
                          0.8786831951152731E-08
                          0.1752034524942073E-07
                          0.9128815620208928E-08
                          0.9095277487550481E-08
                          0.9199764496069948E-08
                          0.9305355331047234E-08
                          0.9411926660208905E-08
                          0.4556019984882361E-07
                          0.9628505538876525E-08
                          0.9736768153307425E-08
                          0.9846928608035698E-08
                          0.9968763578397130E-08
                          0.1273201995276387E-06
                          0.1018338763333763E-07
                          0.1029694989752144E-07
                          0.1041182729505598E-07
                          0.1178688105946924E-07
                          0.1064447420784126E-07
                          0.1076227637947443E-07
                          0.1088102074235476E-07
                          0.1100074001820252E-07
                          0.1112139307816521E-07
                          0.1124309102290578E-07
                          0.1136578252710406E-07
                          0.1217283283191392E-07
                          0.1161425752340542E-07
                          0.1174034584543034E-07
                          0.1186669775434050E-07
                          0.1199448080130443E-07
                          0.1301867084393750E-07
                          0.1233433169576993E-07
                          0.1238391517432727E-07
                          0.1251587556764010E-07
                          0.1264905594976471E-07
                          0.1278796733885599E-07
                          0.1299151360052377E-07
                          0.1305394871848317E-07
                          0.1319114892987377E-07
                          0.1333082127897683E-07
                          0.1346948929111815E-07
                          0.1360930380791800E-07
                          0.1375083212608863E-07
                          0.1389349627229929E-07
                          0.1403726790797954E-07
                          0.1418215258870934E-07
                          0.1432817397357151E-07
                          0.1447528375763723E-07
                          0.1462354486002644E-07
                          0.1477299007763533E-07
                          0.1492347204006101E-07
                          0.1507515505755802E-07
                          0.1522799105137278E-07
                          0.1538198686226620E-07
                          0.1553715383429386E-07
                          0.1569347935106815E-07
                          0.1585098965567847E-07
                          0.1600968514786071E-07
                          0.1616955982168905E-07
                          0.1633063286467748E-07
                          0.1649290752013247E-07
                          0.1665638866305963E-07
                          0.1682109845690481E-07
                          0.1698701261073006E-07
                          0.1715412956829742E-07
                          0.1737553430369743E-07
                          0.1750591987999575E-07
                          0.1766294368034325E-07
                          0.1783513414329108E-07
                          0.1800839624131560E-07
                          0.1818300480094804E-07
                          0.1835892094754160E-07
                          0.1853609698381480E-07
                          0.1871444422503959E-07
                          0.1889416784591499E-07
                          0.1907833910769485E-07
                          0.1925746177120279E-07
                          0.1944437252010728E-07
                          0.2032800318590463E-07
                          0.1984910038857941E-07
                          0.1999993385585371E-07
                          0.2018864483774275E-07
                          0.2037892977295006E-07
                          0.2057434482098033E-07
                          0.2081693517493814E-07
                          0.2114411681619902E-07
                          0.2119272387306662E-07
                          0.2135461935499726E-07
                          0.2538215906058055E-07
                          0.2346938561665836E-07
                          0.2194938393941933E-07
                          0.2215189867893550E-07
                          0.2235580552802568E-07
                          0.2256112234372453E-07
                          0.2276858313562628E-07
                          0.2297598901248674E-07
                          0.2318555551274358E-07
                          0.2339655196466794E-07
                          0.2360898573966788E-07
                          0.2382286322924350E-07
                          0.2412074313039052E-07
                          0.2425499018905808E-07
                          0.2447322483712117E-07
                          0.2469293640744021E-07
                          0.2491412796550372E-07
                          0.2513680280309334E-07
                          0.2536096703975822E-07
                          0.2558662717209852E-07
                          0.2581378978608597E-07
                          0.2604246175660134E-07
                          0.2627929871197016E-07
                          0.2650436664840421E-07
                          0.2673761440761720E-07
                          0.2697267502719540E-07
                          0.2720901300827758E-07
                          0.2744785408104191E-07
                          0.2768598645751579E-07
                          0.2792697384660119E-07
                          0.2816953104090312E-07
                          0.2841366454220414E-07
                          0.2865938167605379E-07
                          0.2890668908278796E-07
                          0.2915559356003089E-07
                          0.2940805122304366E-07
                          0.2965822226736658E-07
                          0.2991195836501595E-07
                          0.3016732013968634E-07
                          0.3042431327404713E-07
                          0.3068294500488368E-07
                          0.3094322218263693E-07
                          0.3120524292005534E-07
                          0.3146897960723771E-07
                          0.3173399614533427E-07
                          0.3200092480634776E-07
                          0.3226953412655102E-07
                          0.3253983134059648E-07
                          0.3281204600432371E-07
                          0.3308553025482113E-07
                          0.3336102596513210E-07
                          0.3363803369250992E-07
                          0.3391687264384427E-07
                          0.3419744294867389E-07
                          0.3447975135982363E-07
                          0.3476380397130856E-07
                          0.3504960386985362E-07
                          0.3533716504942293E-07
                          0.3562649442139115E-07
                          0.3591759942384610E-07
                          0.3621050034780032E-07
                          0.3650514552553848E-07
                          0.3680160411018402E-07
                          0.3709986903255552E-07
                          0.3739994425486471E-07
                          0.3770184917895889E-07
                          0.3800554906835750E-07
                          0.3831109536181918E-07
                          0.3861860745966768E-07
                          0.3892777940081849E-07
                          0.3923879554519434E-07
                          0.3955174856496461E-07
                          0.3986655861400641E-07
                          0.4018329787000706E-07
                          0.4050583436645256E-07
                          0.4082227868820144E-07
                          0.4114463994949239E-07
                          0.4146898684146723E-07
                          0.4180072532146860E-07
                          0.4212317940070454E-07
                          0.4245320577888988E-07
                          0.4278516813083543E-07
                          0.4311907351915056E-07
                          0.4345493037843496E-07
                          0.4379274433401034E-07
                          0.4413252365101183E-07
                          0.4447427700282119E-07
                          0.4481801151712642E-07
                          0.4516373440995540E-07
                          0.4551145375961324E-07
                          0.4586117709530122E-07
                          0.4621291210190308E-07
                          0.4656666647895785E-07
                          0.4692244794440064E-07
                          0.4728026579004010E-07
                          0.4764012305165999E-07
                          0.4800267119483821E-07
                          0.4836599970439621E-07
                          0.4873203255050862E-07
                          0.4910014477764541E-07
                          0.4947040482929667E-07
                          0.4984260528266808E-07
                          0.5021698004740695E-07
                          0.5059345987794762E-07
                          0.5097205262263924E-07
                          0.5135276624407682E-07
                          0.5173560842188312E-07
                          0.5212059156722014E-07
                          0.5250771193913059E-07
                          0.5289702010465770E-07
                          0.5328844420170162E-07
                          0.5368202883240581E-07
                          0.5433835384883413E-07
                          0.5447577520054639E-07
                          0.5487593448827621E-07
                          0.5527829359154856E-07
                          0.5568286091639499E-07
                          0.5608964372293169E-07
                          0.5649866310930873E-07
                          0.5690991144709632E-07
                          0.5732343692041167E-07
                          0.5773910812095475E-07
                          0.5815714363376651E-07
                          0.5857735383647031E-07
                          0.5900010919776060E-07
                          0.5942471290183059E-07
                          0.5985178729308177E-07
                          0.6028118467742250E-07
                          0.6071289313002074E-07
                          0.6114691645781069E-07
                          0.6158903937842581E-07
                          0.6202295590586156E-07
                          0.6246293178599993E-07
                          0.6290629413135618E-07
                          0.6335201174063982E-07
                          0.6380008605070590E-07
                          0.6425053928009940E-07
                          0.6470337213448918E-07
                          0.6515859517035336E-07
                          0.6561621608529133E-07
                          0.6607624314003700E-07
                          0.6653868505515498E-07
                          0.6700358384664123E-07
                          0.6747089375536754E-07
                          0.6794100676156626E-07
                          0.6841276804793952E-07
                          0.6888740952312150E-07
                          0.6936451697874548E-07
                          0.6984409837756587E-07
                          0.7032616237089706E-07
                          0.7081071747295502E-07
                          0.7129777225225202E-07
                          0.7178733722885235E-07
                          0.7227941524841477E-07
                          0.7277402053867025E-07
                          0.7327115998942902E-07
                          0.7377084260592948E-07
                          0.7427307577984899E-07
                          0.7477786937846497E-07
                          0.7528523201063031E-07
                          0.7579517157450699E-07
                          0.7630769755563761E-07
                          0.7682281841636989E-07
                          0.7734054292602489E-07
                          0.7786087986999433E-07
                          0.7838383786926687E-07
                          0.7890953011885916E-07
                          0.7943970361556109E-07
                          0.7996852697795581E-07
                          0.8050205773957390E-07
                          0.8103825506893576E-07
                          0.8157712718456705E-07
                          0.8211908586645631E-07
                          0.8266292170713743E-07
                          0.8320986774394553E-07
                          0.8375953149886022E-07
                          0.8431190314559330E-07
                          0.8486711165462451E-07
                          0.8542483679001098E-07
                          0.8599442264891205E-07
                          0.8654876259782511E-07
                          0.8711486224452788E-07
                          0.8768373807991855E-07
                          0.8825539089359904E-07
                          0.8882983759215359E-07
                          0.8940708379801709E-07
                          0.8998713889279175E-07
                          0.9057001189636540E-07
                          0.9115571189340544E-07
                          0.9174456024666647E-07
                          0.9233562944113740E-07
                          0.9292986526412848E-07
                          0.9352696468587379E-07
                          0.9412693689412388E-07
                          0.9472979108427573E-07
                          0.9533553647156070E-07
                          0.9594418228331741E-07
                          0.9655573830172311E-07
                          0.9717021217307982E-07
                          0.9778798531172823E-07
                          0.9840800054461197E-07
                          0.9903124177188775E-07
                          0.9965748497033322E-07
                          0.1002867001281473E-06
                          0.1009188775274666E-06
                          0.1015540438015364E-06
                          0.1021922046997033E-06
                          0.1028333685137970E-06
                          0.1034775446487612E-06
                          0.1041247425253550E-06
                          0.1047749715797880E-06
                          0.1054282471341997E-06
                          0.1060845610284057E-06
                          0.1067439403664119E-06
                          0.1074063887690357E-06
                          0.1080719157435973E-06
                          0.1087405308253387E-06
                          0.1094122436152375E-06
                          0.1100870634082934E-06
                          0.1107650025473730E-06
                          0.1114460630234898E-06
                          0.1121302619630388E-06
                          0.1128176066094619E-06
                          0.1135081104857856E-06
                          0.1142017704391012E-06
                          0.1148986093297033E-06
                          0.1155986329479801E-06
                          0.1163018674425327E-06
                          0.1170082713998689E-06
                          0.1177179032052366E-06
                          0.1184307597756159E-06
                          0.1191468490586441E-06
                          0.1198661808070821E-06
                          0.1205887648136942E-06
                          0.1213146108596830E-06
                          0.1220437286885565E-06
                          0.1241752179866163E-06
                          0.1235118192394817E-06
                          0.1242508114663461E-06
                          0.1249931149239588E-06
                          0.1257387394772891E-06
                          0.1264876953857031E-06
                          0.1272399914292082E-06
                          0.1279956388057089E-06
                          0.1287546464135688E-06
                          0.1295170249450595E-06
                          0.1302827845319399E-06
                          0.1310522954218949E-06
                          0.1318244843765657E-06
                          0.1367584421579998E-06
                          0.1333798268169733E-06
                          0.1341626400933434E-06
                          0.1349488937387483E-06
                          0.1357385967880065E-06
                          0.1365317606316255E-06
                          0.1373283962870102E-06
                          0.1381285130365777E-06
                          0.1389321210578893E-06
                          0.1397392312601049E-06
                          0.1405498510898257E-06
                          0.1413639994194154E-06
                          0.1421816901052887E-06
                          0.1430028872176166E-06
                          0.1438276802409281E-06
                          0.1446559845791613E-06
                          0.1454878881219475E-06
                          0.1463233937115069E-06
                          0.1471624716403195E-06
                          0.1480051392582044E-06
                          0.1488514367315171E-06
                          0.1497013585788356E-06
                          0.1505549684991534E-06
                          0.1514121161804961E-06
                          0.1522729726630478E-06
                          0.1531374953205229E-06
                          0.1558301720098138E-06
                          0.1548775772409311E-06
                          0.1557531585257288E-06
                          0.1566324592469239E-06
                          0.1575154533282223E-06
                          0.1584021877702900E-06
                          0.1592926608073351E-06
                          0.1601868830215280E-06
                          0.1610848648906566E-06
                          0.1619866169621718E-06
                          0.1628921496846188E-06
                          0.1638014737049062E-06
                          0.1647145995602311E-06
                          0.1656315378308283E-06
                          0.1665522991146388E-06
                          0.1674768940217492E-06
                          0.1684053358514498E-06
                          0.1693376272289433E-06
                          0.1702739333950771E-06
                          0.1712138231275183E-06
                          0.1721577453542070E-06
                          0.1731055657162139E-06
                          0.1740572960574393E-06
                          0.1750129420664222E-06
                          0.1759727851915473E-06
                          0.1769360378379595E-06
                          0.1779035075146558E-06
                          0.1788749388612213E-06
                          0.1798818053284704E-06
                          0.1808307153984973E-06
                          0.1818131137224527E-06
                          0.1828005014186187E-06
                          0.1837919063432066E-06
                          0.1847873372320118E-06
                          0.1857868067324476E-06
                          0.1867903252796069E-06
                          0.1877979035116522E-06
                          0.1888095526225975E-06
                          0.1898252834889119E-06
                          0.1908451070640916E-06
                          0.1918690343331080E-06
                          0.1928970763916460E-06
                          0.1939292439761168E-06
                          0.1949655737371792E-06
                          0.1960060004422422E-06
                          0.1970506113919065E-06
                          0.1980993936474100E-06
                          0.1991523539162517E-06
                          0.2002095077333122E-06
                          0.2012708647156970E-06
                          0.2023364359961935E-06
                          0.2034062326985383E-06
                          0.2044802659956272E-06
                          0.2055585470519275E-06
                          0.2066410871428503E-06
                          0.2077278971975721E-06
                          0.2088189887220838E-06
                          0.2099143730629757E-06
                          0.2110140608056863E-06
                          0.2121180637281383E-06
                          0.2132263931050140E-06
                          0.2143390601335779E-06
                          0.2154560761165376E-06
                          0.2165774525339670E-06
                          0.2177032002302029E-06
                          0.2188333311625147E-06
                          0.2199678563508440E-06
                          0.2211067869726991E-06
                          0.2222501350229340E-06
                          0.2233979112554899E-06
                          0.2245501275471316E-06
                          0.2257067951412692E-06
                          0.2268679255633019E-06
                          0.2280335302426499E-06
                          0.2292036253965311E-06
                          0.2303782084854223E-06
                          0.2315573046417414E-06
                          0.2327409803456988E-06
                          0.2339290711046126E-06
                          0.2351217614615687E-06
                          0.2363190081441510E-06
                          0.2375208213394791E-06
                          0.2387272246959381E-06
                          0.2399381936442806E-06
                          0.2411537759704906E-06
                          0.2423740751539888E-06
                          0.2435987912289761E-06
                          0.2448282475035157E-06
                          0.2460623521002830E-06
                          0.2473011157361875E-06
                          0.2485445643848392E-06
                          0.2497926704515572E-06
                          0.2510454847838087E-06
                          0.2523030037912482E-06
                          0.2535652410743654E-06
                          0.2548322096396557E-06
                          0.2561039202026588E-06
                          0.2573803845848776E-06
                          0.2586616146064968E-06
                          0.2599476221265182E-06
                          0.2612384190021075E-06
                          0.2625340171098749E-06
                          0.2638344284060090E-06
                          0.2651396646248281E-06
                          0.2664497378327597E-06
                          0.2677646599052892E-06
                          0.2690844454677606E-06
                          0.2704090985572692E-06
                          0.2717386390616484E-06
                          0.2730730763461778E-06
                          0.2744124299083870E-06
                          0.2757566892559625E-06
                          0.2771058907119540E-06
                          0.2784600335565219E-06
                          0.2798191351162896E-06
                          0.2811832057217175E-06
                          0.2825522583393287E-06
                          0.2839263024652343E-06
                          0.2853053528428565E-06
                          0.2866894207409392E-06
                          0.2880785183151304E-06
                          0.2894726577373908E-06
                          0.2908718511879295E-06
                          0.2922761108715243E-06
                          0.2936854490010747E-06
                          0.2950998778058080E-06
                          0.2965194095325350E-06
                          0.2979440564595302E-06
                          0.2993738307844702E-06
                          0.3008087448767481E-06
                          0.3022488110120768E-06
                          0.3036940415050648E-06
                          0.3051444486908005E-06
                          0.3066000449165098E-06
                          0.3080608425645682E-06
                          0.3095268556225772E-06
                          0.3109980915139597E-06
                          0.3124745677953209E-06
                          0.3139562947892250E-06
                          0.3154432853544868E-06
                          0.3169355519774923E-06
                          0.3184331069076294E-06
                          0.3199359622223261E-06
                          0.3214441325596747E-06
                          0.3229576258792816E-06
                          0.3244764589768275E-06
                          0.3260006444399172E-06
                          0.3275301903920700E-06
                          0.3290651138827586E-06
                          0.3306054258522073E-06
                          0.3321511733756669E-06
                          0.3337022660693248E-06
                          0.3352588195019096E-06
                          0.3368208119997034E-06
                          0.3383882562185637E-06
                          0.3399611648289800E-06
                          0.3415395505345811E-06
                          0.3431234259797244E-06
                          0.3447128039345149E-06
                          0.3463076971274510E-06
                          0.3479081188815088E-06
                          0.3495140801121364E-06
                          0.3511255954713510E-06
                          0.3527426771152436E-06
                          0.3543653378468271E-06
                          0.3559935904828910E-06
                          0.3576274478564261E-06
                          0.3592669228140956E-06
                          0.3609120282342731E-06
                          0.3625627769545522E-06
                          0.3642191818820009E-06
                          0.3658812587509921E-06
                          0.3675490162511513E-06
                          0.3692224631088863E-06
                          0.3709016221052649E-06
                          0.3725865019922375E-06
                          0.3742771157454127E-06
                          0.3759734763609353E-06
                          0.3776755968487248E-06
                          0.3793834902928534E-06
                          0.3810971695730790E-06
                          0.3828166478452027E-06
                          0.3845419381983887E-06
                          0.3862730536869079E-06
                          0.3880100074178731E-06
                          0.3897528124732757E-06
                          0.3915014820073595E-06
                          0.3932560291829699E-06
                          0.3950164670699413E-06
                          0.3967828089189674E-06
                          0.3985550689016277E-06
                          0.4003332571886972E-06
                          0.4021173900255572E-06
                          0.4039074796232512E-06
                          0.4057035392345546E-06
                          0.4075055821251351E-06
                          0.4093136215945580E-06
                          0.4111276709048318E-06
                          0.4129477431813762E-06
                          0.4147738520227665E-06
                          0.4166060106444921E-06
                          0.4184442324013339E-06
                          0.4202885378539744E-06
                          0.4221389187593011E-06
                          0.4239954101349723E-06
                          0.4258580253525677E-06
                          0.4277267563002526E-06
                          0.4296016379477394E-06
                          0.4314826766304691E-06
                          0.4333698856208825E-06
                          0.4352632785911032E-06
                          0.4371628689692745E-06
                          0.4390686702659687E-06
                          0.4409806960055708E-06
                          0.4428989597216138E-06
                          0.4448234749715840E-06
                          0.4467542553215105E-06
                          0.4486913143536706E-06
                          0.4506346656693356E-06
                          0.4525843228673375E-06
                          0.4545402995869631E-06
                          0.4565026094649318E-06
                          0.4584712661946072E-06
                          0.4604462833746329E-06
                          0.4624276746818145E-06
                          0.4644154538978739E-06
                          0.4664096346992280E-06
                          0.4684102312634999E-06
                          0.4704172559986315E-06
                          0.4724307241747181E-06
                          0.4744506485574892E-06
                          0.4764770438032407E-06
                          0.4785099226553593E-06
                          0.4805492997936779E-06
                          0.4825951887630499E-06
                          0.4846476034149161E-06
                          0.4867065575977939E-06
                          0.4887720652013131E-06
                          0.4908441401123313E-06
                          0.4929227962359542E-06
                          0.4950080474935508E-06
                          0.4970999078421914E-06
                          0.4991983911654728E-06
                          0.5013035115539106E-06
                          0.5034152831646930E-06
                          0.5055337190441308E-06
                          0.5076588343084458E-06
                          0.5097906424857031E-06
                          0.5119291576856637E-06
                          0.5140743939956392E-06
                          0.5162263654674270E-06
                          0.5183850878984115E-06
                          0.5205505702743023E-06
                          0.5227228316153971E-06
                          0.5249018846410835E-06
                          0.5270877433664946E-06
                          0.5292804219885003E-06
                          0.5314799345768143E-06
                          0.5336862954231792E-06
                          0.5358995188710986E-06
                          0.5381196185658060E-06
                          0.5403466093192768E-06
                          0.5425805051791800E-06
                          0.5448213204036891E-06
                          0.5470690735803160E-06
                          0.5493237660566226E-06
                          0.5515854250760457E-06
                          0.5538540606426968E-06
                          0.5561296870888651E-06
                          0.5584123187816119E-06
                          0.5607019700226293E-06
                          0.5629986552483979E-06
                          0.5653023888300533E-06
                          0.5676131851734505E-06
                          0.5699310586991524E-06
                          0.5722560238424269E-06
                          0.5745880950532516E-06
                          0.5769272867973725E-06
                          0.5792736135509854E-06
                          0.5816270898121445E-06
                          0.5839877300862955E-06
                          0.5863555488992813E-06
                          0.5887305607896003E-06
                          0.5911127803067986E-06
                          0.5935022220234878E-06
                          0.5958989005162553E-06
                          0.5983028307956309E-06
                          0.6007140272128038E-06
                          0.6031325027180423E-06
                          0.6055582744671965E-06
                          0.6079913714590292E-06
                          0.6104317623085009E-06
                          0.6128795077968553E-06
                          0.6153346072531767E-06
                          0.6177970755310254E-06
                          0.6202669269451532E-06
                          0.6227441766462513E-06
                          0.6252288392656929E-06
                          0.6277209419413112E-06
                          0.6302204623794047E-06
                          0.6327274524187519E-06
                          0.6352419145775924E-06
                          0.6377638636655557E-06
                          0.6402933145295718E-06
                          0.6428302820314070E-06
                          0.6453747810475206E-06
                          0.6479268264699596E-06
                          0.6504864332020418E-06
                          0.6530536161669226E-06
                          0.6556283902990462E-06
                          0.6582107705541854E-06
                          0.6608007718797494E-06
                          0.6633984092724614E-06
                          0.6660036977488513E-06
                          0.6686166523147238E-06
                          0.6712372878336657E-06
                          0.6738656195602322E-06
                          0.6765016624658663E-06
                          0.6791454322058571E-06
                          0.6817969420996905E-06
                          0.6844562090073349E-06
                          0.6871232474529350E-06
                          0.6897980725629836E-06
                          0.6924806994786615E-06
                          0.6951711433558673E-06
                          0.6978694193652220E-06
                          0.7005755426920326E-06
                          0.7032895289600339E-06
                          0.7060113921128102E-06
                          0.7087411486509520E-06
                          0.7114788133948445E-06
                          0.7142244016225429E-06
                          0.7169779285500873E-06
                          0.7197394095713027E-06
                          0.7225088598258722E-06
                          0.7252862948491339E-06
                          0.7280717297047011E-06
                          0.7308651799624910E-06
                          0.7336666609069977E-06
                          0.7364761879789688E-06
                          0.7392937763925961E-06
                          0.7421194417048620E-06
                          0.7449531993203456E-06
                          0.7477950646417337E-06
                          0.7506450531370879E-06
                          0.7535031802842197E-06
                          0.7563694615053425E-06
                          0.7592439148202435E-06
                          0.7621265483135565E-06
                          0.7650175281023464E-06
                          0.7679164376913359E-06
                          0.7708237221987441E-06
                          0.7737392540038343E-06
                          0.7766630486890089E-06
                          0.7795951219363332E-06
                          0.7825354891027413E-06
                          0.7854841660695398E-06
                          0.7884411684111759E-06
                          0.7914065117735967E-06
                          0.7943802117728698E-06
                          0.7973622858836793E-06
                          0.8003527445994611E-06
                          0.8033516088344742E-06
                          0.8063588925874736E-06
                          0.8093746115985995E-06
                          0.8123987816240313E-06
                          0.8154314184398362E-06
                          0.8184725378335887E-06
                          0.8215221556135496E-06
                          0.8245802875809428E-06
                          0.8276469495867252E-06
                          0.8307221574668977E-06
                          0.8338059272750427E-06
                          0.8368982743271394E-06
                          0.8399992152207731E-06
                          0.8431087652326590E-06
                          0.8462269407264826E-06
                          0.8493537574899199E-06
                          0.8524892314730327E-06
                          0.8556333786405979E-06
                          0.8587862149720836E-06
                          0.8619477566351717E-06
                          0.8651180191182805E-06
                          0.8682970189784924E-06
                          0.8714847720415948E-06
                          0.8746812943996268E-06
                          0.8778866021073804E-06
                          0.8811007112477360E-06
                          0.8843236379551509E-06
                          0.8875553983276342E-06
                          0.8907960083394119E-06
                          0.8940454910643050E-06
                          0.8973038423410558E-06
                          0.9005710986488858E-06
                          0.9038472693434244E-06
                          0.9071323706636663E-06
                          0.9104264192460079E-06
                          0.9137294300661732E-06
                          0.9170414206123149E-06
                          0.9203624067159364E-06
                          0.9236924046514878E-06
                          0.9270314307307158E-06
                          0.9303795012467405E-06
                          0.9337366325473248E-06
                          0.9371028408532249E-06
                          0.9404781426306530E-06
                          0.9438625542004754E-06
                          0.9472560919393214E-06
                          0.9506587722427224E-06
                          0.9540706115085159E-06
                          0.9574916262196213E-06
                          0.9609218326310213E-06
                          0.9643612473776375E-06
                          0.9678098868618335E-06
                          0.9712677675627450E-06
                          0.9747349059767849E-06
                          0.9782113186177665E-06
                          0.9816970222416573E-06
                          0.9851920330896196E-06
                          0.9886963672785023E-06
                          0.9922100420247243E-06
                          0.9957330739042331E-06
                          0.9992654793659652E-06
                          0.1002807275021790E-05
                          0.1006358477499400E-05
                          0.1009919103436725E-05
                          0.1013489169493108E-05
                          0.1017068692338126E-05
                          0.1020657688657183E-05
                          0.1024256175150388E-05
                          0.1027864168532557E-05
                          0.1031481685533255E-05
                          0.1035108742896588E-05
                          0.1038745357381874E-05
                          0.1042391547006974E-05
                          0.1046047324837582E-05
                          0.1049712711376755E-05
                          0.1053387722232001E-05
                          0.1057072374224449E-05
                          0.1060766684204744E-05
                          0.1064470669022210E-05
                          0.1068184345567012E-05
                          0.1071907730725731E-05
                          0.1075640841438772E-05
                          0.1079383694523389E-05
                          0.1083136307018570E-05
                          0.1086898695869114E-05
                          0.1090670880426361E-05
                          0.1094452883384584E-05
                          0.1098244700490174E-05
                          0.1102046353903874E-05
                          0.1105857879122704E-05
                          0.1109679282680455E-05
                          0.1113510581620085E-05
                          0.1117351793031252E-05
                          0.1121202933958681E-05
                          0.1125064021533774E-05
                          0.1128935072857025E-05
                          0.1132816105137433E-05
                          0.1136707135269130E-05
                          0.1140608180655322E-05
                          0.1144519258384319E-05
                          0.1148440385641582E-05
                          0.1152371579969915E-05
                          0.1156312857556118E-05
                          0.1160264236658084E-05
                          0.1164225734195411E-05
                          0.1168197367371268E-05
                          0.1172179153517617E-05
                          0.1176171110822048E-05
                          0.1180173253821869E-05
                          0.1184185602604486E-05
                          0.1188208173578539E-05
                          0.1192240984178017E-05
                          0.1196284051543391E-05
                          0.1200337393195565E-05
                          0.1204401026583099E-05
                          0.1208474969006756E-05
                          0.1212559237916398E-05
                          0.1216653851193971E-05
                          0.1220758825186560E-05
                          0.1224874178102987E-05
                          0.1228999927514194E-05
                          0.1233136090777116E-05
                          0.1237282688230693E-05
                          0.1241439728717034E-05
                          0.1245607238519643E-05
                          0.1249785232266044E-05
                          0.1253973727524007E-05
                          0.1258172741876108E-05
                          0.1262382292921092E-05
                          0.1266602398309348E-05
                          0.1270833075542865E-05
                          0.1275074342418093E-05
                          0.1279326216465056E-05
                          0.1283588715456646E-05
                          0.1287861857489724E-05
                          0.1292145658892148E-05
                          0.1296440138676932E-05
                          0.1300745314239770E-05
                          0.1305061203294924E-05
                          0.1309387823550194E-05
                          0.1313725192824900E-05
                          0.1318073328896162E-05
                          0.1322432249593813E-05
                          0.1326801972639786E-05
                          0.1331182515966886E-05
                          0.1335573897388192E-05
                          0.1339976134765652E-05
                          0.1344389245975907E-05
                          0.1348813248929590E-05
                          0.1353248161481546E-05
                          0.1357694001590586E-05
                          0.1362150788044064E-05
                          0.1366618536231426E-05
                          0.1371097266671715E-05
                          0.1375586996493153E-05
                          0.1380087743690041E-05
                          0.1384599526271346E-05
                          0.1389122362260844E-05
                          0.1393656269696940E-05
                          0.1398201266795343E-05
                          0.1402757371136154E-05
                          0.1407324601289654E-05
                          0.1411902975192332E-05
                          0.1416492511019555E-05
                          0.1421093226696860E-05
                          0.1425705140570392E-05
                          0.1430328270727339E-05
                          0.1434962635474406E-05
                          0.1439608254534456E-05
                          0.1444265140680716E-05
                          0.1448933317946701E-05
                          0.1453612802421114E-05
                          0.1458303612349404E-05
                          0.1463005766812179E-05
                          0.1467719281769276E-05
                          0.1472444177928270E-05
                          0.1477180476264708E-05
                          0.1481928184526027E-05
                          0.1486687331608244E-05
                          0.1491457933688673E-05
                          0.1496240005091370E-05
                          0.1501033568229799E-05
                          0.1505838640149694E-05
                          0.1510655239255263E-05
                          0.1515483383969147E-05
                          0.1520323092726240E-05
                          0.1525174383976751E-05
                          0.1530037276213096E-05
                          0.1534911787832426E-05
                          0.1539797937411550E-05
                          0.1544695743445445E-05
                          0.1549605224417572E-05
                          0.1554526398908170E-05
                          0.1559459285460810E-05
                          0.1564403902627027E-05
                          0.1569360269000474E-05
                          0.1574328403182332E-05
                          0.1579308323780870E-05
                          0.1584300049422176E-05
                          0.1589303598748166E-05
                          0.1594318990414863E-05
                          0.1599346248322426E-05
                          0.1604385375473132E-05
                          0.1609436406240000E-05
                          0.1614499354124311E-05
                          0.1619574237850367E-05
                          0.1624661076162628E-05
                          0.1629759924396747E-05
                          0.1634870691596762E-05
                          0.1639993506279822E-05
                          0.1645128350674045E-05
                          0.1650275243614816E-05
                          0.1655434203880468E-05
                          0.1660605250372543E-05
                          0.1665788401934957E-05
                          0.1670983677444425E-05
                          0.1676191095792438E-05
                          0.1681410675940803E-05
                          0.1686642436649550E-05
                          0.1691886397001736E-05
                          0.1697142575916614E-05
                          0.1702410992338092E-05
                          0.1707691665260153E-05
                          0.1712984613672385E-05
                          0.1718289856583863E-05
                          0.1723607413023568E-05
                          0.1728937302014336E-05
                          0.1734279542626572E-05
                          0.1739634153955864E-05
                          0.1745001154976754E-05
                          0.1750380564897724E-05
                          0.1755772402793213E-05
                          0.1761176687823252E-05
                          0.1766593439029397E-05
                          0.1772022675667590E-05
                          0.1777464416875488E-05
                          0.1782918681838574E-05
                          0.1788385489757163E-05
                          0.1793864859859478E-05
                          0.1799356811335243E-05
                          0.1804861363468830E-05
                          0.1810378535505986E-05
                          0.1815908346720501E-05
                          0.1821450816400876E-05
                          0.1827005963850482E-05
                          0.1832573808386854E-05
                          0.1838154369342742E-05
                          0.1843747666065674E-05
                          0.1849353717917559E-05
                          0.1854972544277867E-05
                          0.1860604164529850E-05
                          0.1866248598088942E-05
                          0.1871905864371631E-05
                          0.1877575982850600E-05
                          0.1883258972864165E-05
                          0.1888954853997445E-05
                          0.1894663645672066E-05
                          0.1900385367402607E-05
                          0.1906120038691287E-05
                          0.1911867679061927E-05
                          0.1917628308249778E-05
                          0.1923401945217835E-05
                          0.1929188610148654E-05
                          0.1934988322354919E-05
                          0.1940801101507205E-05
                          0.1946626967193055E-05
                          0.1952465939049752E-05
                          0.1958318036687473E-05
                          0.1964183279793714E-05
                          0.1970061688029852E-05
                          0.1975953281108547E-05
                          0.1981858078642753E-05
                          0.1987776100436529E-05
                          0.1993707366190031E-05
                          0.1999651895647401E-05
                          0.2005609708567761E-05
                          0.2011580824724918E-05
                          0.2017565263907389E-05
                          0.2023563045918443E-05
                          0.2029574190624585E-05
                          0.2035598717712718E-05
                          0.2041636652363349E-05
                          0.2047687998827750E-05
                          0.2053752805665283E-05
                          0.2059831048218858E-05
                          0.2065922786097827E-05
                          0.2072028025076679E-05
                          0.2078146786141007E-05
                          0.2084279088827150E-05
                          0.2090424953208053E-05
                          0.2096584399131520E-05
                          0.2102757446699902E-05
                          0.2108944115886348E-05
                          0.2115144426722112E-05
                          0.2121358399223493E-05
                          0.2127586053522211E-05
                          0.2133827409511006E-05
                          0.2140082487440294E-05
                          0.2146351307348741E-05
                          0.2152633889355536E-05
                          0.2158930253577111E-05
                          0.2165240420163717E-05
                          0.2171564409282269E-05
                          0.2177902241123352E-05
                          0.2184253935730829E-05
                          0.2190619513603525E-05
                          0.2196998994508292E-05
                          0.2203392399061894E-05
                          0.2209799747379754E-05
                          0.2216221059740357E-05
                          0.2222656356359548E-05
                          0.2229105657583874E-05
                          0.2235568983697290E-05
                          0.2242046355017854E-05
                          0.2248537791877946E-05
                          0.2255043314625250E-05
                          0.2261562943624763E-05
                          0.2268096699244273E-05
                          0.2274644601885583E-05
                          0.2281206671948044E-05
                          0.2287782929866328E-05
                          0.2294373396045079E-05
                          0.2300978090965736E-05
                          0.2307597035079213E-05
                          0.2314230248869511E-05
                          0.2320877752829587E-05
                          0.2327539567468686E-05
                          0.2334215713319926E-05
                          0.2340906210894041E-05
                          0.2347611080772288E-05
                          0.2354330343512956E-05
                          0.2361064019717732E-05
                          0.2367812130357726E-05
                          0.2374574694824241E-05
                          0.2381351734992041E-05
                          0.2388143271066487E-05
                          0.2394949323737255E-05
                          0.2401769913653480E-05
                          0.2408605061565255E-05
                          0.2415454788004164E-05
                          0.2422319113850133E-05
                          0.2429198059765599E-05
                          0.2436091646515237E-05
                          0.2442999894849273E-05
                          0.2449922825561090E-05
                          0.2456860459382471E-05
                          0.2463812817175117E-05
                          0.2470779919745159E-05
                          0.2477761787902527E-05
                          0.2484758442503095E-05
                          0.2491769904423667E-05
                          0.2498796194555013E-05
                          0.2505837333720378E-05
                          0.2512893342891846E-05
                          0.2519964242970574E-05
                          0.2527050054891617E-05
                          0.2534150799605178E-05
                          0.2541266498101713E-05
                          0.2548397171290348E-05
                          0.2555542840224580E-05
                          0.2562703525905763E-05
                          0.2569879249471562E-05
                          0.2577070031601238E-05
                          0.2584275893706608E-05
                          0.2591496856737349E-05
                          0.2598732941775574E-05
                          0.2605984169918972E-05
                          0.2613250562278879E-05
                          0.2620532139982944E-05
                          0.2627828924172450E-05
                          0.2635140936003697E-05
                          0.2642468196647509E-05
                          0.2649810727315669E-05
                          0.2657168549130595E-05
                          0.2664541683480526E-05
                          0.2671930151283536E-05
                          0.2679333974069874E-05
                          0.2686753173048431E-05
                          0.2694187769358330E-05
                          0.2701637784422926E-05
                          0.2709103239510831E-05
                          0.2716584155909602E-05
                          0.2724080554982426E-05
                          0.2731592458066589E-05
                          0.2739119886524252E-05
                          0.2746662861732280E-05
                          0.2754221405082212E-05
                          0.2761795537980343E-05
                          0.2769385281847645E-05
                          0.2776990658119803E-05
                          0.2784611688247931E-05
                          0.2792248393697579E-05
                          0.2799900796072954E-05
                          0.2807568916485474E-05
                          0.2815252776877904E-05
                          0.2822952398506108E-05
                          0.2830667803103616E-05
                          0.2838399012007265E-05
                          0.2846146046960138E-05
                          0.2853908929474918E-05
                          0.2861687681161324E-05
                          0.2869482323628428E-05
                          0.2877292878550702E-05
                          0.2885119367425445E-05
                          0.2892961812053357E-05
                          0.2900820234057218E-05
                          0.2908694655175991E-05
                          0.2916585096949652E-05
                          0.2924491581254186E-05
                          0.2932414129765696E-05
                          0.2940352764228706E-05
                          0.2948307506402450E-05
                          0.2956278378060869E-05
                          0.2964265400992610E-05
                          0.2972268597001031E-05
                          0.2980287987904179E-05
                          0.2988323595534835E-05
                          0.2996375441740469E-05
                          0.3004443548383261E-05
                          0.3012527937343318E-05
                          0.3020628630504427E-05
                          0.3028745649777000E-05
                          0.3036879017086790E-05
                          0.3045028754360411E-05
                          0.3053194883555690E-05
                          0.3061377426634872E-05
                          0.3069576405578672E-05
                          0.3077791842380233E-05
                          0.3086023759050080E-05
                          0.3094272177611663E-05
                          0.3102537120103831E-05
                          0.3110818608584343E-05
                          0.3119116665107419E-05
                          0.3127431311769898E-05
                          0.3135762570664549E-05
                          0.3144110463903569E-05
                          0.3152475013614229E-05
                          0.3160856242027001E-05
                          0.3169254171029394E-05
                          0.3177668823389471E-05
                          0.3186100220220593E-05
                          0.3194548384942258E-05
                          0.3203013338731931E-05
                          0.3211495104529750E-05
                          0.3219993704343488E-05
                          0.3228509160432431E-05
                          0.3237041495070528E-05
                          0.3245590730546493E-05
                          0.3254156889163689E-05
                          0.3262739993240198E-05
                          0.3271340065154497E-05
                          0.3279957127117076E-05
                          0.3288591201628340E-05
                          0.3297242311015977E-05
                          0.3305910477675647E-05
                          0.3314595724011072E-05
                          0.3323298072445631E-05
                          0.3332017545411832E-05
                          0.3340754165469489E-05
                          0.3349507954763043E-05
                          0.3358278936162543E-05
                          0.3367067131857389E-05
                          0.3375872564541575E-05
                          0.3384695256672482E-05
                          0.3393535230811097E-05
                          0.3402392509496820E-05
                          0.3411267115300413E-05
                          0.3420159070803828E-05
                          0.3429068398604969E-05
                          0.3437995121324466E-05
                          0.3446939261561523E-05
                          0.3455900842094638E-05
                          0.3464879885245746E-05
                          0.3473876414010548E-05
                          0.3482890450966689E-05
                          0.3491922018814457E-05
                          0.3500971140269208E-05
                          0.3510037838060751E-05
                          0.3519122134933941E-05
                          0.3528224053647263E-05
                          0.3537343616975526E-05
                          0.3546480847707165E-05
                          0.3555635768645594E-05
                          0.3564808402608964E-05
                          0.3573998772430888E-05
                          0.3583206900956364E-05
                          0.3592432811050223E-05
                          0.3601676525671649E-05
                          0.3610938067464765E-05
                          0.3620217459589307E-05
                          0.3629514724860318E-05
                          0.3638829886240651E-05
                          0.3648162966690123E-05
                          0.3657513989114164E-05
                          0.3666882976558480E-05
                          0.3676269951982469E-05
                          0.3685674938410354E-05
                          0.3695097958973812E-05
                          0.3704539036381651E-05
                          0.3713998194142538E-05
                          0.3723475454809615E-05
                          0.3732970841885574E-05
                          0.3742484378325015E-05
                          0.3752016087243931E-05
                          0.3761565991758050E-05
                          0.3771134115056725E-05
                          0.3780720480320531E-05
                          0.3790325110477179E-05
                          0.3799948028910399E-05
                          0.3809589258861203E-05
                          0.3819248823484688E-05
                          0.3828926746139718E-05
                          0.3838623049686546E-05
                          0.3848337757769211E-05
                          0.3858070893531726E-05
                          0.3867822480264898E-05
                          0.3877592541271292E-05
                          0.3887381099869298E-05
                          0.3897188179391617E-05
                          0.3907013803185899E-05
                          0.3916857994614381E-05
                          0.3926720777054043E-05
                          0.3936602173896588E-05
                          0.3946502208548344E-05
                          0.3956420904430472E-05
                          0.3966358284978756E-05
                          0.3976314373644063E-05
                          0.3986289193890533E-05
                          0.3996282769199166E-05
                          0.4006295123107567E-05
                          0.4016326278995086E-05
                          0.4026376260532880E-05
                          0.4036445091164986E-05
                          0.4046532794496251E-05
                          0.4056639394077720E-05
                          0.4066764913492763E-05
                          0.4076909376337391E-05
                          0.4087072806225484E-05
                          0.4097255226783491E-05
                          0.4107456661653114E-05
                          0.4117677134494723E-05
                          0.4127916668967544E-05
                          0.4138175288769311E-05
                          0.4148453017596493E-05
                          0.4158749879164417E-05
                          0.4169065897202990E-05
                          0.4179401095456862E-05
                          0.4189755497685374E-05
                          0.4200129127662854E-05
                          0.4210522009177291E-05
                          0.4220934166035105E-05
                          0.4231365622047699E-05
                          0.4241816401054479E-05
                          0.4252286526900889E-05
                          0.4262776023449146E-05
                          0.4273284914576368E-05
                          0.4283813224174161E-05
                          0.4294360976149025E-05
                          0.4304928194509984E-05
                          0.4315514902929097E-05
                          0.4326121125620681E-05
                          0.4336746886462057E-05
                          0.4347392209433171E-05
                          0.4358057118528900E-05
                          0.4368741637757993E-05
                          0.4379445791145138E-05
                          0.4390169602731212E-05
                          0.4400913096562802E-05
                          0.4411676296715000E-05
                          0.4422459227268410E-05
                          0.4433261912382818E-05
                          0.4444084375984000E-05
                          0.4454926642385515E-05
                          0.4465788735666915E-05
                          0.4476670679986691E-05
                          0.4487572499509811E-05
                          0.4498494218428296E-05
                          0.4509435860940642E-05
                          0.4520397451262116E-05
                          0.4531379013622681E-05
                          0.4542380572267012E-05
                          0.4553402151454499E-05
                          0.4564443775459437E-05
                          0.4575505468569988E-05
                          0.4586587255090285E-05
                          0.4597689159343229E-05
                          0.4608811205647043E-05
                          0.4619953418364042E-05
                          0.4631115821851652E-05
                          0.4642298440486918E-05
                          0.4653501298661574E-05
                          0.4664724420782073E-05
                          0.4675967831269573E-05
                          0.4687231554561244E-05
                          0.4698515615103742E-05
                          0.4709820037366254E-05
                          0.4721144845827463E-05
                          0.4732490064982054E-05
                          0.4743855719339423E-05
                          0.4755241833423681E-05
                          0.4766648431775530E-05
                          0.4778075538942804E-05
                          0.4789523179499402E-05
                          0.4800991378026374E-05
                          0.4812480159121379E-05
                          0.4823989547396682E-05
                          0.4835519567479407E-05
                          0.4847070244011295E-05
                          0.4858641601648804E-05
                          0.4870233665090330E-05
                          0.4881846458940085E-05
                          0.4893480007980324E-05
                          0.4905134336899111E-05
                          0.4916809470426438E-05
                          0.4928505433307025E-05
                          0.4940222250300274E-05
                          0.4951959946180305E-05
                          0.4963718545735946E-05
                          0.4975498073770727E-05
                          0.4987298555102890E-05
                          0.4999120014565376E-05
                          0.5010962477005842E-05
                          0.5022825967286644E-05
                          0.5034710510284847E-05
                          0.5046616130892231E-05
                          0.5058542854015262E-05
                          0.5070490704575140E-05
                          0.5082459707507751E-05
                          0.5094449887763690E-05
                          0.5106461270308274E-05
                          0.5118493880121515E-05
                          0.5130547742198120E-05
                          0.5142622881547531E-05
                          0.5154719323193878E-05
                          0.5166837092175996E-05
                          0.5178976213547433E-05
                          0.5191136712376448E-05
                          0.5203318613745997E-05
                          0.5215521942753749E-05
                          0.5227746724512074E-05
                          0.5239992984148060E-05
                          0.5252260746803488E-05
                          0.5264550037634853E-05
                          0.5276860881813362E-05
                          0.5289193304524920E-05
                          0.5301547330970135E-05
                          0.5313922986364338E-05
                          0.5326320295937553E-05
                          0.5338739284934516E-05
                          0.5351179978614665E-05
                          0.5363642402252145E-05
                          0.5376126581135825E-05
                          0.5388632540569255E-05
                          0.5401160305870710E-05
                          0.5413709902373155E-05
                          0.5426281355424283E-05
                          0.5438874690386484E-05
                          0.5451489932636841E-05
                          0.5464127107567171E-05
                          0.5476786240583974E-05
                          0.5489467357108473E-05
                          0.5502170482576575E-05
                          0.5514895642438929E-05
                          0.5527642862160860E-05
                          0.5540412167222412E-05
                          0.5553203583118341E-05
                          0.5566017135358098E-05
                          0.5578852849465846E-05
                          0.5591710750980451E-05
                          0.5604590865455502E-05
                          0.5617493218459271E-05
                          0.5630417835574755E-05
                          0.5643364742399642E-05
                          0.5656333964546349E-05
                          0.5669325527641976E-05
                          0.5682339457328345E-05
                          0.5695375779261974E-05
                          0.5708434519114105E-05
                          0.5721515702570666E-05
                          0.5734619355332300E-05
                          0.5747745503114367E-05
                          0.5760894171646920E-05
                          0.5774065386674725E-05
                          0.5787259173957252E-05
                          0.5800475559268671E-05
                          0.5813714568397882E-05
                          0.5826976227148468E-05
                          0.5840260561338723E-05
                          0.5853567596801664E-05
                          0.5866897359384997E-05
                          0.5880249874951132E-05
                          0.5893625169377212E-05
                          0.5907023268555052E-05
                          0.5920444198391204E-05
                          0.5933887984806905E-05
                          0.5947354653738107E-05
                          0.5960844231135478E-05
                          0.5974356742964379E-05
                          0.5987892215204872E-05
                          0.6001450673851753E-05
                          0.6015032144914502E-05
                          0.6028636654417311E-05
                          0.6042264228399078E-05
                          0.6055914892913413E-05
                          0.6069588674028626E-05
                          0.6083285597827738E-05
                          0.6097005690408479E-05
                          0.6110748977883277E-05
                          0.6124515486379278E-05
                          0.6138305242038326E-05
                          0.6152118271016965E-05
                          0.6165954599486474E-05
                          0.6179814253632809E-05
                          0.6193697259656642E-05
                          0.6207603643773360E-05
                          0.6221533432213046E-05
                          0.6235486651220505E-05
                          0.6249463327055220E-05
                          0.6263463485991415E-05
                          0.6277487154317996E-05
                          0.6291534358338585E-05
                          0.6305605124371506E-05
                          0.6319699478749804E-05
                          0.6333817447821213E-05
                          0.6347959057948187E-05
                          0.6362124335507874E-05
                          0.6376313306892146E-05
                          0.6390525998507560E-05
                          0.6404762436775392E-05
                          0.6419022648131635E-05
                          0.6433306659026968E-05
                          0.6447614495926787E-05
                          0.6461946185311202E-05
                          0.6476301753675018E-05
                          0.6490681227527749E-05
                          0.6505084633393620E-05
                          0.6519511997811550E-05
                          0.6533963347335191E-05
                          0.6548438708532881E-05
                          0.6562938107987661E-05
                          0.6577461572297299E-05
                          0.6592009128074253E-05
                          0.6606580801945688E-05
                          0.6621176620553493E-05
                          0.6635796610554239E-05
                          0.6650440798619225E-05
                          0.6665109211434440E-05
                          0.6679801875700594E-05
                          0.6694518818133097E-05
                          0.6709260065462063E-05
                          0.6724025644432320E-05
                          0.6738815581803387E-05
                          0.6753629904349520E-05
                          0.6768468638859645E-05
                          0.6783331812137431E-05
                          0.6798219451001222E-05
                          0.6813131582284093E-05
                          0.6828068232833799E-05
                          0.6843029429512834E-05
                          0.6858015199198377E-05
                          0.6873025568782315E-05
                          0.6888060565171254E-05
                          0.6903120215286498E-05
                          0.6918204546064055E-05
                          0.6933313584454643E-05
                          0.6948447357423688E-05
                          0.6963605891951332E-05
                          0.6978789215032399E-05
                          0.6993997353676441E-05
                          0.7009230334907707E-05
                          0.7024488185765163E-05
                          0.7039770933302475E-05
                          0.7055078604588000E-05
                          0.7070411226704837E-05
                          0.7085768826750766E-05
                          0.7101151431838269E-05
                          0.7116559069094561E-05
                          0.7131991765661541E-05
                          0.7147449548695821E-05
                          0.7162932445368722E-05
                          0.7178440482866277E-05
                          0.7193973688389210E-05
                          0.7209532089152970E-05
                          0.7225115712387686E-05
                          0.7240724585338234E-05
                          0.7256358735264162E-05
                          0.7272018189439745E-05
                          0.7287702975153949E-05
                          0.7303413119710455E-05
                          0.7319148650427657E-05
                          0.7334909594638637E-05
                          0.7350695979691214E-05
                          0.7366507832947883E-05
                          0.7382345181785860E-05
                          0.7398208053597063E-05
                          0.7414096475788134E-05
                          0.7430010475780395E-05
                          0.7445950081009885E-05
                          0.7461915318927362E-05
                          0.7477906216998281E-05
                          0.7493922802702798E-05
                          0.7509965103535782E-05
                          0.7526033147006804E-05
                          0.7542126960640159E-05
                          0.7558246571974827E-05
                          0.7574392008564505E-05
                          0.7590563297977589E-05
                          0.7606760467797199E-05
                          0.7622983545621149E-05
                          0.7639232559061949E-05
                          0.7655507535746849E-05
                          0.7671808503317770E-05
                          0.7688135489431357E-05
                          0.7704488521758959E-05
                          0.7720867627986635E-05
                          0.7737272835815156E-05
                          0.7753704172959980E-05
                          0.7770161667151278E-05
                          0.7786645346133953E-05
                          0.7803155237667574E-05
                          0.7819691369526464E-05
                          0.7836253769499601E-05
                          0.7852842465390708E-05
                          0.7869457485018200E-05
                          0.7886098856215196E-05
                          0.7902766606829535E-05
                          0.7919460764723745E-05
                          0.7936181357775094E-05
                          0.7952928413875495E-05
                          0.7969701960931633E-05
                          0.7986502026864866E-05
                          0.8003328639611265E-05
                          0.8020181827121598E-05
                          0.8037061617361361E-05
                          0.8053968038310755E-05
                          0.8070901117964654E-05
                          0.8087860884332683E-05
                          0.8104847365439142E-05
                          0.8121860589323056E-05
                          0.8138900584038141E-05
                          0.8155967377652842E-05
                          0.8173060998250284E-05
                          0.8190181473928332E-05
                          0.8207328832799518E-05
                          0.8224503102991116E-05
                          0.8241704312645082E-05
                          0.8258932489918086E-05
                          0.8276187662981517E-05
                          0.8293469860021460E-05
                          0.8310779109238705E-05
                          0.8328115438848743E-05
                          0.8345478877081790E-05
                          0.8362869452182768E-05
                          0.8380287192411282E-05
                          0.8397732126041652E-05
                          0.8415204281362937E-05
                          0.8432703686678856E-05
                          0.8450230370307861E-05
                          0.8467784360583106E-05
                          0.8485365685852458E-05
                          0.8502974374478472E-05
                          0.8520610454838434E-05
                          0.8538273955324319E-05
                          0.8555964904342807E-05
                          0.8573683330315310E-05
                          0.8591429261677912E-05
                          0.8609202726881430E-05
                          0.8627003754391370E-05
                          0.8644832372687961E-05
                          0.8662688610266134E-05
                          0.8680572495635511E-05
                          0.8698484057320442E-05
                          0.8716423323859974E-05
                          0.8734390323807868E-05
                          0.8752385085732577E-05
                          0.8770407638217261E-05
                          0.8788458009859823E-05
                          0.8806536229272813E-05
                          0.8824642325083546E-05
                          0.8842776325934003E-05
                          0.8860938260480881E-05
                          0.8879128157395606E-05
                          0.8897346045364284E-05
                          0.8915591953087735E-05
                          0.8933865909281500E-05
                          0.8952167942675800E-05
                          0.8970498082015586E-05
                          0.8988856356060507E-05
                          0.9007242793584925E-05
                          0.9025657423377889E-05
                          0.9044100274243178E-05
                          0.9062571374999266E-05
                          0.9081070754479342E-05
                          0.9099598441531283E-05
                          0.9118154465017699E-05
                          0.9136738853815893E-05
                          0.9155351636817870E-05
                          0.9173992842930338E-05
                          0.9192662501074743E-05
                          0.9211360640187202E-05
                          0.9230087289218550E-05
                          0.9248842477134337E-05
                          0.9267626232914811E-05
                          0.9286438585554930E-05
                          0.9305279564064367E-05
                          0.9324149197467470E-05
                          0.9343047514803343E-05
                          0.9361974545125761E-05
                          0.9380930317503213E-05
                          0.9399914861018892E-05
                          0.9418928204770715E-05
                          0.9437970377871281E-05
                          0.9457041409447922E-05
                          0.9476141328642667E-05
                          0.9495270164612217E-05
                          0.9514427946528035E-05
                          0.9533614703576271E-05
                          0.9552830464957767E-05
                          0.9572075259888083E-05
                          0.9591349117597485E-05
                          0.9610652067330942E-05
                          0.9629984138348143E-05
                          0.9649345359923467E-05
                          0.9668735761346010E-05
                          0.9688155371919568E-05
                          0.9707604220962643E-05
                          0.9727082337808462E-05
                          0.9746589751804928E-05
                          0.9766126492314686E-05
                          0.9785692588715056E-05
