 Longwave optical depth [dimless]
  0.1459E+02
  0.1682E+02
  0.1971E+02
  0.2364E+02
  0.2910E+02
  0.3445E+02
  0.4486E+02
  0.5790E+02
  0.1177E+03
  0.1838E+03
  0.2420E+03
  0.3516E+03
  0.5232E+03
  0.8953E+03
  0.1440E+04
  0.1037E+04
  0.7219E+03
  0.6790E+03
  0.8386E+03
  0.1217E+04
  0.1081E+04
  0.8532E+03
  0.8402E+03
  0.9628E+03
  0.1301E+04
  0.1867E+04
  0.2472E+04
  0.3356E+04
  0.5845E+04
  0.7589E+04
  0.8186E+04
  0.6714E+04
  0.5077E+04
  0.3379E+04
  0.2775E+04
  0.2845E+04
  0.3715E+04
  0.4790E+04
  0.3673E+04
  0.3431E+04
  0.4066E+04
  0.5781E+04
  0.9394E+04
  0.1575E+05
  0.2123E+05
  0.1914E+05
  0.1212E+05
  0.8774E+04
  0.7408E+04
  0.8195E+04
  0.7787E+04
  0.6506E+04
  0.5366E+04
  0.5974E+04
  0.7208E+04
  0.7667E+04
  0.1006E+05
  0.1556E+05
  0.1773E+05
  0.1665E+05
  0.1443E+05
  0.1142E+05
  0.1345E+05
  0.1606E+05
  0.1349E+05
  0.1357E+05
  0.1087E+05
  0.1108E+05
  0.1549E+05
  0.2861E+05
  0.3558E+05
  0.2394E+05
  0.2232E+05
  0.2984E+05
  0.2386E+05
  0.1765E+05
  0.1927E+05
  0.1979E+05
  0.2979E+05
  0.4341E+05
  0.4317E+05
  0.2404E+05
  0.2105E+05
  0.2626E+05
  0.2295E+05
  0.1580E+05
  0.1238E+05
  0.1236E+05
  0.1618E+05
  0.1181E+05
  0.8571E+04
  0.7898E+04
  0.8883E+04
  0.1157E+05
  0.1535E+05
  0.2518E+05
  0.3477E+05
  0.4192E+05
  0.2293E+05
  0.1965E+05
  0.2911E+05
  0.3752E+05
  0.2298E+05
  0.1774E+05
  0.2223E+05
  0.3386E+05
  0.2692E+05
  0.1658E+05
  0.1405E+05
  0.1763E+05
  0.3761E+05
  0.4104E+05
  0.2528E+05
  0.1518E+05
  0.1155E+05
  0.1155E+05
  0.1416E+05
  0.2144E+05
  0.4122E+05
  0.6811E+05
  0.7566E+05
  0.4416E+05
  0.3730E+05
  0.2261E+05
  0.1938E+05
  0.3127E+05
  0.2725E+05
  0.1261E+05
  0.8875E+04
  0.7707E+04
  0.7607E+04
  0.8707E+04
  0.1239E+05
  0.1551E+05
  0.2129E+05
  0.4232E+05
  0.4169E+05
  0.2405E+05
  0.2170E+05
  0.1883E+05
  0.3572E+05
  0.2630E+05
  0.1797E+05
  0.1209E+05
  0.1485E+05
  0.1092E+05
  0.7555E+04
  0.6526E+04
  0.7193E+04
  0.1066E+05
  0.1328E+05
  0.8329E+04
  0.6684E+04
  0.7754E+04
  0.1522E+05
  0.1616E+05
  0.9555E+04
  0.1071E+05
  0.1199E+05
  0.1813E+05
  0.3761E+05
  0.9891E+05
  0.7585E+05
  0.3097E+05
  0.2073E+05
  0.2522E+05
  0.3735E+05
  0.2042E+05
  0.1222E+05
  0.1442E+05
  0.1117E+05
  0.1074E+05
  0.6450E+04
  0.5624E+04
  0.5965E+04
  0.7923E+04
  0.1331E+05
  0.1552E+05
  0.1542E+05
  0.1718E+05
  0.3052E+05
  0.4773E+05
  0.3790E+05
  0.1561E+05
  0.1167E+05
  0.6686E+04
  0.4841E+04
  0.3665E+04
  0.3142E+04
  0.2899E+04
  0.2857E+04
  0.2991E+04
  0.3409E+04
  0.4383E+04
  0.6852E+04
  0.1211E+05
  0.1567E+05
  0.2307E+05
  0.2322E+05
  0.1299E+05
  0.1143E+05
  0.1998E+05
  0.6788E+05
  0.4308E+05
  0.1350E+05
  0.6755E+04
  0.4236E+04
  0.3122E+04
  0.2581E+04
  0.2372E+04
  0.2468E+04
  0.3203E+04
  0.5055E+04
  0.3787E+04
  0.2425E+04
  0.2096E+04
  0.2150E+04
  0.2499E+04
  0.3052E+04
  0.4704E+04
  0.8661E+04
  0.1911E+05
  0.3921E+05
  0.1722E+05
  0.1412E+05
  0.1724E+05
  0.8447E+04
  0.4745E+04
  0.3455E+04
  0.3682E+04
  0.5981E+04
  0.7863E+04
  0.4261E+04
  0.2454E+04
  0.1810E+04
  0.1605E+04
  0.1635E+04
  0.1948E+04
  0.2699E+04
  0.3870E+04
  0.8370E+04
  0.2754E+05
  0.3499E+05
  0.7693E+04
  0.3287E+04
  0.1945E+04
  0.1433E+04
  0.1209E+04
  0.1097E+04
  0.1135E+04
  0.1457E+04
  0.2376E+04
  0.1761E+04
  0.1200E+04
  0.1129E+04
  0.1331E+04
  0.1953E+04
  0.3739E+04
  0.8554E+04
  0.6166E+04
  0.5157E+04
  0.1559E+05
  0.8287E+04
  0.2713E+04
  0.1615E+04
  0.1441E+04
  0.1929E+04
  0.3453E+04
  0.2574E+04
  0.1388E+04
  0.1087E+04
  0.1298E+04
  0.1403E+04
  0.1118E+04
  0.1126E+04
  0.8391E+03
  0.8699E+03
  0.1113E+04
  0.2498E+04
  0.1597E+05
  0.5101E+04
  0.6044E+04
  0.3624E+04
  0.4195E+04
  0.2243E+04
  0.2551E+04
  0.1660E+04
  0.8850E+03
  0.5716E+03
  0.4509E+03
  0.3881E+03
  0.3585E+03
  0.3626E+03
  0.4237E+03
  0.6330E+03
  0.1145E+04
  0.8377E+03
  0.7526E+03
  0.1663E+04
  0.4645E+04
  0.2945E+04
  0.1005E+04
  0.4997E+03
  0.3602E+03
  0.3367E+03
  0.3984E+03
  0.6897E+03
  0.1041E+04
  0.7024E+03
  0.3902E+03
  0.2884E+03
  0.2692E+03
  0.2832E+03
  0.3863E+03
  0.1105E+04
  0.1570E+04
  0.1243E+04
  0.1991E+04
  0.1972E+04
  0.1199E+04
  0.6113E+03
  0.3152E+03
  0.2279E+03
  0.1925E+03
  0.1734E+03
  0.1593E+03
  0.1545E+03
  0.1560E+03
  0.1631E+03
  0.1828E+03
  0.2217E+03
  0.3043E+03
  0.4912E+03
  0.1065E+04
  0.2287E+04
  0.2283E+04
  0.1040E+04
  0.6709E+03
  0.5654E+03
  0.3598E+03
  0.2805E+03
  0.1848E+03
  0.1558E+03
  0.1621E+03
  0.2052E+03
  0.1563E+03
  0.1314E+03
  0.1456E+03
  0.3396E+03
  0.1713E+03
  0.1278E+03
  0.1548E+03
  0.2599E+03
  0.3644E+03
  0.4189E+03
  0.1791E+03
  0.1631E+03
  0.1740E+03
  0.1066E+03
  0.1036E+03
  0.1254E+03
  0.1858E+03
  0.2018E+03
  0.2178E+03
  0.3905E+03
  0.9330E+03
  0.7485E+03
  0.2976E+03
  0.2297E+03
  0.1381E+03
  0.9897E+02
  0.8815E+02
  0.9060E+02
  0.1209E+03
  0.1475E+03
  0.1494E+03
  0.2691E+03
  0.5833E+03
  0.3446E+03
  0.1578E+03
  0.1237E+03
  0.8409E+02
  0.7166E+02
  0.7253E+02
  0.8699E+02
  0.1187E+03
  0.2229E+03
  0.1838E+03
  0.1328E+03
  0.7303E+02
  0.6158E+02
  0.6451E+02
  0.8929E+02
  0.1134E+03
  0.7160E+02
  0.5609E+02
  0.5049E+02
  0.5107E+02
  0.5728E+02
  0.7819E+02
  0.1564E+03
  0.3618E+03
  0.1566E+03
  0.1146E+03
  0.1666E+03
  0.2161E+03
  0.1171E+03
  0.8412E+02
  0.7470E+02
  0.6741E+02
  0.7250E+02
  0.9659E+02
  0.1619E+03
  0.2474E+03
  0.2034E+03
  0.2088E+03
  0.1305E+03
  0.1151E+03
  0.1313E+03
  0.2111E+03
  0.4385E+03
  0.2142E+03
  0.1511E+03
  0.1333E+03
  0.1296E+03
  0.1338E+03
  0.1452E+03
  0.1482E+03
  0.1600E+03
  0.1436E+03
  0.1390E+03
  0.1564E+03
  0.1974E+03
  0.2938E+03
  0.6175E+03
  0.1277E+04
  0.8160E+03
  0.4361E+03
  0.2821E+03
  0.2605E+03
  0.2124E+03
  0.1975E+03
  0.2050E+03
  0.2309E+03
  0.2507E+03
  0.2505E+03
  0.2617E+03
  0.2964E+03
  0.3546E+03
  0.3911E+03
  0.4465E+03
  0.5293E+03
  0.6467E+03
  0.7835E+03
  0.9237E+03
  0.1159E+04
  0.1342E+04
  0.1569E+04
  0.1937E+04
  0.2540E+04
  0.3332E+04
  0.3624E+04
  0.4260E+04
  0.5486E+04
  0.7354E+04
  0.8607E+04
  0.9418E+04
  0.1118E+05
  0.1432E+05
  0.1991E+05
  0.2094E+05
  0.2318E+05
  0.2793E+05
  0.3706E+05
  0.4928E+05
  0.5208E+05
  0.6416E+05
  0.8592E+05
  0.8623E+05
  0.8955E+05
  0.8365E+05
  0.8582E+05
  0.9727E+05
  0.1230E+06
  0.1194E+06
  0.1098E+06
  0.1094E+06
  0.1193E+06
  0.1436E+06
  0.1396E+06
  0.1574E+06
  0.2283E+06
  0.4474E+06
  0.1174E+07
  0.7628E+06
  0.3195E+06
  0.2215E+06
  0.1997E+06
  0.2021E+06
  0.2240E+06
  0.2683E+06
  0.3356E+06
  0.3931E+06
  0.4687E+06
  0.5886E+06
  0.7674E+06
  0.8837E+06
  0.1002E+07
  0.1263E+07
  0.1480E+07
  0.2011E+07
  0.3187E+07
  0.2940E+07
  0.3144E+07
  0.3652E+07
  0.4492E+07
  0.6234E+07
  0.9385E+07
  0.9375E+07
  0.7857E+07
  0.7835E+07
  0.9184E+07
  0.1315E+08
  0.1206E+08
  0.9787E+07
  0.9280E+07
  0.9806E+07
  0.1170E+08
  0.1321E+08
  0.1089E+08
  0.1204E+08
  0.1766E+08
  0.3600E+08
  0.1443E+09
  0.9512E+08
  0.3791E+08
  0.2104E+08
  0.1463E+08
  0.1269E+08
  0.1352E+08
  0.2145E+08
  0.1460E+08
  0.1207E+08
  0.1178E+08
  0.1365E+08
  0.1976E+08
  0.1130E+08
  0.9315E+07
  0.9111E+07
  0.1085E+08
  0.9236E+07
  0.6358E+07
  0.5393E+07
  0.5386E+07
  0.6944E+07
  0.3603E+07
  0.2729E+07
  0.2438E+07
  0.2515E+07
  0.1819E+07
  0.1284E+07
  0.1060E+07
  0.9729E+06
  0.8285E+06
  0.5755E+06
  0.4836E+06
  0.4083E+06
  0.3708E+06
  0.2772E+06
  0.2492E+06
  0.2292E+06
  0.2078E+06
  0.2023E+06
  0.2594E+06
  0.4701E+06
  0.1092E+07
  0.9664E+06
  0.3485E+06
  0.1869E+06
  0.1308E+06
  0.1118E+06
  0.1141E+06
  0.1448E+06
  0.1205E+06
  0.1116E+06
  0.1107E+06
  0.1168E+06
  0.1339E+06
  0.1234E+06
  0.1029E+06
  0.9364E+05
  0.9356E+05
  0.1059E+06
  0.1029E+06
  0.6963E+05
  0.5306E+05
  0.4280E+05
  0.3758E+05
  0.3442E+05
  0.3157E+05
  0.2310E+05
  0.1773E+05
  0.1437E+05
  0.1225E+05
  0.1081E+05
  0.9543E+04
  0.7018E+04
  0.5301E+04
  0.4256E+04
  0.3526E+04
  0.3010E+04
  0.2547E+04
  0.2003E+04
  0.1554E+04
  0.1294E+04
  0.1118E+04
  0.1019E+04
  0.8159E+03
  0.6677E+03
  0.5861E+03
  0.5405E+03
  0.5185E+03
  0.4494E+03
  0.3983E+03
  0.3722E+03
  0.3667E+03
  0.3661E+03
  0.3286E+03
  0.3255E+03
  0.3722E+03
  0.5183E+03
  0.9355E+03
  0.2352E+04
  0.2756E+04
  0.1187E+04
  0.6302E+03
  0.4435E+03
  0.3871E+03
  0.3983E+03
  0.3834E+03
  0.3541E+03
  0.3432E+03
  0.3520E+03
  0.3774E+03
  0.3556E+03
  0.3070E+03
  0.2784E+03
  0.2666E+03
  0.2670E+03
  0.2387E+03
  0.1929E+03
  0.1637E+03
  0.1467E+03
  0.1339E+03
  0.1140E+03
  0.8724E+02
  0.7034E+02
  0.6010E+02
  0.5355E+02
  0.4612E+02
  0.4033E+02
  0.4836E+02
  0.6288E+02
  0.3699E+02
  0.2352E+02
  0.1673E+02
  0.1341E+02
  0.1162E+02
  0.1057E+02
  0.9584E+01
  0.8943E+01
  0.8760E+01
  0.8159E+01
  0.7544E+01
  0.7073E+01
  0.6818E+01
  0.6597E+01
  0.6120E+01
  0.5688E+01
  0.5652E+01
  0.5387E+01
  0.5552E+01
  0.4772E+01
  0.4375E+01
  0.4248E+01
  0.4382E+01
  0.3800E+01
  0.3619E+01
  0.4158E+01
  0.6092E+01
  0.1109E+02
  0.1118E+02
  0.5469E+01
  0.3494E+01
  0.2843E+01
  0.2667E+01
  0.2842E+01
  0.2789E+01
  0.2696E+01
  0.2757E+01
  0.2908E+01
  0.3030E+01
  0.3372E+01
  0.3316E+01
  0.3359E+01
  0.3906E+01
  0.3958E+01
  0.4265E+01
  0.5017E+01
  0.5147E+01
  0.5600E+01
  0.6421E+01
  0.6763E+01
  0.7127E+01
  0.8216E+01
  0.9204E+01
  0.9324E+01
  0.1052E+02
  0.1264E+02
  0.1209E+02
  0.1333E+02
  0.1504E+02
  0.1575E+02
  0.1650E+02
  0.1761E+02
  0.1846E+02
  0.1989E+02
  0.2094E+02
  0.2061E+02
  0.2302E+02
  0.2349E+02
  0.2647E+02
  0.2890E+02
  0.3119E+02
  0.3766E+02
  0.3684E+02
  0.4400E+02
  0.4607E+02
  0.4914E+02
  0.6404E+02
  0.6111E+02
  0.7820E+02
  0.8861E+02
  0.9347E+02
  0.1316E+03
  0.1301E+03
  0.1464E+03
  0.2004E+03
  0.1857E+03
  0.2122E+03
  0.2739E+03
  0.2499E+03
  0.2782E+03
  0.3578E+03
  0.3162E+03
  0.3291E+03
  0.4038E+03
  0.3734E+03
  0.3507E+03
  0.3794E+03
  0.4063E+03
  0.3364E+03
  0.3075E+03
  0.3013E+03
  0.2761E+03
  0.2053E+03
  0.1594E+03
  0.1276E+03
  0.1129E+03
  0.1376E+03
  0.1908E+03
  0.2670E+03
  0.3255E+03
  0.3616E+03
  0.3937E+03
  0.4242E+03
  0.4514E+03
  0.4723E+03
  0.4832E+03
  0.4814E+03
  0.4655E+03
  0.4348E+03
  0.3950E+03
  0.3477E+03
  0.2977E+03
  0.2474E+03
  0.2011E+03
  0.1606E+03
  0.1263E+03
  0.9895E+02
  0.7678E+02
  0.5573E+02
  0.4066E+02
  0.2953E+02
  0.2149E+02
  0.1632E+02
  0.1210E+02
  0.9824E+01
  0.8805E+01
  0.7168E+01
  0.7001E+01
  0.7197E+01
  0.6470E+01
  0.6644E+01
  0.7559E+01
  0.7388E+01
  0.7266E+01
  0.8960E+01
  0.8906E+01
  0.1074E+02
  0.1029E+02
  0.1325E+02
  0.1429E+02
  0.1641E+02
  0.2283E+02
  0.2362E+02
  0.3688E+02
  0.3624E+02
  0.4769E+02
  0.5805E+02
  0.6274E+02
  0.9516E+02
  0.8883E+02
  0.1141E+03
  0.1372E+03
  0.1396E+03
  0.2011E+03
  0.1947E+03
  0.2184E+03
  0.3059E+03
  0.2752E+03
  0.3255E+03
  0.4125E+03
  0.3758E+03
  0.4429E+03
  0.5405E+03
  0.4835E+03
  0.5389E+03
  0.6736E+03
  0.5749E+03
  0.5800E+03
  0.6799E+03
  0.6266E+03
  0.5531E+03
  0.5485E+03
  0.5745E+03
  0.4550E+03
  0.3686E+03
  0.3093E+03
  0.2560E+03
  0.2093E+03
  0.2411E+03
  0.3407E+03
  0.4330E+03
  0.5042E+03
  0.5748E+03
  0.6491E+03
  0.7237E+03
  0.7977E+03
  0.8583E+03
  0.8962E+03
  0.9044E+03
  0.8800E+03
  0.8263E+03
  0.7568E+03
  0.6723E+03
  0.5806E+03
  0.4877E+03
  0.4026E+03
  0.3277E+03
  0.2648E+03
  0.2134E+03
  0.1667E+03
  0.1230E+03
  0.9131E+02
  0.6746E+02
  0.4814E+02
  0.3495E+02
  0.2510E+02
  0.1811E+02
  0.1313E+02
  0.9435E+01
  0.6790E+01
  0.5017E+01
  0.4057E+01
  0.3145E+01
  0.2147E+01
  0.1664E+01
  0.1531E+01
  0.1161E+01
  0.7889E+00
  0.5987E+00
  0.4641E+00
  0.4260E+00
  0.4363E+00
  0.6053E+00
  0.1238E+01
  0.6221E+00
  0.3719E+00
  0.3015E+00
  0.2807E+00
  0.2769E+00
  0.2907E+00
  0.3206E+00
  0.3750E+00
  0.4968E+00
  0.8173E+00
  0.1898E+01
  0.2835E+01
  0.1618E+01
  0.8173E+00
  0.4997E+00
  0.3912E+00
  0.3400E+00
  0.3174E+00
  0.3180E+00
  0.3443E+00
  0.4305E+00
  0.7156E+00
  0.9812E+00
  0.7893E+00
  0.8773E+00
  0.5523E+00
  0.4091E+00
  0.3507E+00
  0.3360E+00
  0.3406E+00
  0.3572E+00
  0.3927E+00
  0.4911E+00
  0.7070E+00
  0.1218E+01
  0.1129E+01
  0.7406E+00
  0.6735E+00
  0.7716E+00
  0.1051E+01
  0.1856E+01
  0.4519E+01
  0.6512E+01
  0.2571E+01
  0.1313E+01
  0.9399E+00
  0.7778E+00
  0.7570E+00
  0.7681E+00
  0.9513E+00
  0.1484E+01
  0.3144E+01
  0.4399E+01
  0.2010E+01
  0.1169E+01
  0.9332E+00
  0.8165E+00
  0.8811E+00
  0.9103E+00
  0.1264E+01
  0.2382E+01
  0.2930E+01
  0.1505E+01
  0.1064E+01
  0.9523E+00
  0.9810E+00
  0.1113E+01
  0.1370E+01
  0.1543E+01
  0.1998E+01
  0.2997E+01
  0.5393E+01
  0.7255E+01
  0.4674E+01
  0.3828E+01
  0.3943E+01
  0.5036E+01
  0.6771E+01
  0.6172E+01
  0.6815E+01
  0.8295E+01
  0.1028E+02
  0.1535E+02
  0.1552E+02
  0.1423E+02
  0.1558E+02
  0.2015E+02
  0.2128E+02
  0.2438E+02
  0.3170E+02
  0.3411E+02
  0.3832E+02
  0.4809E+02
  0.5363E+02
  0.5662E+02
  0.6775E+02
  0.8122E+02
  0.8174E+02
  0.8884E+02
  0.1125E+03
  0.8999E+02
  0.9030E+02
  0.1145E+03
  0.8904E+02
  0.7978E+02
  0.8202E+02
  0.6930E+02
  0.5355E+02
  0.4703E+02
  0.4399E+02
  0.5264E+02
  0.5734E+02
  0.7912E+02
  0.6770E+02
  0.7690E+02
  0.1017E+03
  0.1037E+03
  0.1060E+03
  0.1212E+03
  0.1426E+03
  0.1207E+03
  0.1012E+03
  0.1144E+03
  0.8540E+02
  0.7492E+02
  0.7474E+02
  0.7247E+02
  0.5701E+02
  0.5056E+02
  0.5443E+02
  0.4117E+02
  0.3853E+02
  0.4830E+02
  0.4134E+02
  0.2774E+02
  0.2252E+02
  0.1681E+02
  0.1414E+02
  0.1280E+02
  0.1585E+02
  0.1349E+02
  0.9232E+01
  0.8043E+01
  0.7833E+01
  0.7726E+01
  0.8238E+01
  0.9985E+01
  0.1293E+02
  0.1965E+02
  0.2440E+02
  0.2027E+02
  0.2895E+02
  0.7761E+02
  0.6962E+02
  0.7074E+02
  0.6488E+02
  0.9629E+02
  0.1174E+03
  0.9953E+02
  0.6512E+02
  0.3512E+02
  0.2811E+02
  0.2267E+02
  0.2222E+02
  0.2228E+02
  0.2424E+02
  0.2886E+02
  0.2971E+02
  0.3413E+02
  0.4337E+02
  0.6644E+02
  0.1605E+03
  0.2030E+03
  0.3531E+03
  0.3395E+03
  0.2344E+03
  0.1244E+03
  0.9820E+02
  0.9676E+02
  0.1049E+03
  0.1103E+03
  0.1357E+03
  0.1589E+03
  0.1480E+03
  0.1431E+03
  0.1630E+03
  0.2308E+03
  0.1743E+03
  0.1699E+03
  0.1967E+03
  0.2734E+03
  0.7006E+03
  0.5672E+03
  0.6593E+03
  0.2449E+03
  0.1700E+03
  0.2018E+03
  0.3100E+03
  0.2488E+03
  0.2691E+03
  0.4085E+03
  0.7251E+03
  0.6407E+03
  0.4319E+03
  0.3177E+03
  0.2882E+03
  0.2680E+03
  0.2219E+03
  0.2269E+03
  0.2557E+03
  0.3099E+03
  0.5815E+03
  0.1672E+04
  0.6644E+03
  0.3686E+03
  0.3626E+03
  0.4698E+03
  0.1011E+04
  0.1512E+04
  0.9647E+03
  0.8867E+03
  0.1038E+04
  0.8923E+03
  0.4833E+03
  0.3729E+03
  0.4404E+03
  0.6542E+03
  0.4365E+03
  0.2864E+03
  0.2451E+03
  0.2690E+03
  0.2859E+03
  0.3008E+03
  0.3147E+03
  0.4212E+03
  0.7488E+03
  0.1678E+04
  0.2530E+04
  0.3136E+04
  0.1212E+04
  0.7749E+03
  0.8519E+03
  0.6458E+03
  0.4694E+03
  0.4786E+03
  0.6573E+03
  0.1021E+04
  0.7374E+03
  0.6727E+03
  0.8049E+03
  0.1233E+04
  0.2963E+04
  0.2692E+04
  0.1158E+04
  0.6867E+03
  0.5321E+03
  0.4731E+03
  0.4703E+03
  0.5223E+03
  0.6810E+03
  0.1110E+04
  0.1094E+04
  0.8003E+03
  0.8527E+03
  0.1104E+04
  0.1379E+04
  0.2628E+04
  0.5470E+04
  0.5898E+04
  0.3669E+04
  0.2103E+04
  0.1391E+04
  0.1290E+04
  0.1714E+04
  0.2506E+04
  0.1700E+04
  0.1212E+04
  0.1162E+04
  0.1497E+04
  0.2627E+04
  0.3853E+04
  0.3992E+04
  0.2331E+04
  0.2377E+04
  0.1419E+04
  0.9688E+03
  0.8787E+03
  0.9730E+03
  0.8778E+03
  0.8753E+03
  0.1030E+04
  0.1476E+04
  0.2100E+04
  0.2149E+04
  0.2768E+04
  0.2427E+04
  0.1678E+04
  0.1688E+04
  0.2517E+04
  0.4555E+04
  0.3337E+04
  0.3150E+04
  0.2393E+04
  0.2050E+04
  0.2265E+04
  0.3153E+04
  0.5681E+04
  0.7988E+04
  0.7481E+04
  0.4804E+04
  0.3460E+04
  0.2556E+04
  0.2657E+04
  0.2157E+04
  0.2537E+04
  0.3221E+04
  0.3951E+04
  0.3488E+04
  0.4721E+04
  0.6651E+04
  0.5345E+04
  0.3851E+04
  0.3737E+04
  0.3384E+04
  0.2769E+04
  0.2476E+04
  0.2101E+04
  0.2289E+04
  0.3026E+04
  0.4103E+04
  0.3428E+04
  0.3376E+04
  0.4811E+04
  0.8423E+04
  0.9615E+04
  0.8032E+04
  0.6853E+04
  0.4691E+04
  0.4075E+04
  0.2992E+04
  0.2246E+04
  0.2159E+04
  0.2425E+04
  0.2342E+04
  0.2682E+04
  0.3931E+04
  0.4728E+04
  0.5213E+04
  0.8246E+04
  0.1062E+05
  0.9977E+04
  0.6481E+04
  0.3735E+04
  0.2851E+04
  0.2710E+04
  0.2278E+04
  0.2308E+04
  0.3115E+04
  0.3772E+04
  0.2698E+04
  0.2299E+04
  0.2707E+04
  0.4301E+04
  0.6714E+04
  0.4309E+04
  0.2415E+04
  0.1597E+04
  0.1223E+04
  0.1026E+04
  0.8757E+03
  0.7937E+03
  0.7277E+03
  0.6959E+03
  0.6841E+03
  0.6869E+03
  0.6761E+03
  0.6955E+03
  0.7322E+03
  0.7523E+03
  0.7031E+03
  0.6504E+03
  0.6382E+03
  0.6540E+03
  0.7052E+03
  0.7211E+03
  0.7473E+03
  0.7260E+03
  0.7897E+03
  0.8969E+03
  0.9698E+03
  0.1049E+04
  0.1071E+04
  0.1255E+04
  0.1720E+04
  0.2842E+04
  0.5284E+04
  0.5003E+04
  0.2804E+04
  0.1964E+04
  0.1881E+04
  0.2424E+04
  0.3021E+04
  0.2148E+04
  0.1805E+04
  0.2089E+04
  0.1905E+04
  0.1587E+04
  0.1630E+04
  0.2032E+04
  0.3151E+04
  0.5567E+04
  0.5614E+04
  0.3749E+04
  0.2511E+04
  0.1958E+04
  0.1812E+04
  0.1932E+04
  0.2430E+04
  0.3899E+04
  0.5756E+04
  0.5014E+04
  0.4337E+04
  0.4383E+04
  0.6784E+04
  0.1208E+05
  0.1118E+05
  0.6673E+04
  0.3746E+04
  0.2528E+04
  0.2028E+04
  0.1940E+04
  0.2229E+04
  0.3022E+04
  0.2629E+04
  0.1971E+04
  0.1912E+04
  0.2402E+04
  0.3670E+04
  0.3933E+04
  0.3277E+04
  0.2747E+04
  0.2881E+04
  0.4406E+04
  0.3590E+04
  0.2315E+04
  0.2045E+04
  0.2337E+04
  0.2788E+04
  0.4276E+04
  0.7193E+04
  0.9618E+04
  0.5100E+04
  0.3033E+04
  0.2463E+04
  0.2252E+04
  0.2079E+04
  0.2265E+04
  0.3196E+04
  0.6118E+04
  0.8927E+04
  0.5676E+04
  0.5835E+04
  0.8853E+04
  0.7240E+04
  0.3994E+04
  0.3215E+04
  0.3172E+04
  0.2945E+04
  0.2196E+04
  0.1639E+04
  0.1567E+04
  0.1463E+04
  0.1611E+04
  0.2414E+04
  0.3858E+04
  0.4378E+04
  0.7255E+04
  0.4723E+04
  0.2459E+04
  0.1509E+04
  0.1214E+04
  0.1175E+04
  0.9480E+03
  0.8787E+03
  0.9401E+03
  0.1170E+04
  0.1712E+04
  0.1968E+04
  0.3596E+04
  0.7140E+04
  0.5473E+04
  0.2719E+04
  0.1962E+04
  0.2243E+04
  0.2960E+04
  0.1896E+04
  0.1490E+04
  0.1428E+04
  0.1188E+04
  0.1277E+04
  0.1586E+04
  0.1866E+04
  0.1938E+04
  0.4215E+04
  0.1743E+04
  0.9321E+03
  0.8582E+03
  0.1279E+04
  0.1318E+04
  0.9253E+03
  0.9835E+03
  0.1654E+04
  0.1673E+04
  0.9460E+03
  0.7226E+03
  0.7702E+03
  0.1496E+04
  0.2125E+04
  0.1682E+04
  0.3012E+04
  0.4436E+04
  0.2853E+04
  0.1531E+04
  0.1065E+04
  0.7218E+03
  0.6727E+03
  0.8068E+03
  0.8405E+03
  0.5508E+03
  0.5364E+03
  0.1784E+04
  0.5099E+03
  0.4616E+03
  0.5843E+03
  0.9741E+03
  0.1772E+04
  0.2602E+04
  0.1708E+04
  0.9656E+03
  0.8084E+03
  0.6221E+03
  0.7822E+03
  0.9948E+03
  0.1132E+04
  0.7858E+03
  0.3744E+03
  0.2892E+03
  0.2714E+03
  0.3536E+03
  0.3544E+03
  0.5086E+03
  0.5464E+03
  0.3631E+03
  0.2358E+03
  0.1911E+03
  0.1804E+03
  0.4859E+03
  0.1734E+03
  0.1865E+03
  0.2237E+03
  0.3373E+03
  0.4935E+03
  0.9798E+03
  0.7601E+03
  0.6304E+03
  0.9880E+03
  0.1499E+04
  0.8867E+03
  0.4489E+03
  0.3159E+03
  0.2550E+03
  0.2715E+03
  0.3151E+03
  0.2629E+03
  0.2891E+03
  0.4282E+03
  0.8830E+03
  0.2261E+04
  0.2026E+04
  0.8037E+03
  0.5287E+03
  0.3630E+03
  0.2167E+03
  0.1660E+03
  0.1430E+03
  0.1262E+03
  0.1167E+03
  0.1136E+03
  0.1218E+03
  0.1400E+03
  0.1303E+03
  0.1512E+03
  0.1462E+03
  0.1812E+03
  0.2707E+03
  0.4781E+03
  0.7898E+03
  0.1191E+04
  0.1046E+04
  0.4430E+03
  0.2390E+03
  0.1627E+03
  0.1266E+03
  0.1086E+03
  0.9957E+02
  0.9946E+02
  0.1087E+03
  0.1224E+03
  0.1147E+03
  0.1378E+03
  0.1672E+03
  0.1794E+03
  0.2499E+03
  0.4504E+03
  0.5893E+03
  0.3472E+03
  0.2895E+03
  0.3378E+03
  0.4892E+03
  0.5350E+03
  0.5217E+03
  0.5125E+03
  0.5561E+03
  0.6534E+03
  0.8294E+03
  0.1102E+04
  0.1348E+04
  0.1261E+04
  0.1302E+04
  0.1427E+04
  0.1686E+04
  0.2089E+04
  0.2521E+04
  0.1937E+04
  0.1784E+04
  0.1899E+04
  0.2678E+04
  0.3193E+04
  0.2265E+04
  0.1605E+04
  0.1454E+04
  0.1328E+04
  0.1224E+04
  0.1258E+04
  0.7412E+03
  0.6588E+03
  0.8074E+03
  0.1465E+04
  0.5636E+04
  0.4318E+04
  0.1767E+04
  0.8490E+03
  0.4792E+03
  0.3329E+03
  0.2859E+03
  0.3570E+03
  0.6065E+03
  0.3077E+03
  0.1882E+03
  0.1587E+03
  0.1191E+03
  0.9294E+02
  0.8870E+02
  0.1014E+03
  0.1439E+03
  0.1541E+03
  0.1530E+03
  0.1463E+03
  0.1702E+03
  0.2136E+03
  0.1524E+03
  0.1435E+03
  0.1482E+03
  0.1999E+03
  0.1563E+03
  0.1973E+03
  0.2656E+03
  0.1602E+03
  0.9915E+02
  0.6726E+02
  0.5572E+02
  0.5410E+02
  0.4632E+02
  0.3557E+02
  0.2977E+02
  0.2830E+02
  0.2579E+02
  0.2150E+02
  0.2005E+02
  0.2172E+02
  0.2362E+02
  0.2876E+02
  0.4910E+02
  0.7501E+02
  0.6776E+02
  0.1810E+03
  0.2351E+03
  0.7531E+02
  0.4092E+02
  0.3444E+02
  0.3223E+02
  0.3703E+02
  0.3519E+02
  0.3864E+02
  0.5755E+02
  0.5748E+02
  0.5398E+02
  0.6319E+02
  0.8465E+02
  0.1120E+03
  0.9832E+02
  0.9965E+02
  0.1182E+03
  0.1691E+03
  0.1987E+03
  0.2251E+03
  0.2350E+03
  0.2201E+03
  0.2771E+03
  0.2424E+03
  0.2056E+03
  0.2082E+03
  0.2360E+03
  0.3271E+03
  0.2672E+03
  0.2559E+03
  0.2816E+03
  0.3591E+03
  0.4662E+03
  0.5217E+03
  0.6493E+03
  0.9634E+03
  0.1963E+04
  0.1406E+04
  0.1828E+04
  0.1984E+04
  0.2130E+04
  0.2454E+04
  0.3081E+04
  0.4309E+04
  0.6291E+04
  0.5777E+04
  0.6119E+04
  0.6735E+04
  0.8446E+04
  0.1296E+05
  0.1194E+05
  0.1050E+05
  0.1050E+05
  0.1179E+05
  0.1563E+05
  0.1740E+05
  0.1265E+05
  0.1113E+05
  0.1115E+05
  0.1272E+05
  0.1596E+05
  0.9385E+04
  0.7649E+04
  0.7126E+04
  0.7608E+04
  0.9953E+04
  0.1232E+05
  0.3073E+05
  0.7668E+05
  0.2678E+05
  0.1159E+05
  0.7014E+04
  0.6042E+04
  0.4627E+04
  0.3303E+04
  0.2651E+04
  0.2334E+04
  0.2431E+04
  0.1777E+04
  0.1530E+04
  0.2166E+04
  0.4193E+04
  0.1848E+04
  0.9896E+03
  0.7004E+03
  0.5858E+03
  0.5408E+03
  0.6009E+03
  0.5621E+03
  0.5198E+03
  0.5246E+03
  0.6061E+03
  0.7383E+03
  0.7039E+03
  0.6160E+03
  0.5833E+03
  0.6390E+03
  0.6336E+03
  0.6744E+03
  0.5519E+03
  0.4784E+03
  0.4507E+03
  0.4240E+03
  0.4513E+03
  0.3534E+03
  0.3009E+03
  0.2904E+03
  0.3386E+03
  0.5286E+03
  0.1233E+04
  0.1588E+04
  0.5300E+03
  0.2616E+03
  0.1630E+03
  0.1222E+03
  0.1137E+03
  0.9259E+02
  0.7094E+02
  0.5862E+02
  0.5038E+02
  0.4408E+02
  0.3670E+02
  0.3066E+02
  0.2851E+02
  0.2714E+02
  0.2404E+02
  0.2252E+02
  0.2320E+02
  0.2400E+02
  0.2297E+02
  0.2121E+02
  0.2227E+02
  0.2071E+02
  0.1940E+02
  0.1931E+02
  0.2129E+02
  0.2296E+02
  0.2781E+02
  0.4420E+02
  0.3330E+02
  0.1807E+02
  0.1208E+02
  0.9040E+01
  0.7688E+01
  0.7054E+01
  0.6636E+01
  0.6279E+01
  0.6237E+01
  0.6310E+01
  0.6990E+01
  0.7113E+01
  0.8369E+01
  0.9010E+01
  0.9798E+01
  0.1198E+02
  0.1245E+02
  0.1553E+02
  0.1760E+02
  0.1921E+02
  0.2453E+02
  0.2617E+02
  0.3078E+02
  0.4053E+02
  0.4080E+02
  0.5042E+02
  0.6175E+02
  0.6990E+02
  0.8255E+02
  0.1100E+03
  0.1176E+03
  0.1544E+03
  0.1902E+03
  0.2364E+03
  0.2712E+03
  0.3792E+03
  0.4346E+03
  0.5885E+03
  0.6845E+03
  0.9488E+03
  0.1111E+04
  0.1461E+04
  0.1859E+04
  0.2344E+04
  0.3134E+04
  0.3728E+04
  0.5230E+04
  0.5943E+04
  0.9225E+04
  0.9666E+04
  0.1446E+05
  0.1549E+05
  0.2063E+05
  0.2582E+05
  0.3002E+05
  0.4799E+05
  0.4454E+05
  0.6835E+05
  0.7279E+05
  0.8946E+05
  0.1252E+06
  0.1219E+06
  0.2030E+06
  0.1903E+06
  0.2236E+06
  0.3418E+06
  0.3018E+06
  0.4374E+06
  0.4792E+06
  0.4879E+06
  0.8974E+06
  0.6982E+06
  0.7647E+06
  0.1582E+07
  0.9803E+06
  0.1123E+07
  0.2197E+07
  0.1342E+07
  0.1487E+07
  0.3367E+07
  0.1787E+07
  0.1747E+07
  0.2635E+07
  0.2365E+07
  0.1914E+07
  0.2167E+07
  0.5953E+07
  0.2087E+07
  0.1785E+07
  0.1892E+07
  0.3506E+07
  0.1457E+07
  0.1073E+07
  0.9310E+06
  0.8818E+06
  0.1105E+07
  0.1503E+07
  0.2282E+07
  0.3597E+07
  0.3070E+07
  0.3248E+07
  0.3356E+07
  0.3930E+07
  0.4039E+07
  0.4894E+07
  0.5049E+07
  0.5703E+07
  0.6325E+07
  0.6463E+07
  0.8454E+07
  0.7863E+07
  0.1062E+08
  0.1035E+08
  0.1243E+08
  0.1668E+08
  0.1587E+08
  0.2641E+08
  0.2380E+08
  0.2823E+08
  0.4189E+08
  0.3668E+08
  0.5290E+08
  0.5707E+08
  0.5670E+08
  0.1031E+09
  0.8034E+08
  0.8603E+08
  0.2146E+09
  0.1101E+09
  0.1203E+09
  0.2965E+09
  0.1475E+09
  0.1513E+09
  0.2627E+09
  0.1927E+09
  0.1719E+09
  0.2245E+09
  0.2699E+09
  0.1857E+09
  0.1848E+09
  0.2512E+09
  0.2078E+09
  0.1470E+09
  0.1299E+09
  0.1301E+09
  0.1106E+09
  0.6522E+08
  0.8853E+08
  0.1181E+09
  0.1339E+09
  0.1561E+09
  0.1876E+09
  0.2338E+09
  0.3085E+09
  0.5771E+09
  0.3590E+09
  0.3072E+09
  0.2775E+09
  0.2541E+09
  0.2319E+09
  0.2098E+09
  0.1874E+09
  0.1651E+09
  0.1439E+09
  0.1258E+09
  0.1135E+09
  0.8769E+08
  0.5848E+08
  0.4119E+08
  0.3023E+08
  0.2355E+08
  0.1576E+08
  0.1049E+08
  0.7590E+07
  0.4920E+07
  0.3544E+07
  0.2439E+07
  0.1739E+07
  0.1258E+07
  0.9196E+06
  0.6754E+06
  0.4956E+06
  0.3614E+06
  0.2610E+06
  0.1860E+06
  0.1307E+06
  0.7235E+05
  0.4835E+05
  0.3176E+05
  0.2052E+05
  0.1303E+05
  0.5826E+04
  0.3510E+04
  0.2086E+04
  0.8273E+03
  0.4745E+03
  0.1867E+03
  0.9575E+02
  0.5523E+02
  0.4505E+02
  0.5061E+02
  0.4705E+02
  0.4194E+02
  0.4343E+02
  0.4793E+02
  0.3740E+02
  0.3201E+02
  0.2910E+02
  0.2607E+02
  0.1828E+02
  0.1417E+02
  0.1516E+02
  0.1968E+02
  0.2533E+02
  0.3209E+02
  0.4003E+02
  0.4893E+02
  0.5693E+02
  0.5805E+02
  0.5808E+02
  0.5739E+02
  0.5590E+02
  0.5352E+02
  0.5019E+02
  0.4620E+02
  0.4172E+02
  0.3696E+02
  0.3214E+02
  0.2762E+02
  0.2288E+02
  0.1773E+02
  0.1369E+02
  0.1077E+02
  0.8498E+01
  0.6513E+01
  0.5082E+01
  0.4216E+01
  0.3597E+01
  0.3415E+01
  0.3598E+01
  0.3768E+01
  0.4509E+01
  0.5491E+01
  0.6339E+01
  0.7566E+01
  0.9691E+01
  0.1105E+02
  0.1235E+02
  0.1470E+02
  0.1981E+02
  0.1976E+02
  0.2153E+02
  0.2531E+02
  0.3298E+02
  0.2991E+02
  0.3159E+02
  0.3750E+02
  0.3929E+02
  0.3569E+02
  0.3673E+02
  0.5086E+02
  0.3460E+02
  0.3059E+02
  0.3050E+02
  0.2607E+02
  0.1847E+02
  0.1435E+02
  0.1131E+02
