 Adiabat temperature at each layer [K]
    269.7984
    265.0862
    260.7299
    256.7056
    252.9843
    249.5344
    246.3224
    243.3148
    240.4792
    237.7850
    235.2042
    232.7115
    230.2846
    227.9037
    225.5517
    223.2137
    220.8768
    218.5299
    216.1629
    213.7674
    211.3354
    208.8598
    206.3341
    203.7517
    201.1066
    198.3924
    195.6030
    192.7317
    189.7713
    186.7143
    183.5522
    180.2756
    176.8739
    173.3350
    169.6448
    165.7868
    161.7415
    157.4853
    152.9896
    149.9985
    149.9985
    149.9985
    149.9985
    149.9985
    149.9985
    149.9985
    149.9985
    149.9985
    149.9985
    149.9985
