 Temperature at each level [K]
    272.1831
    286.8133
    286.8110
    283.7965
    279.0495
    272.3179
    263.7074
    254.8634
    247.5427
    242.0058
    237.7337
    234.2474
    231.4981
    229.0942
    226.7277
    224.3827
    222.0453
    219.7034
    217.3464
    215.0415
    213.0935
    211.2734
    209.6542
    208.1498
    206.7118
    205.3847
    204.1984
    203.1190
    202.0539
    201.1301
    200.4845
    200.0642
    199.7902
    199.8417
    200.1429
    200.6145
    200.9475
    200.4908
    198.9368
    195.9919
    191.5583
    186.3940
    181.4840
    176.8269
    171.4240
    165.2923
    160.0217
    153.8677
    149.9985
    149.9985
    149.9985
