 Adiabat temperature at each level [K]
    272.1831
    267.4423
    262.9081
    258.7178
    254.8450
    251.2594
    247.9284
    244.8186
    241.8970
    239.1321
    236.4946
    233.9579
    231.4981
    229.0942
    226.7277
    224.3827
    222.0453
    219.7034
    217.3464
    214.9652
    212.5514
    210.0976
    207.5969
    205.0429
    202.4291
    199.7495
    196.9977
    194.1673
    191.2515
    188.2428
    185.1332
    181.9139
    178.5748
    175.1045
    171.4899
    167.7158
    163.7641
    159.6134
    155.2375
    151.4941
    149.9985
    149.9985
    149.9985
    149.9985
    149.9985
    149.9985
    149.9985
    149.9985
    149.9985
    149.9985
    149.9985
