 Flux gradient shortwave
      -10.2225
       -9.5149
       -8.9915
       -8.3803
       -7.6331
       -6.9270
       -6.2650
       -5.4516
       -4.4545
       -3.3844
       -2.5186
       -1.9420
       -1.5119
       -1.1765
       -1.0240
       -0.9168
       -0.8439
       -0.7801
       -0.7320
       -0.6915
       -0.6585
       -0.6305
       -0.6098
       -0.5944
       -0.5840
       -0.5808
       -0.5884
       -0.6071
       -0.6320
       -0.6537
       -0.6626
       -0.6526
       -0.6229
       -0.5768
       -0.5205
       -0.4622
       -0.4218
       -0.4375
       -0.5244
       -0.6232
       -0.6536
       -0.5810
       -0.4441
       -0.3515
       -0.2816
       -0.2154
       -0.1885
       -0.0943
       -0.0239
       -0.0048
