 Species molar concentration at each layer [mol/mol]
  0.9900E+00
  0.1000E-01
  0.3481E-02
  0.9900E+00
  0.1000E-01
  0.2309E-02
  0.9900E+00
  0.1000E-01
  0.1493E-02
  0.9900E+00
  0.1000E-01
  0.9075E-03
  0.9900E+00
  0.1000E-01
  0.5442E-03
  0.9900E+00
  0.1000E-01
  0.3198E-03
  0.9900E+00
  0.1000E-01
  0.1852E-03
  0.9900E+00
  0.1000E-01
  0.1061E-03
  0.9900E+00
  0.1000E-01
  0.6025E-04
  0.9900E+00
  0.1000E-01
  0.3395E-04
  0.9900E+00
  0.1000E-01
  0.1897E-04
  0.9900E+00
  0.1000E-01
  0.1050E-04
  0.9900E+00
  0.1000E-01
  0.5744E-05
  0.9900E+00
  0.1000E-01
  0.3151E-05
  0.9900E+00
  0.1000E-01
  0.2319E-05
  0.9900E+00
  0.1000E-01
  0.1831E-05
  0.9900E+00
  0.1000E-01
  0.1576E-05
  0.9900E+00
  0.1000E-01
  0.1349E-05
  0.9900E+00
  0.1000E-01
  0.1229E-05
  0.9900E+00
  0.1000E-01
  0.1148E-05
  0.9900E+00
  0.1000E-01
  0.1112E-05
  0.9900E+00
  0.1000E-01
  0.1081E-05
  0.9900E+00
  0.1000E-01
  0.1081E-05
  0.9900E+00
  0.1000E-01
  0.1081E-05
  0.9900E+00
  0.1000E-01
  0.1081E-05
  0.9900E+00
  0.1000E-01
  0.1081E-05
  0.9900E+00
  0.1000E-01
  0.1081E-05
  0.9900E+00
  0.1000E-01
  0.1081E-05
  0.9900E+00
  0.1000E-01
  0.1081E-05
  0.9900E+00
  0.1000E-01
  0.1081E-05
  0.9900E+00
  0.1000E-01
  0.1081E-05
  0.9900E+00
  0.1000E-01
  0.1081E-05
  0.9900E+00
  0.1000E-01
  0.1081E-05
  0.9900E+00
  0.1000E-01
  0.1081E-05
  0.9900E+00
  0.1000E-01
  0.1081E-05
  0.9900E+00
  0.1000E-01
  0.1081E-05
  0.9900E+00
  0.1000E-01
  0.1081E-05
  0.9900E+00
  0.1000E-01
  0.1081E-05
  0.9900E+00
  0.1000E-01
  0.1081E-05
  0.9900E+00
  0.1000E-01
  0.1081E-05
  0.9900E+00
  0.1000E-01
  0.1081E-05
  0.9900E+00
  0.1000E-01
  0.1081E-05
  0.9900E+00
  0.1000E-01
  0.1081E-05
  0.9900E+00
  0.1000E-01
  0.1081E-05
  0.9900E+00
  0.1000E-01
  0.1081E-05
  0.9900E+00
  0.1000E-01
  0.1081E-05
  0.9900E+00
  0.1000E-01
  0.1081E-05
  0.9900E+00
  0.1000E-01
  0.1081E-05
  0.9900E+00
  0.1000E-01
  0.1081E-05
  0.9900E+00
  0.1000E-01
  0.1081E-05
