 Outgoing longwave flux vs. time [W/m2]
  0.1274E+03
  0.1349E+03
  0.1362E+03
  0.1357E+03
  0.1367E+03
  0.1373E+03
  0.1378E+03
  0.1384E+03
  0.1389E+03
  0.1393E+03
  0.1397E+03
  0.1400E+03
  0.1401E+03
  0.1403E+03
  0.1405E+03
  0.1407E+03
  0.1408E+03
  0.1407E+03
  0.1407E+03
  0.1408E+03
  0.1408E+03
  0.1408E+03
  0.1407E+03
  0.1406E+03
  0.1407E+03
  0.1406E+03
  0.1406E+03
  0.1405E+03
  0.1405E+03
  0.1405E+03
  0.1404E+03
  0.1404E+03
  0.1404E+03
  0.1404E+03
  0.1403E+03
  0.1403E+03
  0.1403E+03
  0.1402E+03
  0.1402E+03
  0.1402E+03
  0.1402E+03
  0.1401E+03
  0.1402E+03
  0.1401E+03
  0.1401E+03
  0.1401E+03
  0.1401E+03
  0.1401E+03
  0.1401E+03
  0.1401E+03
  0.1400E+03
  0.1401E+03
  0.1400E+03
  0.1400E+03
  0.1400E+03
  0.1400E+03
  0.1400E+03
  0.1401E+03
  0.1400E+03
  0.1401E+03
  0.1400E+03
  0.1401E+03
  0.1400E+03
  0.1400E+03
  0.1400E+03
  0.1400E+03
  0.1400E+03
  0.1400E+03
  0.1400E+03
  0.1400E+03
  0.1400E+03
  0.1400E+03
  0.1400E+03
  0.1400E+03
  0.1400E+03
  0.1400E+03
  0.1400E+03
  0.1400E+03
  0.1400E+03
  0.1400E+03
  0.1400E+03
  0.1400E+03
  0.1400E+03
  0.1400E+03
  0.1400E+03
  0.1400E+03
  0.1400E+03
  0.1400E+03
  0.1400E+03
  0.1400E+03
  0.1400E+03
  0.1400E+03
  0.1400E+03
  0.1400E+03
  0.1400E+03
  0.1400E+03
  0.1400E+03
  0.1400E+03
  0.1400E+03
  0.1400E+03
  0.1400E+03
  0.1400E+03
  0.1400E+03
  0.1400E+03
  0.1400E+03
  0.1400E+03
  0.1400E+03
  0.1400E+03
  0.1400E+03
  0.1400E+03
  0.1400E+03
  0.1400E+03
  0.1400E+03
  0.1400E+03
  0.1400E+03
  0.1400E+03
  0.1400E+03
  0.1400E+03
  0.1400E+03
  0.1400E+03
  0.1400E+03
  0.1400E+03
  0.1400E+03
  0.1400E+03
  0.1400E+03
  0.1400E+03
  0.1400E+03
  0.1400E+03
  0.1400E+03
  0.1400E+03
  0.1400E+03
  0.1400E+03
  0.1400E+03
  0.1400E+03
  0.1400E+03
  0.1400E+03
  0.1400E+03
  0.1400E+03
  0.1400E+03
  0.1400E+03
  0.1400E+03
  0.1400E+03
  0.1400E+03
  0.1400E+03
  0.1400E+03
  0.1400E+03
  0.1400E+03
  0.1400E+03
  0.1400E+03
  0.1400E+03
  0.1400E+03
  0.1400E+03
  0.1400E+03
  0.1400E+03
  0.1400E+03
  0.1400E+03
  0.1400E+03
  0.1400E+03
  0.1400E+03
  0.1400E+03
  0.1400E+03
  0.1400E+03
  0.1400E+03
  0.1400E+03
  0.1400E+03
  0.1400E+03
  0.1400E+03
  0.1400E+03
  0.1400E+03
  0.1400E+03
  0.1400E+03
  0.1400E+03
  0.1400E+03
  0.1400E+03
  0.1400E+03
  0.1400E+03
  0.1400E+03
  0.1400E+03
  0.1400E+03
  0.1400E+03
  0.1400E+03
  0.1400E+03
  0.1400E+03
  0.1400E+03
  0.1400E+03
  0.1400E+03
  0.1400E+03
  0.1400E+03
  0.1400E+03
  0.1400E+03
  0.1400E+03
  0.1400E+03
  0.1400E+03
  0.1400E+03
  0.1400E+03
  0.1400E+03
  0.1400E+03
  0.1400E+03
  0.1400E+03
  0.1400E+03
  0.1400E+03
  0.1400E+03
  0.1400E+03
  0.1400E+03
  0.1400E+03
  0.1400E+03
  0.1400E+03
  0.1400E+03
  0.1400E+03
  0.1400E+03
  0.1400E+03
  0.1400E+03
  0.1400E+03
  0.1400E+03
  0.1400E+03
  0.1400E+03
  0.1400E+03
  0.1400E+03
  0.1400E+03
  0.1400E+03
  0.1400E+03
  0.1400E+03
  0.1400E+03
  0.1400E+03
  0.1400E+03
  0.1400E+03
  0.1400E+03
  0.1400E+03
  0.1400E+03
  0.1400E+03
  0.1400E+03
  0.1400E+03
  0.1400E+03
  0.1400E+03
  0.1400E+03
  0.1400E+03
  0.1400E+03
  0.1400E+03
  0.1400E+03
  0.1400E+03
  0.1400E+03
  0.1400E+03
  0.1400E+03
  0.1400E+03
  0.1400E+03
  0.1400E+03
  0.1400E+03
  0.1400E+03
  0.1400E+03
  0.1400E+03
  0.1400E+03
  0.1400E+03
  0.1400E+03
  0.1400E+03
  0.1400E+03
  0.1400E+03
  0.1400E+03
  0.1400E+03
  0.1400E+03
  0.1400E+03
  0.1400E+03
  0.1400E+03
  0.1400E+03
  0.1400E+03
  0.1400E+03
  0.1400E+03
  0.1400E+03
  0.1400E+03
  0.1400E+03
  0.1400E+03
  0.1400E+03
  0.1400E+03
  0.1400E+03
  0.1400E+03
  0.1400E+03
  0.1400E+03
  0.1400E+03
  0.1400E+03
  0.1400E+03
  0.1400E+03
  0.1400E+03
  0.1400E+03
  0.1400E+03
  0.1400E+03
  0.1400E+03
  0.1400E+03
  0.1400E+03
  0.1400E+03
  0.1400E+03
  0.1400E+03
  0.1400E+03
  0.1400E+03
  0.1400E+03
  0.1400E+03
  0.1400E+03
  0.1400E+03
  0.1400E+03
  0.1400E+03
  0.1400E+03
  0.1400E+03
