 Spectral outgoing longwave flux [W/m2/cm^-1]
  0.6570E-05
  0.3299E-04
  0.7909E-04
  0.1440E-03
  0.2103E-03
  0.3283E-03
  0.4456E-03
  0.5783E-03
  0.6962E-03
  0.8493E-03
  0.1032E-02
  0.1168E-02
  0.1386E-02
  0.1545E-02
  0.1545E-02
  0.1986E-02
  0.2318E-02
  0.2618E-02
  0.2857E-02
  0.2842E-02
  0.3360E-02
  0.3819E-02
  0.4177E-02
  0.4480E-02
  0.4782E-02
  0.4883E-02
  0.5232E-02
  0.5698E-02
  0.5692E-02
  0.5806E-02
  0.6175E-02
  0.6933E-02
  0.6833E-02
  0.8168E-02
  0.8770E-02
  0.9242E-02
  0.9539E-02
  0.9141E-02
  0.1058E-01
  0.1089E-01
  0.1154E-01
  0.1181E-01
  0.1121E-01
  0.1189E-01
  0.1215E-01
  0.1198E-01
  0.1376E-01
  0.1403E-01
  0.1552E-01
  0.1464E-01
  0.1598E-01
  0.1690E-01
  0.1805E-01
  0.1724E-01
  0.1842E-01
  0.1921E-01
  0.1959E-01
  0.1882E-01
  0.1956E-01
  0.2061E-01
  0.2119E-01
  0.2270E-01
  0.2263E-01
  0.2174E-01
  0.2359E-01
  0.2348E-01
  0.2613E-01
  0.2688E-01
  0.2693E-01
  0.2622E-01
  0.2647E-01
  0.2746E-01
  0.2866E-01
  0.2832E-01
  0.2936E-01
  0.3131E-01
  0.3012E-01
  0.3263E-01
  0.3157E-01
  0.3220E-01
  0.3284E-01
  0.3521E-01
  0.3583E-01
  0.3454E-01
  0.3587E-01
  0.3822E-01
  0.3993E-01
  0.3990E-01
  0.3776E-01
  0.4101E-01
  0.4337E-01
  0.4454E-01
  0.4520E-01
  0.4528E-01
  0.4532E-01
  0.4298E-01
  0.4455E-01
  0.4371E-01
  0.4734E-01
  0.4833E-01
  0.4678E-01
  0.4617E-01
  0.4872E-01
  0.5137E-01
  0.5064E-01
  0.4873E-01
  0.4966E-01
  0.5415E-01
  0.5567E-01
  0.5652E-01
  0.5352E-01
  0.5200E-01
  0.5393E-01
  0.5948E-01
  0.6123E-01
  0.6182E-01
  0.6162E-01
  0.5878E-01
  0.5737E-01
  0.5781E-01
  0.5832E-01
  0.6123E-01
  0.5951E-01
  0.6550E-01
  0.6756E-01
  0.6489E-01
  0.6718E-01
  0.7149E-01
  0.7298E-01
  0.7346E-01
  0.7155E-01
  0.7525E-01
  0.7203E-01
  0.7302E-01
  0.6750E-01
  0.6798E-01
  0.6881E-01
  0.7382E-01
  0.6719E-01
  0.7726E-01
  0.7021E-01
  0.7121E-01
  0.7668E-01
  0.8284E-01
  0.7983E-01
  0.8483E-01
  0.7429E-01
  0.8105E-01
  0.8756E-01
  0.8436E-01
  0.7798E-01
  0.8950E-01
  0.9267E-01
  0.9354E-01
  0.7909E-01
  0.9154E-01
  0.9180E-01
  0.8936E-01
  0.9439E-01
  0.9219E-01
  0.8794E-01
  0.8215E-01
  0.8396E-01
  0.9136E-01
  0.9450E-01
  0.9104E-01
  0.8403E-01
  0.9404E-01
  0.9495E-01
  0.1010E+00
  0.9797E-01
  0.9430E-01
  0.1065E+00
  0.1089E+00
  0.1088E+00
  0.1063E+00
  0.9604E-01
  0.9569E-01
  0.9654E-01
  0.1049E+00
  0.9255E-01
  0.9434E-01
  0.9700E-01
  0.1085E+00
  0.1124E+00
  0.1162E+00
  0.1140E+00
  0.1219E+00
  0.1236E+00
  0.1247E+00
  0.1255E+00
  0.1259E+00
  0.1257E+00
  0.1244E+00
  0.1208E+00
  0.1095E+00
  0.1018E+00
  0.1070E+00
  0.1073E+00
  0.1200E+00
  0.1024E+00
  0.1179E+00
  0.1024E+00
  0.1103E+00
  0.1159E+00
  0.1291E+00
  0.1338E+00
  0.1366E+00
  0.1386E+00
  0.1396E+00
  0.1360E+00
  0.1372E+00
  0.1113E+00
  0.1362E+00
  0.1426E+00
  0.1445E+00
  0.1450E+00
  0.1443E+00
  0.1428E+00
  0.1382E+00
  0.1079E+00
  0.1254E+00
  0.1042E+00
  0.1278E+00
  0.1280E+00
  0.1065E+00
  0.1245E+00
  0.1375E+00
  0.1454E+00
  0.1458E+00
  0.1354E+00
  0.1196E+00
  0.1407E+00
  0.1516E+00
  0.1552E+00
  0.1565E+00
  0.1566E+00
  0.1564E+00
  0.1383E+00
  0.1513E+00
  0.1435E+00
  0.1303E+00
  0.1271E+00
  0.1463E+00
  0.1477E+00
  0.1597E+00
  0.1614E+00
  0.1533E+00
  0.1643E+00
  0.1639E+00
  0.1590E+00
  0.1132E+00
  0.1566E+00
  0.1641E+00
  0.1653E+00
  0.1638E+00
  0.1592E+00
  0.1503E+00
  0.1138E+00
  0.1457E+00
  0.1533E+00
  0.1340E+00
  0.1466E+00
  0.1593E+00
  0.1648E+00
  0.1645E+00
  0.1579E+00
  0.1290E+00
  0.1496E+00
  0.1625E+00
  0.1671E+00
  0.1606E+00
  0.1537E+00
  0.1669E+00
  0.1588E+00
  0.1709E+00
  0.1542E+00
  0.1708E+00
  0.1631E+00
  0.1171E+00
  0.1575E+00
  0.1502E+00
  0.1552E+00
  0.1447E+00
  0.1609E+00
  0.1156E+00
  0.1375E+00
  0.1712E+00
  0.1756E+00
  0.1768E+00
  0.1784E+00
  0.1796E+00
  0.1796E+00
  0.1779E+00
  0.1719E+00
  0.1392E+00
  0.1679E+00
  0.1748E+00
  0.1703E+00
  0.1550E+00
  0.1526E+00
  0.1753E+00
  0.1356E+00
  0.1823E+00
  0.1781E+00
  0.1805E+00
  0.1640E+00
  0.1208E+00
  0.1615E+00
  0.1793E+00
  0.1842E+00
  0.1765E+00
  0.1863E+00
  0.1849E+00
  0.1776E+00
  0.1729E+00
  0.1546E+00
  0.1183E+00
  0.1676E+00
  0.1734E+00
  0.1814E+00
  0.1886E+00
  0.1911E+00
  0.1920E+00
  0.1926E+00
  0.1941E+00
  0.1946E+00
  0.1948E+00
  0.1947E+00
  0.1939E+00
  0.1926E+00
  0.1858E+00
  0.1848E+00
  0.1723E+00
  0.1169E+00
  0.1205E+00
  0.1729E+00
  0.1831E+00
  0.1828E+00
  0.1892E+00
  0.1768E+00
  0.1951E+00
  0.1976E+00
  0.1950E+00
  0.1450E+00
  0.1940E+00
  0.2007E+00
  0.1634E+00
  0.1955E+00
  0.2013E+00
  0.2019E+00
  0.1984E+00
  0.1827E+00
  0.1535E+00
  0.1793E+00
  0.2004E+00
  0.2002E+00
  0.1979E+00
  0.2068E+00
  0.2006E+00
  0.2050E+00
  0.1950E+00
  0.1959E+00
  0.1982E+00
  0.1876E+00
  0.1628E+00
  0.1735E+00
  0.1943E+00
  0.1998E+00
  0.2053E+00
  0.1907E+00
  0.2089E+00
  0.2034E+00
  0.2049E+00
  0.2003E+00
  0.2012E+00
  0.1915E+00
  0.1441E+00
  0.1699E+00
  0.1999E+00
  0.2044E+00
  0.2077E+00
  0.2085E+00
  0.2077E+00
  0.1758E+00
  0.1983E+00
  0.1688E+00
  0.1834E+00
  0.1873E+00
  0.2054E+00
  0.2068E+00
  0.2056E+00
  0.1994E+00
  0.1732E+00
  0.2027E+00
  0.2056E+00
  0.2055E+00
  0.2047E+00
  0.2035E+00
  0.1977E+00
  0.1915E+00
  0.1280E+00
  0.1900E+00
  0.1925E+00
  0.1812E+00
  0.1633E+00
  0.1874E+00
  0.1937E+00
  0.1924E+00
  0.1920E+00
  0.1937E+00
  0.1895E+00
  0.1800E+00
  0.1689E+00
  0.1781E+00
  0.1570E+00
  0.1837E+00
  0.1860E+00
  0.1837E+00
  0.1758E+00
  0.1328E+00
  0.1598E+00
  0.1778E+00
  0.1805E+00
  0.1805E+00
  0.1781E+00
  0.1599E+00
  0.1694E+00
  0.1498E+00
  0.1716E+00
  0.1729E+00
  0.1681E+00
  0.1329E+00
  0.1679E+00
  0.1634E+00
  0.1004E+00
  0.1378E+00
  0.1555E+00
  0.1604E+00
  0.1195E+00
  0.1582E+00
  0.1470E+00
  0.1569E+00
  0.1426E+00
  0.1337E+00
  0.1519E+00
  0.1541E+00
  0.1481E+00
  0.1395E+00
  0.1465E+00
  0.1385E+00
  0.1432E+00
  0.1308E+00
  0.1198E+00
  0.1360E+00
  0.1258E+00
  0.1348E+00
  0.1216E+00
  0.1280E+00
  0.1141E+00
  0.8828E-01
  0.1253E+00
  0.1224E+00
  0.9838E-01
  0.9849E-01
  0.1008E+00
  0.1027E+00
  0.1066E+00
  0.9316E-01
  0.7378E-01
  0.9204E-01
  0.9413E-01
  0.8408E-01
  0.8335E-01
  0.8050E-01
  0.8213E-01
  0.8142E-01
  0.7535E-01
  0.7955E-01
  0.7936E-01
  0.7923E-01
  0.8004E-01
  0.7849E-01
  0.7816E-01
  0.7824E-01
  0.7717E-01
  0.7758E-01
  0.7697E-01
  0.7457E-01
  0.7691E-01
  0.7614E-01
  0.7606E-01
  0.7585E-01
  0.5611E-01
  0.7557E-01
  0.7489E-01
  0.7440E-01
  0.7275E-01
  0.7426E-01
  0.7404E-01
  0.7398E-01
  0.6944E-01
  0.7039E-01
  0.7011E-01
  0.7165E-01
  0.6829E-01
  0.6408E-01
  0.6516E-01
  0.5143E-01
  0.6775E-01
  0.6581E-01
  0.4667E-01
  0.6468E-01
  0.6095E-01
  0.6342E-01
  0.6369E-01
  0.5702E-01
  0.4453E-01
  0.4361E-01
  0.2300E-01
  0.5901E-01
  0.5508E-01
  0.4427E-01
  0.4764E-01
  0.5561E-01
  0.5651E-01
  0.5433E-01
  0.4691E-01
  0.4223E-01
  0.4750E-01
  0.5458E-01
  0.4093E-01
  0.4544E-01
  0.4266E-01
  0.4063E-01
  0.4016E-01
  0.4551E-01
  0.5122E-01
  0.5165E-01
  0.4423E-01
  0.4024E-01
  0.4472E-01
  0.5148E-01
  0.5169E-01
  0.4511E-01
  0.3871E-01
  0.5002E-01
  0.5213E-01
  0.5248E-01
  0.4403E-01
  0.4669E-01
  0.5419E-01
  0.5461E-01
  0.5328E-01
  0.3718E-01
  0.5434E-01
  0.5564E-01
  0.5522E-01
  0.5233E-01
  0.5455E-01
  0.5566E-01
  0.5720E-01
  0.5566E-01
  0.5432E-01
  0.5705E-01
  0.5529E-01
  0.5642E-01
  0.5247E-01
  0.5395E-01
  0.5563E-01
  0.5461E-01
  0.5522E-01
  0.5273E-01
  0.5432E-01
  0.5427E-01
  0.4696E-01
  0.5096E-01
  0.5276E-01
  0.5308E-01
  0.5321E-01
  0.5307E-01
  0.5246E-01
  0.3518E-01
  0.5207E-01
  0.5191E-01
  0.5086E-01
  0.5119E-01
  0.5109E-01
  0.5119E-01
  0.5092E-01
  0.4874E-01
  0.4998E-01
  0.4974E-01
  0.4234E-01
  0.5000E-01
  0.5297E-01
  0.5852E-01
  0.5731E-01
  0.5123E-01
  0.4766E-01
  0.4771E-01
  0.6862E-01
  0.7883E-01
  0.7518E-01
  0.5650E-01
  0.4717E-01
  0.7753E-01
  0.9941E-01
  0.1109E+00
  0.1140E+00
  0.9736E-01
  0.6867E-01
  0.8679E-01
  0.1271E+00
  0.1360E+00
  0.1176E+00
  0.7651E-01
  0.1362E+00
  0.1074E+00
  0.1550E+00
  0.1399E+00
  0.7123E-01
  0.9889E-01
  0.1499E+00
  0.1522E+00
  0.1368E+00
  0.7286E-01
  0.1422E+00
  0.1474E+00
  0.1477E+00
  0.1492E+00
  0.1136E+00
  0.9474E-01
  0.6557E-01
  0.1209E+00
  0.1507E+00
  0.1354E+00
  0.1457E+00
  0.8372E-01
  0.1180E+00
  0.1500E+00
  0.1578E+00
  0.1258E+00
  0.9698E-01
  0.1149E+00
  0.1546E+00
  0.1567E+00
  0.1552E+00
  0.1175E+00
  0.1219E+00
  0.1581E+00
  0.1637E+00
  0.1645E+00
  0.1422E+00
  0.1371E+00
  0.1663E+00
  0.1704E+00
  0.1702E+00
  0.1602E+00
  0.1550E+00
  0.1709E+00
  0.1672E+00
  0.1400E+00
  0.1608E+00
  0.1687E+00
  0.1715E+00
  0.1713E+00
  0.1720E+00
  0.1675E+00
  0.1718E+00
  0.1711E+00
  0.1409E+00
  0.1688E+00
  0.1707E+00
  0.1716E+00
  0.1716E+00
  0.1702E+00
  0.1714E+00
  0.1717E+00
  0.1625E+00
  0.1708E+00
  0.1365E+00
  0.1695E+00
  0.1640E+00
  0.1678E+00
  0.1692E+00
  0.1679E+00
  0.1729E+00
  0.1725E+00
  0.1700E+00
  0.1660E+00
  0.1662E+00
  0.1726E+00
  0.1732E+00
  0.1733E+00
  0.1729E+00
  0.1572E+00
  0.1722E+00
  0.1732E+00
  0.1737E+00
  0.1734E+00
  0.1732E+00
  0.1432E+00
  0.1735E+00
  0.1489E+00
  0.1688E+00
  0.1694E+00
  0.1720E+00
  0.1606E+00
  0.1447E+00
  0.1596E+00
  0.1672E+00
  0.1707E+00
  0.1738E+00
  0.1718E+00
  0.1724E+00
  0.1736E+00
  0.1728E+00
  0.1534E+00
  0.1737E+00
  0.1714E+00
  0.1670E+00
  0.1687E+00
  0.1639E+00
  0.1669E+00
  0.1713E+00
  0.1537E+00
  0.1685E+00
  0.1709E+00
  0.1649E+00
  0.1705E+00
  0.1306E+00
  0.1702E+00
  0.1269E+00
  0.1523E+00
  0.1588E+00
  0.1640E+00
  0.1419E+00
  0.1667E+00
  0.1292E+00
  0.1642E+00
  0.1358E+00
  0.1449E+00
  0.1607E+00
  0.9641E-01
  0.1541E+00
  0.1578E+00
  0.6036E-01
  0.1200E+00
  0.1462E+00
  0.7137E-01
  0.1492E+00
  0.1369E+00
  0.3801E-01
  0.1404E+00
  0.1360E+00
  0.6366E-01
  0.1217E+00
  0.1353E+00
  0.1165E+00
  0.5369E-01
  0.1323E+00
  0.1370E+00
  0.1089E+00
  0.5628E-01
  0.1381E+00
  0.1435E+00
  0.1439E+00
  0.1539E+00
  0.1518E+00
  0.1300E+00
  0.5201E-01
  0.7383E-01
  0.1117E+00
  0.1236E+00
  0.1222E+00
  0.1202E+00
  0.1113E+00
  0.9930E-01
  0.8666E-01
  0.7507E-01
  0.6851E-01
  0.6962E-01
  0.7948E-01
  0.9657E-01
  0.1154E+00
  0.1306E+00
  0.1369E+00
  0.1429E+00
  0.1396E+00
  0.9256E-01
  0.1417E+00
  0.1357E+00
  0.1447E+00
  0.1485E+00
  0.1462E+00
  0.1479E+00
  0.1476E+00
  0.1445E+00
  0.1473E+00
  0.1456E+00
  0.1413E+00
  0.1392E+00
  0.1448E+00
  0.1242E+00
  0.1429E+00
  0.1431E+00
  0.1374E+00
  0.1346E+00
  0.1277E+00
  0.1403E+00
  0.1360E+00
  0.1292E+00
  0.1358E+00
  0.1344E+00
  0.1343E+00
  0.8516E-01
  0.1353E+00
  0.1304E+00
  0.1301E+00
  0.1307E+00
  0.4814E-01
  0.1171E+00
  0.9232E-01
  0.9519E-01
  0.1039E+00
  0.6310E-01
  0.9290E-01
  0.1133E+00
  0.4393E-01
  0.1124E+00
  0.1014E+00
  0.6053E-01
  0.1046E+00
  0.9085E-01
  0.5152E-01
  0.1004E+00
  0.8958E-01
  0.2156E-01
  0.8982E-01
  0.8964E-01
  0.4197E-01
  0.6642E-01
  0.9175E-01
  0.8030E-01
  0.2021E-01
  0.7231E-01
  0.8624E-01
  0.9157E-01
  0.7170E-01
  0.1074E+00
  0.9884E-01
  0.3014E-01
  0.5127E-01
  0.7667E-01
  0.8297E-01
  0.8066E-01
  0.7471E-01
  0.6130E-01
  0.4513E-01
  0.2931E-01
  0.1847E-01
  0.1257E-01
  0.1165E-01
  0.1383E-01
  0.2508E-01
  0.4532E-01
  0.6729E-01
  0.8399E-01
  0.9204E-01
  0.9186E-01
  0.7872E-01
  0.6405E-01
  0.7916E-01
  0.1077E+00
  0.9344E-01
  0.1160E+00
  0.9708E-01
  0.1058E+00
  0.1034E+00
  0.1087E+00
  0.1161E+00
  0.1175E+00
  0.1152E+00
  0.1134E+00
  0.1133E+00
  0.1166E+00
  0.1167E+00
  0.1057E+00
  0.1142E+00
  0.1169E+00
  0.1170E+00
  0.1170E+00
  0.1159E+00
  0.1162E+00
  0.1149E+00
  0.7742E-01
  0.1143E+00
  0.1153E+00
  0.1157E+00
  0.1156E+00
  0.1156E+00
  0.1153E+00
  0.1090E+00
  0.1147E+00
  0.1139E+00
  0.1118E+00
  0.1029E+00
  0.8364E-01
  0.6316E-01
  0.1111E+00
  0.1128E+00
  0.1130E+00
  0.1131E+00
  0.1124E+00
  0.1128E+00
  0.1120E+00
  0.1118E+00
  0.1085E+00
  0.9870E-01
  0.1048E+00
  0.7130E-01
  0.1097E+00
  0.1095E+00
  0.1108E+00
  0.1106E+00
  0.1099E+00
  0.1100E+00
  0.1097E+00
  0.1084E+00
  0.1019E+00
  0.7956E-01
  0.8592E-01
  0.1065E+00
  0.1072E+00
  0.1048E+00
  0.1029E+00
  0.1009E+00
  0.6951E-01
  0.6155E-01
  0.9614E-01
  0.1020E+00
  0.8874E-01
  0.1041E+00
  0.9960E-01
  0.1040E+00
  0.1028E+00
  0.9991E-01
  0.8621E-01
  0.6323E-01
  0.9604E-01
  0.9892E-01
  0.7434E-01
  0.1008E+00
  0.9110E-01
  0.9948E-01
  0.8982E-01
  0.8620E-01
  0.7131E-01
  0.9505E-01
  0.9891E-01
  0.9949E-01
  0.9782E-01
  0.9749E-01
  0.7448E-01
  0.9416E-01
  0.8666E-01
  0.9002E-01
  0.4787E-01
  0.3936E-01
  0.8471E-01
  0.7244E-01
  0.8874E-01
  0.8221E-01
  0.3893E-01
  0.8687E-01
  0.6052E-01
  0.6763E-01
  0.8087E-01
  0.4087E-01
  0.4081E-01
  0.8137E-01
  0.8638E-01
  0.3585E-01
  0.8302E-01
  0.8366E-01
  0.4698E-01
  0.7458E-01
  0.6302E-01
  0.4320E-01
  0.5958E-01
  0.6019E-01
  0.5443E-01
  0.2961E-01
  0.4159E-01
  0.4278E-01
  0.5698E-02
  0.4968E-01
  0.5515E-01
  0.5695E-02
  0.3555E-01
  0.2962E-01
  0.2712E-01
  0.3332E-01
  0.6289E-01
  0.4255E-01
  0.2325E-01
  0.3448E-01
  0.4031E-01
  0.4405E-02
  0.4779E-01
  0.4548E-01
  0.1499E-01
  0.3046E-01
  0.3063E-01
  0.1855E-01
  0.1004E-01
  0.2905E-01
  0.3506E-01
  0.4898E-02
  0.4399E-01
  0.5665E-01
  0.3944E-01
  0.1543E-01
  0.4358E-01
  0.5623E-01
  0.6926E-02
  0.3925E-01
  0.3800E-01
  0.1522E-01
  0.3684E-01
  0.5445E-01
  0.5596E-01
  0.4196E-01
  0.5652E-01
  0.4157E-01
  0.4959E-01
  0.4715E-01
  0.6212E-01
  0.5887E-01
  0.5368E-01
  0.6111E-01
  0.6021E-01
  0.5463E-01
  0.4611E-01
  0.4162E-01
  0.3308E-01
  0.4446E-01
  0.4366E-01
  0.1463E-01
  0.1345E-01
  0.2630E-01
  0.3005E-01
  0.2706E-01
  0.1778E-01
  0.1654E-01
  0.2810E-01
  0.3932E-01
  0.3615E-01
  0.3304E-01
  0.2563E-01
  0.4380E-01
  0.4137E-01
  0.1543E-01
  0.4166E-01
  0.3405E-01
  0.2561E-01
  0.2230E-01
  0.2564E-01
  0.2598E-01
  0.1022E-01
  0.1489E-01
  0.1779E-01
  0.2755E-01
  0.2732E-01
  0.1659E-01
  0.1844E-01
  0.2400E-01
  0.2238E-01
  0.1164E-01
  0.1714E-01
  0.2085E-01
  0.2347E-01
  0.2691E-02
  0.2014E-01
  0.2475E-01
  0.1367E-01
  0.1059E-01
  0.6250E-02
  0.9935E-02
  0.1323E-02
  0.1973E-01
  0.2167E-01
  0.1492E-01
  0.2928E-02
  0.1769E-01
  0.1372E-01
  0.1012E-01
  0.5952E-02
  0.6081E-02
  0.7549E-02
  0.1450E-01
  0.1210E-01
  0.6507E-02
  0.1998E-01
  0.1755E-01
  0.6306E-02
  0.1872E-01
  0.1241E-01
  0.4681E-02
  0.1414E-01
  0.1031E-01
  0.1520E-01
  0.1621E-01
  0.9246E-02
  0.7797E-02
  0.9168E-02
  0.6991E-02
  0.8615E-02
  0.9529E-02
  0.1348E-01
  0.1630E-01
  0.1446E-01
  0.3881E-02
  0.1314E-01
  0.1630E-01
  0.1673E-01
  0.1052E-01
  0.1614E-01
  0.1460E-01
  0.1432E-01
  0.1215E-01
  0.6988E-02
  0.6881E-02
  0.5985E-02
  0.5116E-02
  0.1054E-01
  0.1168E-01
  0.2440E-02
  0.8935E-02
  0.1310E-01
  0.1348E-01
  0.1121E-01
  0.1927E-02
  0.1070E-01
  0.1161E-01
  0.5323E-02
  0.9604E-02
  0.5397E-02
  0.5155E-02
  0.9639E-02
  0.9886E-02
  0.1260E-01
  0.1294E-01
  0.1295E-01
  0.1233E-01
  0.9418E-02
  0.6981E-02
  0.7788E-02
  0.1070E-01
  0.9762E-02
  0.8659E-02
  0.8583E-02
  0.6320E-02
  0.3974E-02
  0.3252E-02
  0.3793E-02
  0.6394E-02
  0.8374E-02
  0.8323E-02
  0.6482E-02
  0.1214E-02
  0.6367E-02
  0.8198E-02
  0.8636E-02
  0.7532E-02
  0.5091E-02
  0.2787E-02
  0.1921E-02
  0.6601E-02
  0.1358E-02
  0.7692E-02
  0.9011E-02
  0.9026E-02
  0.3337E-02
  0.8627E-02
  0.8842E-02
  0.7398E-02
  0.3002E-02
  0.1269E-02
  0.5768E-02
  0.1586E-02
  0.3349E-02
  0.6718E-02
  0.6848E-02
  0.5460E-02
  0.1253E-02
  0.4615E-02
  0.1462E-02
  0.4938E-02
  0.3749E-02
  0.5736E-02
  0.4827E-02
  0.2600E-02
  0.1964E-02
  0.1632E-02
  0.1482E-02
  0.3147E-02
  0.5394E-02
  0.1957E-02
  0.5920E-02
  0.2573E-02
  0.3362E-02
  0.1081E-02
  0.4410E-02
  0.2821E-02
  0.1053E-02
  0.1704E-02
  0.1908E-02
  0.2791E-02
  0.3718E-02
  0.2088E-02
  0.1362E-02
  0.5317E-02
  0.4885E-02
  0.3775E-02
  0.1655E-02
  0.3787E-02
  0.3969E-02
  0.3254E-02
  0.1248E-02
  0.1334E-02
  0.2092E-02
  0.1176E-02
  0.2386E-02
  0.2108E-02
  0.4107E-02
  0.4916E-02
  0.4874E-02
  0.3193E-02
  0.4563E-02
  0.4281E-02
  0.2940E-02
  0.2508E-02
  0.2902E-02
  0.8509E-03
  0.8420E-03
  0.1047E-02
  0.2261E-02
  0.3522E-02
  0.3462E-02
  0.8200E-03
  0.3857E-02
  0.3967E-02
  0.2035E-02
  0.7950E-03
  0.3301E-02
  0.3899E-02
  0.3500E-02
  0.2278E-02
  0.6480E-03
  0.2090E-02
  0.3510E-02
  0.4353E-02
  0.4871E-02
  0.4515E-02
  0.5495E-02
  0.5684E-02
  0.5815E-02
  0.5623E-02
  0.5855E-02
  0.4338E-02
  0.5447E-02
  0.5515E-02
  0.5079E-02
  0.3912E-02
  0.2482E-02
  0.5532E-02
  0.5753E-02
  0.5579E-02
  0.1136E-02
  0.4864E-02
  0.3596E-02
  0.5246E-02
  0.4755E-02
  0.2567E-02
  0.4057E-02
  0.1495E-02
  0.4366E-02
  0.4082E-02
  0.3471E-02
  0.2490E-02
  0.9288E-03
  0.1133E-02
  0.2545E-02
  0.3120E-02
  0.3204E-02
  0.1808E-02
  0.5782E-03
  0.2692E-02
  0.3123E-02
  0.1490E-02
  0.2411E-02
  0.3425E-02
  0.3431E-02
  0.3070E-02
  0.2255E-02
  0.5468E-03
  0.1000E-02
  0.6038E-03
  0.2548E-02
  0.2895E-02
  0.3223E-02
  0.1026E-02
  0.2793E-02
  0.1874E-02
  0.5621E-03
  0.4615E-03
  0.1218E-02
  0.2030E-02
  0.1431E-02
  0.3910E-03
  0.5554E-03
  0.1157E-02
  0.2105E-02
  0.2535E-02
  0.2831E-02
  0.2874E-02
  0.2248E-02
  0.9362E-03
  0.1750E-02
  0.2676E-02
  0.2671E-02
  0.2346E-02
  0.1143E-02
  0.1029E-02
  0.1146E-02
  0.1612E-02
  0.2148E-02
  0.6418E-03
  0.1545E-02
  0.2395E-02
  0.2641E-02
  0.1232E-02
  0.2067E-02
  0.1553E-02
  0.8763E-03
  0.4070E-03
  0.1431E-02
  0.2072E-02
  0.1892E-02
  0.1240E-02
  0.2388E-02
  0.2020E-02
  0.1521E-02
  0.1101E-02
  0.4451E-03
  0.7665E-03
  0.1043E-02
  0.2929E-03
  0.3675E-03
  0.1636E-02
  0.1698E-02
  0.1290E-02
  0.4266E-03
  0.1515E-02
  0.2407E-02
  0.1707E-02
  0.2533E-02
  0.2474E-02
  0.1354E-02
  0.7910E-03
  0.1491E-02
  0.2995E-03
  0.3297E-03
  0.1829E-02
  0.2424E-02
  0.2661E-02
  0.1602E-02
  0.2778E-02
  0.2873E-02
  0.2426E-02
  0.2609E-02
  0.7525E-03
  0.2113E-02
  0.1496E-02
  0.7116E-03
  0.4465E-03
  0.1629E-02
  0.1634E-02
  0.1427E-02
  0.2901E-03
  0.1615E-02
  0.1956E-02
  0.6720E-03
  0.2243E-02
  0.1723E-02
  0.1348E-02
  0.2777E-03
  0.1846E-02
  0.8243E-03
  0.2089E-02
  0.2510E-02
  0.2715E-02
  0.1795E-02
  0.1723E-02
  0.1780E-02
  0.2384E-02
  0.1292E-02
  0.1217E-02
  0.2298E-02
  0.2679E-02
  0.2670E-02
  0.2097E-02
  0.1705E-02
  0.1650E-02
  0.2723E-03
  0.3487E-03
  0.1013E-02
  0.1633E-02
  0.1748E-02
  0.2447E-02
  0.2301E-02
  0.1665E-02
  0.1398E-02
  0.2535E-02
  0.2020E-02
  0.6083E-03
  0.2878E-02
  0.2869E-02
  0.2382E-02
  0.1733E-02
  0.9367E-03
  0.3337E-03
  0.1196E-02
  0.1725E-02
  0.7786E-03
  0.2325E-02
  0.1641E-02
  0.7307E-03
  0.1705E-02
  0.6125E-03
  0.2881E-02
  0.1923E-02
  0.3107E-02
  0.2221E-02
  0.2144E-02
  0.1646E-02
  0.1395E-02
  0.1609E-02
  0.3212E-02
  0.3454E-02
  0.2966E-02
  0.1161E-02
  0.3589E-02
  0.3439E-02
  0.3063E-02
  0.2595E-02
  0.2173E-02
  0.6715E-03
  0.1617E-02
  0.1960E-02
  0.1005E-02
  0.3651E-03
  0.1390E-02
  0.2224E-02
  0.2659E-02
  0.1174E-02
  0.2435E-02
  0.9443E-03
  0.2636E-02
  0.2666E-02
  0.2279E-02
  0.1595E-02
  0.6357E-03
  0.7811E-03
  0.1638E-02
  0.1451E-02
  0.2254E-02
  0.2908E-02
  0.2669E-02
  0.9166E-03
  0.3403E-02
  0.3601E-02
  0.2013E-02
  0.3426E-02
  0.7874E-03
  0.1994E-02
  0.3266E-02
  0.3265E-02
  0.2933E-02
  0.2162E-02
  0.7470E-03
  0.9233E-03
  0.8369E-03
  0.8862E-03
  0.1807E-02
  0.1054E-02
  0.2368E-02
  0.1731E-02
  0.3263E-02
  0.3615E-02
  0.3443E-02
  0.8170E-03
  0.4361E-03
  0.3133E-02
  0.2388E-02
  0.1198E-02
  0.2789E-02
  0.1064E-02
  0.1230E-02
  0.7381E-03
  0.2086E-02
  0.2540E-02
  0.7889E-03
  0.8158E-03
  0.1256E-03
  0.2735E-03
  0.2287E-02
  0.2468E-02
  0.2654E-02
  0.8493E-03
  0.2981E-03
  0.1424E-03
  0.2366E-03
  0.1019E-02
  0.1054E-02
  0.1358E-03
  0.1434E-03
  0.1014E-03
  0.3500E-03
  0.7633E-03
  0.6995E-03
  0.2614E-03
  0.9779E-04
  0.1050E-03
  0.5002E-03
  0.3683E-03
  0.5500E-03
  0.1938E-03
  0.9429E-04
  0.1078E-02
  0.2166E-02
  0.2113E-02
  0.1122E-02
  0.8878E-04
  0.8904E-04
  0.2006E-03
  0.8460E-03
  0.2409E-02
  0.2156E-02
  0.2262E-02
  0.3791E-03
  0.2365E-03
  0.1585E-02
  0.1384E-02
  0.7320E-03
  0.1111E-02
  0.3241E-02
  0.3497E-02
  0.2035E-02
  0.1467E-02
  0.2254E-02
  0.5402E-03
  0.7374E-03
  0.2422E-02
  0.3411E-03
  0.3058E-02
  0.3744E-03
  0.3131E-02
  0.1407E-03
  0.2567E-02
  0.4779E-03
  0.8417E-04
  0.1631E-02
  0.3004E-02
  0.4162E-02
  0.4560E-02
  0.4202E-02
  0.4063E-02
  0.4295E-03
  0.4489E-02
  0.4870E-02
  0.4630E-02
  0.4715E-02
  0.4949E-02
  0.4448E-02
  0.4043E-02
  0.3674E-02
  0.2077E-02
  0.1221E-02
  0.2295E-02
  0.1519E-02
  0.6028E-03
  0.1863E-02
  0.3063E-02
  0.3014E-02
  0.3535E-02
  0.1218E-02
  0.2028E-02
  0.4179E-02
  0.3274E-03
  0.2436E-02
  0.4474E-02
  0.3909E-02
  0.1818E-02
  0.9873E-03
  0.2911E-02
  0.3960E-02
  0.3694E-02
  0.1197E-02
  0.1057E-02
  0.1467E-02
  0.1479E-02
  0.1262E-02
  0.2240E-03
  0.1187E-02
  0.2392E-02
  0.1909E-02
  0.1409E-02
  0.6983E-04
  0.1331E-02
  0.2900E-02
  0.2215E-02
  0.4235E-04
  0.7275E-04
  0.1343E-02
  0.1224E-02
  0.8905E-04
  0.4733E-04
  0.5846E-03
  0.4648E-04
  0.1818E-03
  0.3692E-03
  0.5566E-03
  0.1554E-03
  0.8271E-04
  0.4432E-04
  0.7568E-04
  0.3068E-04
  0.1155E-03
  0.5808E-04
  0.4260E-04
  0.4181E-04
  0.5222E-04
  0.5719E-04
  0.4547E-04
  0.4131E-04
  0.4011E-04
  0.4032E-04
  0.4595E-04
  0.4234E-04
  0.3951E-04
  0.3309E-04
  0.3896E-04
  0.4076E-04
  0.5064E-04
  0.3830E-04
  0.3082E-04
  0.4702E-04
  0.3690E-04
  0.2902E-04
  0.3330E-04
  0.5140E-04
  0.5890E-04
  0.3585E-04
  0.3551E-04
  0.8703E-04
  0.1782E-03
  0.1396E-03
  0.3401E-04
  0.9710E-04
  0.7860E-03
  0.5539E-03
  0.3285E-04
  0.4474E-04
  0.3661E-03
  0.8105E-03
  0.9088E-03
  0.1242E-02
  0.3513E-04
  0.3876E-04
  0.1092E-02
  0.1693E-02
  0.6369E-03
  0.2107E-03
  0.5424E-04
  0.8373E-03
  0.1739E-02
  0.3911E-03
  0.7745E-03
  0.4669E-04
  0.7365E-03
  0.1768E-02
  0.2837E-03
  0.1477E-02
  0.4872E-04
  0.1036E-02
  0.2073E-02
  0.9758E-03
  0.2028E-02
  0.1603E-03
  0.1591E-03
  0.1567E-03
  0.1496E-02
  0.2738E-02
  0.3221E-02
  0.3088E-02
  0.8290E-03
  0.9443E-03
  0.2966E-02
  0.2834E-02
  0.3229E-02
  0.3112E-02
  0.2835E-02
  0.2769E-02
  0.3093E-02
  0.1295E-02
  0.3499E-02
  0.3629E-02
  0.2268E-02
  0.1292E-02
  0.2979E-02
  0.3128E-02
  0.2651E-02
  0.3262E-02
  0.3533E-02
  0.2892E-02
  0.3002E-02
  0.2751E-02
  0.3039E-02
  0.1953E-02
  0.3389E-02
  0.3047E-02
  0.3458E-02
  0.3545E-02
  0.9900E-03
  0.2779E-02
  0.2869E-02
  0.2942E-02
  0.3349E-02
  0.3431E-02
  0.3244E-02
  0.3432E-02
  0.1752E-02
  0.2807E-02
  0.3379E-02
  0.2808E-02
  0.3219E-02
  0.2950E-02
  0.2487E-02
  0.2908E-02
  0.1731E-02
  0.2896E-02
  0.2909E-02
  0.1582E-02
  0.3044E-02
  0.2934E-02
  0.2040E-02
  0.2361E-02
  0.1834E-02
  0.1462E-02
  0.2689E-02
  0.1519E-02
  0.1867E-03
  0.7249E-03
  0.9240E-03
  0.2115E-03
  0.3600E-03
  0.6960E-03
  0.3763E-03
  0.1718E-03
  0.1028E-03
  0.5701E-03
  0.2358E-03
  0.2637E-03
  0.1202E-03
  0.7521E-04
  0.1609E-03
  0.1336E-03
  0.1652E-04
  0.5054E-04
  0.1837E-04
  0.3267E-04
  0.1396E-04
  0.2117E-04
  0.2178E-04
  0.1360E-04
  0.1977E-04
  0.1323E-04
  0.1216E-04
  0.1285E-04
  0.1279E-04
  0.1277E-04
  0.1276E-04
  0.1237E-04
  0.1251E-04
  0.1198E-04
  0.1252E-04
  0.1188E-04
  0.1192E-04
  0.1202E-04
  0.8245E-05
  0.8892E-05
  0.1107E-04
  0.3576E-05
  0.7778E-05
  0.9270E-05
  0.3696E-05
  0.9322E-05
  0.8316E-05
  0.2333E-05
  0.8336E-05
  0.8529E-05
  0.6231E-05
  0.7362E-05
  0.8187E-05
  0.7700E-05
  0.1915E-06
  0.7413E-05
  0.7810E-05
  0.7285E-05
  0.2868E-05
  0.1267E-05
  0.7012E-05
  0.7097E-05
  0.5954E-05
  0.7829E-05
  0.7254E-05
  0.4998E-05
  0.2172E-05
  0.5649E-05
  0.6318E-05
  0.6738E-05
  0.6739E-05
  0.6624E-05
  0.1445E-05
  0.6035E-05
  0.5602E-05
  0.5414E-05
  0.5486E-05
  0.5693E-05
  0.5819E-05
  0.6194E-05
  0.6616E-05
  0.4322E-05
  0.3000E-05
  0.1503E-05
  0.3504E-05
  0.5036E-05
  0.1804E-05
  0.3341E-05
  0.3089E-05
  0.9507E-06
  0.2996E-05
  0.4079E-05
  0.1569E-05
  0.2259E-05
  0.1545E-05
  0.1087E-05
  0.2328E-05
  0.2094E-05
  0.1518E-05
  0.1833E-05
  0.1871E-05
  0.1867E-05
  0.1483E-05
  0.1425E-05
  0.1618E-05
  0.1738E-05
  0.1487E-05
  0.1453E-05
  0.1661E-05
  0.1467E-05
  0.1708E-05
  0.1337E-05
  0.8142E-07
  0.1653E-05
  0.2097E-05
  0.9783E-07
  0.1282E-05
  0.1309E-05
  0.1333E-05
  0.1270E-05
  0.1227E-05
  0.1534E-05
  0.2745E-06
  0.1687E-05
  0.1261E-05
  0.1169E-05
  0.1173E-05
  0.1207E-05
  0.1254E-05
  0.1307E-05
  0.1355E-05
  0.1362E-05
  0.1261E-05
  0.1098E-05
  0.1083E-05
  0.2312E-05
  0.3341E-05
  0.3638E-05
  0.2735E-05
  0.3840E-05
  0.4031E-05
  0.2088E-05
  0.4202E-05
  0.2460E-05
  0.4374E-05
  0.4521E-05
  0.4681E-05
  0.4834E-05
  0.4946E-05
  0.4987E-05
  0.4945E-05
  0.4842E-05
  0.4748E-05
  0.4785E-05
  0.5958E-05
  0.8446E-05
  0.1453E-04
  0.2811E-04
  0.5576E-04
  0.9715E-04
  0.3001E-03
  0.4806E-03
  0.1247E-03
  0.1030E-02
  0.1213E-02
  0.1002E-03
  0.1287E-02
  0.1317E-02
  0.8268E-03
  0.1134E-02
  0.1298E-02
  0.1204E-02
  0.5891E-04
  0.1217E-02
  0.1285E-02
  0.1220E-02
  0.2731E-03
  0.1241E-02
  0.1294E-02
  0.1145E-02
  0.1230E-02
  0.1240E-02
  0.1209E-02
  0.1104E-02
  0.6780E-03
  0.6050E-04
  0.6778E-03
  0.9456E-03
  0.1019E-02
  0.1082E-02
  0.1095E-02
  0.1099E-02
  0.1102E-02
  0.1048E-02
  0.1048E-02
  0.1000E-02
  0.7758E-03
  0.5983E-03
  0.1097E-02
  0.1143E-02
  0.1112E-02
  0.1035E-02
  0.1116E-02
  0.1159E-02
  0.1034E-02
  0.1151E-02
  0.1092E-02
  0.1050E-02
  0.1122E-02
  0.1093E-02
  0.1044E-02
  0.1100E-02
  0.1080E-02
  0.8420E-03
  0.9772E-03
  0.1045E-02
  0.9726E-03
  0.2223E-03
  0.9174E-03
  0.9163E-03
  0.8234E-03
  0.1391E-03
  0.8491E-03
  0.8939E-03
  0.5125E-03
  0.4837E-03
  0.8521E-03
  0.7702E-03
  0.5405E-05
  0.7472E-03
  0.8405E-03
  0.5565E-03
  0.5408E-03
  0.8963E-03
  0.8769E-03
  0.5189E-03
