 tau_sw_i
                          0.5052997560171112E-12
                          0.7794630594943148E-10
                          0.8689997606599654E-10
                          0.8340722870462806E-09
                          0.2480617513577542E-08
                          0.1241471338213354E-08
                          0.7200358054401350E-08
                          0.2812950436290727E-08
                          0.4819957796149162E-09
                          0.4707369756680380E-08
                          0.9400695357274288E-10
                          0.1000364784770049E-06
                          0.3292317182913489E-06
                          0.1107523748963966E-10
                          0.3965979402160283E-11
                          0.8911886660634629E-10
                          0.3972758981733052E-12
                          0.4280685424014169E-10
                          0.3187659760702923E-12
                          0.9079907802913560E-12
                          0.5977325328360908E-12
                          0.2538281578942350E-11
                          0.6974782481557786E-11
                          0.1921024925967731E-09
                          0.1122083283313696E-07
                          0.3005337878498593E-07
                          0.2240409147241054E-05
                          0.1353176950227218E-04
                          0.9266143268339174E-07
                          0.1346120617420714E-07
                          0.2601537227823853E-07
                          0.2804156638503588E-11
                          0.8415623342089724E-11
                          0.2834813826587124E-11
                          0.9490237823004500E-11
                          0.3519443902861225E-11
                          0.3941868462635307E-11
                          0.4420214849350265E-11
                          0.7660830034915541E-11
                          0.6105326701180021E-11
                          0.5997095278120459E-11
                          0.6644795409441873E-11
                          0.8662130596195896E-11
                          0.1028347091219961E-10
                          0.8785314260243960E-11
                          0.9590604023461806E-11
                          0.1203602191016656E-10
                          0.1141290308056277E-10
                          0.1241729549586984E-10
                          0.1503445132555124E-10
                          0.9979896148716623E-10
                          0.7223202396879770E-10
                          0.2508146404431861E-06
                          0.2312676433804951E-10
                          0.6912095842138464E-10
                          0.6159834483415719E-09
                          0.2756968343364709E-10
                          0.2613842413176479E-10
                          0.3225680442619246E-10
                          0.4941897340399297E-10
                          0.5615592876988202E-10
                          0.5419934751394534E-10
                          0.9720009574427005E-10
                          0.9542644880779479E-09
                          0.4782993173546759E-10
                          0.9735217611991904E-10
                          0.7385287339848072E-09
                          0.8456316454375310E-10
                          0.1638214182199837E-09
                          0.7724046785752037E-10
                          0.7634784907685002E-10
                          0.6761226365645526E-10
                          0.6709177194737548E-10
                          0.4186106468618315E-09
                          0.7367868552748234E-10
                          0.6035958871729968E-07
                          0.1744340601845629E-03
                          0.3500943643361314E-09
                          0.1184638357706865E-09
                          0.9417439404563402E-10
                          0.1011524140698709E-09
                          0.1446021646629713E-07
                          0.1394494255213931E-07
                          0.4121088109270113E-05
                          0.7604329910058345E-05
                          0.1325661029742282E-09
                          0.1279022297516175E-09
                          0.1337813948896943E-09
                          0.1402578353595694E-09
                          0.3082160333230711E-09
                          0.6898968103790408E-07
                          0.9564384592039788E-03
                          0.1718769821935768E-01
                          0.8610480492776561E-04
                          0.1814335347502999E-03
                          0.2726510264745349E-05
                          0.4521510992944421E-09
                          0.2067835560052289E-09
                          0.2155480060859190E-09
                          0.3081147650887669E-09
                          0.6358751079986004E-09
                          0.2499672944598299E-09
                          0.2559481041830521E-09
                          0.2861453417795820E-06
                          0.4388614104515861E-09
                          0.5444442039827863E-09
                          0.2992352513066060E-09
                          0.3077558461854015E-09
                          0.3185859383388887E-09
                          0.3301303401956477E-09
                          0.3498596566608402E-09
                          0.3610603326597489E-09
                          0.3673611974295040E-09
                          0.3806625838698341E-09
                          0.3943672674961714E-09
                          0.4081798594959144E-09
                          0.4225944054708563E-09
                          0.4373101848877518E-09
                          0.4569307040795415E-09
                          0.5285957168971262E-09
                          0.1311587058257569E-07
                          0.5019682947809625E-09
                          0.5192342670937382E-09
                          0.1038386339882617E-06
                          0.6005234639447312E-09
                          0.7381608265782760E-08
                          0.5895555585257708E-09
                          0.6132302493186653E-09
                          0.6314408002470162E-09
                          0.6632740348175576E-09
                          0.6667139134487437E-09
                          0.6881187566239939E-09
                          0.7123861319779313E-09
                          0.7677676971406711E-07
                          0.9253447840388209E-08
                          0.7767883587972390E-09
                          0.1729204108396448E-08
                          0.2665625180529277E-08
                          0.8551804308204464E-09
                          0.9561113077964171E-09
                          0.3829125792181619E-08
                          0.1648714029237488E-07
                          0.2751680859140649E-04
                          0.6008321108069220E-07
                          0.1623169489456560E-05
                          0.2921450156214145E-05
                          0.2022447103907912E-07
                          0.1952392069105452E-03
                          0.1656479205379620E-05
                          0.9199993098446348E-05
                          0.5587463945117538E-08
                          0.1316734628982489E-08
                          0.1842487142815099E-08
                          0.1370828980370030E-08
                          0.7549774719496369E-07
                          0.1357273552070041E-08
                          0.1391325844952804E-08
                          0.1420344612670282E-08
                          0.1492841710484415E-08
                          0.1497593497607157E-08
                          0.3748003145352804E-07
                          0.1623798251528231E-08
                          0.1606755925993769E-08
                          0.1646774981941538E-08
                          0.1689240941115637E-08
                          0.1729108879922151E-08
                          0.9824951844876722E-06
                          0.1814564580716884E-08
                          0.1861694708936662E-08
                          0.1902874932507335E-08
                          0.1948304231629745E-08
                          0.1994541935321555E-08
                          0.2041596823791788E-08
                          0.2089492398277026E-08
                          0.2191817172002793E-08
                          0.2221246751803909E-08
                          0.2238214875804097E-08
                          0.1011960911712595E-04
                          0.2342107794941656E-08
                          0.2583583848745872E-08
                          0.2463416774138843E-08
                          0.2504146312591452E-08
                          0.2560218420985055E-08
                          0.2390442685179762E-07
                          0.2677333132523592E-08
                          0.2952057187050288E-08
                          0.2415509629662634E-03
                          0.2964761473389212E-08
                          0.2914939325181077E-08
                          0.3072008655803989E-08
                          0.3267634837865714E-08
                          0.3734890940206397E-08
                          0.3379725609184509E-08
                          0.2372969207323261E-07
                          0.4468962488858775E-08
                          0.4311171181754577E-07
                          0.1278567198729184E-07
                          0.7512289884682880E-04
                          0.5060626667617746E-07
                          0.3701217295794594E-07
                          0.1405730127299239E-06
                          0.3847626110596925E-08
                          0.3957861239911789E-08
                          0.6245139450116118E-08
                          0.1874268570196018E-05
                          0.5548962299770576E-08
                          0.4201080348188220E-08
                          0.4286095904199745E-08
                          0.4664112311442112E-08
                          0.4457495939226313E-08
                          0.4548896910338489E-08
                          0.4627270677389800E-08
                          0.4811193681317875E-08
                          0.4972086053215119E-08
                          0.4908028674226388E-08
                          0.4995141706917214E-08
                          0.3868486637825894E-07
                          0.5673392294810143E-08
                          0.5268145215263098E-08
                          0.5365245277176294E-08
                          0.5464008096532341E-08
                          0.5623755663923986E-08
                          0.5665558375020236E-08
                          0.5767451916647810E-08
                          0.5871656081763598E-08
                          0.5977157473732405E-08
                          0.6434061098659951E-08
                          0.6200969464615805E-08
                          0.6302266848443153E-08
                          0.6413545805668249E-08
                          0.6526277856804361E-08
                          0.6641397169437246E-08
                          0.6756296946890202E-08
                          0.6879295430943895E-08
                          0.6992677371355712E-08
                          0.1010293836695240E-07
                          0.7234448035001858E-08
                          0.7358360428039450E-08
                          0.2019682340130374E-07
                          0.8252517280006837E-08
                          0.7738304990809467E-08
                          0.6817988399397355E-07
                          0.8005859552390780E-08
                          0.8215989382620492E-08
                          0.8273408744389756E-08
                          0.8409083395256119E-08
                          0.8627416903993351E-08
                          0.3511052135890236E-07
                          0.8919744219864719E-08
                          0.9267815960427676E-08
                          0.9235197646756953E-08
                          0.9273087155647030E-08
                          0.1229626636639958E-07
                          0.2245485303002468E-06
                          0.1032609737416328E-07
                          0.9864618338435602E-08
                          0.1001624715584183E-07
                          0.1017316917036284E-07
                          0.1035853120191091E-07
                          0.1051123827088704E-07
                          0.1096295903608244E-07
                          0.1083981413130588E-07
                          0.1099247905351203E-07
                          0.1115708512611686E-07
                          0.1132884223486996E-07
                          0.1150014629693164E-07
                          0.1188081379286973E-07
                          0.1211013882393627E-07
                          0.1422722385310997E-07
                          0.1221153328154610E-07
                          0.1251320498808884E-07
                          0.1286704545844047E-07
                          0.1280357118857150E-07
                          0.1295461772471654E-07
                          0.1617875753815464E-07
                          0.4480787118829744E-07
                          0.1374675108663678E-07
                          0.1405142320965961E-07
                          0.1508521002096181E-07
                          0.1653655076252907E-07
                          0.1437128873063789E-07
                          0.1463139130446575E-07
                          0.1486766490312451E-07
                          0.1496099403744708E-07
                          0.1517578544349998E-07
                          0.1538972808331763E-07
                          0.1560289428942673E-07
                          0.3423365046912598E-07
                          0.1605746975485464E-07
                          0.1627211444949587E-07
                          0.1652264009584508E-07
                          0.1672331280795032E-07
                          0.2800883421662675E-07
                          0.1719498293860073E-07
                          0.1763514599460384E-07
                          0.1766110419603201E-07
                          0.1821413516093722E-07
                          0.1814346760621394E-07
                          0.1839398000796059E-07
                          0.1865182850475825E-07
                          0.1889017330178784E-07
                          0.1914045897132851E-07
                          0.1939600273781704E-07
                          0.1966514675252303E-07
                          0.1993689523795279E-07
                          0.2017986463954824E-07
                          0.2047918511087770E-07
                          0.2071248297323517E-07
                          0.2098394406154508E-07
                          0.2159471139832893E-07
                          0.2154002963121996E-07
                          0.2181310634995027E-07
                          0.2209499078082870E-07
                          0.2237955575016377E-07
                          0.2266693602046799E-07
                          0.2295716360429064E-07
                          0.2325234810807678E-07
                          0.2355311249806601E-07
                          0.2384801868596535E-07
                          0.2414568388581229E-07
                          0.2445446974275147E-07
                          0.2475652114037904E-07
                          0.2507155946374495E-07
                          0.2682986212337889E-07
                          0.2584203132268623E-07
                          0.2768627240899357E-07
                          0.2633576021548994E-07
                          0.2719524417598225E-07
                          0.2049905080587184E-03
                          0.2732400209711483E-07
                          0.2766086734899790E-07
                          0.2801804383822489E-07
                          0.2859235532429358E-07
                          0.2867100247555638E-07
                          0.2901721929740839E-07
                          0.2938395242133494E-07
                          0.2971971403444515E-07
                          0.3007308296983638E-07
                          0.3043160139872347E-07
                          0.3079346258936327E-07
                          0.3115818872112009E-07
                          0.3153616421288095E-07
                          0.3189772884222701E-07
                          0.3227260248479220E-07
                          0.3265035684108762E-07
                          0.3303168867159958E-07
                          0.3341638356817107E-07
                          0.3697640790370878E-07
                          0.9654911605672724E-07
                          0.3467696724973092E-07
                          0.3499094703313140E-07
                          0.3538994326897000E-07
                          0.3579666452193240E-07
                          0.1637860656955758E-04
                          0.3673107505754599E-07
                          0.3703105348451719E-07
                          0.3745018090337131E-07
                          0.3787611033944639E-07
                          0.8167264518303256E-07
                          0.3872799365659263E-07
                          0.3916132255125002E-07
                          0.3959841358591818E-07
                          0.4049967133544202E-07
                          0.4048996074609217E-07
                          0.4095401519492789E-07
                          0.4138226307652022E-07
                          0.4183763673922416E-07
                          0.4229663021490308E-07
                          0.4275967444229668E-07
                          0.4322608113877842E-07
                          0.4394672220499968E-07
                          0.4417080536410143E-07
                          0.4475858035767876E-07
                          0.4513089278982551E-07
                          0.4561677528135229E-07
                          0.4640203872998198E-07
                          0.4662975050312160E-07
                          0.4710265981028052E-07
                          0.4759961983582293E-07
                          0.4810534355576360E-07
                          0.4861645953889232E-07
                          0.4915106356631312E-07
                          0.4964693748488484E-07
                          0.5016821517894396E-07
                          0.5069458442804088E-07
                          0.5122443995429095E-07
                          0.5175846719651430E-07
                          0.5229684575449781E-07
                          0.5283942396085976E-07
                          0.5338621362299198E-07
                          0.5393723536221703E-07
                          0.5450068462590779E-07
                          0.5505206502876070E-07
                          0.5561591751003834E-07
                          0.5619513187254528E-07
                          0.5675660259662337E-07
                          0.5733348481839815E-07
                          0.5791474410688570E-07
                          0.5850043925753718E-07
                          0.5909333534961049E-07
                          0.5968507837400851E-07
                          0.6028411155004364E-07
                          0.6088767044825824E-07
                          0.6149572423014098E-07
                          0.6210828594460678E-07
                          0.6272545237001624E-07
                          0.6334719420315948E-07
                          0.6397358312802081E-07
                          0.6460517860591214E-07
                          0.6524019136904958E-07
                          0.8993052986680704E-07
                          0.6653066475408920E-07
                          0.6717533937605389E-07
                          0.6787347540940094E-07
                          0.6849362636608871E-07
                          0.6915821162514690E-07
                          0.6984565538140198E-07
                          0.7053206945582715E-07
                          0.7117440498875291E-07
                          0.7185805756441269E-07
                          0.7254872629145192E-07
                          0.7323991862729815E-07
                          0.7543457021281833E-07
                          0.7490709099229726E-07
                          0.9205086073755384E-07
                          0.7606535409749283E-07
                          0.7678263238656634E-07
                          0.7752897668399529E-07
                          0.7999434446063170E-07
                          0.1029604854638206E-06
                          0.1642913401596729E-06
                          0.9836747309995153E-07
                          0.8321013604638057E-07
                          0.8335656920942397E-07
                          0.8334213811044726E-07
                          0.8347739728913570E-07
                          0.8424758219756556E-07
                          0.8502310440694601E-07
                          0.8580406426616572E-07
                          0.8659036755820860E-07
                          0.8738175919128241E-07
                          0.8817912180090956E-07
                          0.8898133933691276E-07
                          0.8978919224538239E-07
                          0.9060259866347328E-07
                          0.9145176796139667E-07
                          0.9224596153404846E-07
                          0.9307598645364743E-07
                          0.9391181402828143E-07
                          0.9475283697131428E-07
                          0.9559970836616490E-07
                          0.9645224441504411E-07
                          0.9731047027007119E-07
                          0.9817441032554145E-07
                          0.9904408962362972E-07
                          0.9992196955385141E-07
                          0.1008008211777092E-06
                          0.1016878271124386E-06
                          0.1025808090743335E-06
                          0.1034795726234522E-06
                          0.1043845208671877E-06
                          0.1052947045627963E-06
                          0.1062112218777515E-06
                          0.1071337094641370E-06
                          0.1080621930561542E-06
                          0.1089967001841950E-06
                          0.1099372616779958E-06
                          0.1108838814060251E-06
                          0.1118373384150919E-06
                          0.1127954631293644E-06
                          0.1137604702163412E-06
                          0.1147317010801054E-06
                          0.1157090459352087E-06
                          0.1166926688334997E-06
                          0.1176825508692691E-06
                          0.1186787443115432E-06
                          0.1197890581335778E-06
                          0.1206900050382250E-06
                          0.1217051793823856E-06
                          0.1227268175455380E-06
                          0.1237549807183531E-06
                          0.1247892307438782E-06
                          0.1258300707581911E-06
                          0.1269274834192552E-06
                          0.1279318286915906E-06
                          0.1289918751313706E-06
                          0.1300589580825791E-06
                          0.1311325891731487E-06
                          0.1322142807743714E-06
                          0.1332999454748555E-06
                          0.1343934934059400E-06
                          0.1354948234893892E-06
                          0.1366040116134765E-06
                          0.1377148445565853E-06
                          0.1388374459862554E-06
                          0.1399630202132518E-06
                          0.1410973654452312E-06
                          0.1422387218010434E-06
                          0.1433867511053599E-06
                          0.1445418272254221E-06
                          0.1457038744015488E-06
                          0.1468729584812935E-06
                          0.1480490248820250E-06
                          0.1492320847966381E-06
                          0.1504261237546977E-06
                          0.1516195594039264E-06
                          0.1528240976732140E-06
                          0.1540367776962025E-06
                          0.1552543443880101E-06
                          0.1564803307057844E-06
                          0.1577220809705702E-06
                          0.1589557668094216E-06
                          0.1602019017667250E-06
                          0.1614570521918135E-06
                          0.1627195637862667E-06
                          0.1639894650009067E-06
                          0.1652667850256426E-06
                          0.1665515520309200E-06
                          0.1678437955318663E-06
                          0.1691435436168654E-06
                          0.1704508901548140E-06
                          0.1717656720995058E-06
                          0.1730881103031249E-06
                          0.1744181700198822E-06
                          0.1757558804837099E-06
                          0.1771012709613078E-06
                          0.1784543708014644E-06
                          0.1798152098875133E-06
                          0.1811838163469379E-06
                          0.1828499712502398E-06
                          0.1839445742449939E-06
                          0.1853365412160149E-06
                          0.1867389801361970E-06
                          0.1881794113805435E-06
                          0.1895602589052346E-06
                          0.1909840592572538E-06
                          0.1924158787465288E-06
                          0.1938557347670759E-06
                          0.1953036898969605E-06
                          0.1967596716951112E-06
                          0.1982257410639395E-06
                          0.1996966487024885E-06
                          0.2011917393765549E-06
                          0.2026748021034073E-06
                          0.2041623129453509E-06
                          0.2057629094166020E-06
                          0.2071810117334668E-06
                          0.2087033359458945E-06
                          0.2102331727524183E-06
                          0.2117717769735363E-06
                          0.2133188529506441E-06
                          0.2148744366097688E-06
                          0.2164452122495918E-06
                          0.2180110746453187E-06
                          0.2195920720620402E-06
                          0.2212027958822025E-06
                          0.2227802740987383E-06
                          0.2243870496663102E-06
                          0.2260026094111532E-06
                          0.2276269436381176E-06
                          0.2292601420397537E-06
                          0.2309018741164930E-06
                          0.2325537577343577E-06
                          0.2368380983297268E-06
                          0.2363501000133930E-06
                          0.2375575792358374E-06
                          0.2392452514881171E-06
                          0.2409413750562699E-06
                          0.2426430151326917E-06
                          0.2443564938529067E-06
                          0.2460783718669073E-06
                          0.2478096692997151E-06
                          0.2495501042037901E-06
                          0.2512996427270886E-06
                          0.2530583916826914E-06
                          0.2548411383941543E-06
                          0.2566251178331873E-06
                          0.2585823558595002E-06
                          0.2601860613435675E-06
                          0.2619910057135613E-06
                          0.2638055466974316E-06
                          0.2656294625987566E-06
                          0.2674628373300471E-06
                          0.2693056860401706E-06
                          0.2711580417340526E-06
                          0.2730207432518061E-06
                          0.2748914032719906E-06
                          0.2767724749214738E-06
                          0.2786631842229797E-06
                          0.2805637600127875E-06
                          0.2824736622194069E-06
                          0.2843934665687861E-06
                          0.2863231715948821E-06
                          0.2882624470101729E-06
                          0.2902116756047355E-06
                          0.2921707695394614E-06
                          0.2941397673927881E-06
                          0.2961187006392803E-06
                          0.2981076026089007E-06
                          0.3001537897521114E-06
                          0.3021162146220988E-06
                          0.3041344555001837E-06
                          0.3061635672366044E-06
                          0.3082028501623433E-06
                          0.3102522347608641E-06
                          0.3123120047651243E-06
                          0.3143817155964980E-06
                          0.3164618470722738E-06
                          0.3185550022547504E-06
                          0.3206536155996218E-06
                          0.3228154004165590E-06
                          0.3248857684793357E-06
                          0.3310996463446075E-06
                          0.3291603467378399E-06
                          0.3313135911922646E-06
                          0.3334767577823845E-06
                          0.3356508686773411E-06
                          0.3378356381947394E-06
                          0.3400309616504833E-06
                          0.3422370094759906E-06
                          0.3444537814606480E-06
                          0.3466812991763526E-06
                          0.3489197187741612E-06
                          0.3511687375467622E-06
                          0.3534287216186783E-06
                          0.3556995939065152E-06
                          0.3579813938952162E-06
                          0.3602741547003090E-06
                          0.3625779116984506E-06
                          0.3648926992365089E-06
                          0.3672187965802771E-06
                          0.3695555078409424E-06
                          0.3720715555449629E-06
                          0.3742831620482136E-06
                          0.3766333329345773E-06
                          0.3790150493218775E-06
                          0.3814080385858805E-06
                          0.3838128009624462E-06
                          0.3862279950640637E-06
                          0.3886550338039482E-06
                          0.3910934932916984E-06
                          0.3935434090217842E-06
                          0.3960048170445975E-06
                          0.3984777531862746E-06
                          0.4009622550886578E-06
                          0.4034583535284843E-06
                          0.4059660898102084E-06
                          0.4084854982813869E-06
                          0.4110166151069895E-06
                          0.4135594765629427E-06
                          0.4161141187784341E-06
                          0.4186805781711323E-06
                          0.4212588919873836E-06
                          0.4238490941435626E-06
                          0.4264512236459492E-06
                          0.4290653162540303E-06
                          0.4316914126904623E-06
                          0.4343295369573296E-06
                          0.4369797385615363E-06
                          0.4396420758165502E-06
                          0.4423246930007208E-06
                          0.4450031862329064E-06
                          0.4477020119325184E-06
                          0.4504131316045611E-06
                          0.4531365461266459E-06
                          0.4558722917777635E-06
                          0.4586204144695954E-06
                          0.4613809291920391E-06
                          0.4641539030286054E-06
                          0.4674517498982636E-06
                          0.4697373015265775E-06
                          0.4725478329456677E-06
                          0.4753709310570742E-06
                          0.4782066730120238E-06
                          0.4810552646109929E-06
                          0.4839162328947385E-06
                          0.4867901953314346E-06
                          0.4896767184163663E-06
                          0.4925761785158137E-06
                          0.4954886420975602E-06
                          0.4985770802108728E-06
                          0.5013518720832539E-06
                          0.5058258242126248E-06
                          0.5072670785656196E-06
                          0.5102446946005724E-06
                          0.5132351185452700E-06
                          0.5162378948049679E-06
                          0.5192544401856640E-06
                          0.5222841865443449E-06
                          0.5253271755417035E-06
                          0.5283834357893401E-06
                          0.5314530237323681E-06
                          0.5345359492500795E-06
                          0.5376349283607078E-06
                          0.5407520982758806E-06
                          0.5438665811127433E-06
                          0.5470143603787080E-06
                          0.5501524769294474E-06
                          0.5533161775736400E-06
                          0.5565021382561251E-06
                          0.5596922698227212E-06
                          0.5628898129479663E-06
                          0.5661083483177733E-06
                          0.5693407514070197E-06
                          0.5726112604196081E-06
                          0.5758470649517613E-06
                          0.5791210543329931E-06
                          0.5824092568171732E-06
                          0.5863791016170193E-06
                          0.5890268266901736E-06
                          0.5923568169471810E-06
                          0.5957064288292283E-06
                          0.5990591406036052E-06
                          0.6024315585368415E-06
                          0.6058181703040411E-06
                          0.6092190558597571E-06
                          0.6126342394819770E-06
                          0.6160637620387837E-06
                          0.6195076635962245E-06
                          0.6229659834244659E-06
                          0.6264387627097947E-06
                          0.6299260410619200E-06
                          0.6334278592970286E-06
                          0.6369442571260744E-06
                          0.6404764870396536E-06
                          0.6440209548027704E-06
                          0.6476477610860231E-06
                          0.6511564583860882E-06
                          0.6547463631769683E-06
                          0.6583511119976666E-06
                          0.6619714751067308E-06
                          0.6656051811342114E-06
                          0.6693751149650383E-06
                          0.6729192201282815E-06
                          0.6765988304942605E-06
                          0.6802932939897455E-06
                          0.6840141907928673E-06
                          0.6881739101752873E-06
                          0.6914675015157504E-06
                          0.6952226485043635E-06
                          0.6989934045818387E-06
                          0.7027789406050373E-06
                          0.7065800945054235E-06
                          0.7103966943924435E-06
                          0.7142286538504508E-06
                          0.7180761318755919E-06
                          0.7219391368717333E-06
                          0.7258177055819840E-06
                          0.7297118821617422E-06
                          0.7336217079528981E-06
                          0.7375472414887650E-06
                          0.7415000068242939E-06
                          0.7454455057412190E-06
                          0.7494183553070518E-06
                          0.7534077122235394E-06
                          0.7574116349802666E-06
                          0.7614321781724851E-06
                          0.7654687064395053E-06
                          0.7695212650510932E-06
                          0.7735898885635599E-06
                          0.7776746272244187E-06
                          0.7817755208381745E-06
                          0.7858926528968170E-06
                          0.7900259432287591E-06
                          0.7941755572740966E-06
                          0.7983414967161651E-06
                          0.8025238456118835E-06
                          0.8067225232180223E-06
                          0.8109376959084500E-06
                          0.8151693654655613E-06
                          0.8194175748658424E-06
                          0.8236824408975576E-06
                          0.8279637854268060E-06
                          0.8322618729401821E-06
                          0.8365766727976350E-06
                          0.8409082279510184E-06
                          0.8452566549775634E-06
                          0.8496217867626652E-06
                          0.8540038738519547E-06
                          0.8584028728236043E-06
                          0.8628188615026663E-06
                          0.8672518675824547E-06
                          0.8717040830804705E-06
                          0.8761691885111412E-06
                          0.8806534050912114E-06
                          0.8851816962609210E-06
                          0.8896742867548531E-06
                          0.8942096609657579E-06
                          0.8987629965645640E-06
                          0.9033337048346824E-06
                          0.9079272946013268E-06
                          0.9125274041716651E-06
                          0.9171504740315149E-06
                          0.9218381922186291E-06
                          0.9264492995340351E-06
                          0.9311251389575661E-06
                          0.9358188266922006E-06
                          0.9405299411794236E-06
                          0.9452649875908432E-06
                          0.9500061857089561E-06
                          0.9547713109740452E-06
                          0.9595534484294453E-06
                          0.9643534712837507E-06
                          0.9691719768867329E-06
                          0.9740085171350499E-06
                          0.9788631388028553E-06
                          0.9837358814540249E-06
                          0.9886267956405452E-06
                          0.9935359244702362E-06
                          0.9984633132536936E-06
                          0.1003409036768857E-05
                          0.1008373062594695E-05
                          0.1013355502260678E-05
                          0.1018356374123352E-05
                          0.1023376936819584E-05
                          0.1028413641221168E-05
                          0.1033470118973699E-05
                          0.1038545223742480E-05
                          0.1043642396983253E-05
                          0.1048751474835341E-05
                          0.1053883514939996E-05
                          0.1059032771508702E-05
                          0.1064201675124952E-05
                          0.1069389477437856E-05
                          0.1074596618789868E-05
                          0.1079821959268591E-05
                          0.1085066731691697E-05
                          0.1090330586720879E-05
                          0.1095613570544949E-05
                          0.1100915730148382E-05
                          0.1106237109638751E-05
                          0.1111577757652670E-05
                          0.1116937719896193E-05
                          0.1122317042866340E-05
                          0.1127715774420960E-05
                          0.1133133970071349E-05
                          0.1138571642170716E-05
                          0.1144028874321763E-05
                          0.1149505701036632E-05
                          0.1155002167851775E-05
                          0.1160518322976992E-05
                          0.1166054213513182E-05
                          0.1171609895886285E-05
                          0.1177186147775931E-05
                          0.1182780763820390E-05
                          0.1188396126786027E-05
                          0.1194031332654863E-05
                          0.1199686620828478E-05
                          0.1205362055216200E-05
                          0.1211057585656583E-05
                          0.1216773077387664E-05
                          0.1222509550162156E-05
                          0.1228264988858069E-05
                          0.1234041378268214E-05
                          0.1239838788560350E-05
                          0.1245655259040144E-05
                          0.1251492869820407E-05
                          0.1257350924192199E-05
                          0.1263245104006769E-05
                          0.1269128754770874E-05
                          0.1275048602882814E-05
                          0.1280989136676073E-05
                          0.1286950404330993E-05
                          0.1292932454049730E-05
                          0.1298935342448195E-05
                          0.1304959092653906E-05
                          0.1311003778200563E-05
                          0.1317069447142513E-05
                          0.1323156410482521E-05
                          0.1329263880940891E-05
                          0.1335392758933934E-05
                          0.1341542806513546E-05
                          0.1347714072458946E-05
                          0.1353906605183589E-05
                          0.1360120453834537E-05
                          0.1366355667145639E-05
                          0.1372612301617008E-05
                          0.1378890388644094E-05
                          0.1385189984514091E-05
                          0.1391512420895765E-05
                          0.1397855828537387E-05
                          0.1404218348170733E-05
                          0.1410604486902334E-05
                          0.1417012383855709E-05
                          0.1423442086738013E-05
                          0.1429893645918544E-05
                          0.1436367111424270E-05
                          0.1442862560287875E-05
                          0.1449379970284507E-05
                          0.1455919437745602E-05
                          0.1462481022174779E-05
                          0.1469064760639834E-05
                          0.1475670707557524E-05
                          0.1482298899340236E-05
                          0.1488949398549474E-05
                          0.1495622265035861E-05
                          0.1502317509859703E-05
                          0.1509035219480182E-05
                          0.1515775891266771E-05
                          0.1522538202025438E-05
                          0.1529323576094198E-05
                          0.1536131602283485E-05
                          0.1542962334753514E-05
                          0.1549815827077649E-05
                          0.1556692141765376E-05
                          0.1563591317284311E-05
                          0.1570513323947251E-05
                          0.1577458339716752E-05
                          0.1584426362385252E-05
                          0.1591417446256204E-05
                          0.1598434906502348E-05
                          0.1605468990736479E-05
                          0.1612529556354855E-05
                          0.1619616638782356E-05
                          0.1626720525454163E-05
                          0.1633851032054102E-05
                          0.1641004983752206E-05
                          0.1648182344614193E-05
                          0.1655383253324320E-05
                          0.1662607731324426E-05
                          0.1669855830819469E-05
                          0.1677127603665770E-05
                          0.1684423099254635E-05
                          0.1691742371225869E-05
                          0.1699085470480393E-05
                          0.1706452448674378E-05
                          0.1713843359463111E-05
                          0.1721258248783978E-05
                          0.1728697174304654E-05
                          0.1736160185917293E-05
                          0.1743647352584238E-05
                          0.1751158693706227E-05
                          0.1758694257514231E-05
                          0.1766254133197930E-05
                          0.1773838355585302E-05
                          0.1781447180159010E-05
                          0.1789080053344194E-05
                          0.1796737712768993E-05
                          0.1804419753869126E-05
                          0.1812126622723474E-05
                          0.1819857891415130E-05
                          0.1827614003467475E-05
                          0.1835394881154431E-05
                          0.1843200579150625E-05
                          0.1851031144195622E-05
                          0.1858886635056692E-05
                          0.1866767102632285E-05
                          0.1874672599481663E-05
                          0.1882603178926896E-05
                          0.1890558903864721E-05
                          0.1898539797263997E-05
                          0.1906545969305841E-05
                          0.1914577553791226E-05
                          0.1922634174190699E-05
                          0.1930716385943794E-05
                          0.1938824017737505E-05
                          0.1946957155438373E-05
                          0.1955115868073878E-05
                          0.1963300201989725E-05
                          0.1971510988428421E-05
                          0.1979745963331155E-05
                          0.1988007406113603E-05
                          0.1996294732494405E-05
                          0.2004607939119885E-05
                          0.2012947098431009E-05
                          0.2021312218600220E-05
                          0.2029703401861073E-05
                          0.2038120767307328E-05
                          0.2046564110796190E-05
                          0.2055033750617790E-05
                          0.2063529651884301E-05
                          0.2072051868545615E-05
                          0.2080602411051635E-05
                          0.2089175465887893E-05
                          0.2097776955255115E-05
                          0.2106404977673820E-05
                          0.2115059587637984E-05
                          0.2123740848795110E-05
                          0.2132448788539362E-05
                          0.2141183488770827E-05
                          0.2149944995146714E-05
                          0.2158733362454987E-05
                          0.2167548645539645E-05
                          0.2176390899300530E-05
                          0.2185260178693500E-05
                          0.2194156539213060E-05
                          0.2203080034478610E-05
                          0.2212030721408289E-05
                          0.2221008653659826E-05
                          0.2230013887525989E-05
                          0.2239046478427078E-05
                          0.2248106480178165E-05
                          0.2257193950442139E-05
                          0.2266308942070598E-05
                          0.2275451698069762E-05
                          0.2284622155863250E-05
                          0.2293819611025736E-05
                          0.2303045259501705E-05
                          0.2312305660736320E-05
                          0.2321579986863881E-05
                          0.2330889195689594E-05
                          0.2340226373268453E-05
                          0.2349591638460678E-05
                          0.2358984859471006E-05
                          0.2368406276527865E-05
                          0.2377855888040839E-05
                          0.2387339356655319E-05
                          0.2396839924223612E-05
                          0.2406374440530872E-05
                          0.2415937384910954E-05
                          0.2425528803462823E-05
                          0.2435148752596719E-05
                          0.2444797288835310E-05
                          0.2454474468751028E-05
                          0.2464180349371505E-05
                          0.2473914986221816E-05
                          0.2483678437210126E-05
                          0.2493470758750729E-05
                          0.2503292010315770E-05
                          0.2513142240973428E-05
                          0.2523021515538697E-05
                          0.2532929901196230E-05
                          0.2542867453654429E-05
                          0.2552834157521491E-05
                          0.2562830168073796E-05
                          0.2572855505600378E-05
                          0.2582910493863495E-05
                          0.2592994390855578E-05
                          0.2603108053369284E-05
                          0.2613251272416786E-05
                          0.2623424105529493E-05
                          0.2633626610287012E-05
                          0.2643858844328565E-05
                          0.2654120865357340E-05
                          0.2664412731122917E-05
                          0.2674734691561495E-05
                          0.2685086228152865E-05
                          0.2695467975208478E-05
                          0.2705879798556950E-05
                          0.2716321764940460E-05
                          0.2726793906367822E-05
                          0.2737296328848220E-05
                          0.2747829016546642E-05
                          0.2758392126411330E-05
                          0.2768985594885770E-05
                          0.2779609581377106E-05
                          0.2790264109257128E-05
                          0.2800949266139817E-05
                          0.2811665030291432E-05
                          0.2822411528804478E-05
                          0.2833188813051495E-05
                          0.2843996926935448E-05
                          0.2854835937388731E-05
                          0.2865705909153013E-05
                          0.2876606875146818E-05
                          0.2887540039517111E-05
                          0.2898502094811320E-05
                          0.2909561385706116E-05
                          0.2920522068414646E-05
                          0.2931578985738489E-05
                          0.2942667268994280E-05
                          0.2953786977447561E-05
                          0.2964938208941683E-05
                          0.2976120907282056E-05
                          0.2987335247429785E-05
                          0.2998581258591933E-05
                          0.3009858995785993E-05
                          0.3021168493864455E-05
                          0.3032510623846185E-05
                          0.3043883084539255E-05
                          0.3055288293386089E-05
                          0.3066725525431357E-05
                          0.3078194838726214E-05
                          0.3089696291980470E-05
                          0.3101229946309887E-05
                          0.3112795861435094E-05
                          0.3124394099845903E-05
                          0.3136024714225302E-05
                          0.3147687773196843E-05
                          0.3159383331989369E-05
                          0.3171111537878370E-05
                          0.3182872197068995E-05
                          0.3194665690284244E-05
                          0.3206491792699230E-05
                          0.3218350765753029E-05
                          0.3230242603084937E-05
                          0.3242167365354799E-05
                          0.3254125113281478E-05
                          0.3266115907633600E-05
                          0.3278139887908773E-05
                          0.3290196878990743E-05
                          0.3302287183720735E-05
                          0.3314410766731650E-05
                          0.3326567706772157E-05
                          0.3338758059089286E-05
                          0.3350981885053053E-05
                          0.3363239262808614E-05
                          0.3375530247359908E-05
                          0.3387854830971909E-05
                          0.3400216218558780E-05
                          0.3412605258862806E-05
                          0.3425031222154597E-05
                          0.3437491073079766E-05
                          0.3449984890930543E-05
                          0.3462512928517278E-05
                          0.3475074679063864E-05
                          0.3487670768406599E-05
                          0.3500301064579786E-05
                          0.3512965629856364E-05
                          0.3525664536803157E-05
                          0.3538397842932673E-05
                          0.3551165623920297E-05
                          0.3563967891239149E-05
                          0.3576804761049239E-05
                          0.3589676276991196E-05
                          0.3602582501379483E-05
                          0.3615523498486876E-05
                          0.3628499327018092E-05
                          0.3641510077645067E-05
                          0.3654555731071995E-05
                          0.3667636433668699E-05
                          0.3680752219742794E-05
                          0.3693903151799196E-05
                          0.3707089293565290E-05
                          0.3720310710045500E-05
                          0.3733567569434074E-05
                          0.3746859799879290E-05
                          0.3760187266545562E-05
                          0.3773550326578678E-05
                          0.3786949040093588E-05
                          0.3800383402999559E-05
                          0.3813853478475202E-05
                          0.3827359330261006E-05
                          0.3840901020125691E-05
                          0.3854478612936052E-05
                          0.3868092171586666E-05
                          0.3881741759535000E-05
                          0.3895427440295013E-05
                          0.3909149277434851E-05
                          0.3922907334599932E-05
                          0.3936701675414550E-05
                          0.3950532363790036E-05
                          0.3964400027699125E-05
                          0.3978303042981891E-05
                          0.3992243151279632E-05
                          0.4006219867772570E-05
                          0.4020233251334944E-05
                          0.4034283367610855E-05
                          0.4048370275035659E-05
                          0.4062494043948505E-05
                          0.4076654736450730E-05
                          0.4090852432438347E-05
                          0.4105087149352082E-05
                          0.4119358998563682E-05
                          0.4133668042121558E-05
                          0.4148015426690386E-05
                          0.4162403808185614E-05
                          0.4176823616482647E-05
                          0.4191277252340180E-05
                          0.4205773157144654E-05
                          0.4220306632453716E-05
                          0.4234877738536543E-05
                          0.4249486550227407E-05
                          0.4264133115370591E-05
                          0.4278817514502572E-05
                          0.4293539807531633E-05
                          0.4308300096954052E-05
                          0.4323098335878696E-05
                          0.4337934701638775E-05
                          0.4352809222166848E-05
                          0.4367721962834670E-05
                          0.4382673144436587E-05
                          0.4397662366282211E-05
                          0.4412690160194230E-05
                          0.4427756444539014E-05
                          0.4442861259654900E-05
                          0.4458004697667492E-05
                          0.4473187232065134E-05
                          0.4488407674539537E-05
                          0.4503667346807627E-05
                          0.4518965895871430E-05
                          0.4534303427057587E-05
                          0.4549679905984666E-05
                          0.4565095464163346E-05
                          0.4580550193686268E-05
                          0.4596044113019915E-05
                          0.4611577301622345E-05
                          0.4627150028255777E-05
                          0.4642761859134277E-05
                          0.4658413197998114E-05
                          0.4674104152765257E-05
                          0.4689834727695146E-05
                          0.4705606272585484E-05
                          0.4721414917531325E-05
                          0.4737264694593634E-05
                          0.4753154343962086E-05
                          0.4769083932434033E-05
                          0.4785053526905867E-05
                          0.4801063194994677E-05
                          0.4817113021119966E-05
                          0.4833203015801586E-05
                          0.4849333316463129E-05
                          0.4865503933109892E-05
                          0.4881714979258433E-05
                          0.4897966708715491E-05
                          0.4914258566536625E-05
                          0.4930591208723468E-05
                          0.4946964551305106E-05
                          0.4963378648151739E-05
                          0.4979833543588836E-05
                          0.4996329325898460E-05
                          0.5012866057612596E-05
                          0.5029443818555743E-05
                          0.5046062633011877E-05
                          0.5062722614268320E-05
                          0.5079423814714407E-05
                          0.5096166302283462E-05
                          0.5112950144960183E-05
                          0.5129775419528761E-05
                          0.5146642170864690E-05
                          0.5163550484372980E-05
                          0.5180500814543383E-05
                          0.5197492068495510E-05
                          0.5214525472713642E-05
                          0.5231600709528985E-05
                          0.5248717847374915E-05
                          0.5265876954723501E-05
                          0.5283078100147396E-05
                          0.5300321352242780E-05
                          0.5317606853387950E-05
                          0.5334934451136831E-05
                          0.5352304435421637E-05
                          0.5369716802173167E-05
                          0.5387171649026444E-05
                          0.5404668953720470E-05
                          0.5422208878102559E-05
                          0.5439791459985605E-05
                          0.5457416830109128E-05
                          0.5475085754746401E-05
                          0.5492795842290687E-05
                          0.5510549800427243E-05
                          0.5528346727705553E-05
                          0.5546186694024460E-05
                          0.5564070141368411E-05
                          0.5581996090010136E-05
                          0.5599965706450398E-05
                          0.5617980272081409E-05
                          0.5636035063480119E-05
                          0.5654134940301790E-05
                          0.5672278988367076E-05
                          0.5690465446561472E-05
                          0.5708696215209319E-05
                          0.5726970754084929E-05
                          0.5745289132336201E-05
                          0.5763651420853951E-05
                          0.5782057689474639E-05
                          0.5800508008365334E-05
                          0.5819002460219509E-05
                          0.5837541077920479E-05
                          0.5856123969202617E-05
                          0.5874751198082448E-05
                          0.5893422816741936E-05
                          0.5912138914632114E-05
                          0.5930899557965627E-05
                          0.5949704809954769E-05
                          0.5968554746295476E-05
                          0.5987449439483463E-05
                          0.6006388958618486E-05
                          0.6025373374266611E-05
                          0.6044402757556508E-05
                          0.6063477179401386E-05
                          0.6082599082009697E-05
                          0.6101761425023165E-05
                          0.6120971386241749E-05
                          0.6140226672760428E-05
                          0.6159527353390218E-05
                          0.6178873499468087E-05
                          0.6198281767701293E-05
                          0.6217702473434265E-05
                          0.6237185443704582E-05
                          0.6256714165361422E-05
                          0.6276288717906806E-05
                          0.6295909148364594E-05
                          0.6315575553009681E-05
                          0.6335287995378012E-05
                          0.6355046547262189E-05
                          0.6374851280544294E-05
                          0.6394702292377879E-05
                          0.6414599581807840E-05
                          0.6434543287741768E-05
                          0.6454533468198736E-05
                          0.6474570185763645E-05
                          0.6494653519116125E-05
                          0.6514783538329306E-05
                          0.6534960315701582E-05
                          0.6555183925942244E-05
                          0.6575454434362293E-05
                          0.6595771921230664E-05
                          0.6616136471623430E-05
                          0.6636548109113589E-05
                          0.6657006956740952E-05
                          0.6677513070154076E-05
                          0.6698066537195728E-05
                          0.6718667385377730E-05
                          0.6739315732810964E-05
                          0.6760011637355468E-05
                          0.6780755171945312E-05
                          0.6801546409629956E-05
                          0.6822385429499013E-05
                          0.6843272286571435E-05
                          0.6864207072172878E-05
                          0.6885189853500199E-05
                          0.6906220703855133E-05
                          0.6927299696595201E-05
                          0.6948426905209504E-05
                          0.6969602402996408E-05
                          0.6990826263540948E-05
                          0.7012098560515858E-05
                          0.7033419367502650E-05
                          0.7054788759433625E-05
                          0.7076206806341068E-05
                          0.7097673586238996E-05
                          0.7119189171005960E-05
                          0.7140753651389995E-05
                          0.7162367050596940E-05
                          0.7184029497133587E-05
                          0.7205741038755360E-05
                          0.7227501758756645E-05
                          0.7249311728214353E-05
                          0.7271171021387160E-05
                          0.7293079801792423E-05
                          0.7315037876162492E-05
                          0.7337045597615400E-05
                          0.7359102918220790E-05
                          0.7381209945718971E-05
                          0.7403366743586533E-05
                          0.7425573391241249E-05
                          0.7447829949198438E-05
                          0.7470136506419307E-05
                          0.7492493133409612E-05
                          0.7514899917314887E-05
                          0.7537356893458803E-05
                          0.7559864177206781E-05
                          0.7582421830196768E-05
                          0.7605029927399114E-05
                          0.7627688543966039E-05
                          0.7650397755092307E-05
                          0.7673157636033988E-05
                          0.7695968262119622E-05
                          0.7718829730743205E-05
                          0.7741742051242904E-05
                          0.7764707717376609E-05
                          0.7787719726098654E-05
                          0.7810791158895216E-05
                          0.7833901891218686E-05
                          0.7857070001868608E-05
                          0.7880289152036027E-05
                          0.7903559893648585E-05
                          0.7926882114874760E-05
                          0.7950255940585071E-05
                          0.7973681386955211E-05
                          0.7997158578961880E-05
                          0.8020687576392014E-05
                          0.8044268458762286E-05
                          0.8067901292195112E-05
                          0.8091586188539943E-05
                          0.8115323144666015E-05
                          0.8139112313019609E-05
                          0.8162953743413756E-05
                          0.8186847515564506E-05
                          0.8210793701323682E-05
                          0.8234792381264347E-05
                          0.8258843636905363E-05
                          0.8282947553882464E-05
                          0.8307104144691250E-05
                          0.8331313621513803E-05
                          0.8355575858013025E-05
                          0.8379891106619184E-05
                          0.8404259385827297E-05
                          0.8428680781455943E-05
                          0.8453155344306991E-05
                          0.8477683177837112E-05
                          0.8502264350506550E-05
                          0.8526898939626035E-05
                          0.8551587022392269E-05
                          0.8576328676323881E-05
                          0.8601123980179069E-05
                          0.8625973007368503E-05
                          0.8650875840112461E-05
                          0.8675832552910917E-05
                          0.8700843229662549E-05
                          0.8725907934041672E-05
                          0.8751026757926827E-05
                          0.8776199772747495E-05
                          0.8801427058319656E-05
                          0.8826708691909292E-05
                          0.8852044751556355E-05
                          0.8877435319510394E-05
                          0.8902880461261581E-05
                          0.8928380267662395E-05
                          0.8953934812540535E-05
                          0.8979544182787558E-05
                          0.9005208626195332E-05
                          0.9030927667589987E-05
                          0.9056701951294419E-05
                          0.9082531358037848E-05
                          0.9108415981547641E-05
                          0.9134355890552540E-05
                          0.9160351192951426E-05
                          0.9186401890947027E-05
                          0.9212508138080210E-05
                          0.9238669982665299E-05
                          0.9264887512757332E-05
                          0.9291160803251678E-05
                          0.9317489941996908E-05
                          0.9343874982299343E-05
                          0.9370316029760519E-05
                          0.9396813158172503E-05
                          0.9423366436437609E-05
                          0.9449975947677799E-05
                          0.9476641777893448E-05
                          0.9503364012804917E-05
                          0.9530142700898917E-05
                          0.9556977951543481E-05
                          0.9583869835329080E-05
                          0.9610818431607458E-05
                          0.9637823819980716E-05
                          0.9664886091697488E-05
                          0.9692005294510510E-05
                          0.9719181535027209E-05
                          0.9746414889594358E-05
                          0.9773705489757291E-05
                          0.9801053252591356E-05
                          0.9828458420725172E-05
                          0.9855921020627189E-05
                          0.9883441132200081E-05
                          0.9911018835800270E-05
                          0.9938654211356632E-05
                          0.9966347339584919E-05
                          0.9994098300767585E-05
                          0.1002190717538644E-04
                          0.1004977404389596E-04
                          0.1007769899870837E-04
                          0.1010568208510282E-04
                          0.1013372346228087E-04
                          0.1016182306963648E-04
                          0.1018998111753923E-04
                          0.1021819766402660E-04
                          0.1024647272888943E-04
                          0.1027480645418865E-04
                          0.1030319890520123E-04
                          0.1033165014918901E-04
                          0.1036016028108938E-04
                          0.1038872937748413E-04
                          0.1041735751962302E-04
                          0.1044604478880843E-04
                          0.1047479126638286E-04
                          0.1050359703377157E-04
                          0.1053246217243783E-04
                          0.1056138676390590E-04
                          0.1059037089008221E-04
                          0.1061941463280886E-04
                          0.1064851813018477E-04
                          0.1067768129024658E-04
                          0.1070690439138577E-04
                          0.1073618739391228E-04
                          0.1076553046811517E-04
                          0.1079493359779444E-04
                          0.1082439694434567E-04
                          0.1085392055808230E-04
                          0.1088350452669941E-04
                          0.1091314893099042E-04
                          0.1094285387478748E-04
                          0.1097261937497693E-04
                          0.1100244557940364E-04
                          0.1103233254862590E-04
                          0.1106228038926685E-04
                          0.1109228911111404E-04
                          0.1112235886969923E-04
                          0.1115248972330551E-04
                          0.1118268175463127E-04
                          0.1121293504643085E-04
                          0.1124324968151375E-04
                          0.1127362574274711E-04
                          0.1130406331305299E-04
                          0.1133456247540600E-04
                          0.1136512331284430E-04
                          0.1139574590845613E-04
                          0.1142643034538686E-04
                          0.1145717670829783E-04
                          0.1148798507690662E-04
                          0.1151885553639151E-04
                          0.1154978817227155E-04
                          0.1158078306384640E-04
                          0.1161184029795672E-04
                          0.1164295995683046E-04
                          0.1167414212446263E-04
                          0.1170538688386482E-04
                          0.1173669431932315E-04
                          0.1176806451436705E-04
                          0.1179949755290214E-04
                          0.1183099352078808E-04
                          0.1186255249567388E-04
                          0.1189417456791633E-04
                          0.1192585981941667E-04
                          0.1195760833427153E-04
                          0.1198942019680227E-04
                          0.1202129553150808E-04
                          0.1205323430076795E-04
                          0.1208523685962505E-04
                          0.1211730280619576E-04
                          0.1214943277769134E-04
                          0.1218162638806818E-04
                          0.1221388404394633E-04
                          0.1224620572255774E-04
                          0.1227859150857085E-04
                          0.1231104148668567E-04
                          0.1234355574168791E-04
                          0.1237613435839012E-04
                          0.1240877742167223E-04
                          0.1244148503717751E-04
                          0.1247425722777392E-04
                          0.1250709414117073E-04
                          0.1253999584014827E-04
                          0.1257296241169655E-04
                          0.1260599393984635E-04
                          0.1263909051093173E-04
                          0.1267225220881345E-04
                          0.1270547916846205E-04
                          0.1273877132989061E-04
                          0.1277212895551963E-04
                          0.1280555199252409E-04
                          0.1283904061026667E-04
                          0.1287259486421069E-04
                          0.1290621485018153E-04
                          0.1293990064760973E-04
                          0.1297365234353103E-04
                          0.1300747002343678E-04
                          0.1304135377344957E-04
                          0.1307530368337544E-04
                          0.1310931982669687E-04
                          0.1314340235158061E-04
                          0.1317755119255671E-04
                          0.1321176658305758E-04
                          0.1324604856033911E-04
                          0.1328039721065060E-04
                          0.1331481262046749E-04
                          0.1334929487620284E-04
                          0.1338384406448071E-04
                          0.1341846027149118E-04
                          0.1345314358421537E-04
                          0.1348789408920021E-04
                          0.1352271187317116E-04
                          0.1355759702292165E-04
                          0.1359254962564955E-04
                          0.1362756976709466E-04
                          0.1366265753538172E-04
                          0.1369781305480593E-04
                          0.1373303630018858E-04
                          0.1376832747353693E-04
                          0.1380368661394526E-04
                          0.1383911382092393E-04
                          0.1387460918598994E-04
                          0.1391017276939031E-04
                          0.1394580468835881E-04
                          0.1398150501438803E-04
                          0.1401727384174803E-04
                          0.1405311130682422E-04
                          0.1408901734764000E-04
                          0.1412499225829322E-04
                          0.1416103589299731E-04
                          0.1419714852992284E-04
                          0.1423333019208858E-04
                          0.1426958096909287E-04
                          0.1430590094379645E-04
                          0.1434229022583484E-04
                          0.1437874891424827E-04
                          0.1441527698680558E-04
                          0.1445187462144181E-04
                          0.1448854192476274E-04
                          0.1452527895780641E-04
                          0.1456208586739415E-04
                          0.1459896256764177E-04
                          0.1463590932145682E-04
                          0.1467292615839861E-04
                          0.1471001316797667E-04
                          0.1474717043842291E-04
                          0.1478439805852434E-04
                          0.1482169611695517E-04
                          0.1485906470254461E-04
                          0.1489650390413113E-04
                          0.1493401381062256E-04
                          0.1497159451099114E-04
                          0.1500924609422576E-04
                          0.1504696864943070E-04
                          0.1508476226572690E-04
                          0.1512262703246338E-04
                          0.1516056303839326E-04
                          0.1519857037330456E-04
                          0.1523664914603544E-04
                          0.1527479938705451E-04
                          0.1531302125253612E-04
                          0.1535131478905448E-04
                          0.1538968010948852E-04
                          0.1542811729571008E-04
                          0.1546662643763690E-04
                          0.1550520762430099E-04
                          0.1554386094622764E-04
                          0.1558258649303185E-04
                          0.1562138435462703E-04
                          0.1566025462277777E-04
                          0.1569919738212433E-04
                          0.1573821272814604E-04
                          0.1577730074914667E-04
                          0.1581646153535791E-04
                          0.1585569517701609E-04
                          0.1589500176442633E-04
                          0.1593438138794958E-04
                          0.1597383413811850E-04
                          0.1601336010505902E-04
                          0.1605295938063125E-04
                          0.1609263205235126E-04
                          0.1613237821381335E-04
                          0.1617219795474269E-04
                          0.1621209136585050E-04
                          0.1625205853799891E-04
                          0.1629209956200145E-04
                          0.1633221452881660E-04
                          0.1637240356927718E-04
                          0.1641266665480660E-04
                          0.1645300399610154E-04
                          0.1649341564443687E-04
                          0.1653390169101271E-04
                          0.1657446222717561E-04
                          0.1661509734396412E-04
                          0.1665580713301986E-04
                          0.1669659168671743E-04
                          0.1673745109340987E-04
                          0.1677838544775931E-04
                          0.1681939484031521E-04
                          0.1686047939091976E-04
                          0.1690163910669202E-04
                          0.1694287416397565E-04
                          0.1698418462639129E-04
                          0.1702557058674249E-04
                          0.1706703213415850E-04
                          0.1710856936342051E-04
                          0.1715018236563475E-04
                          0.1719187123289617E-04
                          0.1723363605735564E-04
                          0.1727547693121987E-04
                          0.1731739394675164E-04
                          0.1735938719636429E-04
                          0.1740145677214841E-04
                          0.1744360276681849E-04
                          0.1748582527498677E-04
                          0.1752812438253420E-04
                          0.1757050018872060E-04
                          0.1761295278397968E-04
                          0.1765548226102327E-04
                          0.1769808871261262E-04
                          0.1774077223157460E-04
                          0.1778353291078565E-04
                          0.1782637084376887E-04
                          0.1786928612174631E-04
                          0.1791227883953159E-04
                          0.1795534908963712E-04
                          0.1799849696522054E-04
                          0.1804172255949544E-04
                          0.1808502596573132E-04
                          0.1812840727811299E-04
                          0.1817186658744376E-04
                          0.1821540398973889E-04
                          0.1825901957763232E-04
                          0.1830271344468518E-04
                          0.1834648568446686E-04
                          0.1839033639067402E-04
                          0.1843426565701179E-04
                          0.1847827357725314E-04
                          0.1852236025757001E-04
                          0.1856652575481720E-04
                          0.1861077019996560E-04
                          0.1865509367466839E-04
                          0.1869949627297812E-04
                          0.1874397808900331E-04
                          0.1878853921690835E-04
                          0.1883317975091362E-04
                          0.1887789978529541E-04
                          0.1892269941438594E-04
                          0.1896757873257333E-04
                          0.1901253783430170E-04
                          0.1905757681407106E-04
                          0.1910269576643738E-04
                          0.1914789478601250E-04
                          0.1919317396746428E-04
                          0.1923853340551642E-04
                          0.1928397319494863E-04
                          0.1932949343059654E-04
                          0.1937509420735163E-04
                          0.1942077562016144E-04
                          0.1946653776402939E-04
                          0.1951238073401475E-04
                          0.1955830462523285E-04
                          0.1960430953285489E-04
                          0.1965039555210800E-04
                          0.1969656277827524E-04
                          0.1974281130669564E-04
                          0.1978914123276413E-04
                          0.1983555265193156E-04
                          0.1988204565970474E-04
                          0.1992862035164642E-04
                          0.1997527682337524E-04
                          0.2002201517056581E-04
                          0.2006883548894866E-04
                          0.2011573787431028E-04
                          0.2016272242249301E-04
                          0.2020978922939523E-04
                          0.2025693839097118E-04
                          0.2030417000323105E-04
                          0.2035148416224097E-04
                          0.2039888096412298E-04
                          0.2044636050505510E-04
                          0.2049392288127122E-04
                          0.2054156818906122E-04
                          0.2058929652477087E-04
                          0.2063710798480190E-04
                          0.2068500266561197E-04
                          0.2073298066371463E-04
                          0.2078104207567945E-04
                          0.2082918699813185E-04
                          0.2087741552775320E-04
                          0.2092572776128081E-04
                          0.2097412379550796E-04
                          0.2102260372728380E-04
                          0.2107116765351345E-04
                          0.2111981567115796E-04
                          0.2116854787723431E-04
                          0.2121736436881539E-04
                          0.2126626524303003E-04
                          0.2131525059706305E-04
                          0.2136432052815511E-04
                          0.2141347513360288E-04
                          0.2146271451075889E-04
                          0.2151203875703169E-04
                          0.2156144796988569E-04
                          0.2161094224684126E-04
                          0.2166052168547469E-04
                          0.2171018638341823E-04
                          0.2175993643836004E-04
                          0.2180977194804419E-04
                          0.2185969301027076E-04
                          0.2190969972289568E-04
                          0.2195979218383086E-04
                          0.2200997049104410E-04
                          0.2206023474255916E-04
                          0.2211058503645577E-04
                          0.2216102147086952E-04
                          0.2221154414399196E-04
                          0.2226215315407062E-04
                          0.2231284859940889E-04
                          0.2236363057836611E-04
                          0.2241449918935760E-04
                          0.2246545453085457E-04
                          0.2251649670138415E-04
                          0.2256762579952944E-04
                          0.2261884192392944E-04
                          0.2267014517327913E-04
                          0.2272153564632936E-04
                          0.2277301344188693E-04
                          0.2282457865881462E-04
                          0.2287623139603110E-04
                          0.2292797175251097E-04
                          0.2297979982728477E-04
                          0.2303171571943898E-04
                          0.2308371952811601E-04
                          0.2313581135251418E-04
                          0.2318799129188781E-04
                          0.2324025944554705E-04
                          0.2329261591285807E-04
                          0.2334506079324292E-04
                          0.2339759418617958E-04
                          0.2345021619120205E-04
                          0.2350292690790014E-04
                          0.2355572643591967E-04
                          0.2360861487496234E-04
                          0.2366159232478587E-04
                          0.2371465888520384E-04
                          0.2376781465608571E-04
                          0.2382105973735704E-04
                          0.2387439422899916E-04
                          0.2392781823104942E-04
                          0.2398133184360104E-04
                          0.2403493516680327E-04
                          0.2408862830086119E-04
                          0.2414241134603585E-04
                          0.2419628440264428E-04
                          0.2425024757105937E-04
                          0.2430430095170997E-04
                          0.2435844464508085E-04
                          0.2441267875171277E-04
                          0.2446700337220236E-04
                          0.2452141860720217E-04
                          0.2457592455742075E-04
                          0.2463052132362254E-04
                          0.2468520900662793E-04
                          0.2473998770731321E-04
                          0.2479485752661060E-04
                          0.2484981856550833E-04
                          0.2490487092505048E-04
                          0.2496001470633708E-04
                          0.2501525001052414E-04
                          0.2507057693882355E-04
                          0.2512599559250310E-04
                          0.2518150607288664E-04
                          0.2523710848135383E-04
                          0.2529280291934029E-04
                          0.2534858948833760E-04
                          0.2540446828989330E-04
                          0.2546043942561078E-04
                          0.2551650299714941E-04
                          0.2557265910622449E-04
                          0.2562890785460723E-04
                          0.2568524934412483E-04
                          0.2574168367666035E-04
                          0.2579821095415284E-04
                          0.2585483127859727E-04
                          0.2591154475204451E-04
                          0.2596835147660135E-04
                          0.2602525155443062E-04
                          0.2608224508775096E-04
                          0.2613933217883698E-04
                          0.2619651293001928E-04
                          0.2625378744368433E-04
                          0.2631115582227453E-04
                          0.2636861816828822E-04
                          0.2642617458427972E-04
                          0.2648382517285924E-04
                          0.2654157003669291E-04
                          0.2659940927850281E-04
                          0.2665734300106694E-04
                          0.2671537130721929E-04
                          0.2677349429984971E-04
                          0.2683171208190399E-04
                          0.2689002475638391E-04
                          0.2694843242634713E-04
                          0.2700693519490724E-04
                          0.2706553316523379E-04
                          0.2712422644055228E-04
                          0.2718301512414406E-04
                          0.2724189931934652E-04
                          0.2730087912955290E-04
                          0.2735995465821241E-04
                          0.2741912600883018E-04
                          0.2747839328496725E-04
                          0.2753775659024066E-04
                          0.2759721602832332E-04
                          0.2765677170294414E-04
                          0.2771642371788784E-04
                          0.2777617217699516E-04
                          0.2783601718416282E-04
                          0.2789595884334334E-04
                          0.2795599725854531E-04
                          0.2801613253383315E-04
                          0.2807636477332725E-04
                          0.2813669408120393E-04
                          0.2819712056169549E-04
                          0.2825764431909007E-04
                          0.2831826545773177E-04
                          0.2837898408202071E-04
                          0.2843980029641284E-04
                          0.2850071420542007E-04
                          0.2856172591361025E-04
                          0.2862283552560714E-04
                          0.2868404314609052E-04
                          0.2874534887979600E-04
                          0.2880675283151513E-04
                          0.2886825510609544E-04
                          0.2892985580844040E-04
                          0.2899155504350937E-04
                          0.2905335291631762E-04
                          0.2911524953193646E-04
                          0.2917724499549301E-04
                          0.2923933941217041E-04
                          0.2930153288720766E-04
                          0.2936382552589978E-04
                          0.2942621743359763E-04
                          0.2948870871570806E-04
                          0.2955129947769382E-04
                          0.2961398982507365E-04
                          0.2967677986342213E-04
                          0.2973966969836990E-04
                          0.2980265943560337E-04
                          0.2986574918086504E-04
                          0.2992893903995324E-04
                          0.2999222911872224E-04
                          0.3005561952308232E-04
                          0.3011911035899958E-04
                          0.3018270173249620E-04
                          0.3024639374965010E-04
                          0.3031018651659531E-04
                          0.3037408013952167E-04
                          0.3043807472467505E-04
                          0.3050217037835715E-04
                          0.3056636720692568E-04
                          0.3063066531679430E-04
                          0.3069506481443249E-04
                          0.3075956580636579E-04
                          0.3082416839917557E-04
                          0.3088887269949921E-04
                          0.3095367881402996E-04
                          0.3101858684951706E-04
                          0.3108359691276564E-04
                          0.3114870911063679E-04
                          0.3121392355004752E-04
                          0.3127924033797078E-04
                          0.3134465958143542E-04
                          0.3141018138752621E-04
                          0.3147580586338399E-04
                          0.3154153311620537E-04
                          0.3160736325324295E-04
                          0.3167329638180527E-04
                          0.3173933260925682E-04
                          0.3180547204301801E-04
                          0.3187171479056514E-04
                          0.3193806095943045E-04
                          0.3200451065720221E-04
                          0.3207106399152454E-04
                          0.3213772107009744E-04
                          0.3220448200067697E-04
                          0.3227134689107503E-04
                          0.3233831584915948E-04
                          0.3240538898285412E-04
                          0.3247256640013869E-04
                          0.3253984820904880E-04
                          0.3260723451767611E-04
                          0.3267472543416809E-04
                          0.3274232106672822E-04
                          0.3281002152361586E-04
                          0.3287782691314634E-04
                          0.3294573734369093E-04
                          0.3301375292367681E-04
                          0.3308187376158707E-04
                          0.3315009996596079E-04
                          0.3321843164539296E-04
                          0.3328686890853446E-04
                          0.3335541186409212E-04
                          0.3342406062082882E-04
                          0.3349281528756313E-04
                          0.3356167597316979E-04
                          0.3363064278657937E-04
                          0.3369971583677832E-04
                          0.3376889523280916E-04
                          0.3383818108377020E-04
                          0.3390757349881576E-04
                          0.3397707258715611E-04
                          0.3404667845805739E-04
                          0.3411639122084168E-04
                          0.3418621098488708E-04
                          0.3425613785962753E-04
                          0.3432617195455290E-04
                          0.3439631337920906E-04
                          0.3446656224319774E-04
                          0.3453691865617669E-04
                          0.3460738272785946E-04
                          0.3467795456801568E-04
                          0.3474863428647083E-04
                          0.3481942199310635E-04
                          0.3489031779785953E-04
                          0.3496132181072375E-04
                          0.3503243414174817E-04
                          0.3510365490103798E-04
                          0.3517498419875427E-04
                          0.3524642214511402E-04
                          0.3531796885039024E-04
                          0.3538962442491178E-04
                          0.3546138897906346E-04
                          0.3553326262328605E-04
                          0.3560524546807623E-04
                          0.3567733762398660E-04
                          0.3574953920162568E-04
                          0.3582185031165803E-04
                          0.3589427106480399E-04
                          0.3596680157183994E-04
                          0.3603944194359821E-04
                          0.3611219229096686E-04
                          0.3618505272489015E-04
                          0.3625802335636814E-04
                          0.3633110429645683E-04
                          0.3640429565626814E-04
                          0.3647759754696996E-04
                          0.3655101007978608E-04
                          0.3662453336599627E-04
                          0.3669816751693617E-04
                          0.3677191264399738E-04
                          0.3684576885862744E-04
                          0.3691973627232980E-04
                          0.3699381499666390E-04
                          0.3706800514324503E-04
                          0.3714230682374448E-04
                          0.3721672014988943E-04
