 Longwave optical depth [dimless]
  0.2381E+01
  0.2720E+01
  0.3204E+01
  0.4038E+01
  0.3443E+02
  0.5963E+01
  0.7527E+01
  0.1007E+02
  0.4210E+02
  0.6193E+02
  0.5173E+02
  0.2235E+03
  0.1344E+03
  0.3311E+03
  0.3298E+05
  0.4262E+03
  0.1864E+03
  0.1341E+03
  0.2110E+03
  0.2764E+04
  0.4680E+03
  0.1734E+03
  0.1559E+03
  0.1955E+03
  0.2991E+03
  0.1198E+04
  0.1098E+04
  0.8060E+03
  0.4570E+04
  0.2499E+05
  0.3984E+05
  0.3733E+04
  0.4929E+05
  0.8266E+03
  0.6495E+03
  0.6272E+03
  0.1204E+04
  0.1965E+05
  0.8816E+03
  0.6831E+03
  0.7944E+03
  0.1314E+04
  0.4709E+05
  0.9192E+04
  0.4579E+05
  0.4388E+06
  0.5698E+04
  0.1781E+05
  0.1886E+04
  0.1060E+06
  0.4648E+04
  0.2425E+04
  0.1114E+04
  0.6311E+04
  0.3934E+04
  0.2506E+04
  0.2905E+04
  0.1770E+06
  0.2828E+05
  0.9575E+04
  0.1025E+05
  0.5455E+04
  0.9268E+04
  0.3154E+06
  0.1093E+05
  0.1095E+06
  0.2543E+04
  0.2180E+04
  0.3888E+04
  0.1643E+05
  0.4964E+05
  0.2022E+05
  0.6437E+04
  0.1160E+06
  0.1146E+05
  0.4104E+04
  0.1120E+06
  0.4703E+04
  0.2154E+05
  0.2648E+05
  0.3464E+05
  0.6305E+04
  0.6129E+04
  0.8211E+05
  0.2900E+05
  0.9030E+04
  0.3040E+04
  0.3265E+04
  0.1701E+06
  0.3643E+04
  0.1660E+04
  0.1437E+04
  0.1864E+04
  0.3490E+04
  0.4562E+04
  0.2670E+05
  0.1397E+05
  0.5860E+05
  0.6301E+04
  0.5090E+04
  0.1308E+05
  0.1199E+06
  0.1976E+05
  0.3645E+04
  0.9096E+04
  0.5645E+05
  0.5050E+05
  0.3697E+04
  0.3392E+04
  0.3901E+04
  0.2548E+05
  0.4389E+06
  0.2966E+05
  0.3486E+04
  0.2078E+04
  0.2248E+04
  0.2603E+04
  0.5768E+04
  0.2856E+05
  0.4205E+05
  0.9320E+05
  0.1344E+05
  0.5163E+06
  0.5451E+04
  0.4911E+04
  0.1847E+05
  0.1083E+05
  0.2756E+04
  0.1732E+04
  0.1686E+04
  0.1503E+04
  0.1646E+04
  0.6955E+04
  0.5522E+04
  0.8723E+04
  0.3831E+05
  0.3173E+05
  0.6329E+04
  0.2512E+06
  0.4367E+04
  0.7178E+06
  0.5675E+05
  0.1243E+05
  0.2571E+04
  0.1210E+05
  0.3069E+04
  0.2315E+05
  0.1571E+04
  0.1722E+04
  0.4263E+04
  0.2616E+05
  0.1953E+04
  0.1239E+04
  0.1509E+04
  0.1534E+06
  0.5886E+04
  0.6412E+04
  0.7375E+04
  0.2283E+04
  0.3558E+04
  0.9295E+04
  0.1952E+06
  0.3701E+05
  0.6470E+04
  0.4009E+04
  0.8280E+04
  0.7531E+06
  0.5995E+04
  0.5629E+04
  0.5144E+04
  0.6982E+04
  0.1213E+05
  0.1364E+04
  0.1022E+04
  0.1089E+04
  0.1712E+04
  0.8691E+04
  0.1060E+05
  0.3006E+05
  0.4215E+04
  0.5207E+05
  0.3508E+05
  0.2012E+05
  0.3417E+04
  0.4321E+04
  0.2205E+04
  0.3878E+04
  0.6714E+03
  0.5607E+03
  0.5162E+03
  0.5071E+03
  0.5306E+03
  0.6256E+03
  0.8161E+03
  0.1647E+04
  0.7530E+04
  0.1541E+05
  0.1492E+05
  0.1597E+05
  0.3774E+04
  0.8439E+04
  0.4295E+04
  0.6253E+05
  0.1430E+05
  0.5542E+04
  0.1639E+04
  0.7733E+03
  0.5446E+03
  0.4539E+03
  0.4341E+03
  0.6465E+03
  0.7903E+03
  0.2618E+05
  0.1143E+04
  0.4644E+03
  0.3781E+03
  0.3893E+03
  0.4892E+03
  0.5716E+03
  0.1011E+04
  0.2684E+05
  0.6271E+04
  0.4805E+06
  0.6315E+04
  0.5842E+04
  0.5057E+06
  0.3166E+04
  0.6819E+04
  0.7562E+03
  0.7676E+03
  0.2543E+04
  0.1689E+05
  0.2199E+04
  0.4847E+03
  0.3294E+03
  0.3041E+03
  0.3176E+03
  0.3877E+03
  0.6482E+04
  0.7957E+03
  0.2226E+04
  0.1072E+05
  0.1646E+05
  0.2123E+04
  0.1001E+04
  0.3430E+03
  0.2848E+03
  0.4257E+03
  0.2120E+03
  0.2320E+03
  0.3762E+03
  0.1337E+05
  0.5777E+03
  0.2360E+03
  0.2072E+03
  0.2486E+03
  0.4131E+03
  0.1027E+04
  0.6433E+05
  0.2193E+04
  0.1100E+04
  0.1474E+05
  0.3299E+04
  0.5262E+03
  0.3014E+03
  0.2721E+03
  0.4899E+03
  0.7741E+04
  0.1194E+04
  0.3351E+03
  0.2187E+03
  0.5182E+03
  0.1141E+04
  0.3055E+03
  0.1090E+04
  0.1752E+03
  0.5120E+03
  0.2055E+03
  0.6352E+03
  0.3041E+06
  0.1391E+04
  0.3596E+04
  0.1594E+04
  0.7127E+04
  0.5660E+03
  0.6770E+05
  0.1289E+05
  0.1953E+03
  0.1133E+03
  0.1008E+03
  0.8027E+02
  0.7100E+02
  0.7122E+02
  0.8575E+02
  0.1718E+03
  0.3966E+04
  0.2522E+03
  0.1597E+03
  0.3786E+03
  0.3125E+04
  0.4338E+04
  0.2169E+03
  0.1251E+04
  0.7149E+02
  0.9253E+02
  0.8480E+02
  0.5463E+03
  0.1686E+05
  0.4052E+03
  0.8653E+02
  0.5878E+02
  0.1934E+03
  0.5576E+02
  0.7410E+02
  0.2373E+03
  0.4005E+03
  0.1144E+04
  0.3797E+05
  0.8651E+03
  0.4251E+03
  0.1650E+03
  0.6253E+02
  0.4590E+02
  0.4170E+02
  0.3984E+02
  0.3404E+02
  0.3287E+02
  0.3346E+02
  0.3419E+02
  0.3843E+02
  0.4481E+02
  0.8995E+02
  0.1026E+03
  0.4483E+03
  0.3633E+05
  0.2548E+05
  0.3113E+03
  0.1650E+03
  0.2116E+03
  0.1078E+03
  0.1711E+03
  0.4278E+02
  0.3654E+02
  0.4089E+02
  0.1473E+04
  0.4444E+02
  0.3005E+02
  0.1038E+04
  0.8882E+02
  0.3621E+02
  0.2835E+02
  0.3566E+02
  0.1121E+03
  0.1125E+04
  0.5775E+03
  0.4053E+02
  0.5632E+02
  0.8543E+02
  0.2377E+02
  0.3152E+02
  0.2986E+02
  0.9046E+02
  0.7831E+02
  0.4973E+02
  0.1103E+03
  0.9083E+03
  0.3901E+03
  0.6745E+02
  0.5488E+02
  0.2907E+02
  0.5284E+02
  0.1969E+02
  0.2824E+02
  0.3300E+02
  0.6725E+02
  0.3718E+02
  0.7396E+02
  0.2698E+04
  0.2384E+03
  0.3554E+02
  0.2779E+02
  0.1871E+02
  0.1665E+02
  0.1708E+02
  0.3107E+03
  0.3085E+02
  0.2720E+03
  0.8849E+02
  0.1791E+03
  0.1718E+02
  0.1516E+02
  0.1756E+02
  0.2958E+02
  0.2818E+03
  0.1940E+02
  0.1406E+02
  0.1281E+02
  0.1260E+02
  0.1394E+02
  0.2310E+02
  0.4239E+02
  0.8591E+04
  0.4063E+02
  0.3020E+02
  0.6241E+02
  0.2715E+03
  0.2632E+02
  0.1830E+02
  0.2140E+02
  0.1601E+02
  0.1412E+02
  0.2669E+02
  0.6097E+02
  0.1714E+03
  0.5618E+02
  0.3748E+03
  0.2134E+02
  0.1521E+02
  0.1756E+02
  0.3925E+02
  0.3426E+04
  0.3579E+02
  0.1650E+02
  0.1159E+02
  0.1022E+02
  0.1058E+02
  0.1444E+02
  0.1544E+02
  0.1573E+03
  0.1453E+02
  0.1019E+02
  0.1158E+02
  0.3352E+03
  0.1192E+02
  0.1378E+02
  0.1036E+03
  0.1668E+03
  0.3227E+02
  0.1819E+02
  0.1140E+03
  0.1387E+02
  0.4499E+02
  0.1206E+02
  0.1202E+03
  0.2038E+02
  0.1862E+02
  0.9599E+01
  0.1252E+02
  0.1668E+02
  0.1398E+02
  0.4295E+02
  0.1545E+02
  0.2229E+02
  0.7819E+03
  0.4118E+02
  0.6225E+02
  0.3460E+02
  0.2268E+02
  0.1734E+02
  0.5332E+02
  0.2420E+04
  0.2807E+02
  0.2555E+02
  0.6867E+02
  0.5772E+03
  0.8755E+02
  0.4153E+02
  0.2288E+03
  0.9731E+02
  0.2519E+04
  0.1190E+03
  0.7189E+02
  0.2343E+03
  0.3987E+03
  0.1449E+04
  0.3498E+03
  0.2832E+03
  0.4081E+04
  0.1265E+04
  0.1308E+04
  0.5441E+03
  0.2126E+03
  0.4188E+03
  0.3771E+04
  0.1258E+04
  0.6448E+03
  0.2904E+03
  0.5445E+03
  0.5833E+04
  0.9473E+03
  0.4774E+03
  0.9492E+03
  0.3054E+04
  0.3524E+05
  0.2611E+04
  0.6631E+03
  0.2378E+04
  0.2651E+04
  0.4383E+04
  0.8192E+03
  0.1322E+04
  0.8011E+04
  0.2974E+04
  0.2944E+04
  0.5673E+04
  0.1953E+05
  0.2236E+05
  0.4084E+04
  0.3168E+05
  0.5516E+04
  0.1761E+05
  0.3590E+06
  0.1906E+05
  0.1690E+05
  0.1061E+05
  0.1537E+05
  0.6384E+05
  0.5525E+06
  0.2267E+06
  0.4334E+05
  0.2209E+05
  0.5841E+05
  0.3961E+06
  0.1703E+06
  0.3728E+05
  0.2800E+05
  0.3969E+05
  0.1275E+06
  0.3847E+06
  0.6707E+05
  0.3314E+05
  0.4752E+05
  0.8790E+05
  0.3393E+07
  0.1463E+07
  0.5054E+06
  0.1158E+06
  0.4120E+05
  0.3457E+05
  0.1103E+06
  0.1513E+07
  0.1415E+06
  0.3543E+05
  0.3494E+05
  0.1057E+06
  0.1512E+07
  0.5059E+05
  0.2648E+05
  0.3697E+05
  0.1657E+06
  0.1102E+06
  0.1957E+05
  0.1366E+05
  0.3267E+05
  0.1017E+07
  0.1478E+05
  0.6936E+04
  0.1331E+05
  0.4630E+05
  0.1286E+05
  0.8847E+04
  0.5179E+04
  0.7015E+04
  0.1419E+05
  0.2017E+04
  0.6385E+04
  0.1716E+04
  0.2165E+05
  0.1326E+04
  0.2406E+04
  0.2289E+04
  0.4440E+04
  0.5875E+03
  0.6039E+03
  0.4122E+04
  0.2946E+05
  0.6831E+04
  0.1887E+04
  0.5423E+03
  0.2936E+03
  0.2455E+03
  0.6869E+03
  0.2107E+05
  0.8555E+03
  0.3270E+03
  0.4772E+03
  0.5176E+03
  0.3849E+04
  0.1886E+04
  0.3679E+03
  0.3948E+03
  0.4240E+03
  0.1143E+04
  0.1356E+05
  0.4667E+03
  0.3808E+03
  0.9770E+02
  0.1198E+03
  0.3282E+03
  0.3687E+04
  0.2929E+03
  0.6551E+02
  0.3961E+02
  0.5474E+02
  0.1499E+03
  0.7402E+03
  0.5135E+02
  0.1755E+02
  0.1299E+02
  0.1185E+02
  0.2261E+02
  0.8446E+02
  0.3616E+02
  0.8670E+01
  0.5954E+01
  0.9388E+01
  0.3452E+02
  0.6038E+01
  0.1011E+02
  0.3517E+01
  0.5078E+01
  0.2948E+02
  0.1136E+02
  0.3601E+01
  0.3449E+01
  0.4746E+01
  0.2196E+02
  0.6287E+01
  0.3771E+01
  0.3115E+01
  0.3091E+01
  0.5663E+01
  0.1506E+02
  0.5629E+02
  0.7598E+01
  0.3302E+01
  0.1313E+02
  0.3868E+01
  0.9987E+02
  0.6327E+01
  0.2725E+01
  0.2406E+01
  0.2440E+02
  0.1095E+02
  0.6863E+01
  0.2469E+01
  0.2730E+01
  0.2387E+01
  0.6272E+01
  0.5602E+01
  0.2505E+01
  0.2144E+01
  0.1839E+01
  0.3271E+01
  0.3729E+01
  0.1701E+01
  0.1507E+01
  0.1504E+01
  0.1959E+01
  0.2423E+01
  0.1463E+01
  0.1831E+01
  0.3127E+01
  0.1760E+01
  0.1498E+01
  0.1348E+01
  0.1342E+01
  0.1310E+01
  0.1474E+01
  0.1297E+01
  0.1318E+01
  0.8067E+01
  0.1441E+01
  0.1325E+01
  0.1252E+01
  0.1242E+01
  0.1288E+01
  0.1238E+01
  0.1237E+01
  0.2022E+01
  0.1274E+01
  0.9042E+01
  0.1403E+01
  0.2010E+01
  0.1271E+01
  0.1254E+01
  0.1492E+01
  0.1099E+01
  0.1096E+01
  0.1147E+01
  0.1278E+01
  0.1486E+01
  0.1082E+01
  0.1037E+01
  0.1027E+01
  0.1038E+01
  0.2501E+01
  0.1057E+01
  0.1003E+01
  0.9758E+00
  0.9876E+00
  0.9878E+00
  0.4516E+01
  0.9615E+00
  0.2464E+01
  0.1074E+01
  0.1206E+01
  0.9818E+00
  0.1229E+01
  0.3890E+01
  0.2143E+01
  0.1081E+01
  0.1006E+01
  0.8746E+00
  0.9097E+00
  0.8978E+00
  0.8621E+00
  0.8690E+00
  0.1355E+01
  0.8252E+00
  0.8951E+00
  0.1032E+01
  0.9231E+00
  0.1104E+01
  0.1049E+01
  0.8563E+00
  0.1581E+01
  0.9701E+00
  0.8472E+00
  0.1034E+01
  0.8425E+00
  0.1990E+01
  0.8174E+00
  0.2052E+01
  0.1524E+01
  0.1125E+01
  0.1002E+01
  0.1859E+01
  0.8638E+00
  0.3107E+01
  0.8991E+00
  0.1684E+01
  0.1471E+01
  0.9634E+00
  0.5958E+01
  0.1180E+01
  0.1040E+01
  0.1672E+02
  0.2219E+01
  0.1461E+01
  0.1193E+02
  0.1242E+01
  0.1839E+01
  0.3796E+02
  0.1521E+01
  0.2054E+01
  0.1399E+02
  0.2376E+01
  0.1794E+01
  0.2610E+01
  0.1810E+02
  0.1667E+01
  0.1516E+01
  0.3045E+01
  0.1357E+02
  0.1346E+01
  0.1076E+01
  0.1269E+01
  0.8680E+00
  0.8673E+00
  0.1561E+01
  0.1404E+02
  0.7393E+01
  0.2507E+01
  0.1810E+01
  0.1801E+01
  0.2015E+01
  0.2545E+01
  0.3729E+01
  0.5154E+01
  0.8048E+01
  0.1013E+02
  0.9326E+01
  0.6673E+01
  0.3906E+01
  0.2235E+01
  0.1413E+01
  0.1120E+01
  0.9252E+00
  0.1030E+01
  0.3919E+01
  0.9336E+00
  0.9465E+00
  0.8042E+00
  0.6683E+00
  0.7011E+00
  0.6493E+00
  0.6452E+00
  0.7450E+00
  0.6279E+00
  0.6825E+00
  0.7308E+00
  0.9460E+00
  0.6329E+00
  0.1053E+01
  0.6726E+00
  0.6359E+00
  0.9022E+00
  0.8364E+00
  0.1117E+01
  0.6667E+00
  0.8551E+00
  0.8126E+00
  0.8417E+00
  0.7939E+00
  0.7485E+00
  0.3705E+01
  0.6977E+00
  0.8439E+00
  0.8362E+00
  0.7982E+00
  0.1165E+02
  0.1416E+01
  0.2051E+01
  0.1943E+01
  0.1636E+01
  0.7260E+01
  0.1989E+01
  0.1287E+01
  0.1674E+02
  0.1328E+01
  0.1850E+01
  0.7791E+01
  0.1679E+01
  0.2402E+01
  0.1055E+02
  0.1752E+01
  0.2448E+01
  0.5463E+02
  0.2378E+01
  0.2552E+01
  0.1426E+02
  0.4915E+01
  0.2056E+01
  0.2954E+01
  0.4622E+02
  0.3886E+01
  0.2534E+01
  0.1941E+01
  0.3614E+01
  0.1191E+01
  0.1543E+01
  0.3620E+02
  0.7367E+01
  0.2968E+01
  0.2406E+01
  0.2566E+01
  0.3174E+01
  0.5125E+01
  0.1022E+02
  0.2545E+02
  0.5941E+02
  0.1038E+03
  0.1066E+03
  0.8239E+02
  0.3515E+02
  0.1136E+02
  0.4430E+01
  0.2388E+01
  0.1786E+01
  0.1734E+01
  0.2742E+01
  0.7981E+01
  0.2226E+01
  0.9580E+00
  0.1602E+01
  0.6077E+00
  0.1242E+01
  0.9498E+00
  0.1694E+01
  0.1059E+01
  0.5839E+00
  0.5049E+00
  0.5882E+00
  0.7325E+00
  0.7308E+00
  0.5112E+00
  0.4943E+00
  0.1176E+01
  0.5959E+00
  0.4481E+00
  0.4348E+00
  0.4191E+00
  0.4688E+00
  0.4359E+00
  0.4884E+00
  0.7615E+01
  0.4914E+00
  0.4297E+00
  0.3971E+00
  0.3906E+00
  0.3781E+00
  0.3777E+00
  0.6251E+00
  0.3841E+00
  0.4099E+00
  0.5014E+00
  0.1057E+01
  0.4013E+01
  0.1502E+02
  0.4820E+00
  0.3878E+00
  0.3674E+00
  0.3466E+00
  0.3673E+00
  0.3365E+00
  0.3575E+00
  0.3572E+00
  0.5102E+00
  0.1168E+01
  0.6811E+00
  0.7700E+01
  0.3900E+00
  0.3795E+00
  0.3115E+00
  0.3066E+00
  0.3260E+00
  0.3097E+00
  0.3106E+00
  0.3523E+00
  0.6156E+00
  0.3038E+01
  0.1964E+01
  0.3877E+00
  0.3445E+00
  0.4383E+00
  0.5270E+00
  0.6227E+00
  0.7269E+01
  0.1147E+02
  0.8701E+00
  0.4917E+00
  0.1325E+01
  0.3598E+00
  0.5617E+00
  0.3397E+00
  0.3839E+00
  0.5161E+00
  0.1596E+01
  0.8709E+01
  0.6912E+00
  0.4785E+00
  0.2293E+01
  0.3713E+00
  0.9089E+00
  0.3920E+00
  0.9025E+00
  0.1287E+01
  0.3698E+01
  0.5568E+00
  0.3582E+00
  0.3159E+00
  0.3651E+00
  0.3796E+00
  0.2230E+01
  0.5311E+00
  0.9018E+00
  0.7323E+00
  0.1610E+02
  0.6053E+02
  0.1083E+01
  0.2361E+01
  0.6792E+00
  0.9339E+00
  0.3904E+02
  0.7654E+00
  0.4453E+01
  0.1309E+01
  0.1141E+01
  0.3649E+02
  0.6968E+01
  0.8119E+00
  0.5508E+00
  0.1841E+01
  0.5133E+00
  0.5140E+00
  0.1489E+01
  0.6881E+00
  0.1342E+01
  0.3982E+01
  0.1226E+01
  0.2366E+01
  0.1425E+01
  0.3367E+01
  0.8983E+01
  0.7516E+01
  0.9186E+01
  0.1410E+01
  0.1536E+01
  0.8437E+01
  0.3190E+01
  0.1775E+02
  0.3093E+01
  0.3568E+01
  0.1267E+01
  0.4278E+01
  0.5161E+02
  0.3338E+02
  0.1280E+02
  0.1171E+02
  0.3029E+01
  0.4321E+01
  0.5545E+02
  0.6424E+01
  0.3349E+02
  0.2159E+03
  0.2659E+02
  0.4645E+02
  0.9085E+01
  0.1004E+02
  0.1963E+01
  0.1472E+01
  0.2254E+01
  0.2169E+02
  0.9784E+01
  0.1619E+01
  0.9758E+01
  0.6949E+01
  0.1236E+02
  0.5690E+03
  0.1407E+02
  0.2977E+01
  0.2642E+01
  0.1056E+02
  0.1962E+01
  0.6041E+01
  0.5009E+01
  0.4210E+01
  0.1379E+01
  0.1752E+01
  0.1988E+01
  0.1402E+01
  0.1507E+01
  0.2206E+01
  0.4814E+01
  0.8550E+01
  0.2337E+02
  0.5806E+01
  0.6715E+01
  0.5965E+03
  0.7201E+03
  0.8591E+02
  0.3550E+02
  0.6057E+02
  0.2708E+03
  0.2622E+03
  0.2859E+02
  0.8337E+01
  0.1495E+02
  0.1078E+02
  0.4865E+02
  0.4749E+01
  0.5095E+01
  0.2243E+03
  0.4904E+01
  0.1086E+02
  0.2058E+02
  0.1150E+02
  0.5092E+02
  0.4956E+02
  0.1930E+04
  0.3359E+03
  0.1143E+03
  0.2157E+02
  0.1869E+02
  0.2593E+02
  0.1159E+02
  0.1678E+02
  0.3168E+02
  0.6127E+02
  0.1324E+02
  0.4570E+02
  0.1669E+02
  0.1894E+04
  0.2204E+02
  0.1583E+02
  0.4456E+02
  0.3864E+02
  0.6787E+04
  0.6642E+03
  0.4721E+03
  0.4285E+02
  0.2909E+02
  0.3842E+02
  0.7245E+04
  0.8218E+02
  0.4970E+02
  0.1849E+03
  0.4486E+04
  0.1918E+04
  0.1114E+03
  0.4690E+02
  0.1069E+03
  0.1275E+03
  0.2453E+02
  0.3315E+02
  0.5751E+02
  0.4464E+02
  0.2496E+03
  0.6562E+04
  0.1644E+03
  0.1577E+03
  0.1042E+03
  0.8561E+02
  0.3713E+03
  0.1410E+04
  0.7535E+03
  0.2483E+03
  0.8122E+03
  0.5540E+03
  0.1028E+03
  0.6994E+02
  0.1248E+03
  0.8256E+04
  0.1428E+03
  0.5672E+02
  0.6057E+02
  0.5293E+03
  0.7499E+02
  0.9634E+02
  0.6327E+02
  0.1575E+03
  0.2293E+04
  0.2551E+04
  0.2008E+04
  0.3266E+04
  0.2745E+03
  0.1708E+03
  0.7543E+04
  0.2477E+03
  0.9834E+02
  0.9498E+02
  0.1949E+03
  0.2085E+05
  0.2025E+03
  0.1538E+03
  0.6472E+03
  0.2903E+03
  0.2222E+04
  0.2156E+04
  0.2622E+03
  0.1420E+03
  0.9676E+02
  0.8326E+02
  0.8143E+02
  0.1066E+03
  0.2130E+03
  0.7902E+03
  0.5409E+03
  0.1557E+03
  0.1804E+03
  0.4134E+03
  0.2870E+03
  0.9514E+03
  0.3640E+04
  0.5419E+04
  0.3133E+04
  0.7071E+03
  0.2703E+03
  0.2582E+03
  0.5251E+03
  0.8230E+05
  0.5351E+03
  0.2613E+03
  0.2125E+03
  0.3298E+03
  0.1244E+04
  0.5991E+04
  0.2188E+05
  0.5668E+03
  0.3739E+05
  0.3378E+03
  0.1731E+03
  0.1675E+03
  0.3754E+04
  0.1959E+03
  0.1594E+03
  0.2476E+03
  0.3355E+04
  0.3524E+05
  0.7281E+03
  0.2390E+05
  0.2991E+04
  0.3543E+03
  0.3195E+03
  0.6442E+03
  0.5356E+05
  0.1021E+04
  0.1469E+05
  0.7217E+03
  0.7660E+03
  0.4844E+03
  0.7066E+03
  0.3460E+04
  0.7287E+04
  0.1549E+05
  0.1700E+05
  0.5084E+04
  0.5942E+03
  0.1417E+05
  0.4363E+03
  0.7495E+04
  0.2776E+04
  0.5445E+05
  0.8686E+03
  0.4326E+04
  0.6527E+05
  0.7449E+04
  0.2984E+04
  0.3988E+04
  0.1467E+04
  0.1019E+05
  0.1128E+05
  0.4131E+03
  0.6306E+03
  0.1064E+04
  0.8073E+04
  0.1051E+04
  0.7270E+03
  0.1245E+04
  0.1244E+05
  0.1081E+05
  0.3725E+04
  0.1483E+05
  0.4420E+04
  0.6586E+04
  0.8484E+03
  0.4187E+03
  0.4556E+03
  0.2494E+04
  0.5530E+03
  0.5843E+03
  0.1964E+04
  0.3010E+04
  0.1523E+04
  0.3949E+05
  0.7658E+05
  0.2111E+05
  0.2641E+04
  0.7796E+03
  0.6950E+03
  0.3014E+05
  0.5664E+03
  0.4791E+03
  0.2659E+04
  0.3657E+05
  0.7235E+03
  0.4502E+03
  0.5710E+03
  0.1588E+04
  0.2391E+06
  0.2168E+04
  0.5337E+03
  0.2959E+03
  0.2174E+03
  0.3152E+03
  0.1586E+03
  0.1383E+03
  0.1282E+03
  0.1314E+03
  0.1253E+03
  0.3411E+03
  0.1550E+03
  0.1509E+03
  0.1800E+03
  0.3795E+03
  0.1170E+04
  0.1281E+03
  0.1147E+03
  0.1225E+03
  0.2129E+04
  0.1893E+03
  0.3885E+03
  0.1372E+03
  0.1806E+03
  0.1025E+04
  0.2762E+03
  0.9134E+03
  0.2038E+03
  0.2378E+03
  0.3404E+03
  0.7627E+03
  0.6884E+04
  0.4356E+04
  0.6968E+03
  0.4100E+03
  0.4285E+03
  0.1950E+04
  0.3680E+05
  0.6130E+03
  0.4122E+03
  0.2187E+04
  0.7287E+03
  0.3043E+03
  0.2994E+03
  0.3986E+03
  0.8457E+03
  0.4929E+05
  0.5959E+04
  0.1518E+05
  0.6468E+03
  0.4794E+03
  0.3408E+03
  0.2664E+04
  0.4850E+03
  0.1365E+04
  0.2662E+05
  0.4523E+05
  0.3076E+04
  0.9633E+03
  0.2012E+04
  0.2538E+06
  0.1826E+05
  0.4575E+04
  0.9027E+03
  0.5819E+03
  0.3650E+03
  0.3494E+03
  0.7973E+03
  0.4343E+04
  0.1115E+04
  0.3995E+03
  0.3623E+03
  0.5768E+03
  0.2906E+04
  0.3416E+04
  0.3261E+04
  0.1410E+04
  0.6714E+03
  0.1022E+05
  0.1622E+04
  0.4923E+03
  0.3980E+03
  0.3727E+04
  0.7629E+03
  0.1486E+04
  0.6180E+04
  0.1556E+06
  0.1459E+04
  0.6635E+03
  0.1207E+04
  0.2472E+04
  0.4300E+03
  0.5304E+03
  0.8165E+03
  0.2861E+04
  0.2587E+05
  0.5823E+04
  0.1864E+04
  0.1887E+06
  0.2041E+05
  0.9789E+03
  0.9396E+03
  0.2019E+04
  0.1301E+05
  0.1176E+04
  0.3249E+03
  0.1014E+04
  0.3012E+03
  0.3544E+03
  0.1216E+04
  0.6112E+04
  0.1276E+04
  0.2273E+06
  0.4148E+05
  0.6111E+03
  0.3054E+03
  0.2383E+03
  0.1288E+04
  0.1781E+03
  0.1755E+03
  0.2643E+03
  0.2405E+03
  0.6229E+04
  0.4321E+03
  0.1051E+04
  0.7589E+04
  0.1246E+05
  0.6743E+03
  0.7980E+03
  0.7418E+03
  0.4785E+05
  0.5486E+03
  0.4502E+03
  0.6219E+04
  0.3462E+03
  0.7041E+03
  0.1199E+04
  0.3233E+05
  0.5671E+03
  0.6068E+04
  0.4160E+03
  0.2014E+03
  0.1600E+03
  0.5788E+03
  0.6379E+03
  0.7812E+03
  0.2075E+03
  0.1150E+04
  0.1264E+04
  0.2089E+03
  0.1323E+03
  0.1349E+03
  0.3446E+03
  0.6402E+03
  0.3941E+03
  0.1785E+05
  0.1100E+05
  0.1141E+04
  0.4204E+03
  0.4016E+03
  0.1356E+03
  0.1962E+03
  0.3495E+03
  0.5797E+03
  0.1252E+03
  0.2015E+03
  0.1504E+05
  0.8995E+02
  0.8154E+02
  0.1686E+03
  0.4900E+03
  0.2284E+04
  0.1096E+05
  0.6930E+03
  0.3436E+03
  0.2795E+04
  0.1323E+03
  0.3094E+03
  0.1900E+04
  0.5838E+03
  0.7574E+04
  0.7277E+02
  0.1853E+03
  0.5287E+02
  0.2054E+03
  0.2146E+03
  0.2796E+03
  0.4296E+03
  0.5487E+03
  0.4464E+02
  0.3532E+02
  0.4923E+02
  0.2500E+04
  0.3000E+02
  0.3263E+02
  0.5023E+02
  0.8673E+02
  0.1221E+03
  0.2596E+04
  0.2698E+03
  0.1396E+03
  0.7201E+03
  0.6695E+04
  0.3183E+03
  0.9042E+02
  0.5754E+02
  0.1237E+03
  0.7570E+02
  0.6459E+03
  0.5315E+02
  0.5102E+02
  0.7823E+02
  0.2255E+03
  0.1893E+04
  0.1146E+04
  0.1947E+03
  0.3781E+03
  0.9687E+02
  0.3744E+02
  0.2823E+02
  0.2493E+03
  0.2138E+02
  0.1817E+02
  0.7334E+02
  0.2128E+02
  0.1934E+03
  0.7303E+02
  0.2721E+02
  0.2237E+02
  0.2880E+02
  0.5290E+02
  0.9971E+03
  0.6047E+03
  0.1049E+04
  0.6771E+03
  0.1228E+03
  0.4055E+02
  0.2395E+02
  0.1788E+02
  0.1751E+02
  0.1324E+02
  0.1203E+02
  0.2105E+02
  0.1476E+02
  0.1313E+02
  0.2767E+02
  0.1062E+03
  0.2332E+02
  0.4035E+02
  0.1742E+03
  0.8687E+03
  0.5474E+02
  0.2889E+02
  0.1494E+03
  0.5233E+03
  0.8493E+02
  0.2954E+02
  0.1342E+02
  0.9598E+01
  0.9983E+01
  0.1607E+02
  0.4030E+02
  0.6927E+02
  0.2690E+02
  0.8466E+02
  0.6664E+02
  0.5761E+04
  0.6199E+02
  0.1182E+03
  0.2525E+02
  0.2444E+02
  0.4801E+02
  0.3867E+03
  0.3704E+03
  0.7890E+02
  0.4860E+02
  0.1360E+04
  0.1747E+03
  0.3604E+02
  0.7304E+02
  0.1050E+02
  0.7035E+01
  0.6427E+01
  0.8085E+01
  0.1996E+03
  0.1030E+03
  0.1900E+02
  0.9085E+01
  0.7975E+01
  0.1236E+02
  0.1480E+02
  0.5662E+02
  0.6433E+04
  0.6663E+02
  0.8589E+02
  0.3499E+03
  0.1903E+02
  0.7408E+01
  0.6021E+01
  0.1624E+02
  0.6094E+01
  0.6674E+01
  0.7000E+03
  0.9800E+02
  0.8091E+01
  0.1196E+02
  0.5460E+01
  0.5355E+03
  0.5530E+01
  0.2118E+02
  0.1048E+02
  0.1039E+04
  0.7138E+04
  0.1894E+02
  0.6200E+01
  0.3168E+01
  0.2340E+01
  0.2276E+01
  0.2441E+01
  0.1131E+03
  0.2384E+01
  0.1624E+01
  0.1726E+01
  0.2033E+01
  0.1691E+01
  0.2024E+01
  0.2697E+01
  0.4129E+01
  0.1849E+02
  0.1075E+03
  0.1316E+02
  0.5202E+02
  0.5681E+03
  0.2147E+02
  0.5442E+01
  0.3767E+01
  0.3422E+01
  0.5823E+02
  0.9800E+01
  0.1923E+01
  0.7001E+01
  0.2295E+01
  0.1458E+01
  0.1824E+01
  0.1898E+02
  0.7600E+01
  0.3899E+01
  0.1838E+01
  0.1880E+01
  0.4545E+01
  0.6923E+01
  0.2958E+02
  0.3250E+02
  0.3963E+02
  0.1359E+02
  0.4541E+01
  0.4869E+01
  0.4756E+01
  0.4334E+01
  0.2120E+02
  0.5936E+01
  0.1791E+01
  0.3319E+01
  0.1167E+02
  0.2404E+02
  0.4811E+01
  0.4002E+01
  0.8303E+01
  0.1061E+03
  0.8408E+01
  0.1549E+03
  0.3765E+03
  0.1229E+02
  0.3262E+02
  0.1292E+02
  0.4134E+02
  0.3802E+03
  0.3091E+02
  0.3093E+02
  0.1809E+02
  0.3877E+02
  0.5729E+03
  0.1276E+03
  0.3475E+02
  0.2720E+02
  0.4362E+02
  0.2327E+03
  0.4475E+03
  0.6107E+02
  0.3278E+02
  0.3167E+03
  0.1268E+03
  0.9394E+03
  0.5853E+02
  0.5854E+02
  0.2225E+02
  0.5015E+02
  0.4963E+03
  0.2694E+02
  0.1130E+03
  0.2653E+04
  0.3956E+03
  0.3394E+02
  0.1924E+02
  0.1333E+03
  0.4407E+02
  0.1637E+02
  0.1044E+02
  0.7211E+02
  0.6209E+02
  0.8533E+02
  0.4608E+01
  0.6658E+01
  0.1650E+03
  0.2710E+02
  0.9994E+01
  0.1596E+02
  0.3860E+01
  0.3889E+01
  0.2229E+02
  0.3971E+02
  0.3394E+01
  0.2116E+01
  0.1021E+02
  0.1760E+02
  0.4079E+02
  0.4331E+01
  0.1955E+01
  0.8258E+01
  0.5253E+01
  0.1677E+03
  0.7888E+01
  0.1865E+01
  0.8745E+01
  0.2224E+01
  0.3617E+02
  0.4405E+01
  0.1575E+01
  0.1398E+02
  0.1435E+01
  0.8964E+01
  0.1372E+02
  0.1641E+02
  0.1966E+01
  0.7996E+00
  0.5354E+00
  0.6843E+00
  0.4439E+02
  0.6278E+01
  0.9398E+00
  0.1167E+01
  0.5247E+00
  0.5843E+00
  0.6292E+00
  0.1349E+01
  0.6977E+00
  0.1009E+02
  0.3778E+00
  0.2396E+00
  0.1887E+01
  0.1015E+02
  0.5501E+00
  0.5905E+00
  0.8482E+00
  0.3750E+00
  0.2256E+00
  0.6646E+00
  0.6580E+00
  0.7162E+00
  0.5999E+00
  0.1123E+01
  0.2507E+00
  0.4493E+00
  0.1822E+00
  0.1530E+00
  0.9403E+01
  0.7492E+00
  0.3913E+00
  0.6067E+00
  0.1851E+00
  0.1417E+00
  0.2758E+00
  0.1436E+00
  0.3226E+01
  0.3995E+00
  0.1406E+00
  0.5828E+00
  0.2275E+00
  0.4319E+00
  0.5735E+00
  0.3187E+00
  0.1377E+01
  0.3460E+00
  0.3243E+00
  0.1575E+01
  0.2165E+00
  0.2871E+00
  0.1146E+01
  0.7621E+00
  0.9938E+00
  0.1847E+01
  0.3973E+00
  0.2083E+01
  0.1148E+02
  0.5409E+01
  0.5924E+01
  0.1962E+02
  0.9421E+01
  0.6841E+01
  0.8182E+01
  0.1484E+02
  0.1007E+02
  0.6029E+01
  0.1363E+02
  0.1639E+02
  0.4000E+02
  0.3527E+02
  0.2392E+02
  0.2509E+02
  0.3875E+03
  0.6360E+02
  0.3036E+03
  0.6252E+02
  0.2010E+03
  0.9880E+02
  0.1664E+03
  0.1824E+04
  0.1155E+03
  0.5837E+03
  0.7530E+03
  0.8507E+03
  0.8018E+03
  0.4684E+03
  0.4121E+04
  0.1275E+04
  0.6258E+03
  0.3860E+04
  0.1969E+04
  0.2717E+04
  0.2606E+04
  0.1775E+04
  0.3805E+05
  0.1075E+05
  0.2140E+04
  0.1625E+06
  0.3542E+04
  0.3988E+04
  0.1610E+06
  0.3737E+04
  0.8760E+04
  0.4479E+06
  0.9285E+04
  0.4769E+04
  0.3617E+05
  0.1604E+05
  0.5231E+04
  0.9652E+04
  0.1490E+07
  0.1144E+05
  0.6554E+04
  0.1109E+05
  0.6045E+06
  0.2339E+05
  0.6816E+04
  0.6894E+04
  0.4054E+04
  0.4763E+04
  0.9700E+04
  0.3895E+05
  0.2174E+06
  0.3202E+05
  0.3818E+05
  0.1539E+05
  0.4584E+05
  0.1357E+05
  0.4756E+05
  0.3715E+05
  0.4085E+05
  0.5121E+05
  0.4527E+05
  0.1141E+06
  0.1419E+06
  0.1076E+06
  0.3213E+05
  0.8377E+05
  0.1157E+06
  0.5951E+05
  0.5359E+06
  0.2579E+06
  0.1836E+06
  0.4301E+06
  0.3525E+06
  0.3583E+06
  0.2664E+06
  0.1885E+06
  0.3364E+07
  0.7250E+06
  0.3213E+06
  0.4245E+08
  0.3381E+06
  0.3662E+06
  0.5266E+08
  0.4808E+06
  0.4369E+06
  0.7504E+07
  0.8734E+06
  0.5271E+06
  0.1538E+07
  0.4337E+07
  0.5605E+06
  0.5916E+06
  0.4543E+07
  0.2250E+07
  0.7196E+06
  0.6709E+06
  0.2497E+07
  0.3525E+07
  0.1802E+06
  0.2703E+07
  0.1315E+07
  0.5941E+06
  0.5323E+06
  0.6730E+06
  0.1343E+07
  0.4979E+07
  0.1110E+09
  0.8532E+07
  0.2999E+07
  0.1611E+07
  0.1150E+07
  0.9487E+06
  0.7969E+06
  0.7306E+06
  0.7123E+06
  0.7892E+06
  0.1194E+07
  0.4276E+07
  0.3183E+07
  0.3580E+06
  0.1231E+06
  0.9340E+05
  0.4498E+06
  0.8577E+05
  0.2501E+05
  0.3438E+06
  0.9913E+04
  0.8975E+05
  0.3858E+04
  0.2672E+04
  0.2390E+04
  0.1507E+04
  0.7810E+03
  0.5420E+03
  0.3909E+03
  0.2813E+03
  0.1985E+03
  0.1388E+03
  0.7578E+02
  0.5031E+02
  0.3311E+02
  0.2115E+02
  0.1335E+02
  0.9473E+01
  0.3564E+01
  0.2136E+01
  0.6290E+01
  0.5367E+00
  0.2701E+00
  0.6736E+01
  0.1676E+00
  0.1266E+00
  0.8722E+00
  0.3253E+00
  0.1246E+00
  0.2188E+00
  0.7215E+01
  0.1922E+00
  0.1107E+00
  0.1712E+00
  0.2592E+01
  0.1327E+00
  0.7064E-01
  0.2302E+00
  0.1204E+00
  0.1074E+00
  0.1369E+00
  0.2527E+00
  0.1049E+01
  0.7211E+01
  0.1056E+01
  0.4608E+00
  0.3373E+00
  0.2440E+00
  0.2202E+00
  0.2066E+00
  0.1966E+00
  0.2505E+00
  0.2376E+00
  0.3166E+00
  0.7346E+00
  0.1153E+01
  0.1544E+00
  0.9380E-01
  0.1096E+00
  0.2210E+00
  0.8840E-01
  0.5123E-01
  0.1732E+00
  0.5046E-01
  0.9617E-01
  0.1127E+00
  0.6119E-01
  0.7960E-01
  0.1177E+00
  0.6230E-01
  0.8129E-01
  0.3169E+00
  0.1666E+00
  0.9257E-01
  0.1572E+00
  0.1576E+01
  0.2005E+00
  0.1893E+00
  0.3035E+00
  0.2165E+01
  0.2539E+00
  0.1971E+00
  0.7732E+00
  0.8197E+00
  0.2229E+00
  0.3182E+00
  0.5974E+01
  0.3300E+00
  0.2148E+00
  0.6028E+00
  0.6084E+00
  0.1381E+00
  0.1484E+00
  0.5186E+00
