 Temperature at each layer [K]
    268.3440
    262.2007
    256.1018
    249.7002
    243.5148
    237.4746
    231.6273
    225.9953
    220.5814
    215.3752
    210.3590
    205.5114
    200.8098
    196.3373
    193.8396
    191.8246
    190.3550
    188.8660
    187.7489
    186.7811
    186.0115
    185.2545
    184.9244
    185.0433
    185.2327
    185.5339
    185.9421
    186.6627
    187.3851
    187.9863
    188.2360
    188.0648
    187.4108
    186.4772
    185.3264
    184.3907
    183.5894
    183.6900
    184.5894
    185.0533
    184.2114
    181.5554
    177.7086
    174.1771
    171.0942
    168.7484
    172.2730
    178.5829
    169.6339
    149.9984
