 Adiabat temperature at each layer [K]
    268.3440
    262.2007
    255.9581
    249.7002
    243.5148
    237.4746
    231.6273
    225.9953
    220.5814
    215.3752
    210.3590
    205.5114
    200.8098
    196.2321
    191.7574
    187.3662
    183.0409
    178.7655
    174.5258
    170.3091
    166.1039
    161.9001
    157.6885
    153.4611
    149.9984
    149.9984
    149.9984
    149.9984
    149.9984
    149.9984
    149.9984
    149.9984
    149.9984
    149.9984
    149.9984
    149.9984
    149.9984
    149.9984
    149.9984
    149.9984
    149.9984
    149.9984
    149.9984
    149.9984
    149.9984
    149.9984
    149.9984
    149.9984
    149.9984
    149.9984
