 Temperature at each level [K]
    271.2853
    265.2724
    259.1013
    252.8511
    246.6075
    240.4947
    234.5509
    228.8113
    223.2883
    217.9783
    212.8671
    207.9352
    203.1606
    198.5236
    195.0884
    192.8321
    191.0898
    189.6105
    188.3075
    187.2650
    186.3963
    185.6330
    185.0895
    184.9839
    185.1380
    185.3833
    185.7380
    186.3024
    187.0239
    187.6857
    188.1111
    188.1504
    187.7378
    186.9440
    185.9018
    184.8586
    183.9901
    183.6397
    184.1397
    184.8214
    184.6324
    182.8834
    179.6320
    175.9428
    172.6357
    169.9213
    170.5107
    175.4279
    174.1084
    159.7662
    149.9984
