 Surface temperature vs. time [K]
    270.0000
    270.7555
    271.0610
    271.2892
    271.5486
    271.7474
    271.9109
    272.0428
    272.1383
    272.2040
    272.2462
    272.2659
    272.2677
    272.2589
    272.2382
    272.2077
    272.1674
    272.1209
    272.0781
    272.0345
    271.9869
    271.9380
    271.8914
    271.8510
    271.8124
    271.7729
    271.7349
    271.6977
    271.6655
    271.6357
    271.6068
    271.5821
    271.5587
    271.5353
    271.5140
    271.4949
    271.4795
    271.4631
    271.4501
    271.4363
    271.4252
    271.4137
    271.4050
    271.3952
    271.3885
    271.3797
    271.3732
    271.3658
    271.3597
    271.3551
    271.3514
    271.3485
    271.3454
    271.3434
    271.3408
    271.3386
    271.3356
    271.3329
    271.3297
    271.3269
    271.3233
    271.3207
    271.3172
    271.3148
    271.3119
    271.3102
    271.3085
    271.3074
    271.3060
    271.3053
    271.3043
    271.3039
    271.3029
    271.3026
    271.3012
    271.3003
    271.2989
    271.2978
    271.2966
    271.2958
    271.2947
    271.2943
    271.2934
    271.2929
    271.2919
    271.2914
    271.2903
    271.2898
    271.2889
    271.2885
    271.2879
    271.2877
    271.2872
    271.2870
    271.2866
    271.2863
    271.2856
    271.2854
    271.2850
    271.2850
    271.2848
    271.2850
    271.2849
    271.2851
    271.2850
    271.2851
    271.2850
    271.2852
    271.2851
    271.2852
    271.2851
    271.2853
    271.2852
    271.2853
    271.2852
    271.2853
    271.2852
    271.2853
    271.2852
    271.2854
    271.2852
    271.2854
    271.2852
    271.2854
    271.2853
    271.2854
    271.2853
    271.2854
    271.2853
    271.2854
    271.2853
    271.2854
    271.2853
    271.2854
    271.2853
    271.2854
    271.2853
    271.2854
    271.2853
    271.2854
    271.2853
    271.2854
    271.2853
    271.2854
    271.2853
    271.2854
    271.2853
    271.2854
    271.2853
    271.2854
    271.2853
    271.2854
    271.2853
    271.2854
    271.2853
    271.2854
    271.2853
    271.2854
    271.2853
    271.2854
    271.2853
    271.2854
    271.2853
    271.2854
    271.2853
    271.2854
    271.2853
    271.2854
    271.2853
    271.2854
    271.2853
    271.2854
    271.2853
    271.2854
    271.2853
    271.2854
    271.2853
    271.2854
    271.2853
    271.2854
    271.2853
    271.2854
    271.2853
    271.2854
    271.2853
    271.2854
    271.2853
    271.2854
    271.2853
    271.2854
    271.2853
    271.2854
    271.2853
    271.2854
    271.2853
    271.2854
    271.2853
    271.2854
    271.2853
    271.2854
    271.2853
    271.2854
    271.2853
    271.2854
    271.2853
    271.2854
    271.2853
    271.2854
    271.2853
    271.2854
    271.2853
    271.2854
    271.2853
    271.2854
    271.2853
    271.2854
    271.2853
    271.2854
    271.2853
    271.2854
    271.2853
    271.2854
    271.2853
    271.2854
    271.2853
    271.2854
    271.2853
    271.2854
    271.2853
    271.2854
    271.2853
    271.2854
    271.2853
    271.2854
    271.2853
    271.2854
    271.2853
    271.2854
    271.2853
    271.2854
    271.2853
    271.2854
    271.2853
    271.2854
    271.2853
    271.2854
    271.2853
    271.2854
    271.2853
    271.2854
    271.2853
    271.2854
    271.2853
    271.2854
    271.2853
    271.2854
    271.2853
    271.2854
    271.2853
    271.2854
    271.2853
    271.2854
    271.2853
    271.2854
    271.2853
    271.2854
    271.2853
    271.2854
    271.2853
    271.2854
    271.2853
    271.2854
    271.2853
    271.2854
    271.2853
    271.2854
    271.2853
    271.2854
    271.2853
    271.2854
    271.2853
    271.2854
    271.2853
    271.2854
    271.2853
    271.2854
    271.2853
    271.2854
    271.2853
    271.2854
    271.2853
    271.2854
    271.2853
    271.2854
    271.2853
    271.2854
    271.2853
    271.2854
    271.2853
    271.2854
