 Flux gradient longwave
       30.3346
       18.1984
        4.9028
        1.3912
        1.1268
        0.9430
        0.7776
        0.6543
        0.5682
        0.5160
        0.4492
        0.4219
        0.3776
        0.3177
        0.2672
        0.2253
        0.1725
        0.1360
        0.1189
        0.1070
        0.1276
        0.1392
        0.1282
        0.1206
        0.0937
        0.0746
        0.0534
        0.0466
        0.0410
        0.0353
        0.0286
        0.0233
        0.0182
        0.0156
        0.0152
        0.0134
        0.0117
        0.0094
        0.0068
        0.0050
        0.0036
        0.0026
        0.0019
        0.0014
        0.0010
        0.0007
        0.0006
        0.0004
        0.0007
        0.0007
