 Flux gradient shortwave
      -11.1409
       -3.7077
       -1.8772
       -1.3687
       -1.1225
       -0.9369
       -0.7817
       -0.6602
       -0.5768
       -0.5138
       -0.4607
       -0.4164
       -0.3719
       -0.3227
       -0.2710
       -0.2212
       -0.1768
       -0.1403
       -0.1164
       -0.1119
       -0.1240
       -0.1360
       -0.1339
       -0.1177
       -0.0950
       -0.0728
       -0.0561
       -0.0462
       -0.0404
       -0.0351
       -0.0291
       -0.0231
       -0.0184
       -0.0160
       -0.0149
       -0.0136
       -0.0116
       -0.0092
       -0.0069
       -0.0051
       -0.0037
       -0.0026
       -0.0019
       -0.0014
       -0.0010
       -0.0007
       -0.0005
       -0.0004
       -0.0003
       -0.0001
