 Downwards broadband flux at each level [W/m2]
      150.7369
       68.3400
       32.2655
       18.4966
       13.6302
       11.1114
        9.2799
        7.8656
        6.9066
        6.3787
        5.9624
        5.4674
        4.9520
        4.4072
        3.8709
        3.3716
        2.9085
        2.5088
        2.1936
        1.9485
        1.7574
        1.5687
        1.3529
        1.1319
        0.9169
        0.7295
        0.5751
        0.4575
        0.3664
        0.2932
        0.2331
        0.1846
        0.1460
        0.1164
        0.0939
        0.0752
        0.0599
        0.0474
        0.0374
        0.0299
        0.0243
        0.0199
        0.0163
        0.0131
        0.0104
        0.0080
        0.0059
        0.0041
        0.0025
        0.0010
        0.0000
