 altitude at level i
  0.0000E+00
  0.1631E+05
  0.2573E+05
  0.3438E+05
  0.4260E+05
  0.5067E+05
  0.5862E+05
  0.6646E+05
  0.7422E+05
  0.8198E+05
  0.8982E+05
  0.9764E+05
  0.1054E+06
  0.1132E+06
  0.1209E+06
  0.1285E+06
  0.1360E+06
  0.1434E+06
  0.1507E+06
  0.1580E+06
  0.1651E+06
  0.1723E+06
  0.1794E+06
  0.1864E+06
  0.1934E+06
  0.2002E+06
  0.2069E+06
  0.2135E+06
  0.2200E+06
  0.2264E+06
  0.2328E+06
  0.2391E+06
  0.2454E+06
  0.2516E+06
  0.2578E+06
  0.2640E+06
  0.2702E+06
  0.2764E+06
  0.2826E+06
  0.2887E+06
  0.2949E+06
  0.3011E+06
  0.3072E+06
  0.3132E+06
  0.3192E+06
  0.3250E+06
  0.3308E+06
  0.3364E+06
  0.3418E+06
  0.3472E+06
  0.3500E+06
