 Spectral outgoing longwave flux [W/m2/cm^-1]
  0.6425E-05
  0.3238E-04
  0.7798E-04
  0.1428E-03
  0.2157E-03
  0.3288E-03
  0.4486E-03
  0.5850E-03
  0.7088E-03
  0.8618E-03
  0.1050E-02
  0.1182E-02
  0.1407E-02
  0.1577E-02
  0.1454E-02
  0.2032E-02
  0.2357E-02
  0.2664E-02
  0.2912E-02
  0.2902E-02
  0.3440E-02
  0.3893E-02
  0.4258E-02
  0.4582E-02
  0.4889E-02
  0.5001E-02
  0.5373E-02
  0.5847E-02
  0.5793E-02
  0.5557E-02
  0.5822E-02
  0.7066E-02
  0.6259E-02
  0.8417E-02
  0.8998E-02
  0.9491E-02
  0.9758E-02
  0.9138E-02
  0.1086E-01
  0.1141E-01
  0.1190E-01
  0.1216E-01
  0.1061E-01
  0.1196E-01
  0.1151E-01
  0.1047E-01
  0.1402E-01
  0.1409E-01
  0.1592E-01
  0.1377E-01
  0.1632E-01
  0.1738E-01
  0.1864E-01
  0.1796E-01
  0.1884E-01
  0.1975E-01
  0.2014E-01
  0.1720E-01
  0.1923E-01
  0.2094E-01
  0.2145E-01
  0.2315E-01
  0.2298E-01
  0.1915E-01
  0.2420E-01
  0.2204E-01
  0.2690E-01
  0.2774E-01
  0.2766E-01
  0.2616E-01
  0.2534E-01
  0.2736E-01
  0.2923E-01
  0.2600E-01
  0.2943E-01
  0.3218E-01
  0.2875E-01
  0.3351E-01
  0.3112E-01
  0.3170E-01
  0.3217E-01
  0.3598E-01
  0.3664E-01
  0.3263E-01
  0.3566E-01
  0.3881E-01
  0.4108E-01
  0.4116E-01
  0.3431E-01
  0.4228E-01
  0.4502E-01
  0.4624E-01
  0.4672E-01
  0.4642E-01
  0.4638E-01
  0.4270E-01
  0.4499E-01
  0.4238E-01
  0.4838E-01
  0.4956E-01
  0.4717E-01
  0.4269E-01
  0.4898E-01
  0.5294E-01
  0.5158E-01
  0.4587E-01
  0.4831E-01
  0.5583E-01
  0.5746E-01
  0.5800E-01
  0.5344E-01
  0.4700E-01
  0.5322E-01
  0.6117E-01
  0.6333E-01
  0.6391E-01
  0.6377E-01
  0.6062E-01
  0.5584E-01
  0.5542E-01
  0.5448E-01
  0.6186E-01
  0.5346E-01
  0.6704E-01
  0.6899E-01
  0.6524E-01
  0.6799E-01
  0.7328E-01
  0.7536E-01
  0.7599E-01
  0.7676E-01
  0.7778E-01
  0.7365E-01
  0.7456E-01
  0.6889E-01
  0.6595E-01
  0.6728E-01
  0.7561E-01
  0.5705E-01
  0.7930E-01
  0.6309E-01
  0.6769E-01
  0.7770E-01
  0.8512E-01
  0.8038E-01
  0.8651E-01
  0.7256E-01
  0.8908E-01
  0.9041E-01
  0.8642E-01
  0.7729E-01
  0.9213E-01
  0.9562E-01
  0.9601E-01
  0.7598E-01
  0.9200E-01
  0.9221E-01
  0.9155E-01
  0.9677E-01
  0.9439E-01
  0.8939E-01
  0.7557E-01
  0.8222E-01
  0.9324E-01
  0.9675E-01
  0.9273E-01
  0.7375E-01
  0.9606E-01
  0.9709E-01
  0.1018E+00
  0.9911E-01
  0.9570E-01
  0.1096E+00
  0.1123E+00
  0.1123E+00
  0.1095E+00
  0.9789E-01
  0.9720E-01
  0.9583E-01
  0.1067E+00
  0.8977E-01
  0.9296E-01
  0.9711E-01
  0.1105E+00
  0.1128E+00
  0.1175E+00
  0.1141E+00
  0.1253E+00
  0.1271E+00
  0.1283E+00
  0.1291E+00
  0.1295E+00
  0.1292E+00
  0.1279E+00
  0.1234E+00
  0.1113E+00
  0.1022E+00
  0.1076E+00
  0.1078E+00
  0.1211E+00
  0.1071E+00
  0.1194E+00
  0.9948E-01
  0.1110E+00
  0.1179E+00
  0.1311E+00
  0.1370E+00
  0.1402E+00
  0.1423E+00
  0.1433E+00
  0.1402E+00
  0.1402E+00
  0.1106E+00
  0.1386E+00
  0.1462E+00
  0.1482E+00
  0.1487E+00
  0.1478E+00
  0.1467E+00
  0.1418E+00
  0.1064E+00
  0.1263E+00
  0.9046E-01
  0.1281E+00
  0.1288E+00
  0.9218E-01
  0.1311E+00
  0.1348E+00
  0.1496E+00
  0.1500E+00
  0.1379E+00
  0.1202E+00
  0.1424E+00
  0.1565E+00
  0.1604E+00
  0.1618E+00
  0.1619E+00
  0.1613E+00
  0.1369E+00
  0.1556E+00
  0.1456E+00
  0.1305E+00
  0.1269E+00
  0.1483E+00
  0.1538E+00
  0.1660E+00
  0.1682E+00
  0.1633E+00
  0.1722E+00
  0.1718E+00
  0.1668E+00
  0.1123E+00
  0.1638E+00
  0.1731E+00
  0.1749E+00
  0.1733E+00
  0.1683E+00
  0.1581E+00
  0.1064E+00
  0.1509E+00
  0.1603E+00
  0.1341E+00
  0.1493E+00
  0.1693E+00
  0.1754E+00
  0.1762E+00
  0.1692E+00
  0.1335E+00
  0.1588E+00
  0.1751E+00
  0.1807E+00
  0.1717E+00
  0.1626E+00
  0.1790E+00
  0.1669E+00
  0.1863E+00
  0.1695E+00
  0.1853E+00
  0.1738E+00
  0.1098E+00
  0.1657E+00
  0.1542E+00
  0.1635E+00
  0.1468E+00
  0.1744E+00
  0.9957E-01
  0.1398E+00
  0.1887E+00
  0.1976E+00
  0.2002E+00
  0.2050E+00
  0.2079E+00
  0.2081E+00
  0.2043E+00
  0.1918E+00
  0.1467E+00
  0.1862E+00
  0.1948E+00
  0.1849E+00
  0.1604E+00
  0.1564E+00
  0.1925E+00
  0.1598E+00
  0.2122E+00
  0.2061E+00
  0.2085E+00
  0.1807E+00
  0.1234E+00
  0.1801E+00
  0.2078E+00
  0.2178E+00
  0.1953E+00
  0.2205E+00
  0.2146E+00
  0.1942E+00
  0.1875E+00
  0.1685E+00
  0.1181E+00
  0.1794E+00
  0.1874E+00
  0.2004E+00
  0.2205E+00
  0.2279E+00
  0.2302E+00
  0.2315E+00
  0.2353E+00
  0.2362E+00
  0.2361E+00
  0.2357E+00
  0.2332E+00
  0.2295E+00
  0.2123E+00
  0.2093E+00
  0.1864E+00
  0.1155E+00
  0.1208E+00
  0.1893E+00
  0.2015E+00
  0.1984E+00
  0.2114E+00
  0.1976E+00
  0.2321E+00
  0.2365E+00
  0.2328E+00
  0.1584E+00
  0.2306E+00
  0.2419E+00
  0.1772E+00
  0.2186E+00
  0.2392E+00
  0.2436E+00
  0.2373E+00
  0.2061E+00
  0.1661E+00
  0.1877E+00
  0.2365E+00
  0.2301E+00
  0.2204E+00
  0.2492E+00
  0.2419E+00
  0.2444E+00
  0.2167E+00
  0.2200E+00
  0.2305E+00
  0.2086E+00
  0.1734E+00
  0.1862E+00
  0.2219E+00
  0.2301E+00
  0.2454E+00
  0.2269E+00
  0.2535E+00
  0.2444E+00
  0.2433E+00
  0.2268E+00
  0.2386E+00
  0.2179E+00
  0.1511E+00
  0.1897E+00
  0.2387E+00
  0.2466E+00
  0.2546E+00
  0.2568E+00
  0.2561E+00
  0.1913E+00
  0.2413E+00
  0.1864E+00
  0.2107E+00
  0.2021E+00
  0.2558E+00
  0.2586E+00
  0.2558E+00
  0.2436E+00
  0.1882E+00
  0.2538E+00
  0.2599E+00
  0.2612E+00
  0.2592E+00
  0.2594E+00
  0.2485E+00
  0.2339E+00
  0.1317E+00
  0.2322E+00
  0.2426E+00
  0.2193E+00
  0.1840E+00
  0.2259E+00
  0.2500E+00
  0.2461E+00
  0.2441E+00
  0.2559E+00
  0.2460E+00
  0.2205E+00
  0.1928E+00
  0.2170E+00
  0.1606E+00
  0.2374E+00
  0.2514E+00
  0.2486E+00
  0.2252E+00
  0.1394E+00
  0.1577E+00
  0.2330E+00
  0.2482E+00
  0.2518E+00
  0.2417E+00
  0.1627E+00
  0.2092E+00
  0.1752E+00
  0.2444E+00
  0.2473E+00
  0.2198E+00
  0.1582E+00
  0.2385E+00
  0.2101E+00
  0.8592E-01
  0.1338E+00
  0.1902E+00
  0.2245E+00
  0.1107E+00
  0.2162E+00
  0.2052E+00
  0.2308E+00
  0.1778E+00
  0.1279E+00
  0.2063E+00
  0.2273E+00
  0.1978E+00
  0.1461E+00
  0.1899E+00
  0.1623E+00
  0.1750E+00
  0.1449E+00
  0.1284E+00
  0.1557E+00
  0.1182E+00
  0.1493E+00
  0.1213E+00
  0.1398E+00
  0.9605E-01
  0.7359E-01
  0.1251E+00
  0.1187E+00
  0.7934E-01
  0.7864E-01
  0.8029E-01
  0.8387E-01
  0.8850E-01
  0.7457E-01
  0.5014E-01
  0.7254E-01
  0.7502E-01
  0.6673E-01
  0.6535E-01
  0.6020E-01
  0.6395E-01
  0.6368E-01
  0.5717E-01
  0.5876E-01
  0.5834E-01
  0.5652E-01
  0.6142E-01
  0.5924E-01
  0.5508E-01
  0.5661E-01
  0.5534E-01
  0.5836E-01
  0.5680E-01
  0.4928E-01
  0.5486E-01
  0.5628E-01
  0.5532E-01
  0.5491E-01
  0.2675E-01
  0.5311E-01
  0.5432E-01
  0.5063E-01
  0.4559E-01
  0.5206E-01
  0.5224E-01
  0.5116E-01
  0.4158E-01
  0.4009E-01
  0.3945E-01
  0.4516E-01
  0.4102E-01
  0.3317E-01
  0.3430E-01
  0.1794E-01
  0.3674E-01
  0.3452E-01
  0.1738E-01
  0.3185E-01
  0.2434E-01
  0.2832E-01
  0.3000E-01
  0.2331E-01
  0.1493E-01
  0.1291E-01
  0.5337E-02
  0.2368E-01
  0.2063E-01
  0.1414E-01
  0.1604E-01
  0.2078E-01
  0.2134E-01
  0.1976E-01
  0.1536E-01
  0.1268E-01
  0.1688E-01
  0.2035E-01
  0.1169E-01
  0.1025E-01
  0.1076E-01
  0.1282E-01
  0.1140E-01
  0.1454E-01
  0.1786E-01
  0.1823E-01
  0.1550E-01
  0.1036E-01
  0.1471E-01
  0.1860E-01
  0.1890E-01
  0.1525E-01
  0.1020E-01
  0.1842E-01
  0.2045E-01
  0.2078E-01
  0.1531E-01
  0.1726E-01
  0.2362E-01
  0.2478E-01
  0.2323E-01
  0.9877E-02
  0.2650E-01
  0.2977E-01
  0.2994E-01
  0.2447E-01
  0.3025E-01
  0.3371E-01
  0.3557E-01
  0.3493E-01
  0.3337E-01
  0.3774E-01
  0.3512E-01
  0.3811E-01
  0.3361E-01
  0.3589E-01
  0.3679E-01
  0.3625E-01
  0.3786E-01
  0.3282E-01
  0.3799E-01
  0.3567E-01
  0.2405E-01
  0.3088E-01
  0.3349E-01
  0.3734E-01
  0.3792E-01
  0.3779E-01
  0.3622E-01
  0.1384E-01
  0.3571E-01
  0.3682E-01
  0.3282E-01
  0.3584E-01
  0.3353E-01
  0.3450E-01
  0.3640E-01
  0.3557E-01
  0.3549E-01
  0.3526E-01
  0.2044E-01
  0.3609E-01
  0.3885E-01
  0.4123E-01
  0.4061E-01
  0.3748E-01
  0.3212E-01
  0.3581E-01
  0.4721E-01
  0.5268E-01
  0.4977E-01
  0.4049E-01
  0.3510E-01
  0.5117E-01
  0.7046E-01
  0.8112E-01
  0.8393E-01
  0.6646E-01
  0.4580E-01
  0.5781E-01
  0.9962E-01
  0.1173E+00
  0.9480E-01
  0.5246E-01
  0.1120E+00
  0.8959E-01
  0.1463E+00
  0.1222E+00
  0.4953E-01
  0.8255E-01
  0.1394E+00
  0.1405E+00
  0.1163E+00
  0.5075E-01
  0.1359E+00
  0.1364E+00
  0.1401E+00
  0.1381E+00
  0.9457E-01
  0.6480E-01
  0.4284E-01
  0.9414E-01
  0.1424E+00
  0.1410E+00
  0.1399E+00
  0.6292E-01
  0.9219E-01
  0.1432E+00
  0.1541E+00
  0.1270E+00
  0.6834E-01
  0.8762E-01
  0.1479E+00
  0.1578E+00
  0.1484E+00
  0.9051E-01
  0.9611E-01
  0.1570E+00
  0.1674E+00
  0.1646E+00
  0.1256E+00
  0.1177E+00
  0.1675E+00
  0.1750E+00
  0.1746E+00
  0.1567E+00
  0.1491E+00
  0.1762E+00
  0.1748E+00
  0.1271E+00
  0.1605E+00
  0.1699E+00
  0.1752E+00
  0.1744E+00
  0.1755E+00
  0.1674E+00
  0.1743E+00
  0.1729E+00
  0.1619E+00
  0.1696E+00
  0.1719E+00
  0.1719E+00
  0.1714E+00
  0.1685E+00
  0.1702E+00
  0.1714E+00
  0.1662E+00
  0.1694E+00
  0.1550E+00
  0.1690E+00
  0.1679E+00
  0.1628E+00
  0.1628E+00
  0.1650E+00
  0.1675E+00
  0.1662E+00
  0.1630E+00
  0.1570E+00
  0.1594E+00
  0.1647E+00
  0.1645E+00
  0.1641E+00
  0.1633E+00
  0.1599E+00
  0.1613E+00
  0.1617E+00
  0.1617E+00
  0.1610E+00
  0.1601E+00
  0.1525E+00
  0.1596E+00
  0.1564E+00
  0.1526E+00
  0.1569E+00
  0.1554E+00
  0.1441E+00
  0.1517E+00
  0.1532E+00
  0.1478E+00
  0.1520E+00
  0.1541E+00
  0.1513E+00
  0.1512E+00
  0.1525E+00
  0.1511E+00
  0.1302E+00
  0.1510E+00
  0.1476E+00
  0.1428E+00
  0.1439E+00
  0.1381E+00
  0.1421E+00
  0.1459E+00
  0.1302E+00
  0.1428E+00
  0.1441E+00
  0.1368E+00
  0.1429E+00
  0.1097E+00
  0.1419E+00
  0.1062E+00
  0.1232E+00
  0.1291E+00
  0.1342E+00
  0.1196E+00
  0.1368E+00
  0.1018E+00
  0.1334E+00
  0.1080E+00
  0.1147E+00
  0.1290E+00
  0.6399E-01
  0.1216E+00
  0.1248E+00
  0.3723E-01
  0.9675E-01
  0.1134E+00
  0.4336E-01
  0.1158E+00
  0.1069E+00
  0.2365E-01
  0.1067E+00
  0.1068E+00
  0.3759E-01
  0.8853E-01
  0.1051E+00
  0.8338E-01
  0.3125E-01
  0.9900E-01
  0.1042E+00
  0.7654E-01
  0.3370E-01
  0.1046E+00
  0.1120E+00
  0.1132E+00
  0.1207E+00
  0.1176E+00
  0.9714E-01
  0.3128E-01
  0.4579E-01
  0.7944E-01
  0.9089E-01
  0.9079E-01
  0.8797E-01
  0.7960E-01
  0.6795E-01
  0.5580E-01
  0.4609E-01
  0.4104E-01
  0.4182E-01
  0.4958E-01
  0.6469E-01
  0.8303E-01
  0.9790E-01
  0.1046E+00
  0.1099E+00
  0.1069E+00
  0.6487E-01
  0.1092E+00
  0.1069E+00
  0.1125E+00
  0.1165E+00
  0.1147E+00
  0.1166E+00
  0.1164E+00
  0.1147E+00
  0.1168E+00
  0.1160E+00
  0.1110E+00
  0.1151E+00
  0.1149E+00
  0.9823E-01
  0.1138E+00
  0.1136E+00
  0.1111E+00
  0.1068E+00
  0.9929E-01
  0.1121E+00
  0.1097E+00
  0.1048E+00
  0.1102E+00
  0.1065E+00
  0.1068E+00
  0.6041E-01
  0.1078E+00
  0.1029E+00
  0.1026E+00
  0.1034E+00
  0.3123E-01
  0.9447E-01
  0.7573E-01
  0.7440E-01
  0.8156E-01
  0.3935E-01
  0.7379E-01
  0.8688E-01
  0.2472E-01
  0.8607E-01
  0.7592E-01
  0.3621E-01
  0.7895E-01
  0.6544E-01
  0.2950E-01
  0.7435E-01
  0.6363E-01
  0.1249E-01
  0.6426E-01
  0.6546E-01
  0.2313E-01
  0.4215E-01
  0.6670E-01
  0.5553E-01
  0.1186E-01
  0.4937E-01
  0.6179E-01
  0.6673E-01
  0.4836E-01
  0.8130E-01
  0.7332E-01
  0.1744E-01
  0.3042E-01
  0.5212E-01
  0.5793E-01
  0.5598E-01
  0.5017E-01
  0.3802E-01
  0.2559E-01
  0.1572E-01
  0.1059E-01
  0.8654E-02
  0.8431E-02
  0.9252E-02
  0.1349E-01
  0.2514E-01
  0.4226E-01
  0.5741E-01
  0.6485E-01
  0.6519E-01
  0.5395E-01
  0.4162E-01
  0.5961E-01
  0.7829E-01
  0.6669E-01
  0.8517E-01
  0.7211E-01
  0.7788E-01
  0.8461E-01
  0.8477E-01
  0.8566E-01
  0.8580E-01
  0.8582E-01
  0.8524E-01
  0.8522E-01
  0.8512E-01
  0.8484E-01
  0.8380E-01
  0.8410E-01
  0.8393E-01
  0.8363E-01
  0.8332E-01
  0.8295E-01
  0.8266E-01
  0.8228E-01
  0.7578E-01
  0.8163E-01
  0.8137E-01
  0.8108E-01
  0.8077E-01
  0.8047E-01
  0.8015E-01
  0.7956E-01
  0.7951E-01
  0.7917E-01
  0.7877E-01
  0.7793E-01
  0.7503E-01
  0.6667E-01
  0.7755E-01
  0.7733E-01
  0.7705E-01
  0.7676E-01
  0.7644E-01
  0.7616E-01
  0.7584E-01
  0.7553E-01
  0.7509E-01
  0.7421E-01
  0.7433E-01
  0.6855E-01
  0.7401E-01
  0.7372E-01
  0.7349E-01
  0.7320E-01
  0.7289E-01
  0.7261E-01
  0.7232E-01
  0.7199E-01
  0.7143E-01
  0.6893E-01
  0.6959E-01
  0.7080E-01
  0.7056E-01
  0.7018E-01
  0.6983E-01
  0.6946E-01
  0.6444E-01
  0.6106E-01
  0.6839E-01
  0.6845E-01
  0.6739E-01
  0.6801E-01
  0.6754E-01
  0.6748E-01
  0.6717E-01
  0.6678E-01
  0.6561E-01
  0.6035E-01
  0.6582E-01
  0.6572E-01
  0.6376E-01
  0.6528E-01
  0.6453E-01
  0.6471E-01
  0.6399E-01
  0.6344E-01
  0.6132E-01
  0.6347E-01
  0.6342E-01
  0.6317E-01
  0.6279E-01
  0.6258E-01
  0.6067E-01
  0.6188E-01
  0.6098E-01
  0.6115E-01
  0.5079E-01
  0.3832E-01
  0.5987E-01
  0.5816E-01
  0.5969E-01
  0.5733E-01
  0.4031E-01
  0.5880E-01
  0.5514E-01
  0.5016E-01
  0.5729E-01
  0.4132E-01
  0.3942E-01
  0.5462E-01
  0.5558E-01
  0.3097E-01
  0.5229E-01
  0.5295E-01
  0.3172E-01
  0.4729E-01
  0.4521E-01
  0.3322E-01
  0.3842E-01
  0.4554E-01
  0.3514E-01
  0.1900E-01
  0.3774E-01
  0.3433E-01
  0.3106E-02
  0.3371E-01
  0.3589E-01
  0.2971E-02
  0.2622E-01
  0.3218E-01
  0.1617E-01
  0.2284E-01
  0.4189E-01
  0.3613E-01
  0.2129E-01
  0.3429E-01
  0.3764E-01
  0.1734E-02
  0.3448E-01
  0.3554E-01
  0.8893E-02
  0.2115E-01
  0.2729E-01
  0.1352E-01
  0.5520E-02
  0.2567E-01
  0.3124E-01
  0.2702E-02
  0.2931E-01
  0.3852E-01
  0.2611E-01
  0.1263E-01
  0.3807E-01
  0.3960E-01
  0.6688E-02
  0.3850E-01
  0.3806E-01
  0.1456E-01
  0.3273E-01
  0.4283E-01
  0.4304E-01
  0.3766E-01
  0.4229E-01
  0.4175E-01
  0.4291E-01
  0.3966E-01
  0.4444E-01
  0.4429E-01
  0.4183E-01
  0.4386E-01
  0.4392E-01
  0.4254E-01
  0.4168E-01
  0.3984E-01
  0.3427E-01
  0.4073E-01
  0.4002E-01
  0.1442E-01
  0.1339E-01
  0.2375E-01
  0.3069E-01
  0.2608E-01
  0.1616E-01
  0.1596E-01
  0.3094E-01
  0.3711E-01
  0.3518E-01
  0.3582E-01
  0.2675E-01
  0.3789E-01
  0.3644E-01
  0.1588E-01
  0.3592E-01
  0.3467E-01
  0.3038E-01
  0.2155E-01
  0.2428E-01
  0.2494E-01
  0.9240E-02
  0.1264E-01
  0.1476E-01
  0.2750E-01
  0.2785E-01
  0.1853E-01
  0.1347E-01
  0.2341E-01
  0.2192E-01
  0.8165E-02
  0.1231E-01
  0.1920E-01
  0.2002E-01
  0.1220E-02
  0.1646E-01
  0.2182E-01
  0.9974E-02
  0.6619E-02
  0.5263E-02
  0.8391E-02
  0.1426E-03
  0.1941E-01
  0.2165E-01
  0.1225E-01
  0.3733E-02
  0.1486E-01
  0.1023E-01
  0.6388E-02
  0.5192E-02
  0.5030E-02
  0.4355E-02
  0.1426E-01
  0.1032E-01
  0.3728E-02
  0.1847E-01
  0.1540E-01
  0.4527E-02
  0.1793E-01
  0.1007E-01
  0.3587E-02
  0.1267E-01
  0.1057E-01
  0.1305E-01
  0.1568E-01
  0.8329E-02
  0.7484E-02
  0.8909E-02
  0.6912E-02
  0.8544E-02
  0.9375E-02
  0.1300E-01
  0.1638E-01
  0.1361E-01
  0.4002E-02
  0.1255E-01
  0.1695E-01
  0.1714E-01
  0.9575E-02
  0.1601E-01
  0.1444E-01
  0.1642E-01
  0.1200E-01
  0.6414E-02
  0.6265E-02
  0.6014E-02
  0.5131E-02
  0.1019E-01
  0.1139E-01
  0.3019E-02
  0.1008E-01
  0.1341E-01
  0.1356E-01
  0.1078E-01
  0.1990E-02
  0.1045E-01
  0.1136E-01
  0.7100E-02
  0.9418E-02
  0.5423E-02
  0.5297E-02
  0.9455E-02
  0.1102E-01
  0.1267E-01
  0.1323E-01
  0.1326E-01
  0.1215E-01
  0.9590E-02
  0.7010E-02
  0.7688E-02
  0.1040E-01
  0.9859E-02
  0.8222E-02
  0.8606E-02
  0.6428E-02
  0.4084E-02
  0.3464E-02
  0.4053E-02
  0.6636E-02
  0.8398E-02
  0.8416E-02
  0.6899E-02
  0.5306E-03
  0.6784E-02
  0.8238E-02
  0.8622E-02
  0.7660E-02
  0.5326E-02
  0.3029E-02
  0.1972E-02
  0.6657E-02
  0.1026E-02
  0.7512E-02
  0.8806E-02
  0.8836E-02
  0.3485E-02
  0.8396E-02
  0.8766E-02
  0.7632E-02
  0.3661E-02
  0.9234E-03
  0.5876E-02
  0.1637E-02
  0.3542E-02
  0.6801E-02
  0.6923E-02
  0.5737E-02
  0.1061E-02
  0.4919E-02
  0.1604E-02
  0.5334E-02
  0.4918E-02
  0.5973E-02
  0.5243E-02
  0.2944E-02
  0.2243E-02
  0.1775E-02
  0.1604E-02
  0.3023E-02
  0.5530E-02
  0.2017E-02
  0.5928E-02
  0.2543E-02
  0.3375E-02
  0.5940E-03
  0.4700E-02
  0.2849E-02
  0.8066E-03
  0.1979E-02
  0.2741E-02
  0.2835E-02
  0.3878E-02
  0.2121E-02
  0.1569E-02
  0.5472E-02
  0.4984E-02
  0.4076E-02
  0.1898E-02
  0.4076E-02
  0.4452E-02
  0.3652E-02
  0.1411E-02
  0.1529E-02
  0.2382E-02
  0.1296E-02
  0.2462E-02
  0.2167E-02
  0.4242E-02
  0.5044E-02
  0.4951E-02
  0.3090E-02
  0.4667E-02
  0.4491E-02
  0.3066E-02
  0.2614E-02
  0.3184E-02
  0.6211E-03
  0.5453E-03
  0.1097E-02
  0.2503E-02
  0.3848E-02
  0.3893E-02
  0.4266E-03
  0.4176E-02
  0.4311E-02
  0.2328E-02
  0.6058E-03
  0.3706E-02
  0.4265E-02
  0.3925E-02
  0.2678E-02
  0.2449E-03
  0.2408E-02
  0.3919E-02
  0.4639E-02
  0.5062E-02
  0.4624E-02
  0.5577E-02
  0.5794E-02
  0.5926E-02
  0.5833E-02
  0.5933E-02
  0.4392E-02
  0.5462E-02
  0.5504E-02
  0.5129E-02
  0.4105E-02
  0.2811E-02
  0.5663E-02
  0.5871E-02
  0.5693E-02
  0.1775E-02
  0.4882E-02
  0.3871E-02
  0.5342E-02
  0.4847E-02
  0.2830E-02
  0.4200E-02
  0.2528E-02
  0.4520E-02
  0.4282E-02
  0.3792E-02
  0.2896E-02
  0.1136E-02
  0.1392E-02
  0.2941E-02
  0.3485E-02
  0.3472E-02
  0.2036E-02
  0.4103E-03
  0.3023E-02
  0.3412E-02
  0.1789E-02
  0.2771E-02
  0.3653E-02
  0.3652E-02
  0.3337E-02
  0.2585E-02
  0.2600E-03
  0.1183E-02
  0.6527E-03
  0.2814E-02
  0.3097E-02
  0.3387E-02
  0.1498E-02
  0.3015E-02
  0.2100E-02
  0.5473E-03
  0.2349E-03
  0.1434E-02
  0.2309E-02
  0.1680E-02
  0.1193E-03
  0.5801E-03
  0.1284E-02
  0.2334E-02
  0.2730E-02
  0.3034E-02
  0.3060E-02
  0.2421E-02
  0.1135E-02
  0.2017E-02
  0.2876E-02
  0.2933E-02
  0.2555E-02
  0.1350E-02
  0.1224E-02
  0.1300E-02
  0.1824E-02
  0.2359E-02
  0.7530E-03
  0.1707E-02
  0.2567E-02
  0.2744E-02
  0.1285E-02
  0.2245E-02
  0.1715E-02
  0.9825E-03
  0.1845E-03
  0.1640E-02
  0.2246E-02
  0.1933E-02
  0.1356E-02
  0.2516E-02
  0.2295E-02
  0.1941E-02
  0.1228E-02
  0.4506E-03
  0.8987E-03
  0.1366E-02
  0.8455E-04
  0.2889E-03
  0.1819E-02
  0.1850E-02
  0.1392E-02
  0.4972E-03
  0.1666E-02
  0.2510E-02
  0.1793E-02
  0.2564E-02
  0.2470E-02
  0.1634E-02
  0.8609E-03
  0.1589E-02
  0.1304E-03
  0.2023E-03
  0.1972E-02
  0.2448E-02
  0.2631E-02
  0.1604E-02
  0.2843E-02
  0.2846E-02
  0.2505E-02
  0.2558E-02
  0.8062E-03
  0.2134E-02
  0.1588E-02
  0.7516E-03
  0.5136E-03
  0.1766E-02
  0.1711E-02
  0.1641E-02
  0.1731E-03
  0.1802E-02
  0.1996E-02
  0.7411E-03
  0.2170E-02
  0.1741E-02
  0.1411E-02
  0.1651E-03
  0.1837E-02
  0.8009E-03
  0.2003E-02
  0.2430E-02
  0.2624E-02
  0.1775E-02
  0.1711E-02
  0.1675E-02
  0.2325E-02
  0.1345E-02
  0.1278E-02
  0.2268E-02
  0.2680E-02
  0.2655E-02
  0.1981E-02
  0.1658E-02
  0.1768E-02
  0.2879E-03
  0.4140E-03
  0.1167E-02
  0.1713E-02
  0.1760E-02
  0.2492E-02
  0.2209E-02
  0.1757E-02
  0.1504E-02
  0.2550E-02
  0.2071E-02
  0.5452E-03
  0.2935E-02
  0.3016E-02
  0.2246E-02
  0.1633E-02
  0.9291E-03
  0.3920E-03
  0.1311E-02
  0.1699E-02
  0.8001E-03
  0.2327E-02
  0.1685E-02
  0.8332E-03
  0.1534E-02
  0.5792E-03
  0.3005E-02
  0.1940E-02
  0.3400E-02
  0.1964E-02
  0.1918E-02
  0.1653E-02
  0.1439E-02
  0.1449E-02
  0.3545E-02
  0.3854E-02
  0.3339E-02
  0.9547E-03
  0.4017E-02
  0.3867E-02
  0.3294E-02
  0.2591E-02
  0.2150E-02
  0.6975E-03
  0.1571E-02
  0.1969E-02
  0.1091E-02
  0.4212E-03
  0.1424E-02
  0.2345E-02
  0.2912E-02
  0.1919E-02
  0.2539E-02
  0.1091E-02
  0.2911E-02
  0.2971E-02
  0.2431E-02
  0.1549E-02
  0.6886E-03
  0.8501E-03
  0.1590E-02
  0.1326E-02
  0.2196E-02
  0.3218E-02
  0.2511E-02
  0.1286E-02
  0.3754E-02
  0.3898E-02
  0.2273E-02
  0.3592E-02
  0.7358E-03
  0.2206E-02
  0.3441E-02
  0.3553E-02
  0.3171E-02
  0.2093E-02
  0.7469E-03
  0.9538E-03
  0.8295E-03
  0.8942E-03
  0.1688E-02
  0.1332E-02
  0.2227E-02
  0.2469E-02
  0.3347E-02
  0.3612E-02
  0.3165E-02
  0.1407E-02
  0.4076E-03
  0.2911E-02
  0.2411E-02
  0.1089E-02
  0.2780E-02
  0.7319E-03
  0.9731E-03
  0.6879E-03
  0.2089E-02
  0.2500E-02
  0.6719E-03
  0.6600E-03
  0.6355E-04
  0.1814E-03
  0.1528E-02
  0.1664E-02
  0.1820E-02
  0.4727E-03
  0.9806E-04
  0.5434E-04
  0.1478E-03
  0.5918E-03
  0.6169E-03
  0.1180E-03
  0.4982E-04
  0.3639E-04
  0.1100E-03
  0.3365E-03
  0.3193E-03
  0.9001E-04
  0.3368E-04
  0.3703E-04
  0.1858E-03
  0.2020E-03
  0.2505E-03
  0.5364E-04
  0.2804E-04
  0.5213E-03
  0.1385E-02
  0.1290E-02
  0.5231E-03
  0.1798E-04
  0.3148E-04
  0.5616E-04
  0.3445E-03
  0.1711E-02
  0.2023E-02
  0.1950E-02
  0.1661E-03
  0.2314E-03
  0.1583E-02
  0.1390E-02
  0.7576E-03
  0.8844E-03
  0.2823E-02
  0.2936E-02
  0.2170E-02
  0.8067E-03
  0.1510E-02
  0.5531E-03
  0.1052E-02
  0.1689E-02
  0.1274E-03
  0.2251E-02
  0.5610E-03
  0.2320E-02
  0.5795E-04
  0.2132E-02
  0.4838E-03
  0.1704E-03
  0.1134E-02
  0.2224E-02
  0.2923E-02
  0.2964E-02
  0.2527E-02
  0.2491E-02
  0.9801E-03
  0.2992E-02
  0.2834E-02
  0.2650E-02
  0.2947E-02
  0.3002E-02
  0.2724E-02
  0.2632E-02
  0.2775E-02
  0.2266E-02
  0.1082E-02
  0.2246E-02
  0.1541E-02
  0.5681E-03
  0.1972E-02
  0.2430E-02
  0.2024E-02
  0.2587E-02
  0.1355E-02
  0.2326E-02
  0.2536E-02
  0.2967E-03
  0.1590E-02
  0.2525E-02
  0.2308E-02
  0.1563E-02
  0.5241E-03
  0.2057E-02
  0.2302E-02
  0.2085E-02
  0.6533E-03
  0.5545E-03
  0.1319E-02
  0.1374E-02
  0.1071E-02
  0.8031E-04
  0.5875E-03
  0.1572E-02
  0.1182E-02
  0.6899E-03
  0.2188E-04
  0.7804E-03
  0.1466E-02
  0.1273E-02
  0.1939E-04
  0.2202E-04
  0.5732E-03
  0.6101E-03
  0.4722E-04
  0.1242E-04
  0.2155E-03
  0.1897E-04
  0.5819E-04
  0.1223E-03
  0.2473E-03
  0.5448E-04
  0.2643E-04
  0.1484E-04
  0.2342E-04
  0.5560E-05
  0.3429E-04
  0.1940E-04
  0.1141E-04
  0.1429E-04
  0.1715E-04
  0.1774E-04
  0.1537E-04
  0.1163E-04
  0.8651E-05
  0.1326E-04
  0.1465E-04
  0.1383E-04
  0.1123E-04
  0.4031E-05
  0.1254E-04
  0.1398E-04
  0.1446E-04
  0.1217E-04
  0.3201E-05
  0.1389E-04
  0.1091E-04
  0.3078E-05
  0.8561E-05
  0.1484E-04
  0.1525E-04
  0.9509E-05
  0.1125E-04
  0.2174E-04
  0.4844E-04
  0.3900E-04
  0.1067E-04
  0.2501E-04
  0.3324E-03
  0.1989E-03
  0.1281E-04
  0.1507E-04
  0.1460E-03
  0.4879E-03
  0.3918E-03
  0.5927E-03
  0.1383E-04
  0.2115E-04
  0.4653E-03
  0.7542E-03
  0.3141E-03
  0.7054E-04
  0.2020E-04
  0.3465E-03
  0.7591E-03
  0.1405E-03
  0.3274E-03
  0.1716E-04
  0.3336E-03
  0.7724E-03
  0.1248E-03
  0.6411E-03
  0.1757E-04
  0.5029E-03
  0.9290E-03
  0.9320E-03
  0.9092E-03
  0.7420E-04
  0.8256E-04
  0.4376E-04
  0.6731E-03
  0.1155E-02
  0.1333E-02
  0.1335E-02
  0.6710E-03
  0.5455E-03
  0.1395E-02
  0.1383E-02
  0.1339E-02
  0.1313E-02
  0.1203E-02
  0.1437E-02
  0.1360E-02
  0.1106E-02
  0.1444E-02
  0.1439E-02
  0.1325E-02
  0.1151E-02
  0.1238E-02
  0.1378E-02
  0.1182E-02
  0.1319E-02
  0.1381E-02
  0.1281E-02
  0.1310E-02
  0.1184E-02
  0.1303E-02
  0.9006E-03
  0.1325E-02
  0.1253E-02
  0.1336E-02
  0.1368E-02
  0.1146E-02
  0.1300E-02
  0.1186E-02
  0.1314E-02
  0.1289E-02
  0.1307E-02
  0.1287E-02
  0.1312E-02
  0.1162E-02
  0.1157E-02
  0.1285E-02
  0.1213E-02
  0.1260E-02
  0.1213E-02
  0.1021E-02
  0.1151E-02
  0.7436E-03
  0.1136E-02
  0.1134E-02
  0.6740E-03
  0.1157E-02
  0.1121E-02
  0.8727E-03
  0.9954E-03
  0.7997E-03
  0.5987E-03
  0.1040E-02
  0.6415E-03
  0.8909E-04
  0.2736E-03
  0.5634E-03
  0.7214E-04
  0.1478E-03
  0.2372E-03
  0.1616E-03
  0.6364E-04
  0.7712E-04
  0.2062E-03
  0.8809E-04
  0.7434E-04
  0.2968E-04
  0.2149E-04
  0.4234E-04
  0.3985E-04
  0.6948E-05
  0.1271E-04
  0.7236E-05
  0.1153E-04
  0.4207E-05
  0.7191E-05
  0.7229E-05
  0.4203E-05
  0.6426E-05
  0.4729E-05
  0.2508E-05
  0.4394E-05
  0.4130E-05
  0.3941E-05
  0.3596E-05
  0.2496E-05
  0.3799E-05
  0.2837E-05
  0.3433E-05
  0.2714E-05
  0.2693E-05
  0.2698E-05
  0.6220E-06
  0.1151E-05
  0.2035E-05
  0.1321E-06
  0.4280E-06
  0.9110E-06
  0.1243E-06
  0.1062E-05
  0.5401E-06
  0.3649E-07
  0.6267E-06
  0.6964E-06
  0.2630E-06
  0.3790E-06
  0.5990E-06
  0.4471E-06
  0.9336E-09
  0.3894E-06
  0.5092E-06
  0.3728E-06
  0.2213E-07
  0.1108E-07
  0.6041E-06
  0.6360E-06
  0.3017E-06
  0.6380E-06
  0.4427E-06
  0.1640E-06
  0.3697E-07
  0.2166E-06
  0.3303E-06
  0.3847E-06
  0.3928E-06
  0.3727E-06
  0.1132E-07
  0.3029E-06
  0.2727E-06
  0.2587E-06
  0.2780E-06
  0.3336E-06
  0.4102E-06
  0.5298E-06
  0.7048E-06
  0.2145E-06
  0.1352E-06
  0.8937E-08
  0.2107E-06
  0.3942E-06
  0.3553E-07
  0.1884E-06
  0.1126E-06
  0.4784E-08
  0.1046E-06
  0.2038E-06
  0.2489E-07
  0.9729E-07
  0.2266E-07
  0.3536E-08
  0.6715E-07
  0.5752E-07
  0.4917E-08
  0.3979E-07
  0.4151E-07
  0.1420E-07
  0.2354E-07
  0.1879E-07
  0.1719E-07
  0.1375E-07
  0.2350E-07
  0.2223E-07
  0.1308E-07
  0.1367E-07
  0.1269E-07
  0.1567E-07
  0.2930E-09
  0.1209E-07
  0.4378E-07
  0.2945E-09
  0.1370E-07
  0.1828E-07
  0.1955E-07
  0.1739E-07
  0.1372E-07
  0.1114E-07
  0.5769E-09
  0.1056E-07
  0.1206E-07
  0.1437E-07
  0.1699E-07
  0.1980E-07
  0.2305E-07
  0.2683E-07
  0.3101E-07
  0.3385E-07
  0.3102E-07
  0.1629E-07
  0.2152E-07
  0.1140E-06
  0.1809E-06
  0.2112E-06
  0.1794E-06
  0.2594E-06
  0.2989E-06
  0.1977E-06
  0.3842E-06
  0.2874E-06
  0.4702E-06
  0.5563E-06
  0.6653E-06
  0.7979E-06
  0.9484E-06
  0.1100E-05
  0.1231E-05
  0.1321E-05
  0.1384E-05
  0.1466E-05
  0.1846E-05
  0.2316E-05
  0.3401E-05
  0.6351E-05
  0.1391E-04
  0.3123E-04
  0.1077E-03
  0.1801E-03
  0.5969E-04
  0.3659E-03
  0.4182E-03
  0.5099E-04
  0.4360E-03
  0.4434E-03
  0.3033E-03
  0.3928E-03
  0.4360E-03
  0.4112E-03
  0.4043E-04
  0.4137E-03
  0.4296E-03
  0.4120E-03
  0.1401E-03
  0.4164E-03
  0.4303E-03
  0.3964E-03
  0.4127E-03
  0.4134E-03
  0.4042E-03
  0.3762E-03
  0.2527E-03
  0.3737E-04
  0.2503E-03
  0.3303E-03
  0.3507E-03
  0.3662E-03
  0.3692E-03
  0.3698E-03
  0.3701E-03
  0.3574E-03
  0.3568E-03
  0.3436E-03
  0.2796E-03
  0.2314E-03
  0.3651E-03
  0.3770E-03
  0.3688E-03
  0.3488E-03
  0.3689E-03
  0.3768E-03
  0.3507E-03
  0.3743E-03
  0.3601E-03
  0.3537E-03
  0.3647E-03
  0.3568E-03
  0.3447E-03
  0.3567E-03
  0.3528E-03
  0.2936E-03
  0.3242E-03
  0.3406E-03
  0.3223E-03
  0.1281E-03
  0.3049E-03
  0.3090E-03
  0.2795E-03
  0.7518E-04
  0.2843E-03
  0.2943E-03
  0.1840E-03
  0.1734E-03
  0.2800E-03
  0.2568E-03
  0.4302E-05
  0.2473E-03
  0.2750E-03
  0.1896E-03
  0.1881E-03
  0.2892E-03
  0.2827E-03
  0.1884E-03
