 Pressure at each layer [Pa]
  0.7943E+05
  0.6310E+05
  0.5012E+05
  0.3981E+05
  0.3162E+05
  0.2512E+05
  0.1995E+05
  0.1585E+05
  0.1259E+05
  0.1000E+05
  0.7943E+04
  0.6310E+04
  0.5012E+04
  0.3981E+04
  0.3162E+04
  0.2512E+04
  0.1995E+04
  0.1585E+04
  0.1259E+04
  0.1000E+04
  0.7943E+03
  0.6310E+03
  0.5012E+03
  0.3981E+03
  0.3162E+03
  0.2512E+03
  0.1995E+03
  0.1585E+03
  0.1259E+03
  0.1000E+03
  0.7943E+02
  0.6310E+02
  0.5012E+02
  0.3981E+02
  0.3162E+02
  0.2512E+02
  0.1995E+02
  0.1585E+02
  0.1259E+02
  0.1000E+02
  0.7943E+01
  0.6310E+01
  0.5012E+01
  0.3981E+01
  0.3162E+01
  0.2512E+01
  0.1995E+01
  0.1585E+01
  0.1259E+01
  0.1000E+01
