  0.9370E+01
  0.9174E+00
  0.7174E-01
  0.1331E-01
  0.7007E-02
  0.4355E-02
  0.2661E-02
  0.1856E-02
  0.1866E-02
  0.2533E-02
  0.2430E-02
  0.2244E-02
  0.1838E-02
  0.1315E-02
  0.8802E-03
  0.5615E-03
  0.3280E-03
  0.1998E-03
  0.1383E-03
  0.1048E-03
  0.9001E-04
  0.6959E-04
  0.4449E-04
  0.2647E-04
  0.1342E-04
  0.6811E-05
  0.3397E-05
  0.2043E-05
  0.1340E-05
  0.8984E-06
  0.5857E-06
  0.3914E-06
  0.2691E-06
  0.2155E-06
  0.2155E-06
  0.2186E-06
  0.2348E-06
  0.2400E-06
  0.2208E-06
  0.2037E-06
  0.1712E-06
  0.1251E-06
  0.7707E-07
  0.3975E-07
  0.1734E-07
  0.6494E-08
  0.2156E-08
  0.6317E-09
  0.2483E-09
  0.2483E-09
