 Longwave optical depth [dimless]
  0.4374E-01
  0.7600E+01
  0.1102E+02
  0.1590E+03
  0.5420E+03
  0.2425E+03
  0.1631E+04
  0.4018E+04
  0.1694E+03
  0.1836E+04
  0.6025E+02
  0.1473E+04
  0.5149E+02
  0.1696E+02
  0.2609E+02
  0.7608E+03
  0.1566E+01
  0.1005E+02
  0.2819E+00
  0.4321E+00
  0.6983E+00
  0.6996E+01
  0.2205E+01
  0.4146E+02
  0.3218E+03
  0.5768E+03
  0.1317E+05
  0.6212E+05
  0.2612E+04
  0.1775E+03
  0.1026E+04
  0.5748E+00
  0.1901E+01
  0.2366E+00
  0.3557E-01
  0.1961E-01
  0.1255E-01
  0.7270E-01
  0.1532E+01
  0.5306E+00
  0.4478E-02
  0.4551E-01
  0.5897E+00
  0.1060E+01
  0.1115E+00
  0.2616E-03
  0.1486E+00
  0.9533E-02
  0.2733E-02
  0.4566E-01
  0.3522E+00
  0.2682E+00
  0.3035E-01
  0.7292E-01
  0.4522E+00
  0.1375E+01
  0.1130E+01
  0.1172E+01
  0.5133E+01
  0.2550E+02
  0.2502E+02
  0.1384E+02
  0.6735E+01
  0.1257E+03
  0.1820E+01
  0.8075E+01
  0.1080E+03
  0.9608E+01
  0.2750E+02
  0.3549E+01
  0.2450E+02
  0.2406E+01
  0.3400E+01
  0.2172E+01
  0.3613E+00
  0.4392E+00
  0.9380E+01
  0.1232E+01
  0.2997E+00
  0.2224E+00
  0.9837E-01
  0.2776E+01
  0.1456E+03
  0.4692E+04
  0.5708E+01
  0.4782E+00
  0.6168E-01
  0.2411E-01
  0.1605E+00
  0.1870E+02
  0.1243E+04
  0.4453E+06
  0.1993E+05
  0.6820E+06
  0.2624E+06
  0.6677E+05
  0.1040E+02
  0.1982E-01
  0.4962E-01
  0.5790E-01
  0.4991E+00
  0.3690E-01
  0.1376E-01
  0.7644E-01
  0.7157E+00
  0.1040E+01
  0.2901E-01
  0.9122E-02
  0.3440E-02
  0.8975E-02
  0.3510E-01
  0.1517E+00
  0.9612E-02
  0.3401E-01
  0.5208E-03
  0.3578E-02
  0.7747E-02
  0.8602E-03
  0.2009E-02
  0.6149E-01
  0.2859E-01
  0.4352E-01
  0.6996E-01
  0.7589E+00
  0.2471E+01
  0.3079E+00
  0.1021E+00
  0.7682E+00
  0.6267E-01
  0.4921E+01
  0.7184E-01
  0.1824E+00
  0.9861E-01
  0.2533E+01
  0.2023E+02
  0.4821E+00
  0.1851E+00
  0.5934E+00
  0.4875E+00
  0.1702E+01
  0.3529E+02
  0.1645E+02
  0.1185E+04
  0.8729E+03
  0.7230E+04
  0.1635E+05
  0.2263E+03
  0.3377E+03
  0.1027E+05
  0.1179E+05
  0.1935E+03
  0.1588E+02
  0.1151E+03
  0.2014E+02
  0.5990E+02
  0.2661E+01
  0.9287E+01
  0.1386E+01
  0.8029E+01
  0.1906E+00
  0.3864E+00
  0.1695E+00
  0.2395E-01
  0.3225E-01
  0.2155E-01
  0.6235E-02
  0.3874E-01
  0.2055E-02
  0.5402E-02
  0.5606E-03
  0.2916E-02
  0.2708E-03
  0.1969E-02
  0.3750E-03
  0.4496E-03
  0.8182E-03
  0.2709E-03
  0.1726E+00
  0.8063E-03
  0.3739E-03
  0.2219E-02
  0.4591E-02
  0.1110E-01
  0.1127E-01
  0.4026E-01
  0.7641E+00
  0.4811E+01
  0.2793E-01
  0.2260E-01
  0.2320E+00
  0.9930E+00
  0.1310E+01
  0.7499E+01
  0.1423E+03
  0.4970E+01
  0.2881E+03
  0.2045E+02
  0.4992E+01
  0.4104E+03
  0.1277E+03
  0.5637E+03
  0.2906E+00
  0.6006E+00
  0.1638E+02
  0.2209E+04
  0.2695E+02
  0.3646E+00
  0.8827E+00
  0.5874E+00
  0.1025E+01
  0.1666E+01
  0.3909E+00
  0.1562E+01
  0.5746E+01
  0.1032E+02
  0.1553E+01
  0.4807E+01
  0.1122E+03
  0.3134E+00
  0.2488E+00
  0.3130E+01
  0.7060E-01
  0.2492E+00
  0.2489E-01
  0.5746E-01
  0.2595E-01
  0.3297E-02
  0.4063E-01
  0.1120E-02
  0.1042E-02
  0.8472E-03
  0.6330E-03
  0.1695E-02
  0.1886E-01
  0.2788E-02
  0.1088E-01
  0.9272E-03
  0.3111E-02
  0.1955E-01
  0.2325E-01
  0.1638E-01
  0.2739E-01
  0.6512E-01
  0.9706E-01
  0.1223E+00
  0.2986E-01
  0.4712E-01
  0.1223E+00
  0.8975E+00
  0.1009E+01
  0.9980E+00
  0.3616E-01
  0.1185E+00
  0.3114E+02
  0.2601E+01
  0.1277E+00
  0.4339E-02
  0.6238E-03
  0.5011E-02
  0.1006E+00
  0.1347E+00
  0.2611E+00
  0.4020E-01
  0.1958E-02
  0.1589E-01
  0.1599E-01
  0.3262E-01
  0.7095E+00
  0.4270E-01
  0.1301E+00
  0.9132E+00
  0.2748E-01
  0.5630E+01
  0.1545E-01
  0.6302E-01
  0.8261E-01
  0.3857E+00
  0.3845E+01
  0.6253E+01
  0.1013E+02
  0.1324E+01
  0.1899E+00
  0.3612E+01
  0.3680E+00
  0.4780E+01
  0.2487E+00
  0.1614E+00
  0.1001E+01
  0.3060E+01
  0.1399E+01
  0.2245E+01
  0.2310E+00
  0.1149E+01
  0.1813E+01
  0.4152E+02
  0.1518E+01
  0.6830E+00
  0.3319E+00
  0.5018E-01
  0.3220E+00
  0.5852E+00
  0.1989E-01
  0.8561E-02
  0.9941E-01
  0.1167E+00
  0.6338E-01
  0.2814E-02
  0.1143E-02
  0.9168E-02
  0.5373E+00
  0.1079E-01
  0.2832E-02
  0.9148E-03
  0.1179E-02
  0.8368E-03
  0.1407E-02
  0.4658E-02
  0.1975E-02
  0.1275E-02
  0.2708E-02
  0.9041E-03
  0.1122E-02
  0.8832E-02
  0.9238E-02
  0.2194E-01
  0.3118E-01
  0.1036E-01
  0.2153E+01
  0.2207E+02
  0.1132E-01
  0.1152E+00
  0.1558E+00
  0.1367E+01
  0.2518E-01
  0.2350E-02
  0.3875E-02
  0.2077E-02
  0.1722E-02
  0.1609E-01
  0.2784E-02
  0.3630E-02
  0.2727E-01
  0.9122E-02
  0.2956E-02
  0.8372E-02
  0.7644E-02
  0.3955E-01
  0.3473E+01
  0.2080E+00
  0.6809E+01
  0.3998E+00
  0.1600E-01
  0.1207E+00
  0.4887E+01
  0.1998E+00
  0.8950E-01
  0.1401E+00
  0.3497E-01
  0.2984E+00
  0.1354E-01
  0.9404E-02
  0.2501E-01
  0.3529E-01
  0.4603E-02
  0.2807E-02
  0.2418E-02
  0.1824E-02
  0.2564E-02
  0.6471E-01
  0.2010E-02
  0.1765E-02
  0.5439E-02
  0.5041E-01
  0.2877E-02
  0.1851E-02
  0.1635E+00
  0.9701E-02
  0.2295E-02
  0.2011E-02
  0.2793E-02
  0.8619E-02
  0.1454E+00
  0.1717E-02
  0.1851E-02
  0.5168E-02
  0.2544E-02
  0.1760E-02
  0.1726E-02
  0.1737E-02
  0.1915E-02
  0.1780E-02
  0.1937E-02
  0.1823E-02
  0.1879E-02
  0.2002E-02
  0.2027E-02
  0.2885E-02
  0.1918E-02
  0.7166E-02
  0.5732E-02
  0.2012E-02
  0.2083E-02
  0.2281E-02
  0.2065E-02
  0.2121E-02
  0.5728E-02
  0.8667E-02
  0.2584E-02
  0.5719E-02
  0.3267E-02
  0.1901E-01
  0.1161E-01
  0.9509E-02
  0.5272E-02
  0.1525E-01
  0.1323E-01
  0.1460E-01
  0.1283E-01
  0.9654E-02
  0.1187E+00
  0.2616E-01
  0.1103E+00
  0.9207E-01
  0.1256E-01
  0.9971E-01
  0.1594E+00
  0.2485E+00
  0.4093E-01
  0.8099E-01
  0.4554E+00
  0.2322E+00
  0.6287E-01
  0.1843E-01
  0.1233E-01
  0.1633E-01
  0.4491E-02
  0.4602E-02
  0.1014E-01
  0.1764E-01
  0.5204E-02
  0.5361E-02
  0.8254E-01
  0.2015E-01
  0.9122E-02
  0.1118E-01
  0.1473E-01
  0.4316E-02
  0.3560E-02
  0.3239E-02
  0.3335E-02
  0.3321E-02
  0.3190E-02
  0.3197E-02
  0.3523E-02
  0.3445E-02
  0.3337E-02
  0.3468E-02
  0.3390E-02
  0.4477E-02
  0.3852E-02
  0.5984E-02
  0.3454E-02
  0.3485E-02
  0.3533E-02
  0.3544E-02
  0.3636E-02
  0.3631E-02
  0.3667E-02
  0.6450E-02
  0.3756E-02
  0.3921E-02
  0.3797E-02
  0.3826E-02
  0.3891E-02
  0.3985E-02
  0.4209E-02
  0.4325E-02
  0.4137E-02
  0.4399E-02
  0.4628E-02
  0.1301E-01
  0.4685E-02
  0.4860E-02
  0.2746E-01
  0.7470E-02
  0.5820E-02
  0.9299E-02
  0.4928E-02
  0.1274E-01
  0.9264E-02
  0.6137E-02
  0.8823E-02
  0.1814E-01
  0.4885E-02
  0.1245E-01
  0.4648E-02
  0.4682E-02
  0.5051E-02
  0.5250E-02
  0.4863E-02
  0.5150E-02
  0.4878E-02
  0.7692E-02
  0.5185E-02
  0.6916E-02
  0.5086E-02
  0.5171E-02
  0.1208E-01
  0.5172E-02
  0.5156E-02
  0.5675E-02
  0.1195E-01
  0.5254E-02
  0.5296E-02
  0.5364E-02
  0.5377E-02
  0.5420E-02
  0.5462E-02
  0.5506E-02
  0.5546E-02
  0.5589E-02
  0.5632E-02
  0.5675E-02
  0.5719E-02
  0.5763E-02
  0.5807E-02
  0.5852E-02
  0.5902E-02
  0.5943E-02
  0.6088E-02
  0.6033E-02
  0.6077E-02
  0.6134E-02
  0.6215E-02
  0.6230E-02
  0.6269E-02
  0.6320E-02
  0.6370E-02
  0.6451E-02
  0.6576E-02
  0.7827E-02
  0.6727E-02
  0.7207E-02
  0.4051E-01
  0.6844E-02
  0.8943E-02
  0.7158E-02
  0.7247E-02
  0.1289E-01
  0.8955E-02
  0.8248E-02
  0.2516E-01
  0.2581E-01
  0.2018E-01
  0.7563E-02
  0.2816E+00
  0.9498E-02
  0.1164E-01
  0.8129E-02
  0.9995E-02
  0.7909E-02
  0.7920E-02
  0.8159E-02
  0.1190E-01
  0.1127E-01
  0.8021E-02
  0.8446E-02
  0.8150E-02
  0.8128E-02
  0.8533E-02
  0.8446E-02
  0.9147E-02
  0.8753E-02
  0.8312E-02
  0.8456E-02
  0.3288E-01
  0.8960E-02
  0.1671E-01
  0.8572E-02
  0.8613E-02
  0.8661E-02
  0.8711E-02
  0.8803E-02
  0.8838E-02
  0.8928E-02
  0.8967E-02
  0.9025E-02
  0.9076E-02
  0.9154E-02
  0.9243E-02
  0.9262E-02
  0.9325E-02
  0.9405E-02
  0.9452E-02
  0.9519E-02
  0.9580E-02
  0.9644E-02
  0.9709E-02
  0.9796E-02
  0.1004E-01
  0.9950E-02
  0.9978E-02
  0.1004E-01
  0.1087E-01
  0.1019E-01
  0.1027E-01
  0.1033E-01
  0.1041E-01
  0.1163E-01
  0.1063E-01
  0.1174E-01
  0.1076E-01
  0.1681E-01
  0.1115E-01
  0.1101E-01
  0.1099E-01
  0.1155E-01
  0.1137E-01
  0.1128E-01
  0.1130E-01
  0.1137E-01
  0.1138E-01
  0.1188E-01
  0.1168E-01
  0.1164E-01
  0.1167E-01
  0.1184E-01
  0.1184E-01
  0.1192E-01
  0.1198E-01
  0.1205E-01
  0.1214E-01
  0.1468E-01
  0.1232E-01
  0.1235E-01
  0.1246E-01
  0.1253E-01
  0.1260E-01
  0.1271E-01
  0.1275E-01
  0.1282E-01
  0.1291E-01
  0.1298E-01
  0.1307E-01
  0.1315E-01
  0.1323E-01
  0.1331E-01
  0.1339E-01
  0.1348E-01
  0.1356E-01
  0.1364E-01
  0.1373E-01
  0.1382E-01
  0.1390E-01
  0.1398E-01
  0.1407E-01
  0.1416E-01
  0.1424E-01
  0.1433E-01
  0.1443E-01
  0.1455E-01
  0.1460E-01
  0.1469E-01
  0.1478E-01
  0.1520E-01
  0.1499E-01
  0.1517E-01
  0.1576E-01
  0.1529E-01
  0.1565E-01
  0.1579E-01
  0.1942E-01
  0.1600E-01
  0.1599E-01
  0.1587E-01
  0.1663E-01
  0.1616E-01
  0.1849E-01
  0.1862E-01
  0.1761E-01
  0.1972E-01
  0.1650E-01
  0.1664E-01
  0.1667E-01
  0.1676E-01
  0.1685E-01
  0.1693E-01
  0.1703E-01
  0.1713E-01
  0.1728E-01
  0.1733E-01
  0.1743E-01
  0.1757E-01
  0.1771E-01
  0.1796E-01
  0.1803E-01
  0.1812E-01
  0.1805E-01
  0.1818E-01
  0.1865E-01
  0.1841E-01
  0.1854E-01
  0.1863E-01
  0.1888E-01
  0.1881E-01
  0.1889E-01
  0.1899E-01
  0.1913E-01
  0.1927E-01
  0.1931E-01
  0.1943E-01
  0.1960E-01
  0.1965E-01
  0.1976E-01
  0.1986E-01
  0.1997E-01
  0.2009E-01
  0.2020E-01
  0.2031E-01
  0.2042E-01
  0.2054E-01
  0.2065E-01
  0.2077E-01
  0.2088E-01
  0.2100E-01
  0.2112E-01
  0.2140E-01
  0.2136E-01
  0.2154E-01
  0.2160E-01
  0.2171E-01
  0.2192E-01
  0.2211E-01
  0.2208E-01
  0.2224E-01
  0.2232E-01
  0.2250E-01
  0.2351E-01
  0.2283E-01
  0.2292E-01
  0.2293E-01
  0.2305E-01
  0.2317E-01
  0.2333E-01
  0.2342E-01
  0.2355E-01
  0.2369E-01
  0.2381E-01
  0.2393E-01
  0.2408E-01
  0.2418E-01
  0.2433E-01
  0.2444E-01
  0.2460E-01
  0.2470E-01
  0.2483E-01
  0.2499E-01
  0.2511E-01
  0.2523E-01
  0.2537E-01
  0.2550E-01
  0.2564E-01
  0.2581E-01
  0.2591E-01
  0.2604E-01
  0.2618E-01
  0.2631E-01
  0.2645E-01
  0.2659E-01
  0.2673E-01
  0.2687E-01
  0.2701E-01
  0.2715E-01
  0.2729E-01
  0.2743E-01
  0.2757E-01
  0.2772E-01
  0.2786E-01
  0.2803E-01
  0.2815E-01
  0.2829E-01
  0.2844E-01
  0.2889E-01
  0.2874E-01
  0.2888E-01
  0.2914E-01
  0.2921E-01
  0.2979E-01
  0.2952E-01
  0.2968E-01
  0.2982E-01
  0.2997E-01
  0.3012E-01
  0.3031E-01
  0.3045E-01
  0.3054E-01
  0.3069E-01
  0.3086E-01
  0.3106E-01
  0.3117E-01
  0.3132E-01
  0.3146E-01
  0.3162E-01
  0.3178E-01
  0.3193E-01
  0.3209E-01
  0.3225E-01
  0.3242E-01
  0.3258E-01
  0.3274E-01
  0.3291E-01
  0.3306E-01
  0.3324E-01
  0.3339E-01
  0.3356E-01
  0.3372E-01
  0.3389E-01
  0.3406E-01
  0.3422E-01
  0.3439E-01
  0.3460E-01
  0.3472E-01
  0.3489E-01
  0.3508E-01
  0.3525E-01
  0.3541E-01
  0.3559E-01
  0.3575E-01
  0.3592E-01
  0.3610E-01
  0.3627E-01
  0.3645E-01
  0.3662E-01
  0.3680E-01
  0.3697E-01
  0.3715E-01
  0.3733E-01
  0.3751E-01
  0.3769E-01
  0.3787E-01
  0.3805E-01
  0.3823E-01
  0.3842E-01
  0.3861E-01
  0.3878E-01
  0.3897E-01
  0.3916E-01
  0.3933E-01
  0.3953E-01
  0.3971E-01
  0.3993E-01
  0.4012E-01
  0.4027E-01
  0.4047E-01
  0.4065E-01
  0.4084E-01
  0.4103E-01
  0.4125E-01
  0.4145E-01
  0.4161E-01
  0.4180E-01
  0.4200E-01
  0.4219E-01
  0.4239E-01
  0.4259E-01
  0.4278E-01
  0.4298E-01
  0.4318E-01
  0.4338E-01
  0.4358E-01
  0.4378E-01
  0.4398E-01
  0.4419E-01
  0.4439E-01
  0.4459E-01
  0.4480E-01
  0.4500E-01
  0.4521E-01
  0.4542E-01
  0.4563E-01
  0.4584E-01
  0.4604E-01
  0.4625E-01
  0.4649E-01
  0.4667E-01
  0.4688E-01
  0.4709E-01
  0.4731E-01
  0.4752E-01
  0.4774E-01
  0.4795E-01
  0.4817E-01
  0.4838E-01
  0.4860E-01
  0.4882E-01
  0.4904E-01
  0.4926E-01
  0.4949E-01
  0.4974E-01
  0.4993E-01
  0.5036E-01
  0.5037E-01
  0.5060E-01
  0.5104E-01
  0.5105E-01
  0.5144E-01
  0.5150E-01
  0.5172E-01
  0.5195E-01
  0.5218E-01
  0.5242E-01
  0.5264E-01
  0.5287E-01
  0.5312E-01
  0.5333E-01
  0.5357E-01
  0.5380E-01
  0.5404E-01
  0.5427E-01
  0.5451E-01
  0.5475E-01
  0.5499E-01
  0.5523E-01
  0.5547E-01
  0.5571E-01
  0.5595E-01
  0.5619E-01
  0.5643E-01
  0.5668E-01
  0.5692E-01
  0.5717E-01
  0.5742E-01
  0.5767E-01
  0.5791E-01
  0.5816E-01
  0.5841E-01
  0.5866E-01
  0.5891E-01
  0.5916E-01
  0.5941E-01
  0.5967E-01
  0.5992E-01
  0.6018E-01
  0.6043E-01
  0.6069E-01
  0.6095E-01
  0.6120E-01
  0.6146E-01
  0.6172E-01
  0.6198E-01
  0.6225E-01
  0.6251E-01
  0.6277E-01
  0.6304E-01
  0.6331E-01
  0.6358E-01
  0.6384E-01
  0.6411E-01
  0.6437E-01
  0.6464E-01
  0.6491E-01
  0.6518E-01
  0.6545E-01
  0.6572E-01
  0.6600E-01
  0.6627E-01
  0.6655E-01
  0.6682E-01
  0.6710E-01
  0.6738E-01
  0.6766E-01
  0.6794E-01
  0.6822E-01
  0.6850E-01
  0.6878E-01
  0.6906E-01
  0.6935E-01
  0.6963E-01
  0.6992E-01
  0.7020E-01
  0.7049E-01
  0.7078E-01
  0.7107E-01
  0.7136E-01
  0.7165E-01
  0.7194E-01
  0.7223E-01
  0.7253E-01
  0.7282E-01
  0.7312E-01
  0.7341E-01
  0.7371E-01
  0.7401E-01
  0.7430E-01
  0.7461E-01
  0.7491E-01
  0.7524E-01
  0.7551E-01
  0.7582E-01
  0.7612E-01
  0.7642E-01
  0.7673E-01
  0.7723E-01
  0.7735E-01
  0.7765E-01
  0.7796E-01
  0.7833E-01
  0.7859E-01
  0.7891E-01
  0.7921E-01
  0.7952E-01
  0.7984E-01
  0.8016E-01
  0.8047E-01
  0.8079E-01
  0.8111E-01
  0.8143E-01
  0.8175E-01
  0.8207E-01
  0.8240E-01
  0.8272E-01
  0.8305E-01
  0.8337E-01
  0.8370E-01
  0.8403E-01
  0.8435E-01
  0.8468E-01
  0.8501E-01
  0.8535E-01
  0.8568E-01
  0.8601E-01
  0.8635E-01
  0.8668E-01
  0.8702E-01
  0.8736E-01
  0.8770E-01
  0.8803E-01
  0.8838E-01
  0.8872E-01
  0.8906E-01
  0.8940E-01
  0.8975E-01
  0.9009E-01
  0.9044E-01
  0.9079E-01
  0.9113E-01
  0.9148E-01
  0.9183E-01
  0.9218E-01
  0.9254E-01
  0.9289E-01
  0.9324E-01
  0.9360E-01
  0.9396E-01
  0.9431E-01
  0.9468E-01
  0.9503E-01
  0.9547E-01
  0.9575E-01
  0.9612E-01
  0.9648E-01
  0.9684E-01
  0.9721E-01
  0.9758E-01
  0.9794E-01
  0.9831E-01
  0.9868E-01
  0.9905E-01
  0.9943E-01
  0.9980E-01
  0.1002E+00
  0.1005E+00
  0.1009E+00
  0.1013E+00
  0.1017E+00
  0.1021E+00
  0.1024E+00
  0.1028E+00
  0.1032E+00
  0.1036E+00
  0.1040E+00
  0.1044E+00
  0.1047E+00
  0.1051E+00
  0.1055E+00
  0.1059E+00
  0.1063E+00
  0.1067E+00
  0.1071E+00
  0.1075E+00
  0.1079E+00
  0.1083E+00
  0.1087E+00
  0.1091E+00
  0.1095E+00
  0.1099E+00
  0.1103E+00
  0.1107E+00
  0.1111E+00
  0.1115E+00
  0.1119E+00
  0.1123E+00
  0.1127E+00
  0.1131E+00
  0.1135E+00
  0.1139E+00
  0.1144E+00
  0.1148E+00
  0.1152E+00
  0.1156E+00
  0.1160E+00
  0.1164E+00
  0.1168E+00
  0.1173E+00
  0.1177E+00
  0.1181E+00
  0.1185E+00
  0.1190E+00
  0.1194E+00
  0.1198E+00
  0.1202E+00
  0.1207E+00
  0.1211E+00
  0.1215E+00
  0.1220E+00
  0.1224E+00
  0.1228E+00
  0.1233E+00
  0.1237E+00
  0.1242E+00
  0.1246E+00
  0.1250E+00
  0.1255E+00
  0.1259E+00
  0.1264E+00
  0.1268E+00
  0.1273E+00
  0.1277E+00
  0.1282E+00
  0.1286E+00
  0.1291E+00
  0.1295E+00
  0.1300E+00
  0.1304E+00
  0.1309E+00
  0.1314E+00
  0.1318E+00
  0.1323E+00
  0.1327E+00
  0.1332E+00
  0.1337E+00
  0.1341E+00
  0.1346E+00
  0.1351E+00
  0.1355E+00
  0.1360E+00
  0.1365E+00
  0.1369E+00
  0.1374E+00
  0.1379E+00
  0.1384E+00
  0.1388E+00
  0.1393E+00
  0.1398E+00
  0.1403E+00
  0.1408E+00
  0.1413E+00
  0.1417E+00
  0.1422E+00
  0.1427E+00
  0.1432E+00
  0.1437E+00
  0.1442E+00
  0.1447E+00
  0.1452E+00
  0.1457E+00
  0.1462E+00
  0.1467E+00
  0.1472E+00
  0.1477E+00
  0.1482E+00
  0.1487E+00
  0.1492E+00
  0.1497E+00
  0.1502E+00
  0.1507E+00
  0.1512E+00
  0.1517E+00
  0.1522E+00
  0.1527E+00
  0.1532E+00
  0.1538E+00
  0.1543E+00
  0.1548E+00
  0.1553E+00
  0.1558E+00
  0.1564E+00
  0.1569E+00
  0.1574E+00
  0.1579E+00
  0.1585E+00
  0.1590E+00
  0.1595E+00
  0.1601E+00
  0.1606E+00
  0.1611E+00
  0.1617E+00
  0.1622E+00
  0.1627E+00
  0.1633E+00
  0.1638E+00
  0.1644E+00
  0.1649E+00
  0.1654E+00
  0.1660E+00
  0.1665E+00
  0.1671E+00
  0.1676E+00
  0.1682E+00
  0.1687E+00
  0.1693E+00
  0.1699E+00
  0.1704E+00
  0.1710E+00
  0.1715E+00
  0.1721E+00
  0.1726E+00
  0.1732E+00
  0.1738E+00
  0.1743E+00
  0.1749E+00
  0.1755E+00
  0.1761E+00
  0.1766E+00
  0.1772E+00
  0.1778E+00
  0.1784E+00
  0.1789E+00
  0.1795E+00
  0.1801E+00
  0.1807E+00
  0.1813E+00
  0.1818E+00
  0.1824E+00
  0.1830E+00
  0.1836E+00
  0.1842E+00
  0.1848E+00
  0.1854E+00
  0.1860E+00
  0.1866E+00
  0.1872E+00
  0.1878E+00
  0.1884E+00
  0.1890E+00
  0.1896E+00
  0.1902E+00
  0.1908E+00
  0.1914E+00
  0.1920E+00
  0.1926E+00
  0.1932E+00
  0.1938E+00
  0.1945E+00
  0.1951E+00
  0.1957E+00
  0.1963E+00
  0.1969E+00
  0.1976E+00
  0.1982E+00
  0.1988E+00
  0.1994E+00
  0.2001E+00
  0.2007E+00
  0.2013E+00
  0.2019E+00
  0.2026E+00
  0.2033E+00
  0.2039E+00
  0.2045E+00
  0.2051E+00
  0.2058E+00
  0.2064E+00
  0.2071E+00
  0.2077E+00
  0.2084E+00
  0.2090E+00
  0.2097E+00
  0.2103E+00
  0.2110E+00
  0.2116E+00
  0.2123E+00
  0.2129E+00
  0.2136E+00
  0.2143E+00
  0.2149E+00
  0.2156E+00
  0.2163E+00
  0.2169E+00
  0.2176E+00
  0.2183E+00
  0.2189E+00
  0.2196E+00
  0.2203E+00
  0.2210E+00
  0.2216E+00
  0.2223E+00
  0.2230E+00
  0.2237E+00
  0.2244E+00
  0.2251E+00
  0.2257E+00
  0.2264E+00
  0.2271E+00
  0.2278E+00
  0.2285E+00
  0.2292E+00
  0.2299E+00
  0.2306E+00
  0.2313E+00
  0.2320E+00
  0.2327E+00
  0.2334E+00
  0.2341E+00
  0.2348E+00
  0.2355E+00
  0.2363E+00
  0.2370E+00
  0.2377E+00
  0.2384E+00
  0.2391E+00
  0.2398E+00
  0.2406E+00
  0.2413E+00
  0.2420E+00
  0.2427E+00
  0.2435E+00
  0.2442E+00
  0.2449E+00
  0.2457E+00
  0.2464E+00
  0.2471E+00
  0.2479E+00
  0.2486E+00
  0.2493E+00
  0.2501E+00
  0.2508E+00
  0.2516E+00
  0.2523E+00
  0.2531E+00
  0.2538E+00
  0.2546E+00
  0.2553E+00
  0.2561E+00
  0.2568E+00
  0.2576E+00
  0.2584E+00
  0.2591E+00
  0.2599E+00
  0.2607E+00
  0.2614E+00
  0.2622E+00
  0.2630E+00
  0.2637E+00
  0.2645E+00
  0.2653E+00
  0.2661E+00
  0.2669E+00
  0.2676E+00
  0.2684E+00
  0.2692E+00
  0.2700E+00
  0.2708E+00
  0.2716E+00
  0.2724E+00
  0.2732E+00
  0.2739E+00
  0.2747E+00
  0.2755E+00
  0.2763E+00
  0.2771E+00
  0.2780E+00
  0.2788E+00
  0.2796E+00
  0.2804E+00
  0.2812E+00
  0.2820E+00
  0.2828E+00
  0.2836E+00
  0.2844E+00
  0.2853E+00
  0.2861E+00
  0.2869E+00
  0.2877E+00
  0.2886E+00
  0.2894E+00
  0.2902E+00
  0.2911E+00
  0.2919E+00
  0.2927E+00
  0.2936E+00
  0.2944E+00
  0.2952E+00
  0.2961E+00
  0.2969E+00
  0.2978E+00
  0.2986E+00
  0.2995E+00
  0.3003E+00
  0.3012E+00
  0.3020E+00
  0.3029E+00
  0.3038E+00
  0.3046E+00
  0.3055E+00
  0.3064E+00
  0.3072E+00
  0.3081E+00
  0.3090E+00
  0.3098E+00
  0.3107E+00
  0.3116E+00
  0.3125E+00
  0.3133E+00
  0.3142E+00
  0.3151E+00
  0.3160E+00
  0.3169E+00
  0.3178E+00
  0.3187E+00
  0.3195E+00
  0.3204E+00
  0.3213E+00
  0.3222E+00
  0.3231E+00
  0.3240E+00
  0.3249E+00
  0.3259E+00
  0.3268E+00
  0.3277E+00
  0.3286E+00
  0.3295E+00
  0.3304E+00
  0.3313E+00
  0.3322E+00
  0.3332E+00
  0.3341E+00
  0.3350E+00
  0.3359E+00
  0.3369E+00
  0.3378E+00
  0.3387E+00
  0.3397E+00
  0.3406E+00
  0.3415E+00
  0.3425E+00
  0.3434E+00
  0.3444E+00
  0.3453E+00
  0.3463E+00
  0.3472E+00
  0.3482E+00
  0.3491E+00
  0.3501E+00
  0.3510E+00
  0.3520E+00
  0.3530E+00
  0.3539E+00
  0.3549E+00
  0.3559E+00
  0.3568E+00
  0.3578E+00
  0.3588E+00
  0.3598E+00
  0.3607E+00
  0.3617E+00
  0.3627E+00
  0.3637E+00
  0.3647E+00
  0.3657E+00
  0.3666E+00
  0.3676E+00
  0.3686E+00
  0.3696E+00
  0.3706E+00
  0.3716E+00
  0.3726E+00
  0.3736E+00
  0.3746E+00
  0.3756E+00
  0.3766E+00
  0.3777E+00
  0.3787E+00
  0.3797E+00
  0.3807E+00
  0.3817E+00
  0.3828E+00
  0.3838E+00
  0.3848E+00
  0.3858E+00
  0.3869E+00
  0.3879E+00
  0.3889E+00
  0.3900E+00
  0.3910E+00
  0.3920E+00
  0.3931E+00
  0.3941E+00
  0.3952E+00
  0.3962E+00
  0.3973E+00
  0.3983E+00
  0.3994E+00
  0.4004E+00
  0.4015E+00
  0.4026E+00
  0.4036E+00
  0.4047E+00
  0.4058E+00
  0.4068E+00
  0.4079E+00
  0.4090E+00
  0.4101E+00
  0.4111E+00
  0.4122E+00
  0.4133E+00
  0.4144E+00
  0.4155E+00
  0.4166E+00
  0.4177E+00
  0.4188E+00
  0.4198E+00
  0.4209E+00
  0.4220E+00
  0.4231E+00
  0.4243E+00
  0.4254E+00
  0.4265E+00
  0.4276E+00
  0.4287E+00
  0.4298E+00
  0.4309E+00
  0.4320E+00
  0.4332E+00
  0.4343E+00
  0.4354E+00
  0.4365E+00
  0.4377E+00
  0.4388E+00
  0.4399E+00
  0.4411E+00
  0.4422E+00
  0.4434E+00
  0.4445E+00
  0.4457E+00
  0.4468E+00
  0.4479E+00
  0.4491E+00
  0.4503E+00
  0.4514E+00
  0.4526E+00
  0.4537E+00
  0.4549E+00
  0.4561E+00
  0.4572E+00
  0.4584E+00
  0.4596E+00
  0.4608E+00
  0.4619E+00
  0.4631E+00
  0.4643E+00
  0.4655E+00
  0.4667E+00
  0.4678E+00
  0.4690E+00
  0.4702E+00
  0.4714E+00
  0.4726E+00
  0.4738E+00
  0.4750E+00
  0.4762E+00
  0.4774E+00
  0.4786E+00
  0.4799E+00
  0.4811E+00
  0.4823E+00
  0.4835E+00
  0.4847E+00
  0.4860E+00
  0.4872E+00
  0.4884E+00
  0.4896E+00
  0.4909E+00
  0.4921E+00
  0.4933E+00
  0.4946E+00
  0.4958E+00
  0.4971E+00
  0.4983E+00
  0.4996E+00
  0.5008E+00
  0.5021E+00
  0.5033E+00
  0.5046E+00
  0.5058E+00
  0.5071E+00
  0.5084E+00
  0.5096E+00
  0.5109E+00
  0.5122E+00
  0.5134E+00
  0.5147E+00
  0.5160E+00
  0.5173E+00
  0.5186E+00
  0.5199E+00
  0.5211E+00
  0.5224E+00
  0.5237E+00
  0.5250E+00
  0.5263E+00
  0.5276E+00
  0.5289E+00
  0.5302E+00
  0.5315E+00
  0.5328E+00
  0.5342E+00
  0.5355E+00
  0.5368E+00
  0.5381E+00
  0.5394E+00
  0.5408E+00
  0.5421E+00
  0.5434E+00
  0.5447E+00
  0.5461E+00
  0.5474E+00
  0.5488E+00
  0.5501E+00
  0.5514E+00
  0.5528E+00
  0.5541E+00
  0.5555E+00
  0.5569E+00
  0.5582E+00
  0.5596E+00
  0.5609E+00
  0.5623E+00
  0.5637E+00
  0.5650E+00
  0.5664E+00
  0.5678E+00
  0.5692E+00
  0.5705E+00
  0.5719E+00
  0.5733E+00
  0.5747E+00
  0.5761E+00
  0.5775E+00
  0.5789E+00
  0.5803E+00
  0.5817E+00
  0.5831E+00
  0.5845E+00
  0.5859E+00
  0.5873E+00
  0.5887E+00
  0.5901E+00
  0.5915E+00
  0.5929E+00
  0.5944E+00
  0.5958E+00
  0.5972E+00
  0.5986E+00
  0.6001E+00
  0.6015E+00
  0.6030E+00
  0.6044E+00
  0.6058E+00
  0.6073E+00
  0.6087E+00
  0.6102E+00
  0.6116E+00
  0.6131E+00
  0.6145E+00
  0.6160E+00
  0.6175E+00
  0.6189E+00
  0.6204E+00
  0.6219E+00
  0.6234E+00
  0.6248E+00
  0.6263E+00
  0.6278E+00
  0.6293E+00
  0.6308E+00
  0.6323E+00
  0.6337E+00
  0.6352E+00
  0.6367E+00
  0.6382E+00
  0.6397E+00
  0.6412E+00
  0.6428E+00
  0.6443E+00
  0.6458E+00
  0.6473E+00
  0.6488E+00
  0.6503E+00
  0.6519E+00
  0.6534E+00
  0.6549E+00
  0.6564E+00
  0.6580E+00
  0.6595E+00
  0.6611E+00
  0.6626E+00
  0.6642E+00
  0.6657E+00
  0.6673E+00
  0.6688E+00
  0.6704E+00
  0.6719E+00
  0.6735E+00
  0.6750E+00
  0.6766E+00
  0.6782E+00
  0.6798E+00
  0.6813E+00
  0.6829E+00
  0.6845E+00
  0.6861E+00
  0.6877E+00
  0.6893E+00
  0.6908E+00
  0.6924E+00
  0.6940E+00
  0.6956E+00
  0.6972E+00
  0.6989E+00
  0.7005E+00
  0.7021E+00
  0.7037E+00
  0.7053E+00
  0.7069E+00
  0.7085E+00
  0.7102E+00
  0.7118E+00
  0.7134E+00
  0.7151E+00
  0.7167E+00
  0.7183E+00
  0.7200E+00
  0.7216E+00
  0.7233E+00
  0.7249E+00
  0.7266E+00
  0.7282E+00
  0.7299E+00
  0.7316E+00
  0.7332E+00
  0.7349E+00
  0.7366E+00
  0.7382E+00
  0.7399E+00
  0.7416E+00
  0.7433E+00
  0.7450E+00
  0.7466E+00
  0.7483E+00
  0.7500E+00
  0.7517E+00
  0.7534E+00
  0.7551E+00
  0.7568E+00
  0.7585E+00
  0.7603E+00
  0.7620E+00
  0.7637E+00
  0.7654E+00
  0.7671E+00
  0.7688E+00
  0.7706E+00
  0.7723E+00
  0.7740E+00
  0.7758E+00
  0.7775E+00
  0.7793E+00
  0.7810E+00
  0.7828E+00
  0.7845E+00
  0.7863E+00
  0.7880E+00
  0.7898E+00
  0.7915E+00
  0.7933E+00
  0.7951E+00
  0.7969E+00
  0.7986E+00
  0.8004E+00
  0.8022E+00
  0.8040E+00
  0.8058E+00
  0.8075E+00
  0.8093E+00
  0.8111E+00
  0.8129E+00
  0.8147E+00
  0.8165E+00
  0.8183E+00
  0.8202E+00
  0.8220E+00
  0.8238E+00
  0.8256E+00
  0.8274E+00
  0.8293E+00
  0.8311E+00
  0.8329E+00
  0.8348E+00
  0.8366E+00
  0.8384E+00
  0.8403E+00
  0.8421E+00
  0.8440E+00
  0.8458E+00
  0.8477E+00
  0.8495E+00
  0.8514E+00
  0.8533E+00
  0.8551E+00
  0.8570E+00
  0.8589E+00
  0.8608E+00
  0.8626E+00
  0.8645E+00
  0.8664E+00
  0.8683E+00
  0.8702E+00
  0.8721E+00
  0.8740E+00
  0.8759E+00
  0.8778E+00
  0.8797E+00
  0.8816E+00
  0.8835E+00
  0.8855E+00
  0.8874E+00
  0.8893E+00
  0.8912E+00
  0.8932E+00
  0.8951E+00
  0.8970E+00
  0.8990E+00
  0.9009E+00
  0.9029E+00
  0.9048E+00
  0.9068E+00
  0.9087E+00
  0.9107E+00
  0.9126E+00
  0.9146E+00
  0.9166E+00
  0.9185E+00
  0.9205E+00
  0.9225E+00
  0.9245E+00
  0.9265E+00
  0.9285E+00
  0.9304E+00
  0.9324E+00
  0.9344E+00
  0.9364E+00
  0.9384E+00
  0.9404E+00
  0.9425E+00
  0.9445E+00
  0.9465E+00
  0.9485E+00
  0.9505E+00
  0.9526E+00
  0.9546E+00
  0.9566E+00
  0.9587E+00
  0.9607E+00
  0.9627E+00
  0.9648E+00
  0.9668E+00
  0.9689E+00
  0.9709E+00
  0.9730E+00
  0.9751E+00
  0.9771E+00
  0.9792E+00
  0.9813E+00
  0.9833E+00
  0.9854E+00
  0.9875E+00
  0.9896E+00
  0.9917E+00
  0.9938E+00
  0.9959E+00
  0.9980E+00
  0.1000E+01
  0.1002E+01
  0.1004E+01
  0.1006E+01
  0.1008E+01
  0.1011E+01
  0.1013E+01
  0.1015E+01
  0.1017E+01
  0.1019E+01
  0.1021E+01
  0.1023E+01
  0.1026E+01
  0.1028E+01
  0.1030E+01
  0.1032E+01
  0.1034E+01
  0.1036E+01
  0.1038E+01
  0.1041E+01
  0.1043E+01
  0.1045E+01
  0.1047E+01
  0.1049E+01
  0.1051E+01
  0.1054E+01
  0.1056E+01
  0.1058E+01
  0.1060E+01
  0.1062E+01
  0.1065E+01
  0.1067E+01
  0.1069E+01
  0.1071E+01
  0.1074E+01
  0.1076E+01
  0.1078E+01
  0.1080E+01
  0.1082E+01
  0.1085E+01
  0.1087E+01
  0.1089E+01
  0.1091E+01
  0.1094E+01
  0.1096E+01
  0.1098E+01
  0.1100E+01
  0.1103E+01
  0.1105E+01
  0.1107E+01
  0.1109E+01
  0.1112E+01
  0.1114E+01
  0.1116E+01
  0.1119E+01
  0.1121E+01
  0.1123E+01
  0.1125E+01
  0.1128E+01
  0.1130E+01
  0.1132E+01
  0.1135E+01
  0.1137E+01
  0.1139E+01
  0.1142E+01
  0.1144E+01
  0.1146E+01
  0.1149E+01
  0.1151E+01
  0.1153E+01
  0.1156E+01
  0.1158E+01
  0.1160E+01
  0.1163E+01
  0.1165E+01
  0.1167E+01
  0.1170E+01
  0.1172E+01
  0.1174E+01
  0.1177E+01
  0.1179E+01
  0.1182E+01
  0.1184E+01
  0.1186E+01
  0.1189E+01
  0.1191E+01
  0.1194E+01
  0.1196E+01
  0.1198E+01
  0.1201E+01
  0.1203E+01
  0.1206E+01
  0.1208E+01
  0.1210E+01
  0.1213E+01
  0.1215E+01
  0.1218E+01
  0.1220E+01
