 tau_sw_i
                          0.3181265964726244E-16
                          0.4281065594704503E-14
                          0.4499298534090430E-14
                          0.3044801770041240E-13
                          0.8700203593986438E-13
                          0.4663810616923214E-13
                          0.2775405658581840E-12
                          0.3300797445403047E-13
                          0.1309035300854945E-13
                          0.1039828961900071E-12
                          0.2570784798435478E-14
                          0.2504661410502709E-11
                          0.1421829487363452E-11
                          0.2897797073729367E-14
                          0.3645638023856554E-14
                          0.4996923303621430E-14
                          0.6170445992345615E-14
                          0.8921557067058377E-14
                          0.9870625552039362E-14
                          0.1344830454524380E-13
                          0.1530525666747822E-13
                          0.2005877305268903E-13
                          0.9916875421402302E-13
                          0.1655566945151358E-11
                          0.5017987351457836E-09
                          0.4827004732410768E-08
                          0.5635998945556642E-06
                          0.4280865159748125E-05
                          0.1034040524306656E-07
                          0.7338312024275456E-09
                          0.4457067474395340E-09
                          0.9398245460835078E-13
                          0.1781738295104930E-12
                          0.1112256322720085E-12
                          0.1294230264516741E-12
                          0.1404834784752276E-12
                          0.1573095036128214E-12
                          0.1756160375088110E-12
                          0.2254892298016713E-12
                          0.2225900296863958E-12
                          0.2395786873393233E-12
                          0.2646898106143049E-12
                          0.3094730918809832E-12
                          0.3487330426866009E-12
                          0.3505554184640622E-12
                          0.3834544424531689E-12
                          0.4186664744123635E-12
                          0.4562359701301395E-12
                          0.4963550369783427E-12
                          0.7860868646387212E-12
                          0.2802567236273053E-10
                          0.9735872838207299E-11
                          0.5266635182135846E-08
                          0.1423584421417830E-11
                          0.1351839377403080E-10
                          0.3011348256190352E-10
                          0.1158925003849515E-11
                          0.9864810503872791E-12
                          0.1057512731250331E-11
                          0.1132477608560430E-11
                          0.1211511957314272E-11
                          0.1294090958210649E-11
                          0.1381599646773835E-11
                          0.1515723011562040E-11
                          0.1567547272959136E-11
                          0.1670058086873559E-11
                          0.1803856238296744E-11
                          0.1884668078496057E-11
                          0.2001280193188975E-11
                          0.2117707465584099E-11
                          0.2242657907182751E-11
                          0.2373487335799759E-11
                          0.2510222169241532E-11
                          0.8222680345812653E-11
                          0.3393281812542723E-11
                          0.2017636834960959E-07
                          0.6184259273511153E-04
                          0.9218287144112244E-10
                          0.1034023891641067E-10
                          0.3825749936295303E-11
                          0.4405908852141140E-11
                          0.1132411185225266E-08
                          0.1884694531347325E-08
                          0.1321933712163834E-05
                          0.5093548122891565E-06
                          0.5521378491178256E-11
                          0.5112742276569033E-11
                          0.5348204950680172E-11
                          0.5599818661468902E-11
                          0.1499964157347075E-10
                          0.9465126489558376E-08
                          0.2992648821128316E-03
                          0.1084206117012077E-02
                          0.1657776168293744E-04
                          0.1903539053563322E-04
                          0.3719859833264266E-06
                          0.2329738535474111E-10
                          0.8267810929179650E-11
                          0.8635026774025214E-11
                          0.2833948826439763E-10
                          0.1535635535992355E-09
                          0.1184843849189525E-10
                          0.1048266000159715E-10
                          0.8647373471972058E-08
                          0.5729526294516189E-10
                          0.8304123398275157E-10
                          0.1301867184192421E-10
                          0.1223620605247068E-10
                          0.1271350845582678E-10
                          0.1333490382238197E-10
                          0.1600525254359029E-10
                          0.1462421172664895E-10
                          0.1469272817184774E-10
                          0.1521443354268563E-10
                          0.1575975871866856E-10
                          0.1631997501290709E-10
                          0.1689547582369882E-10
                          0.1748469626362370E-10
                          0.1809557284233436E-10
                          0.2052912069601535E-10
                          0.1132875084925570E-08
                          0.2009928298707995E-10
                          0.2066969058694668E-10
                          0.2208041421878087E-10
                          0.2206273531175332E-10
                          0.2613313406487261E-08
                          0.2367247436859599E-10
                          0.2436027300221001E-10
                          0.2601146901063623E-10
                          0.2583862913798144E-10
                          0.2664970128299693E-10
                          0.2756487958289541E-10
                          0.2893940964682186E-10
                          0.7327494721216342E-08
                          0.2402908181830561E-08
                          0.3108612133801791E-10
                          0.3194086835996931E-10
                          0.5982474187441920E-10
                          0.3464012468220795E-10
                          0.5202551776592009E-10
                          0.4881028633595493E-09
                          0.1237087784963852E-08
                          0.4482158188977930E-06
                          0.1202108142001731E-07
                          0.5009181534261740E-06
                          0.7188818735651118E-06
                          0.3314696781887459E-08
                          0.1321219419615632E-04
                          0.4517429572940122E-06
                          0.8826503452635927E-06
                          0.6037958578494166E-09
                          0.4850974836656138E-10
                          0.4999170218138614E-10
                          0.5210408217481562E-10
                          0.4988309225012339E-08
                          0.5411796613545806E-10
                          0.5538616924244725E-10
                          0.5668331478032451E-10
                          0.5813365546564087E-10
                          0.6102198313255285E-10
                          0.9015686108756696E-09
                          0.6643697488769190E-10
                          0.6424087633497152E-10
                          0.6584140983151171E-10
                          0.6747152055409391E-10
                          0.6913186194967057E-10
                          0.2643963116200397E-06
                          0.7257351273567559E-10
                          0.7432334509859110E-10
                          0.7608159894188101E-10
                          0.7789779703857796E-10
                          0.7974648022880146E-10
                          0.8162788335826046E-10
                          0.8354517827773338E-10
                          0.8549569507194384E-10
                          0.8871893161489679E-10
                          0.8949415982630652E-10
                          0.3359210477270425E-05
                          0.9362800049664034E-10
                          0.1042391341749735E-09
                          0.9829120163547763E-10
                          0.1001914920313556E-09
                          0.1023378618183229E-09
                          0.1648965089170950E-08
                          0.1077077448041313E-09
                          0.1745176456995333E-09
                          0.6062182934804779E-04
                          0.1160981142377475E-09
                          0.1167414267764251E-09
                          0.1252514174517754E-09
                          0.1984454284306340E-09
                          0.1645733782341281E-09
                          0.1626985117551123E-09
                          0.3982881926968438E-08
                          0.5377768884636772E-09
                          0.4925609376174240E-08
                          0.3103871659646624E-08
                          0.7274035658368772E-05
                          0.8161854616770709E-08
                          0.1169665142967338E-07
                          0.1134959163096655E-07
                          0.1618537344412013E-09
                          0.1756635701827969E-09
                          0.6272895875972099E-09
                          0.6567650036544548E-06
                          0.2829175253775096E-09
                          0.1680145602110367E-09
                          0.1713159433716116E-09
                          0.1745882758053318E-09
                          0.1780316752039080E-09
                          0.1825979501527859E-09
                          0.1855050711425024E-09
                          0.2166185336761380E-09
                          0.2319309053055984E-09
                          0.1955818425480080E-09
                          0.1992676597124301E-09
                          0.2032089684325930E-09
                          0.2067832399987377E-09
                          0.2106034888786714E-09
                          0.2144937156612660E-09
                          0.2184375910183775E-09
                          0.2224366880771563E-09
                          0.2264882834024297E-09
                          0.2305963150526623E-09
                          0.2347596791427489E-09
                          0.2389790123980209E-09
                          0.2432634493749347E-09
                          0.2476947006134508E-09
                          0.2519817676743680E-09
                          0.2564307064531746E-09
                          0.2609363971719554E-09
                          0.2655159813231192E-09
                          0.2701427096564567E-09
                          0.2759308682730220E-09
                          0.2797283437384369E-09
                          0.3838358977135325E-09
                          0.2892575775137515E-09
                          0.2942070406732430E-09
                          0.8915249906457185E-09
                          0.3514527132467565E-09
                          0.3096240724503049E-09
                          0.1216124062915913E-07
                          0.3212360260653358E-09
                          0.3342464615661532E-09
                          0.3314713221117142E-09
                          0.3380950913227523E-09
                          0.3426506510445536E-09
                          0.8051854696436840E-08
                          0.3685889841900932E-09
                          0.4541940841754266E-09
                          0.3952312376183023E-09
                          0.3737567378445599E-09
                          0.3784502471687861E-09
                          0.4914761771249782E-07
                          0.5936504771369207E-09
                          0.3952630892754156E-09
                          0.4005466899991874E-09
                          0.4067562975956576E-09
                          0.4137089410329873E-09
                          0.4215555214953889E-09
                          0.4389388266224470E-09
                          0.4342970522015505E-09
                          0.4400469446362052E-09
                          0.4460806431442567E-09
                          0.4529021077300709E-09
                          0.4598047096073173E-09
                          0.4700362987116142E-09
                          0.5576035707025139E-09
                          0.5170818777372033E-09
                          0.4882718986284610E-09
                          0.5175211958456854E-09
                          0.5045917151216761E-09
                          0.5103871657707276E-09
                          0.5178762210324498E-09
                          0.5761594026967073E-09
                          0.5538043094492821E-09
                          0.5462464159672803E-09
                          0.5813210042611464E-09
                          0.8633764367993573E-09
                          0.1353558929262742E-08
                          0.5746779376458235E-09
                          0.5812924559868244E-09
                          0.5896134703040832E-09
                          0.5980159017552367E-09
                          0.6065116041348114E-09
                          0.6151909865435339E-09
                          0.6237772874533251E-09
                          0.3933217785149717E-08
                          0.6414067217345601E-09
                          0.6503600279167769E-09
                          0.6594101872912741E-09
                          0.6689159055389411E-09
                          0.1222160840029940E-08
                          0.6877937374800727E-09
                          0.6966239777158722E-09
                          0.7060732507263849E-09
                          0.7169827639960567E-09
                          0.7254266066327662E-09
                          0.7369744689697407E-09
                          0.7464095725908115E-09
                          0.7551634883873878E-09
                          0.7652888811736835E-09
                          0.7755050881903358E-09
                          0.7888759118168385E-09
                          0.8027377619414023E-09
                          0.8072466435891347E-09
                          0.8198571388471973E-09
                          0.8281372560323026E-09
                          0.8390163808291160E-09
                          0.9628756548381510E-09
                          0.8612786622902582E-09
                          0.8721399881684320E-09
                          0.8834098648147650E-09
                          0.8947884520505477E-09
                          0.9062910016423392E-09
                          0.9178956624801066E-09
                          0.9297705832603097E-09
                          0.9416264956366224E-09
                          0.9533968656354191E-09
                          0.9655163975411617E-09
                          0.9776944100058607E-09
                          0.9898344088533096E-09
                          0.1002540783111713E-08
                          0.1056602896531100E-08
                          0.1031902150678962E-08
                          0.1105979105226672E-08
                          0.1053032292331358E-08
                          0.1223704513959930E-08
                          0.3723074827170096E-04
                          0.1092709650589397E-08
                          0.1105718115086359E-08
                          0.1127509824239326E-08
                          0.1202448084293266E-08
                          0.1146340803899465E-08
                          0.1160152628870507E-08
                          0.1174107294602287E-08
                          0.1188187042713861E-08
                          0.1202393592928128E-08
                          0.1216727425178113E-08
                          0.1231215715023732E-08
                          0.1245778908072084E-08
                          0.1260500082188317E-08
                          0.1275347681665641E-08
                          0.1290328782224340E-08
                          0.1305439137474582E-08
                          0.1320683218922769E-08
                          0.1336085576368869E-08
                          0.2128434209009458E-08
                          0.1369004083071771E-08
                          0.1383001430801410E-08
                          0.1398916246005340E-08
                          0.1414970445903978E-08
                          0.1431167829236721E-08
                          0.2311254806011331E-08
                          0.1464023694930485E-08
                          0.1480573784792137E-08
                          0.1497324912794324E-08
                          0.1514249337175458E-08
                          0.6262300840240753E-08
                          0.1548457759098661E-08
                          0.1565755307075493E-08
                          0.1583223283940554E-08
                          0.1683391125949029E-08
                          0.1618597268044412E-08
                          0.1636505081596061E-08
                          0.1654565738667382E-08
                          0.1672769549494746E-08
                          0.1691120194390865E-08
                          0.1709625567556230E-08
                          0.1728282151617025E-08
                          0.1784924928461691E-08
                          0.1766058753792395E-08
                          0.1785189011536430E-08
                          0.1804441514585917E-08
                          0.1823871816597138E-08
                          0.1920710995646271E-08
                          0.1865032320372039E-08
                          0.1883088519172497E-08
                          0.1903148234549549E-08
                          0.1923372543663841E-08
                          0.1944222365866850E-08
                          0.1968558477811874E-08
                          0.1984981874430192E-08
                          0.2005845586062401E-08
                          0.2026954724762980E-08
                          0.2048139241126985E-08
                          0.2069430131983078E-08
                          0.2090953108216818E-08
                          0.2112646654788493E-08
                          0.2134508593709348E-08
                          0.2156539775260891E-08
                          0.2178741258620936E-08
                          0.2201113331556013E-08
                          0.2223657603578551E-08
                          0.2246378867297337E-08
                          0.2269264854280591E-08
                          0.2292329769747251E-08
                          0.2315570093743305E-08
                          0.2338986707481176E-08
                          0.2362580520663138E-08
                          0.2386352293758469E-08
                          0.2410303143259176E-08
                          0.2434434229732189E-08
                          0.2458745001141597E-08
                          0.2483237936352968E-08
                          0.2507913436952014E-08
                          0.2532772383671248E-08
                          0.2557817023688014E-08
                          0.2583045493633889E-08
                          0.2608458939263533E-08
                          0.2634899445840669E-08
                          0.2660090500926136E-08
                          0.2685829259221963E-08
                          0.2711998340601191E-08
                          0.2738357426817554E-08
                          0.2764908134248339E-08
                          0.2791651914961467E-08
                          0.2818589181691001E-08
                          0.2845720512351531E-08
                          0.2873053507447029E-08
                          0.2900588001423902E-08
                          0.2928291646529720E-08
                          0.2956217150507270E-08
                          0.3031392564719541E-08
                          0.3013293902641168E-08
                          0.3041173938660057E-08
                          0.3069887112274134E-08
                          0.3098812400445101E-08
                          0.3127958969618071E-08
                          0.3157928533610334E-08
                          0.3188571883989622E-08
                          0.3216972865043631E-08
                          0.3246544388200113E-08
                          0.3369437229990146E-08
                          0.3331122105332981E-08
                          0.3337625866281160E-08
                          0.3368420139126677E-08
                          0.3399426385346650E-08
                          0.3430646630389504E-08
                          0.3462156104923687E-08
                          0.3493731475968782E-08
                          0.3525598157449467E-08
                          0.3557682382763042E-08
                          0.3589985103172807E-08
                          0.3622507319044151E-08
                          0.3656728155734921E-08
                          0.3688215127459933E-08
                          0.3721401184975746E-08
                          0.3754810715140463E-08
                          0.3788445201447730E-08
                          0.3822305163292595E-08
                          0.3856391598373644E-08
                          0.3890705499813828E-08
                          0.3925247882585384E-08
                          0.3960019766628226E-08
                          0.3995037934165313E-08
                          0.4030256631396185E-08
                          0.4065723050282972E-08
                          0.4101435678355524E-08
                          0.4137384897587294E-08
                          0.4173618399244216E-08
                          0.4209934326935964E-08
                          0.4246578890951543E-08
                          0.4283462157025761E-08
                          0.4320585141298481E-08
                          0.4357948916846118E-08
                          0.4395554507363014E-08
                          0.4433402953860885E-08
                          0.4471530772430613E-08
                          0.4509832684353464E-08
                          0.4548415874280299E-08
                          0.4587246200861408E-08
                          0.4626324621757737E-08
                          0.4665652192672522E-08
                          0.4705229969919908E-08
                          0.4745063615541366E-08
                          0.4785142609305344E-08
                          0.4825475145098541E-08
                          0.4866064354804419E-08
                          0.4906909094841434E-08
                          0.4948010440160737E-08
                          0.4989386845337001E-08
                          0.5030988583162912E-08
                          0.5072865191588294E-08
                          0.5115003176309230E-08
                          0.5157403603084247E-08
                          0.5200067119729589E-08
                          0.5242994926269361E-08
                          0.5286187637495497E-08
                          0.5329646816086561E-08
                          0.5373373434218247E-08
                          0.5417368569944392E-08
                          0.5461633334954864E-08
                          0.5506171362953790E-08
                          0.5550976035937089E-08
                          0.5596056206244265E-08
                          0.5641410405858415E-08
                          0.5687039786851880E-08
                          0.5732946793940800E-08
                          0.5779128219068133E-08
                          0.5825589616737234E-08
                          0.5872330756211813E-08
                          0.5919354043808182E-08
                          0.5966655755450009E-08
                          0.6014242308737159E-08
                          0.6062112953430644E-08
                          0.6110273183536240E-08
                          0.6158971723186326E-08
                          0.6207440241715347E-08
                          0.6256458298276675E-08
                          0.6305771504620625E-08
                          0.6355876432125161E-08
                          0.6405255539672519E-08
                          0.6455439417769688E-08
                          0.6505917651676072E-08
                          0.6556691343945551E-08
                          0.6607761699439198E-08
                          0.6659129773651887E-08
                          0.6710796688903400E-08
                          0.6762763743593310E-08
                          0.6815032033276415E-08
                          0.6867602717268057E-08
                          0.6920476962096416E-08
                          0.6973655933274128E-08
                          0.7027140799363165E-08
                          0.7080932731161756E-08
                          0.7135032902032474E-08
                          0.7189442568774507E-08
                          0.7244162662512094E-08
                          0.7299210069378662E-08
                          0.7354539513131361E-08
                          0.7410198548330352E-08
                          0.7466172957831922E-08
                          0.7522464753507656E-08
                          0.7579072362984321E-08
                          0.7635999837747887E-08
                          0.7693247404621380E-08
                          0.7750816261217444E-08
                          0.7808707607741375E-08
                          0.7866922645300891E-08
                          0.7925462582607037E-08
                          0.7984328622373950E-08
                          0.8043522054263701E-08
                          0.8103043898782047E-08
                          0.8162895495053101E-08
                          0.8234253511855938E-08
                          0.8283592724629677E-08
                          0.8344440844769063E-08
                          0.8405623581505292E-08
                          0.8467142242643064E-08
                          0.8528997755505216E-08
                          0.8591192066519718E-08
                          0.8653725692671641E-08
                          0.8716604397747434E-08
                          0.8779815494771721E-08
                          0.8843375690838562E-08
                          0.8907278978271465E-08
                          0.8971544037134690E-08
                          0.9036127616285097E-08
                          0.9101069733548885E-08
                          0.9166363919223450E-08
                          0.9232009060297497E-08
                          0.9298006451418515E-08
                          0.9364421624619240E-08
                          0.9431065257216973E-08
                          0.9498120666100557E-08
                          0.9565537957667296E-08
                          0.9633313484362943E-08
                          0.9701448519208212E-08
                          0.9769944382909019E-08
                          0.9838802306385271E-08
                          0.9908023573107727E-08
                          0.9977609455905319E-08
                          0.1004756123160702E-07
                          0.1011788019338658E-07
                          0.1018856777506673E-07
                          0.1025962520759416E-07
                          0.1033105437515208E-07
                          0.1040285341684478E-07
                          0.1047502751944750E-07
                          0.1054757652910761E-07
                          0.1062050173816213E-07
                          0.1069380444513639E-07
                          0.1076748595044240E-07
                          0.1084154755685456E-07
                          0.1091599060088427E-07
                          0.1099081630031649E-07
                          0.1106602604339503E-07
                          0.1114162112620897E-07
                          0.1121760285826636E-07
                          0.1129397255321713E-07
                          0.1137073153148817E-07
                          0.1144788111451963E-07
                          0.1152542262189193E-07
                          0.1160335738176162E-07
                          0.1168168672047406E-07
                          0.1176041196884211E-07
                          0.1183953445965140E-07
                          0.1191905551906530E-07
                          0.1199897729827491E-07
                          0.1207931384577131E-07
                          0.1216002352198502E-07
                          0.1224115226640069E-07
                          0.1232268635238324E-07
                          0.1240462724353200E-07
                          0.1248697863381527E-07
                          0.1256973350599489E-07
                          0.1265290214491119E-07
                          0.1273648297842235E-07
                          0.1282047737967265E-07
                          0.1290488787968517E-07
                          0.1298971063632326E-07
                          0.1307508025413855E-07
                          0.1316061455989122E-07
                          0.1324669594245360E-07
                          0.1333319916095174E-07
                          0.1342012502254604E-07
                          0.1350747543876867E-07
                          0.1359525157933600E-07
                          0.1368345482609745E-07
                          0.1377208656199484E-07
                          0.1386114817263627E-07
                          0.1395065041693889E-07
                          0.1404056657095259E-07
                          0.1413092613999094E-07
                          0.1422172114844927E-07
                          0.1431295299251192E-07
                          0.1440462307102438E-07
                          0.1449673278516409E-07
                          0.1458928353827464E-07
                          0.1468227674262632E-07
                          0.1477571378616046E-07
                          0.1486959912250655E-07
                          0.1496392592523608E-07
                          0.1505870216339955E-07
                          0.1515392875691288E-07
                          0.1524960689413977E-07
                          0.1534573613715140E-07
                          0.1544231973444468E-07
                          0.1553935855500280E-07
                          0.1563685399926426E-07
                          0.1573480749743752E-07
                          0.1583322048197006E-07
                          0.1593209438767860E-07
                          0.1603143112046845E-07
                          0.1613123071184351E-07
                          0.1623149601089369E-07
                          0.1633222799219153E-07
                          0.1643342810149299E-07
                          0.1653509778759196E-07
                          0.1663723850876358E-07
                          0.1673985168995072E-07
                          0.1684293895577622E-07
                          0.1694650132996772E-07
                          0.1705054069663932E-07
                          0.1715505838977940E-07
                          0.1726005629848405E-07
                          0.1736553452049235E-07
                          0.1747149592370775E-07
                          0.1757794152503943E-07
                          0.1768487296975600E-07
                          0.1779229129159210E-07
                          0.1790019807876150E-07
                          0.1800859513210929E-07
                          0.1811748375183385E-07
                          0.1822686542140812E-07
                          0.1833674162699245E-07
                          0.1844711386080261E-07
                          0.1855798360203299E-07
                          0.1882644460927038E-07
                          0.1878122161812947E-07
                          0.1889359286495499E-07
                          0.1900646762006280E-07
                          0.1911984737660072E-07
                          0.1923373364010341E-07
                          0.1934812791258782E-07
                          0.1946303170655658E-07
                          0.1957844653133806E-07
                          0.1969437389971035E-07
                          0.1981081533614682E-07
                          0.1992777411394735E-07
                          0.2004524643760938E-07
                          0.2067274274144127E-07
                          0.2028175200829239E-07
                          0.2040078653947816E-07
                          0.2052034429659651E-07
                          0.2064042679897958E-07
                          0.2076103543142024E-07
                          0.2088217194215261E-07
                          0.2100383778718635E-07
                          0.2112603451085284E-07
                          0.2124876373578406E-07
                          0.2137202673476669E-07
                          0.2149582541759519E-07
                          0.2162016108285987E-07
                          0.2174503526782662E-07
                          0.2187044989839932E-07
                          0.2199640581625731E-07
                          0.2212290522137649E-07
                          0.2224994955392521E-07
                          0.2237754020939805E-07
                          0.2250567869446508E-07
                          0.2263436681479677E-07
                          0.2276360602995544E-07
                          0.2289339874718262E-07
                          0.2302374403030845E-07
                          0.2315464596565956E-07
                          0.2328610529461149E-07
                          0.2365226048493274E-07
                          0.2355070244286400E-07
                          0.2368384343519536E-07
                          0.2381754827163915E-07
                          0.2395181818665791E-07
                          0.2408665512589238E-07
                          0.2422206056459530E-07
                          0.2435803609859614E-07
                          0.2449458332606903E-07
                          0.2463170384923716E-07
                          0.2476939926259473E-07
                          0.2490767117920962E-07
                          0.2504652120313831E-07
                          0.2518595094345280E-07
                          0.2532596201150504E-07
                          0.2546655602088227E-07
                          0.2560773461141546E-07
                          0.2574949932915564E-07
                          0.2589185328033023E-07
                          0.2603479386686873E-07
                          0.2617832681981872E-07
                          0.2632245248772376E-07
                          0.2646717249154453E-07
                          0.2661248835942456E-07
                          0.2675840675638221E-07
                          0.2690491447948974E-07
                          0.2705202798321530E-07
                          0.2719974396915957E-07
                          0.2734948211266547E-07
                          0.2749701250195556E-07
                          0.2764652322117865E-07
                          0.2779666554680336E-07
                          0.2794741860721830E-07
                          0.2809878403080145E-07
                          0.2825076348129478E-07
                          0.2840335861465499E-07
                          0.2855657109104940E-07
                          0.2871040257359515E-07
                          0.2886485472722091E-07
                          0.2901992921915540E-07
                          0.2917562771896123E-07
                          0.2933195190796161E-07
                          0.2948890343152650E-07
                          0.2964648429730636E-07
                          0.2980469526453599E-07
                          0.2996353892403246E-07
                          0.3012301667039979E-07
                          0.3028313014354942E-07
                          0.3044388107609017E-07
                          0.3060527114255242E-07
                          0.3076730203482431E-07
                          0.3092997544688479E-07
                          0.3109329307518995E-07
                          0.3125725661826487E-07
                          0.3142186777711438E-07
                          0.3158712825419347E-07
                          0.3175303975725638E-07
                          0.3191960411332139E-07
                          0.3208682266358243E-07
                          0.3225469748842905E-07
                          0.3242323018263249E-07
                          0.3259242246065397E-07
                          0.3276227604118765E-07
                          0.3293279264653479E-07
                          0.3310397399575823E-07
                          0.3327582182749642E-07
                          0.3344833785848143E-07
                          0.3362152379242312E-07
                          0.3379538140708958E-07
                          0.3396991241525754E-07
                          0.3414511855731664E-07
                          0.3432100157059511E-07
                          0.3449756319647010E-07
                          0.3467480517805741E-07
                          0.3485272927543944E-07
                          0.3503133719390302E-07
                          0.3521063072380045E-07
                          0.3539061242486705E-07
                          0.3557128159735994E-07
                          0.3575264244450144E-07
                          0.3593469591637174E-07
                          0.3611744377087853E-07
                          0.3630088786188968E-07
                          0.3648502968363073E-07
                          0.3666987127541374E-07
                          0.3685541653458889E-07
                          0.3704166058052235E-07
                          0.3722861184334443E-07
                          0.3741626987750125E-07
                          0.3760463646106206E-07
                          0.3779371351008855E-07
                          0.3798350243344897E-07
                          0.3817400538104314E-07
                          0.3836522400787558E-07
                          0.3855716010550123E-07
                          0.3874981549317680E-07
                          0.3894319194958088E-07
                          0.3913729127168842E-07
                          0.3933211525867202E-07
                          0.3952766571199922E-07
                          0.3972394443533313E-07
                          0.3992095323458552E-07
                          0.4011869391810226E-07
                          0.4031716829598912E-07
                          0.4051637818062746E-07
                          0.4071632538726338E-07
                          0.4091701177683645E-07
                          0.4111843903715145E-07
                          0.4132060912117794E-07
                          0.4152352380893808E-07
                          0.4172718504426505E-07
                          0.4193159430190704E-07
                          0.4213675378597135E-07
                          0.4234266515125476E-07
                          0.4254933029282844E-07
                          0.4275675102788742E-07
                          0.4296492920258523E-07
                          0.4317386663848058E-07
                          0.4338356519964820E-07
                          0.4359402672553076E-07
                          0.4380525306453362E-07
                          0.4401724606729882E-07
                          0.4423000758667721E-07
                          0.4444353947780084E-07
                          0.4465784359800791E-07
                          0.4487292180688041E-07
                          0.4508877596624953E-07
                          0.4530540794021747E-07
                          0.4552281959485563E-07
                          0.4574101279893656E-07
                          0.4595998942314068E-07
                          0.4617975134045929E-07
                          0.4640030042613720E-07
                          0.4662163855764765E-07
                          0.4684376761473238E-07
                          0.4706668949187501E-07
                          0.4729040603541950E-07
                          0.4751491917079663E-07
                          0.4774023077069432E-07
                          0.4796634272933122E-07
                          0.4819325693972713E-07
                          0.4842097529544102E-07
                          0.4864949969365428E-07
                          0.4887883204693312E-07
                          0.4910897422462940E-07
                          0.4933992816295639E-07
                          0.4957169578092471E-07
                          0.4980427891782255E-07
                          0.5003767955472251E-07
                          0.5027189958005381E-07
                          0.5050694126300885E-07
                          0.5074280546453316E-07
                          0.5097949516086565E-07
                          0.5121701192210298E-07
                          0.5145535767268040E-07
                          0.5169453433926918E-07
                          0.5193454385095990E-07
                          0.5217538813834797E-07
                          0.5241706913536227E-07
                          0.5265958877762248E-07
                          0.5290294900640653E-07
                          0.5314715175041335E-07
                          0.5339219896373043E-07
                          0.5363809258693721E-07
                          0.5388483456683190E-07
                          0.5413242685244843E-07
                          0.5438087139505843E-07
                          0.5463017014816822E-07
                          0.5488032506761888E-07
                          0.5513133811113153E-07
                          0.5538321123911475E-07
                          0.5563594645005054E-07
                          0.5588954563268946E-07
                          0.5614401076550442E-07
                          0.5639934387816470E-07
                          0.5665554690989506E-07
                          0.5691262183431236E-07
                          0.5717057062730208E-07
                          0.5742939526696873E-07
                          0.5768909773420907E-07
                          0.5794968001024082E-07
                          0.5821114408062406E-07
                          0.5847349193278067E-07
                          0.5873672555568960E-07
                          0.5900084694090795E-07
                          0.5926585808209876E-07
                          0.5953176097535494E-07
                          0.5979855761923794E-07
                          0.6006625001315243E-07
                          0.6033484016084893E-07
                          0.6060433007344209E-07
                          0.6087472173859215E-07
                          0.6114601718527364E-07
                          0.6141821841848941E-07
                          0.6169132745227184E-07
                          0.6196534630279135E-07
                          0.6224027698868813E-07
                          0.6251612153054051E-07
                          0.6279288194859352E-07
                          0.6307056027154787E-07
                          0.6334915852530504E-07
                          0.6362867873941818E-07
                          0.6390912312773318E-07
                          0.6419049317800876E-07
                          0.6447279147277123E-07
                          0.6475601993691099E-07
                          0.6504018040563916E-07
                          0.6532527512743435E-07
                          0.6561130607938601E-07
                          0.6589827530772309E-07
                          0.6618618486331923E-07
                          0.6647503679767229E-07
                          0.6676483316492926E-07
                          0.6705557602146732E-07
                          0.6734726742589495E-07
                          0.6763990943906742E-07
                          0.6793350412406939E-07
                          0.6822805354622345E-07
                          0.6852355977313700E-07
                          0.6882002487446022E-07
                          0.6911745092236975E-07
                          0.6941583999108512E-07
                          0.6971519415743682E-07
                          0.7001551549953929E-07
                          0.7031680609829468E-07
                          0.7061906803763449E-07
                          0.7092230340266871E-07
                          0.7122651428538344E-07
                          0.7153170276283790E-07
                          0.7183787094158663E-07
                          0.7214502090696643E-07
                          0.7245315476399469E-07
                          0.7276227459931017E-07
                          0.7307238252461023E-07
                          0.7338348063970232E-07
                          0.7369557105018000E-07
                          0.7400865586380763E-07
                          0.7432273719068191E-07
                          0.7463781714307210E-07
                          0.7495389783549920E-07
                          0.7527098138472166E-07
                          0.7558906990998902E-07
                          0.7590816553176497E-07
                          0.7622827037503980E-07
                          0.7654938656642540E-07
                          0.7687151622584877E-07
                          0.7719466149389886E-07
                          0.7751882449701881E-07
                          0.7784400737205167E-07
                          0.7817021225552076E-07
                          0.7849744128646203E-07
                          0.7882569662892091E-07
                          0.7915498035929026E-07
                          0.7948529468786513E-07
                          0.7981664174413954E-07
                          0.8014902367691645E-07
                          0.8048244263890199E-07
                          0.8081690078441683E-07
                          0.8115240027094680E-07
                          0.8148894325961106E-07
                          0.8182653190572178E-07
                          0.8216516837920439E-07
                          0.8250485484394130E-07
                          0.8284559346812395E-07
                          0.8318738650340506E-07
                          0.8353023587878370E-07
                          0.8387414401282792E-07
                          0.8421911300145398E-07
                          0.8456514502403598E-07
                          0.8491224226246620E-07
                          0.8526040689974855E-07
                          0.8560964112280963E-07
                          0.8595994711968818E-07
                          0.8631132708094022E-07
                          0.8666378319935821E-07
                          0.8701731766997069E-07
                          0.8737193269004286E-07
                          0.8772763045907834E-07
                          0.8808441317880762E-07
                          0.8844228305321230E-07
                          0.8880124228849879E-07
                          0.8916129309311530E-07
                          0.8952243767774561E-07
                          0.8988467825530366E-07
                          0.9024801704095131E-07
                          0.9061245625207604E-07
                          0.9097799811303164E-07
                          0.9134464483819340E-07
                          0.9171239864578815E-07
                          0.9208126177751241E-07
                          0.9245123678889453E-07
                          0.9282232490960141E-07
                          0.9319452937389672E-07
                          0.9356785208331468E-07
                          0.9394229527568269E-07
                          0.9431786118984659E-07
                          0.9469455206865806E-07
                          0.9507237015610685E-07
                          0.9545131779527832E-07
                          0.9583139694521600E-07
                          0.9621261014595114E-07
                          0.9659495955485012E-07
                          0.9697844742704639E-07
                          0.9736307602018320E-07
                          0.9774884759414227E-07
                          0.9813576441104153E-07
                          0.9852382873523721E-07
                          0.9891304283331452E-07
                          0.9930340897410590E-07
                          0.9969492942867269E-07
                          0.1000876064703459E-06
                          0.1004814423745676E-06
                          0.1008764394192038E-06
                          0.1012725998844647E-06
                          0.1016699260523872E-06
                          0.1020684202066781E-06
                          0.1024680846352953E-06
                          0.1028689216267014E-06
                          0.1032709334854465E-06
                          0.1036741224648771E-06
                          0.1040784909007355E-06
                          0.1044840410775611E-06
                          0.1048907752954892E-06
                          0.1052986958568912E-06
                          0.1057078050663752E-06
                          0.1061181052307854E-06
                          0.1065295986592024E-06
                          0.1069422876657386E-06
                          0.1073561745555606E-06
                          0.1077712616528445E-06
                          0.1081875512728205E-06
                          0.1086050457358268E-06
                          0.1090237473641338E-06
                          0.1094436584829012E-06
                          0.1098647814184332E-06
                          0.1102871185012035E-06
                          0.1107106720604324E-06
                          0.1111354444318356E-06
                          0.1115614379506350E-06
                          0.1119886549559680E-06
                          0.1124170977853770E-06
                          0.1128467687841672E-06
                          0.1132776702965040E-06
                          0.1137098046693234E-06
                          0.1141431742520336E-06
                          0.1145777813963072E-06
                          0.1150136284555705E-06
                          0.1154507178070541E-06
                          0.1158890517464897E-06
                          0.1163286353558790E-06
                          0.1167694629999716E-06
                          0.1172115450209514E-06
                          0.1176548811269777E-06
                          0.1180994736875118E-06
                          0.1185453250752872E-06
                          0.1189924376611279E-06
                          0.1194408138243133E-06
                          0.1198904559422929E-06
                          0.1203413663960262E-06
                          0.1207935475670594E-06
                          0.1212470018703401E-06
                          0.1217017316073901E-06
                          0.1221577392531918E-06
                          0.1226150271711428E-06
                          0.1230735977552708E-06
                          0.1235334534018658E-06
                          0.1239945965094676E-06
                          0.1244570294788454E-06
                          0.1249207547130211E-06
                          0.1253857746171738E-06
                          0.1258520915988511E-06
                          0.1263197080677392E-06
                          0.1267886264382937E-06
                          0.1272588491172005E-06
                          0.1277303785305793E-06
                          0.1282032170880008E-06
                          0.1286773672169502E-06
                          0.1291528313383637E-06
                          0.1296296118776101E-06
                          0.1301077112622939E-06
                          0.1305871319222570E-06
                          0.1310678762901779E-06
                          0.1315499467985677E-06
                          0.1320333458858497E-06
                          0.1325180759899991E-06
                          0.1330041395522492E-06
                          0.1334915390157893E-06
                          0.1339802768261153E-06
                          0.1344703554311992E-06
                          0.1349617772810876E-06
                          0.1354545448265058E-06
                          0.1359486606295383E-06
                          0.1364441268284075E-06
                          0.1369409462003237E-06
                          0.1374391210996635E-06
                          0.1379386539904400E-06
                          0.1384395473426899E-06
                          0.1389418036105785E-06
                          0.1394454252778868E-06
                          0.1399504148122816E-06
                          0.1404567746883688E-06
                          0.1409645073830552E-06
                          0.1414736153753319E-06
                          0.1419841011467350E-06
                          0.1424959671799108E-06
                          0.1430092159615044E-06
                          0.1435238499791978E-06
                          0.1440398717232126E-06
                          0.1445572836860275E-06
                          0.1450760883623184E-06
                          0.1455962882495988E-06
                          0.1461178858451931E-06
                          0.1466408836524117E-06
                          0.1471652841742455E-06
                          0.1476910899165699E-06
                          0.1482183033875119E-06
                          0.1487469270974469E-06
                          0.1492769635618759E-06
                          0.1498084152937587E-06
                          0.1503412848000725E-06
                          0.1508755746116433E-06
                          0.1514112872497772E-06
                          0.1519484252359163E-06
                          0.1524869910960633E-06
                          0.1530269873584649E-06
                          0.1535684165535735E-06
                          0.1541112812141237E-06
                          0.1546555838750558E-06
                          0.1552013270735542E-06
                          0.1557485133490393E-06
                          0.1562971452431683E-06
                          0.1568472252998343E-06
                          0.1573987560651668E-06
                          0.1579517400875318E-06
                          0.1585061799371520E-06
                          0.1590620781080581E-06
                          0.1596194372140234E-06
                          0.1601782597929023E-06
                          0.1607385484041877E-06
                          0.1613003056096830E-06
                          0.1618635339733474E-06
                          0.1624282360614990E-06
                          0.1629944144426090E-06
                          0.1635620716877691E-06
                          0.1641312103688588E-06
                          0.1647018330621650E-06
                          0.1652739423451098E-06
                          0.1658475408270185E-06
                          0.1664226313182229E-06
                          0.1669992157823589E-06
                          0.1675772969951147E-06
                          0.1681568779640164E-06
                          0.1687379610338189E-06
                          0.1693205487975585E-06
                          0.1699046438506991E-06
                          0.1704902487905490E-06
                          0.1710773662171468E-06
                          0.1716659987324505E-06
                          0.1722561489417983E-06
                          0.1728478194485068E-06
                          0.1734410128645154E-06
                          0.1740357317997424E-06
                          0.1746319788674065E-06
                          0.1752297566902960E-06
                          0.1758290678641033E-06
                          0.1764299150307560E-06
                          0.1770323008051871E-06
                          0.1776362278114870E-06
                          0.1782416986766119E-06
                          0.1788487160372495E-06
                          0.1794572825007049E-06
                          0.1800674007241441E-06
                          0.1806790733352062E-06
                          0.1812923029720702E-06
                          0.1819070922740174E-06
                          0.1825234438834960E-06
                          0.1831413604457347E-06
                          0.1837608446068454E-06
                          0.1843818990160268E-06
                          0.1850045263264824E-06
                          0.1856287291873336E-06
                          0.1862545102557988E-06
                          0.1868818721920869E-06
                          0.1875108176553164E-06
                          0.1881413493434766E-06
                          0.1887734698125883E-06
                          0.1894071818388130E-06
                          0.1900424880547482E-06
                          0.1906793911317561E-06
                          0.1913178937434366E-06
                          0.1919579985656298E-06
                          0.1925997082767399E-06
                          0.1932430255560480E-06
                          0.1938879530874040E-06
                          0.1945344935544355E-06
                          0.1951826496451322E-06
                          0.1958324240537948E-06
                          0.1964838194554854E-06
                          0.1971368385596792E-06
                          0.1977914840580070E-06
                          0.1984477586483746E-06
                          0.1991056650307250E-06
                          0.1997652059081958E-06
                          0.2004263839855509E-06
                          0.2010892019702518E-06
                          0.2017536625706731E-06
                          0.2024197684994528E-06
                          0.2030875224701004E-06
                          0.2037569271987055E-06
                          0.2044279854035931E-06
                          0.2051006998056213E-06
                          0.2057750731267495E-06
                          0.2064511080927525E-06
                          0.2071288074469008E-06
                          0.2078081738702068E-06
                          0.2084892101428598E-06
                          0.2091719189826908E-06
                          0.2098563031259152E-06
                          0.2105423653109857E-06
                          0.2112301082785914E-06
                          0.2119195347716564E-06
                          0.2126106475386758E-06
                          0.2133034493170466E-06
                          0.2139979428664030E-06
                          0.2146941309352895E-06
                          0.2153920162786291E-06
                          0.2160916016502688E-06
                          0.2167928898112987E-06
                          0.2174958835216947E-06
                          0.2182005855456009E-06
                          0.2189069986809120E-06
                          0.2196151255907791E-06
                          0.2203249691523101E-06
                          0.2210365321018729E-06
                          0.2217498172107723E-06
                          0.2224648272756935E-06
                          0.2231815650178719E-06
                          0.2239000332782491E-06
                          0.2246202348900600E-06
                          0.2253421724260174E-06
                          0.2260658488863798E-06
                          0.2267912670113076E-06
                          0.2275184295297191E-06
                          0.2282473392991450E-06
                          0.2289779990951235E-06
                          0.2297104117164821E-06
                          0.2304445799642947E-06
                          0.2311805066418649E-06
                          0.2319181945547346E-06
                          0.2326576465109245E-06
                          0.2333988653197197E-06
                          0.2341418537940999E-06
                          0.2348866147484726E-06
                          0.2356331509990702E-06
                          0.2363814653653560E-06
                          0.2371315606683989E-06
                          0.2378834397314558E-06
                          0.2386371053803700E-06
                          0.2393925604430098E-06
                          0.2401498077495041E-06
                          0.2409088501322277E-06
                          0.2416696904257968E-06
                          0.2424323314670615E-06
                          0.2431967761583317E-06
                          0.2439630271512792E-06
                          0.2447310874790634E-06
                          0.2455009599243315E-06
                          0.2462726473350884E-06
                          0.2470461525616025E-06
                          0.2478214789778221E-06
                          0.2485986278741555E-06
                          0.2493776036719094E-06
                          0.2501584087088553E-06
                          0.2509410458465904E-06
                          0.2517255179483563E-06
                          0.2525118278805184E-06
                          0.2532999785110873E-06
                          0.2540899727104578E-06
                          0.2548818133512610E-06
                          0.2556755033090035E-06
                          0.2564710454589076E-06
                          0.2572684426821180E-06
                          0.2580676978597075E-06
                          0.2588688138753862E-06
                          0.2596717936152671E-06
                          0.2604766399676136E-06
                          0.2612833558229472E-06
                          0.2620919440740478E-06
                          0.2629024076158434E-06
                          0.2637147493456394E-06
                          0.2645289721633358E-06
                          0.2653450789692155E-06
                          0.2661630726686560E-06
                          0.2669829561673503E-06
                          0.2678047323740314E-06
                          0.2686284041983852E-06
                          0.2694539745542581E-06
                          0.2702814463564504E-06
                          0.2711108225223198E-06
                          0.2719421059714593E-06
                          0.2727752996257876E-06
                          0.2736104064091041E-06
                          0.2744474292479780E-06
                          0.2752863710708591E-06
                          0.2761272348085223E-06
                          0.2769700233939793E-06
                          0.2778147397624776E-06
                          0.2786613868515012E-06
                          0.2795099676007697E-06
                          0.2803604849522405E-06
                          0.2812129418501065E-06
                          0.2820673412408058E-06
                          0.2829236860729762E-06
                          0.2837819792975536E-06
                          0.2846422238676580E-06
                          0.2855044227389975E-06
                          0.2863685788681786E-06
                          0.2872346952160816E-06
                          0.2881027747443829E-06
                          0.2889728204174754E-06
                          0.2898448352018891E-06
                          0.2907188220664161E-06
                          0.2915947839848144E-06
                          0.2924727239221612E-06
                          0.2933526448623806E-06
                          0.2942345497797754E-06
                          0.2951184416550254E-06
                          0.2960043234701047E-06
                          0.2968921982095255E-06
                          0.2977820688597759E-06
                          0.2986739384099696E-06
                          0.2995678098511999E-06
                          0.3004636861770095E-06
                          0.3013615703825566E-06
                          0.3022614654661798E-06
                          0.3031633744278224E-06
                          0.3040673002698209E-06
                          0.3049732459967480E-06
                          0.3058812146154137E-06
                          0.3067912091348637E-06
                          0.3077032325663806E-06
                          0.3086172879238560E-06
                          0.3095333782219243E-06
                          0.3104515065662488E-06
                          0.3113716757170292E-06
                          0.3122938892091649E-06
                          0.3132181492224603E-06
                          0.3141444595462898E-06
                          0.3150728229447636E-06
                          0.3160032424616865E-06
                          0.3169357211262658E-06
                          0.3178702619749046E-06
                          0.3188068680450754E-06
                          0.3197455423776633E-06
                          0.3206862880150814E-06
                          0.3216291080022247E-06
                          0.3225740053859532E-06
                          0.3235209832164712E-06
                          0.3244700445431450E-06
                          0.3254211924218576E-06
                          0.3263744299078800E-06
                          0.3273297600595136E-06
                          0.3282871859371795E-06
                          0.3292467106036407E-06
                          0.3302083371239115E-06
                          0.3311720685654387E-06
                          0.3321379079964202E-06
                          0.3331058584915234E-06
                          0.3340759231192919E-06
                          0.3350481049607303E-06
                          0.3360224070925868E-06
                          0.3369988325956013E-06
                          0.3379773845522225E-06
                          0.3389580660479261E-06
                          0.3399408801698974E-06
                          0.3409258300076906E-06
                          0.3419129186530920E-06
                          0.3429021492001301E-06
                          0.3438935247450766E-06
                          0.3448870483863982E-06
                          0.3458827232248690E-06
                          0.3468805523634270E-06
                          0.3478805389073944E-06
                          0.3488826859639291E-06
                          0.3498869966429931E-06
                          0.3508934740563985E-06
                          0.3519021213183095E-06
                          0.3529129415451108E-06
                          0.3539259378554275E-06
                          0.3549411133701625E-06
                          0.3559584712122902E-06
                          0.3569780145072698E-06
                          0.3579997463826248E-06
                          0.3590236699684218E-06
                          0.3600497884032184E-06
                          0.3610781048003230E-06
                          0.3621086223177365E-06
                          0.3631413440866054E-06
                          0.3641762732484609E-06
                          0.3652134129462842E-06
                          0.3662527663258519E-06
                          0.3672943365340269E-06
                          0.3683381267215954E-06
                          0.3693841400402707E-06
                          0.3704323796446898E-06
                          0.3714828486914058E-06
                          0.3725355503394232E-06
                          0.3735904877494874E-06
                          0.3746476640853239E-06
                          0.3757070825124764E-06
                          0.3767687461985299E-06
                          0.3778326583137366E-06
                          0.3788988220303859E-06
                          0.3799672405233375E-06
                          0.3810379169682943E-06
                          0.3821108545453176E-06
                          0.3831860564353085E-06
                          0.3842635258217400E-06
                          0.3853432658903276E-06
                          0.3864252798294381E-06
                          0.3875095708280435E-06
                          0.3885961420797097E-06
                          0.3896849967787894E-06
                          0.3907761381242561E-06
                          0.3918695693088975E-06
                          0.3929652935404243E-06
                          0.3940633140203314E-06
                          0.3951636339544579E-06
                          0.3962662565508832E-06
                          0.3973711850199165E-06
                          0.3984784225741125E-06
                          0.3995879724282565E-06
                          0.4006998377993713E-06
                          0.4018140219067157E-06
                          0.4029305279721657E-06
                          0.4040493592183123E-06
                          0.4051705188735027E-06
                          0.4062940101618454E-06
                          0.4074198363174970E-06
                          0.4085480005724764E-06
                          0.4096785061599559E-06
                          0.4108113563188256E-06
                          0.4119465542880201E-06
                          0.4130841033087769E-06
                          0.4142240066253387E-06
                          0.4153662674836728E-06
                          0.4165108891321096E-06
                          0.4176578748212172E-06
                          0.4188072278037995E-06
                          0.4199589513348965E-06
                          0.4211130486717846E-06
                          0.4222695230739767E-06
                          0.4234283778032240E-06
                          0.4245896161235216E-06
                          0.4257532413028002E-06
                          0.4269192566043094E-06
                          0.4280876653043777E-06
                          0.4292584706729994E-06
                          0.4304316759873358E-06
                          0.4316072845219655E-06
                          0.4327852995590009E-06
                          0.4339657243793807E-06
                          0.4351485622673401E-06
                          0.4363338165091907E-06
                          0.4375214903937656E-06
                          0.4387115872111361E-06
                          0.4399041102551092E-06
                          0.4410990628207290E-06
                          0.4422964482060690E-06
                          0.4434962697092609E-06
                          0.4446985306339440E-06
                          0.4459032342838117E-06
                          0.4471103839653391E-06
                          0.4483199829872377E-06
                          0.4495320346604556E-06
                          0.4507465422981768E-06
                          0.4519635092158223E-06
                          0.4531829387310480E-06
                          0.4544048341637478E-06
                          0.4556291988360511E-06
                          0.4568560360723235E-06
                          0.4580853491991817E-06
                          0.4593171415454323E-06
                          0.4605514164421581E-06
                          0.4617881772227029E-06
                          0.4630274272225674E-06
                          0.4642691697795700E-06
                          0.4655134082337181E-06
                          0.4667601459272708E-06
                          0.4680093862047153E-06
                          0.4692611324127855E-06
                          0.4705153879004456E-06
                          0.4717721560188959E-06
                          0.4730314401216043E-06
                          0.4742932435641564E-06
                          0.4755575697045514E-06
                          0.4768244219029064E-06
                          0.4780938035216045E-06
                          0.4793657179252653E-06
                          0.4806401684819411E-06
                          0.4819171585571315E-06
                          0.4831966915327135E-06
                          0.4844787707601884E-06
                          0.4857633996406000E-06
                          0.4870505815318963E-06
                          0.4883403198274861E-06
                          0.4896326179055003E-06
                          0.4909274791506853E-06
                          0.4922249069500234E-06
                          0.4935249046927337E-06
                          0.4948274757702714E-06
                          0.4961326235763272E-06
                          0.4974403515072514E-06
                          0.4987506629599425E-06
                          0.5000635613360694E-06
                          0.5013790500378366E-06
                          0.5026971324701306E-06
                          0.5040178120400487E-06
                          0.5053410921569492E-06
                          0.5066669762323979E-06
                          0.5079954676825672E-06
                          0.5093265699164851E-06
                          0.5106602863600400E-06
                          0.5119966204297714E-06
                          0.5133355755500196E-06
                          0.5146771551451797E-06
                          0.5160213626426798E-06
                          0.5173682014718938E-06
                          0.5187176750645383E-06
                          0.5200697868545569E-06
                          0.5214245402781311E-06
                          0.5227819387737552E-06
                          0.5241419857818464E-06
                          0.5255046847470081E-06
                          0.5268700391098661E-06
                          0.5282380523222034E-06
                          0.5296087278321455E-06
                          0.5309820690915287E-06
                          0.5323580795544243E-06
                          0.5337367626771406E-06
                          0.5351181219182229E-06
                          0.5365021607384494E-06
                          0.5378888826008398E-06
                          0.5392782909706461E-06
                          0.5406703893153586E-06
                          0.5420651811047036E-06
                          0.5434626698106451E-06
                          0.5448628589073739E-06
                          0.5462657518713334E-06
                          0.5476713521829518E-06
                          0.5490796633178769E-06
                          0.5504906887645421E-06
                          0.5519044320064194E-06
                          0.5533208965313152E-06
                          0.5547400858292198E-06
                          0.5561620033915888E-06
                          0.5575866527134197E-06
                          0.5590140372909591E-06
                          0.5604441606231080E-06
                          0.5618770262130604E-06
                          0.5633126375575522E-06
                          0.5647509981721422E-06
                          0.5661921115516705E-06
                          0.5676359812169302E-06
                          0.5690826106765155E-06
                          0.5705320034449067E-06
                          0.5719841630387065E-06
                          0.5734390929773327E-06
                          0.5748967967821371E-06
                          0.5763572779740456E-06
                          0.5778205400807177E-06
                          0.5792865866304744E-06
                          0.5807554211527888E-06
                          0.5822270471826160E-06
                          0.5837014682467046E-06
                          0.5851786878897039E-06
                          0.5866587096480431E-06
                          0.5881415370630228E-06
                          0.5896271736781619E-06
                          0.5911156230392230E-06
                          0.5926068886942008E-06
                          0.5941009741933307E-06
                          0.5955978830890808E-06
                          0.5970976189361568E-06
                          0.5986001852915016E-06
                          0.6001055857142932E-06
                          0.6016138237659465E-06
                          0.6031249030101127E-06
                          0.6046388270126804E-06
                          0.6061555993417688E-06
                          0.6076752235677423E-06
                          0.6091977032642929E-06
                          0.6107230420029624E-06
                          0.6122512433643750E-06
                          0.6137823109259449E-06
                          0.6153162482700085E-06
                          0.6168530589800781E-06
                          0.6183927466421712E-06
                          0.6199353148445283E-06
                          0.6214807671776472E-06
                          0.6230291072342465E-06
                          0.6245803386092857E-06
                          0.6261344648999981E-06
                          0.6276914897057045E-06
                          0.6292514166281846E-06
                          0.6308142492713049E-06
                          0.6323799912412081E-06
                          0.6339486461462698E-06
                          0.6355202175971050E-06
                          0.6370947092065620E-06
                          0.6386721245897296E-06
                          0.6402524673639263E-06
                          0.6418357411487273E-06
                          0.6434219495658884E-06
                          0.6450110962394793E-06
                          0.6466031847957543E-06
                          0.6481982188632184E-06
                          0.6497962020726119E-06
                          0.6513971380569110E-06
                          0.6530010304513292E-06
                          0.6546078828944373E-06
                          0.6562176990225554E-06
                          0.6578304824809714E-06
                          0.6594462369127215E-06
                          0.6610649659641992E-06
                          0.6626866732840387E-06
                          0.6643113625231021E-06
                          0.6659390373344967E-06
                          0.6675697013735748E-06
                          0.6692033582978731E-06
                          0.6708400117672426E-06
                          0.6724796654437193E-06
                          0.6741223229921945E-06
                          0.6757679880773715E-06
                          0.6774166643698258E-06
                          0.6790683555399457E-06
                          0.6807230652609793E-06
                          0.6823807972083393E-06
                          0.6840415550597825E-06
                          0.6857053424952296E-06
                          0.6873721631968576E-06
                          0.6890420208490769E-06
                          0.6907149191385358E-06
                          0.6923908617541200E-06
                          0.6940698523869504E-06
                          0.6957518947303814E-06
                          0.6974369924800085E-06
                          0.6991251493336749E-06
                          0.7008163689914066E-06
                          0.7025106551555458E-06
                          0.7042080115306165E-06
                          0.7059084418233954E-06
                          0.7076119497428935E-06
                          0.7093185390003570E-06
                          0.7110282133092713E-06
                          0.7127409763853624E-06
                          0.7144568319465681E-06
                          0.7161757837131002E-06
                          0.7178978354073814E-06
                          0.7196229907540768E-06
                          0.7213512534800883E-06
                          0.7230826273145542E-06
                          0.7248171159888611E-06
                          0.7265547232365838E-06
                          0.7282954527936036E-06
                          0.7300393083979943E-06
                          0.7317862937900742E-06
                          0.7335364127123996E-06
                          0.7352896689097619E-06
                          0.7370460661291910E-06
                          0.7388056081199510E-06
                          0.7405682986338212E-06
                          0.7423341414237046E-06
                          0.7441031402464102E-06
                          0.7458752988598699E-06
                          0.7476506210245285E-06
                          0.7494291105030707E-06
                          0.7512107710604143E-06
                          0.7529956064637155E-06
                          0.7547836204823655E-06
                          0.7565748168879926E-06
                          0.7583691994544604E-06
                          0.7601667719578706E-06
                          0.7619675381765594E-06
                          0.7637715018911005E-06
                          0.7655786668843029E-06
                          0.7673890369412128E-06
                          0.7692026158491115E-06
                          0.7710194073975189E-06
                          0.7728394153781894E-06
                          0.7746626435851124E-06
                          0.7764890958145177E-06
                          0.7783187758648685E-06
                          0.7801516875368632E-06
                          0.7819878346334400E-06
                          0.7838272209597712E-06
                          0.7856698503232651E-06
                          0.7875157265335669E-06
                          0.7893648534025593E-06
                          0.7912172347443590E-06
                          0.7930728743753210E-06
                          0.7949317761140349E-06
                          0.7967939437813289E-06
                          0.7986593812002649E-06
                          0.8005280921961425E-06
                          0.8024000805964984E-06
                          0.8042753502311043E-06
                          0.8061539049319677E-06
                          0.8080357485333341E-06
                          0.8099208848716850E-06
                          0.8118093177857370E-06
                          0.8137010511164435E-06
                          0.8155960887069941E-06
                          0.8174944344028168E-06
                          0.8193960920515724E-06
                          0.8213010655031611E-06
                          0.8232093586097163E-06
                          0.8251209752256116E-06
                          0.8270359192074540E-06
                          0.8289541944140863E-06
                          0.8308758047065912E-06
                          0.8328007539482838E-06
                          0.8347290460047182E-06
                          0.8366606847436821E-06
                          0.8385956740352033E-06
                          0.8405340177515426E-06
                          0.8424757197671982E-06
                          0.8444207839589055E-06
                          0.8463692142056349E-06
                          0.8483210143885935E-06
                          0.8502761883912245E-06
                          0.8522347400992089E-06
                          0.8541966734004621E-06
                          0.8561619921851366E-06
                          0.8581307003456206E-06
                          0.8601028017765411E-06
                          0.8620783003747576E-06
                          0.8640572000393685E-06
                          0.8660395046717074E-06
                          0.8680252181753458E-06
                          0.8700143444560894E-06
                          0.8720068874219806E-06
                          0.8740028509833000E-06
                          0.8760022390525631E-06
                          0.8780050555445212E-06
                          0.8800113043761626E-06
                          0.8820209894667107E-06
                          0.8840341147376286E-06
                          0.8860506841126120E-06
                          0.8880707015175939E-06
                          0.8900941708807460E-06
                          0.8921210961324729E-06
                          0.8941514812054164E-06
                          0.8961853300344572E-06
                          0.8982226465567087E-06
                          0.9002634347115230E-06
                          0.9023076984404871E-06
                          0.9043554416874248E-06
                          0.9064066683983978E-06
                          0.9084613825217012E-06
                          0.9105195880078676E-06
                          0.9125812888096675E-06
                          0.9146464888821059E-06
                          0.9167151921824248E-06
                          0.9187874026701012E-06
                          0.9208631243068508E-06
                          0.9229423610566242E-06
                          0.9250251168856074E-06
                          0.9271113957622252E-06
                          0.9292012016571360E-06
                          0.9312945385432371E-06
                          0.9333914103956601E-06
                          0.9354918211917722E-06
                          0.9375957749111808E-06
                          0.9397032755357259E-06
                          0.9418143270494844E-06
                          0.9439289334387712E-06
                          0.9460470986921360E-06
                          0.9481688268003667E-06
                          0.9502941217564830E-06
                          0.9524229875557471E-06
                          0.9545554281956526E-06
                          0.9566914476759317E-06
                          0.9588310499985520E-06
                          0.9609742391677185E-06
                          0.9631210191898714E-06
                          0.9652713940736884E-06
                          0.9674253678300818E-06
                          0.9695829444722022E-06
                          0.9717441280154348E-06
                          0.9739089224774010E-06
                          0.9760773318779610E-06
                          0.9782493602392088E-06
                          0.9804250115854751E-06
                          0.9826042899433284E-06
                          0.9847871993415717E-06
                          0.9869737438112456E-06
                          0.9891639273856260E-06
                          0.9913577541002250E-06
                          0.9935552279927927E-06
                          0.9957563531033145E-06
                          0.9979611334740102E-06
                          0.1000169573149341E-05
                          0.1002381676175998E-05
                          0.1004597446602913E-05
                          0.1006816888481254E-05
                          0.1009040005864422E-05
                          0.1011266802808058E-05
                          0.1013497283370036E-05
                          0.1015731451610472E-05
                          0.1017969311591710E-05
                          0.1020210867378337E-05
                          0.1022456123037174E-05
                          0.1024705082637277E-05
                          0.1026957750249942E-05
                          0.1029214129948697E-05
                          0.1031474225809309E-05
                          0.1033738041909781E-05
                          0.1036005582330351E-05
                          0.1038276851153495E-05
                          0.1040551852463924E-05
                          0.1042830590348586E-05
                          0.1045113068896665E-05
                          0.1047399292199582E-05
                          0.1049689264350994E-05
                          0.1051982989446793E-05
                          0.1054280471585108E-05
                          0.1056581714866307E-05
                          0.1058886723392991E-05
                          0.1061195501269997E-05
                          0.1063508052604401E-05
                          0.1065824381505514E-05
                          0.1068144492084882E-05
                          0.1070468388456291E-05
                          0.1072796074735758E-05
                          0.1075127555041541E-05
                          0.1077462833494132E-05
                          0.1079801914216260E-05
                          0.1082144801332889E-05
                          0.1084491498971223E-05
                          0.1086842011260698E-05
                          0.1089196342332987E-05
                          0.1091554496322004E-05
                          0.1093916477363891E-05
                          0.1096282289597035E-05
                          0.1098651937162052E-05
                          0.1101025424201801E-05
                          0.1103402754861371E-05
                          0.1105783933288093E-05
                          0.1108168963631529E-05
                          0.1110557850043481E-05
                          0.1112950596677986E-05
                          0.1115347207691317E-05
                          0.1117747687241985E-05
                          0.1120152039490735E-05
                          0.1122560268600551E-05
                          0.1124972378736648E-05
                          0.1127388374066486E-05
                          0.1129808258759754E-05
                          0.1132232036988379E-05
                          0.1134659712926525E-05
                          0.1137091290750595E-05
                          0.1139526774639222E-05
                          0.1141966168773281E-05
                          0.1144409477335879E-05
                          0.1146856704512365E-05
                          0.1149307854490319E-05
                          0.1151762931459559E-05
                          0.1154221939612139E-05
                          0.1156684883142351E-05
                          0.1159151766246722E-05
                          0.1161622593124013E-05
                          0.1164097367975227E-05
                          0.1166576095003599E-05
                          0.1169058778414601E-05
                          0.1171545422415940E-05
                          0.1174036031217564E-05
                          0.1176530609031653E-05
                          0.1179029160072624E-05
                          0.1181531688557130E-05
                          0.1184038198704064E-05
                          0.1186548694734550E-05
                          0.1189063180871954E-05
                          0.1191581661341871E-05
                          0.1194104140372139E-05
                          0.1196630622192829E-05
                          0.1199161111036248E-05
                          0.1201695611136943E-05
                          0.1204234126731692E-05
                          0.1206776662059516E-05
                          0.1209323221361663E-05
                          0.1211873808881626E-05
                          0.1214428428865130E-05
                          0.1216987085560138E-05
                          0.1219549783216846E-05
                          0.1222116526087692E-05
                          0.1224687318427347E-05
                          0.1227262164492716E-05
                          0.1229841068542945E-05
                          0.1232424034839412E-05
                          0.1235011067645737E-05
                          0.1237602171227768E-05
                          0.1240197349853598E-05
                          0.1242796607793550E-05
                          0.1245399949320187E-05
                          0.1248007378708307E-05
                          0.1250618900234944E-05
                          0.1253234518179368E-05
                          0.1255854236823085E-05
                          0.1258478060449841E-05
                          0.1261105993345613E-05
                          0.1263738039798619E-05
                          0.1266374204099309E-05
                          0.1269014490540372E-05
                          0.1271658903416735E-05
                          0.1274307447025557E-05
                          0.1276960125666234E-05
                          0.1279616943640403E-05
                          0.1282277905251933E-05
                          0.1284943014806928E-05
                          0.1287612276613733E-05
                          0.1290285694982927E-05
                          0.1292963274227324E-05
                          0.1295645018661976E-05
                          0.1298330932604172E-05
                          0.1301021020373434E-05
                          0.1303715286291525E-05
                          0.1306413734682441E-05
                          0.1309116369872414E-05
                          0.1311823196189913E-05
                          0.1314534217965646E-05
                          0.1317249439532555E-05
                          0.1319968865225816E-05
                          0.1322692499382845E-05
                          0.1325420346343293E-05
                          0.1328152410449049E-05
                          0.1330888696044234E-05
                          0.1333629207475207E-05
                          0.1336373949090569E-05
                          0.1339122925241147E-05
                          0.1341876140280014E-05
                          0.1344633598562474E-05
                          0.1347395304446067E-05
                          0.1350161262290573E-05
                          0.1352931476458005E-05
                          0.1355705951312612E-05
                          0.1358484691220883E-05
                          0.1361267700551541E-05
                          0.1364054983675543E-05
                          0.1366846544966088E-05
                          0.1369642388798606E-05
                          0.1372442519550765E-05
                          0.1375246941602470E-05
                          0.1378055659335862E-05
                          0.1380868677135319E-05
                          0.1383685999387452E-05
                          0.1386507630481113E-05
                          0.1389333574807389E-05
                          0.1392163836759601E-05
                          0.1394998420733306E-05
                          0.1397837331126304E-05
                          0.1400680572338622E-05
                          0.1403528148772529E-05
                          0.1406380064832529E-05
                          0.1409236324925362E-05
                          0.1412096933460005E-05
                          0.1414961894847673E-05
                          0.1417831213501811E-05
                          0.1420704893838108E-05
                          0.1423582940274485E-05
                          0.1426465357231100E-05
                          0.1429352149130346E-05
                          0.1432243320396856E-05
                          0.1435138875457496E-05
                          0.1438038818741371E-05
                          0.1440943154679820E-05
                          0.1443851887706416E-05
                          0.1446765022256975E-05
                          0.1449682562769546E-05
                          0.1452604513684412E-05
                          0.1455530879444095E-05
                          0.1458461664493353E-05
                          0.1461396873279178E-05
                          0.1464336510250803E-05
                          0.1467280579859692E-05
                          0.1470229086559551E-05
                          0.1473182034806316E-05
                          0.1476139429058163E-05
                          0.1479101273775507E-05
                          0.1482067573420991E-05
                          0.1485038332459504E-05
                          0.1488013555358164E-05
