 Adiabat temperature at each level [K]
    249.4378
    221.1671
    203.3700
    186.9151
    171.7800
    157.8693
    145.0850
    133.3359
    123.8525
    119.9956
    119.9956
    119.9956
    119.9956
    119.9956
    119.9956
    119.9956
    119.9956
    119.9956
    119.9956
    119.9956
    119.9956
    119.9956
    119.9956
    119.9956
    119.9956
    119.9956
    119.9956
    119.9956
    119.9956
    119.9956
    119.9956
    119.9956
    119.9956
    119.9956
    119.9956
    119.9956
    119.9956
    119.9956
    119.9956
    119.9956
    119.9956
    119.9956
    119.9956
    119.9956
    119.9956
    119.9956
    119.9956
    119.9956
    119.9956
    119.9956
    119.9956
