 Temperature at each level [K]
    249.4378
    221.1671
    203.3700
    189.8035
    183.1485
    180.1315
    177.6019
    175.4258
    174.5332
    175.3146
    175.9771
    175.6719
    174.9719
    173.6464
    171.8518
    169.8224
    167.5275
    165.1854
    163.2746
    161.8753
    160.9576
    160.0952
    158.6324
    156.6645
    154.2929
    151.6857
    149.1343
    146.9614
    145.3269
    143.9138
    142.5180
    141.1426
    139.8783
    138.9223
    138.5697
    138.5921
    138.7276
    138.8757
    138.7781
    138.5187
    138.1182
    137.3579
    136.1314
    134.4057
    132.2235
    129.6647
    126.8376
    123.8173
    121.0787
    119.9956
    119.9956
