 Surface temperature vs. time [K]
    270.0000
    268.7726
    267.4439
    266.2069
    265.0639
    264.0098
    263.0311
    262.1278
    261.2927
    260.5199
    259.8048
    259.1420
    258.5276
    257.9576
    257.4285
    256.9365
    256.4787
    256.0516
    255.6537
    255.2844
    254.9391
    254.6169
    254.3164
    254.0365
    253.7756
    253.5319
    253.3048
    253.0929
    252.8951
    252.7101
    252.5374
    252.3756
    252.2247
    252.0836
    251.9518
    251.8288
    251.7132
    251.6050
    251.5036
    251.4083
    251.3185
    251.2347
    251.1554
    251.0815
    251.0119
    250.9465
    250.8848
    250.8269
    250.7724
    250.7206
    250.6717
    250.6259
    250.5830
    250.5417
    250.5026
    250.4656
    250.4305
    250.3972
    250.3656
    250.3354
    250.3068
    250.2796
    250.2540
    250.2295
    250.2055
    250.1831
    250.1617
    250.1411
    250.1212
    250.1027
    250.0848
    250.0678
    250.0511
    250.0353
    250.0200
    250.0051
    249.9907
    249.9771
    249.9638
    249.9512
    249.9386
    249.9267
    249.9151
    249.9034
    249.8923
    249.8816
    249.8710
    249.8608
    249.8507
    249.8408
    249.8313
    249.8221
    249.8128
    249.8039
    249.7954
    249.7870
    249.7787
    249.7707
    249.7629
    249.7551
    249.7477
    249.7402
    249.7330
    249.7257
    249.7187
    249.7116
    249.7045
    249.6976
    249.6910
    249.6843
    249.6778
    249.6714
    249.6652
    249.6590
    249.6530
    249.6471
    249.6412
    249.6352
    249.6291
    249.6233
    249.6173
    249.6114
    249.6055
    249.5999
    249.5942
    249.5886
    249.5828
    249.5772
    249.5714
    249.5655
    249.5597
    249.5540
    249.5483
    249.5426
    249.5371
    249.5316
    249.5265
    249.5213
    249.5164
    249.5115
    249.5068
    249.5023
    249.4980
    249.4938
    249.4898
    249.4860
    249.4825
    249.4793
    249.4763
    249.4735
    249.4709
    249.4685
    249.4663
    249.4642
    249.4623
    249.4605
    249.4589
    249.4573
    249.4559
    249.4546
    249.4534
    249.4522
    249.4512
    249.4502
    249.4493
    249.4485
    249.4477
    249.4470
    249.4463
    249.4457
    249.4451
    249.4446
    249.4441
    249.4436
    249.4432
    249.4428
    249.4425
    249.4421
    249.4418
    249.4415
    249.4412
    249.4410
    249.4408
    249.4405
    249.4403
    249.4401
    249.4400
    249.4398
    249.4397
    249.4395
    249.4394
    249.4392
    249.4392
    249.4390
    249.4390
    249.4389
    249.4388
    249.4387
    249.4387
    249.4386
    249.4385
    249.4384
    249.4384
    249.4383
    249.4383
    249.4383
    249.4383
    249.4382
    249.4382
    249.4381
    249.4381
    249.4381
    249.4381
    249.4380
    249.4380
    249.4380
    249.4380
    249.4379
    249.4380
    249.4379
    249.4379
    249.4379
    249.4379
    249.4379
    249.4379
    249.4378
    249.4379
    249.4378
    249.4379
    249.4378
    249.4378
    249.4378
    249.4378
    249.4378
    249.4378
    249.4378
    249.4378
    249.4378
    249.4378
    249.4378
    249.4378
    249.4378
    249.4378
    249.4378
    249.4378
    249.4378
    249.4378
    249.4378
    249.4378
    249.4377
    249.4378
    249.4377
    249.4378
    249.4377
    249.4378
    249.4377
    249.4378
    249.4377
    249.4378
    249.4377
    249.4378
    249.4377
    249.4378
    249.4377
    249.4378
    249.4377
    249.4378
    249.4377
    249.4378
    249.4377
    249.4378
    249.4377
    249.4378
    249.4377
    249.4378
    249.4377
    249.4378
    249.4377
    249.4378
    249.4377
    249.4378
    249.4377
    249.4378
    249.4377
    249.4378
    249.4377
    249.4378
    249.4377
    249.4378
    249.4377
    249.4378
    249.4377
    249.4378
    249.4377
    249.4378
    249.4377
    249.4378
    249.4377
    249.4378
    249.4377
    249.4378
    249.4377
    249.4378
    249.4377
    249.4378
    249.4377
    249.4378
    249.4377
    249.4378
    249.4377
    249.4378
    249.4377
    249.4378
    249.4377
    249.4378
    249.4377
    249.4378
    249.4377
    249.4378
    249.4377
    249.4378
    249.4377
    249.4378
    249.4377
    249.4378
    249.4377
    249.4378
    249.4377
    249.4378
    249.4377
    249.4378
    249.4377
    249.4378
    249.4377
    249.4378
    249.4377
    249.4378
    249.4377
    249.4378
    249.4377
    249.4378
    249.4377
    249.4378
    249.4377
    249.4378
    249.4377
    249.4378
    249.4377
    249.4378
    249.4377
    249.4378
    249.4377
    249.4378
    249.4377
    249.4378
    249.4377
    249.4378
    249.4377
    249.4378
    249.4377
    249.4378
    249.4377
    249.4378
    249.4377
    249.4378
    249.4377
    249.4378
    249.4377
    249.4378
    249.4377
    249.4378
    249.4377
    249.4378
    249.4377
    249.4378
    249.4377
    249.4378
    249.4377
    249.4378
    249.4377
    249.4378
    249.4377
    249.4378
    249.4377
    249.4378
    249.4377
    249.4378
    249.4377
    249.4378
    249.4377
    249.4378
    249.4377
    249.4378
    249.4377
    249.4378
    249.4377
    249.4378
    249.4377
    249.4378
    249.4377
    249.4378
    249.4377
    249.4378
    249.4377
    249.4378
    249.4377
    249.4378
    249.4377
    249.4378
    249.4377
    249.4378
    249.4377
    249.4378
    249.4377
    249.4378
    249.4377
    249.4378
    249.4377
    249.4378
    249.4377
    249.4378
    249.4377
    249.4378
    249.4377
    249.4378
    249.4377
    249.4378
    249.4377
    249.4378
    249.4377
    249.4378
    249.4377
    249.4378
    249.4377
    249.4378
    249.4377
    249.4378
    249.4377
    249.4378
    249.4377
    249.4378
    249.4377
    249.4378
    249.4377
    249.4378
    249.4377
    249.4378
    249.4377
    249.4378
    249.4377
    249.4378
    249.4377
    249.4378
    249.4377
    249.4378
    249.4377
    249.4378
    249.4377
    249.4378
    249.4377
    249.4378
    249.4377
    249.4378
    249.4377
    249.4378
    249.4377
    249.4378
    249.4377
    249.4378
    249.4377
    249.4378
    249.4377
    249.4378
    249.4377
    249.4378
    249.4377
    249.4378
    249.4377
    249.4378
    249.4377
    249.4378
    249.4377
    249.4378
    249.4377
    249.4378
    249.4377
    249.4378
    249.4377
    249.4378
    249.4377
    249.4378
    249.4377
    249.4378
    249.4377
    249.4378
    249.4377
    249.4378
    249.4377
    249.4378
    249.4377
