 Absorbed shortwave flux vs. time [W/m2]
    157.5000
    157.5000
    156.3413
    155.3704
    154.5155
    153.7397
    153.0209
    152.3675
    151.7725
    151.2293
    150.7327
    150.2810
    149.8710
    149.5002
    149.1647
    148.8620
    148.5909
    148.3490
    148.1332
    147.9429
    147.7760
    147.6302
    147.5044
    147.3975
    147.3079
    147.2340
    147.1745
    147.1287
    147.0954
    147.0732
    147.0617
    147.0608
    147.0695
    147.0873
    147.1141
    147.1494
    147.1922
    147.2427
    147.3000
    147.3638
    147.4340
    147.5103
    147.5919
    147.6791
    147.7717
    147.8688
    147.9707
    148.0767
    148.1866
    148.3006
    148.4184
    148.5395
    148.6639
    148.7912
    148.9215
    149.0546
    149.1903
    149.3282
    149.4686
    149.6116
    149.7566
    149.9037
    150.0524
    150.2030
    150.3550
    150.5087
    150.6639
    150.8204
    150.9780
    151.1371
    151.2968
    151.4577
    151.6193
    151.7819
    151.9450
    152.1091
    152.2735
    152.4386
    152.6041
    152.7701
    152.9365
    153.1035
    153.2706
    153.4379
    153.6054
    153.7730
    153.9404
    154.1080
    154.2752
    154.4424
    154.6094
    154.7763
    154.9429
    155.1095
    155.2756
    155.4415
    155.6070
    155.7722
    155.9370
    156.1015
    156.2656
    156.4292
    156.5926
    156.7554
    156.9179
    157.0799
    157.2415
    157.4026
    157.5635
    157.7241
    157.8842
    158.0440
    158.2036
    158.3627
    158.5215
    158.6800
    158.8383
    158.9962
    159.1542
    159.3118
    159.4694
    159.6266
    159.7838
    159.9407
    160.0975
    160.2538
    160.4100
    160.5658
    160.7213
    160.8762
    161.0309
    161.1853
    161.3394
    161.4931
    161.6467
    161.7997
    161.9523
    162.1045
    162.2563
    162.4076
    162.5585
    162.7087
    162.8584
    163.0072
    163.1552
    163.3028
    163.4498
    163.5963
    163.7422
    163.8873
    164.0321
    164.1760
    164.3195
    164.4623
    164.6048
    164.7463
    164.8872
    165.0275
    165.1675
    165.3067
    165.4452
    165.5829
    165.7202
    165.8571
    165.9932
    166.1288
    166.2638
    166.3983
    166.5324
    166.6659
    166.7988
    166.9311
    167.0628
    167.1938
    167.3241
    167.4541
    167.5835
    167.7123
    167.8407
    167.9684
    168.0957
    168.2226
    168.3487
    168.4743
    168.5994
    168.7239
    168.8482
    168.9718
    169.0948
    169.2170
    169.3389
    169.4604
    169.5811
    169.7015
    169.8217
    169.9414
    170.0606
    170.1795
    170.2978
    170.4156
    170.5330
    170.6501
    170.7668
    170.8834
    170.9996
    171.1160
    171.2319
    171.3475
    171.4625
    171.5767
    171.6909
    171.8049
    171.9184
    172.0317
    172.1445
    172.2572
    172.3697
    172.4820
    172.5938
    172.7057
    172.8175
    172.9292
    173.0406
    173.1516
    173.2621
    173.3722
    173.4826
    173.5924
    173.7021
    173.8113
    173.9207
    174.0298
    174.1388
    174.2477
    174.3562
    174.4642
    174.5718
    174.6791
    174.7860
    174.8925
    174.9990
    175.1055
    175.2118
    175.3178
    175.4234
    175.5289
    175.6341
    175.7392
    175.8442
    175.9488
    176.0535
    176.1579
    176.2620
    176.3661
    176.4699
    176.5739
    176.6776
    176.7809
    176.8845
    176.9878
    177.0909
    177.1939
    177.2969
    177.3997
    177.5019
    177.6040
    177.7056
    177.8074
    177.9092
    178.0108
    178.1125
    178.2140
    178.3156
    178.4176
    178.5199
    178.6222
    178.7244
    178.8265
    178.9285
    179.0304
    179.1320
    179.2334
    179.3351
    179.4369
    179.5384
    179.6402
    179.7421
    179.8434
    179.9448
    180.0461
    180.1474
    180.2486
    180.3495
    180.4503
    180.5515
    180.6528
    180.7541
    180.8558
    180.9569
    181.0584
    181.1604
    181.2624
    181.3646
    181.4667
    181.5688
    181.6710
    181.7735
    181.8754
    181.9773
    182.0789
    182.1806
    182.2826
    182.3844
    182.4861
    182.5875
    182.6888
    182.7897
    182.8902
    182.9904
    183.0906
    183.1911
    183.2914
    183.3918
    183.4923
    183.5932
    183.6939
    183.7946
    183.8949
    183.9952
    184.0957
    184.1956
    184.2957
    184.3955
    184.4952
    184.5949
    184.6948
    184.7947
    184.8944
    184.9940
    185.0936
    185.1931
    185.2924
    185.3918
    185.4910
    185.5897
    185.6883
    185.7869
    185.8853
    185.9835
    186.0813
    186.1789
    186.2761
    186.3735
    186.4706
    186.5676
    186.6642
    186.7604
    186.8564
    186.9525
    187.0482
    187.1435
    187.2387
    187.3339
    187.4291
    187.5239
    187.6178
    187.7114
    187.8051
    187.8984
    187.9919
    188.0851
    188.1777
    188.2703
    188.3630
    188.4553
    188.5475
    188.6394
    188.7314
    188.8226
    188.9137
    189.0047
    189.0950
    189.1852
    189.2753
    189.3649
    189.4544
    189.5438
    189.6334
    189.7229
    189.8123
    189.9013
    189.9902
    190.0790
    190.1678
    190.2567
    190.3453
    190.4336
    190.5216
    190.6094
    190.6971
    190.7843
    190.8713
    190.9583
    191.0449
    191.1314
    191.2178
    191.3037
    191.3894
    191.4749
    191.5604
    191.6458
    191.7247
    191.8036
    191.8826
    191.9636
    192.0440
    192.1223
    192.2005
    192.2787
    192.3569
    192.4351
    192.5133
    192.5912
    192.6688
    192.7461
    192.8232
    192.9001
    192.9770
    193.0537
    193.1301
    193.2064
    193.2830
    193.3592
    193.4355
    193.5113
    193.5873
    193.6630
    193.7388
    193.8147
    193.8905
    193.9658
    194.0411
    194.1158
    194.1902
    194.2643
    194.3385
    194.4128
    194.4869
    194.5607
    194.6341
    194.7071
    194.7804
    194.8537
    194.9271
    195.0003
    195.0735
    195.1466
    195.2192
    195.2918
    195.3644
    195.4369
    195.5094
    195.5822
    195.6549
    195.7276
    195.8000
    195.8723
    195.9446
    196.0165
    196.0883
    196.1599
    196.2314
    196.3024
    196.3734
    196.4394
    196.5055
    196.5713
    196.6367
    196.7015
    196.7664
    196.8312
    196.8960
    196.9604
    197.0250
    197.0895
    197.1541
    197.2187
    197.2833
    197.3479
    197.4122
    197.4768
    197.5415
    197.6059
    197.6703
    197.7347
    197.7993
    197.8638
    197.9279
    197.9922
    198.0564
