 Flux gradient longwave
        0.2413
        0.1778
        0.2659
        0.4516
        0.8066
        1.4573
        2.8636
        7.1059
       15.0170
       23.9412
       25.7105
       19.0192
       10.8059
        6.4284
        3.8606
       -0.2818
       -1.3089
        0.8955
        2.1133
        3.0350
        3.2563
        3.5862
        3.7624
        3.6887
        3.8176
        3.9547
        3.8566
        4.1027
        4.1933
        4.4801
        4.2257
        3.9469
        3.3580
        3.0083
        2.5850
        2.3371
        2.2317
        1.9984
        1.8579
        1.9009
        2.0325
        2.0326
        1.7502
        1.3130
        1.3484
        1.7135
        1.1428
        0.7321
        0.2223
        0.0047
