 Shortwave heating rate [K/s]
  0.6315E-04
  0.7514E-04
  0.8760E-04
  0.1061E-03
  0.1381E-03
  0.1787E-03
  0.2235E-03
  0.2710E-03
  0.3168E-03
  0.3577E-03
  0.4016E-03
  0.4554E-03
  0.4790E-03
  0.4308E-03
  0.3354E-03
  0.2426E-03
  0.2190E-03
  0.2430E-03
  0.2718E-03
  0.3070E-03
  0.3504E-03
  0.4049E-03
  0.4634E-03
  0.4961E-03
  0.5411E-03
  0.5977E-03
  0.6596E-03
  0.7499E-03
  0.8507E-03
  0.9699E-03
  0.1035E-02
  0.1055E-02
  0.1024E-02
  0.1008E-02
  0.1006E-02
  0.1046E-02
  0.1116E-02
  0.1192E-02
  0.1334E-02
  0.1634E-02
  0.2160E-02
  0.2757E-02
  0.3107E-02
  0.3167E-02
  0.4792E-02
  0.9658E-02
  0.1165E-01
  0.1799E-01
  0.2691E-01
  0.1980E-01
