 Longwave heating rate [K/s]
 -0.2053E-05
 -0.1871E-05
 -0.3437E-05
 -0.7100E-05
 -0.1527E-04
 -0.3288E-04
 -0.7612E-04
 -0.2199E-03
 -0.5348E-03
 -0.9699E-03
 -0.1172E-02
 -0.9666E-03
 -0.6068E-03
 -0.3960E-03
 -0.2592E-03
  0.2053E-04
  0.1030E-03
 -0.7597E-04
 -0.1929E-03
 -0.2977E-03
 -0.3431E-03
 -0.4062E-03
 -0.4586E-03
 -0.4846E-03
 -0.5417E-03
 -0.6076E-03
 -0.6435E-03
 -0.7461E-03
 -0.8345E-03
 -0.9800E-03
 -0.1021E-02
 -0.1060E-02
 -0.1008E-02
 -0.1017E-02
 -0.9922E-03
 -0.1028E-02
 -0.1137E-02
 -0.1194E-02
 -0.1321E-02
 -0.1636E-02
 -0.2163E-02
 -0.2745E-02
 -0.3100E-02
 -0.3187E-02
 -0.4761E-02
 -0.9611E-02
 -0.1173E-01
 -0.1798E-01
 -0.2684E-01
 -0.3414E-01
