 Rayleigh Transmission
                          0.9999999999988591E+00
                          0.9999999998240146E+00
                          0.9999999998038013E+00
                          0.9999999981169676E+00
                          0.9999999943997132E+00
                          0.9999999971972033E+00
                          0.9999999837441829E+00
                          0.9999999936506756E+00
                          0.9999999989119071E+00
                          0.9999999893733642E+00
                          0.9999999997878417E+00
                          0.9999997741677298E+00
                          0.9999992896932587E+00
                          0.9999999999751398E+00
                          0.9999999999912375E+00
                          0.9999999997991357E+00
                          0.9999999999994242E+00
                          0.9999999999037903E+00
                          0.9999999999997946E+00
                          0.9999999999994688E+00
                          0.9999999999996446E+00
                          0.9999999999963001E+00
                          0.9999999999967005E+00
                          0.9999999999041939E+00
                          0.9999999945607329E+00
                          0.9999999851287253E+00
                          0.9999988913483019E+00
                          0.9999933040403899E+00
                          0.9999999541430097E+00
                          0.9999999933409955E+00
                          0.9999999871286870E+00
                          0.9999999999992998E+00
                          0.9999999999966233E+00
                          0.9999999999994795E+00
                          0.9999999999964382E+00
                          0.9999999999993753E+00
                          0.9999999999992992E+00
                          0.9999999999992071E+00
                          0.9999999999977611E+00
                          0.9999999999986998E+00
                          0.9999999999989365E+00
                          0.9999999999988126E+00
                          0.9999999999980279E+00
                          0.9999999999974539E+00
                          0.9999999999984139E+00
                          0.9999999999983029E+00
                          0.9999999999946153E+00
                          0.9999999999979763E+00
                          0.9999999999978006E+00
                          0.9999999999968296E+00
                          0.9999999999552011E+00
                          0.9999999999696977E+00
                          0.9999998814216411E+00
                          0.9999999999943471E+00
                          0.9999999999719040E+00
                          0.9999999997092294E+00
                          0.9999999999917164E+00
                          0.9999999999923254E+00
                          0.9999999999822029E+00
                          0.9999999999473546E+00
                          0.9999999999362370E+00
                          0.9999999999449568E+00
                          0.9999999998565980E+00
                          0.9999999979221130E+00
                          0.9999999999735746E+00
                          0.9999999998669814E+00
                          0.9999999984248570E+00
                          0.9999999999070660E+00
                          0.9999999997340754E+00
                          0.9999999999357911E+00
                          0.9999999999443338E+00
                          0.9999999999708571E+00
                          0.9999999999792650E+00
                          0.9999999998136893E+00
                          0.9999999999845357E+00
                          0.9999999714702918E+00
                          0.9999174952227584E+00
                          0.9999999998527057E+00
                          0.9999999999687873E+00
                          0.9999999999822177E+00
                          0.9999999999803286E+00
                          0.9999999931624918E+00
                          0.9999999931326728E+00
                          0.9999979607620777E+00
                          0.9999964039238088E+00
                          0.9999999999731649E+00
                          0.9999999999773067E+00
                          0.9999999999763203E+00
                          0.9999999999751069E+00
                          0.9999999998864598E+00
                          0.9999999659083821E+00
                          0.9995281739435292E+00
                          0.9919049681356762E+00
                          0.9999573921455664E+00
                          0.9999130367317722E+00
                          0.9999986507308183E+00
                          0.9999999998392629E+00
                          0.9999999999633694E+00
                          0.9999999999617827E+00
                          0.9999999999190844E+00
                          0.9999999997595432E+00
                          0.9999999999535110E+00
                          0.9999999999536631E+00
                          0.9999998647689663E+00
                          0.9999999998696349E+00
                          0.9999999998207714E+00
                          0.9999999999455560E+00
                          0.9999999999419903E+00
                          0.9999999999416884E+00
                          0.9999999999413514E+00
                          0.9999999999333151E+00
                          0.9999999999257092E+00
                          0.9999999999348955E+00
                          0.9999999999323675E+00
                          0.9999999999298198E+00
                          0.9999999999277640E+00
                          0.9999999999251429E+00
                          0.9999999999226157E+00
                          0.9999999999103542E+00
                          0.9999999998879763E+00
                          0.9999999939383157E+00
                          0.9999999999104228E+00
                          0.9999999999033168E+00
                          0.9999997771858488E+00
                          0.9999999997921979E+00
                          0.9999999966746380E+00
                          0.9999999998951776E+00
                          0.9999999998791121E+00
                          0.9999999998864360E+00
                          0.9999999998470900E+00
                          0.9999999998815200E+00
                          0.9999999998772348E+00
                          0.9999999998725808E+00
                          0.9999999587397885E+00
                          0.9999999956599993E+00
                          0.9999999998617120E+00
                          0.9999999978514329E+00
                          0.9999999989821780E+00
                          0.9999999998450486E+00
                          0.9999999998035179E+00
                          0.9999999983789782E+00
                          0.9999999924057998E+00
                          0.9999869878891336E+00
                          0.9999999705695322E+00
                          0.9999991970916948E+00
                          0.9999985546312439E+00
                          0.9999999902874670E+00
                          0.9999076746695745E+00
                          0.9999991805983697E+00
                          0.9999954988781762E+00
                          0.9999999940475111E+00
                          0.9999999995619990E+00
                          0.9999999984547461E+00
                          0.9999999995730934E+00
                          0.9999999642794818E+00
                          0.9999999997407454E+00
                          0.9999999997343958E+00
                          0.9999999997426384E+00
                          0.9999999996547834E+00
                          0.9999999997327313E+00
                          0.9999999827279024E+00
                          0.9999999996902315E+00
                          0.9999999997156140E+00
                          0.9999999997085546E+00
                          0.9999999996976910E+00
                          0.9999999996939233E+00
                          0.9999995358064675E+00
                          0.9999999996787459E+00
                          0.9999999996639709E+00
                          0.9999999996632785E+00
                          0.9999999996552372E+00
                          0.9999999996470549E+00
                          0.9999999996387301E+00
                          0.9999999996302515E+00
                          0.9999999995060566E+00
                          0.9999999995970213E+00
                          0.9999999996039330E+00
                          0.9999952139745282E+00
                          0.9999999995854206E+00
                          0.9999999994869346E+00
                          0.9999999995597098E+00
                          0.9999999995566817E+00
                          0.9999999995466183E+00
                          0.9999999894697618E+00
                          0.9999999995250582E+00
                          0.9999999994077445E+00
                          0.9998857550291926E+00
                          0.9999999994420553E+00
                          0.9999999994838139E+00
                          0.9999999994274216E+00
                          0.9999999993493255E+00
                          0.9999999991494063E+00
                          0.9999999993351864E+00
                          0.9999999893903625E+00
                          0.9999999988377386E+00
                          0.9999999797380708E+00
                          0.9999999947672978E+00
                          0.9999644739197684E+00
                          0.9999999760991973E+00
                          0.9999999828582927E+00
                          0.9999999335386985E+00
                          0.9999999993062320E+00
                          0.9999999992759468E+00
                          0.9999999980588236E+00
                          0.9999990738122801E+00
                          0.9999999985642930E+00
                          0.9999999992561743E+00
                          0.9999999992341700E+00
                          0.9999999985864603E+00
                          0.9999999992061610E+00
                          0.9999999991797605E+00
                          0.9999999991763697E+00
                          0.9999999991120774E+00
                          0.9999999990323261E+00
                          0.9999999990983967E+00
                          0.9999999990918400E+00
                          0.9999999266450529E+00
                          0.9999999979517059E+00
                          0.9999999990662437E+00
                          0.9999999990494761E+00
                          0.9999999990317447E+00
                          0.9999999988852672E+00
                          0.9999999989956897E+00
                          0.9999999989794067E+00
                          0.9999999989608137E+00
                          0.9999999989422157E+00
                          0.9999999981691933E+00
                          0.9999999989001342E+00
                          0.9999999988847871E+00
                          0.9999999988650957E+00
                          0.9999999988451519E+00
                          0.9999999988245160E+00
                          0.9999999988044237E+00
                          0.9999999987807751E+00
                          0.9999999987624497E+00
                          0.9999999973271826E+00
                          0.9999999987197835E+00
                          0.9999999986976952E+00
                          0.9999999926636004E+00
                          0.9999999983490774E+00
                          0.9999999986303413E+00
                          0.9999999700787291E+00
                          0.9999999985809488E+00
                          0.9999999985205675E+00
                          0.9999999985336372E+00
                          0.9999999985098391E+00
                          0.9999999984474686E+00
                          0.9999999859619959E+00
                          0.9999999983891587E+00
                          0.9999999982643759E+00
                          0.9999999983258108E+00
                          0.9999999983536643E+00
                          0.9999999921191174E+00
                          0.9999998964763051E+00
                          0.9999999979755694E+00
                          0.9999999982529990E+00
                          0.9999999982274095E+00
                          0.9999999981998124E+00
                          0.9999999981592490E+00
                          0.9999999981344845E+00
                          0.9999999975138166E+00
                          0.9999999980760454E+00
                          0.9999999980530698E+00
                          0.9999999980256273E+00
                          0.9999999979948847E+00
                          0.9999999979647606E+00
                          0.9999999978364394E+00
                          0.9999999977747341E+00
                          0.9999999968322408E+00
                          0.9999999978380182E+00
                          0.9999999977470553E+00
                          0.9999999971574343E+00
                          0.9999999976521315E+00
                          0.9999999977036422E+00
                          0.9999999962389717E+00
                          0.9999999301451049E+00
                          0.9999999971803974E+00
                          0.9999999974084919E+00
                          0.9999999969261535E+00
                          0.9999999963080545E+00
                          0.9999999973889917E+00
                          0.9999999972273981E+00
                          0.9999999971294897E+00
                          0.9999999973445940E+00
                          0.9999999973014361E+00
                          0.9999999972745099E+00
                          0.9999999972357110E+00
                          0.9999999884581707E+00
                          0.9999999971268023E+00
                          0.9999999971081434E+00
                          0.9999999970149707E+00
                          0.9999999970383183E+00
                          0.9999999917581106E+00
                          0.9999999969412134E+00
                          0.9999999964350005E+00
                          0.9999999968713112E+00
                          0.9999999962704219E+00
                          0.9999999967890386E+00
                          0.9999999967432864E+00
                          0.9999999966796045E+00
                          0.9999999966513258E+00
                          0.9999999966127930E+00
                          0.9999999965677708E+00
                          0.9999999965165972E+00
                          0.9999999964650458E+00
                          0.9999999964283682E+00
                          0.9999999963579924E+00
                          0.9999999963348489E+00
                          0.9999999962866992E+00
                          0.9999999960592676E+00
                          0.9999999961865845E+00
                          0.9999999961400883E+00
                          0.9999999960901513E+00
                          0.9999999960398595E+00
                          0.9999999959889933E+00
                          0.9999999959374598E+00
                          0.9999999958816743E+00
                          0.9999999958299433E+00
                          0.9999999957788204E+00
                          0.9999999957272048E+00
                          0.9999999956712122E+00
                          0.9999999956192267E+00
                          0.9999999955619370E+00
                          0.9999999948230306E+00
                          0.9999999953836032E+00
                          0.9999999946057901E+00
                          0.9999999953395952E+00
                          0.9999999950174686E+00
                          0.9999030550970035E+00
                          0.9999999951630656E+00
                          0.9999999950881769E+00
                          0.9999999950325862E+00
                          0.9999999948563474E+00
                          0.9999999949259821E+00
                          0.9999999948640114E+00
                          0.9999999947640562E+00
                          0.9999999947371138E+00
                          0.9999999946784521E+00
                          0.9999999946149737E+00
                          0.9999999945509161E+00
                          0.9999999944864394E+00
                          0.9999999944000999E+00
                          0.9999999943555785E+00
                          0.9999999942891837E+00
                          0.9999999942223925E+00
                          0.9999999941547917E+00
                          0.9999999940867448E+00
                          0.9999999924978934E+00
                          0.9999998594837270E+00
                          0.9999999936832272E+00
                          0.9999999938027286E+00
                          0.9999999937374092E+00
                          0.9999999936619434E+00
                          0.9999647495374777E+00
                          0.9999999932711968E+00
                          0.9999999934463695E+00
                          0.9999999933718682E+00
                          0.9999999932964033E+00
                          0.9999999719067721E+00
                          0.9999999931468476E+00
                          0.9999999930698661E+00
                          0.9999999929921274E+00
                          0.9999999926968498E+00
                          0.9999999928208959E+00
                          0.9999999927067824E+00
                          0.9999999926772323E+00
                          0.9999999925965471E+00
                          0.9999999925154476E+00
                          0.9999999924330757E+00
                          0.9999999923509942E+00
                          0.9999999921494050E+00
                          0.9999999921838020E+00
                          0.9999999918628507E+00
                          0.9999999920139256E+00
                          0.9999999919279449E+00
                          0.9999999916984875E+00
                          0.9999999917399452E+00
                          0.9999999916556933E+00
                          0.9999999915770708E+00
                          0.9999999914875579E+00
                          0.9999999913966523E+00
                          0.9999999912954083E+00
                          0.9999999912136809E+00
                          0.9999999911225603E+00
                          0.9999999910292844E+00
                          0.9999999909355944E+00
                          0.9999999908411581E+00
                          0.9999999907458935E+00
                          0.9999999906498824E+00
                          0.9999999905531254E+00
                          0.9999999904556209E+00
                          0.9999999903397394E+00
                          0.9999999902583478E+00
                          0.9999999901585714E+00
                          0.9999999900342311E+00
                          0.9999999899567222E+00
                          0.9999999898546322E+00
                          0.9999999897517869E+00
                          0.9999999896481003E+00
                          0.9999999895376601E+00
                          0.9999999894385201E+00
                          0.9999999893325190E+00
                          0.9999999892256630E+00
                          0.9999999891180577E+00
                          0.9999999890097254E+00
                          0.9999999889005008E+00
                          0.9999999887904926E+00
                          0.9999999886795979E+00
                          0.9999999885666402E+00
                          0.9999999884555202E+00
                          0.9999999364785295E+00
                          0.9999999882255503E+00
                          0.9999999881130094E+00
                          0.9999999879031101E+00
                          0.9999999878708055E+00
                          0.9999999877521831E+00
                          0.9999999875937984E+00
                          0.9999999874472092E+00
                          0.9999999874053159E+00
                          0.9999999872839700E+00
                          0.9999999871592152E+00
                          0.9999999870391287E+00
                          0.9999999836897678E+00
                          0.9999999866511102E+00
                          0.9999999506492527E+00
                          0.9999999865345977E+00
                          0.9999999864095936E+00
                          0.9999999862323193E+00
                          0.9999999823587210E+00
                          0.9999999342862669E+00
                          0.9999998035001635E+00
                          0.9999999471260803E+00
                          0.9999999812940279E+00
                          0.9999999848342906E+00
                          0.9999999850659129E+00
                          0.9999999852283726E+00
                          0.9999999850920938E+00
                          0.9999999849548258E+00
                          0.9999999848164051E+00
                          0.9999999846774568E+00
                          0.9999999845374735E+00
                          0.9999999843956622E+00
                          0.9999999842542092E+00
                          0.9999999841114039E+00
                          0.9999999839674824E+00
                          0.9999999838082496E+00
                          0.9999999836767552E+00
                          0.9999999835298836E+00
                          0.9999999833815655E+00
                          0.9999999832331589E+00
                          0.9999999830833028E+00
                          0.9999999829324435E+00
                          0.9999999827805766E+00
                          0.9999999826276991E+00
                          0.9999999824738076E+00
                          0.9999999823177441E+00
                          0.9999999821628512E+00
                          0.9999999820059884E+00
                          0.9999999818479439E+00
                          0.9999999816889040E+00
                          0.9999999815286769E+00
                          0.9999999813677405E+00
                          0.9999999812055596E+00
                          0.9999999810423222E+00
                          0.9999999808780239E+00
                          0.9999999807126568E+00
                          0.9999999805462060E+00
                          0.9999999803787144E+00
                          0.9999999802097509E+00
                          0.9999999800404551E+00
                          0.9999999798696928E+00
                          0.9999999796977407E+00
                          0.9999999795248870E+00
                          0.9999999793508302E+00
                          0.9999999791756633E+00
                          0.9999999789993781E+00
                          0.9999999785894034E+00
                          0.9999999786434818E+00
                          0.9999999784638488E+00
                          0.9999999782829276E+00
                          0.9999999781006291E+00
                          0.9999999779180938E+00
                          0.9999999777339318E+00
                          0.9999999774407458E+00
                          0.9999999773611514E+00
                          0.9999999771744279E+00
                          0.9999999769855501E+00
                          0.9999999767956358E+00
                          0.9999999766014611E+00
                          0.9999999764119109E+00
                          0.9999999762186036E+00
                          0.9999999760218055E+00
                          0.9999999758213827E+00
                          0.9999999756308808E+00
                          0.9999999754284020E+00
                          0.9999999752330451E+00
                          0.9999999750323366E+00
                          0.9999999748301308E+00
                          0.9999999746272182E+00
                          0.9999999744228266E+00
                          0.9999999742171962E+00
                          0.9999999740103117E+00
                          0.9999999738021464E+00
                          0.9999999735928595E+00
                          0.9999999733739403E+00
                          0.9999999731703911E+00
                          0.9999999729570411E+00
                          0.9999999727422769E+00
                          0.9999999725271971E+00
                          0.9999999723102679E+00
                          0.9999999720737262E+00
                          0.9999999718716963E+00
                          0.9999999716517235E+00
                          0.9999999714296204E+00
                          0.9999999712062145E+00
                          0.9999999709815013E+00
                          0.9999999707554750E+00
                          0.9999999705281312E+00
                          0.9999999702994635E+00
                          0.9999999700694694E+00
                          0.9999999698380034E+00
                          0.9999999696054748E+00
                          0.9999999693714647E+00
                          0.9999999691361061E+00
                          0.9999999688993937E+00
                          0.9999999686613222E+00
                          0.9999999684218865E+00
                          0.9999999681810813E+00
                          0.9999999679389016E+00
                          0.9999999670704542E+00
                          0.9999999674501353E+00
                          0.9999999672040629E+00
                          0.9999999669510200E+00
                          0.9999999666317193E+00
                          0.9999999664566355E+00
                          0.9999999662047152E+00
                          0.9999999659513497E+00
                          0.9999999656965606E+00
                          0.9999999654402724E+00
                          0.9999999651827006E+00
                          0.9999999649194631E+00
                          0.9999999646619331E+00
                          0.9999999643684687E+00
                          0.9999999641170996E+00
                          0.9999999638726533E+00
                          0.9999999635612801E+00
                          0.9999999633386067E+00
                          0.9999999630683327E+00
                          0.9999999627984207E+00
                          0.9999999625262362E+00
                          0.9999999622524668E+00
                          0.9999999619770996E+00
                          0.9999999616857699E+00
                          0.9999999614219512E+00
                          0.9999999611423710E+00
                          0.9999999608154128E+00
                          0.9999999605777803E+00
                          0.9999999602939103E+00
                          0.9999999600080579E+00
                          0.9999999597206127E+00
                          0.9999999594313671E+00
                          0.9999999591410843E+00
                          0.9999999588463337E+00
                          0.9999999528924607E+00
                          0.9999999572473086E+00
                          0.9999999579633706E+00
                          0.9999999576617654E+00
                          0.9999999573596740E+00
                          0.9999999570634844E+00
                          0.9999999567596289E+00
                          0.9999999564555864E+00
                          0.9999999561492197E+00
                          0.9999999558412006E+00
                          0.9999999555316655E+00
                          0.9999999552204468E+00
                          0.9999999548757004E+00
                          0.9999999545466430E+00
                          0.9999999538623959E+00
                          0.9999999539587821E+00
                          0.9999999536397924E+00
                          0.9999999533186694E+00
                          0.9999999529959552E+00
                          0.9999999526715331E+00
                          0.9999999523454348E+00
                          0.9999999520176538E+00
                          0.9999999516864456E+00
                          0.9999999513570230E+00
                          0.9999999510241611E+00
                          0.9999999506895935E+00
                          0.9999999503528921E+00
                          0.9999999500152864E+00
                          0.9999999496756005E+00
                          0.9999999493339026E+00
                          0.9999999489909707E+00
                          0.9999999486460448E+00
                          0.9999999482993800E+00
                          0.9999999479509591E+00
                          0.9999999476007800E+00
                          0.9999999472488370E+00
                          0.9999999467931695E+00
                          0.9999999465392435E+00
                          0.9999999461823648E+00
                          0.9999999458233065E+00
                          0.9999999454623786E+00
                          0.9999999450998022E+00
                          0.9999999447352752E+00
                          0.9999999443690769E+00
                          0.9999999440009905E+00
                          0.9999999436252192E+00
                          0.9999999432581458E+00
                          0.9999999427753701E+00
                          0.9999999425103463E+00
                          0.9999999333306321E+00
                          0.9999999417537410E+00
                          0.9999999413722025E+00
                          0.9999999409901430E+00
                          0.9999999406054204E+00
                          0.9999999402187242E+00
                          0.9999999398303461E+00
                          0.9999999394399870E+00
                          0.9999999390477159E+00
                          0.9999999386535550E+00
                          0.9999999382574213E+00
                          0.9999999378594810E+00
                          0.9999999374595689E+00
                          0.9999999370577352E+00
                          0.9999999366539637E+00
                          0.9999999362482526E+00
                          0.9999999358405947E+00
                          0.9999999354309854E+00
                          0.9999999350188922E+00
                          0.9999999346058853E+00
                          0.9999999338282141E+00
                          0.9999999337291274E+00
                          0.9999999333534394E+00
                          0.9999999329319798E+00
                          0.9999999325085389E+00
                          0.9999999320820985E+00
                          0.9999999316556317E+00
                          0.9999999312261590E+00
                          0.9999999307946651E+00
                          0.9999999303611443E+00
                          0.9999999299255897E+00
                          0.9999999294879952E+00
                          0.9999999290483536E+00
                          0.9999999286066610E+00
                          0.9999999281629084E+00
                          0.9999999277170905E+00
                          0.9999999272692007E+00
                          0.9999999268192326E+00
                          0.9999999263671799E+00
                          0.9999999259130362E+00
                          0.9999999254567944E+00
                          0.9999999249984496E+00
                          0.9999999245379939E+00
                          0.9999999240754213E+00
                          0.9999999236107182E+00
                          0.9999999231438994E+00
                          0.9999999226749372E+00
                          0.9999999222037766E+00
                          0.9999999217129276E+00
                          0.9999999212550893E+00
                          0.9999999207775943E+00
                          0.9999999202978523E+00
                          0.9999999198159342E+00
                          0.9999999193318352E+00
                          0.9999999188455296E+00
                          0.9999999183570591E+00
                          0.9999999178663529E+00
                          0.9999999171311038E+00
                          0.9999999168783696E+00
                          0.9999999163810092E+00
                          0.9999999158814805E+00
                          0.9999999153796865E+00
                          0.9999999148752597E+00
                          0.9999999143692940E+00
                          0.9999999138605338E+00
                          0.9999999133499855E+00
                          0.9999999128369167E+00
                          0.9999999123212590E+00
                          0.9999999114517054E+00
                          0.9999999112839949E+00
                          0.9999999100415130E+00
                          0.9999999102373514E+00
                          0.9999999097095765E+00
                          0.9999999091800850E+00
                          0.9999999086499353E+00
                          0.9999999081161473E+00
                          0.9999999075800233E+00
                          0.9999999070415491E+00
                          0.9999999065007393E+00
                          0.9999999059575488E+00
                          0.9999999054120317E+00
                          0.9999999048584086E+00
                          0.9999999042921514E+00
                          0.9999999037583465E+00
                          0.9999999031794884E+00
                          0.9999999026482832E+00
                          0.9999999020888063E+00
                          0.9999999015083035E+00
                          0.9999999009458546E+00
                          0.9999999003945512E+00
                          0.9999998998251873E+00
                          0.9999998992532027E+00
                          0.9999998986264055E+00
                          0.9999998981018888E+00
                          0.9999998975225454E+00
                          0.9999998969401480E+00
                          0.9999998960403713E+00
                          0.9999998957696845E+00
                          0.9999998951804319E+00
                          0.9999998945767761E+00
                          0.9999998939944234E+00
                          0.9999998933976426E+00
                          0.9999998927983994E+00
                          0.9999998921966006E+00
                          0.9999998915922728E+00
                          0.9999998909854070E+00
                          0.9999998903759962E+00
                          0.9999998897640353E+00
                          0.9999998891495150E+00
                          0.9999998885324294E+00
                          0.9999998879127703E+00
                          0.9999998872905320E+00
                          0.9999998866630938E+00
                          0.9999998860382860E+00
                          0.9999998852650288E+00
                          0.9999998847756335E+00
                          0.9999998841403880E+00
                          0.9999998835024748E+00
                          0.9999998828603134E+00
                          0.9999998822188829E+00
                          0.9999998813132548E+00
                          0.9999998809243089E+00
                          0.9999998802728859E+00
                          0.9999998796192610E+00
                          0.9999998789579359E+00
                          0.9999998773414389E+00
                          0.9999998776423271E+00
                          0.9999998769779688E+00
                          0.9999998763101863E+00
                          0.9999998756408491E+00
                          0.9999998749682328E+00
                          0.9999998742927900E+00
                          0.9999998736147891E+00
                          0.9999998729339697E+00
                          0.9999998722503962E+00
                          0.9999998715640718E+00
                          0.9999998708749840E+00
                          0.9999998701831262E+00
                          0.9999998694884553E+00
                          0.9999998687662036E+00
                          0.9999998680908464E+00
                          0.9999998673878185E+00
                          0.9999998666805858E+00
                          0.9999998659734184E+00
                          0.9999998652619690E+00
                          0.9999998645476919E+00
                          0.9999998638305728E+00
                          0.9999998631106212E+00
                          0.9999998623878127E+00
                          0.9999998616621456E+00
                          0.9999998609335240E+00
                          0.9999998602022052E+00
                          0.9999998594679168E+00
                          0.9999998587307397E+00
                          0.9999998579905773E+00
                          0.9999998572476885E+00
                          0.9999998565017993E+00
                          0.9999998557529910E+00
                          0.9999998550012559E+00
                          0.9999998542464272E+00
                          0.9999998534889747E+00
                          0.9999998527284133E+00
                          0.9999998519648946E+00
                          0.9999998511984115E+00
                          0.9999998504287986E+00
                          0.9999998496565019E+00
                          0.9999998488810673E+00
                          0.9999998481026745E+00
                          0.9999998473212417E+00
                          0.9999998465367956E+00
                          0.9999998457446968E+00
                          0.9999998449586562E+00
                          0.9999998441653478E+00
                          0.9999998433110243E+00
                          0.9999998425678064E+00
                          0.9999998417665300E+00
                          0.9999998409608125E+00
                          0.9999998401520100E+00
                          0.9999998393283315E+00
                          0.9999998385251441E+00
                          0.9999998377070856E+00
                          0.9999998367843375E+00
                          0.9999998360616269E+00
                          0.9999998352342216E+00
                          0.9999998344033192E+00
                          0.9999998335699165E+00
                          0.9999998327200745E+00
                          0.9999998318922221E+00
                          0.9999998310481172E+00
                          0.9999998302027596E+00
                          0.9999998293543552E+00
                          0.9999998285017041E+00
                          0.9999998276458619E+00
                          0.9999998267868164E+00
                          0.9999998259245717E+00
                          0.9999998250591076E+00
                          0.9999998241904207E+00
                          0.9999998233185025E+00
                          0.9999998224432813E+00
                          0.9999998215649170E+00
                          0.9999998206832583E+00
                          0.9999998197983557E+00
                          0.9999998189075850E+00
                          0.9999998180186900E+00
                          0.9999998171239290E+00
                          0.9999998162258646E+00
                          0.9999998153171656E+00
                          0.9999998144198409E+00
                          0.9999998135101353E+00
                          0.9999998126005304E+00
                          0.9999998116858755E+00
                          0.9999998107678753E+00
                          0.9999998098456713E+00
                          0.9999998089218128E+00
                          0.9999998079937328E+00
                          0.9999998070622759E+00
                          0.9999998061274339E+00
                          0.9999998051891973E+00
                          0.9999998042475625E+00
                          0.9999998033025167E+00
                          0.9999998023540532E+00
                          0.9999998014021637E+00
                          0.9999998004468372E+00
                          0.9999997994880465E+00
                          0.9999997985258571E+00
                          0.9999997975601813E+00
                          0.9999997965910373E+00
                          0.9999997956184197E+00
                          0.9999997946423173E+00
                          0.9999997936627215E+00
                          0.9999997926796037E+00
                          0.9999997916913802E+00
                          0.9999997907028996E+00
                          0.9999997897091173E+00
                          0.9999997887120763E+00
                          0.9999997877113539E+00
                          0.9999997867069060E+00
                          0.9999997856989346E+00
                          0.9999997846878241E+00
                          0.9999997836714700E+00
                          0.9999997826543113E+00
                          0.9999997816321627E+00
                          0.9999997806049671E+00
                          0.9999997795770472E+00
                          0.9999997785440119E+00
                          0.9999997775074583E+00
                          0.9999997764336657E+00
                          0.9999997754233324E+00
                          0.9999997743757951E+00
                          0.9999997733245976E+00
                          0.9999997722697310E+00
                          0.9999997712111870E+00
                          0.9999997701489389E+00
                          0.9999997690830326E+00
                          0.9999997680134048E+00
                          0.9999997669400482E+00
                          0.9999997658623880E+00
                          0.9999997647822177E+00
                          0.9999997636976919E+00
                          0.9999997626094201E+00
                          0.9999997615173936E+00
                          0.9999997604216041E+00
                          0.9999997593220424E+00
                          0.9999997582187004E+00
                          0.9999997571115526E+00
                          0.9999997560006286E+00
                          0.9999997548859040E+00
                          0.9999997537646041E+00
                          0.9999997526408577E+00
                          0.9999997515187705E+00
                          0.9999997503887216E+00
                          0.9999997492548212E+00
                          0.9999997481170640E+00
                          0.9999997469754395E+00
                          0.9999997458299376E+00
                          0.9999997446804900E+00
                          0.9999997435272432E+00
                          0.9999997423700874E+00
                          0.9999997412089928E+00
                          0.9999997400439780E+00
                          0.9999997388750241E+00
                          0.9999997377021514E+00
                          0.9999997365253238E+00
                          0.9999997353445113E+00
                          0.9999997341597887E+00
                          0.9999997329710691E+00
                          0.9999997317773791E+00
                          0.9999997305816714E+00
                          0.9999997293809737E+00
                          0.9999997281762730E+00
                          0.9999997269675518E+00
                          0.9999997257547942E+00
                          0.9999997245379658E+00
                          0.9999997233170832E+00
                          0.9999997220923110E+00
                          0.9999997208633654E+00
                          0.9999997196303516E+00
                          0.9999997183932530E+00
                          0.9999997171450205E+00
                          0.9999997159067874E+00
                          0.9999997146573955E+00
                          0.9999997133968703E+00
                          0.9999997121462565E+00
                          0.9999997108844891E+00
                          0.9999997096185157E+00
                          0.9999997083485149E+00
                          0.9999997070742892E+00
                          0.9999997057958939E+00
                          0.9999997045133182E+00
                          0.9999997032265521E+00
                          0.9999997019355908E+00
                          0.9999997006404209E+00
                          0.9999996993410346E+00
                          0.9999996980374229E+00
                          0.9999996967295725E+00
                          0.9999996954174866E+00
                          0.9999996941011434E+00
                          0.9999996927805384E+00
                          0.9999996914556253E+00
                          0.9999996901264654E+00
                          0.9999996887930576E+00
                          0.9999996874553126E+00
                          0.9999996861132588E+00
                          0.9999996847664486E+00
                          0.9999996834161791E+00
                          0.9999996820609632E+00
                          0.9999996807017771E+00
                          0.9999996793377627E+00
                          0.9999996779699465E+00
                          0.9999996765974762E+00
                          0.9999996752206237E+00
                          0.9999996738393752E+00
                          0.9999996724537341E+00
                          0.9999996710636785E+00
                          0.9999996696692028E+00
                          0.9999996682702988E+00
                          0.9999996668669560E+00
                          0.9999996654591438E+00
                          0.9999996640469175E+00
                          0.9999996626301449E+00
                          0.9999996612086426E+00
                          0.9999996597833278E+00
                          0.9999996583531084E+00
                          0.9999996569184593E+00
                          0.9999996554793009E+00
                          0.9999996540355903E+00
                          0.9999996525873335E+00
                          0.9999996511328438E+00
                          0.9999996496771099E+00
                          0.9999996482153223E+00
                          0.9999996467488474E+00
                          0.9999996452777992E+00
                          0.9999996438021277E+00
                          0.9999996423219221E+00
                          0.9999996408370686E+00
                          0.9999996393474175E+00
                          0.9999996378535160E+00
                          0.9999996363547846E+00
                          0.9999996348514061E+00
                          0.9999996333433713E+00
                          0.9999996318264520E+00
                          0.9999996303132931E+00
                          0.9999996287912305E+00
                          0.9999996272644729E+00
                          0.9999996257330105E+00
                          0.9999996241968141E+00
                          0.9999996226559328E+00
                          0.9999996211102982E+00
                          0.9999996195599201E+00
                          0.9999996180047890E+00
                          0.9999996164448949E+00
                          0.9999996148802284E+00
                          0.9999996133107795E+00
                          0.9999996117365376E+00
                          0.9999996101574961E+00
                          0.9999996085736411E+00
                          0.9999996069849665E+00
                          0.9999996053914600E+00
                          0.9999996037931117E+00
                          0.9999996021899149E+00
                          0.9999996005818551E+00
                          0.9999995989689281E+00
                          0.9999995973507196E+00
                          0.9999995957274748E+00
                          0.9999995941008225E+00
                          0.9999995924682943E+00
                          0.9999995908158542E+00
                          0.9999995891885302E+00
                          0.9999995875412350E+00
                          0.9999995858889900E+00
                          0.9999995842316496E+00
                          0.9999995825696092E+00
                          0.9999995809024614E+00
                          0.9999995792303209E+00
                          0.9999995775410887E+00
                          0.9999995758710112E+00
                          0.9999995741838671E+00
                          0.9999995724916720E+00
                          0.9999995707944384E+00
                          0.9999995690921560E+00
                          0.9999995673848151E+00
                          0.9999995656724057E+00
                          0.9999995639549167E+00
                          0.9999995622323408E+00
                          0.9999995605046653E+00
                          0.9999995587718812E+00
                          0.9999995570339726E+00
                          0.9999995552909464E+00
                          0.9999995535427756E+00
                          0.9999995517894282E+00
                          0.9999995500308971E+00
                          0.9999995482673285E+00
                          0.9999995464985009E+00
                          0.9999995447244838E+00
                          0.9999995429446924E+00
                          0.9999995411608406E+00
                          0.9999995393711940E+00
                          0.9999995375763174E+00
                          0.9999995357762005E+00
                          0.9999995339708331E+00
                          0.9999995321602050E+00
                          0.9999995303443059E+00
                          0.9999995285231258E+00
                          0.9999995266962400E+00
                          0.9999995248648812E+00
                          0.9999995230277963E+00
                          0.9999995211853893E+00
                          0.9999995193376311E+00
                          0.9999995174845678E+00
                          0.9999995156260858E+00
                          0.9999995137623345E+00
                          0.9999995118930908E+00
                          0.9999995100186071E+00
                          0.9999995081386551E+00
                          0.9999995062533004E+00
                          0.9999995043624694E+00
                          0.9999995024663251E+00
                          0.9999995005647093E+00
                          0.9999994986576274E+00
                          0.9999994967451009E+00
                          0.9999994948271017E+00
                          0.9999994929036068E+00
                          0.9999994909746615E+00
                          0.9999994890377860E+00
                          0.9999994871002291E+00
                          0.9999994850147191E+00
                          0.9999994832037211E+00
                          0.9999994812471626E+00
                          0.9999994792850538E+00
                          0.9999994773173843E+00
                          0.9999994753440603E+00
                          0.9999994733653207E+00
                          0.9999994713809058E+00
                          0.9999994693908704E+00
                          0.9999994673952135E+00
                          0.9999994653939783E+00
                          0.9999994633854042E+00
                          0.9999994613745722E+00
                          0.9999994593563871E+00
                          0.9999994573325309E+00
                          0.9999994553029969E+00
                          0.9999994532677771E+00
                          0.9999994512268584E+00
                          0.9999994491802311E+00
                          0.9999994471278791E+00
                          0.9999994450698081E+00
                          0.9999994430059893E+00
                          0.9999994409364228E+00
                          0.9999994388609105E+00
                          0.9999994367799897E+00
                          0.9999994346929593E+00
                          0.9999994326004236E+00
                          0.9999994305019387E+00
                          0.9999994283976384E+00
                          0.9999994262875120E+00
                          0.9999994241715486E+00
                          0.9999994220497376E+00
                          0.9999994199218986E+00
                          0.9999994177885295E+00
                          0.9999994156490981E+00
                          0.9999994135038014E+00
                          0.9999994113525903E+00
                          0.9999994091954668E+00
                          0.9999994070324195E+00
                          0.9999994048634012E+00
                          0.9999994026884145E+00
                          0.9999994005075974E+00
                          0.9999993983141602E+00
                          0.9999993961279591E+00
                          0.9999993939291244E+00
                          0.9999993917243239E+00
                          0.9999993895135086E+00
                          0.9999993872962554E+00
                          0.9999993850737789E+00
                          0.9999993828448523E+00
                          0.9999993806098825E+00
                          0.9999993783688575E+00
                          0.9999993761217436E+00
                          0.9999993738685395E+00
                          0.9999993716092048E+00
                          0.9999993693438378E+00
                          0.9999993670723110E+00
                          0.9999993647946536E+00
                          0.9999993625108542E+00
                          0.9999993602208980E+00
                          0.9999993579247816E+00
                          0.9999993556224333E+00
                          0.9999993533140182E+00
                          0.9999993509993449E+00
                          0.9999993486784630E+00
                          0.9999993463513619E+00
                          0.9999993440180284E+00
                          0.9999993416784465E+00
                          0.9999993393323779E+00
                          0.9999993369801022E+00
                          0.9999993346220347E+00
                          0.9999993322575300E+00
                          0.9999993298865832E+00
                          0.9999993275093282E+00
                          0.9999993251257536E+00
                          0.9999993227358474E+00
                          0.9999993203396015E+00
                          0.9999993179370014E+00
                          0.9999993155280371E+00
                          0.9999993131126973E+00
                          0.9999993106909707E+00
                          0.9999993082628462E+00
                          0.9999993058283123E+00
                          0.9999993033873581E+00
                          0.9999993009399717E+00
                          0.9999992984849254E+00
                          0.9999992960258479E+00
                          0.9999992935591099E+00
                          0.9999992910858836E+00
                          0.9999992886061686E+00
                          0.9999992861199504E+00
                          0.9999992836272298E+00
                          0.9999992811279821E+00
                          0.9999992786222006E+00
                          0.9999992761098405E+00
                          0.9999992735909913E+00
                          0.9999992710655403E+00
                          0.9999992685334815E+00
                          0.9999992659924699E+00
                          0.9999992634369046E+00
                          0.9999992608875539E+00
                          0.9999992583393676E+00
                          0.9999992557742692E+00
                          0.9999992532025197E+00
                          0.9999992506241175E+00
                          0.9999992480390298E+00
                          0.9999992454472820E+00
                          0.9999992428488291E+00
                          0.9999992402436708E+00
                          0.9999992376317149E+00
                          0.9999992350131917E+00
                          0.9999992323878478E+00
                          0.9999992297557523E+00
                          0.9999992271168936E+00
                          0.9999992244709252E+00
                          0.9999992218188405E+00
                          0.9999992191596225E+00
                          0.9999992164935773E+00
                          0.9999992138207473E+00
                          0.9999992111410644E+00
                          0.9999992084536374E+00
                          0.9999992057611591E+00
                          0.9999992030609098E+00
                          0.9999992003537812E+00
                          0.9999991976396767E+00
                          0.9999991949188011E+00
                          0.9999991921910018E+00
                          0.9999991894562108E+00
                          0.9999991867145197E+00
                          0.9999991839658880E+00
                          0.9999991812098677E+00
                          0.9999991784475253E+00
                          0.9999991756781218E+00
                          0.9999991729015560E+00
                          0.9999991701179506E+00
                          0.9999991673245263E+00
                          0.9999991645297607E+00
                          0.9999991617250905E+00
                          0.9999991589133649E+00
                          0.9999991560945718E+00
                          0.9999991532686996E+00
                          0.9999991504357347E+00
                          0.9999991475956279E+00
                          0.9999991447484891E+00
                          0.9999991418941546E+00
                          0.9999991390327361E+00
                          0.9999991361641215E+00
                          0.9999991332878968E+00
                          0.9999991304053919E+00
                          0.9999991275153255E+00
                          0.9999991246180123E+00
                          0.9999991217134696E+00
                          0.9999991188017355E+00
                          0.9999991158827536E+00
                          0.9999991129565227E+00
                          0.9999991100230049E+00
                          0.9999991070822819E+00
                          0.9999991041342435E+00
                          0.9999991011789114E+00
                          0.9999990982162734E+00
                          0.9999990952463175E+00
                          0.9999990922690127E+00
                          0.9999990892843973E+00
                          0.9999990862924217E+00
                          0.9999990832922411E+00
                          0.9999990802863473E+00
                          0.9999990772722307E+00
                          0.9999990742507117E+00
                          0.9999990712217781E+00
                          0.9999990681854181E+00
                          0.9999990651416191E+00
                          0.9999990620903693E+00
                          0.9999990590314974E+00
                          0.9999990559654682E+00
                          0.9999990528917928E+00
                          0.9999990498106159E+00
                          0.9999990467218637E+00
                          0.9999990436257202E+00
                          0.9999990405219733E+00
                          0.9999990374106781E+00
                          0.9999990342916893E+00
                          0.9999990311634914E+00
                          0.9999990280313791E+00
                          0.9999990248896503E+00
                          0.9999990217403861E+00
                          0.9999990185835732E+00
                          0.9999990154183960E+00
                          0.9999990122471049E+00
                          0.9999990090673218E+00
                          0.9999990058764211E+00
                          0.9999990026847273E+00
                          0.9999989994818981E+00
                          0.9999989962700432E+00
                          0.9999989930530987E+00
                          0.9999989898271048E+00
                          0.9999989865933652E+00
                          0.9999989833518690E+00
                          0.9999989801026022E+00
                          0.9999989768455532E+00
                          0.9999989735807092E+00
                          0.9999989703080311E+00
                          0.9999989670275871E+00
                          0.9999989637392840E+00
                          0.9999989604431232E+00
                          0.9999989571391317E+00
                          0.9999989538272560E+00
                          0.9999989505074930E+00
                          0.9999989471798464E+00
                          0.9999989438442926E+00
                          0.9999989405008153E+00
                          0.9999989371494057E+00
                          0.9999989337900519E+00
                          0.9999989304227407E+00
                          0.9999989270474599E+00
                          0.9999989236590833E+00
                          0.9999989202729336E+00
                          0.9999989168736735E+00
                          0.9999989134663880E+00
                          0.9999989100510700E+00
                          0.9999989066277066E+00
                          0.9999989031605195E+00
                          0.9999988997567935E+00
                          0.9999988963092192E+00
                          0.9999988928535487E+00
                          0.9999988893897520E+00
                          0.9999988859178696E+00
                          0.9999988824378355E+00
                          0.9999988789496550E+00
                          0.9999988754533153E+00
                          0.9999988719488037E+00
                          0.9999988684360528E+00
                          0.9999988649152072E+00
                          0.9999988613861099E+00
                          0.9999988578487786E+00
                          0.9999988543032210E+00
                          0.9999988507494102E+00
                          0.9999988471873382E+00
                          0.9999988436169923E+00
                          0.9999988400383545E+00
                          0.9999988364514272E+00
                          0.9999988328561810E+00
                          0.9999988292525757E+00
                          0.9999988256407042E+00
                          0.9999988220204451E+00
                          0.9999988183918223E+00
                          0.9999988147547900E+00
                          0.9999988111094333E+00
                          0.9999988074556417E+00
                          0.9999988037934346E+00
                          0.9999988001227994E+00
                          0.9999987964437229E+00
                          0.9999987927561792E+00
                          0.9999987890601946E+00
                          0.9999987853557168E+00
                          0.9999987816427461E+00
                          0.9999987779212695E+00
                          0.9999987741912738E+00
                          0.9999987704527461E+00
                          0.9999987667056737E+00
                          0.9999987629500434E+00
                          0.9999987591858420E+00
                          0.9999987554130567E+00
                          0.9999987516316716E+00
                          0.9999987478416819E+00
                          0.9999987440430652E+00
                          0.9999987402358129E+00
                          0.9999987364198756E+00
                          0.9999987325953495E+00
                          0.9999987287621043E+00
                          0.9999987249201835E+00
                          0.9999987210695542E+00
                          0.9999987172102102E+00
                          0.9999987133421381E+00
                          0.9999987094651326E+00
                          0.9999987055797575E+00
                          0.9999987016853987E+00
                          0.9999986977823070E+00
                          0.9999986938703976E+00
                          0.9999986899496813E+00
                          0.9999986860201345E+00
                          0.9999986820817747E+00
                          0.9999986781345579E+00
                          0.9999986741784802E+00
                          0.9999986702135019E+00
                          0.9999986662396951E+00
                          0.9999986622569595E+00
                          0.9999986582653106E+00
                          0.9999986542647356E+00
                          0.9999986502552209E+00
                          0.9999986462367535E+00
                          0.9999986422093198E+00
                          0.9999986381729067E+00
                          0.9999986341274532E+00
                          0.9999986300730885E+00
                          0.9999986260045842E+00
                          0.9999986219371921E+00
                          0.9999986178428510E+00
                          0.9999986137651107E+00
                          0.9999986096651327E+00
                          0.9999986055567369E+00
                          0.9999986014388835E+00
                          0.9999985973119636E+00
                          0.9999985931758585E+00
                          0.9999985890306834E+00
                          0.9999985848763194E+00
                          0.9999985807127885E+00
                          0.9999985765400695E+00
                          0.9999985723581711E+00
                          0.9999985681670028E+00
                          0.9999985639667227E+00
                          0.9999985597571529E+00
                          0.9999985555383375E+00
                          0.9999985513102559E+00
                          0.9999985470729049E+00
                          0.9999985428262621E+00
                          0.9999985385703036E+00
                          0.9999985343049966E+00
                          0.9999985300304660E+00
                          0.9999985257464065E+00
                          0.9999985214532425E+00
                          0.9999985171505821E+00
                          0.9999985128385378E+00
                          0.9999985085170771E+00
                          0.9999985041862428E+00
                          0.9999984998459650E+00
                          0.9999984954962485E+00
                          0.9999984911370798E+00
                          0.9999984867684455E+00
                          0.9999984823903315E+00
                          0.9999984780027212E+00
                          0.9999984736056099E+00
                          0.9999984691989737E+00
                          0.9999984647828056E+00
                          0.9999984603570783E+00
                          0.9999984559218085E+00
                          0.9999984514769520E+00
                          0.9999984470225087E+00
                          0.9999984425584607E+00
                          0.9999984380847958E+00
                          0.9999984336015001E+00
                          0.9999984291085506E+00
                          0.9999984246059608E+00
                          0.9999984200936894E+00
                          0.9999984155717322E+00
                          0.9999984110400567E+00
                          0.9999984064982835E+00
                          0.9999984019475927E+00
                          0.9999983973867500E+00
                          0.9999983928161680E+00
                          0.9999983882358001E+00
                          0.9999983836456537E+00
                          0.9999983790456519E+00
                          0.9999983744359457E+00
                          0.9999983698163601E+00
                          0.9999983651869468E+00
                          0.9999983605476722E+00
                          0.9999983558985310E+00
                          0.9999983512394902E+00
                          0.9999983465705914E+00
                          0.9999983418917633E+00
                          0.9999983372030038E+00
                          0.9999983325043208E+00
                          0.9999983277956923E+00
                          0.9999983230770897E+00
                          0.9999983183484855E+00
                          0.9999983136099322E+00
                          0.9999983088613515E+00
                          0.9999983041027487E+00
                          0.9999982993341102E+00
                          0.9999982945554221E+00
                          0.9999982897666455E+00
                          0.9999982849678353E+00
                          0.9999982801589197E+00
                          0.9999982753398922E+00
                          0.9999982705106273E+00
                          0.9999982656714624E+00
                          0.9999982608220328E+00
                          0.9999982559624399E+00
                          0.9999982510926700E+00
                          0.9999982462127091E+00
                          0.9999982413225432E+00
                          0.9999982364221577E+00
                          0.9999982315115384E+00
                          0.9999982265906712E+00
                          0.9999982216595419E+00
                          0.9999982167181107E+00
                          0.9999982117664395E+00
                          0.9999982068043449E+00
                          0.9999982018321173E+00
                          0.9999981968494630E+00
                          0.9999981918564169E+00
                          0.9999981868530964E+00
                          0.9999981818393555E+00
                          0.9999981768152137E+00
                          0.9999981717806867E+00
                          0.9999981667357302E+00
                          0.9999981616803397E+00
                          0.9999981566145010E+00
                          0.9999981515381995E+00
                          0.9999981464514209E+00
                          0.9999981413541509E+00
                          0.9999981362463750E+00
                          0.9999981311280787E+00
                          0.9999981259992470E+00
                          0.9999981208598648E+00
                          0.9999981157097964E+00
                          0.9999981105494015E+00
                          0.9999981053782417E+00
                          0.9999981001965651E+00
                          0.9999980950041661E+00
                          0.9999980898012423E+00
                          0.9999980845876077E+00
                          0.9999980793633166E+00
                          0.9999980741283422E+00
                          0.9999980688826732E+00
                          0.9999980636262483E+00
                          0.9999980583591942E+00
                          0.9999980530813550E+00
                          0.9999980477927634E+00
                          0.9999980424933524E+00
                          0.9999980371832646E+00
                          0.9999980318623281E+00
                          0.9999980265305805E+00
                          0.9999980211880074E+00
                          0.9999980158345941E+00
                          0.9999980104703260E+00
                          0.9999980050951882E+00
                          0.9999979997091664E+00
                          0.9999979943122457E+00
                          0.9999979889044114E+00
                          0.9999979834856488E+00
                          0.9999979780559433E+00
                          0.9999979726152768E+00
                          0.9999979671636424E+00
                          0.9999979617010214E+00
                          0.9999979562273942E+00
                          0.9999979507427551E+00
                          0.9999979452470820E+00
                          0.9999979397403629E+00
                          0.9999979342225822E+00
                          0.9999979286937265E+00
                          0.9999979231537798E+00
                          0.9999979176027275E+00
                          0.9999979120405549E+00
                          0.9999979064672427E+00
                          0.9999979008827896E+00
                          0.9999978952871671E+00
                          0.9999978896803647E+00
                          0.9999978840623679E+00
                          0.9999978784331611E+00
                          0.9999978727926427E+00
                          0.9999978671410605E+00
                          0.9999978614778160E+00
                          0.9999978558039426E+00
                          0.9999978501182335E+00
                          0.9999978444216884E+00
                          0.9999978387135977E+00
                          0.9999978329941780E+00
                          0.9999978272634144E+00
                          0.9999978215212918E+00
                          0.9999978157677952E+00
                          0.9999978100029097E+00
                          0.9999978042266202E+00
                          0.9999977984388669E+00
                          0.9999977926397691E+00
                          0.9999977868291762E+00
                          0.9999977810071216E+00
                          0.9999977751735860E+00
                          0.9999977693285571E+00
                          0.9999977634720174E+00
                          0.9999977576039549E+00
                          0.9999977517242479E+00
                          0.9999977458331945E+00
                          0.9999977399303982E+00
                          0.9999977340161422E+00
                          0.9999977280902308E+00
                          0.9999977221527140E+00
                          0.9999977162035548E+00
                          0.9999977102427516E+00
                          0.9999977042702868E+00
                          0.9999976982861459E+00
                          0.9999976922903134E+00
                          0.9999976862827658E+00
                          0.9999976802635150E+00
                          0.9999976742324120E+00
                          0.9999976681897685E+00
                          0.9999976621352518E+00
                          0.9999976560689523E+00
                          0.9999976499908549E+00
                          0.9999976439009443E+00
                          0.9999976377992050E+00
                          0.9999976316856217E+00
                          0.9999976255601798E+00
                          0.9999976194228630E+00
                          0.9999976132736564E+00
                          0.9999976071125447E+00
                          0.9999976009395124E+00
                          0.9999975947545434E+00
                          0.9999975885576248E+00
                          0.9999975823487386E+00
                          0.9999975761277892E+00
                          0.9999975698950030E+00
                          0.9999975636501169E+00
                          0.9999975573932194E+00
                          0.9999975511242682E+00
                          0.9999975448432390E+00
                          0.9999975385501746E+00
                          0.9999975322449952E+00
                          0.9999975259277200E+00
                          0.9999975195983185E+00
                          0.9999975132566703E+00
                          0.9999975069030824E+00
                          0.9999975005370940E+00
                          0.9999974941591934E+00
                          0.9999974877689543E+00
                          0.9999974813665009E+00
                          0.9999974749518142E+00
                          0.9999974685248896E+00
                          0.9999974620856646E+00
                          0.9999974556341004E+00
                          0.9999974491704191E+00
                          0.9999974426944116E+00
                          0.9999974362060227E+00
                          0.9999974297052954E+00
                          0.9999974231920882E+00
                          0.9999974166667611E+00
                          0.9999974101289224E+00
                          0.9999974035786836E+00
                          0.9999973970160269E+00
                          0.9999973904409374E+00
                          0.9999973838533993E+00
                          0.9999973772533970E+00
                          0.9999973706409149E+00
                          0.9999973640159370E+00
                          0.9999973573784476E+00
                          0.9999973507284312E+00
                          0.9999973440658719E+00
                          0.9999973373907539E+00
                          0.9999973307030615E+00
                          0.9999973240027785E+00
                          0.9999973172898903E+00
                          0.9999973105643799E+00
                          0.9999973038261896E+00
                          0.9999972970754304E+00
                          0.9999972903119430E+00
                          0.9999972835358039E+00
                          0.9999972767469472E+00
                          0.9999972699453735E+00
                          0.9999972631310667E+00
                          0.9999972563040124E+00
                          0.9999972494641931E+00
                          0.9999972426115934E+00
                          0.9999972357461975E+00
                          0.9999972288679855E+00
                          0.9999972219769532E+00
                          0.9999972150730728E+00
                          0.9999972081563325E+00
                          0.9999972012267163E+00
                          0.9999971942842081E+00
                          0.9999971873287919E+00
                          0.9999971803604519E+00
                          0.9999971733791717E+00
                          0.9999971663849361E+00
                          0.9999971593777262E+00
                          0.9999971523575326E+00
                          0.9999971453243328E+00
                          0.9999971382781130E+00
                          0.9999971312188571E+00
                          0.9999971241465490E+00
                          0.9999971170611727E+00
                          0.9999971099627120E+00
                          0.9999971028510649E+00
                          0.9999970957264732E+00
                          0.9999970885886629E+00
                          0.9999970814377037E+00
                          0.9999970742735796E+00
                          0.9999970670962742E+00
                          0.9999970599057720E+00
                          0.9999970527020562E+00
                          0.9999970454851086E+00
                          0.9999970382549197E+00
                          0.9999970310114665E+00
                          0.9999970237547352E+00
                          0.9999970164846487E+00
                          0.9999970092013731E+00
                          0.9999970019047100E+00
                          0.9999969945947037E+00
                          0.9999969872713360E+00
                          0.9999969799345968E+00
                          0.9999969725844636E+00
                          0.9999969652209222E+00
                          0.9999969578439564E+00
                          0.9999969504535497E+00
                          0.9999969430496860E+00
                          0.9999969356323488E+00
                          0.9999969282015216E+00
                          0.9999969207571887E+00
                          0.9999969132993333E+00
                          0.9999969058279341E+00
                          0.9999968983429892E+00
                          0.9999968908444681E+00
                          0.9999968833323589E+00
                          0.9999968758066453E+00
                          0.9999968682673109E+00
                          0.9999968607143394E+00
                          0.9999968531477140E+00
                          0.9999968455674173E+00
                          0.9999968379734366E+00
                          0.9999968303657516E+00
                          0.9999968227443471E+00
                          0.9999968151092066E+00
                          0.9999968074603136E+00
                          0.9999967997976515E+00
                          0.9999967921212023E+00
                          0.9999967844309545E+00
                          0.9999967767268865E+00
                          0.9999967690089833E+00
                          0.9999967612772284E+00
                          0.9999967535316053E+00
                          0.9999967457720975E+00
                          0.9999967379986883E+00
                          0.9999967302113610E+00
                          0.9999967224100725E+00
                          0.9999967145948861E+00
                          0.9999967067657054E+00
                          0.9999966989225402E+00
                          0.9999966910653738E+00
                          0.9999966831941898E+00
                          0.9999966753089713E+00
                          0.9999966674097017E+00
                          0.9999966594963644E+00
                          0.9999966515689427E+00
                          0.9999966436274198E+00
                          0.9999966356717790E+00
                          0.9999966277020037E+00
                          0.9999966197180771E+00
                          0.9999966117199823E+00
                          0.9999966037077028E+00
                          0.9999965956812217E+00
                          0.9999965876405222E+00
                          0.9999965795855877E+00
                          0.9999965715164013E+00
                          0.9999965634329461E+00
                          0.9999965553352054E+00
                          0.9999965472231623E+00
                          0.9999965390968002E+00
                          0.9999965309561020E+00
                          0.9999965228010509E+00
                          0.9999965146316300E+00
                          0.9999965064478226E+00
                          0.9999964982496117E+00
                          0.9999964900369804E+00
                          0.9999964818099120E+00
                          0.9999964735683893E+00
                          0.9999964653123954E+00
                          0.9999964570419136E+00
                          0.9999964487569268E+00
                          0.9999964404574181E+00
                          0.9999964321433705E+00
                          0.9999964238147672E+00
                          0.9999964154715909E+00
                          0.9999964071138249E+00
                          0.9999963987414521E+00
                          0.9999963903544553E+00
                          0.9999963819528178E+00
                          0.9999963735365225E+00
                          0.9999963651055522E+00
                          0.9999963566598900E+00
                          0.9999963481995188E+00
                          0.9999963397244215E+00
                          0.9999963312345810E+00
                          0.9999963227299803E+00
                          0.9999963142106022E+00
                          0.9999963056764297E+00
                          0.9999962971274456E+00
                          0.9999962885636329E+00
                          0.9999962799849743E+00
                          0.9999962713914528E+00
                          0.9999962627830511E+00
                          0.9999962541597520E+00
                          0.9999962455215385E+00
                          0.9999962368683935E+00
                          0.9999962282002994E+00
                          0.9999962195172394E+00
                          0.9999962108191960E+00
                          0.9999962021061521E+00
                          0.9999961933780904E+00
                          0.9999961846349938E+00
                          0.9999961758768450E+00
                          0.9999961671036266E+00
                          0.9999961583153214E+00
                          0.9999961495119122E+00
                          0.9999961406933815E+00
                          0.9999961318597121E+00
                          0.9999961230108869E+00
                          0.9999961141468883E+00
                          0.9999961052676990E+00
                          0.9999960963733017E+00
                          0.9999960874636791E+00
                          0.9999960785388137E+00
                          0.9999960695986883E+00
                          0.9999960606432853E+00
                          0.9999960516725874E+00
                          0.9999960426865774E+00
                          0.9999960336852376E+00
                          0.9999960246685506E+00
                          0.9999960156364992E+00
                          0.9999960065890657E+00
                          0.9999959975262328E+00
                          0.9999959884479830E+00
                          0.9999959793542987E+00
                          0.9999959702451626E+00
                          0.9999959611205572E+00
                          0.9999959519804649E+00
                          0.9999959428248681E+00
                          0.9999959336537495E+00
                          0.9999959244670915E+00
                          0.9999959152648764E+00
                          0.9999959060470869E+00
                          0.9999958968137052E+00
                          0.9999958875647139E+00
                          0.9999958783000953E+00
                          0.9999958690198318E+00
                          0.9999958597239059E+00
                          0.9999958504123000E+00
                          0.9999958410849963E+00
                          0.9999958317419774E+00
                          0.9999958223832255E+00
                          0.9999958130087230E+00
                          0.9999958036184521E+00
                          0.9999957942123954E+00
                          0.9999957847905351E+00
                          0.9999957753528533E+00
                          0.9999957658993327E+00
                          0.9999957564299552E+00
                          0.9999957469447034E+00
                          0.9999957374435593E+00
                          0.9999957279265053E+00
                          0.9999957183935236E+00
                          0.9999957088445965E+00
                          0.9999956992797062E+00
                          0.9999956896988350E+00
                          0.9999956801019649E+00
                          0.9999956704890783E+00
                          0.9999956608601572E+00
                          0.9999956512151841E+00
                          0.9999956415541408E+00
                          0.9999956318770097E+00
                          0.9999956221837728E+00
                          0.9999956124744123E+00
                          0.9999956027489104E+00
                          0.9999955930072492E+00
                          0.9999955832494106E+00
                          0.9999955734753770E+00
                          0.9999955636851304E+00
                          0.9999955538786528E+00
                          0.9999955440559264E+00
                          0.9999955342169331E+00
                          0.9999955243616551E+00
                          0.9999955144900743E+00
                          0.9999955046021728E+00
                          0.9999954946979326E+00
                          0.9999954847773358E+00
                          0.9999954748403643E+00
                          0.9999954648870001E+00
                          0.9999954549172253E+00
                          0.9999954449310218E+00
                          0.9999954349283714E+00
                          0.9999954249092563E+00
                          0.9999954148736583E+00
                          0.9999954048215594E+00
                          0.9999953947529415E+00
                          0.9999953846677865E+00
                          0.9999953745660762E+00
                          0.9999953644477928E+00
                          0.9999953543129179E+00
                          0.9999953441614334E+00
                          0.9999953339933213E+00
                          0.9999953238085634E+00
                          0.9999953136071414E+00
                          0.9999953033890373E+00
                          0.9999952931542330E+00
                          0.9999952829027100E+00
                          0.9999952726344504E+00
                          0.9999952623494359E+00
                          0.9999952520476483E+00
                          0.9999952417290692E+00
                          0.9999952313936806E+00
                          0.9999952210414642E+00
                          0.9999952106724016E+00
                          0.9999952002864747E+00
                          0.9999951898836652E+00
                          0.9999951794639548E+00
                          0.9999951690273251E+00
                          0.9999951585737580E+00
                          0.9999951481032350E+00
                          0.9999951376157378E+00
                          0.9999951271112482E+00
                          0.9999951165897476E+00
                          0.9999951060512179E+00
                          0.9999950954956407E+00
                          0.9999950849229975E+00
                          0.9999950743332701E+00
                          0.9999950637264399E+00
                          0.9999950531024885E+00
                          0.9999950424613977E+00
                          0.9999950318031489E+00
                          0.9999950211277238E+00
                          0.9999950104351037E+00
                          0.9999949997252704E+00
                          0.9999949889982054E+00
                          0.9999949782538902E+00
                          0.9999949674923062E+00
                          0.9999949567134351E+00
                          0.9999949459172582E+00
                          0.9999949351037571E+00
                          0.9999949242729134E+00
                          0.9999949134247084E+00
                          0.9999949025591235E+00
                          0.9999948916761403E+00
                          0.9999948807757402E+00
                          0.9999948698579045E+00
                          0.9999948589226147E+00
                          0.9999948479698524E+00
                          0.9999948369995987E+00
                          0.9999948260118352E+00
                          0.9999948150065431E+00
                          0.9999948039837040E+00
                          0.9999947929432990E+00
                          0.9999947818853095E+00
                          0.9999947708097171E+00
                          0.9999947597165029E+00
                          0.9999947486056482E+00
                          0.9999947374771343E+00
                          0.9999947263309427E+00
                          0.9999947151670545E+00
                          0.9999947039854510E+00
                          0.9999946927861135E+00
                          0.9999946815690233E+00
                          0.9999946703341616E+00
                          0.9999946590815096E+00
                          0.9999946478110487E+00
                          0.9999946365227599E+00
                          0.9999946252166245E+00
                          0.9999946138926238E+00
                          0.9999946025507389E+00
                          0.9999945911909509E+00
                          0.9999945798132411E+00
                          0.9999945684175906E+00
                          0.9999945570039805E+00
                          0.9999945455723922E+00
                          0.9999945341228065E+00
                          0.9999945226552046E+00
                          0.9999945111695677E+00
                          0.9999944996658769E+00
                          0.9999944881441133E+00
                          0.9999944766042579E+00
                          0.9999944650462919E+00
                          0.9999944534701961E+00
                          0.9999944418759518E+00
                          0.9999944302635400E+00
                          0.9999944186329417E+00
                          0.9999944069841379E+00
                          0.9999943953171097E+00
                          0.9999943836318379E+00
                          0.9999943719283036E+00
                          0.9999943602064880E+00
                          0.9999943484663718E+00
                          0.9999943367079360E+00
                          0.9999943249311617E+00
                          0.9999943131360296E+00
                          0.9999943013225209E+00
                          0.9999942894906163E+00
                          0.9999942776402969E+00
                          0.9999942657715435E+00
                          0.9999942538843369E+00
                          0.9999942419786583E+00
                          0.9999942300544882E+00
                          0.9999942181118077E+00
                          0.9999942061505975E+00
                          0.9999941941708386E+00
                          0.9999941821725117E+00
                          0.9999941701555978E+00
                          0.9999941581200774E+00
                          0.9999941460659316E+00
                          0.9999941339931412E+00
                          0.9999941219016868E+00
                          0.9999941097915492E+00
                          0.9999940976627093E+00
                          0.9999940855151478E+00
                          0.9999940733488453E+00
                          0.9999940611637828E+00
                          0.9999940489599407E+00
                          0.9999940367373000E+00
                          0.9999940244958414E+00
                          0.9999940122355454E+00
                          0.9999939999563927E+00
                          0.9999939876583642E+00
                          0.9999939753414404E+00
                          0.9999939630056019E+00
                          0.9999939506508295E+00
                          0.9999939382771037E+00
                          0.9999939258844053E+00
                          0.9999939134727147E+00
                          0.9999939010420126E+00
                          0.9999938885922797E+00
                          0.9999938761234964E+00
                          0.9999938636356435E+00
                          0.9999938511287013E+00
                          0.9999938386026506E+00
                          0.9999938260574717E+00
                          0.9999938134931454E+00
                          0.9999938009096521E+00
                          0.9999937883069723E+00
                          0.9999937756850865E+00
                          0.9999937630439752E+00
                          0.9999937503836190E+00
                          0.9999937377039982E+00
                          0.9999937250050935E+00
                          0.9999937122868852E+00
                          0.9999936995493537E+00
                          0.9999936867924795E+00
                          0.9999936740162431E+00
                          0.9999936612206247E+00
                          0.9999936484056050E+00
                          0.9999936355711643E+00
                          0.9999936227172829E+00
                          0.9999936098439411E+00
                          0.9999935969511196E+00
                          0.9999935840387983E+00
                          0.9999935711069581E+00
                          0.9999935581555789E+00
                          0.9999935451846411E+00
                          0.9999935321941252E+00
                          0.9999935191840114E+00
                          0.9999935061542800E+00
                          0.9999934931049113E+00
                          0.9999934800358855E+00
                          0.9999934669471829E+00
                          0.9999934538387839E+00
                          0.9999934407106686E+00
                          0.9999934275628174E+00
                          0.9999934143952104E+00
