 Species molar concentration at each layer [mol/mol]
  0.9740E+00
  0.8000E-02
  0.1800E-01
  0.2794E-01
  0.9740E+00
  0.8000E-02
  0.1800E-01
  0.2327E-01
  0.9740E+00
  0.8000E-02
  0.1800E-01
  0.1924E-01
  0.9740E+00
  0.8000E-02
  0.1800E-01
  0.1568E-01
  0.9740E+00
  0.8000E-02
  0.1800E-01
  0.1257E-01
  0.9740E+00
  0.8000E-02
  0.1800E-01
  0.9888E-02
  0.9740E+00
  0.8000E-02
  0.1800E-01
  0.7609E-02
  0.9740E+00
  0.8000E-02
  0.1800E-01
  0.5707E-02
  0.9740E+00
  0.8000E-02
  0.1800E-01
  0.4154E-02
  0.9740E+00
  0.8000E-02
  0.1800E-01
  0.2923E-02
  0.9740E+00
  0.8000E-02
  0.1800E-01
  0.1980E-02
  0.9740E+00
  0.8000E-02
  0.1800E-01
  0.1288E-02
  0.9740E+00
  0.8000E-02
  0.1800E-01
  0.7776E-03
  0.9740E+00
  0.8000E-02
  0.1800E-01
  0.4318E-03
  0.9740E+00
  0.8000E-02
  0.1800E-01
  0.2283E-03
  0.9740E+00
  0.8000E-02
  0.1800E-01
  0.1152E-03
  0.9740E+00
  0.8000E-02
  0.1800E-01
  0.8245E-04
  0.9740E+00
  0.8000E-02
  0.1800E-01
  0.8245E-04
  0.9740E+00
  0.8000E-02
  0.1800E-01
  0.8245E-04
  0.9740E+00
  0.8000E-02
  0.1800E-01
  0.8245E-04
  0.9740E+00
  0.8000E-02
  0.1800E-01
  0.8245E-04
  0.9740E+00
  0.8000E-02
  0.1800E-01
  0.8245E-04
  0.9740E+00
  0.8000E-02
  0.1800E-01
  0.7990E-04
  0.9740E+00
  0.8000E-02
  0.1800E-01
  0.6978E-04
  0.9740E+00
  0.8000E-02
  0.1800E-01
  0.6232E-04
  0.9740E+00
  0.8000E-02
  0.1800E-01
  0.5569E-04
  0.9740E+00
  0.8000E-02
  0.1800E-01
  0.4865E-04
  0.9740E+00
  0.8000E-02
  0.1800E-01
  0.4356E-04
  0.9740E+00
  0.8000E-02
  0.1800E-01
  0.3812E-04
  0.9740E+00
  0.8000E-02
  0.1800E-01
  0.3340E-04
  0.9740E+00
  0.8000E-02
  0.1800E-01
  0.2715E-04
  0.9740E+00
  0.8000E-02
  0.1800E-01
  0.2146E-04
  0.9740E+00
  0.8000E-02
  0.1800E-01
  0.1604E-04
  0.9740E+00
  0.8000E-02
  0.1800E-01
  0.1227E-04
  0.9740E+00
  0.8000E-02
  0.1800E-01
  0.9366E-05
  0.9740E+00
  0.8000E-02
  0.1800E-01
  0.7579E-05
  0.9740E+00
  0.8000E-02
  0.1800E-01
  0.6542E-05
  0.9740E+00
  0.8000E-02
  0.1800E-01
  0.5694E-05
  0.9740E+00
  0.8000E-02
  0.1800E-01
  0.5342E-05
  0.9740E+00
  0.8000E-02
  0.1800E-01
  0.5342E-05
  0.9740E+00
  0.8000E-02
  0.1800E-01
  0.5342E-05
  0.9740E+00
  0.8000E-02
  0.1800E-01
  0.5342E-05
  0.9740E+00
  0.8000E-02
  0.1800E-01
  0.5342E-05
  0.9740E+00
  0.8000E-02
  0.1800E-01
  0.5342E-05
  0.9740E+00
  0.8000E-02
  0.1800E-01
  0.5342E-05
  0.9740E+00
  0.8000E-02
  0.1800E-01
  0.5342E-05
  0.9740E+00
  0.8000E-02
  0.1800E-01
  0.5342E-05
  0.9740E+00
  0.8000E-02
  0.1800E-01
  0.5342E-05
  0.9740E+00
  0.8000E-02
  0.1800E-01
  0.5342E-05
  0.9740E+00
  0.8000E-02
  0.1800E-01
  0.3945E-05
