 Downwards broadband flux at each level [W/m2]
      994.4635
      909.1599
      829.0263
      757.3872
      692.2198
      632.3403
      576.6282
      523.7541
      470.6429
      413.7193
      351.6020
      292.1276
      243.9166
      208.4158
      181.1017
      159.4580
      146.6538
      141.9817
      139.3037
      135.7631
      130.6638
      124.3429
      117.1659
      109.5553
      102.2981
       95.2296
       88.1309
       81.2700
       74.3802
       67.4814
       60.2997
       53.2644
       46.5577
       40.5991
       35.3055
       30.7470
       26.8107
       23.2529
       20.1360
       17.4765
       15.1643
       12.9438
       10.5712
        8.1626
        6.2435
        4.6819
        2.7006
        1.1059
        0.2523
        0.0150
        0.0000
