 height of levels
  0.0000E+00
  0.8222E+04
  0.1580E+05
  0.2277E+05
  0.2920E+05
  0.3512E+05
  0.4060E+05
  0.4569E+05
  0.5045E+05
  0.5491E+05
  0.5914E+05
  0.6317E+05
  0.6702E+05
  0.7074E+05
  0.7434E+05
  0.7785E+05
  0.8129E+05
  0.8471E+05
  0.8820E+05
  0.9176E+05
  0.9541E+05
  0.9914E+05
  0.1030E+06
  0.1069E+06
  0.1109E+06
  0.1150E+06
  0.1192E+06
  0.1236E+06
  0.1282E+06
  0.1329E+06
  0.1377E+06
  0.1428E+06
  0.1481E+06
  0.1535E+06
  0.1592E+06
  0.1652E+06
  0.1714E+06
  0.1780E+06
  0.1851E+06
  0.1926E+06
  0.2008E+06
  0.2098E+06
  0.2197E+06
  0.2306E+06
  0.2427E+06
  0.2566E+06
  0.2729E+06
  0.2920E+06
  0.3148E+06
  0.3414E+06
  0.3475E+06
