   0.0000000000000000     
   3.4165160050339595E-005
   3.4169787840337488E-005
   3.4174617529092073E-005
   3.4179445935874767E-005
   3.6749356241274317E-005
   4.6849500802732161E-005
   6.3574899361995696E-005
   8.3035688883646735E-005
   1.0484484503250487E-004
   1.2902006878007230E-004
   1.5532680864794454E-004
   1.8494645187521749E-004
   2.1621216259183016E-004
   2.4980128689645539E-004
   2.8465147790808298E-004
   3.2406362125112761E-004
   3.6381953876110716E-004
   4.0675795775193277E-004
   4.5198325831006337E-004
   4.9867339132566571E-004
   5.4728504812461335E-004
   5.9792034808174273E-004
   6.5224193781755800E-004
   7.0610448616979392E-004
   7.6946370142795930E-004
   8.2500661670384769E-004
   8.8840427065620640E-004
   9.5580398872226213E-004
   1.0202417659659962E-003
   1.0871768924585726E-003
   1.1582009260129773E-003
   1.2302383148460458E-003
   1.3017810787430823E-003
   1.3679961477363715E-003
   1.4647680338773792E-003
   1.5479274203982713E-003
   1.6305277692964999E-003
   1.7254075213409676E-003
   1.8041589492937074E-003
   1.8801461475235722E-003
   1.9847560432263156E-003
   2.0813979261386554E-003
   2.1798997721879966E-003
   2.2703922739180310E-003
   2.3724824619752566E-003
   2.4721612668129295E-003
   2.5529440415087072E-003
   2.6637216131878290E-003
   2.7665404834956919E-003
   2.8783432162239530E-003
   2.9899307140755882E-003
   3.0964290223927039E-003
   3.2231998070030147E-003
   3.3226089308047604E-003
   3.4145790219476538E-003
   3.5410991960726297E-003
   3.6916650209196603E-003
   3.7889921029559664E-003
   3.8181444772650980E-003
   3.9594148450199235E-003
   4.0868171594213108E-003
   4.1596933895532671E-003
   4.4213587559177280E-003
   4.4807470049742296E-003
   4.5044052185316723E-003
   4.3962483448420978E-003
   4.5763911493184048E-003
   4.4941441876326753E-003
   5.1344414201743563E-003
   5.0037259246365120E-003
   5.0064025983908690E-003
   4.9311258266821686E-003
   5.0534679840159380E-003
   5.3372680697547879E-003
   5.5998964367437731E-003
   5.5951570592977220E-003
   5.3491372275907287E-003
   5.1377180114871839E-003
   5.3558050922099124E-003
   5.4648397384984412E-003
   5.4080059586458463E-003
   5.5811326191784333E-003
   5.5589910189660354E-003
   5.6811081382946898E-003
   5.7554184530234946E-003
   5.8752475528809590E-003
   5.8549940818109917E-003
   6.0107465233917561E-003
   6.0962456217718373E-003
   6.5161404522006616E-003
   7.0505159262256433E-003
   7.9634274033792800E-003
   8.2725223862867171E-003
   9.1361902064354007E-003
   9.2655615274380224E-003
   9.3294098400448396E-003
   9.6471335707481627E-003
   9.6435465646162056E-003
   9.9401706927303695E-003
   1.0178731065071358E-002
   1.0262586366450570E-002
   1.0410560910181665E-002
   1.0519350172928026E-002
   1.0775742055143506E-002
   1.0900952410166547E-002
   1.0966139879834115E-002
   1.1312073326229360E-002
   1.1481076602999464E-002
   1.1530908497119016E-002
   1.1719493403818585E-002
   1.2006123274193523E-002
   1.2184641754614853E-002
   1.2204040004326122E-002
   1.2566467606174411E-002
   1.2956396422594817E-002
   1.2766222560829491E-002
   1.3218794839092371E-002
   1.3160416661853457E-002
   1.3568645399205425E-002
   1.3291427941985057E-002
   1.3839118161263157E-002
   1.3664755386714853E-002
   1.3993592950115232E-002
   1.4544144846627064E-002
   1.4492103524056398E-002
   1.4634211671671841E-002
   1.4883502908501716E-002
   1.4843319739458611E-002
   1.5061154080672597E-002
   1.5528207649788271E-002
   1.5401529327947196E-002
   1.5611399851744551E-002
   1.5472937591033986E-002
   1.5862753685249115E-002
   1.5858104970200650E-002
   1.5299952025478169E-002
   1.6159716625471377E-002
   1.6385747511067035E-002
   1.6211624870532952E-002
   1.6369530729368614E-002
   1.6560311254056024E-002
   1.5444325237232503E-002
   1.5443919417419181E-002
   1.5849563221118107E-002
   1.6748442967958098E-002
   1.6231513082216320E-002
   1.6675063471031551E-002
   1.5252228066601446E-002
   1.5371628089891697E-002
   1.4675044380234408E-002
   1.4627233287671904E-002
   1.4485846890144609E-002
   1.5982968232097928E-002
   1.5963043693502640E-002
   1.5100391696954077E-002
   1.4669701472112721E-002
   1.3337009814032335E-002
   1.2808288778250363E-002
   1.2370893077606271E-002
   1.2033900091520860E-002
   1.4107224774414411E-002
   1.7262129552733152E-002
   1.6210001748204875E-002
   1.6603862737927275E-002
   1.6009041624816388E-002
   1.7490238607987787E-002
   1.7427735091202691E-002
   1.6111575633076126E-002
   1.8311586131620254E-002
   1.7190406745916573E-002
   2.0597452489337392E-002
   1.8685347628527370E-002
   2.2125348753752706E-002
   2.0464721632285458E-002
   2.4963442372663312E-002
   2.5137851864211982E-002
   2.4883523834664925E-002
   2.5688522693942138E-002
   2.5379186310462966E-002
   2.5824694746509641E-002
   2.6075725161217339E-002
   2.6152523115328820E-002
   2.6326292023911860E-002
   2.6415242071667771E-002
   2.6708771428223317E-002
   2.7088867764366413E-002
   2.7538318315024294E-002
   2.7426048128846667E-002
   2.7006325962443657E-002
   2.7599035095309577E-002
   2.7431384185235903E-002
   2.7554213485526426E-002
   2.8145162155503275E-002
   2.7874527373340546E-002
   2.8696473662362366E-002
   2.8771310067170590E-002
   2.8602468814013952E-002
   2.9290661229534058E-002
   2.9482132098795882E-002
   2.9453611443464603E-002
   2.8728089269599584E-002
   2.8644918612214340E-002
   3.0813391113732633E-002
   3.0124368934292680E-002
   2.9535705240866759E-002
   3.1353544228865604E-002
   3.0681290901247209E-002
   3.1793013710475264E-002
   3.1860839646801815E-002
   3.2145650516064245E-002
   3.1557277592124074E-002
   3.1669835339461300E-002
   3.1841430246700338E-002
   3.2236003080135467E-002
   3.2262760960402002E-002
   3.2082287545358149E-002
   3.2427527624465685E-002
   3.2978960693655350E-002
   3.3473172213695612E-002
   3.3415396924449829E-002
   3.3415320152235403E-002
   3.2488412044663732E-002
   3.4546145981745650E-002
   3.2296431476479960E-002
   3.3200384602256425E-002
   3.4149342427265389E-002
   3.3441555890257754E-002
   3.3282434327676323E-002
   3.4043817293598559E-002
   3.3452129058390637E-002
   3.2503232043107851E-002
   3.4393451394223881E-002
   3.4753811353715393E-002
   3.0115041423990924E-002
   3.3956850348782201E-002
   3.4620648721316795E-002
   3.2048693496651105E-002
   3.4486338856776530E-002
   3.3897126832015553E-002
   3.2370798084585338E-002
   3.3157353581199381E-002
   3.4125181642896123E-002
   3.2808633786762867E-002
   3.2286996523960304E-002
   3.3830638925295281E-002
   3.2300468967074988E-002
   3.0757831714157403E-002
   3.5479048348847783E-002
   2.9829632768208606E-002
   2.9711800776703687E-002
   3.2013211111743316E-002
   3.0323611769164687E-002
   2.8788423721226104E-002
   3.2521603374838212E-002
   3.2156668511366428E-002
   3.0410831897603349E-002
   3.0099746946998945E-002
   3.1340873419012816E-002
   3.0872966187234015E-002
   2.9798525297462495E-002
   3.0204722198469845E-002
   3.0193988485436640E-002
   2.8594753335673958E-002
   2.7743301593769313E-002
   2.9343030715982529E-002
   2.6965226581230826E-002
   2.8941933543149809E-002
   2.7648103746998977E-002
   2.6443430786430067E-002
   2.6378357371389410E-002
   2.6467472448525344E-002
   2.6442182931179590E-002
   2.4830564515369309E-002
   2.4902575801290582E-002
   2.5545767829193992E-002
   2.6641711288319523E-002
   2.5887422875391457E-002
   2.6208703229793573E-002
   2.5402784815743970E-002
   2.4624183585680592E-002
   2.4448514135633134E-002
   2.4841548596178997E-002
   2.4561536879944394E-002
   2.4669349680376571E-002
   2.5090458893208989E-002
   2.4430943648133027E-002
   2.3448391826947780E-002
   2.5598098462214034E-002
   2.5584779904145757E-002
   2.5094185974176543E-002
   2.4889752093035240E-002
   2.5126231681522976E-002
   2.3995633759244388E-002
   2.4377605628422741E-002
   2.4265710371690407E-002
   2.4292508044968408E-002
   2.4438159725966566E-002
   2.2960851297679042E-002
   2.3657886560682337E-002
   2.3584170768629269E-002
   2.3336411960822246E-002
   2.3636214160137725E-002
   2.3184878753887372E-002
   2.3130860814211902E-002
   2.2453501574505715E-002
   2.2975844082502739E-002
   2.3138805122493739E-002
   2.3013463366523153E-002
   2.1695123745477361E-002
   2.1296777338561824E-002
   2.1804720279265929E-002
   2.1737121575473792E-002
   2.2299548782154666E-002
   2.1728867269266379E-002
   2.1469235956575659E-002
   2.1663227550456490E-002
   2.1483932414966538E-002
   2.0835831009346502E-002
   2.0468177692857116E-002
   2.1653090925048971E-002
   2.0840735001446901E-002
   2.1203707833772064E-002
   2.0931707184960742E-002
   2.0994631970751205E-002
   2.0902209083749467E-002
   2.0669770707261621E-002
   2.0686246658359612E-002
   2.0545569532627365E-002
   2.0733145491073610E-002
   2.0316835588262847E-002
   2.0008508540931665E-002
   1.9806797432713026E-002
   1.9839034294799964E-002
   1.8786247090546139E-002
   2.0087772279273934E-002
   1.9118480508037158E-002
   2.0081540318727088E-002
   1.9463080796733236E-002
   1.8964228398762186E-002
   1.9549703527629268E-002
   1.9669864085575525E-002
   1.9111995236620442E-002
   1.9253728121543436E-002
   1.8896604369811318E-002
   1.8822800276749471E-002
   1.9272276485226076E-002
   1.8886995284336509E-002
   1.9146663306957936E-002
   1.8325041807636847E-002
   1.8374513329359562E-002
   1.8170538958593323E-002
   1.8343881945486980E-002
   1.7808748819872731E-002
   1.8133934406576745E-002
   1.7266071967705965E-002
   1.7894025477871566E-002
   1.7687482630949825E-002
   1.8089570376856660E-002
   1.7464058845772887E-002
   1.7341036062281694E-002
   1.7521045098564485E-002
   1.6815912141585614E-002
   1.6495163347872203E-002
   1.7115887948382310E-002
   1.7490314095041565E-002
   1.7453384559144480E-002
   1.6861088301527400E-002
   1.7707455761928649E-002
   1.6944551106087422E-002
   1.7058018868708349E-002
   1.6911169448091720E-002
   1.7233813024407945E-002
   1.6581290426436805E-002
   1.7309921221769001E-002
   1.6497294432652507E-002
   1.7226612931528495E-002
   1.6897383502092595E-002
   1.6608975975573276E-002
   1.6751063973157915E-002
   1.6782472207155674E-002
   1.6622177517260320E-002
   1.6559169723401049E-002
   1.6338872873630089E-002
   1.6194222324564952E-002
   1.6097919888659096E-002
   1.6128588144599915E-002
   1.6013599116525994E-002
   1.6114603574506624E-002
   1.5941240568254248E-002
   1.6152232135414786E-002
   1.5775812528094825E-002
   1.5555717090160686E-002
   1.5634950070752732E-002
   1.5340921919619126E-002
   1.5517922284286573E-002
   1.5349952892379726E-002
   1.5182898006294042E-002
   1.5123355742041969E-002
   1.5230342715141034E-002
   1.4911655921037738E-002
   1.4973621793667909E-002
   1.4812342091310094E-002
   1.4708801547533500E-002
   1.5075766608173041E-002
   1.5256602161815373E-002
   1.4826869651039052E-002
   1.4838425006863653E-002
   1.4533462669009614E-002
   1.4169037119008559E-002
   1.3927023439581751E-002
   1.3527475414749317E-002
   1.3961568270771121E-002
   1.3967004118854313E-002
   1.3577634820724814E-002
   1.4106436472093153E-002
   1.3859981738495725E-002
   1.4113212140876640E-002
   1.3838965085127818E-002
   1.3836822576545943E-002
   1.3705917231263758E-002
   1.3700942222849691E-002
   1.3576745549467152E-002
   1.2895419007035157E-002
   1.3171231980017420E-002
   1.2951648058176043E-002
   1.2939119609305575E-002
   1.2635176930056495E-002
   1.3279337004036381E-002
   1.2974273139258398E-002
   1.2516682867937036E-002
   1.2749800925479678E-002
   1.2400298143748765E-002
   1.2563178450264263E-002
   1.2372354797727208E-002
   1.3079843739333397E-002
   1.2618108193445960E-002
   1.2913565928982603E-002
   1.3461957858560339E-002
   1.3083651640867061E-002
   1.2620911813910486E-002
   1.3190720669242709E-002
   1.2779889115415145E-002
   1.1895318864776376E-002
   1.2090726504400540E-002
   1.1801079251593708E-002
   1.2455702985113134E-002
   1.1739837881651966E-002
   1.2074411590062936E-002
   1.2010360423408971E-002
   1.1705834713914688E-002
   1.1533925911096126E-002
   1.2326714534211322E-002
   1.2068724783063376E-002
   1.1861603578856992E-002
   1.2088318517856148E-002
   1.1590060298084149E-002
   1.1951183304354573E-002
   1.1598857755527681E-002
   1.1486392333485916E-002
   1.0487774884139172E-002
   1.0133757232713137E-002
   1.1146140717312226E-002
   1.1230245211101879E-002
   1.0658738491836109E-002
   1.0550451651957176E-002
   1.0047604859473737E-002
   1.0377418073586088E-002
   8.6991309958013730E-003
   9.0454176524545384E-003
   8.8593798283809876E-003
   9.6051337456608786E-003
   9.2692448964273883E-003
   9.2021260903337974E-003
   9.3740316325125229E-003
   1.0495266270087509E-002
   1.0028092298387969E-002
   9.9875595598847792E-003
   1.0134438118469201E-002
   1.0206939812297759E-002
   9.8840797465175843E-003
   9.8284819067040556E-003
   1.0482168641274693E-002
   1.0617390286885473E-002
   1.0564712581501221E-002
   1.0336207732706128E-002
   1.0596811656946014E-002
   9.5564762680581360E-003
   9.8339371634562408E-003
   1.0335800891054880E-002
   1.0361227410732031E-002
   1.0037155407859702E-002
   9.8401847463703233E-003
   9.4029262231284955E-003
   9.4192145671489324E-003
   9.0244799087310333E-003
   9.8664015308406582E-003
   9.3973150326717783E-003
   9.5176036942472564E-003
   9.4181164299061947E-003
   8.8198891928627701E-003
   9.0248612536648690E-003
   8.9912628085584180E-003
   8.3574710520630258E-003
   8.5617740203970966E-003
   7.9423363675571353E-003
   8.3726694722946853E-003
   8.5305057847880495E-003
   8.2548227800351547E-003
   7.9125884819409350E-003
   7.4284755201360344E-003
   8.0653826699863939E-003
   7.8045112522252963E-003
   7.4099305749601085E-003
   7.6136333139628885E-003
   7.0724542002820875E-003
   6.8224595286721671E-003
   7.5598192214467626E-003
   6.8991935907089198E-003
   6.7307418411703158E-003
   7.0351078177030265E-003
   6.4194675985593834E-003
   7.6120122306046773E-003
   7.5618588524671588E-003
   7.6976769544217730E-003
   7.5848957336192204E-003
   8.0299229090118624E-003
   8.3717769223951924E-003
   8.7724977864959107E-003
   8.7362610898858144E-003
   8.6957692865130450E-003
   8.5905793508047213E-003
   8.3183227074621838E-003
   8.1991323011923328E-003
   8.2880962652868151E-003
   7.9276828051959448E-003
   7.9404992852112402E-003
   7.8857490719603570E-003
   7.9064995042902961E-003
   7.6098285728993728E-003
   7.6211926121446776E-003
   7.3849758613352924E-003
   7.9327256815919962E-003
   6.7969400714825564E-003
   6.9576018008524719E-003
   6.9418444403331024E-003
   6.2701865997257982E-003
   6.0762941848909379E-003
   5.9123948043940302E-003
   5.5572032291747193E-003
   5.4192877765414831E-003
   5.2236409963441069E-003
   4.3098198726834918E-003
   3.9015029677006486E-003
   3.6906594550100472E-003
   3.5167728809525570E-003
   3.7749492177214699E-003
   3.6913253977182772E-003
   3.2264604664916105E-003
   2.6677963607341045E-003
   2.5212225188609985E-003
   2.9648786050965074E-003
   3.2554765837988888E-003
   2.7274928849924372E-003
   3.1145290038702192E-003
   3.3135671744967581E-003
   3.0243607227798787E-003
   3.7560004420770839E-003
   3.7501398283393732E-003
   3.3754161948379006E-003
   2.9490643953848116E-003
   2.5432251825167197E-003
   2.8408244067827256E-003
   2.4142987629348195E-003
   2.0223280967567739E-003
   1.9997381252746405E-003
   1.6886443844678794E-003
   2.3390943786575922E-003
   3.1267778911844048E-003
   2.8753161618024136E-003
   2.6968305478885044E-003
   3.0786974461774661E-003
   2.9487384295366834E-003
   2.6732962894737656E-003
   2.9309348892558396E-003
   2.7260847586902193E-003
   2.4029325630218049E-003
   2.4261223486758718E-003
   2.3302749423965768E-003
   2.0916992760503118E-003
   2.4192230081400827E-003
   2.3651415587792428E-003
   1.9884076850958301E-003
   2.1836182755893630E-003
   1.9641984325841216E-003
   2.0203367889074881E-003
   2.1858204053842997E-003
   2.3910793499214650E-003
   1.9219150722011474E-003
   2.4574477492022317E-003
   2.0137650099817219E-003
   1.8569476891041707E-003
   2.2792056163866889E-003
   1.8547126015465091E-003
   1.7724129600916962E-003
   1.9085718359701123E-003
   1.6710450004744485E-003
   1.4170710263797274E-003
   1.3447030843699445E-003
   1.2013809690893502E-003
   1.0673592244528917E-003
   1.0184133599251881E-003
   1.0140727998876951E-003
   8.8431190956804212E-004
   8.4249835499315522E-004
   8.3833604840524516E-004
   8.8318577378550007E-004
   1.1424394759148820E-003
   1.8605018160846826E-003
   1.6066179972064668E-003
   1.5515632299399871E-003
   1.4048429534727661E-003
   1.1651655966238151E-003
   1.1556422753644367E-003
   1.1754592635520205E-003
   9.7912944567759143E-004
   9.3629410673556391E-004
   1.0392400809523001E-003
   1.0070728834196765E-003
   8.8120130691644589E-004
   1.2193337286745172E-003
   1.4202934159527243E-003
   1.2278333001523038E-003
   1.2119855670951172E-003
   9.8260972219492448E-004
   1.0173478090880260E-003
   9.8498794841411275E-004
   8.3316692011919588E-004
   8.2022348456471065E-004
   8.7000709307803314E-004
   8.0661479426937367E-004
   7.3143091236655734E-004
   1.0498533834813570E-003
   1.0925877596325764E-003
   1.2715006250480138E-003
   1.3247066040651325E-003
   1.2224442783265337E-003
   1.1736623070530683E-003
   1.1563427664225633E-003
   1.2769255246013783E-003
   1.5116325686519560E-003
   1.3019160430552473E-003
   1.7973233985514774E-003
   1.7285673742343521E-003
   1.6875291203168061E-003
   1.5540208595147993E-003
   1.3956137877258637E-003
   1.5351573570798363E-003
   1.4484213108618112E-003
   1.3772645341423822E-003
   1.3845106711738405E-003
   1.5555865774435087E-003
   1.4315391889762206E-003
   1.2982540867271994E-003
   1.7008675397699217E-003
   1.7804717595550960E-003
   1.8908667318774594E-003
   1.6277775612354350E-003
   1.7626878567473339E-003
   1.6368285623144334E-003
   1.5976164951409400E-003
   1.4296150575542536E-003
   1.5653427397879418E-003
   1.5572286044505600E-003
   1.5323165983826975E-003
   1.3705498257476033E-003
   1.5836657012394503E-003
   1.5865157197048453E-003
   1.7329091168168699E-003
   1.7634566660240053E-003
   1.9160586005411906E-003
   2.0225553394672816E-003
   1.9467411486052762E-003
   2.1369088987525297E-003
   2.5381030167827105E-003
   2.3880201396513415E-003
   2.4041286619766490E-003
   2.1651322822850354E-003
   2.2542214463253320E-003
   2.2416061982796962E-003
   1.9293088998731341E-003
   1.4946028940825695E-003
   2.0168994251365678E-003
   1.7096518122087449E-003
   1.5554577802847443E-003
   1.4822335020627095E-003
   1.6331093280687158E-003
   1.6467687088004800E-003
   1.4642452617376327E-003
   1.7351929902197922E-003
   1.5143297128187713E-003
   1.3997567604660697E-003
   1.7875843522401644E-003
   1.6081871117871063E-003
   1.4944765332166776E-003
   1.2498794252715042E-003
   1.0245055912062285E-003
   1.2633414069787802E-003
   9.4297144110366393E-004
   1.0038400601387317E-003
   1.1842606047144837E-003
   1.1388417219856267E-003
   1.0816666160823522E-003
   1.1077904523196097E-003
   1.0016630220013925E-003
   1.1400455865648647E-003
   1.1436909929724644E-003
   1.2950790902983612E-003
   1.1789497804367190E-003
   1.0091829828776659E-003
   1.4319883505867900E-003
   1.5946184194943461E-003
   1.3492750686911331E-003
   1.3282194299661454E-003
   1.4052513973275443E-003
   1.0250687626414930E-003
   9.9734534980268179E-004
   1.1241917753478669E-003
   1.2465596820369436E-003
   1.1942375180357036E-003
   9.5517467182510503E-004
   9.0732185508825519E-004
   1.0345003123357686E-003
   7.4443326996038279E-004
   1.1828392428975510E-003
   1.3580236989597816E-003
   1.0892687826860694E-003
   1.4565963559336791E-003
   1.4411945214082335E-003
   9.9688545782409535E-004
   1.2845845077840245E-003
   1.0660412020690514E-003
   1.1938461712744900E-003
   1.4450164491885003E-003
   1.1579306905197817E-003
   1.3126189910214203E-003
   1.5644714648890103E-003
   1.4348691304940870E-003
   1.1900016488473246E-003
   1.3106989018133830E-003
   8.3190335553452136E-004
   1.3119791407991703E-003
   1.4988224001581541E-003
   1.6986110541459070E-003
   1.4054590995236219E-003
   1.4335145876840218E-003
   1.5010955488013438E-003
   1.4168116354275546E-003
   7.4941976066630390E-004
   7.3928233247355483E-004
   1.1931631756901086E-003
   8.4294876071989576E-004
   8.4258646949597876E-004
   1.2624752987590987E-003
   1.1234788425958137E-003
   1.0440196270722227E-003
   9.5351440228949656E-004
   6.1794462805305741E-004
   6.2172474631620148E-004
   7.6090914793968680E-004
   4.9919830248100038E-004
   4.6176460889711890E-004
   4.6934305760251233E-004
   2.6453742586837731E-004
   7.8172888352955484E-004
   1.0146971145412183E-003
   5.7327728898748376E-004
   8.4410281993584069E-004
   7.5535096015133464E-004
   6.3876624828171672E-004
   5.9906028553941915E-004
   7.5196297743329663E-004
   6.3063314639069841E-004
   8.4272148241349657E-004
   6.3909613006129639E-004
   5.7924858204166116E-004
   6.4429437096197252E-004
   6.6374600208326932E-004
   6.1537246124931770E-004
   6.8760425078950025E-004
   7.8574578744536187E-004
   5.6677009728586813E-004
   9.1396782678760822E-004
   6.3282023912843101E-004
   7.6483084345343164E-004
   7.1547454021214305E-004
   5.3134486213116258E-004
   4.5659373777246767E-004
   5.2455721505451850E-004
   5.8018604848698960E-004
   7.0948439948079255E-004
   6.4139583668005164E-004
   5.3570722175631553E-004
   5.2230751496246857E-004
   5.9995351304781405E-004
   4.6231339802082995E-004
   5.4957047524983231E-004
   1.1893578320807531E-003
   1.3251068505999123E-003
   1.0161601403502933E-003
   1.2315300589113647E-003
   1.2475938521165769E-003
   9.2744799422103208E-004
   1.3393237550539125E-003
   1.1707456752115125E-003
   1.0971381814067101E-003
   1.1145433749249966E-003
   9.4933759018811514E-004
   7.5300578940162149E-004
   7.6929935225477177E-004
   6.5757302658579146E-004
   6.8500623464098659E-004
   7.3931214560609391E-004
   6.4879794726420046E-004
   5.8802487869302463E-004
   6.8823278056491977E-004
   6.5692200081348372E-004
   6.3696851280835081E-004
   5.8763637676234463E-004
   5.1478814764967435E-004
   5.2496641124936613E-004
   3.0042321083490744E-004
   4.7192170030466965E-004
   5.2037651893964052E-004
   6.2343776972648753E-004
   6.1204687382418856E-004
   5.3908676092356378E-004
   6.7560468763420143E-004
   4.7026074300128817E-004
   3.9495817380808673E-004
   6.8049572766298524E-004
   8.8535835777467462E-004
   9.8032013836189336E-004
   6.4621951333178134E-004
   8.8776524109584131E-004
   5.3118871599175908E-004
   7.4516569315518787E-004
   8.1772823420274876E-004
   9.0658462785893671E-004
   5.7579560316794347E-004
   7.8424446347599166E-004
   9.0948183670347025E-004
   6.9877181904351492E-004
   7.5607149474434530E-004
   4.7502058440407796E-004
   6.2280116383225427E-004
   5.1742959247908480E-004
   7.2363541457225438E-004
   9.0066239622462406E-004
   6.5703072806381569E-004
   3.9703608043117780E-004
   5.7553966158879126E-004
   5.1197502831581022E-004
   4.4140006070242800E-004
   6.1681535798091709E-004
   6.8220715928226706E-004
   7.0494553143005969E-004
   7.9079767908948244E-004
   4.3537983283086586E-004
   4.3223052417908531E-004
   5.1802366246039529E-004
   5.4052426273812012E-004
   6.0429524898276184E-004
   4.6316488392311017E-004
   6.9078567289633194E-004
   6.7825170591659194E-004
   6.1062759958300226E-004
   7.2635701000623679E-004
   5.2130624678368704E-004
   3.6425563404343599E-004
   5.3803655702276611E-004
   4.6964735747024265E-004
   5.0525886879871685E-004
   3.0280934062740364E-004
   4.6692468129305964E-004
   6.2620191155611971E-004
   5.9048216230552072E-004
   6.6532064267836653E-004
   6.8251825351265728E-004
   4.8992087146077098E-004
   4.4748414840726743E-004
   5.1806823727873540E-004
   4.0576401482648815E-004
   4.6410108322005473E-004
   2.7921250047338564E-004
   4.5805881350323441E-004
   3.2640912680888978E-004
   1.9603735502186613E-004
   3.7663302212695584E-004
   5.0564632595844373E-004
   4.4100587947984237E-004
   2.0937528149702212E-004
   4.1460922462164006E-004
   2.6648154489745365E-004
   3.4750046724026876E-004
   3.8678645459262517E-004
   4.1878304239777858E-004
   1.9218364094659987E-004
   3.5500118940820085E-004
   4.1578931066668017E-004
   2.8016157779813802E-004
   2.1841329502730034E-004
   1.7961786691634996E-004
   3.0372152329424796E-004
   2.9265390356471619E-004
   4.3182072108587896E-004
   5.2833106381055856E-004
   3.7901484405178506E-004
   3.3524714020694620E-004
   4.5143190801968919E-004
   3.0203366307357684E-004
   2.6885952053644596E-004
   4.3812352923879906E-004
   3.2130381509716619E-004
   1.9020891111428694E-004
   2.8689286173902147E-004
   3.0933513399974765E-004
   2.4335577656814990E-004
   1.3416587007406537E-004
   1.8646495897853133E-004
   1.4743329372027142E-004
   1.7845009474144386E-004
   8.8680166646698487E-005
   1.6184704916016502E-004
   1.6872650636652096E-004
   6.7931957250019334E-005
   1.3108539470861261E-004
   2.3375196367027648E-004
   2.0342476573815719E-004
   1.0078306580375754E-004
   8.8410262829084101E-005
   2.2037839454637311E-004
   2.7125944586985952E-004
   1.4511196306595098E-004
   8.8267106821084639E-005
   5.6393707115089336E-005
   3.5904353598294126E-005
   1.1108487016571334E-004
   1.0273591850105094E-004
   1.7703427553665094E-004
   3.1695626189143537E-004
   7.8745554319407438E-005
   1.4566204779641373E-004
   2.2718048088056188E-004
   1.5797354719003552E-004
   2.5741396469966023E-004
   2.3746347945422368E-004
   1.3412599471374000E-004
   1.6012367529556304E-004
   1.2441182619599711E-004
   1.4970772584611705E-004
   2.6053764525926944E-004
   2.2049093895525724E-004
   1.0487419786889065E-004
   2.1401738099140422E-004
   1.4454792294896635E-004
   1.1000803317693380E-004
   9.0621899704340528E-005
   2.0388651968678391E-004
   2.6906497947774821E-004
   1.2182877330570778E-004
   1.6441029659330133E-004
   1.4182205626824194E-004
   2.2103756900424963E-004
   1.3444433796882624E-004
   1.7542636213670076E-004
   1.5034809664636118E-004
   2.3106600498962274E-004
   2.2845060384883898E-004
   1.5946809977868281E-004
   9.9023350139460642E-005
   1.3359347955535481E-004
   1.1065750089669076E-004
   1.1147144726723672E-004
   1.1122890525751232E-004
   9.6917562098528022E-005
   1.1770608350883643E-004
   1.0677050638752579E-004
   6.2892400098644679E-005
   1.1305812224833925E-004
   1.0264947115024855E-004
   2.4584304319327601E-005
   7.5344131390427308E-005
   1.0491356181360457E-004
   1.7395197765946482E-004
   2.1304106610283585E-004
   1.6533369300051465E-004
   1.4617629805016241E-004
   1.1399621547229516E-004
   1.1019441555265209E-004
   1.1402441567920096E-004
   1.4150974100249355E-004
   8.8367463191792406E-005
   7.9570038051581213E-005
   4.4954912672057941E-005
   4.7658681361312745E-005
   2.7388975544458541E-005
   9.1639386911252164E-006
   1.9720090870428523E-005
   1.8420490476410314E-005
   2.9096568934769648E-005
   5.3494073300354203E-005
   3.2512130929743870E-005
   2.7180969112904757E-005
   2.2833847806275443E-005
   1.7838545727009285E-005
   5.5758988182111467E-006
   9.7388018900478892E-006
   2.1146524048211161E-005
   1.8572842075225800E-005
   2.6995740381940972E-005
   4.9801580641304528E-005
   4.9141878367245789E-005
   1.8618473152752652E-005
   3.5254158917457046E-005
   1.3591038368505133E-005
   2.3808759882157058E-005
   3.5096440440911347E-005
   1.7301001343383456E-005
   2.1717463625250545E-005
   2.0067790582522241E-005
   1.7301342778853817E-005
   3.6683842143616196E-005
   4.0135648379798054E-005
   1.9838398603932795E-005
   1.3869240382458585E-005
   8.6575705184747246E-006
   2.5396529762122650E-005
   3.0940881513799054E-005
   3.4237049977456192E-005
   3.5843442238654106E-005
   1.9542238785800330E-005
   2.2593136721035835E-005
   2.0816667162614080E-005
   2.0215234813537540E-005
   7.5244355148892747E-006
   1.0482850880392365E-005
   1.9966454444909683E-005
   3.7829123324643114E-005
   6.1668163791123886E-005
   3.6939441046765271E-005
   5.7886930302373366E-005
   1.8034015062165142E-005
   3.6575776890589534E-005
   4.3495382583333913E-005
   1.9826870855643508E-005
   7.0701708442281089E-005
   5.5827998908153878E-005
   4.0731032437223934E-005
   4.2098450993170037E-005
   3.9755109181860338E-005
   1.9479838187393886E-005
   2.4117695946463669E-005
   1.4225626862332625E-005
   2.9477272428651008E-005
   1.9095915594540922E-005
   6.6431240651978342E-006
   5.6188001800646342E-006
   1.0571861500354186E-005
   7.6427029958139263E-006
   5.4478184223256806E-006
   1.0117497381980784E-005
   1.2003892654962482E-005
   1.3506383528948633E-005
   4.2613506659375245E-006
   7.2270343968325659E-006
   1.8319372720868060E-005
   2.4384593606762143E-005
   1.0375087530598309E-005
   9.8060148742945237E-006
   4.5409674364276679E-005
   4.0292812430183925E-005
   2.2191018408910448E-005
   4.7302934620736702E-005
   1.0660828941389973E-005
   2.5332349748533734E-005
   1.1395327767694164E-005
   2.0393610187589224E-005
   2.1792519667039046E-005
   1.7171320948501847E-005
   3.9365776390646733E-005
   3.0349270921269949E-005
   3.9584292460830902E-005
   2.0848633710435016E-005
   2.0935120761723137E-005
   1.5882266296696457E-005
   1.2735166272909696E-005
   1.6716428207030588E-005
   3.0189455536747794E-005
   1.6427888148185635E-005
   1.6024199690804146E-005
   1.2573167875067857E-005
   3.5049837203072076E-005
   1.9796104775155218E-005
   1.0500816970497261E-005
   1.4342670177530801E-005
   1.3793763353132366E-005
   1.1263166184188293E-005
   7.4086423315324399E-006
   6.8296375938202482E-006
   1.5937201431235004E-005
   1.2697706469264449E-005
   4.7686184713703729E-006
   9.1632086503033746E-006
   6.7907625152330619E-006
   7.7595850529743265E-006
   3.9866749385087134E-006
   4.4984861050360422E-006
   1.0557633030893103E-005
   1.0440063164120339E-005
   1.0825527694992177E-005
   8.5205184921208569E-006
   1.4863354210366002E-005
   1.8729869975447706E-005
   8.7964564016080385E-006
   2.2019567923766016E-005
   1.8346689333475047E-005
   8.3590494541266687E-006
   2.2978255641127258E-005
   3.7253424979651660E-005
   1.0948491168532384E-005
   1.5975025675347223E-005
   1.7332117747109442E-005
   9.8257498120973839E-006
   3.8280241043055059E-006
   9.3993472221463084E-006
   1.1234227488417638E-005
   5.2830232962113532E-006
   8.9850536987575136E-006
   1.5858735574291249E-005
   1.6904957379195065E-005
   1.1594422207783181E-005
   6.5125253305102375E-006
   3.8029438138088589E-006
   8.2652981142319947E-006
   3.6741959587877159E-006
   1.1666630785267488E-005
   7.5892548048908435E-006
   1.6072164085003819E-005
   9.9914542017598124E-006
   2.4145382202364985E-006
   7.3574278565363560E-006
   8.2917503840078609E-006
   3.8361639181365879E-006
   4.5640807095529756E-006
   5.9785988978203823E-006
   5.5837019087345285E-006
   8.2757120415298447E-006
   6.8067421522478401E-006
   5.3780954205170638E-006
   3.1523218178942645E-006
   2.2772315695572080E-006
   2.7185559647635096E-006
   5.5302707721976048E-006
   5.4480560662569085E-006
   9.5615793297543912E-006
   9.9324176026222220E-006
   9.1753080447351712E-006
   5.8921332522505369E-006
   9.4875786898912156E-006
   5.3639029463017325E-006
   1.6618319470519588E-006
   8.5766192663492397E-006
   7.4371974586961345E-006
   5.2285463010073329E-006
   7.7860596971652152E-006
   5.7753433238804756E-006
   9.3077612981082763E-006
   3.3846123638238719E-006
   4.9408760764904012E-006
   9.7629716174236505E-006
   5.5182752504468725E-006
   6.9757436904321256E-006
   5.8813468839853295E-006
   6.0085614578354970E-006
   3.5847611499065840E-006
   3.1057013575601974E-006
   4.3554645130501261E-006
   6.5055312852338739E-006
   2.8531200278019172E-006
   4.3976381636988772E-006
   4.1878321597893807E-006
   8.3728455602365041E-006
   3.9574326363003145E-006
   5.5906087936095600E-006
   7.4260413746540112E-006
   4.4476279986485533E-006
   7.7525755221030458E-006
   6.1310571703864434E-006
   3.9972934281085559E-006
   5.2182137784031513E-006
   4.7970676084882251E-006
   3.7864606341559712E-006
   3.8919750558040587E-006
   5.5790345504733657E-006
   2.4954799025953488E-006
   2.9612554556314688E-006
   4.8681575435223263E-006
   8.2148895519021771E-006
   4.2186687967535729E-006
   1.5585231335402126E-006
   1.4177286628154579E-005
   7.7371489820845568E-006
   5.9517880401668301E-006
   8.1485187503551368E-006
   6.1738777341102085E-006
   5.3602583089666926E-006
   3.4435549394388855E-006
   4.2115648293639868E-006
   4.4630608695556866E-006
   4.7718343043049705E-006
   2.2175284033374335E-006
   2.4195031220699700E-006
   5.0807773366869366E-006
   3.8605133072240629E-006
   5.2427917271859070E-006
   2.2783664393428306E-006
   3.1473758578766517E-006
   4.4370206357995682E-006
   2.5744571243048781E-006
   1.4088888283901113E-006
   2.1366362188669966E-006
   2.6525411422832308E-006
   2.1230201466158801E-006
   2.4290726942613702E-006
   2.2776655187933284E-006
   2.3052574346523875E-006
   2.3378751629009212E-006
   2.0539960641550501E-006
   1.5302111428503211E-006
   1.8133107917100065E-006
   9.7125168648108358E-007
   3.4041676658997115E-006
   1.7008899925034188E-006
   1.5944197612016588E-006
   1.7989907779634648E-006
   2.3899349409946182E-006
   1.8957646515519571E-006
   1.6988638702519298E-006
   1.2760066517997465E-006
   1.7818154213165514E-006
   2.1822063136399799E-006
   5.7410379854783809E-007
   1.4659371379179012E-006
   2.4568633579417046E-006
   6.2510047129711371E-007
   1.5141368801441663E-006
   2.9801744043177748E-006
   2.2327771549803013E-006
   3.3964794404361182E-006
   1.3518369878052111E-006
   1.8242802809245317E-006
   1.3757646616348152E-006
   2.2393038050829627E-006
   9.6128140857030253E-007
   6.5348302217460886E-007
   2.9896660932435547E-006
   1.8761428362560372E-006
   1.9184174010311535E-006
   2.3524299202843136E-006
   1.8172761065708501E-006
   7.5257510543922196E-007
   6.6222161022343292E-007
   9.1614050075353106E-007
   2.4271814068061606E-006
   1.2303781379433138E-006
   6.4231606363080757E-007
   7.6815795850321367E-007
   1.4138192746181447E-006
   1.3541540425817061E-006
   1.2159143260263183E-006
   1.0235583801610343E-006
   8.7301331056555484E-007
   7.3386202667913797E-007
   1.1022093610145344E-006
   1.1910587204183770E-006
   1.2309773350811496E-006
   7.9755076684730677E-007
   7.7353119107817251E-007
   4.6976998767886505E-007
   1.1477342307641903E-006
   7.4142284731947963E-007
   4.5095734761539704E-007
   6.1770412042221559E-007
   6.7219104767099464E-007
   1.1005286090792391E-006
   7.0181663958041461E-007
   4.2599495786743501E-007
   5.9993895661842017E-007
   6.9873082858411265E-007
   5.6033303960566609E-007
   7.1712006525983850E-007
   1.5679219568281984E-006
   1.8663545059210424E-007
   6.6770531177989899E-007
   5.4135189242613009E-007
   4.8695670767171918E-007
   3.4745769487097371E-007
   2.7598055361368835E-007
   5.4200373738501826E-007
   5.2307625520921382E-007
   3.4405642641491711E-007
   4.8557344598887897E-007
   5.0994946445590759E-007
   3.1401681967887478E-007
   4.0784795915935421E-007
   2.8116249683540336E-007
   4.7124512234230346E-007
   5.4433645767035365E-007
   4.5355883092314901E-007
   4.1231616150151574E-007
   1.5552846591762955E-007
   3.5101895137384099E-007
   1.0874315735095083E-007
   1.2421509453170720E-007
   3.0100938955950642E-007
   3.6252970930506676E-007
   3.8024059295921277E-007
   3.6587201713865606E-007
   1.8207478665836841E-007
   4.2232475392635438E-007
   2.7688685844932893E-007
   1.9250584637667467E-007
   2.9097518412156059E-007
   3.6375545051824073E-007
   1.8932279704018135E-007
   3.5065577352024452E-007
   2.9516227214452080E-007
   8.6736182723762325E-008
   1.7917430852273176E-007
   1.8277788557373046E-007
   3.7634827896203567E-007
   2.6398236329473147E-007
   2.5253079580194059E-007
   2.0631106335270835E-007
   1.6320364915137443E-007
   1.9525399195225856E-007
   1.1743927622508819E-007
   1.6386990951081620E-007
   3.3766986780584716E-007
   4.1664864199933488E-007
   3.1574042838042660E-007
   1.7793716354492512E-007
   1.6416494345907565E-007
   2.5708777397941938E-007
   1.7285244084990876E-007
   1.2671017775899328E-007
   2.3680519169366597E-007
   1.2763764712116704E-007
   1.8647298399292352E-007
   2.8985370881008502E-007
   1.5727511540165612E-007
   2.4271006745039284E-007
   2.4099949502468796E-007
   2.5226717342504006E-007
   1.1371488149955391E-007
   2.0018441894755908E-007
   1.6643867114146059E-007
   1.7186184892739775E-007
   2.1402782687952497E-007
   2.5465654774399017E-007
   2.6076154296801259E-007
   1.5457971481985719E-007
   1.0619467394752701E-007
   1.2725485175322135E-007
   1.6010539390068117E-007
   1.4662934866430412E-007
   1.4665307499752729E-007
   1.1834400564691307E-007
   1.8297994309617153E-007
   2.6856318887808278E-007
   1.0918782438753849E-007
   1.4743493917762698E-007
   1.9464771795513663E-007
   1.2107242610293478E-007
   1.1725582737793839E-007
   1.4540108289525707E-007
   1.1930619340704074E-007
   1.3544532764638424E-007
   8.6598762723885517E-008
   9.0142114314575587E-008
   5.6573792865335907E-008
   1.0251187859648545E-007
   7.6518349111191225E-008
   1.1846204768207196E-007
   7.1914760491158773E-008
   9.5894614668137817E-008
   7.2016381959091085E-008
   4.7264310549537167E-008
   5.6835980525214367E-008
   3.0662540342428607E-008
   3.9761505749322861E-009
   1.0845505660609402E-008
   3.2345720502703745E-008
   4.4186187090210424E-008
   6.6675675594120139E-008
   8.5323738348873488E-008
   5.7013222721560058E-008
   6.5856461242666849E-008
   9.4790742958902344E-008
   5.9781104267869793E-008
   7.2500489406939266E-008
   9.8555704516832794E-008
   1.3319459963043950E-007
   7.8014629943633778E-008
   6.3064768960008450E-008
   6.2513461753532597E-008
   6.5080399373176964E-008
   7.9086561981956926E-008
   6.9179643905759783E-008
   5.6987472057884198E-008
   8.0149219800898423E-008
   5.3536261840343138E-008
   5.7533642773981281E-008
   6.0792602878262370E-008
   6.2683530331673971E-008
   4.8970415112595042E-008
   5.2273462056617299E-008
   3.3257221414064253E-008
   4.7507654229523462E-008
   1.0960044555679229E-008
   5.0077090260656345E-008
   5.2124755492882367E-008
   4.7660369810700614E-008
   3.2221983265336618E-008
   2.9083638047667846E-008
   5.7373716115487023E-008
   2.3198961157860444E-008
   2.7585828219664384E-008
   2.5011449052350936E-008
   6.4639341479065166E-008
   7.5634643197261417E-008
   3.5183857561195767E-008
   1.2413004149138786E-008
   3.8655870760173554E-008
   3.9670607792625727E-008
   4.6116460305153494E-008
   3.1832731263729321E-008
   1.2296581455098818E-008
   2.8358274304354704E-008
   1.4549341443033672E-008
   4.2609743219756210E-008
   4.0105517558972133E-008
   2.2687002820240571E-008
   2.8856395141364545E-008
   3.7194984653196973E-008
   2.9627696884358749E-008
   3.0924789430101443E-008
   2.8676147893155610E-008
   2.4147409507178513E-008
   1.5810152056664737E-008
   3.1442898457856929E-008
   1.6392383962743387E-008
   2.8466616862841877E-008
   2.0626381715248519E-008
   2.8619128145108183E-008
   3.8890545126818287E-008
   1.9595285258619887E-008
   2.0547398465261331E-008
   8.1313062653606358E-009
   5.7916595895144457E-009
   2.3695371169889207E-008
   1.2039576654040242E-008
   2.5373460353149720E-008
   1.1672767569357677E-008
   3.5924902839826028E-008
   2.1392336574776052E-008
   1.2699971830407319E-008
   1.7131148914350560E-008
   1.9588102051186015E-008
   1.4750368975846038E-008
   8.2480422545078612E-009
   8.9580710104137086E-009
   3.8182011224270256E-009
   1.3093530835551194E-008
   1.9261180772664415E-008
   2.3432628295692577E-008
   1.6331183862891347E-008
   1.5134041654733696E-008
   3.0764035007674765E-008
   1.7955539932843265E-008
   1.4436683771123079E-008
   6.3264093054729037E-009
   1.7594112359183098E-008
   1.4070918466561749E-008
   4.6834879972187794E-009
   1.4369446097115794E-008
   5.9684550206106694E-009
   1.3311555645830791E-008
   7.3608875073548279E-009
   1.5239310887426216E-008
   1.1092430064941355E-008
   8.3507730940992710E-009
   1.3639998262753347E-008
   1.1347413491905226E-008
   1.0322457513242078E-008
   3.1008240589292679E-008
   5.2202903765287705E-009
   2.1533846562374337E-008
   4.3488897688136103E-009
   2.9456489412712131E-009
   1.4223073780366112E-008
   1.4428110319466555E-008
   1.5881162682876685E-008
   1.4004565100169318E-008
   1.3047764937558515E-008
   2.2722174296992935E-008
   1.4531974161423109E-008
   1.7387215502765685E-008
   7.0283247617814345E-009
   1.4508119797677169E-008
   1.1183315395131239E-008
   9.0627079843724649E-009
   1.5297939802171759E-008
   6.5568565575161412E-009
   1.5783653164169900E-008
   1.1388310804712717E-008
   6.4824009914506841E-009
   3.8723339054241496E-009
   2.1275275309799166E-009
   2.9698028890274553E-009
   8.4742077752614089E-009
   5.6614267162331885E-009
   9.6597324271554536E-009
   3.2467454041606415E-009
   5.8988146837580829E-009
   1.0063678892399608E-008
   4.6694673755486978E-009
   6.9808585045848687E-009
   6.7888931435205250E-009
   1.3549285236850853E-009
   7.4152382975785047E-010
   6.6687980450009788E-009
   2.9940568186777004E-010
   1.1387043235574017E-009
   1.7331900748386623E-009
   2.4567416156074730E-009
   5.8871522351655503E-009
   2.5415616380198859E-009
   3.4627299753772490E-009
   7.3552671632718212E-009
   7.2300111140273746E-009
   6.0839759719597774E-009
   3.8952532278399496E-009
   1.3298925546551688E-009
   4.4952324561653960E-009
   1.0144231446295159E-009
   2.5617105957857378E-010
   7.2322320159583520E-010
   1.7342572654951835E-009
   4.2787509895702152E-009
   4.1478563638123924E-009
   5.2884882951470811E-009
   4.3479805397685317E-009
   5.6428809704483983E-009
   7.1332483223589929E-009
   8.9205469789062496E-009
   2.5997614320619165E-009
   3.2352503206373370E-009
   8.0546720392101441E-009
   5.4683100912230075E-009
   2.4298047553568770E-009
   5.6730294400808025E-009
   5.0615167448300102E-009
   6.8669754916007568E-009
   4.3089934457654526E-009
   3.0585189401161057E-009
   2.6049586871378436E-009
   1.2858531460516420E-009
   2.4827119424543751E-009
   2.8531317558184875E-009
   1.4191987668088087E-009
   2.0842219695525432E-009
   2.8237065754854435E-009
   9.5107559329632279E-010
   7.3526493304318573E-010
   2.1993125538022415E-009
   1.9974656449667577E-009
   9.3187713826478060E-010
   1.0808911617458143E-009
   2.2083033416943123E-009
   8.6458107140766778E-010
   2.3743606426881743E-010
   1.3884144950594067E-009
   8.4561131764186744E-010
   1.4759223781686305E-009
   1.6737973525677822E-009
   1.8167968346156948E-009
   1.4495967394756035E-009
   2.2060109392422988E-009
   4.5067574851856737E-010
   7.1340440505681254E-010
   5.6473830941924205E-010
   8.1015850965928255E-010
   7.3313514311067667E-010
   5.1347795083213629E-010
   2.7311328970943598E-010
   2.7448994030750966E-010
   5.0755637553522632E-010
   5.7579640377688083E-010
   1.9594736714993992E-010
   1.7626024566840164E-009
   1.9328385420445153E-009
   2.7973940627830875E-009
   1.8308547834451441E-009
   2.6542213739391921E-009
   1.1898158482736832E-009
   9.9761665888513747E-010
   4.9938331059651607E-010
   2.0853427082242740E-009
   6.7013837080003575E-010
   1.1128942481250133E-009
   3.4157848570438311E-010
   4.8392400132267116E-010
   6.9562904476549067E-010
   1.3036418118738384E-010
   7.3696351174279245E-010
   5.6106363786139371E-010
   2.2301175563230313E-009
   1.0749214922083463E-009
   1.7097891483302645E-009
   1.8152564753340558E-009
   1.4513200090774872E-009
   1.5420759337184827E-009
   2.2139914876073382E-009
   1.0794515661765743E-009
   1.3858115990884799E-009
   8.2191912665687081E-010
   1.6190528901343080E-009
   1.2016680527045665E-009
   5.6458447438686572E-010
   6.2280626155067779E-010
   3.1571915475445788E-010
   1.0778676185585115E-009
   2.8071234847576417E-009
   1.1585786490579057E-009
   1.4971585460593920E-009
   6.0535816883444294E-010
   3.3955921155294088E-010
   4.4764614521798433E-011
   2.5378950115060938E-011
   5.1594444437061368E-011
   6.2194818200879774E-011
   6.7135226631364567E-012
   1.7886737662700294E-010
   1.3013771639003324E-010
   9.7810058637627927E-011
   8.4125175812542753E-010
   4.3720737092519107E-010
   6.2766184823926630E-010
   1.1396537245283582E-010
   1.1266448469661996E-009
   1.1134056790276072E-009
   1.5584796806556575E-010
   3.8225251560195798E-010
   4.1848013505240548E-010
   3.5205647559294331E-010
   6.4566636540928508E-010
   1.3282526376498664E-010
   4.2810371791572316E-011
   1.0841810228249078E-010
   1.0513502042361042E-010
   2.3110894606761226E-010
   6.8619906026486416E-011
   1.9839868340726445E-010
   8.6542613307054872E-010
   2.4145069386627191E-010
   1.7848175111523864E-009
   3.0802663741082500E-010
   4.7705505160830130E-010
   3.6094506845360638E-011
   3.6006166260554019E-010
   3.8555132399437403E-010
   2.3651042207481142E-011
   1.9505988867359938E-011
   4.2239067724181148E-011
   2.1062331041637145E-011
   8.5913062171008387E-011
   3.4317909123429247E-011
   6.0183547736883961E-012
   5.0214701610091998E-011
   7.1450778092055553E-010
   3.8500323937188456E-010
   8.3757212444483366E-011
   1.9924219546851446E-010
   3.7866851960875811E-011
   4.4910498940024934E-011
   4.4480077463976951E-011
   7.7926445053562018E-011
   2.1126173792037098E-011
   3.9340961719198603E-011
   2.9702024804540702E-011
   1.3322605207513749E-011
   7.5859512276065716E-012
   3.3271065820386701E-012
   3.7369756174820090E-011
   1.4713393518112918E-010
   3.5283584854497158E-010
   4.9340393473784736E-010
   2.2768469430492366E-010
   6.2028885075968824E-011
   1.8451151985204889E-010
   8.9210482622644789E-011
   6.9535346314845028E-011
   7.3554076869745564E-011
   3.2891429286494516E-010
   1.1750744733362435E-010
   1.0509620191739324E-010
   1.6788810260916096E-010
   1.8026904184253409E-010
   1.6094639931835392E-010
   7.0126319625754258E-011
   2.7800508881630620E-010
   9.6724998626423070E-011
   2.6828821250133218E-010
   2.2842648737151835E-010
   5.6246802138410466E-010
   1.1788012855830388E-010
   2.1457659337509675E-010
   9.0306013488621238E-011
   1.9430327273577650E-010
   3.8368625008990219E-011
   7.5578644452333338E-012
   5.5129744076449449E-011
   8.4068633507065079E-012
   7.9321321146243998E-012
   8.5473596659365956E-012
   1.8176319952922352E-012
   4.8527173179271581E-013
   5.3385595166418405E-011
   3.3035810825970251E-010
   4.3933084812520530E-011
   8.4995282948469027E-011
   1.6662882651860712E-010
   9.5806304877929412E-011
   3.3400154864883189E-011
   5.8931712140722037E-011
   4.2570546175266020E-011
   8.6680890104929336E-011
   2.3434814420338427E-011
   2.2059415180278199E-011
   7.2154411919978569E-012
   4.9203847358751941E-011
   6.2281104233932603E-012
   1.7492501575640771E-011
   2.0420344167607647E-011
   3.0252026748983848E-011
   9.6113540834737198E-011
   2.0945369263584629E-011
   2.4095186727410258E-011
   8.1637537128851574E-011
   7.9815133244818271E-011
   2.0043191097342105E-012
   2.2617995422880699E-011
   4.2319730777708098E-011
   3.4449826118644109E-011
   1.0543973875551901E-010
   1.1116835384211003E-011
   5.4211802975973961E-012
   6.4351056520845965E-012
   3.8059429090930017E-012
   1.8449835453421529E-012
   1.5439169395436737E-010
   1.4111635735435617E-010
   1.0374216200731316E-010
   1.3532568800911267E-010
   9.3187017534214766E-011
   8.5554064438489229E-011
   6.3410310285056923E-011
   3.0679908305302576E-011
   1.2750743495428165E-011
   1.1118418269640820E-011
   3.6232843681224492E-012
   2.0246853989168759E-011
   4.1180499777586504E-012
   1.0662988986308096E-011
   1.6937376210758359E-011
   2.5456239368002885E-011
   7.2781260539954976E-011
   4.6326510362776852E-011
   3.6447560835332976E-011
   2.1122329386296849E-011
   7.9103647071223794E-012
   2.0526793535363176E-011
   1.5439185103664716E-011
   9.4646090555204470E-012
   4.5262192747831619E-011
   3.0792311196376284E-011
   1.6932727111815671E-011
   9.8745333168802354E-013
   7.8142487415865594E-013
   3.6770116483405605E-013
   9.5061281699597540E-012
   1.2363053898291550E-012
   1.4402377841871646E-011
   3.2010849524025077E-011
   1.0734804239250433E-011
   9.4571884024958328E-012
   6.4198412175854270E-012
   2.4916159951416538E-011
   4.4762208424086264E-012
   6.0543725315488883E-012
   1.4206576584957738E-011
   2.2158958681233409E-012
   7.1420628504855768E-012
   1.2396976279482912E-011
   2.7019913609019479E-012
   4.8863520862638800E-013
   7.7610033791486398E-013
   8.7558209181292903E-011
   2.4679867575823763E-011
   9.1375540103533321E-012
   6.1404144617092208E-012
   6.7844009357211871E-012
   8.7571549619252429E-012
   2.2967570641562119E-011
   2.1175608114635577E-011
   2.8039620183842511E-012
   1.1992317681434391E-012
   1.1048686416190581E-012
   3.6710099210788562E-011
   5.1638114344882394E-012
   1.2582696374565624E-012
   2.0678691907415371E-012
   2.1666234053851444E-012
   1.8441088052139426E-013
   6.9266273165215243E-012
   2.2123020486805270E-011
   1.9554181638611020E-011
   3.1217320995475233E-011
   1.1391045643383767E-011
   1.6779049463432920E-012
   4.2108029933549559E-012
   6.4740389665402695E-012
   1.4261194318389958E-011
   7.0036139408705745E-012
   1.0604086397989528E-012
   4.2503238140452798E-012
   5.8170301903422403E-012
   2.2650750145003604E-012
   1.3813022137837459E-011
   2.4106890942941129E-013
   5.6693761498324176E-012
   3.3593435925873473E-011
   3.9535016967189318E-011
   2.2578000143836753E-011
   1.0734882343126769E-011
   6.2656497932540997E-012
   4.9592694824364884E-012
   5.4440484406652219E-012
   7.2509044005539245E-012
   2.6106325980845714E-013
   6.1516945246490533E-014
   1.2074060978337252E-012
   2.4297203574879011E-012
   2.4342680474130084E-012
   1.0586469825138239E-011
   5.5868314169741775E-013
   2.4613226362668338E-012
   2.8281029738246636E-011
   4.1288058307567030E-012
   6.0865367897708291E-013
   8.6949242920537013E-013
   1.2274050540195173E-012
   1.0740110741177724E-011
   2.0693946972547130E-012
   3.7299454621389204E-012
   3.9405805758482435E-012
   2.8342733173675250E-012
   9.2190340657224247E-013
   4.2569017541783756E-013
   3.0440536979988585E-012
   2.0319485962002768E-011
   1.0384137174558092E-012
   6.3061306309969192E-012
   3.0006937084157541E-012
   3.4460317897318681E-013
   1.4553446626115093E-013
   8.6194258649868307E-013
   1.9684186547086318E-012
   3.1818291873214226E-012
   2.1901319098525264E-012
   1.5539701779840811E-012
   2.1841943993123240E-011
   4.4050300645160208E-012
   5.5541484052369225E-012
   3.0284695679895139E-012
   7.5110624267162898E-013
   6.1474028181563475E-013
   2.3347195344699205E-013
   7.3838447324514724E-012
   6.2103531503426239E-012
   2.0234189861228063E-011
   3.1417887262170450E-012
   3.9126636894171422E-012
   1.9718141114909154E-012
   1.7775336230601246E-012
   6.3676132282524479E-013
   2.1631682682288730E-012
   2.9142172381101827E-012
   9.4446881588633408E-013
   5.8835162970681931E-012
   5.4396133617761931E-012
   6.1053206652024185E-012
   1.5829121543798618E-012
   9.7607210848989272E-013
   4.2044014825052029E-012
   2.1862135508821702E-012
   2.0453913226568607E-012
   1.0621435260764007E-011
   3.2715733096903937E-012
   9.6617413091083906E-013
   9.6648203420230646E-013
   2.7331255816153708E-012
   2.2246155987798203E-012
   2.9840467070335504E-012
   3.7283799201115167E-012
   2.4807335980698356E-012
   1.2428774792294296E-012
   1.3014933001305189E-012
   4.1874897990425116E-012
   1.1480299209099417E-012
   1.4105861012515111E-012
   1.1192935450043057E-012
   6.8637288604947395E-013
   5.2682757675529503E-013
   7.4306224225560184E-013
   4.6718878554106300E-013
   8.1888395005921662E-013
   8.2091026198947016E-013
   8.7605836373207963E-013
   9.2676976024827822E-013
   2.8624034205316664E-012
   2.0339458494267807E-012
   2.9053178933157566E-012
   9.4231845112206715E-013
   1.7603731330433715E-012
   2.6981827336328366E-012
   2.1417594763373528E-012
   2.2387284150902094E-012
   1.3716992473380959E-012
   9.9248844099545105E-013
   6.4880641615970299E-013
   1.1508870304285867E-012
   1.6127402666637891E-012
   4.8496320734881949E-013
   8.9254718370694377E-013
   1.1932926783610927E-012
   1.4990707071700819E-012
   1.0837394495677948E-012
   1.0786219431804189E-012
   1.3958492088048793E-012
   3.9262700509811864E-013
   1.2996587350711330E-012
   1.6118826059817755E-012
   1.4016187603079810E-012
   6.6559684336387731E-013
   1.4001182568783900E-012
   2.2546738535474100E-012
   1.7930856643884442E-012
   5.8808509598556967E-013
   8.2852876570437581E-013
   3.9495068429334902E-013
   3.6100217436326901E-013
   8.7774953792741792E-013
   7.6851269939644206E-013
   5.0460792382620296E-013
   8.7708859967390086E-013
   1.1790371579975418E-012
   1.2163650037897069E-012
   5.8914237407931275E-013
   1.5545930379889531E-012
   4.9709268008508674E-013
   3.3841535399416516E-013
   1.3048805190341764E-012
   1.3217658034490268E-012
   1.4538570888489443E-012
   5.1218713281126193E-013
   9.8686673258117589E-013
   1.9048225306583049E-012
   1.2966071244839829E-012
   4.9011388445129463E-013
   8.5535888836911617E-013
   7.7721645884314727E-013
   9.4745339288347854E-013
   2.0428749009937733E-013
   9.6926179530309085E-013
   1.5517755508823458E-012
   5.2870393306562197E-013
   6.0317136761713763E-012
