  0.6466E+05
  0.4613E+05
  0.3299E+05
  0.2346E+05
  0.1656E+05
  0.1155E+05
  0.7938E+04
  0.5348E+04
  0.3515E+04
  0.2241E+04
  0.1381E+04
  0.8180E+03
  0.4509E+03
  0.2287E+03
  0.1104E+03
  0.5089E+02
  0.3324E+02
  0.3324E+02
  0.3324E+02
  0.3186E+02
  0.2747E+02
  0.2263E+02
  0.1779E+02
  0.1392E+02
  0.1110E+02
  0.8811E+01
  0.6804E+01
  0.5356E+01
  0.4095E+01
  0.3115E+01
  0.2182E+01
  0.1475E+01
  0.9336E+00
  0.5989E+00
  0.3790E+00
  0.2510E+00
  0.1747E+00
  0.1206E+00
  0.8790E-01
  0.7487E-01
  0.7487E-01
  0.7019E-01
  0.4770E-01
  0.2400E-01
  0.1854E-01
  0.1837E-01
  0.5091E-02
  0.1544E-02
  0.3627E-02
  0.6101E-05
