 Planetary albedo [cm2 / molecules of air]
          0.00000000E+00
          0.79736218E-12
          0.11804557E-10
          0.58214211E-10
          0.18157786E-09
          0.43980619E-09
          0.90716867E-09
          0.16742939E-08
          0.28481697E-08
          0.45521424E-08
          0.69259178E-08
          0.10125561E-07
          0.14323494E-07
          0.19708502E-07
          0.26485724E-07
          0.34876663E-07
          0.45119177E-07
          0.57467485E-07
          0.72192164E-07
          0.89580152E-07
          0.10993474E-06
          0.13357559E-06
          0.16083871E-06
          0.19207648E-06
          0.22765761E-06
          0.26796721E-06
          0.31340673E-06
          0.36439396E-06
          0.42136307E-06
          0.48476460E-06
          0.55506542E-06
          0.63274877E-06
          0.71831426E-06
          0.81227783E-06
          0.91517182E-06
          0.10275449E-05
          0.32898340E-04
          0.12830048E-05
          0.14272707E-05
          0.15833740E-05
          0.46049239E-05
          0.19336309E-05
          0.21290944E-05
          0.23390153E-05
          0.25640895E-05
          0.28050291E-05
          0.30625629E-05
          0.33374357E-05
          0.36304088E-05
          0.39422600E-05
          0.42737832E-05
          0.46257889E-05
          0.49991037E-05
          0.53945708E-05
          0.58130496E-05
          0.62554159E-05
          0.67225618E-05
          0.72153958E-05
          0.77348428E-05
          0.82818440E-05
          0.88573568E-05
          0.94623554E-05
          0.10097830E-04
          0.10764787E-04
          0.11464249E-04
          0.12197256E-04
          0.12964863E-04
          0.13768143E-04
          0.14608183E-04
          0.15486088E-04
          0.16402980E-04
          0.17359996E-04
          0.18358289E-04
          0.19399029E-04
          0.20483403E-04
          0.21612613E-04
          0.22787879E-04
          0.24010436E-04
          0.25281535E-04
          0.26602445E-04
          0.27974450E-04
          0.29398851E-04
          0.30876965E-04
          0.32410124E-04
          0.33999679E-04
          0.35646996E-04
          0.37353457E-04
          0.39120461E-04
          0.40949423E-04
          0.42841773E-04
          0.44798960E-04
          0.46822447E-04
          0.48913714E-04
          0.51074259E-04
          0.53305594E-04
          0.55609247E-04
          0.57986765E-04
          0.30377723E-02
          0.17917222E-02
          0.69718576E-03
          0.83611008E-04
          0.12619618E-02
          0.31235150E-03
          0.76830829E-04
          0.79856851E-04
          0.82971379E-04
          0.86176122E-04
          0.89472803E-04
          0.92863163E-04
          0.96348960E-04
          0.99931966E-04
          0.10361397E-03
          0.10739678E-03
          0.11128222E-03
          0.11527212E-03
          0.11936834E-03
          0.12357276E-03
          0.12788725E-03
          0.13231372E-03
          0.13685408E-03
          0.14151029E-03
          0.14628428E-03
          0.15117803E-03
          0.15619351E-03
          0.16133274E-03
          0.16659772E-03
          0.17199049E-03
          0.17751309E-03
          0.18316760E-03
          0.18895609E-03
          0.19488067E-03
          0.20094343E-03
          0.20714652E-03
          0.21349208E-03
          0.21998228E-03
          0.22661928E-03
          0.23340528E-03
          0.24034250E-03
          0.24743316E-03
          0.25467950E-03
          0.26208378E-03
          0.26964828E-03
          0.27737528E-03
          0.28526709E-03
          0.29332604E-03
          0.30155446E-03
          0.30995471E-03
          0.31852916E-03
          0.32728020E-03
          0.33621022E-03
          0.34532165E-03
          0.35461693E-03
          0.36409849E-03
          0.37376882E-03
          0.38363038E-03
          0.39368569E-03
          0.40393725E-03
          0.41438759E-03
          0.42503926E-03
          0.43589483E-03
          0.44695687E-03
          0.45822797E-03
          0.46971075E-03
          0.48140783E-03
          0.49332185E-03
          0.50545546E-03
          0.51781135E-03
          0.53039220E-03
          0.54320071E-03
          0.55623961E-03
          0.56951162E-03
          0.58301951E-03
          0.59676604E-03
          0.84201274E-03
          0.85583630E-03
          0.25647348E-01
          0.99048619E-01
          0.12196405E-01
          0.49410618E-01
          0.86850316E-01
          0.40787394E-02
          0.73170069E-03
          0.74797653E-03
          0.76453522E-03
          0.78136698E-03
          0.79847477E-03
          0.81586159E-03
          0.97140956E-03
          0.85148431E-03
          0.86972627E-03
          0.88825934E-03
          0.90708660E-03
          0.92621112E-03
          0.94563599E-03
          0.96536433E-03
          0.98539925E-03
          0.10057439E-02
          0.10264014E-02
          0.10473750E-02
          0.10686678E-02
          0.10902831E-02
          0.11122240E-02
          0.11344937E-02
          0.11570956E-02
          0.11800329E-02
          0.12033089E-02
          0.12269268E-02
          0.12508899E-02
          0.12752016E-02
          0.12998653E-02
          0.13248842E-02
          0.13502617E-02
          0.13760013E-02
          0.14021062E-02
          0.14285800E-02
          0.14554260E-02
          0.14826476E-02
          0.15102484E-02
          0.15382318E-02
          0.15666013E-02
          0.15953603E-02
          0.16245125E-02
          0.16540613E-02
          0.16840102E-02
          0.17143628E-02
          0.17451227E-02
          0.17762935E-02
          0.18078788E-02
          0.18398822E-02
          0.18723072E-02
          0.19051576E-02
          0.19384370E-02
          0.19721491E-02
          0.20062976E-02
          0.20408861E-02
          0.20759184E-02
          0.30113199E-02
          0.12528952E-01
          0.80626185E-02
          0.35660903E-01
          0.24412962E-02
          0.38889900E-02
          0.23338851E-02
          0.23726030E-02
          0.24122652E-02
          0.31503545E-02
          0.12685918E-01
          0.25323484E-02
          0.25734367E-02
          0.26150796E-02
          0.26572235E-02
          0.28644410E-02
          0.27430348E-02
          0.27867015E-02
          0.28308895E-02
          0.28755983E-02
          0.86311297E-02
          0.32361965E-01
          0.44330811E-02
          0.30597233E-02
          0.31070970E-02
          0.31550159E-02
          0.32034840E-02
          0.32525053E-02
          0.33020841E-02
          0.33522244E-02
          0.34029302E-02
          0.34542059E-02
          0.35060555E-02
          0.35584832E-02
          0.36114931E-02
          0.36650895E-02
          0.37192766E-02
          0.37740586E-02
          0.38294396E-02
          0.38854240E-02
          0.39420160E-02
          0.39992199E-02
          0.40570399E-02
          0.41154803E-02
          0.41745454E-02
          0.42342396E-02
          0.42945671E-02
          0.43555323E-02
          0.44171395E-02
          0.44793932E-02
          0.45422976E-02
          0.46058571E-02
          0.46700762E-02
          0.47349592E-02
          0.48005105E-02
          0.48667346E-02
          0.49336360E-02
          0.50012189E-02
          0.50694880E-02
          0.51384477E-02
          0.52081025E-02
          0.52784567E-02
          0.53495151E-02
          0.54212820E-02
          0.54937620E-02
          0.55669596E-02
          0.56408793E-02
          0.57155258E-02
          0.57909035E-02
          0.58670171E-02
          0.59438711E-02
          0.60214701E-02
          0.60998187E-02
          0.61789230E-02
          0.62587873E-02
          0.24983605E-01
          0.10130897E-01
          0.65029734E-02
          0.32723670E-01
          0.57284619E-01
          0.80986760E-01
          0.10237687E+00
          0.14601786E+00
          0.11700285E+00
          0.14480901E+00
          0.13912126E+00
          0.44336234E-01
          0.38400060E-01
          0.76984635E-02
          0.75509426E-02
          0.76435820E-02
          0.77370602E-02
          0.78313820E-02
          0.79265521E-02
          0.80225755E-02
          0.81194568E-02
          0.82172008E-02
          0.83158125E-02
          0.84152966E-02
          0.85156580E-02
          0.86169014E-02
          0.87190318E-02
          0.88220540E-02
          0.89259729E-02
          0.90307933E-02
          0.91365201E-02
          0.92431581E-02
          0.93507124E-02
          0.94591877E-02
          0.95685890E-02
          0.96789211E-02
          0.97901890E-02
          0.99023977E-02
          0.10015552E-01
          0.10129657E-01
          0.10244717E-01
          0.10360738E-01
          0.10477724E-01
          0.10595680E-01
          0.10714612E-01
          0.10834524E-01
          0.10955421E-01
          0.11077309E-01
          0.11200191E-01
          0.11324074E-01
          0.11448962E-01
          0.11574859E-01
          0.11701772E-01
          0.11829706E-01
          0.11958664E-01
          0.12088652E-01
          0.12219676E-01
          0.12351739E-01
          0.12484848E-01
          0.12619007E-01
          0.12754221E-01
          0.12890495E-01
          0.16090987E-01
          0.35303086E-01
          0.60330986E-01
          0.89892647E-01
          0.17415618E+00
          0.21635717E+00
          0.16943513E+00
          0.34137752E-01
          0.15174033E-01
          0.25311613E+00
          0.24435874E+00
          0.13166303E+00
          0.16422948E+00
          0.18107378E+00
          0.20539831E+00
          0.17069349E+00
          0.15826513E-01
          0.52298150E-01
          0.52951481E-01
          0.23303502E-01
          0.24831661E-01
          0.17642165E-01
          0.16330576E-01
          0.16492243E-01
          0.23600327E-01
          0.16823642E-01
          0.16989077E-01
          0.17601563E-01
          0.18400667E-01
          0.18528652E-01
          0.19888596E-01
          0.17867587E-01
          0.18015325E-01
          0.18190648E-01
          0.18367208E-01
          0.18545010E-01
          0.18724059E-01
          0.18904360E-01
          0.19085918E-01
          0.19268738E-01
          0.19452825E-01
          0.19638184E-01
          0.19824820E-01
          0.20012738E-01
          0.20201943E-01
          0.20392441E-01
          0.20584236E-01
          0.20777332E-01
          0.20971736E-01
          0.21167452E-01
          0.21364485E-01
          0.21562841E-01
          0.21762523E-01
          0.21963537E-01
          0.22165888E-01
          0.22369582E-01
          0.22574622E-01
          0.22781014E-01
          0.22988762E-01
          0.23197873E-01
          0.23408350E-01
          0.23620198E-01
          0.23833423E-01
          0.24048030E-01
          0.24264023E-01
          0.24481407E-01
          0.24700187E-01
          0.24920368E-01
          0.25141954E-01
          0.25364952E-01
          0.25589365E-01
          0.25815198E-01
          0.26042457E-01
          0.26271145E-01
          0.26501269E-01
          0.26733005E-01
          0.26966698E-01
          0.27201538E-01
          0.30914283E-01
          0.10942369E+00
          0.32551802E-01
          0.30246829E-01
          0.11433051E+00
          0.17129068E+00
          0.20202046E+00
          0.20717855E+00
          0.16490576E+00
          0.12727195E+00
          0.23227028E+00
          0.20374667E+00
          0.20963237E+00
          0.21063844E+00
          0.10171241E+00
          0.56045695E-01
          0.45828945E-01
          0.31676481E-01
          0.32464569E-01
          0.32399975E-01
          0.33325439E-01
          0.58323521E-01
          0.33661383E-01
          0.33274334E-01
          0.33546561E-01
          0.33820350E-01
          0.34095710E-01
          0.34372591E-01
          0.34651110E-01
          0.34931217E-01
          0.35212916E-01
          0.35496210E-01
          0.35781106E-01
          0.36067607E-01
          0.36355717E-01
          0.36645441E-01
          0.36936782E-01
          0.37229746E-01
          0.37524337E-01
          0.37820559E-01
          0.38118415E-01
          0.38417911E-01
          0.38719050E-01
          0.39021837E-01
          0.39363170E-01
          0.39837189E-01
          0.39940125E-01
          0.40249544E-01
          0.40560631E-01
          0.40873393E-01
          0.41191732E-01
          0.41503943E-01
          0.41935579E-01
          0.42141233E-01
          0.42462418E-01
          0.42785293E-01
          0.43139798E-01
          0.43466972E-01
          0.92348585E-01
          0.10484029E+00
          0.13887623E+00
          0.20484599E+00
          0.17783536E+00
          0.17564318E+00
          0.21070599E+00
          0.21498335E+00
          0.21370327E+00
          0.21148413E+00
          0.21577635E+00
          0.21776453E+00
          0.21660613E+00
          0.21675662E+00
          0.21659270E+00
          0.20927840E+00
          0.20432959E+00
          0.20829838E+00
          0.18640816E+00
          0.19731536E+00
          0.18299212E+00
          0.19034063E+00
          0.19178012E+00
          0.18805398E+00
          0.16948299E+00
          0.15933754E+00
          0.14423321E+00
          0.12831452E+00
          0.91355693E-01
          0.88658737E-01
          0.54583257E-01
          0.55053283E-01
          0.55201152E-01
          0.55570058E-01
          0.55958263E-01
          0.56348298E-01
          0.56740165E-01
          0.57133867E-01
          0.57529406E-01
          0.57926786E-01
          0.58326010E-01
          0.58727080E-01
          0.59129999E-01
          0.59534770E-01
          0.59941396E-01
          0.60349879E-01
          0.60760223E-01
          0.61172429E-01
          0.61586500E-01
          0.62002440E-01
          0.62420250E-01
          0.62839938E-01
          0.63483157E-01
          0.63686700E-01
          0.64110288E-01
          0.64539095E-01
          0.64966765E-01
          0.65397505E-01
          0.65830368E-01
          0.66265123E-01
          0.66701773E-01
          0.67140319E-01
          0.67580764E-01
          0.68023110E-01
          0.68475472E-01
          0.68913514E-01
          0.69361576E-01
          0.69811547E-01
          0.70263429E-01
          0.71937621E-01
          0.83975735E-01
          0.10788607E+00
          0.15031181E+00
          0.88878209E-01
          0.12623779E+00
          0.11654327E+00
          0.15128075E+00
          0.13373355E+00
          0.17593986E+00
          0.15631459E+00
          0.16939973E+00
          0.18661519E+00
          0.18972460E+00
          0.19038841E+00
          0.19041300E+00
          0.19094655E+00
          0.19023072E+00
          0.19072566E+00
          0.18727006E+00
          0.13658439E+00
          0.15197708E+00
          0.12981965E+00
          0.14294890E+00
          0.14433354E+00
          0.95793082E-01
          0.13726064E+00
          0.10555580E+00
          0.92488941E-01
          0.85411127E-01
          0.85229210E-01
          0.85742903E-01
          0.86258582E-01
          0.86781426E-01
          0.87296539E-01
          0.87817809E-01
          0.88341730E-01
          0.88873073E-01
          0.89394664E-01
          0.89924202E-01
          0.90455704E-01
          0.91363959E-01
          0.95551641E-01
          0.11668348E+00
          0.96930684E-01
          0.11749177E+00
          0.12184209E+00
          0.12791348E+00
          0.12460098E+00
          0.11715101E+00
          0.12963426E+00
          0.12601667E+00
          0.11069958E+00
          0.10825551E+00
          0.98116420E-01
          0.10888726E+00
          0.13582906E+00
          0.10032533E+00
          0.10293022E+00
          0.10826359E+00
          0.11712789E+00
          0.16182588E+00
          0.17908608E+00
          0.17600992E+00
          0.18301266E+00
          0.18157647E+00
          0.18176164E+00
          0.18381875E+00
          0.18283780E+00
          0.18472361E+00
          0.18472941E+00
          0.18442161E+00
          0.18462402E+00
          0.18469213E+00
          0.18450711E+00
          0.18434643E+00
          0.18422384E+00
          0.18354909E+00
          0.18298734E+00
          0.17839822E+00
          0.17876968E+00
          0.17833787E+00
          0.16960989E+00
          0.17171296E+00
          0.16364220E+00
          0.14375057E+00
          0.12492922E+00
          0.13349782E+00
          0.12042327E+00
          0.11890123E+00
          0.11977293E+00
          0.12016003E+00
          0.12079379E+00
          0.12142749E+00
          0.12206437E+00
          0.12270318E+00
          0.12334401E+00
          0.12398655E+00
          0.12463110E+00
          0.12527757E+00
          0.12592595E+00
          0.12657624E+00
          0.12722953E+00
          0.12904289E+00
          0.13244973E+00
          0.13787163E+00
          0.15087235E+00
          0.15490945E+00
          0.16805915E+00
          0.15829052E+00
          0.16355224E+00
          0.16167236E+00
          0.16570729E+00
          0.16702128E+00
          0.14326915E+00
          0.14061691E+00
          0.13804068E+00
          0.14432476E+00
          0.13804535E+00
          0.14549434E+00
          0.14234920E+00
          0.14002092E+00
          0.15820586E+00
          0.14179320E+00
          0.14209585E+00
          0.14281108E+00
          0.15440992E+00
          0.17787908E+00
          0.17968930E+00
          0.18381454E+00
          0.18606753E+00
          0.18720442E+00
          0.18182465E+00
          0.18409668E+00
          0.18638731E+00
          0.18664225E+00
          0.18504825E+00
          0.19000828E+00
          0.19084230E+00
          0.19157149E+00
          0.19195541E+00
          0.19225226E+00
          0.19195419E+00
          0.19089706E+00
          0.19199827E+00
          0.19284611E+00
          0.19206741E+00
          0.18935078E+00
          0.18506172E+00
          0.18205413E+00
          0.17545899E+00
          0.18198895E+00
          0.18234904E+00
          0.16512262E+00
          0.16548133E+00
          0.17194277E+00
          0.17534588E+00
          0.16827903E+00
          0.16996498E+00
          0.16757168E+00
          0.16980394E+00
          0.16947706E+00
          0.18154107E+00
          0.19078301E+00
          0.18952071E+00
          0.19585898E+00
          0.19963717E+00
          0.19848814E+00
          0.20002510E+00
          0.19922314E+00
          0.20115908E+00
          0.20028586E+00
          0.20207804E+00
          0.20220314E+00
          0.20185682E+00
          0.20157979E+00
          0.20146817E+00
          0.20285655E+00
          0.20121800E+00
          0.20259816E+00
          0.20446417E+00
          0.19875091E+00
          0.20662639E+00
          0.19969093E+00
          0.19636397E+00
          0.20467428E+00
          0.20786789E+00
          0.21081328E+00
          0.21138977E+00
          0.21181234E+00
          0.21257146E+00
          0.21307983E+00
          0.21344453E+00
          0.21390171E+00
          0.21436557E+00
          0.21498299E+00
          0.21546880E+00
          0.21581251E+00
          0.21598658E+00
          0.21694903E+00
          0.21621556E+00
          0.21621348E+00
          0.21670793E+00
          0.21560166E+00
          0.20504120E+00
          0.21258714E+00
          0.21232181E+00
          0.20844329E+00
          0.20810338E+00
          0.20736890E+00
          0.20824027E+00
          0.20900955E+00
          0.20996813E+00
          0.21112230E+00
          0.21271083E+00
          0.21235814E+00
          0.21325441E+00
          0.21711752E+00
          0.22111133E+00
          0.22006999E+00
          0.22386424E+00
          0.22646040E+00
          0.22920331E+00
          0.23075493E+00
          0.23203670E+00
          0.23315843E+00
          0.23389882E+00
          0.23448435E+00
          0.23522868E+00
          0.23590850E+00
          0.23636090E+00
          0.23675524E+00
          0.23766527E+00
          0.23758524E+00
          0.23788936E+00
          0.23915666E+00
          0.23835041E+00
          0.23934675E+00
          0.24095515E+00
          0.23908362E+00
          0.24227297E+00
          0.24072347E+00
          0.24003466E+00
          0.24244205E+00
          0.24457800E+00
          0.24248403E+00
          0.24305501E+00
          0.24651983E+00
          0.24844198E+00
          0.25006274E+00
          0.24973630E+00
          0.25156716E+00
          0.25246437E+00
          0.25320071E+00
          0.25396393E+00
          0.25474683E+00
          0.25544733E+00
          0.25623656E+00
          0.25698832E+00
          0.25775101E+00
          0.25820116E+00
          0.25919231E+00
          0.25984715E+00
          0.26057337E+00
          0.26111594E+00
          0.26146851E+00
          0.26180882E+00
          0.26251100E+00
          0.26342631E+00
          0.26501552E+00
          0.26524688E+00
          0.26588859E+00
          0.26548796E+00
          0.26441400E+00
          0.26798518E+00
          0.26857601E+00
          0.27093861E+00
          0.27159090E+00
          0.27225257E+00
          0.27341292E+00
          0.27439980E+00
          0.27545708E+00
          0.27622650E+00
          0.27712378E+00
          0.27794761E+00
          0.27880122E+00
          0.27963897E+00
          0.28048577E+00
          0.28132936E+00
          0.28216058E+00
          0.28301530E+00
          0.28383760E+00
          0.28468812E+00
          0.28551323E+00
          0.28641294E+00
          0.28726265E+00
          0.28802903E+00
          0.28882146E+00
          0.28973421E+00
          0.29046904E+00
          0.29140375E+00
          0.29234702E+00
          0.29312376E+00
          0.29410063E+00
          0.29481930E+00
          0.29557256E+00
          0.29676160E+00
          0.29766568E+00
          0.29858408E+00
          0.29948237E+00
          0.30026828E+00
          0.30117231E+00
          0.30206172E+00
          0.30292250E+00
          0.30375993E+00
          0.30454429E+00
          0.30489714E+00
          0.30612260E+00
          0.30682144E+00
          0.30687779E+00
          0.30822766E+00
          0.30924038E+00
          0.30942069E+00
          0.31135213E+00
          0.31159411E+00
          0.31191336E+00
          0.31376203E+00
          0.31405117E+00
          0.31595266E+00
          0.31721631E+00
          0.31829208E+00
          0.31913989E+00
          0.32004587E+00
          0.32111940E+00
          0.32204632E+00
          0.32294355E+00
          0.32390362E+00
          0.32482583E+00
          0.32575348E+00
          0.32667998E+00
          0.32760552E+00
          0.32853213E+00
          0.32945934E+00
          0.33038769E+00
          0.33131561E+00
          0.33224523E+00
          0.33317594E+00
          0.33410290E+00
          0.33503408E+00
          0.33596748E+00
          0.33687742E+00
          0.33783289E+00
          0.33877773E+00
          0.33968352E+00
          0.34061511E+00
          0.34157104E+00
          0.34251885E+00
          0.34343705E+00
          0.34438456E+00
          0.34533775E+00
          0.34621880E+00
          0.34723052E+00
          0.34817905E+00
          0.34911500E+00
          0.35008072E+00
          0.35102781E+00
          0.35197141E+00
          0.35292060E+00
          0.35387049E+00
          0.35481844E+00
          0.35576389E+00
          0.35670934E+00
          0.35765810E+00
          0.35859453E+00
          0.35954727E+00
          0.36048487E+00
          0.36138797E+00
          0.36238071E+00
          0.36331487E+00
          0.36423764E+00
          0.36523569E+00
          0.36616790E+00
          0.36715151E+00
          0.36809989E+00
          0.36907495E+00
          0.37003418E+00
          0.37099282E+00
          0.37196825E+00
          0.37292406E+00
          0.37387720E+00
          0.37483788E+00
          0.37579646E+00
          0.37675628E+00
          0.37771389E+00
          0.37866936E+00
          0.37962770E+00
          0.38058483E+00
          0.38154475E+00
          0.38250751E+00
          0.38346679E+00
          0.38442595E+00
          0.38538524E+00
          0.38634452E+00
          0.38730396E+00
          0.38826336E+00
          0.38922301E+00
          0.39018241E+00
          0.39114239E+00
          0.39210185E+00
          0.39306090E+00
          0.39402096E+00
          0.39497861E+00
          0.39593982E+00
          0.39689759E+00
          0.39785758E+00
          0.39881667E+00
          0.39977399E+00
          0.40073384E+00
          0.40166915E+00
          0.40263110E+00
          0.40360104E+00
          0.40452084E+00
          0.40547840E+00
          0.40647174E+00
          0.40737031E+00
          0.40838565E+00
          0.40935236E+00
          0.41031755E+00
          0.41120579E+00
          0.41222321E+00
          0.41316465E+00
          0.41415948E+00
          0.41512048E+00
          0.41607960E+00
          0.41703469E+00
          0.41799564E+00
          0.41895434E+00
          0.41991118E+00
          0.42086762E+00
          0.42182420E+00
          0.42278039E+00
          0.42373622E+00
          0.42469165E+00
          0.42564676E+00
          0.42660154E+00
          0.42755614E+00
          0.42851036E+00
          0.42946428E+00
          0.43041783E+00
          0.43137104E+00
          0.43232389E+00
          0.43327638E+00
          0.43422848E+00
          0.43518021E+00
          0.43613152E+00
          0.43708252E+00
          0.43803305E+00
          0.43898308E+00
          0.43993292E+00
          0.44088173E+00
          0.44183099E+00
          0.44277942E+00
          0.44372728E+00
          0.44467429E+00
          0.44562198E+00
          0.44656793E+00
          0.44751445E+00
          0.44846011E+00
          0.44940507E+00
          0.45034944E+00
          0.45129378E+00
          0.45223758E+00
          0.45318093E+00
          0.45412356E+00
          0.45506555E+00
          0.45600667E+00
          0.45694807E+00
          0.45788750E+00
          0.45882779E+00
          0.45976531E+00
          0.46070580E+00
          0.46164387E+00
          0.46258162E+00
          0.46351836E+00
          0.46445126E+00
          0.46539024E+00
          0.46632607E+00
          0.46726053E+00
          0.46819448E+00
          0.46912781E+00
          0.47006023E+00
          0.47099238E+00
          0.47192364E+00
          0.47285429E+00
          0.47378435E+00
          0.47471371E+00
          0.47564238E+00
          0.47657033E+00
          0.47749758E+00
          0.47842427E+00
          0.47935022E+00
          0.48027539E+00
          0.48119991E+00
          0.48212375E+00
          0.48304682E+00
          0.48396916E+00
          0.48489080E+00
          0.48581168E+00
          0.48673177E+00
          0.48765122E+00
          0.48856988E+00
          0.48948771E+00
          0.49040485E+00
          0.49132118E+00
          0.49223660E+00
          0.49315145E+00
          0.49406552E+00
          0.49497867E+00
          0.49589096E+00
          0.49680228E+00
          0.49771327E+00
          0.49862334E+00
          0.49953280E+00
          0.50044126E+00
          0.50134862E+00
          0.50225458E+00
          0.50316140E+00
          0.50406695E+00
          0.50497135E+00
          0.50587492E+00
          0.50677752E+00
          0.50767927E+00
          0.50858020E+00
          0.50948023E+00
          0.51037939E+00
          0.51127768E+00
          0.51217510E+00
          0.51307163E+00
          0.51396728E+00
          0.51486204E+00
          0.51575592E+00
          0.51664889E+00
          0.51754097E+00
          0.51843214E+00
          0.51932240E+00
          0.52021176E+00
          0.52110019E+00
          0.52198770E+00
          0.52287430E+00
          0.52375996E+00
          0.52464469E+00
          0.52552849E+00
          0.52641135E+00
          0.52729326E+00
          0.52817423E+00
          0.52905425E+00
          0.52993331E+00
          0.53081141E+00
          0.53168855E+00
          0.53256473E+00
          0.53343994E+00
          0.53431418E+00
          0.53518744E+00
          0.53605971E+00
          0.53693101E+00
          0.53780133E+00
          0.53867064E+00
          0.53953897E+00
          0.54040631E+00
          0.54127263E+00
          0.54213797E+00
          0.54300229E+00
          0.54386556E+00
          0.54472792E+00
          0.54558921E+00
          0.54644948E+00
          0.54730874E+00
          0.54816696E+00
          0.54902415E+00
          0.54988032E+00
          0.55073545E+00
          0.55158954E+00
          0.55244261E+00
          0.55329462E+00
          0.55414560E+00
          0.55499552E+00
          0.55584439E+00
          0.55669220E+00
          0.55753896E+00
          0.55838466E+00
          0.55922930E+00
          0.56007288E+00
          0.56091538E+00
          0.56175682E+00
          0.56259719E+00
          0.56343648E+00
          0.56427469E+00
          0.56511182E+00
          0.56594787E+00
          0.56678284E+00
          0.56761672E+00
          0.56844950E+00
          0.56928120E+00
          0.57011180E+00
          0.57094131E+00
          0.57176972E+00
          0.57259702E+00
          0.57342322E+00
          0.57424831E+00
          0.57507231E+00
          0.57589519E+00
          0.57671695E+00
          0.57753761E+00
          0.57835714E+00
          0.57917556E+00
          0.57999285E+00
          0.58080903E+00
          0.58162408E+00
          0.58243801E+00
          0.58325080E+00
          0.58406247E+00
          0.58487300E+00
          0.58568240E+00
          0.58649067E+00
          0.58729779E+00
          0.58810378E+00
          0.58890862E+00
          0.58971232E+00
          0.59051488E+00
          0.59131629E+00
          0.59211655E+00
          0.59291567E+00
          0.59371363E+00
          0.59451044E+00
          0.59530609E+00
          0.59610059E+00
          0.59689393E+00
          0.59768611E+00
          0.59847714E+00
          0.59926699E+00
          0.60005569E+00
          0.60084322E+00
          0.60162959E+00
          0.60241478E+00
          0.60319881E+00
          0.60398167E+00
          0.60476335E+00
          0.60554387E+00
          0.60632321E+00
          0.60710137E+00
          0.60787836E+00
          0.60865416E+00
          0.60942880E+00
          0.61020224E+00
          0.61097451E+00
          0.61174560E+00
          0.61251550E+00
          0.61328422E+00
          0.61405175E+00
          0.61481810E+00
          0.61558326E+00
          0.61634723E+00
          0.61711001E+00
          0.61787160E+00
          0.61863200E+00
          0.61939120E+00
          0.62014922E+00
          0.62090604E+00
          0.62166166E+00
          0.62241609E+00
          0.62316932E+00
          0.62392136E+00
          0.62467219E+00
          0.62542183E+00
          0.62617027E+00
          0.62691751E+00
          0.62766355E+00
          0.62840838E+00
          0.62915202E+00
          0.62989445E+00
          0.63063568E+00
          0.63137570E+00
          0.63211452E+00
          0.63285213E+00
          0.63358854E+00
          0.63432374E+00
          0.63505774E+00
          0.63579053E+00
          0.63652211E+00
          0.63725248E+00
          0.63798165E+00
          0.63870961E+00
          0.63943635E+00
          0.64016189E+00
          0.64088622E+00
          0.64160934E+00
          0.64233124E+00
          0.64305194E+00
          0.64377142E+00
          0.64448970E+00
          0.64520676E+00
          0.64592261E+00
          0.64663725E+00
          0.64735067E+00
          0.64806289E+00
          0.64877389E+00
          0.64948368E+00
          0.65019225E+00
          0.65089962E+00
          0.65160577E+00
          0.65231070E+00
          0.65301443E+00
          0.65371694E+00
          0.65441824E+00
          0.65511832E+00
          0.65581719E+00
          0.65651485E+00
          0.65721130E+00
          0.65790653E+00
          0.65860055E+00
          0.65929335E+00
          0.65998494E+00
          0.66067532E+00
          0.66136449E+00
          0.66205245E+00
          0.66273919E+00
          0.66342472E+00
          0.66410904E+00
          0.66479215E+00
          0.66547404E+00
          0.66615473E+00
          0.66683420E+00
          0.66751246E+00
          0.66818952E+00
          0.66886536E+00
          0.66953999E+00
          0.67021341E+00
          0.67088563E+00
          0.67155663E+00
          0.67222643E+00
          0.67289501E+00
          0.67356239E+00
          0.67422857E+00
          0.67489353E+00
          0.67555729E+00
          0.67621984E+00
          0.67688119E+00
          0.67754133E+00
          0.67820027E+00
          0.67885800E+00
          0.67951453E+00
          0.68016986E+00
          0.68082398E+00
          0.68147690E+00
          0.68212862E+00
          0.68277914E+00
          0.68342846E+00
          0.68407658E+00
          0.68472350E+00
          0.68536922E+00
          0.68601374E+00
          0.68665707E+00
          0.68729919E+00
          0.68794013E+00
          0.68857986E+00
          0.68921841E+00
          0.68985575E+00
          0.69049191E+00
          0.69112687E+00
          0.69176064E+00
          0.69239322E+00
          0.69302461E+00
          0.69365481E+00
          0.69428382E+00
          0.69491164E+00
          0.69553827E+00
          0.69616372E+00
          0.69678799E+00
          0.69741106E+00
          0.69803296E+00
          0.69865367E+00
          0.69927320E+00
          0.69989154E+00
          0.70050871E+00
          0.70112470E+00
          0.70173950E+00
          0.70235313E+00
          0.70296559E+00
          0.70357686E+00
          0.70418697E+00
          0.70479589E+00
          0.70540365E+00
          0.70601023E+00
          0.70661564E+00
          0.70721988E+00
          0.70782295E+00
          0.70842485E+00
          0.70902559E+00
          0.70962516E+00
          0.71022356E+00
          0.71082080E+00
          0.71141688E+00
          0.71201179E+00
          0.71260555E+00
          0.71319814E+00
          0.71378957E+00
          0.71437985E+00
          0.71496897E+00
          0.71555693E+00
          0.71614374E+00
          0.71672940E+00
          0.71731390E+00
          0.71789725E+00
          0.71847946E+00
          0.71906051E+00
          0.71964041E+00
          0.72021917E+00
          0.72079679E+00
          0.72137325E+00
          0.72194858E+00
          0.72252276E+00
          0.72309581E+00
          0.72366771E+00
          0.72423848E+00
          0.72480811E+00
          0.72537660E+00
          0.72594396E+00
          0.72651018E+00
          0.72707527E+00
          0.72763923E+00
          0.72820207E+00
          0.72876377E+00
          0.72932435E+00
          0.72988380E+00
          0.73044212E+00
          0.73099933E+00
          0.73155541E+00
          0.73211037E+00
          0.73266421E+00
          0.73321693E+00
          0.73376854E+00
          0.73431903E+00
          0.73486841E+00
          0.73541667E+00
          0.73596383E+00
          0.73650987E+00
          0.73705480E+00
          0.73759863E+00
          0.73814135E+00
          0.73868297E+00
          0.73922348E+00
          0.73976290E+00
          0.74030121E+00
          0.74083842E+00
          0.74137454E+00
          0.74190956E+00
          0.74244348E+00
          0.74297631E+00
          0.74350805E+00
          0.74403870E+00
          0.74456826E+00
          0.74509673E+00
          0.74562412E+00
          0.74615042E+00
          0.74667563E+00
          0.74719977E+00
          0.74772283E+00
          0.74824480E+00
          0.74876570E+00
          0.74928552E+00
          0.74980427E+00
          0.75032195E+00
          0.75083855E+00
          0.75135409E+00
          0.75186855E+00
          0.75238195E+00
          0.75289428E+00
          0.75340555E+00
          0.75391576E+00
          0.75442490E+00
          0.75493299E+00
          0.75544001E+00
          0.75594598E+00
          0.75645090E+00
          0.75695476E+00
          0.75745757E+00
          0.75795933E+00
          0.75846004E+00
          0.75895970E+00
          0.75945832E+00
          0.75995590E+00
          0.76045243E+00
          0.76094792E+00
          0.76144236E+00
          0.76193578E+00
          0.76242815E+00
          0.76291949E+00
          0.76340980E+00
          0.76389907E+00
          0.76438732E+00
          0.76487454E+00
          0.76536073E+00
          0.76584589E+00
          0.76633003E+00
          0.76681315E+00
          0.76729524E+00
          0.76777632E+00
          0.76825638E+00
          0.76873543E+00
          0.76921346E+00
          0.76969047E+00
          0.77016648E+00
          0.77064148E+00
          0.77111547E+00
          0.77158845E+00
          0.77206043E+00
          0.77253140E+00
          0.77300137E+00
          0.77347035E+00
          0.77393832E+00
          0.77440530E+00
          0.77487128E+00
          0.77533628E+00
          0.77580027E+00
          0.77626328E+00
          0.77672530E+00
          0.77718634E+00
          0.77764638E+00
          0.77810545E+00
          0.77856353E+00
          0.77902063E+00
          0.77947676E+00
          0.77993190E+00
          0.78038607E+00
          0.78083927E+00
          0.78129150E+00
          0.78174275E+00
          0.78219304E+00
          0.78264236E+00
          0.78309071E+00
          0.78353810E+00
          0.78398453E+00
          0.78442999E+00
          0.78487450E+00
          0.78531805E+00
          0.78576065E+00
          0.78620229E+00
          0.78664298E+00
          0.78708272E+00
          0.78752151E+00
          0.78795935E+00
          0.78839624E+00
          0.78883220E+00
          0.78926721E+00
          0.78970128E+00
          0.79013441E+00
          0.79056660E+00
          0.79099786E+00
          0.79142818E+00
          0.79185758E+00
          0.79228604E+00
          0.79271357E+00
          0.79314017E+00
          0.79356585E+00
          0.79399061E+00
          0.79441444E+00
          0.79483735E+00
          0.79525935E+00
          0.79568042E+00
          0.79610058E+00
          0.79651983E+00
          0.79693816E+00
          0.79735559E+00
          0.79777210E+00
          0.79818771E+00
          0.79860241E+00
          0.79901621E+00
          0.79942911E+00
          0.79984110E+00
          0.80025220E+00
          0.80066240E+00
          0.80107170E+00
          0.80148011E+00
          0.80188763E+00
          0.80229425E+00
          0.80269999E+00
          0.80310484E+00
          0.80350881E+00
          0.80391189E+00
          0.80431409E+00
          0.80471541E+00
          0.80511585E+00
          0.80551541E+00
          0.80591410E+00
          0.80631191E+00
          0.80670885E+00
          0.80710492E+00
          0.80750012E+00
          0.80789446E+00
          0.80828793E+00
          0.80868053E+00
          0.80907227E+00
          0.80946315E+00
          0.80985318E+00
          0.81024234E+00
          0.81063065E+00
          0.81101811E+00
          0.81140471E+00
          0.81179047E+00
          0.81217537E+00
          0.81255943E+00
          0.81294264E+00
          0.81332501E+00
          0.81370653E+00
          0.81408722E+00
          0.81446706E+00
          0.81484607E+00
          0.81522425E+00
          0.81560158E+00
          0.81597809E+00
          0.81635377E+00
          0.81672861E+00
          0.81710263E+00
          0.81747582E+00
          0.81784819E+00
          0.81821974E+00
          0.81859046E+00
          0.81896037E+00
          0.81932946E+00
          0.81969773E+00
          0.82006519E+00
          0.82043183E+00
          0.82079767E+00
          0.82116269E+00
          0.82152691E+00
          0.82189032E+00
          0.82225292E+00
          0.82261473E+00
          0.82297573E+00
          0.82333593E+00
          0.82369534E+00
          0.82405394E+00
          0.82441176E+00
          0.82476878E+00
          0.82512500E+00
          0.82548044E+00
          0.82583509E+00
          0.82618895E+00
          0.82654203E+00
          0.82689433E+00
          0.82724584E+00
          0.82759657E+00
          0.82794652E+00
          0.82829570E+00
          0.82864410E+00
          0.82899173E+00
          0.82933858E+00
          0.82968467E+00
          0.83002998E+00
          0.83037453E+00
          0.83071831E+00
          0.83106133E+00
          0.83140358E+00
          0.83174508E+00
          0.83208581E+00
          0.83242579E+00
          0.83276501E+00
          0.83310347E+00
          0.83344118E+00
          0.83377814E+00
          0.83411435E+00
          0.83444981E+00
          0.83478453E+00
          0.83511850E+00
          0.83545172E+00
          0.83578421E+00
          0.83611595E+00
          0.83644695E+00
          0.83677722E+00
          0.83710675E+00
          0.83743555E+00
          0.83776361E+00
          0.83809094E+00
          0.83841754E+00
          0.83874342E+00
          0.83906857E+00
          0.83939299E+00
          0.83971669E+00
          0.84003966E+00
          0.84036192E+00
          0.84068346E+00
          0.84100428E+00
          0.84132438E+00
          0.84164377E+00
          0.84196245E+00
          0.84228042E+00
          0.84259768E+00
          0.84291422E+00
          0.84323007E+00
          0.84354520E+00
          0.84385964E+00
          0.84417337E+00
          0.84448640E+00
          0.84479873E+00
          0.84511036E+00
          0.84542130E+00
          0.84573155E+00
          0.84604110E+00
          0.84634996E+00
          0.84665812E+00
          0.84696561E+00
          0.84727240E+00
          0.84757851E+00
          0.84788393E+00
          0.84818867E+00
          0.84849273E+00
          0.84879612E+00
          0.84909882E+00
          0.84940084E+00
          0.84970220E+00
          0.85000287E+00
          0.85030288E+00
          0.85060221E+00
          0.85090088E+00
          0.85119888E+00
          0.85149621E+00
          0.85179288E+00
          0.85208888E+00
          0.85238422E+00
          0.85267891E+00
          0.85297293E+00
          0.85326629E+00
          0.85355900E+00
          0.85385106E+00
          0.85414246E+00
          0.85443321E+00
          0.85472331E+00
          0.85501276E+00
          0.85530156E+00
          0.85558972E+00
          0.85587723E+00
          0.85616410E+00
          0.85645033E+00
          0.85673592E+00
          0.85702087E+00
          0.85730518E+00
          0.85758885E+00
          0.85787189E+00
          0.85815430E+00
          0.85843608E+00
          0.85871722E+00
          0.85899774E+00
          0.85927763E+00
          0.85955689E+00
          0.85983553E+00
          0.86011355E+00
          0.86039094E+00
          0.86066772E+00
          0.86094387E+00
          0.86121941E+00
          0.86149433E+00
          0.86176863E+00
          0.86204232E+00
          0.86231540E+00
          0.86258787E+00
          0.86285973E+00
          0.86313098E+00
          0.86340163E+00
          0.86367167E+00
          0.86394110E+00
          0.86420993E+00
          0.86447817E+00
          0.86474580E+00
          0.86501283E+00
          0.86527927E+00
          0.86554511E+00
          0.86581035E+00
          0.86607501E+00
          0.86633907E+00
          0.86660254E+00
          0.86686542E+00
          0.86712771E+00
          0.86738942E+00
          0.86765054E+00
          0.86791108E+00
          0.86817104E+00
          0.86843041E+00
          0.86868921E+00
          0.86894742E+00
          0.86920506E+00
          0.86946213E+00
          0.86971862E+00
          0.86997453E+00
          0.87022988E+00
          0.87048465E+00
          0.87073885E+00
          0.87099249E+00
          0.87124556E+00
          0.87149807E+00
          0.87175001E+00
          0.87200138E+00
          0.87225220E+00
          0.87250246E+00
          0.87275215E+00
          0.87300129E+00
          0.87324987E+00
          0.87349790E+00
          0.87374538E+00
          0.87399230E+00
          0.87423867E+00
          0.87448449E+00
          0.87472976E+00
          0.87497448E+00
          0.87521866E+00
          0.87546230E+00
          0.87570538E+00
          0.87594793E+00
          0.87618994E+00
          0.87643140E+00
          0.87667233E+00
          0.87691272E+00
          0.87715257E+00
          0.87739189E+00
          0.87763067E+00
          0.87786893E+00
          0.87810665E+00
          0.87834384E+00
          0.87858050E+00
          0.87881663E+00
          0.87905224E+00
          0.87928732E+00
          0.87952188E+00
          0.87975592E+00
          0.87998943E+00
          0.88022243E+00
          0.88045490E+00
          0.88068686E+00
          0.88091830E+00
          0.88114922E+00
          0.88137963E+00
          0.88160953E+00
          0.88183891E+00
          0.88206779E+00
          0.88229615E+00
          0.88252401E+00
          0.88275136E+00
          0.88297820E+00
          0.88320454E+00
          0.88343038E+00
          0.88365571E+00
          0.88388054E+00
          0.88410487E+00
          0.88432870E+00
          0.88455204E+00
          0.88477488E+00
          0.88499722E+00
          0.88521907E+00
          0.88544042E+00
          0.88566128E+00
          0.88588165E+00
          0.88610154E+00
          0.88632093E+00
          0.88653984E+00
          0.88675826E+00
          0.88697619E+00
          0.88719364E+00
          0.88741061E+00
          0.88762709E+00
          0.88784310E+00
          0.88805862E+00
          0.88827367E+00
          0.88848824E+00
          0.88870233E+00
          0.88891595E+00
          0.88912910E+00
          0.88934177E+00
          0.88955397E+00
          0.88976570E+00
          0.88997696E+00
          0.89018775E+00
          0.89039807E+00
          0.89060793E+00
          0.89081733E+00
          0.89102625E+00
          0.89123472E+00
          0.89144272E+00
          0.89165027E+00
          0.89185735E+00
          0.89206398E+00
          0.89227014E+00
          0.89247586E+00
          0.89268111E+00
          0.89288591E+00
          0.89309026E+00
          0.89329416E+00
          0.89349760E+00
          0.89370060E+00
          0.89390314E+00
          0.89410524E+00
          0.89430689E+00
          0.89450810E+00
          0.89470886E+00
          0.89490917E+00
          0.89510905E+00
          0.89530848E+00
          0.89550747E+00
          0.89570602E+00
          0.89590414E+00
          0.89610181E+00
          0.89629905E+00
          0.89649586E+00
          0.89669223E+00
          0.89688816E+00
          0.89708367E+00
          0.89727874E+00
          0.89747338E+00
          0.89766760E+00
          0.89786138E+00
          0.89805474E+00
          0.89824767E+00
          0.89844018E+00
          0.89863226E+00
          0.89882392E+00
          0.89901516E+00
          0.89920597E+00
          0.89939637E+00
          0.89958634E+00
          0.89977590E+00
          0.89996504E+00
          0.90015376E+00
          0.90034207E+00
          0.90052997E+00
          0.90071745E+00
          0.90090452E+00
          0.90109117E+00
          0.90127742E+00
          0.90146326E+00
          0.90164869E+00
          0.90183371E+00
          0.90201832E+00
          0.90220253E+00
          0.90238634E+00
          0.90256974E+00
          0.90275274E+00
          0.90293533E+00
          0.90311753E+00
          0.90329932E+00
          0.90348072E+00
          0.90366172E+00
          0.90384232E+00
          0.90402253E+00
          0.90420234E+00
          0.90438176E+00
          0.90456078E+00
          0.90473941E+00
          0.90491765E+00
          0.90509550E+00
          0.90527296E+00
          0.90545003E+00
          0.90562671E+00
          0.90580301E+00
          0.90597892E+00
          0.90615445E+00
          0.90632959E+00
          0.90650435E+00
          0.90667872E+00
          0.90685272E+00
          0.90702633E+00
          0.90719957E+00
          0.90737243E+00
          0.90754490E+00
          0.90771701E+00
          0.90788873E+00
          0.90806008E+00
          0.90823106E+00
          0.90840167E+00
          0.90857190E+00
          0.90874176E+00
          0.90891125E+00
          0.90908037E+00
          0.90924912E+00
          0.90941750E+00
          0.90958552E+00
          0.90975317E+00
          0.90992045E+00
          0.91008737E+00
          0.91025393E+00
          0.91042012E+00
          0.91058595E+00
          0.91075142E+00
          0.91091653E+00
          0.91108129E+00
          0.91124568E+00
          0.91140971E+00
          0.91157339E+00
          0.91173671E+00
          0.91189968E+00
          0.91206230E+00
          0.91222456E+00
          0.91238646E+00
          0.91254802E+00
          0.91270922E+00
          0.91287008E+00
          0.91303058E+00
          0.91319074E+00
          0.91335055E+00
          0.91351001E+00
          0.91366913E+00
          0.91382790E+00
          0.91398633E+00
          0.91414442E+00
          0.91430216E+00
          0.91445956E+00
          0.91461662E+00
          0.91477334E+00
          0.91492972E+00
          0.91508576E+00
          0.91524146E+00
          0.91539683E+00
          0.91555186E+00
          0.91570655E+00
          0.91586091E+00
