 tau_sw_i
                          0.1061652863974330E-11
                          0.1637665058126419E-09
                          0.1825763068965449E-09
                          0.1752290084610441E-08
                          0.5211448700161179E-08
                          0.2608193379222430E-08
                          0.1512714645708622E-07
                          0.5908479283997402E-08
                          0.1012544658314918E-08
                          0.9888809276082712E-08
                          0.1974277566823602E-09
                          0.2101523502983187E-06
                          0.6609890922440846E-06
                          0.2313416431700208E-10
                          0.8154127585130167E-11
                          0.1869179845062847E-09
                          0.5358153931684512E-12
                          0.8952964253055959E-10
                          0.1911549112359863E-12
                          0.4943941404367899E-12
                          0.3307522893119608E-12
                          0.3443003284343609E-11
                          0.3070418454698945E-11
                          0.8915411583374118E-10
                          0.5061609001239232E-08
                          0.1383873522657458E-07
                          0.1031676574225987E-05
                          0.6231067865640267E-05
                          0.4267305738648738E-07
                          0.6196657721644067E-08
                          0.1197763447798349E-07
                          0.6515816029802477E-12
                          0.3142273498766636E-11
                          0.4843225632942336E-12
                          0.3314466113750845E-11
                          0.5813935146018532E-12
                          0.6520796057541400E-12
                          0.7378527428356084E-12
                          0.2083453659371803E-11
                          0.1209865040741207E-11
                          0.9896255632120490E-12
                          0.1104890073058227E-11
                          0.1835189488830462E-11
                          0.2369333135880050E-11
                          0.1475983540856039E-11
                          0.1579298503377962E-11
                          0.5010796803616939E-11
                          0.1883166285903391E-11
                          0.2046606519226789E-11
                          0.2950268248805417E-11
                          0.4168844140780164E-10
                          0.2819833926948729E-10
                          0.1103452551636231E-06
                          0.5260439997762889E-11
                          0.2614524360443208E-10
                          0.2705819485128733E-09
                          0.7708455489133694E-11
                          0.7141756872554291E-11
                          0.1656142593520773E-10
                          0.4899022119954085E-10
                          0.5933581896417471E-10
                          0.5122144684301386E-10
                          0.1334453271168926E-09
                          0.1933615500357331E-08
                          0.2459067956577745E-10
                          0.1237828647497288E-09
                          0.1465777946576639E-08
                          0.8648140330721851E-10
                          0.2474609872900373E-09
                          0.5975069759618539E-10
                          0.5180119922634757E-10
                          0.2711948157100468E-10
                          0.1929526389684994E-10
                          0.1733748687612532E-09
                          0.1439056442596999E-10
                          0.2654883917539917E-07
                          0.7677948847530482E-04
                          0.1370673422742696E-09
                          0.2904550193851687E-10
                          0.1654762217643420E-10
                          0.1830557789890453E-10
                          0.6362767648229568E-08
                          0.6390516220377988E-08
                          0.1897651873998037E-05
                          0.3346400123666587E-05
                          0.2497184200231817E-10
                          0.2111769135756339E-10
                          0.2203557785631433E-10
                          0.2316468651259877E-10
                          0.1056569132643890E-09
                          0.3172457560013657E-07
                          0.4391699326815082E-03
                          0.7563634540060494E-02
                          0.3965035862739156E-04
                          0.8092876994069561E-04
                          0.1255587825191727E-05
                          0.1495768625714897E-09
                          0.3408721008121309E-10
                          0.3556378359895967E-10
                          0.7529745231592360E-10
                          0.2237614672999937E-09
                          0.4326118742730910E-10
                          0.4311963243463497E-10
                          0.1258417065663315E-06
                          0.1213135439569484E-09
                          0.1667844687152417E-09
                          0.5066387439566638E-10
                          0.5398198166555246E-10
                          0.5426289756831028E-10
                          0.5457658142930462E-10
                          0.6205482141585858E-10
                          0.6913260065250780E-10
                          0.6058415942951809E-10
                          0.6293659553410413E-10
                          0.6530747890444511E-10
                          0.6722046726952582E-10
                          0.6965966986003328E-10
                          0.7201133876179817E-10
                          0.8342161217076609E-10
                          0.1042456947680802E-09
                          0.5640810612580563E-08
                          0.8335770662555015E-10
                          0.8997037732308772E-10
                          0.2073437842259694E-06
                          0.1933740619571474E-09
                          0.3094476112124598E-08
                          0.9754438247506203E-10
                          0.1124943903190623E-09
                          0.1056790959685458E-09
                          0.1422931877473263E-09
                          0.1102537114609256E-09
                          0.1142414299525342E-09
                          0.1185722417024816E-09
                          0.3839544102501706E-07
                          0.4038666627768855E-08
                          0.1286864487679005E-09
                          0.1999388246433930E-08
                          0.9471527936705437E-09
                          0.1441928206169321E-09
                          0.1828399696315754E-09
                          0.1508471237598742E-08
                          0.7066921103970773E-08
                          0.1210873521684580E-04
                          0.2738705752250857E-07
                          0.7471612269643631E-06
                          0.1345015157018679E-05
                          0.9038174282972418E-08
                          0.8591898179036101E-04
                          0.7625094031362900E-06
                          0.4188610208207143E-05
                          0.5539196921812826E-08
                          0.4075897703312253E-09
                          0.1437964132060975E-08
                          0.3972657416449130E-09
                          0.3324037846227939E-07
                          0.2412541281634530E-09
                          0.2471628254836624E-09
                          0.2394924597525070E-09
                          0.3212475796787348E-09
                          0.2487117036676440E-09
                          0.1607286470466877E-07
                          0.2882607950985946E-09
                          0.2646405526630896E-09
                          0.2712097883807676E-09
                          0.2813190781519971E-09
                          0.2848252338213830E-09
                          0.4319638349210682E-06
                          0.2989488745730906E-09
                          0.3126980236638641E-09
                          0.3133423031417036E-09
                          0.3208253136000069E-09
                          0.3284394537128662E-09
                          0.3361862608598783E-09
                          0.3440761429396046E-09
                          0.4596480041912576E-09
                          0.3749991237194417E-09
                          0.3685673086357407E-09
                          0.4453733710902190E-05
                          0.3857943585653117E-09
                          0.4774423388695236E-09
                          0.4097200963730134E-09
                          0.4125378700504874E-09
                          0.4219025439525423E-09
                          0.9799104756546728E-08
                          0.4419657247530933E-09
                          0.5511340783453787E-09
                          0.1063188088315248E-03
                          0.5192056245850400E-09
                          0.4803463213314008E-09
                          0.5328232268102589E-09
                          0.6054969895723170E-09
                          0.7915354016336359E-09
                          0.6186543970886020E-09
                          0.9872991249712199E-08
                          0.1081563498430426E-08
                          0.1885510699725147E-07
                          0.4869386181540638E-08
                          0.3306002737322078E-04
                          0.2224132687681967E-07
                          0.1595152758047359E-07
                          0.6184677494864056E-07
                          0.6455985229306427E-09
                          0.6737808015145493E-09
                          0.1806397089803569E-08
                          0.8618812277632724E-06
                          0.1336023309681941E-08
                          0.6921804985098801E-09
                          0.7126569447576136E-09
                          0.1315395113397300E-08
                          0.7387212941161781E-09
                          0.7632888002777478E-09
                          0.7664441620280671E-09
                          0.8262725225309918E-09
                          0.9004865384876529E-09
                          0.8390033905075112E-09
                          0.8451048446842130E-09
                          0.6826178280446260E-07
                          0.1906077331248996E-08
                          0.8689238524124613E-09
                          0.8845273223917147E-09
                          0.9010275496339645E-09
                          0.1037334864129050E-08
                          0.9345791857607091E-09
                          0.9497315869173851E-09
                          0.9670336574138797E-09
                          0.9843404617012745E-09
                          0.1703690452357556E-08
                          0.1023500042441447E-08
                          0.1037781666527835E-08
                          0.1056105805367292E-08
                          0.1074664914966465E-08
                          0.1093868032649279E-08
                          0.1112565230232912E-08
                          0.1134571919776760E-08
                          0.1151624876546146E-08
                          0.2487238811529558E-08
                          0.1191328738283712E-08
                          0.1211883393471215E-08
                          0.6827020156720364E-08
                          0.1536296041380763E-08
                          0.1274560825974353E-08
                          0.2784378324175819E-07
                          0.1320523929221917E-08
                          0.1376712743676642E-08
                          0.1364550596812149E-08
                          0.1386696268031319E-08
                          0.1444736323306665E-08
                          0.1306332013130148E-07
                          0.1498997753606971E-08
                          0.1615116610701227E-08
                          0.1557947244220807E-08
                          0.1532027640428397E-08
                          0.7333698718968834E-08
                          0.9633586221954633E-07
                          0.1883870735880542E-08
                          0.1625703554332747E-08
                          0.1649516400559835E-08
                          0.1675197248096997E-08
                          0.1712944295448356E-08
                          0.1735989386897170E-08
                          0.2313563128595481E-08
                          0.1790370882367445E-08
                          0.1811751290428393E-08
                          0.1837288391494685E-08
                          0.1865896521586809E-08
                          0.1893929050179646E-08
                          0.2013340625872593E-08
                          0.2070761573120573E-08
                          0.2947815963105161E-08
                          0.2011871490418989E-08
                          0.2096518712721174E-08
                          0.2645201219274034E-08
                          0.2184851715332051E-08
                          0.2136917456309269E-08
                          0.3499893241344964E-08
                          0.6500474543010622E-07
                          0.2623832442436059E-08
                          0.2411575001092573E-08
                          0.2860423823152834E-08
                          0.3435607111547422E-08
                          0.2429721285769170E-08
                          0.2580095103422797E-08
                          0.2671205536786476E-08
                          0.2471036398099128E-08
                          0.2511197768423991E-08
                          0.2536254395532632E-08
                          0.2572359432122315E-08
                          0.1074045925100087E-07
                          0.2673706396516193E-08
                          0.2691069819766134E-08
                          0.2777773343222641E-08
                          0.2756046754112074E-08
                          0.7669640121250346E-08
                          0.2846409476130657E-08
                          0.3317475110434399E-08
                          0.2911458189652346E-08
                          0.3470626746855893E-08
                          0.2988018560639340E-08
                          0.3030594065147483E-08
                          0.3089854435182085E-08
                          0.3116169669724063E-08
                          0.3152027031281242E-08
                          0.3193923252061722E-08
                          0.3241543807163684E-08
                          0.3289515978173073E-08
                          0.3323646887953217E-08
                          0.3389136406198517E-08
                          0.3410673006897792E-08
                          0.3455479585567746E-08
                          0.3667120260461034E-08
                          0.3548643162020932E-08
                          0.3591911093314748E-08
                          0.3638380831306621E-08
                          0.3685180868249211E-08
                          0.3732515243306489E-08
                          0.3780470681068148E-08
                          0.3832382878824389E-08
                          0.3880522192973884E-08
                          0.3928095445022019E-08
                          0.3976127322233048E-08
                          0.4028232176659144E-08
                          0.4076608291210296E-08
                          0.4129920313079065E-08
                          0.4817523046947129E-08
                          0.4295872062196450E-08
                          0.5019680106215320E-08
                          0.4336824537802558E-08
                          0.4636585217040267E-08
                          0.9021821592767323E-04
                          0.4501097259088946E-08
                          0.4570786304499791E-08
                          0.4622517272330089E-08
                          0.4786519559519446E-08
                          0.4721719650032303E-08
                          0.4779387691437407E-08
                          0.4872402729113564E-08
                          0.4897474527157958E-08
                          0.4952063222622811E-08
                          0.5011134191678671E-08
                          0.5070744151804651E-08
                          0.5130744133232623E-08
                          0.5211088913591624E-08
                          0.5252519132612233E-08
                          0.5314303975428362E-08
                          0.5376457767275818E-08
                          0.5439364943278321E-08
                          0.5502687238219750E-08
                          0.6981221746242531E-08
                          0.1307599827854991E-06
                          0.5878187836352974E-08
                          0.5766983581903979E-08
                          0.5827767783147817E-08
                          0.5897993869440178E-08
                          0.3280353722392229E-04
                          0.6261610187761935E-08
                          0.6098600117133321E-08
                          0.6167928622699397E-08
                          0.6238153855331867E-08
                          0.2614266449680207E-07
                          0.6377325565917310E-08
                          0.6448962148022855E-08
                          0.6521303343017741E-08
                          0.6796079223636655E-08
                          0.6680645921560194E-08
                          0.6786836324351857E-08
                          0.6814334745413418E-08
                          0.6889417713231366E-08
                          0.6964886437828808E-08
                          0.7041539124783743E-08
                          0.7117921422824008E-08
                          0.7305513941769152E-08
                          0.7273505292950725E-08
                          0.7572172298617287E-08
                          0.7431586760795425E-08
                          0.7511597722278686E-08
                          0.7725123411060220E-08
                          0.7686544245404617E-08
                          0.7764946442176301E-08
                          0.7838110042833287E-08
                          0.7921407891197350E-08
                          0.8006001763426801E-08
                          0.8100216129956079E-08
                          0.8176269092668480E-08
                          0.8261062988990337E-08
                          0.8347862631558286E-08
                          0.8435047544900447E-08
                          0.8522926951984494E-08
                          0.8611577183977967E-08
                          0.8700922001790826E-08
                          0.8790961017521958E-08
                          0.8881695613554812E-08
                          0.8989531277246790E-08
                          0.9065271646605315E-08
                          0.9158120419853561E-08
                          0.9273827516414384E-08
                          0.9345954795262964E-08
                          0.9440956544931865E-08
                          0.9536661081369634E-08
                          0.9633148538244992E-08
                          0.9735920717707363E-08
                          0.9828177232249561E-08
                          0.9926818555452175E-08
                          0.1002625529098336E-07
                          0.1012638946450528E-07
                          0.1022719993209448E-07
                          0.1032884095965239E-07
                          0.1043121108233142E-07
                          0.1053440613380761E-07
                          0.1063952102603057E-07
                          0.1074292572712960E-07
                          0.5911106166798597E-07
                          0.1095692841335364E-07
                          0.1106165534507532E-07
                          0.1125698106710030E-07
                          0.1128704262201190E-07
                          0.1139742886834432E-07
                          0.1154481659891345E-07
                          0.1168122791068458E-07
                          0.1172021243974959E-07
                          0.1183313312638752E-07
                          0.1194922585098405E-07
                          0.1206097456857385E-07
                          0.1517778334892853E-07
                          0.1242205227678939E-07
                          0.4592423666221107E-07
                          0.1253047516198324E-07
                          0.1264679992056021E-07
                          0.1281176570444363E-07
                          0.1641641319211882E-07
                          0.6115111160714219E-07
                          0.1828565148946147E-06
                          0.4920278900079870E-07
                          0.1740718270550909E-07
                          0.1411272674543021E-07
                          0.1389718649259191E-07
                          0.1374600662185053E-07
                          0.1387282342946404E-07
                          0.1400056064981978E-07
                          0.1412937056614169E-07
                          0.1425867137232973E-07
                          0.1438893534646296E-07
                          0.1452090050105252E-07
                          0.1465253210899852E-07
                          0.1478542221668294E-07
                          0.1491935097306598E-07
                          0.1506752796596100E-07
                          0.1518989245563083E-07
                          0.1532656652767287E-07
                          0.1546458665521465E-07
                          0.1560268916099515E-07
                          0.1574214034304736E-07
                          0.1588252520060014E-07
                          0.1602384782226930E-07
                          0.1616611075424751E-07
                          0.1630931728819104E-07
                          0.1645454493398363E-07
                          0.1659868331267609E-07
                          0.1674465499124990E-07
                          0.1689172611446271E-07
                          0.1703972352456704E-07
                          0.1718882586718701E-07
                          0.1733858813413464E-07
                          0.1748950851471454E-07
                          0.1764141203517999E-07
                          0.1779430281856515E-07
                          0.1794818812562498E-07
                          0.1810308203693376E-07
                          0.1825894437218637E-07
                          0.1841617646242010E-07
                          0.1857371774006434E-07
                          0.1873262371949248E-07
                          0.1889263687225107E-07
                          0.1905348903194792E-07
                          0.1921546077488593E-07
                          0.1937846547500231E-07
                          0.1954251089516222E-07
                          0.1992402028068072E-07
                          0.1987369667552361E-07
                          0.2004085744992627E-07
                          0.2020921690853463E-07
                          0.2037885814755225E-07
                          0.2054871967551340E-07
                          0.2072009494825556E-07
                          0.2099292463977668E-07
                          0.2106699256870554E-07
                          0.2124075152926640E-07
                          0.2141651519862213E-07
                          0.2159324345654816E-07
                          0.2177393615380684E-07
                          0.2195032561123753E-07
                          0.2213021126584552E-07
                          0.2231334535827959E-07
                          0.2249985239500778E-07
                          0.2267712731900868E-07
                          0.2286554773136745E-07
                          0.2304734069765896E-07
                          0.2323411353662988E-07
                          0.2342227987064586E-07
                          0.2361110390285606E-07
                          0.2380130423903518E-07
                          0.2399265727810072E-07
                          0.2418517746066153E-07
                          0.2437888942194942E-07
                          0.2457364521664816E-07
                          0.2477736444750142E-07
                          0.2496678081360611E-07
                          0.2516531754784986E-07
                          0.2536517035237492E-07
                          0.2556531675882219E-07
                          0.2576718417024435E-07
                          0.2598730244517501E-07
                          0.2617530501652335E-07
                          0.2638000466416039E-07
                          0.2658668678771420E-07
                          0.2679458116463535E-07
                          0.2700369219239633E-07
                          0.2721402504275955E-07
                          0.2742558404225779E-07
                          0.2763837487541031E-07
                          0.2785240010194685E-07
                          0.2806779494263968E-07
                          0.2828417873342071E-07
                          0.2850194097951691E-07
                          0.2872095823860144E-07
                          0.2894123533756643E-07
                          0.2916277706586838E-07
                          0.2938558827294553E-07
                          0.2960967403798913E-07
                          0.2983503879097242E-07
                          0.3064318823516283E-07
                          0.3028986912088589E-07
                          0.3051885626769929E-07
                          0.3075432990239785E-07
                          0.3105146100164991E-07
                          0.3121438853719191E-07
                          0.3144881746492122E-07
                          0.3168459139217946E-07
                          0.3192169005244907E-07
                          0.3216018373859409E-07
                          0.3239987173238194E-07
                          0.3264483221333548E-07
                          0.3288448150475198E-07
                          0.3315757013747913E-07
                          0.3339148624556811E-07
                          0.3361896009864687E-07
                          0.3390871422283098E-07
                          0.3411592693584058E-07
                          0.3436743530977088E-07
                          0.3461860685142494E-07
                          0.3487189312685906E-07
                          0.3512665425032999E-07
                          0.3538290224440759E-07
                          0.3565400442000966E-07
                          0.3589950564578566E-07
                          0.3615967414936309E-07
                          0.3646393109606264E-07
                          0.3668506434056158E-07
                          0.3694922474006559E-07
                          0.3721522983833975E-07
                          0.3748271723504126E-07
                          0.3775188002382804E-07
                          0.3802200798105314E-07
                          0.3829629341605332E-07
                          0.4383677850355372E-07
                          0.3978429538153894E-07
                          0.3911795090884678E-07
                          0.3939861509436658E-07
                          0.3967973184089109E-07
                          0.3995535634631525E-07
                          0.4023811467572152E-07
                          0.4052104698507271E-07
                          0.4080614216201725E-07
                          0.4109277482129185E-07
                          0.4138081834617863E-07
                          0.4167042864932627E-07
                          0.4199123869766685E-07
                          0.4229744902424679E-07
                          0.4293418760005284E-07
                          0.4284449373642944E-07
                          0.4314133534736938E-07
                          0.4344016221924854E-07
                          0.4374046983384478E-07
                          0.4404236674306274E-07
                          0.4434582341666507E-07
                          0.4465084609153218E-07
                          0.4495905784395945E-07
                          0.4526560804098334E-07
                          0.4557535888618612E-07
                          0.4588669679946511E-07
                          0.4620002039350873E-07
                          0.4651418552937074E-07
                          0.4683028652529167E-07
                          0.4714825966233268E-07
                          0.4746738124398168E-07
                          0.4778835832974297E-07
                          0.4811095351820091E-07
                          0.4843518295724705E-07
                          0.4876104843618718E-07
                          0.4908855544972076E-07
                          0.4951258517146518E-07
                          0.4974888068765039E-07
                          0.5008098067204742E-07
                          0.5041510889240337E-07
                          0.5075097690375223E-07
                          0.5108837900594721E-07
                          0.5142759624136421E-07
                          0.5176836879224588E-07
                          0.5211089835077999E-07
                          0.5246057916153051E-07
                          0.5280216601595087E-07
                          0.5325142177515651E-07
                          0.5349804438787644E-07
                          0.6204039497412383E-07
                          0.5420211737196183E-07
                          0.5455716492127078E-07
                          0.5491269735960799E-07
                          0.5527070800017002E-07
                          0.5563055519456807E-07
                          0.5599196756228291E-07
                          0.5635522333271681E-07
                          0.5672025830439770E-07
                          0.5708705194460385E-07
                          0.5745568142637245E-07
                          0.5782599199700860E-07
                          0.5819813748250608E-07
                          0.5857207118672206E-07
                          0.5894780806782591E-07
                          0.5932535000356978E-07
                          0.5970470354859228E-07
                          0.6008587290045261E-07
                          0.6046935374246376E-07
                          0.6085368477363654E-07
                          0.6157736098711056E-07
                          0.6166956784684529E-07
                          0.6201917122179205E-07
                          0.6241136821037753E-07
                          0.6280540882448231E-07
                          0.6320224076401129E-07
                          0.6359909713643290E-07
                          0.6399875079324078E-07
                          0.6440028531342078E-07
                          0.6480370602826051E-07
                          0.6520901928627436E-07
                          0.6561623088158704E-07
                          0.6602534743513983E-07
                          0.6643637254921913E-07
                          0.6684931455698664E-07
                          0.6726417858825390E-07
                          0.6768097060357675E-07
                          0.6809969667687878E-07
                          0.6852036246028270E-07
                          0.6894297423042091E-07
                          0.6936753839809256E-07
                          0.6979405947771114E-07
                          0.7022254495759133E-07
                          0.7065300038337084E-07
                          0.7108543824804671E-07
                          0.7151984504901462E-07
                          0.7195624642632328E-07
                          0.7239469342914763E-07
                          0.7285146198466291E-07
                          0.7327751174827582E-07
                          0.7372185356472131E-07
                          0.7416828616351077E-07
                          0.7461674386266071E-07
                          0.7506723107316445E-07
                          0.7551977148878732E-07
                          0.7597432666326123E-07
                          0.7643096235132215E-07
                          0.7711516184694022E-07
                          0.7735034815604889E-07
                          0.7781317612509802E-07
                          0.7827802160435396E-07
                          0.7874497519153089E-07
                          0.7921437868620323E-07
                          0.7968521429982543E-07
                          0.8015865051097328E-07
                          0.8063375055966716E-07
                          0.8111119602723960E-07
                          0.8159105075419176E-07
                          0.8240022970376554E-07
                          0.8255629580847229E-07
                          0.8371251002210937E-07
                          0.8353026910630760E-07
                          0.8402139956321189E-07
                          0.8451412768164710E-07
                          0.8500746814893442E-07
                          0.8550419427913620E-07
                          0.8600309426718107E-07
                          0.8650418128076498E-07
                          0.8700744170232013E-07
                          0.8751291748420574E-07
                          0.8802055850883424E-07
                          0.8853574255296664E-07
                          0.8906268358702795E-07
                          0.8955942553167233E-07
                          0.9009809249496633E-07
                          0.9059241512716194E-07
                          0.9111304659436725E-07
                          0.9165324407098614E-07
                          0.9217664119849280E-07
                          0.9268966661902033E-07
                          0.9321949862967436E-07
                          0.9375176940871587E-07
                          0.9433504698415870E-07
                          0.9482314554999968E-07
                          0.9536226424150231E-07
                          0.9590422471949753E-07
                          0.9674152834847640E-07
                          0.9699342094557349E-07
                          0.9754176073193886E-07
                          0.9810350368469084E-07
                          0.9864542267460903E-07
                          0.9920076793386042E-07
                          0.9975840458236315E-07
                          0.1003184195201479E-06
                          0.1008807878551754E-06
                          0.1014455178644019E-06
                          0.1020126161647977E-06
                          0.1025820875888427E-06
                          0.1031539407683097E-06
                          0.1037281810551131E-06
                          0.1043048161176813E-06
                          0.1048838513051582E-06
                          0.1054677254213769E-06
                          0.1060491517460467E-06
                          0.1067687204030889E-06
                          0.1072241361363401E-06
                          0.1078152755617976E-06
                          0.1084088972551382E-06
                          0.1090064723121575E-06
                          0.1096033671635353E-06
                          0.1104461160591030E-06
                          0.1108080567109239E-06
                          0.1114142503885375E-06
                          0.1120224930127142E-06
                          0.1126379011644932E-06
                          0.1141421620134978E-06
                          0.1138621649486986E-06
                          0.1144803958037384E-06
                          0.1151018130440007E-06
                          0.1157246769378642E-06
                          0.1163505923657210E-06
                          0.1169791380469462E-06
                          0.1176100641451674E-06
                          0.1182436130456544E-06
                          0.1188797249331023E-06
                          0.1195183966902848E-06
                          0.1201596400406889E-06
                          0.1208034609002802E-06
                          0.1214498996687524E-06
                          0.1221220041916963E-06
                          0.1227504701558687E-06
                          0.1234046856285815E-06
                          0.1240628139693118E-06
                          0.1247208816597712E-06
                          0.1253829337876989E-06
                          0.1260476175419004E-06
                          0.1267149458374293E-06
                          0.1273849099860562E-06
                          0.1280575326531334E-06
                          0.1287328154642342E-06
                          0.1294108475981932E-06
                          0.1300913897207757E-06
                          0.1307746952434869E-06
                          0.1314606889067061E-06
                          0.1321494605961935E-06
                          0.1328407693999936E-06
                          0.1335348702237411E-06
                          0.1342316875601726E-06
                          0.1349312284672830E-06
                          0.1356336480096269E-06
                          0.1363385093655766E-06
                          0.1370462637041474E-06
                          0.1377567700392789E-06
                          0.1384700349551687E-06
                          0.1391862123787185E-06
                          0.1399048871517002E-06
                          0.1406264820339744E-06
                          0.1413508297907870E-06
                          0.1420780063639264E-06
                          0.1428079870178014E-06
                          0.1435450891475053E-06
                          0.1442765536272824E-06
                          0.1450147813000908E-06
                          0.1458097876612123E-06
                          0.1465014027286383E-06
                          0.1472470451929791E-06
                          0.1479968203286176E-06
                          0.1487494663687431E-06
                          0.1495159555724730E-06
                          0.1502633763335137E-06
                          0.1510246356067578E-06
                          0.1518833158432218E-06
                          0.1525558473498752E-06
                          0.1533258045228808E-06
                          0.1540990160621772E-06
                          0.1548745541422798E-06
                          0.1556653902355290E-06
                          0.1564357635333131E-06
                          0.1572212607782788E-06
                          0.1580079237635477E-06
                          0.1587974221611391E-06
                          0.1595908721744563E-06
                          0.1603872918828550E-06
                          0.1611866923588979E-06
                          0.1619890701068603E-06
                          0.1627944435732845E-06
                          0.1636028161642336E-06
                          0.1644141956058029E-06
                          0.1652286486487393E-06
                          0.1660460268356520E-06
                          0.1668664704525625E-06
                          0.1676899327315346E-06
                          0.1685188557484166E-06
                          0.1693460333835110E-06
                          0.1701786696045125E-06
                          0.1710143799502565E-06
                          0.1718599864852577E-06
                          0.1726950084888554E-06
                          0.1735415516529316E-06
                          0.1743880012728245E-06
                          0.1752391502396109E-06
                          0.1760934122089318E-06
                          0.1769515859855958E-06
                          0.1778112994581498E-06
                          0.1786749413940346E-06
                          0.1795417257633102E-06
                          0.1804116601112273E-06
                          0.1812847534537659E-06
                          0.1821610089396544E-06
                          0.1830404386999737E-06
                          0.1839230488833241E-06
                          0.1848088471222476E-06
                          0.1856978436767834E-06
                          0.1865900640577800E-06
                          0.1874854470883816E-06
                          0.1883840744321918E-06
                          0.1892859291625565E-06
                          0.1901910163658197E-06
                          0.1910993463907044E-06
                          0.1920109272571951E-06
                          0.1929257855892000E-06
                          0.1938453951574131E-06
                          0.1947652439802965E-06
                          0.1956900262992417E-06
                          0.1966178411530603E-06
                          0.1975490818012754E-06
                          0.1984837892670518E-06
                          0.1994217755707867E-06
                          0.2003626829905892E-06
                          0.2013084700642187E-06
                          0.2022550057186423E-06
                          0.2032061849053578E-06
                          0.2041620606834017E-06
                          0.2051186104701072E-06
                          0.2060799205108735E-06
                          0.2070445045612363E-06
                          0.2080437420270281E-06
                          0.2089839261639353E-06
                          0.2099587312556542E-06
                          0.2109369425160131E-06
                          0.2119185679677246E-06
                          0.2129036155742175E-06
                          0.2138921100790689E-06
                          0.2148840089242828E-06
                          0.2158793705950463E-06
                          0.2168782023466522E-06
                          0.2178810389262189E-06
                          0.2188862113071018E-06
                          0.2198954366800330E-06
                          0.2209081480296941E-06
                          0.2219243535499344E-06
                          0.2229440605983521E-06
                          0.2239672779011685E-06
                          0.2249940132519577E-06
                          0.2260242899243135E-06
                          0.2270580807176766E-06
                          0.2280954082729912E-06
                          0.2291388544865128E-06
                          0.2301845773670250E-06
                          0.2312287563438849E-06
                          0.2322803441678809E-06
                          0.2333355161013379E-06
                          0.2343942769139856E-06
                          0.2354566366886436E-06
                          0.2365226046685116E-06
                          0.2375922441951375E-06
                          0.2386654193393454E-06
                          0.2397422319589695E-06
                          0.2408227099156641E-06
                          0.2419068359454416E-06
                          0.2429946274924662E-06
                          0.2440860657767303E-06
                          0.2451811843779771E-06
                          0.2462800113371077E-06
                          0.2473824766881416E-06
                          0.2484886616608445E-06
                          0.2495994719391399E-06
                          0.2507121598388587E-06
                          0.2518294910848253E-06
                          0.2529505475195526E-06
                          0.2540753454026470E-06
                          0.2552038993515973E-06
                          0.2563362414540593E-06
                          0.2574723562611560E-06
                          0.2586120906389489E-06
                          0.2597557086481155E-06
                          0.2609031123808498E-06
                          0.2620543173021924E-06
                          0.2632158830846531E-06
                          0.2643681437444318E-06
                          0.2655307884642382E-06
                          0.2667037934187893E-06
                          0.2678675752188224E-06
                          0.2690417360431088E-06
                          0.2702198110070888E-06
                          0.2714016336928772E-06
                          0.2725873879487119E-06
                          0.2737770222750531E-06
                          0.2749705467947140E-06
                          0.2761679708278150E-06
                          0.2773692986468178E-06
                          0.2785745429435754E-06
                          0.2797837108128219E-06
                          0.2809968107613091E-06
                          0.2822138552043851E-06
                          0.2834348409669573E-06
                          0.2846597883102593E-06
                          0.2858887017877364E-06
                          0.2871216241189423E-06
                          0.2883584984694763E-06
                          0.2895993257494508E-06
                          0.2908441889576708E-06
                          0.2920930619062228E-06
                          0.2933463610734336E-06
                          0.2946028793645893E-06
                          0.2958640005326202E-06
                          0.2971288162934253E-06
                          0.2983981251691333E-06
                          0.2996709717661597E-06
                          0.3009481493114087E-06
                          0.3022294049228698E-06
                          0.3035147513122764E-06
                          0.3048041851640672E-06
                          0.3060977271918221E-06
                          0.3073953822187273E-06
                          0.3086971582976049E-06
                          0.3100030649081945E-06
                          0.3113131306407048E-06
                          0.3126273038602045E-06
                          0.3139457078360294E-06
                          0.3152685131152817E-06
                          0.3165948661315249E-06
                          0.3179257833023989E-06
                          0.3192608226210588E-06
                          0.3206000580331432E-06
                          0.3219435296373438E-06
                          0.3232912318688768E-06
                          0.3246447341459787E-06
                          0.3259993943769223E-06
                          0.3273596878513360E-06
                          0.3287243431103464E-06
                          0.3300932543606433E-06
                          0.3314664677940052E-06
                          0.3328439005497983E-06
                          0.3342256583912871E-06
                          0.3356118808272511E-06
                          0.3370020586306284E-06
                          0.3383967308198794E-06
                          0.3397957276011042E-06
                          0.3411990573445411E-06
                          0.3426106546747648E-06
                          0.3440187527685549E-06
                          0.3454351362525403E-06
                          0.3468558888762495E-06
                          0.3482810195855568E-06
                          0.3497105555941178E-06
                          0.3511444512600005E-06
                          0.3525827702180598E-06
                          0.3540255032699200E-06
                          0.3554726594372644E-06
                          0.3569242477511944E-06
                          0.3583802772518455E-06
                          0.3598407569887206E-06
                          0.3613056969889326E-06
                          0.3627751034148748E-06
                          0.3642489889435398E-06
                          0.3657273596086119E-06
                          0.3672102266266134E-06
                          0.3686975993598012E-06
                          0.3701894838494247E-06
                          0.3716858937506498E-06
                          0.3731868329658826E-06
                          0.3746926868705110E-06
                          0.3762032274530007E-06
                          0.3777169389215178E-06
                          0.3792361183476671E-06
                          0.3807738271735299E-06
                          0.3822881638195510E-06
                          0.3838210849464788E-06
                          0.3853586121904221E-06
                          0.3869008810756210E-06
                          0.3884475236615829E-06
                          0.3899989190036698E-06
                          0.3915549604223239E-06
                          0.3931269068317537E-06
                          0.3946810285167230E-06
                          0.3962510317827023E-06
                          0.3978257353076795E-06
                          0.3994051277048133E-06
                          0.4009892181550967E-06
                          0.4025780159673600E-06
                          0.4041715304468806E-06
                          0.4057697717099165E-06
                          0.4073727467548976E-06
                          0.4089804672580717E-06
                          0.4105929417958651E-06
                          0.4122101849769023E-06
                          0.4138321904319646E-06
                          0.4154589832837433E-06
                          0.4170905933082359E-06
                          0.4187270271463683E-06
                          0.4203681486835461E-06
                          0.4220141641373035E-06
                          0.4236650087755906E-06
                          0.4253212267846365E-06
                          0.4269812233667224E-06
                          0.4286466122344217E-06
                          0.4303168680949947E-06
                          0.4319920004269517E-06
                          0.4336720187025030E-06
                          0.4353569324104669E-06
                          0.4370467510649664E-06
                          0.4387414841702263E-06
                          0.4404415267496627E-06
                          0.4421457318167423E-06
                          0.4438552654374997E-06
                          0.4455697516145516E-06
                          0.4472892173795079E-06
                          0.4490136199738764E-06
                          0.4507430650093429E-06
                          0.4524774135197372E-06
                          0.4542168731278506E-06
                          0.4559612088967384E-06
                          0.4577106331835036E-06
                          0.4594650852756154E-06
                          0.4612246332628770E-06
                          0.4629891257065765E-06
                          0.4647587097237457E-06
                          0.4665333803664567E-06
                          0.4683131176051068E-06
                          0.4700979475143384E-06
                          0.4718878916711262E-06
                          0.4736829076949194E-06
                          0.4754853032614227E-06
                          0.4772883330670063E-06
                          0.4792290432493047E-06
                          0.4809143012577970E-06
                          0.4827350132898402E-06
                          0.4845608902628563E-06
                          0.4863919419415973E-06
                          0.4882282554015937E-06
                          0.4900696085062272E-06
                          0.4919162428784439E-06
                          0.4937681075508479E-06
                          0.4956252032524097E-06
                          0.4974874901310322E-06
                          0.4993566062433196E-06
                          0.5012278236246636E-06
                          0.5031058834335410E-06
                          0.5049892206528838E-06
                          0.5068778414766998E-06
                          0.5087717533188664E-06
                          0.5106709683167565E-06
                          0.5125754957068185E-06
                          0.5144853501743751E-06
                          0.5164005266317982E-06
                          0.5183210518665616E-06
                          0.5202469256911633E-06
                          0.5221783325222928E-06
                          0.5241147722413724E-06
                          0.5260568975288494E-06
                          0.5280041457840562E-06
                          0.5299569301153757E-06
                          0.5319151261184516E-06
                          0.5338787437799824E-06
                          0.5358477931021025E-06
                          0.5378222840837378E-06
                          0.5398023845740337E-06
                          0.5417876311123140E-06
                          0.5437785190572750E-06
                          0.5457748651172849E-06
                          0.5477767148517970E-06
                          0.5497840665630331E-06
                          0.5517969307352892E-06
                          0.5538153514095979E-06
                          0.5558393260959535E-06
                          0.5578687262994248E-06
                          0.5599098704475430E-06
                          0.5619442808877030E-06
                          0.5639904476341685E-06
                          0.5660421660587663E-06
                          0.5680994817266315E-06
                          0.5701627884044372E-06
                          0.5722309554540292E-06
                          0.5743051249229155E-06
                          0.5763849180979612E-06
                          0.5784703459337864E-06
                          0.5805614399424656E-06
                          0.5826582013220862E-06
                          0.5847606676128647E-06
                          0.5868687474278076E-06
                          0.5889825593356780E-06
                          0.5911020762887458E-06
                          0.5932273086061810E-06
                          0.5953582704333146E-06
                          0.5974949646411297E-06
                          0.5996374581416414E-06
                          0.6017855970800920E-06
                          0.6039395599292971E-06
                          0.6060993001904775E-06
                          0.6082648278439232E-06
                          0.6104361552198163E-06
                          0.6126132971071250E-06
                          0.6147964752647057E-06
                          0.6169854296654103E-06
                          0.6191797737252785E-06
                          0.6213801080944068E-06
                          0.6235864372363231E-06
                          0.6257986366640730E-06
                          0.6280167167825585E-06
                          0.6302406890209452E-06
                          0.6324705607489932E-06
                          0.6347063454498596E-06
                          0.6369480525463345E-06
                          0.6391956924876416E-06
                          0.6414492757333858E-06
                          0.6437088127487617E-06
                          0.6459743140511383E-06
                          0.6482457900124119E-06
                          0.6505232514773481E-06
                          0.6528078411307588E-06
                          0.6550961820348344E-06
                          0.6573916515529915E-06
                          0.6596931589341114E-06
                          0.6620007044007478E-06
                          0.6643143016573639E-06
                          0.6666339498398397E-06
                          0.6689596718665757E-06
                          0.6712914740227818E-06
                          0.6736293981974717E-06
                          0.6759733608546053E-06
                          0.6783234668378613E-06
                          0.6806797219149185E-06
                          0.6830443082467775E-06
                          0.6854224377600563E-06
                          0.6877947842343339E-06
                          0.6901660470222780E-06
                          0.6925530477742376E-06
                          0.6949462378201865E-06
                          0.6973456186382391E-06
                          0.6997512208255987E-06
                          0.7021630207224842E-06
                          0.7045810601626895E-06
                          0.7070053394864445E-06
                          0.7094359443917715E-06
                          0.7118726606959520E-06
                          0.7143157240672675E-06
                          0.7167650702665900E-06
                          0.7192207100816908E-06
                          0.7216829661098244E-06
                          0.7241509136067850E-06
                          0.7266254991571620E-06
                          0.7291064381123898E-06
                          0.7315936905168824E-06
                          0.7340873202201525E-06
                          0.7365881562092758E-06
                          0.7390936928370294E-06
                          0.7416064609222905E-06
                          0.7441256307288835E-06
                          0.7466512920761341E-06
                          0.7491832543781118E-06
                          0.7517216597711403E-06
                          0.7542665712232899E-06
                          0.7568179038641542E-06
                          0.7593756950952247E-06
                          0.7619403620427599E-06
                          0.7645109121212381E-06
                          0.7670880330478394E-06
                          0.7696718189449076E-06
                          0.7722621558119322E-06
                          0.7748616296576167E-06
                          0.7774623518967323E-06
                          0.7800722908790422E-06
                          0.7826887955493039E-06
                          0.7853118768758497E-06
                          0.7879415459246169E-06
                          0.7905778151032204E-06
                          0.7932207304338068E-06
                          0.7958701895466429E-06
                          0.7985263446163117E-06
                          0.8011890920323541E-06
                          0.8038585357928235E-06
                          0.8065350613131994E-06
                          0.8092174309949650E-06
                          0.8119068371284492E-06
                          0.8146029870010690E-06
                          0.8173058644061450E-06
                          0.8200154338813422E-06
                          0.8227317480663174E-06
                          0.8254548078258181E-06
                          0.8281846486218288E-06
                          0.8309211943636523E-06
                          0.8336645474550868E-06
                          0.8364146879965353E-06
                          0.8391716271765799E-06
                          0.8419353761838737E-06
                          0.8447059637625978E-06
                          0.8474833545198640E-06
                          0.8502675942956832E-06
                          0.8530594695159058E-06
                          0.8558566611919296E-06
                          0.8586615048099085E-06
                          0.8614732368950329E-06
                          0.8642918687117561E-06
                          0.8671174114998251E-06
                          0.8699498765972825E-06
                          0.8727892752865723E-06
                          0.8756357668155061E-06
                          0.8784889186652448E-06
                          0.8813491859938038E-06
                          0.8842164338436502E-06
                          0.8870907312548510E-06
                          0.8899719065685245E-06
                          0.8928601574724854E-06
                          0.8957554326519258E-06
                          0.8986578671568502E-06
                          0.9015688713990366E-06
                          0.9044835182961844E-06
                          0.9074071140683587E-06
                          0.9103377219995371E-06
                          0.9132753544996660E-06
                          0.9162207706738064E-06
                          0.9191718762554288E-06
                          0.9221308841773741E-06
                          0.9251002377273106E-06
                          0.9280703294170062E-06
                          0.9310507833542069E-06
                          0.9340396363434774E-06
                          0.9370332255888376E-06
                          0.9400352358628478E-06
                          0.9430444542086214E-06
                          0.9460608904404137E-06
                          0.9490845577660592E-06
                          0.9521154671752131E-06
                          0.9551536302176558E-06
                          0.9581990834757436E-06
                          0.9612517634799005E-06
                          0.9643117568532736E-06
                          0.9673790623925990E-06
                          0.9704536550420473E-06
                          0.9735355844302303E-06
                          0.9766248534502926E-06
                          0.9797214588719214E-06
                          0.9828254224138843E-06
                          0.9859367592665509E-06
                          0.9890554777055470E-06
                          0.9921815888449989E-06
                          0.9953151048251763E-06
                          0.9984560372512159E-06
                          0.1001609156083753E-05
                          0.1004760202586922E-05
                          0.1007923449394612E-05
                          0.1011094164240942E-05
                          0.1014272353997741E-05
                          0.1017458030502018E-05
                          0.1020684488050669E-05
                          0.1023851890822532E-05
                          0.1027060097212076E-05
                          0.1030275837850944E-05
                          0.1033499140445551E-05
                          0.1036729967428455E-05
                          0.1039968379955111E-05
                          0.1043214373384877E-05
                          0.1046467959541809E-05
                          0.1049729150326405E-05
                          0.1052998008247894E-05
                          0.1056274398839270E-05
                          0.1059558468192481E-05
                          0.1062850199974748E-05
                          0.1066149586917675E-05
                          0.1069456653942063E-05
                          0.1072771408597911E-05
                          0.1076093862796925E-05
                          0.1079424033185029E-05
                          0.1082761917448302E-05
                          0.1086107543181623E-05
                          0.1089460947526843E-05
                          0.1092822044102332E-05
                          0.1096190946025001E-05
                          0.1099567631073987E-05
                          0.1102952141528405E-05
                          0.1106344398503185E-05
                          0.1109744504807800E-05
                          0.1113152442248609E-05
                          0.1116568222776448E-05
                          0.1119991858470819E-05
                          0.1123423373427708E-05
                          0.1126862743342443E-05
                          0.1130310016656509E-05
                          0.1133765193294090E-05
                          0.1137228285325765E-05
                          0.1140699304831007E-05
                          0.1144178264050266E-05
                          0.1147665174738401E-05
                          0.1151160049122264E-05
                          0.1154662899501748E-05
                          0.1158173737890682E-05
                          0.1161692578910204E-05
                          0.1165219427246794E-05
                          0.1168754303498857E-05
                          0.1172297215851167E-05
                          0.1175848210248652E-05
                          0.1179407197005167E-05
                          0.1182974297620415E-05
                          0.1186549471468927E-05
                          0.1190132749122937E-05
                          0.1193724136541094E-05
                          0.1197323645962895E-05
                          0.1200931468642836E-05
                          0.1204547079760674E-05
                          0.1208171050841420E-05
                          0.1211803148515233E-05
                          0.1215443451691573E-05
                          0.1219091950355651E-05
                          0.1222748666377867E-05
                          0.1226413583597145E-05
                          0.1230086742826429E-05
                          0.1233768147744515E-05
                          0.1237457835314402E-05
                          0.1241155738418811E-05
                          0.1244861950435631E-05
                          0.1248576456839507E-05
                          0.1252299269752489E-05
                          0.1256030401558567E-05
                          0.1259769864624025E-05
                          0.1263517671335205E-05
                          0.1267273834120830E-05
                          0.1271038409581825E-05
                          0.1274811277528225E-05
                          0.1278597303357389E-05
                          0.1282382294238585E-05
                          0.1286192363068662E-05
                          0.1289986983791875E-05
                          0.1293802298229036E-05
                          0.1297625445888692E-05
                          0.1301457394657029E-05
                          0.1305297780368880E-05
                          0.1309146713721657E-05
                          0.1313004087222386E-05
                          0.1316870011575763E-05
                          0.1320744466585295E-05
                          0.1324627471538226E-05
                          0.1328519018741844E-05
                          0.1332419192158854E-05
                          0.1336327844919410E-05
                          0.1340245142247136E-05
                          0.1344171043307950E-05
                          0.1348105567171006E-05
                          0.1352048717022617E-05
                          0.1356000513445033E-05
                          0.1359960978815159E-05
                          0.1363930143670183E-05
                          0.1367907891680372E-05
                          0.1371894507106960E-05
                          0.1375889594813256E-05
                          0.1379893519632270E-05
                          0.1383906176853311E-05
                          0.1387927596759894E-05
                          0.1391957739271061E-05
                          0.1395996669855232E-05
                          0.1400044383657293E-05
                          0.1404100893478339E-05
                          0.1408166211784330E-05
                          0.1412240351589261E-05
                          0.1416323328287689E-05
                          0.1420415146443194E-05
                          0.1424515828191153E-05
                          0.1428625380074399E-05
                          0.1432743827391197E-05
                          0.1436871154754906E-05
                          0.1441007403270243E-05
                          0.1445152572906689E-05
                          0.1449306680357637E-05
                          0.1453469737097562E-05
                          0.1457641756050802E-05
                          0.1461822758485495E-05
                          0.1466012731937615E-05
                          0.1470211714732675E-05
                          0.1474419710928248E-05
                          0.1478636750698668E-05
                          0.1482863187008111E-05
                          0.1487097921869662E-05
                          0.1491342103801608E-05
                          0.1495595348835664E-05
                          0.1499857700347152E-05
                          0.1504129151443010E-05
                          0.1508409773720373E-05
                          0.1512699426604177E-05
                          0.1516998273062563E-05
                          0.1521306264830693E-05
                          0.1525623433281447E-05
                          0.1529949783277708E-05
                          0.1534285345570316E-05
                          0.1538630081498402E-05
                          0.1542984057227953E-05
                          0.1547347274996984E-05
                          0.1551719727126754E-05
                          0.1556101434372843E-05
                          0.1560492423156886E-05
                          0.1564892719241600E-05
                          0.1569302273566136E-05
                          0.1573721159142350E-05
                          0.1578149371057683E-05
                          0.1582586921882863E-05
                          0.1587033824585524E-05
                          0.1591490115402895E-05
                          0.1595955743181445E-05
                          0.1600430774776495E-05
                          0.1604915216208936E-05
                          0.1609409184172844E-05
                          0.1613912364857793E-05
                          0.1618425097674213E-05
                          0.1622947288136498E-05
                          0.1627478948888826E-05
                          0.1632020093382748E-05
                          0.1636570734108869E-05
                          0.1641130885033793E-05
                          0.1645700559151545E-05
                          0.1650279769753204E-05
                          0.1654868529971976E-05
                          0.1659466876834285E-05
                          0.1664074752679068E-05
                          0.1668692328354497E-05
                          0.1673319333513431E-05
                          0.1677956041476068E-05
                          0.1682602419772972E-05
                          0.1687258359081801E-05
                          0.1691923995337684E-05
                          0.1696599310289913E-05
                          0.1701284289567271E-05
                          0.1705978974232908E-05
                          0.1710683368412194E-05
                          0.1715397485494854E-05
                          0.1720121338873175E-05
                          0.1724854941916873E-05
                          0.1729598308058754E-05
                          0.1734351450704888E-05
                          0.1739114383280657E-05
                          0.1743887119875181E-05
                          0.1748669674345809E-05
                          0.1753462173339289E-05
                          0.1758264281725488E-05
                          0.1763076407471011E-05
                          0.1767898320148093E-05
                          0.1772730210579038E-05
                          0.1777571895260538E-05
                          0.1782423546972065E-05
                          0.1787285115477057E-05
                          0.1792156625450259E-05
                          0.1797038087614293E-05
                          0.1801929558814173E-05
                          0.1806830921342619E-05
                          0.1811742320146502E-05
                          0.1816663724936615E-05
                          0.1821595197751331E-05
                          0.1826536606211784E-05
                          0.1831488110292333E-05
                          0.1836449674721148E-05
                          0.1841421313116205E-05
                          0.1846403039104645E-05
                          0.1851394866321216E-05
                          0.1856396808413525E-05
                          0.1861408879036012E-05
                          0.1866431091845864E-05
                          0.1871463460524626E-05
                          0.1876505998751287E-05
                          0.1881558720216500E-05
                          0.1886621641549480E-05
                          0.1891694769357631E-05
                          0.1896778121100685E-05
                          0.1901871714820399E-05
                          0.1906975555976118E-05
                          0.1912089665054618E-05
                          0.1917214053184723E-05
                          0.1922348734937752E-05
                          0.1927493722808716E-05
                          0.1932649031746989E-05
                          0.1937814675080580E-05
                          0.1942990666789416E-05
                          0.1948177024671061E-05
                          0.1953373749945569E-05
                          0.1958580869227847E-05
                          0.1963798392063997E-05
                          0.1969026332301995E-05
                          0.1974264704137782E-05
                          0.1979513602290261E-05
                          0.1984772796044565E-05
                          0.1990042842572775E-05
                          0.1995322779915953E-05
                          0.2000613731325929E-05
                          0.2005914766435981E-05
                          0.2011226545516324E-05
                          0.2016548867029451E-05
                          0.2021881744940506E-05
                          0.2027225193175057E-05
                          0.2032579225727521E-05
                          0.2037943856543155E-05
                          0.2043319099599474E-05
                          0.2048705010434658E-05
                          0.2054101478386791E-05
                          0.2059508643197526E-05
                          0.2064926474087754E-05
                          0.2070354988753309E-05
                          0.2075794198849830E-05
                          0.2081244120551396E-05
                          0.2086704764966351E-05
                          0.2092176245670111E-05
                          0.2097658284879746E-05
                          0.2103151251731612E-05
                          0.2108654882637437E-05
                          0.2114169359756759E-05
                          0.2119694636597271E-05
                          0.2125230747553981E-05
                          0.2130777694021898E-05
                          0.2136335492552560E-05
                          0.2141904156496048E-05
                          0.2147483700365619E-05
                          0.2153074145963297E-05
                          0.2158675482233023E-05
                          0.2164287847882854E-05
                          0.2169910952810551E-05
                          0.2175545106624630E-05
                          0.2181190225158489E-05
                          0.2186846322458693E-05
                          0.2192513412922752E-05
                          0.2198191510719747E-05
                          0.2203880630339249E-05
                          0.2209580785297032E-05
                          0.2215291990592970E-05
                          0.2221014260252847E-05
                          0.2226747608557522E-05
                          0.2232492049821301E-05
                          0.2238247599066975E-05
                          0.2244014268288815E-05
                          0.2249792074163110E-05
                          0.2255581105853332E-05
                          0.2261381152445186E-05
                          0.2267192458852631E-05
                          0.2273014942946641E-05
                          0.2278848643734160E-05
                          0.2284693584081358E-05
                          0.2290549724003035E-05
                          0.2296417137762900E-05
                          0.2302295807736039E-05
                          0.2308185761899912E-05
                          0.2314087112650157E-05
                          0.2319999574196293E-05
                          0.2325923575240599E-05
                          0.2331858661574385E-05
                          0.2337805229738172E-05
                          0.2343763164097601E-05
                          0.2349732482534774E-05
                          0.2355713189309352E-05
                          0.2361705342304946E-05
                          0.2367708978040435E-05
                          0.2373723889584772E-05
                          0.2379750271564591E-05
                          0.2385788175372587E-05
                          0.2391837560859273E-05
                          0.2397898559920523E-05
                          0.2403970837344854E-05
                          0.2410054757789635E-05
                          0.2416150217515094E-05
                          0.2422257232988773E-05
                          0.2428375818011793E-05
                          0.2434505987395794E-05
                          0.2440647755623349E-05
                          0.2446801137384767E-05
                          0.2452966147286075E-05
                          0.2459142799969486E-05
                          0.2465331110103300E-05
                          0.2471531092286290E-05
                          0.2477742761245694E-05
                          0.2483966131639227E-05
                          0.2490201218479108E-05
                          0.2496448035479077E-05
                          0.2502706598326169E-05
                          0.2508976960836939E-05
                          0.2515259019443082E-05
                          0.2521552922753967E-05
                          0.2527858599321359E-05
                          0.2534176110655616E-05
                          0.2540505455939809E-05
                          0.2546846650400275E-05
                          0.2553199707382884E-05
                          0.2559564643127052E-05
                          0.2565941471942544E-05
                          0.2572330208634865E-05
                          0.2578730871621141E-05
                          0.2585143464919501E-05
                          0.2591568014195173E-05
                          0.2598004530611707E-05
                          0.2604453029098010E-05
                          0.2610913524489516E-05
                          0.2617386031656532E-05
                          0.2623870565478479E-05
                          0.2630367141076155E-05
                          0.2636875772651409E-05
                          0.2643396477782444E-05
                          0.2649929265228509E-05
                          0.2656474155841431E-05
                          0.2663031162606806E-05
                          0.2669600300385738E-05
                          0.2676181584238952E-05
                          0.2682775029026814E-05
                          0.2689380649797410E-05
                          0.2695998541511517E-05
                          0.2702628479140808E-05
                          0.2709270717702296E-05
                          0.2715925192199102E-05
                          0.2722591917649161E-05
                          0.2729270909261093E-05
                          0.2735962181522564E-05
                          0.2742665750028279E-05
                          0.2749381631740697E-05
                          0.2756109835449763E-05
                          0.2762850382501923E-05
                          0.2769603285888410E-05
                          0.2776368617276570E-05
                          0.2783146222038303E-05
                          0.2789936285012065E-05
                          0.2796738764740894E-05
                          0.2803553678223772E-05
                          0.2810381034983888E-05
                          0.2817220855782614E-05
                          0.2824073153904073E-05
                          0.2830937944513267E-05
                          0.2837815242784484E-05
                          0.2844705063901045E-05
                          0.2851607423055646E-05
                          0.2858522335640117E-05
                          0.2865449816295765E-05
                          0.2872389880812629E-05
                          0.2879342548684889E-05
                          0.2886307821787061E-05
                          0.2893285728731417E-05
                          0.2900276280320237E-05
                          0.2907279491823136E-05
                          0.2914295378505867E-05
                          0.2921323955662927E-05
                          0.2928365238585085E-05
                          0.2935419243757765E-05
                          0.2942485982946373E-05
                          0.2949565475019549E-05
                          0.2956657734125697E-05
                          0.2963762775604861E-05
                          0.2970880614806278E-05
                          0.2978011267088331E-05
                          0.2985154749543021E-05
                          0.2992311072374383E-05
                          0.2999480256141090E-05
                          0.3006662314514231E-05
                          0.3013857262922290E-05
                          0.3021065116707335E-05
                          0.3028285891363799E-05
                          0.3035519602299937E-05
                          0.3042766264957300E-05
                          0.3050025919555027E-05
                          0.3057298507245758E-05
                          0.3064584117805991E-05
                          0.3071882741944632E-05
                          0.3079194395149052E-05
                          0.3086519092915844E-05
                          0.3093856850750798E-05
                          0.3101207684168921E-05
                          0.3108571608694431E-05
                          0.3115948639860754E-05
                          0.3123338793210523E-05
                          0.3130742084295588E-05
                          0.3138158528677005E-05
                          0.3145588141925042E-05
                          0.3153030939619175E-05
                          0.3160486937348093E-05
                          0.3167956150709689E-05
                          0.3175438595311078E-05
                          0.3182934286768576E-05
                          0.3190443240707708E-05
                          0.3197965472763217E-05
                          0.3205500998579052E-05
                          0.3213049833808367E-05
                          0.3220611994113540E-05
                          0.3228187495166145E-05
                          0.3235776352646972E-05
                          0.3243378582246021E-05
                          0.3250994199662507E-05
                          0.3258623220604846E-05
                          0.3266265660790670E-05
                          0.3273921535946820E-05
                          0.3281590861809348E-05
                          0.3289273654123515E-05
                          0.3296969928643792E-05
                          0.3304679701133863E-05
                          0.3312402987366621E-05
                          0.3320139803124164E-05
                          0.3327890164197808E-05
                          0.3335654086388079E-05
                          0.3343431585504705E-05
                          0.3351222677366632E-05
                          0.3359027377802010E-05
                          0.3366845702648207E-05
                          0.3374677667751798E-05
                          0.3382523288968565E-05
                          0.3390382582163499E-05
                          0.3398255563210813E-05
                          0.3406142247993918E-05
                          0.3414042652405435E-05
                          0.3421956792347209E-05
                          0.3429884683730278E-05
                          0.3437826342474902E-05
                          0.3445781784510542E-05
                          0.3453751025775881E-05
                          0.3461734082218803E-05
                          0.3469730969796403E-05
                          0.3477741704474993E-05
                          0.3485766302230086E-05
                          0.3493804779046413E-05
                          0.3501857150917905E-05
                          0.3509923433847720E-05
                          0.3518003643848210E-05
                          0.3526097796940945E-05
                          0.3534205909156702E-05
                          0.3542327996535475E-05
                          0.3550464075126459E-05
                          0.3558614160988062E-05
                          0.3566778270187908E-05
                          0.3574956418802827E-05
                          0.3583148622918857E-05
                          0.3591354898631245E-05
                          0.3599575262044460E-05
                          0.3607809729272167E-05
                          0.3616058316437252E-05
                          0.3624321039671801E-05
                          0.3632597915117113E-05
                          0.3640888958923709E-05
                          0.3649194187251306E-05
                          0.3657513616268834E-05
                          0.3665847262154442E-05
                          0.3674195141095479E-05
                          0.3682557269288503E-05
                          0.3690933662939299E-05
                          0.3699324338262841E-05
                          0.3707729311483327E-05
                          0.3716148598834157E-05
                          0.3724582216557947E-05
                          0.3733030180906526E-05
                          0.3741492508140923E-05
                          0.3749969214531381E-05
                          0.3758460316357360E-05
                          0.3766965829907527E-05
                          0.3775485771479753E-05
                          0.3784020157381124E-05
                          0.3792569003927938E-05
                          0.3801132327445702E-05
                          0.3809710144269127E-05
                          0.3818302470742148E-05
                          0.3826909323217896E-05
                          0.3835530718058722E-05
                          0.3844166671636180E-05
                          0.3852817200331037E-05
                          0.3861482320533275E-05
                          0.3870162048642080E-05
                          0.3878856401065848E-05
                          0.3887565394222192E-05
                          0.3896289044537926E-05
                          0.3905027368449089E-05
                          0.3913780382400906E-05
                          0.3922548102847839E-05
                          0.3931330546253539E-05
                          0.3940127729090881E-05
                          0.3948939667841941E-05
                          0.3957766378998013E-05
                          0.3966607879059597E-05
                          0.3975464184536403E-05
                          0.3984335311947356E-05
                          0.3993221277820583E-05
                          0.4002122098693428E-05
                          0.4011037791112437E-05
                          0.4019968371633380E-05
                          0.4028913856821227E-05
                          0.4037874263250155E-05
                          0.4046849607503567E-05
                          0.4055839906174058E-05
                          0.4064845175863446E-05
                          0.4073865433182751E-05
                          0.4082900694752205E-05
                          0.4091950977201257E-05
                          0.4101016297168560E-05
                          0.4110096671301973E-05
                          0.4119192116258581E-05
                          0.4128302648704660E-05
                          0.4137428285315708E-05
                          0.4146569042776432E-05
                          0.4155724937780746E-05
                          0.4164895987031775E-05
                          0.4174082207241855E-05
                          0.4183283615132534E-05
                          0.4192500227434570E-05
                          0.4201732060887926E-05
                          0.4210979132241781E-05
                          0.4220241458254517E-05
                          0.4229519055693740E-05
                          0.4238811941336250E-05
                          0.4248120131968073E-05
                          0.4257443644384433E-05
                          0.4266782495389769E-05
                          0.4276136701797723E-05
                          0.4285506280431166E-05
                          0.4294891248122158E-05
                          0.4304291621711978E-05
                          0.4313707418051122E-05
                          0.4323138653999288E-05
                          0.4332585346425383E-05
                          0.4342047512207525E-05
                          0.4351525168233051E-05
                          0.4361018331398501E-05
                          0.4370527018609622E-05
                          0.4380051246781377E-05
                          0.4389591032837933E-05
                          0.4399146393712681E-05
                          0.4408717346348209E-05
                          0.4418303907696312E-05
                          0.4427906094718013E-05
                          0.4437523924383529E-05
                          0.4447157413672292E-05
                          0.4456806579572946E-05
                          0.4466471439083349E-05
                          0.4476152009210555E-05
                          0.4485848306970847E-05
                          0.4495560349389706E-05
                          0.4505288153501823E-05
                          0.4515031736351109E-05
                          0.4524791114990667E-05
                          0.4534566306482835E-05
                          0.4544357327899138E-05
                          0.4554164196320332E-05
                          0.4563986928836365E-05
                          0.4573825542546401E-05
                          0.4583680054558822E-05
                          0.4593550481991208E-05
                          0.4603436841970363E-05
                          0.4613339151632290E-05
                          0.4623257428122204E-05
                          0.4633191688594531E-05
                          0.4643141950212919E-05
                          0.4653108230150205E-05
                          0.4663090545588448E-05
                          0.4673088913718920E-05
                          0.4683103351742102E-05
                          0.4693133876867675E-05
                          0.4703180506314541E-05
                          0.4713243257310807E-05
                          0.4723322147093800E-05
                          0.4733417192910043E-05
                          0.4743528412015274E-05
                          0.4753655821674447E-05
                          0.4763799439161724E-05
                          0.4773959281760472E-05
                          0.4784135366763269E-05
                          0.4794327711471915E-05
                          0.4804536333197403E-05
                          0.4814761249259950E-05
                          0.4825002476988971E-05
                          0.4835260033723103E-05
                          0.4845533936810189E-05
                          0.4855824203607279E-05
                          0.4866130851480630E-05
                          0.4876453897805727E-05
                          0.4886793359967242E-05
                          0.4897149255359079E-05
                          0.4907521601384331E-05
                          0.4917910415455320E-05
                          0.4928315714993564E-05
                          0.4938737517429797E-05
                          0.4949175840203970E-05
                          0.4959630700765227E-05
                          0.4970102116571951E-05
                          0.4980590105091697E-05
                          0.4991094683801263E-05
                          0.5001615870186639E-05
                          0.5012153681743034E-05
                          0.5022708135974858E-05
                          0.5033279250395744E-05
                          0.5043867042528533E-05
                          0.5054471529905258E-05
                          0.5065092730067186E-05
                          0.5075730660564782E-05
                          0.5086385338957726E-05
                          0.5097056782814894E-05
                          0.5107745009714401E-05
                          0.5118450037243540E-05
                          0.5129171882998842E-05
                          0.5139910564586029E-05
                          0.5150666099620044E-05
                          0.5161438505725029E-05
                          0.5172227800534344E-05
                          0.5183034001690568E-05
                          0.5193857126845473E-05
                          0.5204697193660049E-05
                          0.5215554219804500E-05
                          0.5226428222958233E-05
                          0.5237319220809873E-05
                          0.5248227231057249E-05
                          0.5259152271407395E-05
                          0.5270094359576575E-05
                          0.5281053513290242E-05
                          0.5292029750283070E-05
                          0.5303023088298944E-05
                          0.5314033545090954E-05
                          0.5325061138421400E-05
                          0.5336105886061800E-05
                          0.5347167805792876E-05
                          0.5358246915404555E-05
                          0.5369343232695991E-05
                          0.5380456775475529E-05
                          0.5391587561560740E-05
                          0.5402735608778389E-05
                          0.5413900934964470E-05
                          0.5425083557964174E-05
                          0.5436283495631904E-05
                          0.5447500765831276E-05
                          0.5458735386435117E-05
                          0.5469987375325465E-05
                          0.5481256750393560E-05
                          0.5492543529539857E-05
                          0.5503847730674035E-05
                          0.5515169371714953E-05
                          0.5526508470590713E-05
                          0.5537865045238603E-05
                          0.5549239113605130E-05
                          0.5560630693646018E-05
                          0.5572039803326192E-05
                          0.5583466460619784E-05
                          0.5594910683510153E-05
                          0.5606372489989850E-05
                          0.5617851898060641E-05
                          0.5629348925733515E-05
                          0.5640863591028657E-05
                          0.5652395911975459E-05
                          0.5663945906612542E-05
                          0.5675513592987715E-05
                          0.5687098989158016E-05
                          0.5698702113189680E-05
                          0.5710322983158162E-05
                          0.5721961617148123E-05
                          0.5733618033253431E-05
                          0.5745292249577164E-05
                          0.5756984284231622E-05
                          0.5768694155338303E-05
                          0.5780421881027917E-05
                          0.5792167479440386E-05
                          0.5803930968724844E-05
                          0.5815712367039634E-05
                          0.5827511692552311E-05
                          0.5839328963439631E-05
                          0.5851164197887573E-05
                          0.5863017414091323E-05
                          0.5874888630255268E-05
                          0.5886777864593011E-05
                          0.5898685135327376E-05
                          0.5910610460690378E-05
                          0.5922553858923259E-05
                          0.5934515348276466E-05
                          0.5946494947009637E-05
                          0.5958492673391654E-05
                          0.5970508545700590E-05
                          0.5982542582223728E-05
                          0.5994594801257565E-05
                          0.6006665221107807E-05
                          0.6018753860089369E-05
                          0.6030860736526382E-05
                          0.6042985868752179E-05
                          0.6055129275109312E-05
                          0.6067290973949532E-05
                          0.6079470983633810E-05
                          0.6091669322532328E-05
                          0.6103886009024466E-05
                          0.6116121061498831E-05
                          0.6128374498353226E-05
