 tauray
                          0.2322150962598491E-17
                          0.1063128674388800E-11
                          0.1573942513096845E-10
                          0.7761897604879095E-10
                          0.2421038808210987E-09
                          0.5864082538774753E-09
                          0.1209558224683846E-08
                          0.2232391937742478E-08
                          0.3797559552591977E-08
                          0.6069523243807289E-08
                          0.9234557200999715E-08
                          0.1350074762881688E-07
                          0.1909799274694276E-07
                          0.2627800279009767E-07
                          0.3531430000803822E-07
                          0.4650221866555749E-07
                          0.6015890504248477E-07
                          0.7662331743368576E-07
                          0.9625622614906248E-07
                          0.1194402135135533E-06
                          0.1465796738671328E-06
                          0.1781008135648123E-06
                          0.2144516509766390E-06
                          0.2561020164876962E-06
                          0.3035435524981049E-06
                          0.3572897134230210E-06
                          0.4178757656926373E-06
                          0.4858587877521824E-06
                          0.5618176700619230E-06
                          0.6463531150971593E-06
                          0.7400876373482306E-06
                          0.8436655633205109E-06
                          0.9577530315344110E-06
                          0.1083037992525378E-05
                          0.1220230208843896E-05
                          0.1370061255055484E-05
                          0.1533284517740697E-05
                          0.1710675195495131E-05
                          0.1903030298929414E-05
                          0.2111168650669207E-05
                          0.2335930885355216E-05
                          0.2578179449643177E-05
                          0.2838798602203867E-05
                          0.3118694413723091E-05
                          0.3418794766901700E-05
                          0.3740049356455575E-05
                          0.4083429689115640E-05
                          0.4449929083627845E-05
                          0.4840562670753188E-05
                          0.5256367393267690E-05
                          0.5698402005962427E-05
                          0.6167747075643490E-05
                          0.6665504981132018E-05
                          0.7192799913264196E-05
                          0.7750777874891215E-05
                          0.8340606680879336E-05
                          0.8963475958109844E-05
                          0.9620597145479050E-05
                          0.1031320349389831E-04
                          0.1104255006629401E-04
                          0.1180991373760761E-04
                          0.1261659319479553E-04
                          0.1346390893682930E-04
                          0.1435320327469545E-04
                          0.1528584033139557E-04
                          0.1626320604194623E-04
                          0.1728670815337911E-04
                          0.1835777622474088E-04
                          0.1947786162709325E-04
                          0.2064843754351300E-04
                          0.2187099896909191E-04
                          0.2314706271093683E-04
                          0.2447816738816957E-04
                          0.2586587343192707E-04
                          0.2731176308536126E-04
                          0.2881744040363911E-04
                          0.3038453125394265E-04
                          0.3201468331546889E-04
                          0.3370956607942992E-04
                          0.3547087084905291E-04
                          0.3730031073957993E-04
                          0.3919962067826825E-04
                          0.4117055740439009E-04
                          0.4321489946923265E-04
                          0.4533444723609833E-04
                          0.4753102288030438E-04
                          0.4980647038918318E-04
                          0.5216265556208218E-04
                          0.5460146601036378E-04
                          0.5712481115740552E-04
                          0.5973462223859990E-04
                          0.6243285230135447E-04
                          0.6522147620509178E-04
                          0.6810249062124950E-04
                          0.7107791403328025E-04
                          0.7414978673665184E-04
                          0.7732017083884688E-04
                          0.8059115025936317E-04
                          0.8396483072971361E-04
                          0.8744333979342592E-04
                          0.9102882680604313E-04
                          0.9472346293512304E-04
                          0.9852944116023862E-04
                          0.1024489762729778E-03
                          0.1064843048769438E-03
                          0.1106376853877546E-03
                          0.1149113980330432E-03
                          0.1193077448524578E-03
                          0.1238290496976615E-03
                          0.1284776582323328E-03
                          0.1332559379321646E-03
                          0.1381662780848652E-03
                          0.1432110897901582E-03
                          0.1483928059597817E-03
                          0.1537138813174893E-03
                          0.1591767923990492E-03
                          0.1647840375522449E-03
                          0.1705381369368752E-03
                          0.1764416325247532E-03
                          0.1824970880997077E-03
                          0.1887070892575824E-03
                          0.1950742434062358E-03
                          0.2016011797655416E-03
                          0.2082905493673883E-03
                          0.2151450250556802E-03
                          0.2221673014863356E-03
                          0.2293600951272887E-03
                          0.2367261442584880E-03
                          0.2442682089718976E-03
                          0.2519890711714965E-03
                          0.2598915345732785E-03
                          0.2679784247052527E-03
                          0.2762525889074429E-03
                          0.2847168963318886E-03
                          0.2933742379426438E-03
                          0.3022275265157776E-03
                          0.3112796966393739E-03
                          0.3205337047135326E-03
                          0.3299925289503672E-03
                          0.3396591693740074E-03
                          0.3495366478205977E-03
                          0.3596280079382972E-03
                          0.3699363151872803E-03
                          0.3804646568397367E-03
                          0.3912161419798705E-03
                          0.4021939015039017E-03
                          0.4134010881200642E-03
                          0.4248408763486081E-03
                          0.4365164625217978E-03
                          0.4484310647839130E-03
                          0.4605879230912490E-03
                          0.4729902992121144E-03
                          0.4856414767268348E-03
                          0.4985447610277499E-03
                          0.5117034793192143E-03
                          0.5251209806175979E-03
                          0.5388006357512858E-03
                          0.5527458373606780E-03
                          0.5669599998981888E-03
                          0.5814465596282493E-03
                          0.5962089746273040E-03
                          0.6112507247838130E-03
                          0.6265753117982514E-03
                          0.6421862591831094E-03
                          0.6580871122628922E-03
                          0.6742814381741204E-03
                          0.6907728258653283E-03
                          0.7075648860970672E-03
                          0.7246612514419021E-03
                          0.7420655762844130E-03
                          0.7597815368211965E-03
                          0.7778128310608613E-03
                          0.7961631788240349E-03
                          0.8148363217433567E-03
                          0.8338360232634824E-03
                          0.8531660686410822E-03
                          0.8728302649448425E-03
                          0.8928324410554635E-03
                          0.9131764476656613E-03
                          0.9338661572801663E-03
                          0.9549054642157245E-03
                          0.9762982846010966E-03
                          0.9980485563770589E-03
                          0.1020160239296401E-02
                          0.1042637314923930E-02
                          0.1065483786636467E-02
                          0.1088703679622848E-02
                          0.1112301040883922E-02
                          0.1136279939232558E-02
                          0.1160644465293636E-02
                          0.1185398731504052E-02
                          0.1210546872112716E-02
                          0.1236093043180556E-02
                          0.1262041422580513E-02
                          0.1288396209997544E-02
                          0.1315161626928618E-02
                          0.1342341916682723E-02
                          0.1369941344380859E-02
                          0.1397964196956045E-02
                          0.1426414783153311E-02
                          0.1455297433529703E-02
                          0.1484616500454284E-02
                          0.1514376358108128E-02
                          0.1544581402484330E-02
                          0.1575236051387994E-02
                          0.1606344744436242E-02
                          0.1637911943058211E-02
                          0.1669942130495056E-02
                          0.1702439811799939E-02
                          0.1735409513838043E-02
                          0.1768855785286567E-02
                          0.1802783196634722E-02
                          0.1837196340183735E-02
                          0.1872099830046846E-02
                          0.1907498302149313E-02
                          0.1943396414228411E-02
                          0.1979798845833423E-02
                          0.2016710298325653E-02
                          0.2054135494878419E-02
                          0.2092079180477051E-02
                          0.2130546121918898E-02
                          0.2169541107813320E-02
                          0.2209068948581699E-02
                          0.2249134476457424E-02
                          0.2289742545485903E-02
                          0.2330898031524557E-02
                          0.2372605832242824E-02
                          0.2414870867122159E-02
                          0.2457698077456026E-02
                          0.2501092426349911E-02
                          0.2545058898721309E-02
                          0.2589602501299733E-02
                          0.2634728262626713E-02
                          0.2680441233055788E-02
                          0.2726746484752519E-02
                          0.2773649111694477E-02
                          0.2821154229671251E-02
                          0.2869266976284442E-02
                          0.2917992510947669E-02
                          0.2967336014886566E-02
                          0.3017302691138780E-02
                          0.3067897764553973E-02
                          0.3119126481793825E-02
                          0.3170994111332030E-02
                          0.3223505943454289E-02
                          0.3276667290258334E-02
                          0.3330483485653899E-02
                          0.3384959885362740E-02
                          0.3440101866918618E-02
                          0.3495914829667324E-02
                          0.3552404194766654E-02
                          0.3609575405186421E-02
                          0.3667433925708452E-02
                          0.3725985242926595E-02
                          0.3785234865246702E-02
                          0.3845188322886651E-02
                          0.3905851167876330E-02
                          0.3967228974057642E-02
                          0.4029327337084504E-02
                          0.4092151874422853E-02
                          0.4155708225350636E-02
                          0.4220002050957816E-02
                          0.4285039034146372E-02
                          0.4350824879630303E-02
                          0.4417365313935605E-02
                          0.4484666085400319E-02
                          0.4552732964174470E-02
                          0.4621571742220117E-02
                          0.4691188233311328E-02
                          0.4761588273034190E-02
                          0.4832777718786798E-02
                          0.4904762449779269E-02
                          0.4977548367033727E-02
                          0.5051141393384325E-02
                          0.5125547473477222E-02
                          0.5200772573770581E-02
                          0.5276822682534597E-02
                          0.5353703809851481E-02
                          0.5431421987615444E-02
                          0.5509983269532724E-02
                          0.5589393731121568E-02
                          0.5669659469712244E-02
                          0.5750786604447027E-02
                          0.5832781276280214E-02
                          0.5915649647978118E-02
                          0.5999397904119057E-02
                          0.6084032251093374E-02
                          0.6169558917103424E-02
                          0.6255984152163580E-02
                          0.6343314228100218E-02
                          0.6431555438551745E-02
                          0.6520714098968572E-02
                          0.6610796546613134E-02
                          0.6701809140559868E-02
                          0.6793758261695241E-02
                          0.6886650312717724E-02
                          0.6980491718137809E-02
                          0.7075288924278001E-02
                          0.7171048399272819E-02
                          0.7267776633068797E-02
                          0.7365480137424488E-02
                          0.7464165445910454E-02
                          0.7563839113909281E-02
                          0.7664507718615557E-02
                          0.7766177859035895E-02
                          0.7868856155988924E-02
                          0.7972549252105278E-02
                          0.8077263811827618E-02
                          0.8183006521410610E-02
                          0.8289784088920947E-02
                          0.8397603244237323E-02
                          0.8506470739050446E-02
                          0.8616393346863064E-02
                          0.8727377862989910E-02
                          0.8839431104557751E-02
                          0.8952559910505363E-02
                          0.9066771141583527E-02
                          0.9182071680355059E-02
                          0.9298468431194779E-02
                          0.9415968320289514E-02
                          0.9534578295638130E-02
                          0.9654305327051475E-02
                          0.9775156406152447E-02
                          0.9897138546375927E-02
                          0.1002025878296884E-01
                          0.1014452417299010E-01
                          0.1026994179531066E-01
                          0.1039651875061346E-01
                          0.1052426216139348E-01
                          0.1065317917195773E-01
                          0.1078327694842517E-01
                          0.1091456267872684E-01
                          0.1104704357260576E-01
                          0.1118072686161699E-01
                          0.1131561979912758E-01
                          0.1145172966031661E-01
                          0.1158906374217518E-01
                          0.1172762936350637E-01
                          0.1186743386492534E-01
                          0.1200848460885919E-01
                          0.1215078897954710E-01
                          0.1229435438304021E-01
                          0.1243918824720172E-01
                          0.1258529802170683E-01
                          0.1273269117804274E-01
                          0.1288137520950868E-01
                          0.1303135763121589E-01
                          0.1318264598008764E-01
                          0.1333524781485918E-01
                          0.1348917071607781E-01
                          0.1364442228610283E-01
                          0.1380101014910557E-01
                          0.1395894195106934E-01
                          0.1411822535978951E-01
                          0.1427886806487341E-01
                          0.1444087777774044E-01
                          0.1460426223162199E-01
                          0.1476902918156147E-01
                          0.1493518640441430E-01
                          0.1510274169884791E-01
                          0.1527170288534175E-01
                          0.1544207780618730E-01
                          0.1561387432548804E-01
                          0.1578710032915947E-01
                          0.1596176372492908E-01
                          0.1613787244233643E-01
                          0.1631543443273304E-01
                          0.1649445766928248E-01
                          0.1667495014696031E-01
                          0.1685691988255412E-01
                          0.1704037491466354E-01
                          0.1722532330370015E-01
                          0.1741177313188760E-01
                          0.1759973250326153E-01
                          0.1778920954366962E-01
                          0.1798021240077152E-01
                          0.1817274924403894E-01
                          0.1836682826475561E-01
                          0.1856245767601722E-01
                          0.1875964571273152E-01
                          0.1895840063161825E-01
                          0.1915873071120919E-01
                          0.1936064425184814E-01
                          0.1956414957569087E-01
                          0.1976925502670520E-01
                          0.1997596897067097E-01
                          0.2018429979518000E-01
                          0.2039425590963620E-01
                          0.2060584574525537E-01
                          0.2081907775506545E-01
                          0.2103396041390634E-01
                          0.2125050221842993E-01
                          0.2146871168710019E-01
                          0.2168859736019303E-01
                          0.2191016779979644E-01
                          0.2213343158981039E-01
                          0.2235839733594688E-01
                          0.2258507366572992E-01
                          0.2281346922849551E-01
                          0.2304359269539173E-01
                          0.2327545275937858E-01
                          0.2350905813522817E-01
                          0.2374441755952458E-01
                          0.2398153979066391E-01
                          0.2422043360885425E-01
                          0.2446110781611576E-01
                          0.2470357123628055E-01
                          0.2494783271499281E-01
                          0.2519390111970871E-01
                          0.2544178533969640E-01
                          0.2569149428603616E-01
                          0.2594303689162014E-01
                          0.2619642211115258E-01
                          0.2645165892114977E-01
                          0.2670875631993995E-01
                          0.2696772332766341E-01
                          0.2722856898627242E-01
                          0.2749130235953131E-01
                          0.2775593253301642E-01
                          0.2802246861411604E-01
                          0.2829091973203057E-01
                          0.2856129503777236E-01
                          0.2883360370416579E-01
                          0.2910785492584728E-01
                          0.2938405791926523E-01
                          0.2966222192268004E-01
                          0.2994235619616424E-01
                          0.3022447002160219E-01
                          0.3050857270269042E-01
                          0.3079467356493743E-01
                          0.3108278195566370E-01
                          0.3137290724400175E-01
                          0.3166505882089613E-01
                          0.3195924609910337E-01
                          0.3225547851319206E-01
                          0.3255376551954277E-01
                          0.3285411659634807E-01
                          0.3315654124361257E-01
                          0.3346104898315297E-01
                          0.3376764935859781E-01
                          0.3407635193538781E-01
                          0.3438716630077562E-01
                          0.3470010206382594E-01
                          0.3501516885541544E-01
                          0.3533237632823286E-01
                          0.3565173415677893E-01
                          0.3597325203736638E-01
                          0.3629693968811998E-01
                          0.3662280684897649E-01
                          0.3695086328168473E-01
                          0.3728111876980550E-01
                          0.3761358311871160E-01
                          0.3794826615558789E-01
                          0.3828517772943119E-01
                          0.3862432771105041E-01
                          0.3896572599306637E-01
                          0.3930938248991202E-01
                          0.3965530713783226E-01
                          0.4000350989488399E-01
                          0.4035400074093615E-01
                          0.4070678967766975E-01
                          0.4106188672857775E-01
                          0.4141930193896504E-01
                          0.4177904537594873E-01
                          0.4214112712845779E-01
                          0.4250555730723327E-01
                          0.4287234604482820E-01
                          0.4324150349560765E-01
                          0.4361303983574869E-01
                          0.4398696526324042E-01
                          0.4436328999788394E-01
                          0.4474202428129233E-01
                          0.4512317837689081E-01
                          0.4550676256991652E-01
                          0.4589278716741853E-01
                          0.4628126249825811E-01
                          0.4667219891310845E-01
                          0.4706560678445473E-01
                          0.4746149650659422E-01
                          0.4785987849563612E-01
                          0.4826076318950168E-01
                          0.4866416104792423E-01
                          0.4907008255244899E-01
                          0.4947853820643330E-01
                          0.4988953853504646E-01
                          0.5030309408526978E-01
                          0.5071921542589670E-01
                          0.5113791314753249E-01
                          0.5155919786259459E-01
                          0.5198308020531230E-01
                          0.5240957083172711E-01
                          0.5283868041969242E-01
                          0.5327041966887367E-01
                          0.5370479930074830E-01
                          0.5414183005860580E-01
                          0.5458152270754756E-01
                          0.5502388803448724E-01
                          0.5546893684815022E-01
                          0.5591667997907408E-01
                          0.5636712827960842E-01
                          0.5682029262391466E-01
                          0.5727618390796643E-01
                          0.5773481304954936E-01
                          0.5819619098826104E-01
                          0.5866032868551106E-01
                          0.5912723712452107E-01
                          0.5959692731032470E-01
                          0.6006941026976764E-01
                          0.6054469705150754E-01
                          0.6102279872601413E-01
                          0.6150372638556902E-01
                          0.6198749114426611E-01
                          0.6247410413801099E-01
                          0.6296357652452143E-01
                          0.6345591948332724E-01
                          0.6395114421577019E-01
                          0.6444926194500410E-01
                          0.6495028391599472E-01
                          0.6545422139551997E-01
                          0.6596108567216961E-01
                          0.6647088805634548E-01
                          0.6698363988026154E-01
                          0.6749935249794370E-01
                          0.6801803728522970E-01
                          0.6853970563976965E-01
                          0.6906436898102535E-01
                          0.6959203875027080E-01
                          0.7012272641059196E-01
                          0.7065644344688680E-01
                          0.7119320136586534E-01
                          0.7173301169604954E-01
                          0.7227588598777342E-01
                          0.7282183581318308E-01
                          0.7337087276623659E-01
                          0.7392300846270389E-01
                          0.7447825454016724E-01
                          0.7503662265802054E-01
                          0.7559812449747007E-01
                          0.7616277176153388E-01
                          0.7673057617504213E-01
                          0.7730154948463699E-01
                          0.7787570345877262E-01
                          0.7845304988771520E-01
                          0.7903360058354296E-01
                          0.7961736738014610E-01
                          0.8020436213322681E-01
                          0.8079459672029944E-01
                          0.8138808304069023E-01
                          0.8198483301553737E-01
                          0.8258485858779130E-01
                          0.8318817172221420E-01
                          0.8379478440538038E-01
                          0.8440470864567627E-01
                          0.8501795647330022E-01
                          0.8563453994026257E-01
                          0.8625447112038570E-01
                          0.8687776210930401E-01
                          0.8750442502446394E-01
                          0.8813447200512388E-01
                          0.8876791521235432E-01
                          0.8940476682903759E-01
                          0.9004503905986837E-01
                          0.9068874413135303E-01
                          0.9133589429181009E-01
                          0.9198650181137007E-01
                          0.9264057898197553E-01
                          0.9329813811738098E-01
                          0.9395919155315299E-01
                          0.9462375164667014E-01
                          0.9529183077712307E-01
                          0.9596344134551441E-01
                          0.9663859577465861E-01
                          0.9731730650918248E-01
                          0.9799958601552461E-01
                          0.9868544678193575E-01
                          0.9937490131847850E-01
                          0.1000679621570276E+00
                          0.1007646418512697E+00
                          0.1014649529767035E+00
                          0.1021689081306400E+00
                          0.1028765199322017E+00
                          0.1035878010223235E+00
                          0.1043027640637521E+00
                          0.1050214217410464E+00
                          0.1057437867605771E+00
                          0.1064698718505271E+00
                          0.1071996897608914E+00
                          0.1079332532634767E+00
                          0.1086705751519017E+00
                          0.1094116682415977E+00
                          0.1101565453698074E+00
                          0.1109052193955857E+00
                          0.1116577031997996E+00
                          0.1124140096851280E+00
                          0.1131741517760619E+00
                          0.1139381424189044E+00
                          0.1147059945817703E+00
                          0.1154777212545866E+00
                          0.1162533354490926E+00
                          0.1170328501988392E+00
                          0.1178162785591894E+00
                          0.1186036336073183E+00
                          0.1193949284422130E+00
                          0.1201901761846727E+00
                          0.1209893899773085E+00
                          0.1217925829845432E+00
                          0.1225997683926125E+00
                          0.1234109594095633E+00
                          0.1242261692652546E+00
                          0.1250454112113579E+00
                          0.1258686985213562E+00
                          0.1266960444905449E+00
                          0.1275274624360311E+00
                          0.1283629656967341E+00
                          0.1292025676333853E+00
                          0.1300462816285277E+00
                          0.1308941210865167E+00
                          0.1317460994335199E+00
                          0.1326022301175163E+00
                          0.1334625266082975E+00
                          0.1343270023974666E+00
                          0.1351956709984392E+00
                          0.1360685459464425E+00
                          0.1369456407985161E+00
                          0.1378269691335112E+00
                          0.1387125445520914E+00
                          0.1396023806767322E+00
                          0.1404964911517209E+00
                          0.1413948896431571E+00
                          0.1422975898389522E+00
                          0.1432046054488298E+00
                          0.1441159502043254E+00
                          0.1450316378587866E+00
                          0.1459516821873729E+00
                          0.1468760969870557E+00
                          0.1478048960766190E+00
                          0.1487380932966579E+00
                          0.1496757025095803E+00
                          0.1506177375996061E+00
                          0.1515642124727665E+00
                          0.1525151410569053E+00
                          0.1534705373016782E+00
                          0.1544304151785529E+00
                          0.1553947886808091E+00
                          0.1563636718235384E+00
                          0.1573370786436447E+00
                          0.1583150231998439E+00
                          0.1592975195726634E+00
                          0.1602845818644432E+00
                          0.1612762241993351E+00
                          0.1622724607233029E+00
                          0.1632733056041222E+00
                          0.1642787730313812E+00
                          0.1652888772164797E+00
                          0.1663036323926292E+00
                          0.1673230528148541E+00
                          0.1683471527599900E+00
                          0.1693759465266848E+00
                          0.1704094484353985E+00
                          0.1714476728284033E+00
                          0.1724906340697827E+00
                          0.1735383465454330E+00
                          0.1745908246630620E+00
                          0.1756480828521899E+00
                          0.1767101355641488E+00
                          0.1777769972720823E+00
                          0.1788486824709468E+00
                          0.1799252056775103E+00
                          0.1810065814303529E+00
                          0.1820928242898666E+00
                          0.1831839488382556E+00
                          0.1842799696795361E+00
                          0.1853809014395361E+00
                          0.1864867587658959E+00
                          0.1875975563280675E+00
                          0.1887133088173153E+00
                          0.1898340309467152E+00
                          0.1909597374511556E+00
                          0.1920904430873369E+00
                          0.1932261626337710E+00
                          0.1943669108907826E+00
                          0.1955127026805075E+00
                          0.1966635528468943E+00
                          0.1978194762557033E+00
                          0.1989804877945067E+00
                          0.2001466023726890E+00
                          0.2013178349214462E+00
                          0.2024942003937871E+00
                          0.2036757137645319E+00
                          0.2048623900303130E+00
                          0.2060542442095748E+00
                          0.2072512913425738E+00
                          0.2084535464913783E+00
                          0.2096610247398689E+00
                          0.2108737411937379E+00
                          0.2120917109804900E+00
                          0.2133149492494417E+00
                          0.2145434711717214E+00
                          0.2157772919402696E+00
                          0.2170164267698389E+00
                          0.2182608908969940E+00
                          0.2195106995801113E+00
                          0.2207658680993795E+00
                          0.2220264117567992E+00
                          0.2232923458761829E+00
                          0.2245636858031554E+00
                          0.2258404469051531E+00
                          0.2271226445714251E+00
                          0.2284102942130318E+00
                          0.2297034112628459E+00
                          0.2310020111755523E+00
                          0.2323061094276474E+00
                          0.2336157215174402E+00
                          0.2349308629650514E+00
                          0.2362515493124138E+00
                          0.2375777961232722E+00
                          0.2389096189831832E+00
                          0.2402470334995160E+00
                          0.2415900553014510E+00
                          0.2429387000399815E+00
                          0.2442929833879120E+00
                          0.2456529210398595E+00
                          0.2470185287122530E+00
                          0.2483898221433332E+00
                          0.2497668170931534E+00
                          0.2511495293435780E+00
                          0.2525379746982844E+00
                          0.2539321689827612E+00
                          0.2553321280443099E+00
                          0.2567378677520432E+00
                          0.2581494039968859E+00
                          0.2595667526915755E+00
                          0.2609899297706606E+00
                          0.2624189511905025E+00
                          0.2638538329292743E+00
                          0.2652945909869610E+00
                          0.2667412413853597E+00
                          0.2681938001680795E+00
                          0.2696522834005418E+00
                          0.2711167071699793E+00
                          0.2725870875854376E+00
                          0.2740634407777736E+00
                          0.2755457828996563E+00
                          0.2770341301255674E+00
                          0.2785284986518001E+00
                          0.2800289046964592E+00
                          0.2815353644994625E+00
                          0.2830478943225387E+00
                          0.2845665104492296E+00
                          0.2860912291848881E+00
                          0.2876220668566798E+00
                          0.2891590398135819E+00
                          0.2907021644263837E+00
                          0.2922514570876868E+00
                          0.2938069342119045E+00
                          0.2953686122352617E+00
                          0.2969365076157964E+00
                          0.2985106368333578E+00
                          0.3000910163896075E+00
                          0.3016776628080188E+00
                          0.3032705926338770E+00
                          0.3048698224342799E+00
                          0.3064753687981369E+00
                          0.3080872483361691E+00
                          0.3097054776809109E+00
                          0.3113300734867072E+00
                          0.3129610524297156E+00
                          0.3145984312079058E+00
                          0.3162422265410596E+00
                          0.3178924551707700E+00
                          0.3195491338604432E+00
                          0.3212122793952966E+00
                          0.3228819085823597E+00
                          0.3245580382504746E+00
                          0.3262406852502944E+00
                          0.3279298664542852E+00
                          0.3296255987567249E+00
                          0.3313278990737026E+00
                          0.3330367843431203E+00
                          0.3347522715246920E+00
                          0.3364743775999432E+00
                          0.3382031195722117E+00
                          0.3399385144666474E+00
                          0.3416805793302121E+00
                          0.3434293312316796E+00
                          0.3451847872616357E+00
                          0.3469469645324783E+00
                          0.3487158801784173E+00
                          0.3504915513554747E+00
                          0.3522739952414840E+00
                          0.3540632290360916E+00
                          0.3558592699607552E+00
                          0.3576621352587449E+00
                          0.3594718421951421E+00
                          0.3612884080568414E+00
                          0.3631118501525488E+00
                          0.3649421858127818E+00
                          0.3667794323898708E+00
                          0.3686236072579581E+00
                          0.3704747278129968E+00
                          0.3723328114727542E+00
                          0.3741978756768076E+00
                          0.3760699378865470E+00
                          0.3779490155851749E+00
                          0.3798351262777055E+00
                          0.3817282874909644E+00
                          0.3836285167735908E+00
                          0.3855358316960334E+00
                          0.3874502498505558E+00
                          0.3893717888512311E+00
                          0.3913004663339462E+00
                          0.3932362999563992E+00
                          0.3951793073981000E+00
                          0.3971295063603716E+00
                          0.3990869145663478E+00
                          0.4010515497609746E+00
                          0.4030234297110105E+00
                          0.4050025722050264E+00
                          0.4069889950534037E+00
                          0.4089827160883378E+00
                          0.4109837531638341E+00
                          0.4129921241557116E+00
                          0.4150078469616003E+00
                          0.4170309395009429E+00
                          0.4190614197149938E+00
                          0.4210993055668192E+00
                          0.4231446150412981E+00
                          0.4251973661451203E+00
                          0.4272575769067890E+00
                          0.4293252653766179E+00
                          0.4314004496267342E+00
                          0.4334831477510759E+00
                          0.4355733778653939E+00
                          0.4376711581072509E+00
                          0.4397765066360208E+00
                          0.4418894416328912E+00
                          0.4440099813008597E+00
                          0.4461381438647378E+00
                          0.4482739475711472E+00
                          0.4504174106885238E+00
                          0.4525685515071133E+00
                          0.4547273883389743E+00
                          0.4568939395179777E+00
                          0.4590682233998071E+00
                          0.4612502583619558E+00
                          0.4634400628037312E+00
                          0.4656376551462527E+00
                          0.4678430538324499E+00
                          0.4700562773270667E+00
                          0.4722773441166568E+00
                          0.4745062727095880E+00
                          0.4767430816360385E+00
                          0.4789877894479994E+00
                          0.4812404147192734E+00
                          0.4835009760454759E+00
                          0.4857694920440329E+00
                          0.4880459813541843E+00
                          0.4903304626369801E+00
                          0.4926229545752841E+00
                          0.4949234758737705E+00
                          0.4972320452589262E+00
                          0.4995486814790514E+00
                          0.5018734033042562E+00
                          0.5042062295264634E+00
                          0.5065471789594085E+00
                          0.5088962704386382E+00
                          0.5112535228215117E+00
                          0.5136189549872006E+00
                          0.5159925858366871E+00
                          0.5183744342927670E+00
                          0.5207645193000466E+00
                          0.5231628598249456E+00
                          0.5255694748556959E+00
                          0.5279843834023396E+00
                          0.5304076044967316E+00
                          0.5328391571925398E+00
                          0.5352790605652440E+00
                          0.5377273337121340E+00
                          0.5401839957523142E+00
                          0.5426490658266990E+00
                          0.5451225630980165E+00
                          0.5476045067508052E+00
                          0.5500949159914170E+00
                          0.5525938100480147E+00
                          0.5551012081705743E+00
                          0.5576171296308824E+00
                          0.5601415937225389E+00
                          0.5626746197609549E+00
                          0.5652162270833537E+00
                          0.5677664350487713E+00
                          0.5703252630380542E+00
                          0.5728927304538629E+00
                          0.5754688567206679E+00
                          0.5780536612847531E+00
                          0.5806471636142143E+00
                          0.5832493831989582E+00
                          0.5858603395507053E+00
                          0.5884800522029864E+00
                          0.5911085407111449E+00
                          0.5937458246523371E+00
                          0.5963919236255297E+00
                          0.5990468572515028E+00
                          0.6017106451728484E+00
                          0.6043833070539696E+00
                          0.6070648625810816E+00
                          0.6097553314622126E+00
                          0.6124547334272028E+00
                          0.6151630882277026E+00
                          0.6178804156371770E+00
                          0.6206067354509005E+00
                          0.6233420674859621E+00
                          0.6260864315812601E+00
                          0.6288398475975068E+00
                          0.6316023354172270E+00
                          0.6343739149447556E+00
                          0.6371546061062398E+00
                          0.6399444288496402E+00
                          0.6427434031447288E+00
                          0.6455515489830888E+00
                          0.6483688863781164E+00
                          0.6511954353650198E+00
                          0.6540312160008185E+00
                          0.6568762483643442E+00
                          0.6597305525562409E+00
                          0.6625941486989652E+00
                          0.6654670569367842E+00
                          0.6683492974357784E+00
                          0.6712408903838394E+00
                          0.6741418559906716E+00
                          0.6770522144877904E+00
                          0.6799719861285245E+00
                          0.6829011911880134E+00
                          0.6858398499632097E+00
                          0.6887879827728768E+00
                          0.6917456099575918E+00
                          0.6947127518797415E+00
                          0.6976894289235270E+00
                          0.7006756614949599E+00
                          0.7036714700218643E+00
                          0.7066768749538772E+00
                          0.7096918967624455E+00
                          0.7127165559408308E+00
                          0.7157508730041038E+00
                          0.7187948684891503E+00
                          0.7218485629546649E+00
                          0.7249119769811574E+00
                          0.7279851311709464E+00
                          0.7310680461481660E+00
                          0.7341607425587588E+00
                          0.7372632410704828E+00
                          0.7403755623729047E+00
                          0.7434977271774060E+00
                          0.7466297562171781E+00
                          0.7497716702472261E+00
                          0.7529234900443665E+00
                          0.7560852364072269E+00
                          0.7592569301562487E+00
                          0.7624385921336830E+00
                          0.7656302432035954E+00
                          0.7688319042518625E+00
                          0.7720435961861718E+00
                          0.7752653399360249E+00
                          0.7784971564527329E+00
                          0.7817390667094218E+00
                          0.7849910917010268E+00
                          0.7882532524442977E+00
                          0.7915255699777938E+00
                          0.7948080653618884E+00
                          0.7981007596787667E+00
                          0.8014036740324245E+00
                          0.8047168295486700E+00
                          0.8080402473751249E+00
                          0.8113739486812209E+00
                          0.8147179546582030E+00
                          0.8180722865191287E+00
                          0.8214369654988660E+00
                          0.8248120128540949E+00
                          0.8281974498633089E+00
                          0.8315932978268130E+00
                          0.8349995780667235E+00
                          0.8384163119269699E+00
                          0.8418435207732919E+00
                          0.8452812259932433E+00
                          0.8487294489961877E+00
                          0.8521882112133030E+00
                          0.8556575340975781E+00
                          0.8591374391238127E+00
                          0.8626279477886212E+00
                          0.8661290816104272E+00
                          0.8696408621294690E+00
                          0.8731633109077939E+00
                          0.8766964495292642E+00
                          0.8802402995995517E+00
                          0.8837948827461427E+00
                          0.8873602206183330E+00
                          0.8909363348872323E+00
                          0.8945232472457610E+00
                          0.8981209794086530E+00
                          0.9017295531124524E+00
                          0.9053489901155165E+00
                          0.9089793121980146E+00
                          0.9126205411619285E+00
                          0.9162726988310504E+00
                          0.9199358070509860E+00
                          0.9236098876891503E+00
                          0.9272949626347766E+00
                          0.9309910537989020E+00
                          0.9346981831143814E+00
                          0.9384163725358806E+00
                          0.9421456440398754E+00
                          0.9458860196246558E+00
                          0.9496375213103236E+00
                          0.9534001711387912E+00
                          0.9571739911737845E+00
                          0.9609590035008397E+00
                          0.9647552302273075E+00
                          0.9685626934823481E+00
                          0.9723814154169350E+00
                          0.9762114182038546E+00
                          0.9800527240377027E+00
                          0.9839053551348904E+00
                          0.9877693337336378E+00
                          0.9916446820939783E+00
                          0.9955314224977582E+00
                          0.9994295772486338E+00
                          0.1003339168672075E+01
                          0.1007260219115364E+01
                          0.1011192750947594E+01
                          0.1015136786559669E+01
                          0.1019092348364309E+01
                          0.1023059458796042E+01
                          0.1027038140311209E+01
                          0.1031028415387965E+01
                          0.1035030306526274E+01
                          0.1039043836247915E+01
                          0.1043069027096478E+01
                          0.1047105901637363E+01
                          0.1051154482457784E+01
                          0.1055214792166768E+01
                          0.1059286853395151E+01
                          0.1063370688795583E+01
                          0.1067466321042527E+01
                          0.1071573772832255E+01
                          0.1075693066882854E+01
                          0.1079824225934221E+01
                          0.1083967272748066E+01
                          0.1088122230107910E+01
                          0.1092289120819088E+01
                          0.1096467967708745E+01
                          0.1100658793625840E+01
                          0.1104861621441141E+01
                          0.1109076474047231E+01
                          0.1113303374358504E+01
                          0.1117542345311165E+01
                          0.1121793409863233E+01
                          0.1126056590994537E+01
                          0.1130331911706719E+01
                          0.1134619395023233E+01
                          0.1138919063989346E+01
                          0.1143230941672134E+01
                          0.1147555051160489E+01
                          0.1151891415565111E+01
                          0.1156240058018516E+01
                          0.1160601001675029E+01
                          0.1164974269710787E+01
                          0.1169359885323742E+01
                          0.1173757871733655E+01
                          0.1178168252182101E+01
                          0.1182591049932464E+01
                          0.1187026288269944E+01
                          0.1191473990501552E+01
                          0.1195934179956108E+01
                          0.1200406879984246E+01
                          0.1204892113958413E+01
                          0.1209389905272869E+01
                          0.1213900277343681E+01
                          0.1218423253608733E+01
                          0.1222958857527720E+01
                          0.1227507112582147E+01
                          0.1232068042275331E+01
                          0.1236641670132405E+01
                          0.1241228019700310E+01
                          0.1245827114547801E+01
                          0.1250438978265442E+01
                          0.1255063634465613E+01
                          0.1259701106782506E+01
                          0.1264351418872121E+01
                          0.1269014594412273E+01
                          0.1273690657102588E+01
                          0.1278379630664506E+01
                          0.1283081538841276E+01
                          0.1287796405397961E+01
                          0.1292524254121434E+01
                          0.1297265108820384E+01
                          0.1302018993325308E+01
                          0.1306785931488517E+01
                          0.1311565947184133E+01
                          0.1316359064308089E+01
                          0.1321165306778136E+01
                          0.1325984698533828E+01
                          0.1330817263536539E+01
                          0.1335663025769449E+01
                          0.1340522009237555E+01
                          0.1345394237967661E+01
                          0.1350279736008388E+01
                          0.1355178527430164E+01
                          0.1360090636325234E+01
                          0.1365016086807652E+01
                          0.1369954903013285E+01
                          0.1374907109099812E+01
                          0.1379872729246721E+01
                          0.1384851787655319E+01
                          0.1389844308548718E+01
                          0.1394850316171844E+01
                          0.1399869834791439E+01
                          0.1404902888696052E+01
                          0.1409949502196044E+01
                          0.1415009699623593E+01
                          0.1420083505332684E+01
                          0.1425170943699116E+01
                          0.1430272039120501E+01
                          0.1435386816016261E+01
                          0.1440515298827631E+01
                          0.1445657512017657E+01
                          0.1450813480071199E+01
                          0.1455983227494929E+01
                          0.1461166778817329E+01
                          0.1466364158588693E+01
                          0.1471575391381130E+01
                          0.1476800501788556E+01
                          0.1482039514426705E+01
                          0.1487292453933118E+01
                          0.1492559344967151E+01
                          0.1497840212209972E+01
                          0.1503135080364558E+01
                          0.1508443974155702E+01
                          0.1513766918330006E+01
                          0.1519103937655885E+01
                          0.1524455056923568E+01
                          0.1529820300945092E+01
                          0.1535199694554310E+01
                          0.1540593262606882E+01
                          0.1546001029980287E+01
                          0.1551423021573809E+01
                          0.1556859262308550E+01
                          0.1562309777127420E+01
                          0.1567774590995144E+01
                          0.1573253728898254E+01
                          0.1578747215845099E+01
                          0.1584255076865838E+01
                          0.1589777337012443E+01
                          0.1595314021358697E+01
                          0.1600865155000195E+01
                          0.1606430763054345E+01
                          0.1612010870660367E+01
                          0.1617605502979290E+01
                          0.1623214685193960E+01
                          0.1628838442509031E+01
                          0.1634476800150970E+01
                          0.1640129783368057E+01
                          0.1645797417430385E+01
                          0.1651479727629856E+01
                          0.1657176739280185E+01
                          0.1662888477716902E+01
                          0.1668614968297343E+01
                          0.1674356236400662E+01
                          0.1680112307427822E+01
                          0.1685883206801600E+01
                          0.1691668959966580E+01
                          0.1697469592389165E+01
                          0.1703285129557564E+01
                          0.1709115596981803E+01
                          0.1714961020193716E+01
                          0.1720821424746952E+01
                          0.1726696836216971E+01
                          0.1732587280201042E+01
                          0.1738492782318251E+01
                          0.1744413368209494E+01
                          0.1750349063537478E+01
                          0.1756299893986722E+01
                          0.1762265885263560E+01
                          0.1768247063096132E+01
                          0.1774243453234398E+01
                          0.1780255081450123E+01
                          0.1786281973536889E+01
                          0.1792324155310085E+01
                          0.1798381652606917E+01
                          0.1804454491286401E+01
                          0.1810542697229363E+01
                          0.1816646296338445E+01
                          0.1822765314538099E+01
                          0.1828899777774588E+01
                          0.1835049712015989E+01
                          0.1841215143252187E+01
                          0.1847396097494884E+01
                          0.1853592600777593E+01
                          0.1859804679155636E+01
                          0.1866032358706152E+01
                          0.1872275665528087E+01
                          0.1878534625742200E+01
                          0.1884809265491065E+01
                          0.1891099610939065E+01
                          0.1897405688272396E+01
                          0.1903727523699067E+01
                          0.1910065143448900E+01
                          0.1916418573773523E+01
                          0.1922787840946382E+01
                          0.1929172971262734E+01
                          0.1935573991039647E+01
                          0.1941990926616000E+01
                          0.1948423804352485E+01
                          0.1954872650631609E+01
                          0.1961337491857686E+01
                          0.1967818354456844E+01
                          0.1974315264877025E+01
                          0.1980828249587979E+01
                          0.1987357335081274E+01
                          0.1993902547870282E+01
                          0.2000463914490194E+01
                          0.2007041461498011E+01
                          0.2013635215472542E+01
                          0.2020245203014416E+01
                          0.2026871450746064E+01
                          0.2033513985311739E+01
                          0.2040172833377500E+01
                          0.2046848021631220E+01
                          0.2053539576782581E+01
                          0.2060247525563084E+01
                          0.2066971894726032E+01
                          0.2073712711046549E+01
                          0.2080470001321567E+01
                          0.2087243792369831E+01
                          0.2094034111031895E+01
                          0.2100840984170131E+01
                          0.2107664438668718E+01
                          0.2114504501433647E+01
                          0.2121361199392727E+01
                          0.2128234559495569E+01
                          0.2135124608713608E+01
                          0.2142031374040080E+01
                          0.2148954882490039E+01
                          0.2155895161100351E+01
                          0.2162852236929688E+01
                          0.2169826137058543E+01
                          0.2176816888589218E+01
                          0.2183824518645822E+01
                          0.2190849054374281E+01
                          0.2197890522942334E+01
                          0.2204948951539526E+01
                          0.2212024367377222E+01
                          0.2219116797688592E+01
                          0.2226226269728621E+01
                          0.2233352810774106E+01
                          0.2240496448123656E+01
                          0.2247657209097693E+01
                          0.2254835121038449E+01
                          0.2262030211309970E+01
                          0.2269242507298110E+01
                          0.2276472036410540E+01
                          0.2283718826076741E+01
                          0.2290982903748005E+01
                          0.2298264296897439E+01
                          0.2305563033019959E+01
                          0.2312879139632296E+01
                          0.2320212644272986E+01
                          0.2327563574502384E+01
                          0.2334931957902658E+01
                          0.2342317822077784E+01
                          0.2349721194653548E+01
                          0.2357142103277553E+01
                          0.2364580575619216E+01
                          0.2372036639369755E+01
                          0.2379510322242211E+01
                          0.2387001651971436E+01
                          0.2394510656314087E+01
                          0.2402037363048637E+01
                          0.2409581799975373E+01
                          0.2417143994916394E+01
                          0.2424723975715604E+01
                          0.2432321770238731E+01
                          0.2439937406373301E+01
                          0.2447570912028665E+01
                          0.2455222315135977E+01
                          0.2462891643648210E+01
                          0.2470578925540140E+01
                          0.2478284188808366E+01
                          0.2486007461471290E+01
                          0.2493748771569129E+01
                          0.2501508147163915E+01
                          0.2509285616339487E+01
                          0.2517081207201498E+01
                          0.2524894947877416E+01
                          0.2532726866516518E+01
                          0.2540576991289893E+01
                          0.2548445350390441E+01
                          0.2556331972032877E+01
                          0.2564236884453727E+01
                          0.2572160115911329E+01
                          0.2580101694685828E+01
                          0.2588061649079190E+01
                          0.2596040007415190E+01
                          0.2604036798039408E+01
                          0.2612052049319246E+01
                          0.2620085789643915E+01
                          0.2628138047424430E+01
                          0.2636208851093629E+01
                          0.2644298229106160E+01
                          0.2652406209938477E+01
                          0.2660532822088852E+01
                          0.2668678094077364E+01
                          0.2676842054445908E+01
                          0.2685024731758189E+01
                          0.2693226154599726E+01
                          0.2701446351577851E+01
                          0.2709685351321702E+01
                          0.2717943182482235E+01
                          0.2726219873732215E+01
                          0.2734515453766218E+01
                          0.2742829951300638E+01
                          0.2751163395073672E+01
                          0.2759515813845337E+01
                          0.2767887236397459E+01
                          0.2776277691533676E+01
                          0.2784687208079436E+01
                          0.2793115814882003E+01
                          0.2801563540810448E+01
                          0.2810030414755662E+01
                          0.2818516465630338E+01
                          0.2827021722368991E+01
                          0.2835546213927937E+01
                          0.2844089969285315E+01
                          0.2852653017441068E+01
                          0.2861235387416956E+01
                          0.2869837108256548E+01
                          0.2878458209025226E+01
                          0.2887098718810185E+01
                          0.2895758666720430E+01
                          0.2904438081886781E+01
                          0.2913136993461866E+01
                          0.2921855430620128E+01
                          0.2930593422557823E+01
                          0.2939350998493015E+01
                          0.2948128187665582E+01
                          0.2956925019337214E+01
                          0.2965741522791417E+01
                          0.2974577727333501E+01
                          0.2983433662290594E+01
                          0.2992309357011633E+01
                          0.3001204840867372E+01
                          0.3010120143250368E+01
                          0.3019055293574999E+01
                          0.3028010321277450E+01
                          0.3036985255815719E+01
                          0.3045980126669620E+01
                          0.3054994963340771E+01
                          0.3064029795352608E+01
                          0.3073084652250377E+01
                          0.3082159563601138E+01
                          0.3091254558993757E+01
                          0.3100369668038924E+01
                          0.3109504920369127E+01
                          0.3118660345638676E+01
                          0.3127835973523688E+01
                          0.3137031833722091E+01
                          0.3146247955953634E+01
                          0.3155484369959865E+01
                          0.3164741105504156E+01
                          0.3174018192371683E+01
                          0.3183315660369437E+01
                          0.3192633539326219E+01
                          0.3201971859092645E+01
                          0.3211330649541142E+01
                          0.3220709940565945E+01
                          0.3230109762083113E+01
                          0.3239530144030502E+01
                          0.3248971116367790E+01
                          0.3258432709076458E+01
                          0.3267914952159812E+01
                          0.3277417875642959E+01
                          0.3286941509572821E+01
                          0.3296485884018137E+01
                          0.3306051029069448E+01
                          0.3315636974839117E+01
                          0.3325243751461315E+01
                          0.3334871389092023E+01
                          0.3344519917909035E+01
                          0.3354189368111959E+01
                          0.3363879769922214E+01
                          0.3373591153583034E+01
                          0.3383323549359456E+01
                          0.3393076987538342E+01
                          0.3402851498428349E+01
                          0.3412647112359965E+01
                          0.3422463859685477E+01
                          0.3432301770778991E+01
                          0.3442160876036419E+01
                          0.3452041205875487E+01
                          0.3461942790735736E+01
                          0.3471865661078519E+01
                          0.3481809847386996E+01
                          0.3491775380166144E+01
                          0.3501762289942747E+01
                          0.3511770607265408E+01
                          0.3521800362704536E+01
                          0.3531851586852354E+01
                          0.3541924310322900E+01
                          0.3552018563752016E+01
                          0.3562134377797367E+01
                          0.3572271783138420E+01
                          0.3582430810476459E+01
                          0.3592611490534583E+01
                          0.3602813854057692E+01
                          0.3613037931812514E+01
                          0.3623283754587572E+01
                          0.3633551353193215E+01
                          0.3643840758461594E+01
                          0.3654152001246679E+01
                          0.3664485112424251E+01
                          0.3674840122891899E+01
                          0.3685217063569025E+01
                          0.3695615965396847E+01
                          0.3706036859338389E+01
                          0.3716479776378498E+01
                          0.3726944747523816E+01
                          0.3737431803802814E+01
                          0.3747940976265759E+01
                          0.3758472295984752E+01
                          0.3769025794053678E+01
                          0.3779601501588258E+01
                          0.3790199449726009E+01
                          0.3800819669626271E+01
                          0.3811462192470193E+01
                          0.3822127049460728E+01
                          0.3832814271822656E+01
                          0.3843523890802552E+01
                          0.3854255937668817E+01
                          0.3865010443711657E+01
                          0.3875787440243094E+01
                          0.3886586958596955E+01
                          0.3897409030128890E+01
                          0.3908253686216351E+01
                          0.3919120958258604E+01
                          0.3930010877676729E+01
                          0.3940923475913622E+01
                          0.3951858784433981E+01
                          0.3962816834724327E+01
                          0.3973797658292983E+01
                          0.3984801286670094E+01
                          0.3995827751407608E+01
                          0.4006877084079289E+01
                          0.4017949316280717E+01
                          0.4029044479629275E+01
                          0.4040162605764165E+01
                          0.4051303726346399E+01
                          0.4062467873058798E+01
                          0.4073655077605999E+01
                          0.4084865371714454E+01
                          0.4096098787132421E+01
                          0.4107355355629968E+01
                          0.4118635108998986E+01
                          0.4129938079053166E+01
                          0.4141264297628015E+01
                          0.4152613796580855E+01
                          0.4163986607790820E+01
                          0.4175382763158852E+01
                          0.4186802294607705E+01
                          0.4198245234081951E+01
                          0.4209711613547969E+01
                          0.4221201464993952E+01
                          0.4232714820429897E+01
                          0.4244251711887629E+01
                          0.4255812171420772E+01
                          0.4267396231104769E+01
                          0.4279003923036873E+01
                          0.4290635279336142E+01
                          0.4302290332143454E+01
                          0.4313969113621502E+01
                          0.4325671655954783E+01
                          0.4337397991349606E+01
                          0.4349148152034102E+01
                          0.4360922170258204E+01
                          0.4372720078293659E+01
                          0.4384541908434031E+01
                          0.4396387692994687E+01
                          0.4408257464312821E+01
                          0.4420151254747416E+01
                          0.4432069096679288E+01
                          0.4444011022511058E+01
                          0.4455977064667156E+01
                          0.4467967255593829E+01
                          0.4479981627759130E+01
                          0.4492020213652928E+01
                          0.4504083045786908E+01
                          0.4516170156694560E+01
                          0.4528281578931185E+01
                          0.4540417345073903E+01
                          0.4552577487721639E+01
                          0.4564762039495140E+01
                          0.4576971033036953E+01
                          0.4589204501011450E+01
                          0.4601462476104794E+01
                          0.4613744991024987E+01
                          0.4626052078501821E+01
                          0.4638383771286913E+01
                          0.4650740102153688E+01
                          0.4663121103897381E+01
                          0.4675526809335039E+01
                          0.4687957251305527E+01
                          0.4700412462669516E+01
                          0.4712892476309488E+01
                          0.4725397325129744E+01
                          0.4737927042056386E+01
                          0.4750481660037340E+01
                          0.4763061212042341E+01
                          0.4775665731062934E+01
                          0.4788295250112469E+01
                          0.4800949802226119E+01
                          0.4813629420460862E+01
                          0.4826334137895500E+01
                          0.4839063987630623E+01
                          0.4851819002788663E+01
                          0.4864599216513838E+01
                          0.4877404661972195E+01
                          0.4890235372351582E+01
                          0.4903091380861668E+01
                          0.4915972720733930E+01
                          0.4928879425221657E+01
                          0.4941811527599945E+01
                          0.4954769061165713E+01
                          0.4967752059237682E+01
                          0.4980760555156395E+01
                          0.4993794582284193E+01
                          0.5006854174005245E+01
                          0.5019939363725515E+01
                          0.5033050184872801E+01
                          0.5046186670896689E+01
                          0.5059348855268585E+01
                          0.5072536771481723E+01
                          0.5085750453051128E+01
                          0.5098989933513648E+01
                          0.5112255246427938E+01
                          0.5125546425374467E+01
                          0.5138863503955521E+01
                          0.5152206515795189E+01
                          0.5165575494539373E+01
                          0.5178970473855799E+01
                          0.5192391487433991E+01
                          0.5205838568985289E+01
                          0.5219311752242849E+01
                          0.5232811070961636E+01
                          0.5246336558918428E+01
                          0.5259888249911810E+01
                          0.5273466177762191E+01
                          0.5287070376311782E+01
                          0.5300700879424598E+01
                          0.5314357720986492E+01
                          0.5328040934905101E+01
                          0.5341750555109899E+01
                          0.5355486615552143E+01
                          0.5369249150204932E+01
                          0.5383038193063161E+01
                          0.5396853778143536E+01
                          0.5410695939484585E+01
                          0.5424564711146629E+01
                          0.5438460127211825E+01
                          0.5452382221784127E+01
                          0.5466331028989308E+01
                          0.5480306582974940E+01
                          0.5494308917910422E+01
                          0.5508338067986966E+01
                          0.5522394067417582E+01
                          0.5536476950437097E+01
                          0.5550586751302164E+01
                          0.5564723504291228E+01
                          0.5578887243704559E+01
                          0.5593078003864230E+01
                          0.5607295819114132E+01
                          0.5621540723819968E+01
                          0.5635812752369252E+01
                          0.5650111939171309E+01
                          0.5664438318657281E+01
                          0.5678791925280113E+01
                          0.5693172793514564E+01
                          0.5707580957857214E+01
                          0.5722016452826448E+01
                          0.5736479312962467E+01
                          0.5750969572827265E+01
                          0.5765487267004684E+01
                          0.5780032430100341E+01
                          0.5794605096741700E+01
                          0.5809205301578006E+01
                          0.5823833079280329E+01
                          0.5838488464541556E+01
                          0.5853171492076378E+01
                          0.5867882196621303E+01
                          0.5882620612934649E+01
                          0.5897386775796544E+01
                          0.5912180720008932E+01
                          0.5927002480395563E+01
                          0.5941852091802009E+01
                          0.5956729589095644E+01
                          0.5971635007165663E+01
                          0.5986568380923059E+01
                          0.6001529745300657E+01
                          0.6016519135253077E+01
                          0.6031536585756752E+01
                          0.6046582131809945E+01
                          0.6061655808432713E+01
                          0.6076757650666925E+01
                          0.6091887693576269E+01
                          0.6107045972246248E+01
                          0.6122232521784169E+01
                          0.6137447377319158E+01
                          0.6152690574002139E+01
                          0.6167962147005871E+01
                          0.6183262131524904E+01
                          0.6198590562775617E+01
                          0.6213947475996174E+01
                          0.6229332906446591E+01
                          0.6244746889408662E+01
                          0.6260189460186008E+01
                          0.6275660654104064E+01
                          0.6291160506510066E+01
                          0.6306689052773068E+01
                          0.6322246328283940E+01
                          0.6337832368455364E+01
                          0.6353447208721826E+01
                          0.6369090884539627E+01
                          0.6384763431386880E+01
                          0.6400464884763518E+01
                          0.6416195280191277E+01
                          0.6431954653213708E+01
                          0.6447743039396165E+01
                          0.6463560474325838E+01
                          0.6479406993611698E+01
                          0.6495282632884555E+01
                          0.6511187427797020E+01
                          0.6527121414023509E+01
                          0.6543084627260260E+01
                          0.6559077103225314E+01
                          0.6575098877658540E+01
                          0.6591149986321604E+01
                          0.6607230464997981E+01
                          0.6623340349492978E+01
                          0.6639479675633699E+01
                          0.6655648479269058E+01
                          0.6671846796269789E+01
                          0.6688074662528428E+01
                          0.6704332113959343E+01
                          0.6720619186498690E+01
                          0.6736935916104447E+01
                          0.6753282338756416E+01
                          0.6769658490456195E+01
                          0.6786064407227194E+01
                          0.6802500125114638E+01
                          0.6818965680185576E+01
                          0.6835461108528857E+01
                          0.6851986446255141E+01
                          0.6868541729496893E+01
                          0.6885126994408416E+01
                          0.6901742277165806E+01
                          0.6918387613966962E+01
                          0.6935063041031622E+01
                          0.6951768594601315E+01
                          0.6968504310939383E+01
                          0.6985270226330996E+01
                          0.7002066377083119E+01
                          0.7018892799524533E+01
                          0.7035749530005832E+01
                          0.7052636604899430E+01
                          0.7069554060599546E+01
                          0.7086501933522205E+01
                          0.7103480260105245E+01
                          0.7120489076808338E+01
                          0.7137528420112941E+01
                          0.7154598326522338E+01
                          0.7171698832561606E+01
                          0.7188829974777669E+01
                          0.7205991789739229E+01
                          0.7223184314036815E+01
                          0.7240407584282769E+01
                          0.7257661637111243E+01
                          0.7274946509178202E+01
                          0.7292262237161409E+01
                          0.7309608857760466E+01
                          0.7326986407696765E+01
                          0.7344394923713516E+01
                          0.7361834442575749E+01
                          0.7379305001070297E+01
                          0.7396806636005802E+01
                          0.7414339384212729E+01
                          0.7431903282543351E+01
                          0.7449498367871750E+01
                          0.7467124677093819E+01
                          0.7484782247127268E+01
                          0.7502471114911607E+01
                          0.7520191317408182E+01
                          0.7537942891600133E+01
                          0.7555725874492403E+01
                          0.7573540303111776E+01
                          0.7591386214506830E+01
                          0.7609263645747939E+01
                          0.7627172633927330E+01
                          0.7645113216159007E+01
                          0.7663085429578796E+01
                          0.7681089311344334E+01
                          0.7699124898635088E+01
                          0.7717192228652308E+01
                          0.7735291338619074E+01
                          0.7753422265780268E+01
                          0.7771585047402602E+01
                          0.7789779720774576E+01
                          0.7808006323206516E+01
                          0.7826264892030567E+01
                          0.7844555464600668E+01
                          0.7862878078292575E+01
                          0.7881232770503873E+01
                          0.7899619578653939E+01
                          0.7918038540183968E+01
                          0.7936489692556970E+01
                          0.7954973073257753E+01
                          0.7973488719792967E+01
                          0.7992036669691048E+01
                          0.8010616960502253E+01
                          0.8029229629798641E+01
                          0.8047874715174109E+01
                          0.8066552254244337E+01
                          0.8085262284646827E+01
                          0.8104004844040908E+01
                          0.8122779970107699E+01
                          0.8141587700550142E+01
                          0.8160428073092977E+01
                          0.8179301125482787E+01
                          0.8198206895487944E+01
                          0.8217145420898627E+01
                          0.8236116739526844E+01
                          0.8255120889206404E+01
                          0.8274157907792935E+01
                          0.8293227833163861E+01
                          0.8312330703218448E+01
                          0.8331466555877748E+01
                          0.8350635429084630E+01
                          0.8369837360803775E+01
                          0.8389072389021694E+01
                          0.8408340551746685E+01
                          0.8427641887008868E+01
                          0.8446976432860172E+01
                          0.8466344227374353E+01
                          0.8485745308646960E+01
                          0.8505179714795355E+01
                          0.8524647483958733E+01
                          0.8544148654298079E+01
                          0.8563683263996197E+01
                          0.8583251351257703E+01
                          0.8602852954309016E+01
                          0.8622488111398399E+01
                          0.8642156860795884E+01
                          0.8661859240793342E+01
                          0.8681595289704457E+01
                          0.8701365045864710E+01
                          0.8721168547631397E+01
                          0.8741005833383642E+01
                          0.8760876941522364E+01
                          0.8780781910470299E+01
                          0.8800720778671995E+01
                          0.8820693584593808E+01
                          0.8840700366723924E+01
                          0.8860741163572319E+01
                          0.8880816013670779E+01
                          0.8900924955572934E+01
                          0.8921068027854194E+01
                          0.8941245269111793E+01
                          0.8961456717964769E+01
                          0.8981702413053988E+01
                          0.9001982393042118E+01
                          0.9022296696613630E+01
                          0.9042645362474831E+01
                          0.9063028429353817E+01
                          0.9083445936000508E+01
                          0.9103897921186631E+01
                          0.9124384423705719E+01
                          0.9144905482373140E+01
                          0.9165461136026050E+01
                          0.9186051423523422E+01
                          0.9206676383746053E+01
                          0.9227336055596540E+01
                          0.9248030477999308E+01
                          0.9268759689900559E+01
                          0.9289523730268348E+01
                          0.9310322638092517E+01
                          0.9331156452384729E+01
                          0.9352025212178447E+01
                          0.9372928956528970E+01
                          0.9393867724513388E+01
                          0.9414841555230613E+01
                          0.9435850487801368E+01
                          0.9456894561368184E+01
                          0.9477973815095405E+01
                          0.9499088288169176E+01
                          0.9520238019797487E+01
                          0.9541423049210113E+01
                          0.9562643415658634E+01
                          0.9583899158416475E+01
                          0.9605190316778843E+01
                          0.9626516930062767E+01
                          0.9647879037607089E+01
                          0.9669276678772455E+01
                          0.9690709892941344E+01
                          0.9712178719518025E+01
                          0.9733683197928581E+01
                          0.9755223367620934E+01
                          0.9776799268064780E+01
                          0.9798410938751640E+01
                          0.9820058419194872E+01
                          0.9841741748929607E+01
                          0.9863460967512815E+01
                          0.9885216114523258E+01
                          0.9907007229561541E+01
                          0.9928834352250053E+01
                          0.9950697522232996E+01
                          0.9972596779176397E+01
                          0.9994532162768079E+01
                          0.1001650371271771E+02
                          0.1003851146875672E+02
                          0.1006055547063841E+02
                          0.1008263575813784E+02
                          0.1010475237105191E+02
                          0.1012690534919931E+02
                          0.1014909473242058E+02
                          0.1017132056057805E+02
                          0.1019358287355583E+02
                          0.1021588171125992E+02
                          0.1023821711361805E+02
                          0.1026058912057981E+02
                          0.1028299777211658E+02
                          0.1030544310822158E+02
                          0.1032792516890982E+02
                          0.1035044399421812E+02
                          0.1037299962420510E+02
                          0.1039559209895123E+02
                          0.1041822145855878E+02
                          0.1044088774315181E+02
                          0.1046359099287620E+02
                          0.1048633124789967E+02
                          0.1050910854841170E+02
                          0.1053192293462363E+02
                          0.1055477444676860E+02
                          0.1057766312510154E+02
                          0.1060058900989921E+02
                          0.1062355214146020E+02
                          0.1064655256010487E+02
                          0.1066959030617542E+02
                          0.1069266542003585E+02
                          0.1071577794207198E+02
                          0.1073892791269146E+02
                          0.1076211537232371E+02
                          0.1078534036141999E+02
                          0.1080860292045337E+02
                          0.1083190308991872E+02
                          0.1085524091033273E+02
                          0.1087861642223390E+02
                          0.1090202966618256E+02
                          0.1092548068276083E+02
                          0.1094896951257264E+02
                          0.1097249619624374E+02
                          0.1099606077442170E+02
                          0.1101966328777589E+02
                          0.1104330377699749E+02
                          0.1106698228279951E+02
                          0.1109069884591676E+02
                          0.1111445350710585E+02
                          0.1113824630714523E+02
                          0.1116207728683512E+02
                          0.1118594648699760E+02
                          0.1120985394847655E+02
                          0.1123379971213763E+02
                          0.1125778381886833E+02
                          0.1128180630957798E+02
                          0.1130586722519769E+02
                          0.1132996660668038E+02
                          0.1135410449500080E+02
                          0.1137828093115550E+02
                          0.1140249595616286E+02
                          0.1142674961106304E+02
                          0.1145104193691804E+02
                          0.1147537297481167E+02
                          0.1149974276584953E+02
                          0.1152415135115904E+02
                          0.1154859877188946E+02
                          0.1157308506921183E+02
                          0.1159761028431902E+02
                          0.1162217445842568E+02
                          0.1164677763276834E+02
                          0.1167141984860525E+02
                          0.1169610114721655E+02
                          0.1172082156990416E+02
                          0.1174558115799180E+02
                          0.1177037995282504E+02
                          0.1179521799577121E+02
                          0.1182009532821951E+02
                          0.1184501199158090E+02
                          0.1186996802728819E+02
                          0.1189496347679597E+02
                          0.1191999838158067E+02
                          0.1194507278314053E+02
                          0.1197018672299557E+02
                          0.1199534024268766E+02
                          0.1202053338378047E+02
                          0.1204576618785947E+02
                          0.1207103869653194E+02
                          0.1209635095142701E+02
                          0.1212170299419557E+02
                          0.1214709486651036E+02
                          0.1217252661006592E+02
                          0.1219799826657860E+02
                          0.1222350987778656E+02
                          0.1224906148544976E+02
                          0.1227465313135001E+02
                          0.1230028485729090E+02
                          0.1232595670509784E+02
                          0.1235166871661805E+02
                          0.1237742093372057E+02
                          0.1240321339829625E+02
                          0.1242904615225775E+02
                          0.1245491923753952E+02
                          0.1248083269609787E+02
                          0.1250678656991088E+02
                          0.1253278090097846E+02
                          0.1255881573132233E+02
                          0.1258489110298603E+02
                          0.1261100705803487E+02
                          0.1263716363855605E+02
                          0.1266336088665851E+02
                          0.1268959884447303E+02
                          0.1271587755415221E+02
                          0.1274219705787045E+02
                          0.1276855739782397E+02
                          0.1279495861623078E+02
                          0.1282140075533074E+02
                          0.1284788385738549E+02
                          0.1287440796467850E+02
                          0.1290097311951503E+02
                          0.1292757936422218E+02
                          0.1295422674114886E+02
                          0.1298091529266576E+02
                          0.1300764506116539E+02
                          0.1303441608906215E+02
                          0.1306122841879210E+02
                          0.1308808209281327E+02
                          0.1311497715360540E+02
                          0.1314191364367007E+02
                          0.1316889160553070E+02
                          0.1319591108173247E+02
                          0.1322297211484240E+02
                          0.1325007474744934E+02
                          0.1327721902216394E+02
                          0.1330440498161861E+02
                          0.1333163266846767E+02
                          0.1335890212538718E+02
                          0.1338621339507502E+02
                          0.1341356652025091E+02
                          0.1344096154365635E+02
                          0.1346839850805468E+02
                          0.1349587745623102E+02
                          0.1352339843099235E+02
                          0.1355096147516743E+02
                          0.1357856663160682E+02
                          0.1360621394318290E+02
                          0.1363390345278990E+02
                          0.1366163520334380E+02
                          0.1368940923778245E+02
                          0.1371722559906548E+02
                          0.1374508433017431E+02
                          0.1377298547411224E+02
                          0.1380092907390432E+02
                          0.1382891517259743E+02
                          0.1385694381326027E+02
                          0.1388501503898337E+02
                          0.1391312889287902E+02
                          0.1394128541808135E+02
                          0.1396948465774633E+02
                          0.1399772665505169E+02
                          0.1402601145319702E+02
                          0.1405433909540370E+02
                          0.1408270962491488E+02
                          0.1411112308499561E+02
                          0.1413957951893270E+02
                          0.1416807897003476E+02
                          0.1419662148163225E+02
                          0.1422520709707740E+02
                          0.1425383585974428E+02
                          0.1428250781302878E+02
                          0.1431122300034858E+02
                          0.1433998146514318E+02
                          0.1436878325087389E+02
                          0.1439762840102382E+02
                          0.1442651695909794E+02
                          0.1445544896862296E+02
                          0.1448442447314748E+02
                          0.1451344351624184E+02
