 Temperature at each layer [K]
    360.9207
    352.4235
    344.4179
    336.6901
    329.1754
    321.8059
    314.5124
    307.2281
    299.8932
    292.4613
    284.9064
    277.2273
    269.5062
    261.7174
    253.8532
    245.9880
    241.8661
    241.8661
    241.8661
    241.4661
    240.0661
    238.2661
    236.0661
    233.8661
    231.8661
    229.8661
    227.6661
    225.6661
    223.4661
    221.2661
    218.4661
    215.4661
    212.0661
    208.8661
    205.6661
    202.8661
    200.4661
    198.0661
    196.0661
    195.0661
    195.0661
    194.6661
    192.3086
    188.2538
    186.7709
    186.7189
    179.6909
    173.6088
    177.9206
    149.9966
