 Adiabat temperature at each layer [K]
    360.7673
    352.4235
    344.4179
    336.6901
    329.1754
    321.8059
    314.5124
    307.2281
    299.8932
    292.4613
    284.9064
    277.2273
    269.5062
    261.7174
    253.8532
    245.9880
    238.1687
    230.4173
    222.7386
    215.1274
    207.5747
    200.0702
    192.6044
    185.1691
    177.7580
    170.3660
    162.9899
    155.6271
    149.9966
    149.9966
    149.9966
    149.9966
    149.9966
    149.9966
    149.9966
    149.9966
    149.9966
    149.9966
    149.9966
    149.9966
    149.9966
    149.9966
    149.9966
    149.9966
    149.9966
    149.9966
    149.9966
    149.9966
    149.9966
    149.9966
