 Temperature at each level [K]
    364.8932
    356.6682
    348.4207
    340.5540
    332.9327
    325.4907
    318.1592
    310.8703
    303.5607
    296.1772
    288.6838
    281.0668
    273.3668
    265.6118
    257.7853
    249.9206
    243.8482
    241.8661
    241.8661
    241.6661
    240.7661
    239.1661
    237.1661
    234.9661
    232.8661
    230.8661
    228.7661
    226.6661
    224.5661
    222.3661
    219.8661
    216.9661
    213.7661
    210.4661
    207.2661
    204.2661
    201.6661
    199.2661
    197.0661
    195.5661
    195.0661
    194.8661
    193.4874
    190.2812
    187.5123
    186.7449
    183.2049
    176.6498
    175.7647
    163.9098
    149.9966
