 Adiabat temperature at each level [K]
    364.8932
    356.5954
    348.4207
    340.5540
    332.9327
    325.4907
    318.1592
    310.8703
    303.5607
    296.1772
    288.6838
    281.0668
    273.3668
    265.6118
    257.7853
    249.9206
    242.0783
    234.2930
    226.5780
    218.9330
    211.3511
    203.8225
    196.3373
    188.8868
    181.4635
    174.0620
    166.6779
    159.3085
    152.8119
    149.9966
    149.9966
    149.9966
    149.9966
    149.9966
    149.9966
    149.9966
    149.9966
    149.9966
    149.9966
    149.9966
    149.9966
    149.9966
    149.9966
    149.9966
    149.9966
    149.9966
    149.9966
    149.9966
    149.9966
    149.9966
    149.9966
