 Surface temperature vs. time [K]
    269.8065
    279.8065
    284.8065
    288.1399
    290.6399
    292.6399
    294.5510
    296.4511
    298.2052
    299.8306
    301.3413
    302.7406
    304.0365
    305.2352
    306.3458
    307.3746
    308.3241
    309.2002
    310.0103
    310.7555
    311.4413
    312.0730
    312.6533
    313.1847
    313.6711
    314.1171
    314.5253
    314.8977
    315.2479
    315.5901
    315.9179
    316.2329
    316.5397
    316.8376
    317.1253
    317.4051
    317.6773
    317.9406
    318.1976
    318.4476
    318.6910
    318.9287
    319.1605
    319.3859
    319.6068
    319.8233
    320.0334
    320.2392
    320.4410
    320.6383
    320.8316
    321.0213
    321.2064
    321.3881
    321.5664
    321.7416
    321.9135
    322.0820
    322.2470
    322.4101
    322.5708
    322.7277
    322.8819
    323.0336
    323.1834
    323.3303
    323.4753
    323.6179
    323.7582
    323.8960
    324.0326
    324.1663
    324.2987
    324.4289
    324.5574
    324.6839
    324.8092
    324.9321
    325.0539
    325.1739
    325.2923
    325.4093
    325.5252
    325.6389
    325.7513
    325.8625
    325.9725
    326.0806
    326.1879
    326.2938
    326.3984
    326.5019
    326.6046
    326.7054
    326.8059
    326.9047
    327.0025
    327.0994
    327.1954
    327.2902
    327.3842
    327.4781
    327.5725
    327.6670
    327.7612
    327.8551
    327.9495
    328.0438
    328.1377
    328.2323
    328.3267
    328.4206
    328.5148
    328.6094
    328.7034
    328.7976
    328.8918
    328.9863
    329.0806
    329.1752
    329.2692
    329.3638
    329.4579
    329.5523
    329.6465
    329.7410
    329.8348
    329.9291
    330.0234
    330.1175
    330.2111
    330.3053
    330.3998
    330.4940
    330.5877
    330.6819
    330.7761
    330.8698
    330.9636
    331.0579
    331.1518
    331.2456
    331.3392
    331.4329
    331.5263
    331.6199
    331.7139
    331.8078
    331.9016
    331.9952
    332.0884
    332.1827
    332.2763
    332.3700
    332.4635
    332.5577
    332.6509
    332.7441
    332.8382
    332.9327
    333.0257
    333.1187
    333.2125
    333.3068
    333.4007
    333.4935
    333.5874
    333.6813
    333.7751
    333.8688
    333.9623
    334.0559
    334.1497
    334.2432
    334.3366
    334.4301
    334.5242
    334.6180
    334.7113
    334.8051
    334.8987
    334.9925
    335.0864
    335.1796
    335.2730
    335.3671
    335.4606
    335.5548
    335.6481
    335.7413
    335.8348
    335.9288
    336.0229
    336.1159
    336.2096
    336.3041
    336.3977
    336.4909
    336.5850
    336.6787
    336.7721
    336.8660
    336.9599
    337.0538
    337.1479
    337.2416
    337.3360
    337.4298
    337.5232
    337.6167
    337.7101
    337.8045
    337.8988
    337.9921
    338.0857
    338.1798
    338.2738
    338.3679
    338.4617
    338.5552
    338.6498
    338.7441
    338.8378
    338.9316
    339.0252
    339.1188
    339.2127
    339.3076
    339.4010
    339.4945
    339.5885
    339.6832
    339.7770
    339.8707
    339.9650
    340.0587
    340.1520
    340.2459
    340.3400
    340.4337
    340.5274
    340.6216
    340.7162
    340.8101
    340.9035
    340.9973
    341.0916
    341.1858
    341.2796
    341.3736
    341.4675
    341.5618
    341.6559
    341.7494
    341.8437
    341.9380
    342.0324
    342.1259
    342.2197
    342.3147
    342.4087
    342.5021
    342.5964
    342.6911
    342.7849
    342.8780
    342.9721
    343.0664
    343.1610
    343.2553
    343.3489
    343.4434
    343.5378
    343.6319
    343.7270
    343.8217
    343.9156
    344.0096
    344.1039
    344.1981
    344.2922
    344.3862
    344.4802
    344.5751
    344.6699
    344.7634
    344.8580
    344.9529
    345.0460
    345.1403
    345.2352
    345.3295
    345.4234
    345.5172
    345.6118
    345.7072
    345.8014
    345.8953
    345.9904
    346.0842
    346.1788
    346.2742
    346.3686
    346.4629
    346.5569
    346.6515
    346.7464
    346.8412
    346.9343
    347.0285
    347.1234
    347.2179
    347.3127
    347.4069
    347.5010
    347.5951
    347.6896
    347.7835
    347.8775
    347.9719
    348.0666
    348.1616
    348.2558
    348.3503
    348.4451
    348.5402
    348.6344
    348.7286
    348.8227
    348.9174
    349.0125
    349.1062
    349.2007
    349.2954
    349.3898
    349.4844
    349.5793
    349.6739
    349.7682
    349.8625
    349.9576
    350.0520
    350.1463
    350.2410
    350.3357
    350.4296
    350.5241
    350.6191
    350.7137
    350.8077
    350.9020
    350.9966
    351.0910
    351.1860
    351.2806
    351.3750
    351.4692
    351.5635
    351.6582
    351.7533
    351.8477
    351.9414
    352.0364
    352.1319
    352.2265
    352.3202
    352.4139
    352.5088
    352.6044
    352.6986
    352.7933
    352.8882
    352.9821
    353.0770
    353.1726
    353.2669
    353.3612
    353.4560
    353.5513
    353.6452
    353.7397
    353.8350
    353.9293
    354.0238
    354.1189
    354.2134
    354.3081
    354.4033
    354.4989
    354.5936
    354.6880
    354.7828
    354.8779
    354.9730
    355.0679
    355.1632
    355.2579
    355.3524
    355.4471
    355.5424
    355.6374
    355.7318
    355.8265
    355.9221
    356.0170
    356.1116
    356.2068
    356.3015
    356.3964
    356.4915
    356.5869
    356.6822
    356.7663
    356.8618
    356.9618
    357.0618
    357.1534
    357.2424
    357.3397
    357.4387
    357.5328
    357.6258
    357.7221
    357.8181
    357.9125
    358.0068
    358.1026
    358.1981
    358.2933
    358.3883
    358.4832
    358.5788
    358.6749
    358.7697
    358.8647
    358.9599
    359.0558
    359.1509
    359.2464
    359.3421
    359.4375
    359.5321
    359.6277
    359.7226
    359.8177
    359.9131
    360.0092
    360.1048
    360.1999
    360.2948
    360.3901
    360.4855
    360.5816
    360.6775
    360.7728
    360.8681
    360.9640
    361.0596
    361.1545
    361.2500
    361.3461
    361.4418
    361.5373
    361.6335
    361.7292
    361.8246
    361.9199
    362.0157
    362.1116
    362.2069
    362.3024
    362.3980
    362.4939
    362.5890
    362.6847
    362.7730
    362.8691
    362.9686
    363.0638
    363.1566
    363.2531
    363.3505
    363.4460
    363.5405
    363.6369
    363.7335
    363.8294
    363.9249
    364.0210
    364.1173
    364.2127
    364.3089
    364.4054
    364.5009
    364.5966
    364.6929
    364.7894
    364.8851
    364.9804
    365.0769
