 Rayleigh Transmission
                          0.9999999999999999E+00
                          0.9999999999999896E+00
                          0.9999999999999890E+00
                          0.9999999999999254E+00
                          0.9999999999997867E+00
                          0.9999999999998852E+00
                          0.9999999999993193E+00
                          0.9999999999999168E+00
                          0.9999999999999640E+00
                          0.9999999999997391E+00
                          0.9999999999999840E+00
                          0.9999999999938539E+00
                          0.9999999999964987E+00
                          0.9999999999999654E+00
                          0.9999999999999540E+00
                          0.9999999999999390E+00
                          0.9999999999999218E+00
                          0.9999999999998979E+00
                          0.9999999999998750E+00
                          0.9999999999998426E+00
                          0.9999999999998092E+00
                          0.9999999999997652E+00
                          0.9999999999995716E+00
                          0.9999999999965021E+00
                          0.9999999990249047E+00
                          0.9999999906238789E+00
                          0.9999989053176811E+00
                          0.9999916854187768E+00
                          0.9999999799143829E+00
                          0.9999999985738234E+00
                          0.9999999991333340E+00
                          0.9999999999988899E+00
                          0.9999999999986009E+00
                          0.9999999999985932E+00
                          0.9999999999984071E+00
                          0.9999999999982209E+00
                          0.9999999999980087E+00
                          0.9999999999977781E+00
                          0.9999999999974698E+00
                          0.9999999999972465E+00
                          0.9999999999969664E+00
                          0.9999999999966513E+00
                          0.9999999999962778E+00
                          0.9999999999958938E+00
                          0.9999999999955603E+00
                          0.9999999999951432E+00
                          0.9999999999946974E+00
                          0.9999999999942214E+00
                          0.9999999999937140E+00
                          0.9999999999926941E+00
                          0.9999999999393014E+00
                          0.9999999999743088E+00
                          0.9999999897614692E+00
                          0.9999999999893269E+00
                          0.9999999999652217E+00
                          0.9999999999323389E+00
                          0.9999999999878941E+00
                          0.9999999999875067E+00
                          0.9999999999866072E+00
                          0.9999999999856596E+00
                          0.9999999999846622E+00
                          0.9999999999836150E+00
                          0.9999999999825131E+00
                          0.9999999999812531E+00
                          0.9999999999801493E+00
                          0.9999999999788745E+00
                          0.9999999999774747E+00
                          0.9999999999761554E+00
                          0.9999999999746959E+00
                          0.9999999999731847E+00
                          0.9999999999715981E+00
                          0.9999999999699409E+00
                          0.9999999999682120E+00
                          0.9999999999555889E+00
                          0.9999999999633815E+00
                          0.9999999607799566E+00
                          0.9998798914089476E+00
                          0.9999999997857576E+00
                          0.9999999999428543E+00
                          0.9999999999535710E+00
                          0.9999999999504328E+00
                          0.9999999977572256E+00
                          0.9999999962939359E+00
                          0.9999974323984896E+00
                          0.9999990105306397E+00
                          0.9999999999370180E+00
                          0.9999999999353102E+00
                          0.9999999999322623E+00
                          0.9999999999290923E+00
                          0.9999999999080593E+00
                          0.9999999815495720E+00
                          0.9994189155912299E+00
                          0.9978961417093762E+00
                          0.9999678008154538E+00
                          0.9999630286369865E+00
                          0.9999992773915199E+00
                          0.9999999998697374E+00
                          0.9999999998953361E+00
                          0.9999999998909137E+00
                          0.9999999998488116E+00
                          0.9999999996016584E+00
                          0.9999999998728438E+00
                          0.9999999998713119E+00
                          0.9999999830890153E+00
                          0.9999999997716424E+00
                          0.9999999997170695E+00
                          0.9999999998483753E+00
                          0.9999999998450616E+00
                          0.9999999998391635E+00
                          0.9999999998328458E+00
                          0.9999999998224057E+00
                          0.9999999998196893E+00
                          0.9999999998140099E+00
                          0.9999999998072996E+00
                          0.9999999998003902E+00
                          0.9999999997932959E+00
                          0.9999999997860133E+00
                          0.9999999997785425E+00
                          0.9999999997708654E+00
                          0.9999999997594806E+00
                          0.9999999975919434E+00
                          0.9999999997464881E+00
                          0.9999999997382042E+00
                          0.9999999997277427E+00
                          0.9999999997206073E+00
                          0.9999999946799709E+00
                          0.9999999997018526E+00
                          0.9999999996924180E+00
                          0.9999999996809189E+00
                          0.9999999996727659E+00
                          0.9999999996625024E+00
                          0.9999999996518337E+00
                          0.9999999996400670E+00
                          0.9999999854537992E+00
                          0.9999999950103023E+00
                          0.9999999996073395E+00
                          0.9999999995957223E+00
                          0.9999999995313833E+00
                          0.9999999995699105E+00
                          0.9999999995255147E+00
                          0.9999999986676342E+00
                          0.9999999972015983E+00
                          0.9999991288614281E+00
                          0.9999999762330343E+00
                          0.9999990266473802E+00
                          0.9999986032687008E+00
                          0.9999999931071879E+00
                          0.9999743352449361E+00
                          0.9999991221053862E+00
                          0.9999982850286178E+00
                          0.9999999983208069E+00
                          0.9999999993857518E+00
                          0.9999999993689555E+00
                          0.9999999993506753E+00
                          0.9999999897476449E+00
                          0.9999999993175460E+00
                          0.9999999993000428E+00
                          0.9999999992821914E+00
                          0.9999999992637462E+00
                          0.9999999992422097E+00
                          0.9999999975931069E+00
                          0.9999999991989243E+00
                          0.9999999991863412E+00
                          0.9999999991660691E+00
                          0.9999999991454208E+00
                          0.9999999991243912E+00
                          0.9999994856991300E+00
                          0.9999999990811133E+00
                          0.9999999990589181E+00
                          0.9999999990363679E+00
                          0.9999999990133627E+00
                          0.9999999989899476E+00
                          0.9999999989661182E+00
                          0.9999999989418642E+00
                          0.9999999989171863E+00
                          0.9999999988896735E+00
                          0.9999999988665484E+00
                          0.9999934744773159E+00
                          0.9999999988141610E+00
                          0.9999999987708017E+00
                          0.9999999987592249E+00
                          0.9999999987320138E+00
                          0.9999999987039317E+00
                          0.9999999956753198E+00
                          0.9999999986444791E+00
                          0.9999999984895969E+00
                          0.9998822583422173E+00
                          0.9999999985515905E+00
                          0.9999999985239783E+00
                          0.9999999984806616E+00
                          0.9999999983112838E+00
                          0.9999999983494182E+00
                          0.9999999983249764E+00
                          0.9999999908763381E+00
                          0.9999999975389730E+00
                          0.9999999889865717E+00
                          0.9999999924956041E+00
                          0.9999858691512167E+00
                          0.9999999826098075E+00
                          0.9999999757137716E+00
                          0.9999999763539025E+00
                          0.9999999980533805E+00
                          0.9999999979938385E+00
                          0.9999999970834234E+00
                          0.9999987226584750E+00
                          0.9999999976843897E+00
                          0.9999999978728746E+00
                          0.9999999978312469E+00
                          0.9999999977891596E+00
                          0.9999999977462254E+00
                          0.9999999977005843E+00
                          0.9999999976576363E+00
                          0.9999999975593697E+00
                          0.9999999974912533E+00
                          0.9999999975229357E+00
                          0.9999999974763087E+00
                          0.9999999974285243E+00
                          0.9999999973810993E+00
                          0.9999999973325402E+00
                          0.9999999972832673E+00
                          0.9999999972333149E+00
                          0.9999999971826741E+00
                          0.9999999971313467E+00
                          0.9999999970793179E+00
                          0.9999999970265852E+00
                          0.9999999969731418E+00
                          0.9999999969189627E+00
                          0.9999999968638900E+00
                          0.9999999968084772E+00
                          0.9999999967521264E+00
                          0.9999999966950364E+00
                          0.9999999966371682E+00
                          0.9999999965785685E+00
                          0.9999999965170673E+00
                          0.9999999964587816E+00
                          0.9999999962049789E+00
                          0.9999999963364771E+00
                          0.9999999962739665E+00
                          0.9999999950600811E+00
                          0.9999999960549467E+00
                          0.9999999960812651E+00
                          0.9999999730055797E+00
                          0.9999999959467618E+00
                          0.9999999958644663E+00
                          0.9999999958121225E+00
                          0.9999999957408094E+00
                          0.9999999956727931E+00
                          0.9999999806392565E+00
                          0.9999999955018932E+00
                          0.9999999952742638E+00
                          0.9999999953266768E+00
                          0.9999999953055302E+00
                          0.9999999952327785E+00
                          0.9999999004421909E+00
                          0.9999999946853094E+00
                          0.9999999950047155E+00
                          0.9999999949277578E+00
                          0.9999999948482156E+00
                          0.9999999947664377E+00
                          0.9999999946821253E+00
                          0.9999999945784828E+00
                          0.9999999945168134E+00
                          0.9999999944341411E+00
                          0.9999999943500941E+00
                          0.9999999942636874E+00
                          0.9999999941762870E+00
                          0.9999999940815774E+00
                          0.9999999938358146E+00
                          0.9999999938379647E+00
                          0.9999999938165350E+00
                          0.9999999936814545E+00
                          0.9999999936274170E+00
                          0.9999999935361441E+00
                          0.9999999934406875E+00
                          0.9999999932456598E+00
                          0.9999999932057132E+00
                          0.9999999931374595E+00
                          0.9999999929848056E+00
                          0.9999999923515969E+00
                          0.9999999913130935E+00
                          0.9999999927385838E+00
                          0.9999999926374882E+00
                          0.9999999925321305E+00
                          0.9999999924256638E+00
                          0.9999999923180535E+00
                          0.9999999922091192E+00
                          0.9999999920993914E+00
                          0.9999999855771858E+00
                          0.9999999918760981E+00
                          0.9999999917626938E+00
                          0.9999999916480989E+00
                          0.9999999915316119E+00
                          0.9999999903577618E+00
                          0.9999999912958417E+00
                          0.9999999911775953E+00
                          0.9999999910571152E+00
                          0.9999999909327496E+00
                          0.9999999908121278E+00
                          0.9999999906844164E+00
                          0.9999999905597433E+00
                          0.9999999904353212E+00
                          0.9999999903071558E+00
                          0.9999999901777273E+00
                          0.9999999900410778E+00
                          0.9999999899023735E+00
                          0.9999999897807269E+00
                          0.9999999896422284E+00
                          0.9999999895110188E+00
                          0.9999999893736301E+00
                          0.9999999890156664E+00
                          0.9999999890944532E+00
                          0.9999999889536637E+00
                          0.9999999888109207E+00
                          0.9999999886667988E+00
                          0.9999999885212613E+00
                          0.9999999883743429E+00
                          0.9999999882257096E+00
                          0.9999999880759154E+00
                          0.9999999879250823E+00
                          0.9999999877723581E+00
                          0.9999999876182998E+00
                          0.9999999874630873E+00
                          0.9999999873055389E+00
                          0.9999999870664085E+00
                          0.9999999869790329E+00
                          0.9999999866985145E+00
                          0.9999999866634809E+00
                          0.9999999861928226E+00
                          0.9999276751846004E+00
                          0.9999999861650679E+00
                          0.9999999859967664E+00
                          0.9999999858100994E+00
                          0.9999999855188917E+00
                          0.9999999854808916E+00
                          0.9999999853057578E+00
                          0.9999999851290083E+00
                          0.9999999849506706E+00
                          0.9999999847707323E+00
                          0.9999999845891846E+00
                          0.9999999844059667E+00
                          0.9999999842212252E+00
                          0.9999999840347902E+00
                          0.9999999838467152E+00
                          0.9999999836569781E+00
                          0.9999999834655788E+00
                          0.9999999832725006E+00
                          0.9999999830776876E+00
                          0.9999999813723541E+00
                          0.9999999826787362E+00
                          0.9999999824832220E+00
                          0.9999999822816219E+00
                          0.9999999820782804E+00
                          0.9999999818731833E+00
                          0.9999999795518032E+00
                          0.9999999814576257E+00
                          0.9999999812473612E+00
                          0.9999999810351936E+00
                          0.9999999808211695E+00
                          0.9999999714156859E+00
                          0.9999999803878286E+00
                          0.9999999801684684E+00
                          0.9999999799472229E+00
                          0.9999999795637811E+00
                          0.9999999794991834E+00
                          0.9999999792723686E+00
                          0.9999999790436680E+00
                          0.9999999788130914E+00
                          0.9999999785806232E+00
                          0.9999999783462390E+00
                          0.9999999781099370E+00
                          0.9999999777982179E+00
                          0.9999999776315249E+00
                          0.9999999773893772E+00
                          0.9999999771453326E+00
                          0.9999999768992740E+00
                          0.9999999765011484E+00
                          0.9999999763976476E+00
                          0.9999999761491986E+00
                          0.9999999758951532E+00
                          0.9999999756390746E+00
                          0.9999999753800582E+00
                          0.9999999751125386E+00
                          0.9999999748586472E+00
                          0.9999999745943812E+00
                          0.9999999743278791E+00
                          0.9999999740594623E+00
                          0.9999999737890611E+00
                          0.9999999735164223E+00
                          0.9999999732416560E+00
                          0.9999999729647572E+00
                          0.9999999726857148E+00
                          0.9999999724045174E+00
                          0.9999999721211554E+00
                          0.9999999718356160E+00
                          0.9999999715478803E+00
                          0.9999999712579631E+00
                          0.9999999709658272E+00
                          0.9999999706714698E+00
                          0.9999999703748799E+00
                          0.9999999700760460E+00
                          0.9999999697749572E+00
                          0.9999999694716016E+00
                          0.9999999691659677E+00
                          0.9999999688580465E+00
                          0.9999999685478238E+00
                          0.9999999682352890E+00
                          0.9999999679204308E+00
                          0.9999999676032351E+00
                          0.9999999672836957E+00
                          0.9999999669618006E+00
                          0.9999999666354802E+00
                          0.9999999663104191E+00
                          0.9999999659818442E+00
                          0.9999999656503975E+00
                          0.9999999653165365E+00
                          0.9999999649802477E+00
                          0.9999999646415183E+00
                          0.9999999643003377E+00
                          0.9999999639566949E+00
                          0.9999999636105648E+00
                          0.9999999632619379E+00
                          0.9999999629108669E+00
                          0.9999999625572363E+00
                          0.9999999621096992E+00
                          0.9999999618408616E+00
                          0.9999999614812094E+00
                          0.9999999611174482E+00
                          0.9999999607510983E+00
                          0.9999999603821245E+00
                          0.9999999600090732E+00
                          0.9999999596322029E+00
                          0.9999999592587439E+00
                          0.9999999588802964E+00
                          0.9999999583181585E+00
                          0.9999999580668982E+00
                          0.9999999577263239E+00
                          0.9999999573362933E+00
                          0.9999999569435714E+00
                          0.9999999565481433E+00
                          0.9999999561498529E+00
                          0.9999999557491233E+00
                          0.9999999553455060E+00
                          0.9999999549391337E+00
                          0.9999999545299942E+00
                          0.9999999541180749E+00
                          0.9999999537004918E+00
                          0.9999999532858445E+00
                          0.9999999528655110E+00
                          0.9999999524423474E+00
                          0.9999999520163398E+00
                          0.9999999515874767E+00
                          0.9999999511557450E+00
                          0.9999999507211322E+00
                          0.9999999502836255E+00
                          0.9999999498432122E+00
                          0.9999999493998484E+00
                          0.9999999489536124E+00
                          0.9999999485044017E+00
                          0.9999999480522080E+00
                          0.9999999475970393E+00
                          0.9999999471387916E+00
                          0.9999999466778463E+00
                          0.9999999462137139E+00
                          0.9999999457465583E+00
                          0.9999999452763660E+00
                          0.9999999448031243E+00
                          0.9999999443268197E+00
                          0.9999999438474392E+00
                          0.9999999433649005E+00
                          0.9999999428793971E+00
                          0.9999999423907094E+00
                          0.9999999418988926E+00
                          0.9999999414039334E+00
                          0.9999999409058187E+00
                          0.9999999404045348E+00
                          0.9999999399000594E+00
                          0.9999999393924007E+00
                          0.9999999388815344E+00
                          0.9999999383674399E+00
                          0.9999999378501090E+00
                          0.9999999373295280E+00
                          0.9999999368056497E+00
                          0.9999999362785592E+00
                          0.9999999357481484E+00
                          0.9999999352144326E+00
                          0.9999999346773977E+00
                          0.9999999341370307E+00
                          0.9999999335933177E+00
                          0.9999999330462461E+00
                          0.9999999324958010E+00
                          0.9999999319419687E+00
                          0.9999999313847355E+00
                          0.9999999308240874E+00
                          0.9999999302600057E+00
                          0.9999999296924912E+00
                          0.9999999291215151E+00
                          0.9999999285470682E+00
                          0.9999999279691366E+00
                          0.9999999273877035E+00
                          0.9999999268027632E+00
                          0.9999999262142929E+00
                          0.9999999256222811E+00
                          0.9999999250267113E+00
                          0.9999999244275786E+00
                          0.9999999238248583E+00
                          0.9999999232185400E+00
                          0.9999999226086009E+00
                          0.9999999219945458E+00
                          0.9999999213778548E+00
                          0.9999999207570016E+00
                          0.9999999201324681E+00
                          0.9999999195032776E+00
                          0.9999999188723654E+00
                          0.9999999182367464E+00
                          0.9999999175973996E+00
                          0.9999999169543106E+00
                          0.9999999163074647E+00
                          0.9999999156568475E+00
                          0.9999999150024445E+00
                          0.9999999143442405E+00
                          0.9999999136822213E+00
                          0.9999999130163719E+00
                          0.9999999123466777E+00
                          0.9999999116731241E+00
                          0.9999999109956959E+00
                          0.9999999103143785E+00
                          0.9999999096291570E+00
                          0.9999999089400163E+00
                          0.9999999082469422E+00
                          0.9999999075498812E+00
                          0.9999999068489320E+00
                          0.9999999061439663E+00
                          0.9999999054350066E+00
                          0.9999999047220358E+00
                          0.9999999040050458E+00
                          0.9999999032840142E+00
                          0.9999999025589286E+00
                          0.9999999018297734E+00
                          0.9999999010965337E+00
                          0.9999999003591942E+00
                          0.9999998996177396E+00
                          0.9999998988721546E+00
                          0.9999998981224238E+00
                          0.9999998973685323E+00
                          0.9999998966104644E+00
                          0.9999998958264972E+00
                          0.9999998950817379E+00
                          0.9999998943110483E+00
                          0.9999998935361206E+00
                          0.9999998927569392E+00
                          0.9999998919734890E+00
                          0.9999998911857531E+00
                          0.9999998903937171E+00
                          0.9999998895973570E+00
                          0.9999998887966839E+00
                          0.9999998879916516E+00
                          0.9999998871822600E+00
                          0.9999998863684579E+00
                          0.9999998855503167E+00
                          0.9999998847277450E+00
                          0.9999998839007422E+00
                          0.9999998830692970E+00
                          0.9999998822333934E+00
                          0.9999998813928574E+00
                          0.9999998805481406E+00
                          0.9999998796987809E+00
                          0.9999998788448877E+00
                          0.9999998779864568E+00
                          0.9999998771234725E+00
                          0.9999998762559182E+00
                          0.9999998753837781E+00
                          0.9999998745070360E+00
                          0.9999998736256758E+00
                          0.9999998727396812E+00
                          0.9999998718490360E+00
                          0.9999998709537237E+00
                          0.9999998700537279E+00
                          0.9999998691490312E+00
                          0.9999998682396246E+00
                          0.9999998673254825E+00
                          0.9999998664065919E+00
                          0.9999998654829365E+00
                          0.9999998645544997E+00
                          0.9999998636212651E+00
                          0.9999998626832164E+00
                          0.9999998617403366E+00
                          0.9999998607926097E+00
                          0.9999998598400188E+00
                          0.9999998588825473E+00
                          0.9999998579201785E+00
                          0.9999998569528959E+00
                          0.9999998559806829E+00
                          0.9999998550035224E+00
                          0.9999998540213978E+00
                          0.9999998530342925E+00
                          0.9999998520421894E+00
                          0.9999998510450719E+00
                          0.9999998500429230E+00
                          0.9999998490357259E+00
                          0.9999998480234616E+00
                          0.9999998470060898E+00
                          0.9999998459836756E+00
                          0.9999998449561159E+00
                          0.9999998439234230E+00
                          0.9999998428855794E+00
                          0.9999998418425636E+00
                          0.9999998407943748E+00
                          0.9999998397409783E+00
                          0.9999998386823628E+00
                          0.9999998376185109E+00
                          0.9999998365494019E+00
                          0.9999998354750324E+00
                          0.9999998343950582E+00
                          0.9999998333104013E+00
                          0.9999998322201112E+00
                          0.9999998311244809E+00
                          0.9999998300234939E+00
                          0.9999998289171319E+00
                          0.9999998278053777E+00
                          0.9999998266882139E+00
                          0.9999998255656228E+00
                          0.9999998244375872E+00
                          0.9999998233040710E+00
                          0.9999998221651113E+00
                          0.9999998210206360E+00
                          0.9999998198706455E+00
                          0.9999998187151220E+00
                          0.9999998175540480E+00
                          0.9999998163874056E+00
                          0.9999998152151772E+00
                          0.9999998140373449E+00
                          0.9999998128538908E+00
                          0.9999998116647898E+00
                          0.9999998104700439E+00
                          0.9999998092696194E+00
                          0.9999998080634995E+00
                          0.9999998068516670E+00
                          0.9999998056341076E+00
                          0.9999998044107997E+00
                          0.9999998031817264E+00
                          0.9999998019468695E+00
                          0.9999998007062111E+00
                          0.9999997994597329E+00
                          0.9999997982074168E+00
                          0.9999997969492437E+00
                          0.9999997956851979E+00
                          0.9999997944152587E+00
                          0.9999997931394086E+00
                          0.9999997918576292E+00
                          0.9999997905699024E+00
                          0.9999997892762096E+00
                          0.9999997879765324E+00
                          0.9999997866708523E+00
                          0.9999997853591515E+00
                          0.9999997840414108E+00
                          0.9999997827176118E+00
                          0.9999997813877353E+00
                          0.9999997800517652E+00
                          0.9999997787096803E+00
                          0.9999997773614628E+00
                          0.9999997760070938E+00
                          0.9999997746465555E+00
                          0.9999997732798289E+00
                          0.9999997719068946E+00
                          0.9999997705277343E+00
                          0.9999997691423290E+00
                          0.9999997677506601E+00
                          0.9999997663527087E+00
                          0.9999997649484558E+00
                          0.9999997632327623E+00
                          0.9999997621209702E+00
                          0.9999997606976995E+00
                          0.9999997592680516E+00
                          0.9999997578320075E+00
                          0.9999997563895481E+00
                          0.9999997549406543E+00
                          0.9999997534853070E+00
                          0.9999997520234871E+00
                          0.9999997505551754E+00
                          0.9999997490803528E+00
                          0.9999997475989958E+00
                          0.9999997461110979E+00
                          0.9999997436270238E+00
                          0.9999997431155681E+00
                          0.9999997416079017E+00
                          0.9999997400936087E+00
                          0.9999997385726695E+00
                          0.9999997370450652E+00
                          0.9999997355107756E+00
                          0.9999997339697817E+00
                          0.9999997324220637E+00
                          0.9999997308676023E+00
                          0.9999997293063780E+00
                          0.9999997277383709E+00
                          0.9999997261635617E+00
                          0.9999997245819308E+00
                          0.9999997229934576E+00
                          0.9999997213981243E+00
                          0.9999997197959095E+00
                          0.9999997181867937E+00
                          0.9999997165707576E+00
                          0.9999997149477814E+00
                          0.9999997133178449E+00
                          0.9999997116809283E+00
                          0.9999997100370096E+00
                          0.9999997083860752E+00
                          0.9999997067280990E+00
                          0.9999997050630629E+00
                          0.9999997029361869E+00
                          0.9999997017117312E+00
                          0.9999997000253955E+00
                          0.9999996983319195E+00
                          0.9999996966312840E+00
                          0.9999996949234677E+00
                          0.9999996932084511E+00
                          0.9999996914862137E+00
                          0.9999996897567354E+00
                          0.9999996880199958E+00
                          0.9999996862759748E+00
                          0.9999996845246519E+00
                          0.9999996827660068E+00
                          0.9999996810000192E+00
                          0.9999996792266687E+00
                          0.9999996774459347E+00
                          0.9999996756577967E+00
                          0.9999996738622345E+00
                          0.9999996720592239E+00
                          0.9999996702487548E+00
                          0.9999996684307962E+00
                          0.9999996666053310E+00
                          0.9999996647723385E+00
                          0.9999996629317981E+00
                          0.9999996610836770E+00
                          0.9999996592279907E+00
                          0.9999996573646823E+00
                          0.9999996554937429E+00
                          0.9999996536123975E+00
                          0.9999996517288332E+00
                          0.9999996498349316E+00
                          0.9999996479332606E+00
                          0.9999996460238543E+00
                          0.9999996441066918E+00
                          0.9999996421817523E+00
                          0.9999996402490147E+00
                          0.9999996383084579E+00
                          0.9999996363600610E+00
                          0.9999996344038028E+00
                          0.9999996324396622E+00
                          0.9999996304676180E+00
                          0.9999996284876490E+00
                          0.9999996264997342E+00
                          0.9999996245038515E+00
                          0.9999996224999819E+00
                          0.9999996204881018E+00
                          0.9999996184681906E+00
                          0.9999996164402272E+00
                          0.9999996144041899E+00
                          0.9999996123600576E+00
                          0.9999996103078088E+00
                          0.9999996082474218E+00
                          0.9999996061788755E+00
                          0.9999996041021481E+00
                          0.9999996020172182E+00
                          0.9999995999240640E+00
                          0.9999995978226642E+00
                          0.9999995957129968E+00
                          0.9999995935950409E+00
                          0.9999995914687739E+00
                          0.9999995893341747E+00
                          0.9999995871912213E+00
                          0.9999995850398919E+00
                          0.9999995828801649E+00
                          0.9999995807120182E+00
                          0.9999995785354303E+00
                          0.9999995763503791E+00
                          0.9999995741568426E+00
                          0.9999995719547992E+00
                          0.9999995697442264E+00
                          0.9999995675251028E+00
                          0.9999995652974060E+00
                          0.9999995630611140E+00
                          0.9999995608162048E+00
                          0.9999995585626562E+00
                          0.9999995563004462E+00
                          0.9999995540295525E+00
                          0.9999995517499510E+00
                          0.9999995494616255E+00
                          0.9999995471645476E+00
                          0.9999995448586971E+00
                          0.9999995425440518E+00
                          0.9999995402205889E+00
                          0.9999995378882870E+00
                          0.9999995355471227E+00
                          0.9999995331970688E+00
                          0.9999995308381188E+00
                          0.9999995284702340E+00
                          0.9999995260933974E+00
                          0.9999995237075864E+00
                          0.9999995213127781E+00
                          0.9999995189089510E+00
                          0.9999995164960813E+00
                          0.9999995140741470E+00
                          0.9999995116431252E+00
                          0.9999995092029932E+00
                          0.9999995067537283E+00
                          0.9999995042953078E+00
                          0.9999995018277088E+00
                          0.9999994993509086E+00
                          0.9999994968648842E+00
                          0.9999994943696129E+00
                          0.9999994918650716E+00
                          0.9999994893512376E+00
                          0.9999994868280878E+00
                          0.9999994842955993E+00
                          0.9999994817537489E+00
                          0.9999994792025138E+00
                          0.9999994766418707E+00
                          0.9999994740717968E+00
                          0.9999994714922683E+00
                          0.9999994689032633E+00
                          0.9999994663047573E+00
                          0.9999994636967279E+00
                          0.9999994610791515E+00
                          0.9999994584520049E+00
                          0.9999994558152648E+00
                          0.9999994531689079E+00
                          0.9999994505129109E+00
                          0.9999994478472504E+00
                          0.9999994451719028E+00
                          0.9999994424868449E+00
                          0.9999994397920531E+00
                          0.9999994370875039E+00
                          0.9999994343731740E+00
                          0.9999994316490395E+00
                          0.9999994289150771E+00
                          0.9999994261712629E+00
                          0.9999994234175736E+00
                          0.9999994206539854E+00
                          0.9999994178804744E+00
                          0.9999994150970172E+00
                          0.9999994123035898E+00
                          0.9999994095001686E+00
                          0.9999994066867297E+00
                          0.9999994038632493E+00
                          0.9999994010297035E+00
                          0.9999993981860684E+00
                          0.9999993953323201E+00
                          0.9999993924684346E+00
                          0.9999993895943881E+00
                          0.9999993867101564E+00
                          0.9999993838157155E+00
                          0.9999993809110413E+00
                          0.9999993779961099E+00
                          0.9999993750708971E+00
                          0.9999993721353786E+00
                          0.9999993691895305E+00
                          0.9999993662333283E+00
                          0.9999993632667479E+00
                          0.9999993602897641E+00
                          0.9999993573023555E+00
                          0.9999993543044947E+00
                          0.9999993512961586E+00
                          0.9999993482773227E+00
                          0.9999993452479626E+00
                          0.9999993422080540E+00
                          0.9999993391575722E+00
                          0.9999993360964928E+00
                          0.9999993330247914E+00
                          0.9999993299424432E+00
                          0.9999993268494239E+00
                          0.9999993237457089E+00
                          0.9999993206312734E+00
                          0.9999993175060927E+00
                          0.9999993143701423E+00
                          0.9999993112233975E+00
                          0.9999993080658334E+00
                          0.9999993048974252E+00
                          0.9999993017181482E+00
                          0.9999992985279776E+00
                          0.9999992953268886E+00
                          0.9999992921148561E+00
                          0.9999992888918554E+00
                          0.9999992856578616E+00
                          0.9999992824128494E+00
                          0.9999992791567940E+00
                          0.9999992758896704E+00
                          0.9999992726114536E+00
                          0.9999992693221185E+00
                          0.9999992660216398E+00
                          0.9999992627099925E+00
                          0.9999992593871515E+00
                          0.9999992560530915E+00
                          0.9999992527077873E+00
                          0.9999992493512136E+00
                          0.9999992459833453E+00
                          0.9999992426041568E+00
                          0.9999992392136231E+00
                          0.9999992358117186E+00
                          0.9999992323984179E+00
                          0.9999992289736958E+00
                          0.9999992255375265E+00
                          0.9999992220898848E+00
                          0.9999992186307451E+00
                          0.9999992151600819E+00
                          0.9999992116778696E+00
                          0.9999992081840826E+00
                          0.9999992046786953E+00
                          0.9999992011616821E+00
                          0.9999991976330171E+00
                          0.9999991940926749E+00
                          0.9999991905406292E+00
                          0.9999991869768555E+00
                          0.9999991834013268E+00
                          0.9999991798140174E+00
                          0.9999991762149021E+00
                          0.9999991726039544E+00
                          0.9999991689811488E+00
                          0.9999991653464591E+00
                          0.9999991616998594E+00
                          0.9999991580413238E+00
                          0.9999991543708262E+00
                          0.9999991506883406E+00
                          0.9999991469938408E+00
                          0.9999991432873010E+00
                          0.9999991395686948E+00
                          0.9999991358379960E+00
                          0.9999991320951788E+00
                          0.9999991283402165E+00
                          0.9999991245730832E+00
                          0.9999991207937524E+00
                          0.9999991170021980E+00
                          0.9999991131983935E+00
                          0.9999991093823126E+00
                          0.9999991055539290E+00
                          0.9999991017132163E+00
                          0.9999990978601477E+00
                          0.9999990939946972E+00
                          0.9999990901168382E+00
                          0.9999990862265439E+00
                          0.9999990823237880E+00
                          0.9999990784085439E+00
                          0.9999990744807847E+00
                          0.9999990705404842E+00
                          0.9999990665876155E+00
                          0.9999990626221519E+00
                          0.9999990586440667E+00
                          0.9999990546533331E+00
                          0.9999990506499243E+00
                          0.9999990466338137E+00
                          0.9999990426049743E+00
                          0.9999990385633791E+00
                          0.9999990345090015E+00
                          0.9999990304418144E+00
                          0.9999990263617908E+00
                          0.9999990222689039E+00
                          0.9999990181631265E+00
                          0.9999990140444317E+00
                          0.9999990099127924E+00
                          0.9999990057681815E+00
                          0.9999990016105718E+00
                          0.9999989974399363E+00
                          0.9999989932562476E+00
                          0.9999989890594788E+00
                          0.9999989848496025E+00
                          0.9999989806265913E+00
                          0.9999989763904181E+00
                          0.9999989721410556E+00
                          0.9999989678784763E+00
                          0.9999989636026528E+00
                          0.9999989593135580E+00
                          0.9999989550111642E+00
                          0.9999989506954440E+00
                          0.9999989463663697E+00
                          0.9999989420239143E+00
                          0.9999989376680498E+00
                          0.9999989332987488E+00
                          0.9999989289159836E+00
                          0.9999989245197267E+00
                          0.9999989201099503E+00
                          0.9999989156866269E+00
                          0.9999989112497286E+00
                          0.9999989067992278E+00
                          0.9999989023350965E+00
                          0.9999988978573071E+00
                          0.9999988933658318E+00
                          0.9999988888606426E+00
                          0.9999988843417117E+00
                          0.9999988798090111E+00
                          0.9999988752625131E+00
                          0.9999988707021893E+00
                          0.9999988661280121E+00
                          0.9999988615399533E+00
                          0.9999988569379848E+00
                          0.9999988523220786E+00
                          0.9999988476922066E+00
                          0.9999988430483406E+00
                          0.9999988383904524E+00
                          0.9999988337185139E+00
                          0.9999988290324960E+00
                          0.9999988243323730E+00
                          0.9999988196181140E+00
                          0.9999988148896916E+00
                          0.9999988101470774E+00
                          0.9999988053902431E+00
                          0.9999988006191602E+00
                          0.9999987958338005E+00
                          0.9999987910341350E+00
                          0.9999987862201362E+00
                          0.9999987813917747E+00
                          0.9999987765490223E+00
                          0.9999987716918504E+00
                          0.9999987668202304E+00
                          0.9999987619341336E+00
                          0.9999987570335316E+00
                          0.9999987521183954E+00
                          0.9999987471886965E+00
                          0.9999987422444061E+00
                          0.9999987372854955E+00
                          0.9999987323119358E+00
                          0.9999987273236983E+00
                          0.9999987223207540E+00
                          0.9999987173030741E+00
                          0.9999987122706298E+00
                          0.9999987072233919E+00
                          0.9999987021613317E+00
                          0.9999986970844201E+00
                          0.9999986919926280E+00
                          0.9999986868859266E+00
                          0.9999986817642866E+00
                          0.9999986766276789E+00
                          0.9999986714760746E+00
                          0.9999986663094441E+00
                          0.9999986611277587E+00
                          0.9999986559309889E+00
                          0.9999986507191054E+00
                          0.9999986454920792E+00
                          0.9999986402498807E+00
                          0.9999986349924808E+00
                          0.9999986297198500E+00
                          0.9999986244319590E+00
                          0.9999986191287783E+00
                          0.9999986138102785E+00
                          0.9999986084764302E+00
                          0.9999986031272037E+00
                          0.9999985977625697E+00
                          0.9999985923824984E+00
                          0.9999985869869605E+00
                          0.9999985815759261E+00
                          0.9999985761493658E+00
                          0.9999985707072498E+00
                          0.9999985652495484E+00
                          0.9999985597762320E+00
                          0.9999985542872707E+00
                          0.9999985487826346E+00
                          0.9999985432622942E+00
                          0.9999985377262194E+00
                          0.9999985321743805E+00
                          0.9999985266067410E+00
                          0.9999985210232907E+00
                          0.9999985154239798E+00
                          0.9999985098087849E+00
                          0.9999985041776761E+00
                          0.9999984985306234E+00
                          0.9999984928675966E+00
                          0.9999984871885657E+00
                          0.9999984814935005E+00
                          0.9999984757823709E+00
                          0.9999984700551466E+00
                          0.9999984643117976E+00
                          0.9999984585522936E+00
                          0.9999984527766043E+00
                          0.9999984469846993E+00
                          0.9999984411765485E+00
                          0.9999984353521213E+00
                          0.9999984295113875E+00
                          0.9999984236543166E+00
                          0.9999984177808782E+00
                          0.9999984118910419E+00
                          0.9999984059847771E+00
                          0.9999984000620533E+00
                          0.9999983941228400E+00
                          0.9999983881671066E+00
                          0.9999983821948225E+00
                          0.9999983762059571E+00
                          0.9999983702004797E+00
                          0.9999983641783595E+00
                          0.9999983581395661E+00
                          0.9999983520840683E+00
                          0.9999983460118357E+00
                          0.9999983399228373E+00
                          0.9999983338170424E+00
                          0.9999983276944200E+00
                          0.9999983215549393E+00
                          0.9999983153985694E+00
                          0.9999983092252792E+00
                          0.9999983030350380E+00
                          0.9999982968278146E+00
                          0.9999982906035779E+00
                          0.9999982843622971E+00
                          0.9999982781039406E+00
                          0.9999982718284782E+00
                          0.9999982655358780E+00
                          0.9999982592261090E+00
                          0.9999982528991400E+00
                          0.9999982465549399E+00
                          0.9999982401934773E+00
                          0.9999982338147209E+00
                          0.9999982274186395E+00
                          0.9999982210052017E+00
                          0.9999982145743762E+00
                          0.9999982081261315E+00
                          0.9999982016604362E+00
                          0.9999981951772587E+00
                          0.9999981886765679E+00
                          0.9999981821583320E+00
                          0.9999981756225195E+00
                          0.9999981690690989E+00
                          0.9999981624980384E+00
                          0.9999981559093067E+00
                          0.9999981493028719E+00
                          0.9999981426787025E+00
                          0.9999981360367666E+00
                          0.9999981293770325E+00
                          0.9999981226994685E+00
                          0.9999981160040428E+00
                          0.9999981092907235E+00
                          0.9999981025594790E+00
                          0.9999980958102770E+00
                          0.9999980890430860E+00
                          0.9999980822578738E+00
                          0.9999980754546085E+00
                          0.9999980686332581E+00
                          0.9999980617937907E+00
                          0.9999980549361741E+00
                          0.9999980480603763E+00
                          0.9999980411663651E+00
                          0.9999980342541086E+00
                          0.9999980273235743E+00
                          0.9999980203747303E+00
                          0.9999980134075441E+00
                          0.9999980064219838E+00
                          0.9999979994180168E+00
                          0.9999979923956109E+00
                          0.9999979853547339E+00
                          0.9999979782953533E+00
                          0.9999979712174367E+00
                          0.9999979641209518E+00
                          0.9999979570058660E+00
                          0.9999979498721470E+00
                          0.9999979427197622E+00
                          0.9999979355486790E+00
                          0.9999979283588649E+00
                          0.9999979211502873E+00
                          0.9999979139229137E+00
                          0.9999979066767113E+00
                          0.9999978994116474E+00
                          0.9999978921276887E+00
                          0.9999978848248042E+00
                          0.9999978775029604E+00
                          0.9999978701621237E+00
                          0.9999978628022618E+00
                          0.9999978554233417E+00
                          0.9999978480253308E+00
                          0.9999978406081961E+00
                          0.9999978331719046E+00
                          0.9999978257164234E+00
                          0.9999978182417195E+00
                          0.9999978107477600E+00
                          0.9999978032345116E+00
                          0.9999977957019415E+00
                          0.9999977881500165E+00
                          0.9999977805787034E+00
                          0.9999977729879691E+00
                          0.9999977653777805E+00
                          0.9999977577481043E+00
                          0.9999977500989072E+00
                          0.9999977424301562E+00
                          0.9999977347418175E+00
                          0.9999977270338584E+00
                          0.9999977193062450E+00
                          0.9999977115589443E+00
                          0.9999977037919227E+00
                          0.9999976960051468E+00
                          0.9999976881985831E+00
                          0.9999976803721983E+00
                          0.9999976725259585E+00
                          0.9999976646598305E+00
                          0.9999976567737806E+00
                          0.9999976488677752E+00
                          0.9999976409417806E+00
                          0.9999976329957632E+00
                          0.9999976250296893E+00
                          0.9999976170435251E+00
                          0.9999976090372370E+00
                          0.9999976010107910E+00
                          0.9999975929641537E+00
                          0.9999975848972908E+00
                          0.9999975768101687E+00
                          0.9999975687027535E+00
                          0.9999975605750111E+00
                          0.9999975524269078E+00
                          0.9999975442584095E+00
                          0.9999975360694821E+00
                          0.9999975278600918E+00
                          0.9999975196302042E+00
                          0.9999975113797857E+00
                          0.9999975031088016E+00
                          0.9999974948172183E+00
                          0.9999974865050013E+00
                          0.9999974781721165E+00
                          0.9999974698185295E+00
                          0.9999974614442064E+00
                          0.9999974530491126E+00
                          0.9999974446332139E+00
                          0.9999974361964760E+00
                          0.9999974277388644E+00
                          0.9999974192603447E+00
                          0.9999974107608827E+00
                          0.9999974022404436E+00
                          0.9999973936989932E+00
                          0.9999973851364968E+00
                          0.9999973765529201E+00
                          0.9999973679482282E+00
                          0.9999973593223868E+00
                          0.9999973506753611E+00
                          0.9999973420071164E+00
                          0.9999973333176182E+00
                          0.9999973246068317E+00
                          0.9999973158747221E+00
                          0.9999973071212547E+00
                          0.9999972983463946E+00
                          0.9999972895501071E+00
                          0.9999972807323574E+00
                          0.9999972718931105E+00
                          0.9999972630323314E+00
                          0.9999972541499854E+00
                          0.9999972452460373E+00
                          0.9999972363204522E+00
                          0.9999972273731951E+00
                          0.9999972184042311E+00
                          0.9999972094135248E+00
                          0.9999972004010412E+00
                          0.9999971913667453E+00
                          0.9999971823106018E+00
                          0.9999971732325755E+00
                          0.9999971641326313E+00
                          0.9999971550107337E+00
                          0.9999971458668478E+00
                          0.9999971367009381E+00
                          0.9999971275129691E+00
                          0.9999971183029057E+00
                          0.9999971090707124E+00
                          0.9999970998163538E+00
                          0.9999970905397944E+00
                          0.9999970812409986E+00
                          0.9999970719199313E+00
                          0.9999970625765565E+00
                          0.9999970532108390E+00
                          0.9999970438227429E+00
                          0.9999970344122329E+00
                          0.9999970249792730E+00
                          0.9999970155238279E+00
                          0.9999970060458616E+00
                          0.9999969965453386E+00
                          0.9999969870222229E+00
                          0.9999969774764790E+00
                          0.9999969679080707E+00
                          0.9999969583169626E+00
                          0.9999969487031184E+00
                          0.9999969390665024E+00
                          0.9999969294070788E+00
                          0.9999969197248113E+00
                          0.9999969100196644E+00
                          0.9999969002916017E+00
                          0.9999968905405873E+00
                          0.9999968807665850E+00
                          0.9999968709695588E+00
                          0.9999968611494713E+00
                          0.9999968513062901E+00
                          0.9999968414399754E+00
                          0.9999968315504919E+00
                          0.9999968216378037E+00
                          0.9999968117018744E+00
                          0.9999968017426677E+00
                          0.9999967917601472E+00
                          0.9999967817542766E+00
                          0.9999967717250197E+00
                          0.9999967616723398E+00
                          0.9999967515962005E+00
                          0.9999967414965655E+00
                          0.9999967313733982E+00
                          0.9999967212266621E+00
                          0.9999967110563206E+00
                          0.9999967008623372E+00
                          0.9999966906446752E+00
                          0.9999966804032980E+00
                          0.9999966701381691E+00
                          0.9999966598492515E+00
                          0.9999966495365086E+00
                          0.9999966391999038E+00
                          0.9999966288394001E+00
                          0.9999966184549608E+00
                          0.9999966080465490E+00
                          0.9999965976141280E+00
                          0.9999965871576606E+00
                          0.9999965766771102E+00
                          0.9999965661724397E+00
                          0.9999965556436121E+00
                          0.9999965450905904E+00
                          0.9999965345133377E+00
                          0.9999965239118168E+00
                          0.9999965132859907E+00
                          0.9999965026358222E+00
                          0.9999964919612740E+00
                          0.9999964812623093E+00
                          0.9999964705388906E+00
                          0.9999964597909808E+00
                          0.9999964490185427E+00
                          0.9999964382215387E+00
                          0.9999964273999319E+00
                          0.9999964165536847E+00
                          0.9999964056827596E+00
                          0.9999963947871195E+00
                          0.9999963838667268E+00
                          0.9999963729215442E+00
                          0.9999963619515340E+00
                          0.9999963509566587E+00
                          0.9999963399368810E+00
                          0.9999963288921631E+00
                          0.9999963178224673E+00
                          0.9999963067277563E+00
                          0.9999962956079922E+00
                          0.9999962844631374E+00
                          0.9999962732931541E+00
                          0.9999962620980047E+00
                          0.9999962508776514E+00
                          0.9999962396320563E+00
                          0.9999962283611816E+00
                          0.9999962170649895E+00
                          0.9999962057434421E+00
                          0.9999961943965014E+00
                          0.9999961830241296E+00
                          0.9999961716262887E+00
                          0.9999961602029407E+00
                          0.9999961487540474E+00
                          0.9999961372795709E+00
                          0.9999961257794733E+00
                          0.9999961142537160E+00
                          0.9999961027022614E+00
                          0.9999960911250709E+00
                          0.9999960795221067E+00
                          0.9999960678933300E+00
                          0.9999960562387034E+00
                          0.9999960445581872E+00
                          0.9999960328517453E+00
                          0.9999960211193375E+00
                          0.9999960093609260E+00
                          0.9999959975764725E+00
                          0.9999959857659384E+00
                          0.9999959739292854E+00
                          0.9999959620664750E+00
                          0.9999959501774687E+00
                          0.9999959382622279E+00
                          0.9999959263207140E+00
                          0.9999959143528885E+00
                          0.9999959023587127E+00
                          0.9999958903381482E+00
                          0.9999958782911559E+00
                          0.9999958662176974E+00
                          0.9999958541177340E+00
                          0.9999958419912267E+00
                          0.9999958298381368E+00
                          0.9999958176584256E+00
                          0.9999958054520541E+00
                          0.9999957932189836E+00
                          0.9999957809591751E+00
                          0.9999957686725895E+00
                          0.9999957563591881E+00
                          0.9999957440189318E+00
                          0.9999957316517816E+00
                          0.9999957192576984E+00
                          0.9999957068366432E+00
                          0.9999956943885768E+00
                          0.9999956819134602E+00
                          0.9999956694112543E+00
                          0.9999956568819196E+00
                          0.9999956443254172E+00
                          0.9999956317417077E+00
                          0.9999956191307517E+00
                          0.9999956064925103E+00
                          0.9999955938269438E+00
                          0.9999955811340130E+00
                          0.9999955684136785E+00
                          0.9999955556659009E+00
                          0.9999955428906407E+00
                          0.9999955300878585E+00
                          0.9999955172575148E+00
                          0.9999955043995700E+00
                          0.9999954915139845E+00
                          0.9999954786007188E+00
                          0.9999954656597334E+00
                          0.9999954526909884E+00
                          0.9999954396944444E+00
                          0.9999954266700616E+00
                          0.9999954136178002E+00
                          0.9999954005376205E+00
                          0.9999953874294828E+00
                          0.9999953742933471E+00
                          0.9999953611291738E+00
                          0.9999953479369227E+00
                          0.9999953347165542E+00
                          0.9999953214680284E+00
                          0.9999953081913051E+00
                          0.9999952948863445E+00
                          0.9999952815531066E+00
                          0.9999952681915513E+00
                          0.9999952548016385E+00
                          0.9999952413833282E+00
                          0.9999952279365801E+00
                          0.9999952144613543E+00
                          0.9999952009576105E+00
                          0.9999951874253085E+00
                          0.9999951738644081E+00
                          0.9999951602748688E+00
                          0.9999951466566507E+00
                          0.9999951330097132E+00
                          0.9999951193340161E+00
                          0.9999951056295189E+00
                          0.9999950918961813E+00
                          0.9999950781339627E+00
                          0.9999950643428229E+00
                          0.9999950505227212E+00
                          0.9999950366736172E+00
                          0.9999950227954703E+00
                          0.9999950088882399E+00
                          0.9999949949518855E+00
                          0.9999949809863663E+00
                          0.9999949669916418E+00
                          0.9999949529676713E+00
                          0.9999949389144139E+00
                          0.9999949248318291E+00
                          0.9999949107198759E+00
                          0.9999948965785137E+00
                          0.9999948824077016E+00
                          0.9999948682073987E+00
                          0.9999948539775642E+00
                          0.9999948397181571E+00
                          0.9999948254291363E+00
                          0.9999948111104612E+00
                          0.9999947967620906E+00
                          0.9999947823839834E+00
                          0.9999947679760988E+00
                          0.9999947535383954E+00
                          0.9999947390708323E+00
                          0.9999947245733681E+00
                          0.9999947100459620E+00
                          0.9999946954885726E+00
                          0.9999946809011587E+00
                          0.9999946662836791E+00
                          0.9999946516360922E+00
                          0.9999946369583572E+00
                          0.9999946222504325E+00
                          0.9999946075122766E+00
                          0.9999945927438484E+00
                          0.9999945779451062E+00
                          0.9999945631160087E+00
                          0.9999945482565143E+00
                          0.9999945333665817E+00
                          0.9999945184461693E+00
                          0.9999945034952353E+00
                          0.9999944885137384E+00
                          0.9999944735016368E+00
                          0.9999944584588890E+00
                          0.9999944433854531E+00
                          0.9999944282812876E+00
                          0.9999944131463506E+00
                          0.9999943979806005E+00
                          0.9999943827839954E+00
                          0.9999943675564935E+00
                          0.9999943522980530E+00
                          0.9999943370086319E+00
                          0.9999943216881884E+00
                          0.9999943063366805E+00
                          0.9999942909540663E+00
                          0.9999942755403038E+00
                          0.9999942600953511E+00
                          0.9999942446191659E+00
                          0.9999942291117062E+00
                          0.9999942135729299E+00
                          0.9999941980027951E+00
                          0.9999941824012593E+00
                          0.9999941667682805E+00
                          0.9999941511038164E+00
                          0.9999941354078248E+00
                          0.9999941196802634E+00
                          0.9999941039210900E+00
                          0.9999940881302621E+00
                          0.9999940723077375E+00
                          0.9999940564534737E+00
                          0.9999940405674285E+00
                          0.9999940246495590E+00
                          0.9999940086998231E+00
                          0.9999939927181783E+00
                          0.9999939767045819E+00
                          0.9999939606589915E+00
                          0.9999939445813644E+00
                          0.9999939284716580E+00
                          0.9999939123298297E+00
                          0.9999938961558368E+00
                          0.9999938799496366E+00
                          0.9999938637111864E+00
                          0.9999938474404434E+00
                          0.9999938311373650E+00
                          0.9999938148019081E+00
                          0.9999937984340299E+00
                          0.9999937820336878E+00
                          0.9999937656008386E+00
                          0.9999937491354396E+00
                          0.9999937326374477E+00
                          0.9999937161068200E+00
                          0.9999936995435135E+00
                          0.9999936829474850E+00
                          0.9999936663186917E+00
                          0.9999936496570903E+00
                          0.9999936329626377E+00
                          0.9999936162352907E+00
                          0.9999935994750063E+00
                          0.9999935826817412E+00
                          0.9999935658554522E+00
                          0.9999935489960958E+00
                          0.9999935321036291E+00
                          0.9999935151780085E+00
                          0.9999934982191907E+00
                          0.9999934812271324E+00
                          0.9999934642017901E+00
                          0.9999934471431204E+00
                          0.9999934300510800E+00
                          0.9999934129256250E+00
                          0.9999933957667123E+00
                          0.9999933785742982E+00
                          0.9999933613483390E+00
                          0.9999933440887913E+00
                          0.9999933267956113E+00
                          0.9999933094687554E+00
                          0.9999932921081800E+00
                          0.9999932747138411E+00
                          0.9999932572856954E+00
                          0.9999932398236988E+00
                          0.9999932223278075E+00
                          0.9999932047979778E+00
                          0.9999931872341657E+00
                          0.9999931696363276E+00
                          0.9999931520044192E+00
                          0.9999931343383968E+00
                          0.9999931166382163E+00
                          0.9999930989038338E+00
                          0.9999930811352052E+00
                          0.9999930633322865E+00
                          0.9999930454950335E+00
                          0.9999930276234024E+00
                          0.9999930097173486E+00
                          0.9999929917768283E+00
                          0.9999929738017971E+00
                          0.9999929557922108E+00
                          0.9999929377480252E+00
                          0.9999929196691960E+00
                          0.9999929015556789E+00
                          0.9999928834074294E+00
                          0.9999928652244034E+00
                          0.9999928470065563E+00
                          0.9999928287538438E+00
                          0.9999928104662213E+00
                          0.9999927921436446E+00
                          0.9999927737860688E+00
                          0.9999927553934496E+00
                          0.9999927369657424E+00
                          0.9999927185029026E+00
                          0.9999927000048855E+00
                          0.9999926814716465E+00
                          0.9999926629031410E+00
                          0.9999926442993243E+00
                          0.9999926256601515E+00
                          0.9999926069855779E+00
                          0.9999925882755587E+00
                          0.9999925695300492E+00
                          0.9999925507490044E+00
                          0.9999925319323795E+00
                          0.9999925130801295E+00
                          0.9999924941922096E+00
                          0.9999924752685747E+00
                          0.9999924563091799E+00
                          0.9999924373139801E+00
                          0.9999924182829304E+00
                          0.9999923992159856E+00
                          0.9999923801131005E+00
                          0.9999923609742302E+00
                          0.9999923417993294E+00
                          0.9999923225883529E+00
                          0.9999923033412556E+00
                          0.9999922840579921E+00
                          0.9999922647385172E+00
                          0.9999922453827855E+00
                          0.9999922259907519E+00
                          0.9999922065623709E+00
                          0.9999921870975970E+00
                          0.9999921675963849E+00
                          0.9999921480586892E+00
                          0.9999921284844643E+00
                          0.9999921088736647E+00
                          0.9999920892262452E+00
                          0.9999920695421597E+00
                          0.9999920498213630E+00
                          0.9999920300638093E+00
                          0.9999920102694532E+00
                          0.9999919904382487E+00
                          0.9999919705701503E+00
                          0.9999919506651123E+00
                          0.9999919307230888E+00
                          0.9999919107440340E+00
                          0.9999918907279023E+00
                          0.9999918706746477E+00
                          0.9999918505842244E+00
                          0.9999918304565864E+00
                          0.9999918102916878E+00
                          0.9999917900894828E+00
                          0.9999917698499252E+00
                          0.9999917495729691E+00
                          0.9999917292585685E+00
                          0.9999917089066772E+00
                          0.9999916885172492E+00
                          0.9999916680902383E+00
                          0.9999916476255986E+00
                          0.9999916271232835E+00
                          0.9999916065832470E+00
                          0.9999915860054430E+00
                          0.9999915653898250E+00
                          0.9999915447363470E+00
                          0.9999915240449623E+00
                          0.9999915033156248E+00
                          0.9999914825482880E+00
                          0.9999914617429055E+00
                          0.9999914408994310E+00
                          0.9999914200178179E+00
                          0.9999913990980198E+00
                          0.9999913781399902E+00
                          0.9999913571436824E+00
                          0.9999913361090498E+00
                          0.9999913150360460E+00
                          0.9999912939246243E+00
                          0.9999912727747379E+00
                          0.9999912515863402E+00
                          0.9999912303593845E+00
                          0.9999912090938240E+00
                          0.9999911877896120E+00
                          0.9999911664467017E+00
                          0.9999911450650462E+00
                          0.9999911236445986E+00
                          0.9999911021853122E+00
                          0.9999910806871398E+00
                          0.9999910591500347E+00
                          0.9999910375739498E+00
                          0.9999910159588381E+00
                          0.9999909943046527E+00
                          0.9999909726113463E+00
                          0.9999909508788720E+00
                          0.9999909291071827E+00
                          0.9999909072962311E+00
                          0.9999908854459701E+00
                          0.9999908635563526E+00
                          0.9999908416273313E+00
                          0.9999908196588588E+00
                          0.9999907976508881E+00
                          0.9999907756033717E+00
                          0.9999907535162622E+00
                          0.9999907313895123E+00
                          0.9999907092230746E+00
                          0.9999906870169019E+00
                          0.9999906647709463E+00
                          0.9999906424851607E+00
                          0.9999906201594974E+00
                          0.9999905977939088E+00
                          0.9999905753883475E+00
                          0.9999905529427657E+00
                          0.9999905304571161E+00
                          0.9999905079313507E+00
                          0.9999904853654220E+00
                          0.9999904627592823E+00
                          0.9999904401128837E+00
                          0.9999904174261787E+00
                          0.9999903946991192E+00
                          0.9999903719316576E+00
                          0.9999903491237460E+00
                          0.9999903262753365E+00
                          0.9999903033863811E+00
                          0.9999902804568320E+00
                          0.9999902574866412E+00
                          0.9999902344757606E+00
                          0.9999902114241424E+00
                          0.9999901883317383E+00
                          0.9999901651985004E+00
                          0.9999901420243805E+00
                          0.9999901188093304E+00
                          0.9999900955533022E+00
                          0.9999900722562475E+00
                          0.9999900489181180E+00
                          0.9999900255388656E+00
                          0.9999900021184420E+00
                          0.9999899786567990E+00
                          0.9999899551538880E+00
                          0.9999899316096609E+00
                          0.9999899080240692E+00
                          0.9999898843970644E+00
                          0.9999898607285981E+00
                          0.9999898370186220E+00
                          0.9999898132670872E+00
                          0.9999897894739457E+00
                          0.9999897656391485E+00
                          0.9999897417626472E+00
                          0.9999897178443933E+00
                          0.9999896938843378E+00
                          0.9999896698824323E+00
                          0.9999896458386281E+00
                          0.9999896217528763E+00
                          0.9999895976251284E+00
                          0.9999895734553353E+00
                          0.9999895492434484E+00
                          0.9999895249894188E+00
                          0.9999895006931977E+00
                          0.9999894763547361E+00
                          0.9999894519739850E+00
                          0.9999894275508956E+00
                          0.9999894030854189E+00
                          0.9999893785775058E+00
                          0.9999893540271073E+00
                          0.9999893294341744E+00
                          0.9999893047986579E+00
                          0.9999892801205087E+00
                          0.9999892553996776E+00
                          0.9999892306361156E+00
                          0.9999892058297732E+00
                          0.9999891809806015E+00
                          0.9999891560885509E+00
                          0.9999891311535724E+00
                          0.9999891061756164E+00
                          0.9999890811546337E+00
                          0.9999890560905749E+00
                          0.9999890309833906E+00
                          0.9999890058330314E+00
                          0.9999889806394476E+00
                          0.9999889554025901E+00
                          0.9999889301224091E+00
                          0.9999889047988550E+00
                          0.9999888794318785E+00
                          0.9999888540214298E+00
                          0.9999888285674592E+00
                          0.9999888030699172E+00
                          0.9999887775287539E+00
                          0.9999887519439199E+00
                          0.9999887263153652E+00
                          0.9999887006430400E+00
                          0.9999886749268946E+00
                          0.9999886491668792E+00
                          0.9999886233629438E+00
                          0.9999885975150387E+00
                          0.9999885716231138E+00
                          0.9999885456871193E+00
                          0.9999885197070051E+00
                          0.9999884936827211E+00
                          0.9999884676142176E+00
                          0.9999884415014443E+00
                          0.9999884153443511E+00
                          0.9999883891428880E+00
                          0.9999883628970048E+00
                          0.9999883366066513E+00
                          0.9999883102717773E+00
                          0.9999882838923326E+00
                          0.9999882574682669E+00
                          0.9999882309995300E+00
                          0.9999882044860715E+00
                          0.9999881779278411E+00
                          0.9999881513247884E+00
                          0.9999881246768629E+00
                          0.9999880979840144E+00
                          0.9999880712461924E+00
                          0.9999880444633462E+00
                          0.9999880176354254E+00
                          0.9999879907623797E+00
                          0.9999879638441581E+00
                          0.9999879368807103E+00
                          0.9999879098719855E+00
                          0.9999878828179332E+00
                          0.9999878557185026E+00
                          0.9999878285736431E+00
                          0.9999878013833038E+00
                          0.9999877741474341E+00
                          0.9999877468659831E+00
                          0.9999877195389000E+00
                          0.9999876921661339E+00
                          0.9999876647476341E+00
                          0.9999876372833494E+00
                          0.9999876097732291E+00
                          0.9999875822172222E+00
                          0.9999875546152776E+00
                          0.9999875269673443E+00
                          0.9999874992733713E+00
                          0.9999874715333075E+00
                          0.9999874437471018E+00
                          0.9999874159147030E+00
                          0.9999873880360600E+00
                          0.9999873601111217E+00
                          0.9999873321398367E+00
                          0.9999873041221538E+00
                          0.9999872760580217E+00
                          0.9999872479473892E+00
                          0.9999872197902050E+00
                          0.9999871915864176E+00
                          0.9999871633359756E+00
                          0.9999871350388275E+00
                          0.9999871066949222E+00
                          0.9999870783042079E+00
                          0.9999870498666332E+00
                          0.9999870213821466E+00
                          0.9999869928506965E+00
                          0.9999869642722312E+00
                          0.9999869356466994E+00
                          0.9999869069740491E+00
                          0.9999868782542288E+00
                          0.9999868494871867E+00
                          0.9999868206728713E+00
                          0.9999867918112306E+00
                          0.9999867629022129E+00
                          0.9999867339457664E+00
                          0.9999867049418392E+00
                          0.9999866758903795E+00
                          0.9999866467913353E+00
                          0.9999866176446548E+00
                          0.9999865884502859E+00
                          0.9999865592081767E+00
                          0.9999865299182752E+00
                          0.9999865005805293E+00
                          0.9999864711948869E+00
                          0.9999864417612961E+00
                          0.9999864122797045E+00
                          0.9999863827500601E+00
                          0.9999863531723108E+00
                          0.9999863235464042E+00
                          0.9999862938722881E+00
                          0.9999862641499103E+00
                          0.9999862343792184E+00
                          0.9999862045601602E+00
                          0.9999861746926834E+00
                          0.9999861447767353E+00
                          0.9999861148122638E+00
                          0.9999860847992164E+00
                          0.9999860547375405E+00
                          0.9999860246271837E+00
                          0.9999859944680936E+00
                          0.9999859642602174E+00
                          0.9999859340035026E+00
                          0.9999859036978966E+00
                          0.9999858733433469E+00
                          0.9999858429398006E+00
                          0.9999858124872053E+00
                          0.9999857819855080E+00
                          0.9999857514346561E+00
                          0.9999857208345968E+00
                          0.9999856901852772E+00
                          0.9999856594866445E+00
                          0.9999856287386459E+00
                          0.9999855979412285E+00
                          0.9999855670943395E+00
                          0.9999855361979256E+00
                          0.9999855052519342E+00
                          0.9999854742563120E+00
                          0.9999854432110061E+00
                          0.9999854121159635E+00
                          0.9999853809711310E+00
                          0.9999853497764556E+00
                          0.9999853185318840E+00
                          0.9999852872373630E+00
                          0.9999852558928397E+00
                          0.9999852244982605E+00
                          0.9999851930535724E+00
                          0.9999851615587220E+00
                          0.9999851300136560E+00
                          0.9999850984183211E+00
                          0.9999850667726639E+00
                          0.9999850350766308E+00
                          0.9999850033301687E+00
                          0.9999849715332240E+00
                          0.9999849396857431E+00
                          0.9999849077876727E+00
                          0.9999848758389590E+00
                          0.9999848438395488E+00
                          0.9999848117893881E+00
                          0.9999847796884235E+00
                          0.9999847475366013E+00
                          0.9999847153338678E+00
                          0.9999846830801693E+00
                          0.9999846507754521E+00
                          0.9999846184196622E+00
                          0.9999845860127462E+00
                          0.9999845535546499E+00
                          0.9999845210453197E+00
                          0.9999844884847016E+00
                          0.9999844558727417E+00
                          0.9999844232093861E+00
                          0.9999843904945808E+00
                          0.9999843577282717E+00
                          0.9999843249104050E+00
                          0.9999842920409264E+00
                          0.9999842591197821E+00
                          0.9999842261469177E+00
                          0.9999841931222793E+00
                          0.9999841600458126E+00
                          0.9999841269174634E+00
                          0.9999840937371777E+00
                          0.9999840605049009E+00
                          0.9999840272205789E+00
                          0.9999839938841574E+00
                          0.9999839604955820E+00
                          0.9999839270547984E+00
                          0.9999838935617522E+00
                          0.9999838600163889E+00
                          0.9999838264186542E+00
                          0.9999837927684936E+00
                          0.9999837590658525E+00
                          0.9999837253106763E+00
                          0.9999836915029106E+00
                          0.9999836576425007E+00
                          0.9999836237293921E+00
                          0.9999835897635300E+00
                          0.9999835557448599E+00
                          0.9999835216733269E+00
                          0.9999834875488764E+00
                          0.9999834533714537E+00
                          0.9999834191410037E+00
                          0.9999833848574721E+00
                          0.9999833505208036E+00
                          0.9999833161309434E+00
                          0.9999832816878368E+00
                          0.9999832471914287E+00
                          0.9999832126416642E+00
                          0.9999831780384884E+00
                          0.9999831433818460E+00
                          0.9999831086716823E+00
                          0.9999830739079419E+00
                          0.9999830390905701E+00
                          0.9999830042195114E+00
                          0.9999829692947108E+00
                          0.9999829343161131E+00
                          0.9999828992836631E+00
                          0.9999828641973056E+00
                          0.9999828290569852E+00
                          0.9999827938626468E+00
                          0.9999827586142348E+00
                          0.9999827233116941E+00
                          0.9999826879549691E+00
                          0.9999826525440046E+00
                          0.9999826170787451E+00
                          0.9999825815591350E+00
                          0.9999825459851190E+00
                          0.9999825103566414E+00
                          0.9999824746736468E+00
                          0.9999824389360794E+00
                          0.9999824031438838E+00
                          0.9999823672970043E+00
                          0.9999823313953852E+00
                          0.9999822954389709E+00
                          0.9999822594277055E+00
                          0.9999822233615334E+00
                          0.9999821872403988E+00
                          0.9999821510642458E+00
                          0.9999821148330187E+00
                          0.9999820785466615E+00
                          0.9999820422051185E+00
                          0.9999820058083336E+00
                          0.9999819693562508E+00
                          0.9999819328488143E+00
                          0.9999818962859681E+00
                          0.9999818596676560E+00
                          0.9999818229938220E+00
                          0.9999817862644101E+00
                          0.9999817494793640E+00
                          0.9999817126386278E+00
                          0.9999816757421451E+00
                          0.9999816387898599E+00
                          0.9999816017817157E+00
                          0.9999815647176565E+00
                          0.9999815275976258E+00
                          0.9999814904215675E+00
                          0.9999814531894251E+00
                          0.9999814159011422E+00
                          0.9999813785566626E+00
                          0.9999813411559296E+00
                          0.9999813036988869E+00
                          0.9999812661854780E+00
                          0.9999812286156464E+00
                          0.9999811909893356E+00
                          0.9999811533064887E+00
