 Species molar concentration at each layer [mol/mol]
  0.9900E+00
  0.1000E-01
  0.0000E+00
  0.1848E-02
  0.9900E+00
  0.1000E-01
  0.0000E+00
  0.5796E-03
  0.9900E+00
  0.1000E-01
  0.0000E+00
  0.1874E-03
  0.9900E+00
  0.1000E-01
  0.0000E+00
  0.5363E-04
  0.9900E+00
  0.1000E-01
  0.0000E+00
  0.1387E-04
  0.9900E+00
  0.1000E-01
  0.0000E+00
  0.4973E-05
  0.9900E+00
  0.1000E-01
  0.0000E+00
  0.3082E-05
  0.9900E+00
  0.1000E-01
  0.0000E+00
  0.2287E-05
  0.9900E+00
  0.1000E-01
  0.0000E+00
  0.1767E-05
  0.9900E+00
  0.1000E-01
  0.0000E+00
  0.1533E-05
  0.9900E+00
  0.1000E-01
  0.0000E+00
  0.1400E-05
  0.9900E+00
  0.1000E-01
  0.0000E+00
  0.1399E-05
  0.9900E+00
  0.1000E-01
  0.0000E+00
  0.1399E-05
  0.9900E+00
  0.1000E-01
  0.0000E+00
  0.1399E-05
  0.9900E+00
  0.1000E-01
  0.0000E+00
  0.1399E-05
  0.9900E+00
  0.1000E-01
  0.0000E+00
  0.1399E-05
  0.9900E+00
  0.1000E-01
  0.0000E+00
  0.1399E-05
  0.9900E+00
  0.1000E-01
  0.0000E+00
  0.1399E-05
  0.9900E+00
  0.1000E-01
  0.0000E+00
  0.1399E-05
  0.9900E+00
  0.1000E-01
  0.0000E+00
  0.1399E-05
  0.9900E+00
  0.1000E-01
  0.0000E+00
  0.1399E-05
  0.9900E+00
  0.1000E-01
  0.0000E+00
  0.1355E-05
  0.9900E+00
  0.1000E-01
  0.0000E+00
  0.1197E-05
  0.9900E+00
  0.1000E-01
  0.0000E+00
  0.9451E-06
  0.9900E+00
  0.1000E-01
  0.0000E+00
  0.6963E-06
  0.9900E+00
  0.1000E-01
  0.0000E+00
  0.4457E-06
  0.9900E+00
  0.1000E-01
  0.0000E+00
  0.2874E-06
  0.9900E+00
  0.1000E-01
  0.0000E+00
  0.1911E-06
  0.9900E+00
  0.1000E-01
  0.0000E+00
  0.1355E-06
  0.9900E+00
  0.1000E-01
  0.0000E+00
  0.1044E-06
  0.9900E+00
  0.1000E-01
  0.0000E+00
  0.8321E-07
  0.9900E+00
  0.1000E-01
  0.0000E+00
  0.6974E-07
  0.9900E+00
  0.1000E-01
  0.0000E+00
  0.5467E-07
  0.9900E+00
  0.1000E-01
  0.0000E+00
  0.4642E-07
  0.9900E+00
  0.1000E-01
  0.0000E+00
  0.4370E-07
  0.9900E+00
  0.1000E-01
  0.0000E+00
  0.4370E-07
  0.9900E+00
  0.1000E-01
  0.0000E+00
  0.4370E-07
  0.9900E+00
  0.1000E-01
  0.0000E+00
  0.4370E-07
  0.9900E+00
  0.1000E-01
  0.0000E+00
  0.4370E-07
  0.9900E+00
  0.1000E-01
  0.0000E+00
  0.4370E-07
  0.9900E+00
  0.1000E-01
  0.0000E+00
  0.4370E-07
  0.9900E+00
  0.1000E-01
  0.0000E+00
  0.4370E-07
  0.9900E+00
  0.1000E-01
  0.0000E+00
  0.4370E-07
  0.9900E+00
  0.1000E-01
  0.0000E+00
  0.4370E-07
  0.9900E+00
  0.1000E-01
  0.0000E+00
  0.4370E-07
  0.9900E+00
  0.1000E-01
  0.0000E+00
  0.4370E-07
  0.9900E+00
  0.1000E-01
  0.0000E+00
  0.1886E-07
  0.9900E+00
  0.1000E-01
  0.0000E+00
  0.5195E-08
  0.9900E+00
  0.1000E-01
  0.0000E+00
  0.8675E-09
  0.9900E+00
  0.1000E-01
  0.0000E+00
  0.1989E-09
