 Downwards broadband flux at each level [W/m2]
      266.4359
      188.4265
      138.1198
       97.0878
       65.5188
       46.0564
       35.2732
       28.0413
       22.5270
       18.3323
       15.0581
       12.5034
       10.5193
        8.9510
        7.7139
        6.6994
        5.7867
        4.9786
        4.2863
        3.7031
        3.2177
        2.8087
        2.4350
        2.0688
        1.7177
        1.3868
        1.1037
        0.8734
        0.6909
        0.5485
        0.4360
        0.3466
        0.2729
        0.2150
        0.1703
        0.1359
        0.1089
        0.0865
        0.0685
        0.0545
        0.0438
        0.0356
        0.0294
        0.0244
        0.0199
        0.0156
        0.0116
        0.0079
        0.0046
        0.0016
        0.0000
