 Outgoing longwave flux vs. time [W/m2]
  0.1236E+03
  0.1295E+03
  0.1300E+03
  0.1302E+03
  0.1315E+03
  0.1317E+03
  0.1323E+03
  0.1325E+03
  0.1331E+03
  0.1333E+03
  0.1337E+03
  0.1336E+03
  0.1340E+03
  0.1338E+03
  0.1342E+03
  0.1343E+03
  0.1343E+03
  0.1342E+03
  0.1344E+03
  0.1343E+03
  0.1344E+03
  0.1344E+03
  0.1345E+03
  0.1344E+03
  0.1345E+03
  0.1344E+03
  0.1345E+03
  0.1344E+03
  0.1344E+03
  0.1344E+03
  0.1343E+03
  0.1343E+03
  0.1343E+03
  0.1343E+03
  0.1343E+03
  0.1344E+03
  0.1343E+03
  0.1344E+03
  0.1343E+03
  0.1342E+03
  0.1343E+03
  0.1342E+03
  0.1342E+03
  0.1342E+03
  0.1342E+03
  0.1341E+03
  0.1341E+03
  0.1341E+03
  0.1340E+03
  0.1341E+03
  0.1340E+03
  0.1341E+03
  0.1340E+03
  0.1340E+03
  0.1340E+03
  0.1340E+03
  0.1340E+03
  0.1339E+03
  0.1339E+03
  0.1339E+03
  0.1339E+03
  0.1339E+03
  0.1339E+03
  0.1339E+03
  0.1339E+03
  0.1339E+03
  0.1339E+03
  0.1339E+03
  0.1338E+03
  0.1339E+03
  0.1338E+03
  0.1338E+03
  0.1338E+03
  0.1338E+03
  0.1338E+03
  0.1338E+03
  0.1338E+03
  0.1338E+03
  0.1338E+03
  0.1338E+03
  0.1338E+03
  0.1338E+03
  0.1337E+03
  0.1338E+03
  0.1337E+03
  0.1337E+03
  0.1337E+03
  0.1337E+03
  0.1337E+03
  0.1337E+03
  0.1337E+03
  0.1337E+03
  0.1337E+03
  0.1337E+03
  0.1336E+03
  0.1337E+03
  0.1336E+03
  0.1336E+03
  0.1336E+03
  0.1336E+03
  0.1336E+03
  0.1336E+03
  0.1336E+03
  0.1336E+03
  0.1336E+03
  0.1336E+03
  0.1336E+03
  0.1336E+03
  0.1336E+03
  0.1336E+03
  0.1336E+03
  0.1336E+03
  0.1336E+03
  0.1336E+03
  0.1336E+03
  0.1336E+03
  0.1335E+03
  0.1336E+03
  0.1335E+03
  0.1336E+03
  0.1335E+03
  0.1336E+03
  0.1335E+03
  0.1336E+03
  0.1335E+03
  0.1335E+03
  0.1335E+03
  0.1335E+03
  0.1335E+03
  0.1335E+03
  0.1335E+03
  0.1335E+03
  0.1335E+03
  0.1335E+03
  0.1335E+03
  0.1335E+03
  0.1335E+03
  0.1335E+03
  0.1335E+03
  0.1335E+03
  0.1335E+03
  0.1335E+03
  0.1335E+03
  0.1335E+03
  0.1335E+03
  0.1335E+03
  0.1335E+03
  0.1335E+03
  0.1335E+03
  0.1335E+03
  0.1335E+03
  0.1335E+03
  0.1335E+03
  0.1335E+03
  0.1335E+03
  0.1334E+03
  0.1335E+03
  0.1334E+03
  0.1335E+03
  0.1334E+03
  0.1335E+03
  0.1335E+03
  0.1335E+03
  0.1334E+03
  0.1335E+03
  0.1334E+03
  0.1335E+03
  0.1334E+03
  0.1335E+03
  0.1334E+03
  0.1334E+03
  0.1334E+03
  0.1334E+03
  0.1334E+03
  0.1334E+03
  0.1334E+03
  0.1334E+03
  0.1334E+03
  0.1334E+03
  0.1334E+03
  0.1334E+03
  0.1334E+03
  0.1334E+03
  0.1334E+03
  0.1334E+03
  0.1334E+03
  0.1334E+03
  0.1334E+03
  0.1334E+03
  0.1334E+03
  0.1334E+03
  0.1334E+03
  0.1334E+03
  0.1334E+03
  0.1334E+03
  0.1334E+03
  0.1334E+03
  0.1334E+03
  0.1334E+03
  0.1334E+03
  0.1334E+03
  0.1334E+03
  0.1334E+03
  0.1334E+03
  0.1333E+03
  0.1334E+03
  0.1333E+03
  0.1334E+03
  0.1333E+03
  0.1333E+03
  0.1333E+03
  0.1333E+03
  0.1333E+03
  0.1333E+03
  0.1333E+03
  0.1333E+03
  0.1333E+03
  0.1333E+03
  0.1333E+03
  0.1333E+03
  0.1333E+03
  0.1333E+03
  0.1333E+03
  0.1333E+03
  0.1333E+03
  0.1333E+03
  0.1333E+03
  0.1333E+03
  0.1333E+03
  0.1333E+03
  0.1333E+03
  0.1333E+03
  0.1333E+03
  0.1333E+03
  0.1333E+03
  0.1333E+03
  0.1333E+03
  0.1333E+03
  0.1333E+03
  0.1333E+03
  0.1333E+03
  0.1333E+03
  0.1333E+03
  0.1333E+03
  0.1333E+03
  0.1333E+03
  0.1333E+03
  0.1333E+03
  0.1333E+03
  0.1333E+03
  0.1333E+03
  0.1333E+03
  0.1333E+03
  0.1333E+03
  0.1333E+03
  0.1333E+03
  0.1333E+03
  0.1333E+03
  0.1333E+03
  0.1333E+03
  0.1333E+03
  0.1333E+03
  0.1333E+03
  0.1333E+03
  0.1333E+03
  0.1333E+03
  0.1333E+03
  0.1333E+03
  0.1333E+03
  0.1333E+03
  0.1333E+03
  0.1333E+03
  0.1333E+03
  0.1333E+03
  0.1333E+03
  0.1333E+03
  0.1333E+03
  0.1333E+03
  0.1333E+03
  0.1333E+03
  0.1333E+03
  0.1333E+03
  0.1333E+03
  0.1333E+03
  0.1333E+03
  0.1333E+03
  0.1333E+03
  0.1333E+03
  0.1333E+03
  0.1333E+03
  0.1333E+03
  0.1333E+03
  0.1333E+03
  0.1333E+03
  0.1333E+03
  0.1333E+03
  0.1333E+03
  0.1333E+03
  0.1333E+03
  0.1333E+03
  0.1333E+03
  0.1333E+03
  0.1333E+03
  0.1333E+03
  0.1333E+03
  0.1333E+03
  0.1333E+03
  0.1333E+03
  0.1333E+03
  0.1333E+03
  0.1333E+03
  0.1333E+03
  0.1333E+03
  0.1333E+03
  0.1333E+03
  0.1333E+03
  0.1333E+03
  0.1333E+03
  0.1333E+03
  0.1333E+03
  0.1333E+03
  0.1333E+03
  0.1333E+03
  0.1333E+03
  0.1333E+03
  0.1333E+03
  0.1333E+03
  0.1333E+03
  0.1333E+03
  0.1333E+03
  0.1333E+03
  0.1333E+03
  0.1333E+03
  0.1333E+03
  0.1333E+03
  0.1333E+03
  0.1333E+03
  0.1333E+03
  0.1333E+03
  0.1333E+03
  0.1333E+03
  0.1333E+03
  0.1333E+03
  0.1333E+03
  0.1333E+03
  0.1333E+03
  0.1333E+03
  0.1333E+03
  0.1333E+03
  0.1333E+03
  0.1333E+03
  0.1333E+03
  0.1333E+03
  0.1333E+03
  0.1333E+03
  0.1333E+03
  0.1333E+03
  0.1333E+03
  0.1333E+03
  0.1333E+03
  0.1333E+03
  0.1333E+03
  0.1333E+03
  0.1333E+03
  0.1333E+03
  0.1333E+03
  0.1333E+03
  0.1333E+03
  0.1333E+03
  0.1333E+03
  0.1333E+03
  0.1333E+03
  0.1333E+03
  0.1333E+03
  0.1333E+03
  0.1333E+03
  0.1333E+03
  0.1333E+03
  0.1333E+03
  0.1333E+03
  0.1333E+03
  0.1333E+03
  0.1333E+03
  0.1333E+03
  0.1333E+03
  0.1333E+03
  0.1333E+03
  0.1333E+03
  0.1333E+03
  0.1333E+03
  0.1333E+03
  0.1333E+03
  0.1333E+03
  0.1333E+03
  0.1333E+03
  0.1333E+03
  0.1333E+03
  0.1333E+03
  0.1333E+03
  0.1333E+03
  0.1333E+03
  0.1333E+03
  0.1333E+03
  0.1333E+03
  0.1333E+03
  0.1333E+03
  0.1333E+03
  0.1333E+03
  0.1333E+03
  0.1333E+03
  0.1333E+03
  0.1333E+03
  0.1333E+03
  0.1333E+03
  0.1333E+03
  0.1333E+03
  0.1333E+03
  0.1333E+03
  0.1333E+03
  0.1333E+03
  0.1333E+03
  0.1333E+03
  0.1333E+03
  0.1333E+03
  0.1333E+03
  0.1333E+03
  0.1333E+03
  0.1333E+03
  0.1333E+03
  0.1333E+03
  0.1333E+03
  0.1333E+03
  0.1333E+03
  0.1333E+03
  0.1333E+03
  0.1333E+03
  0.1333E+03
  0.1333E+03
  0.1333E+03
  0.1333E+03
  0.1333E+03
  0.1333E+03
  0.1333E+03
  0.1333E+03
  0.1333E+03
  0.1333E+03
  0.1333E+03
  0.1333E+03
  0.1333E+03
  0.1333E+03
  0.1333E+03
  0.1333E+03
  0.1333E+03
  0.1333E+03
  0.1333E+03
  0.1333E+03
  0.1333E+03
  0.1333E+03
  0.1333E+03
  0.1333E+03
  0.1333E+03
  0.1333E+03
  0.1333E+03
  0.1333E+03
  0.1333E+03
  0.1333E+03
  0.1333E+03
  0.1333E+03
  0.1333E+03
  0.1333E+03
  0.1333E+03
  0.1333E+03
  0.1333E+03
  0.1333E+03
  0.1333E+03
  0.1333E+03
  0.1333E+03
  0.1333E+03
  0.1333E+03
  0.1333E+03
  0.1333E+03
  0.1333E+03
  0.1333E+03
  0.1333E+03
  0.1333E+03
  0.1333E+03
  0.1333E+03
  0.1333E+03
  0.1333E+03
  0.1333E+03
  0.1333E+03
  0.1333E+03
  0.1333E+03
  0.1333E+03
  0.1333E+03
  0.1333E+03
  0.1333E+03
  0.1333E+03
  0.1333E+03
  0.1333E+03
