 Spectral outgoing shortwave flux [W/m2/cm^-1]
  0.6283E-10
  0.2504E-18
  0.1345E-16
  0.1452E-15
  0.7939E-15
  0.2977E-14
  0.8783E-14
  0.2194E-13
  0.4852E-13
  0.9775E-13
  0.1828E-12
  0.3221E-12
  0.5401E-12
  0.8688E-12
  0.1349E-11
  0.2032E-11
  0.2981E-11
  0.4272E-11
  0.5995E-11
  0.8260E-11
  0.1119E-10
  0.1494E-10
  0.1974E-10
  0.2560E-10
  0.3293E-10
  0.4192E-10
  0.5286E-10
  0.6606E-10
  0.8188E-10
  0.1007E-09
  0.1230E-09
  0.4650E-06
  0.6509E-09
  0.1160E-04
  0.4618E-04
  0.6781E-04
  0.7763E-04
  0.5077E-04
  0.5844E-08
  0.2549E-05
  0.1003E-03
  0.7652E-04
  0.1872E-05
  0.1356E-06
  0.3236E-08
  0.1260E-03
  0.1516E-08
  0.4140E-04
  0.1160E-03
  0.1390E-04
  0.1672E-05
  0.1804E-06
  0.5313E-04
  0.4269E-06
  0.3857E-08
  0.4291E-08
  0.4765E-08
  0.5281E-08
  0.5843E-08
  0.6452E-08
  0.7112E-08
  0.7828E-08
  0.8601E-08
  0.9435E-08
  0.1034E-07
  0.1131E-07
  0.1235E-07
  0.1347E-07
  0.1467E-07
  0.1596E-07
  0.1734E-07
  0.1882E-07
  0.2039E-07
  0.2208E-07
  0.2388E-07
  0.2579E-07
  0.2783E-07
  0.3001E-07
  0.9309E-06
  0.2660E-05
  0.3473E-04
  0.4010E-07
  0.4302E-07
  0.4611E-07
  0.4938E-07
  0.1689E-04
  0.1226E-03
  0.3368E-03
  0.1242E-03
  0.6867E-07
  0.7318E-07
  0.7794E-07
  0.8293E-07
  0.8819E-07
  0.9371E-07
  0.9951E-07
  0.1056E-06
  0.4401E-03
  0.3565E-03
  0.3688E-03
  0.5304E-04
  0.4274E-03
  0.4799E-03
  0.2844E-03
  0.1576E-04
  0.3642E-05
  0.2667E-03
  0.2104E-03
  0.4072E-03
  0.4638E-03
  0.1982E-03
  0.2397E-06
  0.2670E-03
  0.1288E-04
  0.6215E-03
  0.4144E-03
  0.2538E-03
  0.6149E-03
  0.5830E-03
  0.1093E-05
  0.6793E-04
  0.6095E-05
  0.6293E-06
  0.4253E-06
  0.4449E-06
  0.4652E-06
  0.5846E-06
  0.5081E-06
  0.4244E-04
  0.5541E-06
  0.9185E-06
  0.6035E-06
  0.2204E-05
  0.6562E-06
  0.6840E-06
  0.7126E-06
  0.7422E-06
  0.7728E-06
  0.1146E-05
  0.8371E-06
  0.8708E-06
  0.9055E-06
  0.9414E-06
  0.9784E-06
  0.1016E-05
  0.1056E-05
  0.1096E-05
  0.1138E-05
  0.1181E-05
  0.1225E-05
  0.1271E-05
  0.1318E-05
  0.1366E-05
  0.1416E-05
  0.1467E-05
  0.1520E-05
  0.1574E-05
  0.1629E-05
  0.1686E-05
  0.2329E-05
  0.1806E-05
  0.1974E-05
  0.6690E-04
  0.2659E-04
  0.8817E-04
  0.5276E-03
  0.6431E-04
  0.1088E-02
  0.7615E-03
  0.1359E-02
  0.9890E-03
  0.1443E-02
  0.1142E-02
  0.1480E-02
  0.1462E-02
  0.1537E-02
  0.1574E-02
  0.5928E-03
  0.1593E-02
  0.1621E-02
  0.1617E-02
  0.1577E-02
  0.7331E-03
  0.1374E-02
  0.1295E-02
  0.4520E-04
  0.5197E-05
  0.1382E-02
  0.1482E-02
  0.4741E-03
  0.1958E-04
  0.6723E-05
  0.6148E-05
  0.6342E-05
  0.6486E-05
  0.6725E-05
  0.6868E-05
  0.7068E-05
  0.7293E-05
  0.7529E-05
  0.7699E-05
  0.1778E-03
  0.4626E-04
  0.8402E-05
  0.8700E-05
  0.8694E-05
  0.8945E-05
  0.9318E-05
  0.9656E-05
  0.9890E-05
  0.1017E-04
  0.1028E-04
  0.1076E-04
  0.1043E-04
  0.1125E-04
  0.1158E-04
  0.1184E-04
  0.1210E-04
  0.1249E-04
  0.1271E-04
  0.1262E-04
  0.1415E-04
  0.1373E-04
  0.1245E-03
  0.1770E-04
  0.1102E-03
  0.1579E-02
  0.4177E-04
  0.2142E-02
  0.2136E-02
  0.2114E-02
  0.2286E-02
  0.2237E-02
  0.2079E-02
  0.2206E-02
  0.1378E-02
  0.2463E-02
  0.2404E-02
  0.2137E-02
  0.2141E-02
  0.2190E-02
  0.2084E-02
  0.1674E-02
  0.1509E-02
  0.1168E-02
  0.2185E-02
  0.1869E-02
  0.1116E-02
  0.4206E-04
  0.5067E-04
  0.3762E-04
  0.2021E-02
  0.5289E-03
  0.2633E-04
  0.2693E-04
  0.9807E-03
  0.2549E-02
  0.2614E-02
  0.2526E-02
  0.1415E-02
  0.1267E-02
  0.5224E-03
  0.1080E-02
  0.2364E-02
  0.4201E-03
  0.4483E-03
  0.1215E-03
  0.1100E-03
  0.9056E-04
  0.3464E-04
  0.3572E-04
  0.8602E-03
  0.3692E-04
  0.4910E-03
  0.4575E-04
  0.9182E-04
  0.4100E-04
  0.3950E-04
  0.4057E-04
  0.4121E-04
  0.4110E-04
  0.4204E-04
  0.4311E-04
  0.4331E-04
  0.4445E-04
  0.4476E-04
  0.4574E-04
  0.4642E-04
  0.4703E-04
  0.4761E-04
  0.4830E-04
  0.4896E-04
  0.4933E-04
  0.5025E-04
  0.5103E-04
  0.5158E-04
  0.5258E-04
  0.5346E-04
  0.1374E-03
  0.5480E-04
  0.5539E-04
  0.3034E-03
  0.1523E-02
  0.7203E-04
  0.5509E-03
  0.6217E-04
  0.2133E-02
  0.2603E-02
  0.1611E-02
  0.2754E-03
  0.2539E-02
  0.2672E-02
  0.2540E-02
  0.2604E-02
  0.2743E-02
  0.2717E-02
  0.2643E-02
  0.2718E-02
  0.2715E-02
  0.2682E-02
  0.2733E-02
  0.2715E-02
  0.2549E-02
  0.2578E-02
  0.2344E-02
  0.2126E-02
  0.2428E-02
  0.7877E-04
  0.7974E-04
  0.2253E-02
  0.8088E-04
  0.1132E-02
  0.8440E-04
  0.2396E-03
  0.2262E-02
  0.1933E-02
  0.2343E-02
  0.2497E-02
  0.5011E-03
  0.2198E-02
  0.1958E-02
  0.2153E-03
  0.9744E-03
  0.2120E-02
  0.1106E-02
  0.1207E-02
  0.1306E-03
  0.9960E-04
  0.1009E-03
  0.1017E-03
  0.1020E-03
  0.5697E-03
  0.1055E-03
  0.1060E-03
  0.1069E-03
  0.1079E-03
  0.1109E-03
  0.1622E-03
  0.1133E-03
  0.7374E-03
  0.1052E-02
  0.2355E-03
  0.1563E-03
  0.1765E-02
  0.2219E-02
  0.2298E-02
  0.2606E-02
  0.2361E-02
  0.1280E-03
  0.2507E-02
  0.2642E-02
  0.1717E-02
  0.1390E-03
  0.2621E-02
  0.2667E-02
  0.1280E-02
  0.2614E-02
  0.2696E-02
  0.2717E-02
  0.2725E-02
  0.2643E-02
  0.1283E-02
  0.2702E-02
  0.2728E-02
  0.2676E-02
  0.2702E-02
  0.2720E-02
  0.2714E-02
  0.2733E-02
  0.2689E-02
  0.2742E-02
  0.2671E-02
  0.2698E-02
  0.2706E-02
  0.2694E-02
  0.2683E-02
  0.2431E-02
  0.2710E-02
  0.1428E-02
  0.1761E-02
  0.2715E-02
  0.2706E-02
  0.2641E-02
  0.2715E-02
  0.2674E-02
  0.1755E-02
  0.1272E-02
  0.2576E-02
  0.1774E-02
  0.2355E-02
  0.4961E-03
  0.1010E-02
  0.1229E-02
  0.1881E-02
  0.6867E-03
  0.7990E-03
  0.7571E-03
  0.8766E-03
  0.1196E-02
  0.2080E-03
  0.3672E-03
  0.2192E-03
  0.2206E-03
  0.9481E-03
  0.2209E-03
  0.2205E-03
  0.2287E-03
  0.2622E-03
  0.2342E-03
  0.2352E-03
  0.2363E-03
  0.2417E-03
  0.5909E-03
  0.1570E-02
  0.1173E-02
  0.2198E-02
  0.2153E-02
  0.1221E-02
  0.6666E-03
  0.2162E-02
  0.1984E-02
  0.2615E-03
  0.5865E-03
  0.1367E-02
  0.1140E-02
  0.8634E-03
  0.2324E-02
  0.2495E-02
  0.2597E-02
  0.2630E-02
  0.2630E-02
  0.2607E-02
  0.2683E-02
  0.2575E-02
  0.2557E-02
  0.2691E-02
  0.2640E-02
  0.2629E-02
  0.2734E-02
  0.2706E-02
  0.2619E-02
  0.2478E-02
  0.2562E-02
  0.2689E-02
  0.2640E-02
  0.2591E-02
  0.2575E-02
  0.2559E-02
  0.1576E-02
  0.2483E-02
  0.2386E-02
  0.2562E-02
  0.2590E-02
  0.2619E-02
  0.2519E-02
  0.2524E-02
  0.2490E-02
  0.2532E-02
  0.2499E-02
  0.2396E-02
  0.1069E-02
  0.2488E-02
  0.2406E-02
  0.5212E-03
  0.1863E-02
  0.2183E-02
  0.1566E-02
  0.2369E-02
  0.1163E-02
  0.1594E-02
  0.2162E-02
  0.1651E-02
  0.8001E-03
  0.2488E-02
  0.1197E-02
  0.2543E-02
  0.2554E-02
  0.2435E-02
  0.2409E-02
  0.2524E-02
  0.2423E-02
  0.2532E-02
  0.1916E-02
  0.2414E-02
  0.2018E-02
  0.2484E-02
  0.2529E-02
  0.2441E-02
  0.2515E-02
  0.2490E-02
  0.2377E-02
  0.2451E-02
  0.2498E-02
  0.2498E-02
  0.2480E-02
  0.2532E-02
  0.2458E-02
  0.2512E-02
  0.2482E-02
  0.2498E-02
  0.2491E-02
  0.2493E-02
  0.2426E-02
  0.2512E-02
  0.2506E-02
  0.2462E-02
  0.2499E-02
  0.2485E-02
  0.2514E-02
  0.2467E-02
  0.2504E-02
  0.2478E-02
  0.2457E-02
  0.2449E-02
  0.2482E-02
  0.2479E-02
  0.2469E-02
  0.2435E-02
  0.2436E-02
  0.2354E-02
  0.2107E-02
  0.2340E-02
  0.2299E-02
  0.5877E-03
  0.2404E-02
  0.1978E-02
  0.2340E-02
  0.2317E-02
  0.1442E-02
  0.1992E-02
  0.2159E-02
  0.7981E-03
  0.7964E-03
  0.9774E-03
  0.2310E-02
  0.5978E-03
  0.1928E-02
  0.1709E-02
  0.2220E-02
  0.1875E-02
  0.2303E-02
  0.2299E-02
  0.2272E-02
  0.1653E-02
  0.1723E-02
  0.2380E-02
  0.2284E-02
  0.2377E-02
  0.2372E-02
  0.2272E-02
  0.2287E-02
  0.2179E-02
  0.2280E-02
  0.2346E-02
  0.2358E-02
  0.7660E-03
  0.2241E-02
  0.1254E-02
  0.2318E-02
  0.2343E-02
  0.2356E-02
  0.2355E-02
  0.2362E-02
  0.2325E-02
  0.2311E-02
  0.2319E-02
  0.2312E-02
  0.2303E-02
  0.2276E-02
  0.2295E-02
  0.2319E-02
  0.2322E-02
  0.2303E-02
  0.2321E-02
  0.2316E-02
  0.2296E-02
  0.2298E-02
  0.2290E-02
  0.2266E-02
  0.2220E-02
  0.2208E-02
  0.2243E-02
  0.2220E-02
  0.2098E-02
  0.2266E-02
  0.2238E-02
  0.2188E-02
  0.2232E-02
  0.1925E-02
  0.1798E-02
  0.1983E-02
  0.2193E-02
  0.1466E-02
  0.2170E-02
  0.2227E-02
  0.2121E-02
  0.2140E-02
  0.2173E-02
  0.2164E-02
  0.2182E-02
  0.2206E-02
  0.2179E-02
  0.2129E-02
  0.2122E-02
  0.2176E-02
  0.2163E-02
  0.2190E-02
  0.2207E-02
  0.2155E-02
  0.2175E-02
  0.2162E-02
  0.2155E-02
  0.1813E-02
  0.2125E-02
  0.2150E-02
  0.2164E-02
  0.2172E-02
  0.2177E-02
  0.2148E-02
  0.2092E-02
  0.2072E-02
  0.2094E-02
  0.2137E-02
  0.2128E-02
  0.2157E-02
  0.2122E-02
  0.2128E-02
  0.2108E-02
  0.2019E-02
  0.2050E-02
  0.2110E-02
  0.2045E-02
  0.2100E-02
  0.2101E-02
  0.2121E-02
  0.2078E-02
  0.2110E-02
  0.2086E-02
  0.2132E-02
  0.2095E-02
  0.2090E-02
  0.2109E-02
  0.2107E-02
  0.2055E-02
  0.1981E-02
  0.2033E-02
  0.2040E-02
  0.1989E-02
  0.2060E-02
  0.2017E-02
  0.2029E-02
  0.1662E-02
  0.1995E-02
  0.2033E-02
  0.2024E-02
  0.1978E-02
  0.2017E-02
  0.1794E-02
  0.1590E-02
  0.1783E-02
  0.1710E-02
  0.2040E-02
  0.1981E-02
  0.2018E-02
  0.2055E-02
  0.2050E-02
  0.2067E-02
  0.2044E-02
  0.2015E-02
  0.2013E-02
  0.1996E-02
  0.1952E-02
  0.2007E-02
  0.2008E-02
  0.1963E-02
  0.1961E-02
  0.2009E-02
  0.2019E-02
  0.2024E-02
  0.1936E-02
  0.1860E-02
  0.1917E-02
  0.1947E-02
  0.1895E-02
  0.1966E-02
  0.1945E-02
  0.1867E-02
  0.1903E-02
  0.1941E-02
  0.1931E-02
  0.1990E-02
  0.1914E-02
  0.1891E-02
  0.1911E-02
  0.1874E-02
  0.1833E-02
  0.1878E-02
  0.1864E-02
  0.1892E-02
  0.1950E-02
  0.1953E-02
  0.1960E-02
  0.1932E-02
  0.1877E-02
  0.1948E-02
  0.1880E-02
  0.1906E-02
  0.1920E-02
  0.1879E-02
  0.1905E-02
  0.1858E-02
  0.1908E-02
  0.1901E-02
  0.1904E-02
  0.1859E-02
  0.1891E-02
  0.1812E-02
  0.1812E-02
  0.1831E-02
  0.1744E-02
  0.1771E-02
  0.1815E-02
  0.1862E-02
  0.1864E-02
  0.1805E-02
  0.1864E-02
  0.1922E-02
  0.1850E-02
  0.1824E-02
  0.1808E-02
  0.1683E-02
  0.1827E-02
  0.1871E-02
  0.1898E-02
  0.1802E-02
  0.1872E-02
  0.1866E-02
  0.1760E-02
  0.1628E-02
  0.1603E-02
  0.1808E-02
  0.1814E-02
  0.1825E-02
  0.1807E-02
  0.1702E-02
  0.1702E-02
  0.1756E-02
  0.1736E-02
  0.1733E-02
  0.1699E-02
  0.1684E-02
  0.1443E-02
  0.1669E-02
  0.1316E-02
  0.1615E-02
  0.1779E-02
  0.1699E-02
  0.1683E-02
  0.1725E-02
  0.1715E-02
  0.1710E-02
  0.1875E-02
  0.1759E-02
  0.1760E-02
  0.1721E-02
  0.1785E-02
  0.1671E-02
  0.1643E-02
  0.1758E-02
  0.1774E-02
  0.1883E-02
  0.1780E-02
  0.1824E-02
  0.1665E-02
  0.1806E-02
  0.1733E-02
  0.1679E-02
  0.1665E-02
  0.1718E-02
  0.1661E-02
  0.1811E-02
  0.1801E-02
  0.1645E-02
  0.1817E-02
  0.1832E-02
  0.1819E-02
  0.1787E-02
  0.1831E-02
  0.1845E-02
  0.1792E-02
  0.1756E-02
  0.1786E-02
  0.1619E-02
  0.1749E-02
  0.1767E-02
  0.1859E-02
  0.1877E-02
  0.1668E-02
  0.1724E-02
  0.1798E-02
  0.1695E-02
  0.1661E-02
  0.1375E-02
  0.1605E-02
  0.1768E-02
  0.1812E-02
  0.1791E-02
  0.1829E-02
  0.1850E-02
  0.1850E-02
  0.1872E-02
  0.1844E-02
  0.1854E-02
  0.1864E-02
  0.1829E-02
  0.1809E-02
  0.1867E-02
  0.1873E-02
  0.1812E-02
  0.1761E-02
  0.1828E-02
  0.1851E-02
  0.1841E-02
  0.1842E-02
  0.1806E-02
  0.1773E-02
  0.1827E-02
  0.1814E-02
  0.1763E-02
  0.1695E-02
  0.1708E-02
  0.1800E-02
  0.1785E-02
  0.1748E-02
  0.1749E-02
  0.1815E-02
  0.1694E-02
  0.1766E-02
  0.1804E-02
  0.1740E-02
  0.1741E-02
  0.1846E-02
  0.1739E-02
  0.1819E-02
  0.1849E-02
  0.1811E-02
  0.1802E-02
  0.1846E-02
  0.1783E-02
  0.1772E-02
  0.1789E-02
  0.1822E-02
  0.1721E-02
  0.1809E-02
  0.1855E-02
  0.1825E-02
  0.1833E-02
  0.1754E-02
  0.1767E-02
  0.1752E-02
  0.1822E-02
  0.1751E-02
  0.1643E-02
  0.1663E-02
  0.1782E-02
  0.1811E-02
  0.1851E-02
  0.1879E-02
  0.1791E-02
  0.1729E-02
  0.1739E-02
  0.1755E-02
  0.1676E-02
  0.1778E-02
  0.1720E-02
  0.1674E-02
  0.1529E-02
  0.1517E-02
  0.1669E-02
  0.1707E-02
  0.1693E-02
  0.1675E-02
  0.1629E-02
  0.1679E-02
  0.1745E-02
  0.1598E-02
  0.1639E-02
  0.1490E-02
  0.1470E-02
  0.1551E-02
  0.1569E-02
  0.1445E-02
  0.1333E-02
  0.1472E-02
  0.1423E-02
  0.1545E-02
  0.1649E-02
  0.1625E-02
  0.1432E-02
  0.1404E-02
  0.1351E-02
  0.1168E-02
  0.1516E-02
  0.1579E-02
  0.1241E-02
  0.1561E-02
  0.1496E-02
  0.1012E-02
  0.9624E-03
  0.1042E-02
  0.1189E-02
  0.1290E-02
  0.1235E-02
  0.1373E-02
  0.1423E-02
  0.1306E-02
  0.1382E-02
  0.1531E-02
  0.1365E-02
  0.1447E-02
  0.1455E-02
  0.1466E-02
  0.1547E-02
  0.1419E-02
  0.1501E-02
  0.1406E-02
  0.1278E-02
  0.1540E-02
  0.1389E-02
  0.1488E-02
  0.1562E-02
  0.1430E-02
  0.1381E-02
  0.1450E-02
  0.1417E-02
  0.1412E-02
  0.1469E-02
  0.1394E-02
  0.1371E-02
  0.1471E-02
  0.1529E-02
  0.1508E-02
  0.1447E-02
  0.1531E-02
  0.1479E-02
  0.1424E-02
  0.1535E-02
  0.1374E-02
  0.1459E-02
  0.1514E-02
  0.1517E-02
  0.1549E-02
  0.1510E-02
  0.1511E-02
  0.1260E-02
  0.1239E-02
  0.1429E-02
  0.1502E-02
  0.1475E-02
  0.1439E-02
  0.1365E-02
  0.1363E-02
  0.1372E-02
  0.1329E-02
  0.1345E-02
  0.1365E-02
  0.1405E-02
  0.1425E-02
  0.1349E-02
  0.1449E-02
  0.1462E-02
  0.1396E-02
  0.1456E-02
  0.1489E-02
  0.1499E-02
  0.1481E-02
  0.1474E-02
  0.1433E-02
  0.1389E-02
  0.1417E-02
  0.1367E-02
  0.1370E-02
  0.1333E-02
  0.1254E-02
  0.1172E-02
  0.9855E-03
  0.7390E-03
  0.5693E-03
  0.6476E-03
  0.8458E-03
  0.1014E-02
  0.1053E-02
  0.1016E-02
  0.9005E-03
  0.7671E-03
  0.5864E-03
  0.4565E-03
  0.5582E-03
  0.7608E-03
  0.8900E-03
  0.1003E-02
  0.1090E-02
  0.1105E-02
  0.1024E-02
  0.1007E-02
  0.1014E-02
  0.1006E-02
  0.9314E-03
  0.8242E-03
  0.8032E-03
  0.7917E-03
  0.8182E-03
  0.7716E-03
  0.7869E-03
  0.8280E-03
  0.7625E-03
  0.7257E-03
  0.7904E-03
  0.8305E-03
  0.8218E-03
  0.7379E-03
  0.5999E-03
  0.5581E-03
  0.5399E-03
  0.5621E-03
  0.6202E-03
  0.6876E-03
  0.7752E-03
  0.8582E-03
  0.9995E-03
  0.1014E-02
  0.1005E-02
  0.8709E-03
  0.8778E-03
  0.9419E-03
  0.9732E-03
  0.1117E-02
  0.1160E-02
  0.1132E-02
  0.1083E-02
  0.9869E-03
  0.9187E-03
  0.9196E-03
  0.8807E-03
  0.9363E-03
  0.8892E-03
  0.7223E-03
  0.7026E-03
  0.8058E-03
  0.7707E-03
  0.6681E-03
  0.8028E-03
  0.8921E-03
  0.8881E-03
  0.8004E-03
  0.9534E-03
  0.1080E-02
  0.1007E-02
  0.9204E-03
  0.9708E-03
  0.1090E-02
  0.1078E-02
  0.1061E-02
  0.1031E-02
  0.9483E-03
  0.9793E-03
  0.9612E-03
  0.1016E-02
  0.1058E-02
  0.1038E-02
  0.1045E-02
  0.1069E-02
  0.1095E-02
  0.1065E-02
  0.1008E-02
  0.8884E-03
  0.8263E-03
  0.8852E-03
  0.9259E-03
  0.8755E-03
  0.8179E-03
  0.8398E-03
  0.9458E-03
  0.8562E-03
  0.7431E-03
  0.7702E-03
  0.7892E-03
  0.7455E-03
  0.7694E-03
  0.8059E-03
  0.8925E-03
  0.9078E-03
  0.8492E-03
  0.7589E-03
  0.6247E-03
  0.5609E-03
  0.5623E-03
  0.6514E-03
  0.7001E-03
  0.6581E-03
  0.6694E-03
  0.7255E-03
  0.8281E-03
  0.8366E-03
  0.8530E-03
  0.8862E-03
  0.9456E-03
  0.9516E-03
  0.9354E-03
  0.9399E-03
  0.9101E-03
  0.8698E-03
  0.8408E-03
  0.7821E-03
  0.7352E-03
  0.7944E-03
  0.8591E-03
  0.8168E-03
  0.8144E-03
  0.8766E-03
  0.8910E-03
  0.9135E-03
  0.8701E-03
  0.7629E-03
  0.7622E-03
  0.7305E-03
  0.7929E-03
  0.7664E-03
  0.7756E-03
  0.7476E-03
  0.7052E-03
  0.7691E-03
  0.8213E-03
  0.7776E-03
  0.7646E-03
  0.7157E-03
  0.7575E-03
  0.7851E-03
  0.7946E-03
  0.7401E-03
  0.6519E-03
  0.5932E-03
  0.6669E-03
  0.7612E-03
  0.8139E-03
  0.8569E-03
  0.8308E-03
  0.8138E-03
  0.8109E-03
  0.8125E-03
  0.7392E-03
  0.7295E-03
  0.7686E-03
  0.7828E-03
  0.8256E-03
  0.8706E-03
  0.8509E-03
  0.7848E-03
  0.7385E-03
  0.7728E-03
  0.7918E-03
  0.7591E-03
  0.7287E-03
  0.7235E-03
  0.7365E-03
  0.6465E-03
  0.6172E-03
  0.6575E-03
  0.6978E-03
  0.6259E-03
  0.6927E-03
  0.8079E-03
  0.8179E-03
  0.7951E-03
  0.8051E-03
  0.8220E-03
  0.7917E-03
  0.7654E-03
  0.7208E-03
  0.7705E-03
  0.7769E-03
  0.7771E-03
  0.7831E-03
  0.7758E-03
  0.8050E-03
  0.8056E-03
  0.7772E-03
  0.7975E-03
  0.7908E-03
  0.7878E-03
  0.8348E-03
  0.9198E-03
  0.9081E-03
  0.8959E-03
  0.8759E-03
  0.8145E-03
  0.7552E-03
  0.7645E-03
  0.7677E-03
  0.7602E-03
  0.7748E-03
  0.7860E-03
  0.7856E-03
  0.8173E-03
  0.7963E-03
  0.8009E-03
  0.8192E-03
  0.7912E-03
  0.7364E-03
  0.6698E-03
  0.6302E-03
  0.6259E-03
  0.6344E-03
  0.6182E-03
  0.5912E-03
  0.5437E-03
  0.5243E-03
  0.5124E-03
  0.4869E-03
  0.5163E-03
  0.5652E-03
  0.5946E-03
  0.5880E-03
  0.5321E-03
  0.5089E-03
  0.5455E-03
  0.6257E-03
  0.6719E-03
  0.6552E-03
  0.6261E-03
  0.5851E-03
  0.5464E-03
  0.5161E-03
  0.5715E-03
  0.5528E-03
  0.5198E-03
  0.4932E-03
  0.5171E-03
  0.5962E-03
  0.6473E-03
  0.6538E-03
  0.6039E-03
  0.5423E-03
  0.5092E-03
  0.4520E-03
  0.4157E-03
  0.4570E-03
  0.5154E-03
  0.5423E-03
  0.5508E-03
  0.5097E-03
  0.4621E-03
  0.5370E-03
  0.5776E-03
  0.5718E-03
  0.5449E-03
  0.5358E-03
  0.5367E-03
  0.5284E-03
  0.5123E-03
  0.5129E-03
  0.5016E-03
  0.5329E-03
  0.5863E-03
  0.6056E-03
  0.6036E-03
  0.5958E-03
  0.5397E-03
  0.4628E-03
  0.3733E-03
  0.3770E-03
  0.3729E-03
  0.3770E-03
  0.3931E-03
  0.4429E-03
  0.4739E-03
  0.4834E-03
  0.4658E-03
  0.4949E-03
  0.4822E-03
  0.4707E-03
  0.4806E-03
  0.4721E-03
  0.4254E-03
  0.4345E-03
  0.4418E-03
  0.4138E-03
  0.3819E-03
  0.4444E-03
  0.4737E-03
  0.4803E-03
  0.4508E-03
  0.4659E-03
  0.4623E-03
  0.4267E-03
  0.4353E-03
  0.4489E-03
  0.4812E-03
  0.4745E-03
  0.4582E-03
  0.4339E-03
  0.3874E-03
  0.3411E-03
  0.2937E-03
  0.2894E-03
  0.3311E-03
  0.3522E-03
  0.3506E-03
  0.3312E-03
  0.3028E-03
  0.3135E-03
  0.2722E-03
  0.2799E-03
  0.3415E-03
  0.3608E-03
  0.3513E-03
  0.3847E-03
  0.3730E-03
  0.3276E-03
  0.2937E-03
  0.3040E-03
  0.3563E-03
  0.4129E-03
  0.4233E-03
  0.3774E-03
  0.3352E-03
  0.3092E-03
  0.3092E-03
  0.3428E-03
  0.4113E-03
  0.4158E-03
  0.4060E-03
  0.4092E-03
  0.4091E-03
  0.3988E-03
  0.3682E-03
  0.3407E-03
  0.3948E-03
  0.3873E-03
  0.3689E-03
  0.3605E-03
  0.3759E-03
  0.4019E-03
  0.4186E-03
  0.3939E-03
  0.3527E-03
  0.3552E-03
  0.3709E-03
  0.3998E-03
  0.4058E-03
  0.4102E-03
  0.4216E-03
  0.4325E-03
  0.4327E-03
  0.4299E-03
  0.4406E-03
  0.4510E-03
  0.4338E-03
  0.4302E-03
  0.3961E-03
  0.3618E-03
  0.3292E-03
  0.2997E-03
  0.2820E-03
  0.2668E-03
  0.2529E-03
  0.2066E-03
  0.1745E-03
  0.1890E-03
  0.2141E-03
  0.2255E-03
  0.2383E-03
  0.2455E-03
  0.2176E-03
  0.2124E-03
  0.2088E-03
  0.1968E-03
  0.1780E-03
  0.1524E-03
  0.1202E-03
  0.9219E-04
  0.7313E-04
  0.7737E-04
  0.9881E-04
  0.1262E-03
  0.1516E-03
  0.1668E-03
  0.1799E-03
  0.1948E-03
  0.1939E-03
  0.1912E-03
  0.2061E-03
  0.2100E-03
  0.2034E-03
  0.1953E-03
  0.1939E-03
  0.1931E-03
  0.1845E-03
  0.1738E-03
  0.1614E-03
  0.1475E-03
  0.1301E-03
  0.1129E-03
  0.9911E-04
  0.8045E-04
  0.6529E-04
  0.5726E-04
  0.5402E-04
  0.5257E-04
  0.5187E-04
  0.5610E-04
  0.6274E-04
  0.7318E-04
  0.8646E-04
  0.9977E-04
  0.1097E-03
  0.1143E-03
  0.1182E-03
  0.1263E-03
  0.1409E-03
  0.1576E-03
  0.1672E-03
  0.1715E-03
  0.1694E-03
  0.1661E-03
  0.1745E-03
  0.1670E-03
  0.1610E-03
  0.1608E-03
  0.1538E-03
  0.1169E-03
  0.1158E-03
  0.1157E-03
  0.1044E-03
  0.8720E-04
  0.8539E-04
  0.8573E-04
  0.8746E-04
  0.9044E-04
  0.9491E-04
  0.1039E-03
  0.1170E-03
  0.1312E-03
  0.1447E-03
  0.1542E-03
  0.1363E-03
  0.1241E-03
  0.1204E-03
  0.1162E-03
  0.1056E-03
  0.1157E-03
  0.1307E-03
  0.1431E-03
  0.1629E-03
  0.1657E-03
  0.1658E-03
  0.1692E-03
  0.1759E-03
  0.1811E-03
  0.1817E-03
  0.1754E-03
  0.1610E-03
  0.1490E-03
  0.1519E-03
  0.1571E-03
  0.1536E-03
  0.1513E-03
  0.1594E-03
  0.1652E-03
  0.1618E-03
  0.1652E-03
  0.1601E-03
  0.1579E-03
  0.1660E-03
  0.1745E-03
  0.1637E-03
  0.1533E-03
  0.1564E-03
  0.1603E-03
  0.1618E-03
  0.1610E-03
  0.1600E-03
  0.1689E-03
  0.1725E-03
  0.1739E-03
  0.1777E-03
  0.1687E-03
  0.1572E-03
  0.1471E-03
  0.1417E-03
  0.1493E-03
  0.1632E-03
  0.1732E-03
  0.1584E-03
  0.1543E-03
  0.1461E-03
  0.1234E-03
  0.1037E-03
  0.8208E-04
  0.6487E-04
  0.6307E-04
  0.6261E-04
  0.6520E-04
  0.6987E-04
  0.6906E-04
  0.6827E-04
  0.6633E-04
  0.6135E-04
  0.5774E-04
  0.5271E-04
  0.4813E-04
  0.5332E-04
  0.5212E-04
  0.4970E-04
  0.5331E-04
  0.5936E-04
  0.5890E-04
  0.5109E-04
  0.4973E-04
  0.5642E-04
  0.6457E-04
  0.6432E-04
  0.7170E-04
  0.7840E-04
  0.7761E-04
  0.6807E-04
  0.6669E-04
  0.7596E-04
  0.8656E-04
  0.8581E-04
  0.7712E-04
  0.6705E-04
  0.7016E-04
  0.7579E-04
  0.7490E-04
  0.7284E-04
  0.6992E-04
  0.6578E-04
  0.5876E-04
  0.5288E-04
  0.4976E-04
  0.5172E-04
  0.5050E-04
  0.4712E-04
  0.4674E-04
  0.4570E-04
  0.4308E-04
  0.3743E-04
  0.3456E-04
  0.3340E-04
  0.3298E-04
  0.3294E-04
  0.3262E-04
  0.3137E-04
  0.3054E-04
  0.2979E-04
  0.2891E-04
  0.2884E-04
  0.2871E-04
  0.2778E-04
  0.2447E-04
  0.2233E-04
  0.2342E-04
  0.2221E-04
  0.2152E-04
  0.2300E-04
  0.2269E-04
  0.2201E-04
  0.2184E-04
  0.2283E-04
  0.2455E-04
  0.2700E-04
  0.2920E-04
  0.2974E-04
  0.2678E-04
  0.2849E-04
  0.3096E-04
  0.2984E-04
  0.3110E-04
  0.3297E-04
  0.3233E-04
  0.3176E-04
  0.3074E-04
  0.2695E-04
  0.2321E-04
  0.2031E-04
  0.2042E-04
  0.2139E-04
  0.2252E-04
  0.2134E-04
  0.2150E-04
  0.2485E-04
  0.2602E-04
  0.2679E-04
  0.2852E-04
  0.2825E-04
  0.2728E-04
  0.2785E-04
  0.2791E-04
  0.2733E-04
  0.2632E-04
  0.2532E-04
  0.2446E-04
  0.2379E-04
  0.2367E-04
  0.2477E-04
  0.2513E-04
  0.2506E-04
  0.2509E-04
  0.2514E-04
  0.2531E-04
  0.2647E-04
  0.2770E-04
  0.2861E-04
  0.3001E-04
  0.3174E-04
  0.3383E-04
  0.3388E-04
  0.3209E-04
  0.3277E-04
  0.3317E-04
  0.3162E-04
  0.3181E-04
  0.3308E-04
  0.3475E-04
  0.3585E-04
  0.3611E-04
  0.3551E-04
  0.3476E-04
  0.3443E-04
  0.3466E-04
  0.3509E-04
  0.3344E-04
  0.3130E-04
  0.2913E-04
  0.2610E-04
  0.2277E-04
  0.2068E-04
  0.2021E-04
  0.2208E-04
  0.2125E-04
  0.1957E-04
  0.2034E-04
  0.2174E-04
  0.2350E-04
  0.2273E-04
  0.2114E-04
  0.2079E-04
  0.2099E-04
  0.2181E-04
  0.2410E-04
  0.2625E-04
  0.2479E-04
  0.2372E-04
  0.2391E-04
  0.2344E-04
  0.2233E-04
  0.1960E-04
  0.1838E-04
  0.2031E-04
  0.2315E-04
  0.2596E-04
  0.2501E-04
  0.2402E-04
  0.2470E-04
  0.2579E-04
  0.2693E-04
  0.2554E-04
  0.2382E-04
  0.2340E-04
  0.2405E-04
  0.2580E-04
  0.2465E-04
  0.2277E-04
  0.2404E-04
  0.2559E-04
  0.2668E-04
  0.2671E-04
  0.2596E-04
  0.2536E-04
  0.2436E-04
  0.2156E-04
  0.1939E-04
  0.1853E-04
  0.1756E-04
  0.1681E-04
  0.1901E-04
  0.2096E-04
  0.1949E-04
  0.1911E-04
  0.2075E-04
  0.2190E-04
  0.2256E-04
  0.2149E-04
  0.2077E-04
  0.2296E-04
  0.2386E-04
  0.2222E-04
  0.2265E-04
  0.2443E-04
  0.2529E-04
  0.2533E-04
  0.2279E-04
  0.2135E-04
  0.2308E-04
  0.2416E-04
  0.2440E-04
  0.2230E-04
  0.1949E-04
  0.1956E-04
  0.2066E-04
  0.2316E-04
  0.2538E-04
  0.2684E-04
  0.2555E-04
  0.2199E-04
  0.2064E-04
  0.2017E-04
  0.1907E-04
  0.1840E-04
  0.1997E-04
  0.2118E-04
  0.2118E-04
  0.2095E-04
  0.2053E-04
  0.2081E-04
  0.2143E-04
  0.2135E-04
  0.2125E-04
  0.2233E-04
  0.2339E-04
  0.2374E-04
  0.2314E-04
  0.2091E-04
  0.1923E-04
  0.1819E-04
  0.1706E-04
  0.1589E-04
  0.1514E-04
  0.1453E-04
  0.1398E-04
  0.1359E-04
  0.1387E-04
  0.1426E-04
  0.1475E-04
  0.1575E-04
  0.1760E-04
  0.1849E-04
  0.1835E-04
  0.1927E-04
  0.2084E-04
  0.2139E-04
  0.2153E-04
  0.2203E-04
  0.2258E-04
  0.2280E-04
  0.2321E-04
  0.2471E-04
  0.2593E-04
  0.2589E-04
  0.2538E-04
  0.2404E-04
  0.2361E-04
  0.2462E-04
  0.2533E-04
  0.2572E-04
  0.2681E-04
  0.2841E-04
  0.2914E-04
  0.2930E-04
  0.2705E-04
  0.2393E-04
  0.2299E-04
  0.2266E-04
  0.2152E-04
  0.2034E-04
  0.2021E-04
  0.2029E-04
  0.2033E-04
  0.2021E-04
  0.1945E-04
  0.1824E-04
  0.1572E-04
  0.1414E-04
  0.1552E-04
  0.1634E-04
  0.1533E-04
  0.1452E-04
  0.1432E-04
  0.1461E-04
  0.1576E-04
  0.1729E-04
  0.1940E-04
  0.2081E-04
  0.2122E-04
  0.2053E-04
  0.1843E-04
  0.1806E-04
  0.1970E-04
  0.1963E-04
  0.1769E-04
  0.1760E-04
  0.1944E-04
  0.1954E-04
  0.1791E-04
  0.1693E-04
  0.1657E-04
  0.1660E-04
  0.1701E-04
  0.1730E-04
  0.1749E-04
  0.1786E-04
  0.1842E-04
  0.1779E-04
  0.1592E-04
  0.1452E-04
  0.1362E-04
  0.1286E-04
  0.1226E-04
  0.1212E-04
  0.1261E-04
  0.1255E-04
  0.1171E-04
  0.1098E-04
  0.1044E-04
  0.1055E-04
  0.1189E-04
  0.1294E-04
  0.1333E-04
  0.1343E-04
  0.1287E-04
  0.1227E-04
  0.1167E-04
  0.1148E-04
  0.1275E-04
  0.1396E-04
  0.1426E-04
  0.1442E-04
  0.1447E-04
  0.1451E-04
  0.1453E-04
  0.1455E-04
  0.1458E-04
  0.1464E-04
  0.1528E-04
  0.1612E-04
  0.1596E-04
  0.1531E-04
  0.1427E-04
  0.1298E-04
  0.1226E-04
  0.1209E-04
  0.1194E-04
  0.1182E-04
  0.1159E-04
  0.1114E-04
  0.1096E-04
  0.1153E-04
  0.1197E-04
  0.1168E-04
  0.1122E-04
  0.1020E-04
  0.9266E-05
  0.1050E-04
  0.1232E-04
  0.1316E-04
  0.1356E-04
  0.1390E-04
  0.1419E-04
  0.1377E-04
  0.1252E-04
  0.1193E-04
  0.1261E-04
  0.1283E-04
  0.1144E-04
  0.1028E-04
  0.1095E-04
  0.1183E-04
  0.1185E-04
  0.1164E-04
  0.1149E-04
  0.1138E-04
  0.1082E-04
  0.9888E-05
  0.9402E-05
  0.9643E-05
  0.9720E-05
  0.9287E-05
  0.8882E-05
  0.8822E-05
  0.8784E-05
  0.8317E-05
  0.7721E-05
  0.7527E-05
  0.7574E-05
  0.7444E-05
  0.7093E-05
  0.6776E-05
  0.6548E-05
  0.6350E-05
  0.6293E-05
  0.6257E-05
  0.6230E-05
  0.6206E-05
  0.6229E-05
  0.6281E-05
  0.6294E-05
  0.6246E-05
  0.6191E-05
  0.6114E-05
  0.6032E-05
  0.5936E-05
  0.5838E-05
  0.5761E-05
  0.5695E-05
  0.5646E-05
  0.5619E-05
  0.5574E-05
  0.5477E-05
  0.5392E-05
  0.5413E-05
  0.5454E-05
  0.5476E-05
  0.5489E-05
  0.5517E-05
  0.5562E-05
  0.5601E-05
  0.5623E-05
  0.5640E-05
  0.5616E-05
  0.5581E-05
  0.5569E-05
  0.5571E-05
  0.5552E-05
  0.5496E-05
  0.5457E-05
  0.5502E-05
  0.5551E-05
  0.5399E-05
  0.5166E-05
  0.5055E-05
  0.5091E-05
  0.5104E-05
  0.5040E-05
  0.4975E-05
  0.4981E-05
  0.5010E-05
  0.5024E-05
  0.5023E-05
  0.5003E-05
  0.4927E-05
  0.4838E-05
  0.4654E-05
  0.4445E-05
  0.4437E-05
  0.4601E-05
  0.4723E-05
  0.4723E-05
  0.4720E-05
  0.4766E-05
  0.4827E-05
  0.4806E-05
  0.4708E-05
  0.4637E-05
  0.4664E-05
  0.4693E-05
  0.4619E-05
  0.4509E-05
  0.4445E-05
  0.4442E-05
  0.4440E-05
  0.4442E-05
  0.4443E-05
  0.4407E-05
  0.4351E-05
  0.4304E-05
  0.4277E-05
  0.4248E-05
  0.4204E-05
  0.1039E-02
