 tau_sw_i
                          0.7168406083236646E-16
                          0.9740879131742746E-14
                          0.1026520606167980E-13
                          0.6944106599299826E-13
                          0.1984407482605764E-12
                          0.1068204030326131E-12
                          0.6334569709946186E-12
                          0.7737842757583181E-13
                          0.3352452890849025E-13
                          0.2428141748106894E-12
                          0.1485909832809068E-13
                          0.5719316021575633E-11
                          0.3258255765511695E-11
                          0.3221865532619193E-13
                          0.4273133536955015E-13
                          0.5671636100138328E-13
                          0.7270290415795083E-13
                          0.9502068907577951E-13
                          0.1163214496281773E-12
                          0.1465084175014677E-12
                          0.1776304925414280E-12
                          0.2184758520124340E-12
                          0.3986772172779306E-12
                          0.3254976929567782E-11
                          0.9073926800071897E-09
                          0.8725120075536951E-08
                          0.1018677099929554E-05
                          0.7737316952762060E-05
                          0.1869103650506637E-07
                          0.1327154641434683E-08
                          0.8064917670443027E-09
                          0.1033030435842521E-11
                          0.1301950263821619E-11
                          0.1309097342297952E-11
                          0.1482353379961383E-11
                          0.1655634523018140E-11
                          0.1853041424394449E-11
                          0.2067619058021834E-11
                          0.2354573185129961E-11
                          0.2562271727440795E-11
                          0.2822931025240120E-11
                          0.3116164140163859E-11
                          0.3463754955730682E-11
                          0.3821082216115198E-11
                          0.4131400272935230E-11
                          0.4519541015938576E-11
                          0.4934502453100481E-11
                          0.5377372077188449E-11
                          0.5849544795688623E-11
                          0.6798641803656273E-11
                          0.5648418097741250E-10
                          0.2390738844931579E-10
                          0.9527651100422569E-08
                          0.9932061100935681E-11
                          0.3236361059642330E-10
                          0.6296326499682007E-10
                          0.1126532343148359E-10
                          0.1162591928463080E-10
                          0.1246296368463782E-10
                          0.1334474593998856E-10
                          0.1427285976143818E-10
                          0.1524737593850972E-10
                          0.1627273677072583E-10
                          0.1744521377530682E-10
                          0.1847245671410253E-10
                          0.1965877238851900E-10
                          0.2096131532732066E-10
                          0.2218901908947087E-10
                          0.2354714296253104E-10
                          0.2495351378149472E-10
                          0.2642997947184814E-10
                          0.2797199470355109E-10
                          0.2958091143050837E-10
                          0.4132758965465105E-10
                          0.3407603051228767E-10
                          0.3649692551241309E-07
                          0.1117759467504873E-03
                          0.1993671483865888E-09
                          0.5317801327339179E-10
                          0.4320531611974487E-10
                          0.4612565544119688E-10
                          0.2087054479337128E-08
                          0.3448745347754075E-08
                          0.2389331353578440E-05
                          0.9207691657262819E-06
                          0.5860898252453768E-10
                          0.6019831730213480E-10
                          0.6303452986675888E-10
                          0.6598447073517350E-10
                          0.8555706434110117E-10
                          0.1716938145244170E-07
                          0.5408958338857430E-03
                          0.1959845940936284E-02
                          0.2996401924318621E-04
                          0.3440501030723761E-04
                          0.6724367071664540E-06
                          0.1212181677701924E-09
                          0.9739693113351221E-10
                          0.1015122878431170E-09
                          0.1406911086531996E-09
                          0.3706840054946600E-09
                          0.1183275197194586E-09
                          0.1197529632065711E-09
                          0.1573682452609861E-07
                          0.2125022646298757E-09
                          0.2632860318542306E-09
                          0.1410970972293327E-09
                          0.1441807830030101E-09
                          0.1496692622642236E-09
                          0.1555484094262827E-09
                          0.1652635480579195E-09
                          0.1677913515408452E-09
                          0.1730764732023461E-09
                          0.1793208737427912E-09
                          0.1857505440883557E-09
                          0.1923522424497029E-09
                          0.1991292369426773E-09
                          0.2060812756168412E-09
                          0.2132253224146421E-09
                          0.2238196687783785E-09
                          0.2240860945220949E-08
                          0.2359100586548070E-09
                          0.2436188206894507E-09
                          0.2533539669077674E-09
                          0.2599940344517507E-09
                          0.4950649818403969E-08
                          0.2774464769941644E-09
                          0.2862260087912619E-09
                          0.2969266859712949E-09
                          0.3045136825714450E-09
                          0.3140645494122221E-09
                          0.3239924375062849E-09
                          0.3349421732616961E-09
                          0.1353623179980804E-07
                          0.4643253912081840E-08
                          0.3653973626243153E-09
                          0.3762080090680633E-09
                          0.4360797490484194E-09
                          0.4002276482382945E-09
                          0.4415409590755736E-09
                          0.1239857163626314E-08
                          0.2604103585576178E-08
                          0.8106541958953795E-06
                          0.2211678247039885E-07
                          0.9057714249663243E-06
                          0.1299754622481795E-05
                          0.6414231667513686E-08
                          0.2388311110477652E-04
                          0.8169411589813136E-06
                          0.1595899180865468E-05
                          0.1562603732086685E-08
                          0.5715998691849673E-09
                          0.5872299348832978E-09
                          0.6042409366380545E-09
                          0.9540515574509374E-08
                          0.6350699291936345E-09
                          0.6513578654695387E-09
                          0.6679697913166426E-09
                          0.6851343960649804E-09
                          0.7051755287676883E-09
                          0.2239778216440892E-08
                          0.7454555208233091E-09
                          0.7571650236919557E-09
                          0.7760295590771894E-09
                          0.7952441660026773E-09
                          0.8148136516514285E-09
                          0.4785921519535987E-06
                          0.8550867517083228E-09
                          0.8757408972424760E-09
                          0.8967252999329734E-09
                          0.9181332896262901E-09
                          0.9399226142180599E-09
                          0.9620975040012052E-09
                          0.9846675200272550E-09
                          0.1007632030688401E-08
                          0.1033234513552989E-08
                          0.1054753947771079E-08
                          0.6072463635668924E-05
                          0.1103504073925777E-08
                          0.1143852823533767E-08
                          0.1154625848559664E-08
                          0.1179947579362195E-08
                          0.1206079861883432E-08
                          0.4024409780020031E-08
                          0.1261404674554546E-08
                          0.1405533129630542E-08
                          0.1095730919707382E-03
                          0.1347843832379000E-08
                          0.1373538917233701E-08
                          0.1413848027334338E-08
                          0.1571465573120737E-08
                          0.1535978872403643E-08
                          0.1558723637426790E-08
                          0.8490189640989108E-08
                          0.2290153479545439E-08
                          0.1024874608281317E-07
                          0.6983352152015252E-08
                          0.1314981126250349E-04
                          0.1618276005013607E-07
                          0.2259999181685164E-07
                          0.2200430643668724E-07
                          0.1811462259813486E-08
                          0.1866870046410112E-08
                          0.2714073443080780E-08
                          0.1188654148051238E-05
                          0.2154833243763160E-08
                          0.1979435172022951E-08
                          0.2018172576475220E-08
                          0.2057337722907011E-08
                          0.2097290975027422E-08
                          0.2139763103730085E-08
                          0.2179729150116241E-08
                          0.2271172902110161E-08
                          0.2334559824883060E-08
                          0.2305077233336594E-08
                          0.2348466797604179E-08
                          0.2392933477917778E-08
                          0.2437065631567374E-08
                          0.2482253276309205E-08
                          0.2528105071121590E-08
                          0.2574589174797601E-08
                          0.2621713847635450E-08
                          0.2669477569467953E-08
                          0.2717893894717916E-08
                          0.2766965319804604E-08
                          0.2816697970770321E-08
                          0.2867115320834151E-08
                          0.2918364278673957E-08
                          0.2969929666024522E-08
                          0.3022367911685370E-08
                          0.3075494076322024E-08
                          0.3129344269699052E-08
                          0.3183875274547563E-08
                          0.3241106359379692E-08
                          0.3295345201661536E-08
                          0.3531525938312125E-08
                          0.3409157936318651E-08
                          0.3467328276257542E-08
                          0.4596931402812524E-08
                          0.3671141117399095E-08
                          0.3646649985663277E-08
                          0.2512014906704970E-07
                          0.3771814568438865E-08
                          0.3848396114775197E-08
                          0.3897105610074933E-08
                          0.3963467297239753E-08
                          0.4026761127326724E-08
                          0.1801649216168985E-07
                          0.4185795102364022E-08
                          0.4397619862790891E-08
                          0.4348845907546897E-08
                          0.4368524298599574E-08
                          0.4436224727711573E-08
                          0.9264533470886468E-07
                          0.4945682035508590E-08
                          0.4648452833010767E-08
                          0.4720067200269718E-08
                          0.4794086743801684E-08
                          0.4870186562864136E-08
                          0.4948645039001359E-08
                          0.5045091463168350E-08
                          0.5102479037801738E-08
                          0.5179411263993029E-08
                          0.5257622740147576E-08
                          0.5338030102196733E-08
                          0.5419362020090361E-08
                          0.5507495833880536E-08
                          0.5736194844270933E-08
                          0.5734194038209367E-08
                          0.5754135757214057E-08
                          0.5879837465410563E-08
                          0.5930123036040026E-08
                          0.6015058723235963E-08
                          0.6103887567082304E-08
                          0.6285374118197040E-08
                          0.6322547162252672E-08
                          0.6386061904452582E-08
                          0.6528116835873608E-08
                          0.7117360661573754E-08
                          0.8083758950785428E-08
                          0.6757243033156764E-08
                          0.6851319285263741E-08
                          0.6949361851424179E-08
                          0.7048436348696231E-08
                          0.7148575063790586E-08
                          0.7249945911385295E-08
                          0.7352055106081562E-08
                          0.1342141210637329E-07
                          0.7559844717661054E-08
                          0.7665375080125745E-08
                          0.7772013517084694E-08
                          0.7880412638534921E-08
                          0.8972760256580939E-08
                          0.8099812864173841E-08
                          0.8209849141277211E-08
                          0.8321964162739448E-08
                          0.8437694785314084E-08
                          0.8549941638589516E-08
                          0.8668785832152741E-08
                          0.8784802651618891E-08
                          0.8900585924308931E-08
                          0.9019852538773980E-08
                          0.9140294532289375E-08
                          0.9267456225373032E-08
                          0.9396530036487118E-08
                          0.9509730511380259E-08
                          0.9638612842652847E-08
                          0.9760712342478530E-08
                          0.9888561801777111E-08
                          0.1022167147158622E-07
                          0.1014835495476716E-07
                          0.1027936918843142E-07
                          0.1041220138724331E-07
                          0.1054631651970204E-07
                          0.1068174912663516E-07
                          0.1081846671229366E-07
                          0.1095678021420639E-07
                          0.1109617387764108E-07
                          0.1123653440295938E-07
                          0.1137865464740825E-07
                          0.1152201639853262E-07
                          0.1166645222259691E-07
                          0.1181306181420230E-07
                          0.1203558891268606E-07
                          0.1211689786293336E-07
                          0.1237793933338140E-07
                          0.1241054049879914E-07
                          0.1284852016172849E-07
                          0.6730560640703313E-04
                          0.1287434772866885E-07
                          0.1303096382257172E-07
                          0.1320467014454290E-07
                          0.1347565883945838E-07
                          0.1351102047502705E-07
                          0.1367399440893453E-07
                          0.1383847185078934E-07
                          0.1400442730942533E-07
                          0.1417187221943038E-07
                          0.1434081470450856E-07
                          0.1451131137463015E-07
                          0.1468322607554768E-07
                          0.1485671648872263E-07
                          0.1503173312612102E-07
                          0.1520829647840032E-07
                          0.1538640648620531E-07
                          0.1556607890012217E-07
                          0.1574736578140009E-07
                          0.1733429485689191E-07
                          0.1611861716833145E-07
                          0.1630055649320418E-07
                          0.1648815914443912E-07
                          0.1667738221476095E-07
                          0.1686823914013844E-07
                          0.1902844163968664E-07
                          0.1725494387173397E-07
                          0.1745060927290539E-07
                          0.1764804568717493E-07
                          0.1784720976944913E-07
                          0.2659965377266217E-07
                          0.1825046298890756E-07
                          0.1845459261582551E-07
                          0.1866047668439125E-07
                          0.1901729539851344E-07
                          0.1907740794896699E-07
                          0.1928847463537774E-07
                          0.1950129614944041E-07
                          0.1971586333438950E-07
                          0.1993219092351525E-07
                          0.2015030136823715E-07
                          0.2037019650495900E-07
                          0.2066027239400237E-07
                          0.2081539151090613E-07
                          0.2104072657747648E-07
                          0.2126782666515176E-07
                          0.2149680102838198E-07
                          0.2186728406321718E-07
                          0.2196359858931347E-07
                          0.2219479738120391E-07
                          0.2243120387852327E-07
                          0.2266950251599625E-07
                          0.2291053482871057E-07
                          0.2315948014950683E-07
                          0.2339574340791770E-07
                          0.2364166100430036E-07
                          0.2388965930118277E-07
                          0.2413943949008772E-07
                          0.2439106619387860E-07
                          0.2464477522112935E-07
                          0.2490046401529698E-07
                          0.2515813728819783E-07
                          0.2541780524732787E-07
                          0.2567947859201433E-07
                          0.2594316628185604E-07
                          0.2620888023939490E-07
                          0.2647663786359850E-07
                          0.2674642555633702E-07
                          0.2701827800326490E-07
                          0.2729219760025304E-07
                          0.2756819478975547E-07
                          0.2784628010753489E-07
                          0.2812646376011208E-07
                          0.2840875674392015E-07
                          0.2869317007423699E-07
                          0.2897971171403022E-07
                          0.2926839512680008E-07
                          0.2955923004387168E-07
                          0.2985222708469853E-07
                          0.3014739936108071E-07
                          0.3044475257862682E-07
                          0.3074429789921305E-07
                          0.3104796128052504E-07
                          0.3135045280076110E-07
                          0.3165621416185117E-07
                          0.3196464796226285E-07
                          0.3227532839520730E-07
                          0.3258826804582346E-07
                          0.3290347888631741E-07
                          0.3322097074822274E-07
                          0.3354075380399692E-07
                          0.3386285144508800E-07
                          0.3418727257521477E-07
                          0.3451396807643234E-07
                          0.3484304544507991E-07
                          0.3525950919476928E-07
                          0.3550968100664883E-07
                          0.3584436190406908E-07
                          0.3618286654902931E-07
                          0.3652378009414986E-07
                          0.3686713537387633E-07
                          0.3721428501919378E-07
                          0.3756498858650482E-07
                          0.3791251775076154E-07
                          0.3826468887496067E-07
                          0.3878779653332323E-07
                          0.3902161141265823E-07
                          0.3933853901357002E-07
                          0.3970148905832677E-07
                          0.4006694371661069E-07
                          0.4043491639169096E-07
                          0.4080555281760777E-07
                          0.4117845912966158E-07
                          0.4155405255504826E-07
                          0.4193220958811676E-07
                          0.4231294180876489E-07
                          0.4269626090079933E-07
                          0.4308485052034567E-07
                          0.4347070814989115E-07
                          0.4386185701058187E-07
                          0.4425563965827925E-07
                          0.4465206875611962E-07
                          0.4505115525791462E-07
                          0.4545291099710256E-07
                          0.4585734782294925E-07
                          0.4626447764654153E-07
                          0.4667431241022097E-07
                          0.4708689257540128E-07
                          0.4750214556642415E-07
                          0.4792016686777751E-07
                          0.4834096392726693E-07
                          0.4876452956849755E-07
                          0.4919096022840376E-07
                          0.4961990131281436E-07
                          0.5005180811387503E-07
                          0.5048652837916569E-07
                          0.5092407426734954E-07
                          0.5136445806232010E-07
                          0.5180769198103334E-07
                          0.5225378829402080E-07
                          0.5270282342004107E-07
                          0.5315461748747009E-07
                          0.5360937470236912E-07
                          0.5406704382798018E-07
                          0.5452763709519561E-07
                          0.5499116693566681E-07
                          0.5545764580361645E-07
                          0.5592709449338954E-07
                          0.5639950560286027E-07
                          0.5687490152780068E-07
                          0.5735330157582414E-07
                          0.5783471333501127E-07
                          0.5831914942872835E-07
                          0.5880665390944780E-07
                          0.5929714762650101E-07
                          0.5979073108383220E-07
                          0.6028738999368454E-07
                          0.6078713773643666E-07
                          0.6128998607785132E-07
                          0.6179594801912889E-07
                          0.6230503554257132E-07
                          0.6281726231864803E-07
                          0.6333264103794715E-07
                          0.6385118456624246E-07
                          0.6437290586320870E-07
                          0.6489782244600782E-07
                          0.6542593336906257E-07
                          0.6595726563085519E-07
                          0.6649182762187045E-07
                          0.6702963248055878E-07
                          0.6757069570583645E-07
                          0.6811502260304639E-07
                          0.6866263433678854E-07
                          0.6921354163787303E-07
                          0.6976776002934224E-07
                          0.7032529396094826E-07
                          0.7088616631577205E-07
                          0.7145038679913675E-07
                          0.7201797677238003E-07
                          0.7258939701996030E-07
                          0.7316327011487913E-07
                          0.7374101640953912E-07
                          0.7432218746747068E-07
                          0.7490769213477197E-07
                          0.7549479900492482E-07
                          0.7608628590540012E-07
                          0.7668124173851955E-07
                          0.7727967995725213E-07
                          0.7788161422180054E-07
                          0.7848705794470248E-07
                          0.7909602468161230E-07
                          0.7970852832873458E-07
                          0.8032458243835419E-07
                          0.8094420069878095E-07
                          0.8156739683597473E-07
                          0.8219418459484442E-07
                          0.8282457774850951E-07
                          0.8345859009644721E-07
                          0.8409623546508576E-07
                          0.8473752785398024E-07
                          0.8538248069634748E-07
                          0.8603114356207672E-07
                          0.8668342458349273E-07
                          0.8733944335563804E-07
                          0.8799917877122081E-07
                          0.8866264671596773E-07
                          0.8932985493118022E-07
                          0.9000082399181001E-07
                          0.9067556578064487E-07
                          0.9135409441340994E-07
                          0.9203642403299992E-07
                          0.9272256880561888E-07
                          0.9341254293554462E-07
                          0.9410636063657462E-07
                          0.9480403633951450E-07
                          0.9550558388377312E-07
                          0.9621101783191715E-07
                          0.9694055284220376E-07
                          0.9763360223487801E-07
                          0.9835078148329558E-07
                          0.9907190459526267E-07
                          0.9979698615694862E-07
                          0.1005260400860552E-06
                          0.1012590821643559E-06
                          0.1019961257884337E-06
                          0.1027371931510992E-06
                          0.1034822741838156E-06
                          0.1042314116285071E-06
                          0.1049846059027030E-06
                          0.1057419042602847E-06
                          0.1065032405862395E-06
                          0.1072686996516677E-06
                          0.1080382822271779E-06
                          0.1088119987858579E-06
                          0.1095898641907830E-06
                          0.1103720403613274E-06
                          0.1111581070682108E-06
                          0.1119484942220908E-06
                          0.1127431002085201E-06
                          0.1135419286989989E-06
                          0.1143449946562014E-06
                          0.1151523131567537E-06
                          0.1159638990939425E-06
                          0.1167797675020471E-06
                          0.1175999334123638E-06
                          0.1184244118865581E-06
                          0.1192532180395688E-06
                          0.1200863672903800E-06
                          0.1209238748200501E-06
                          0.1217657569886390E-06
                          0.1226120218734881E-06
                          0.1234626935724237E-06
                          0.1243177840362669E-06
                          0.1251773085321267E-06
                          0.1260412823624739E-06
                          0.1269097208553410E-06
                          0.1277826393653924E-06
                          0.1286600533384416E-06
                          0.1295419779965891E-06
                          0.1304284289395064E-06
                          0.1313194215911752E-06
                          0.1322149714304375E-06
                          0.1331150939643297E-06
                          0.1340198047365887E-06
                          0.1349291193145226E-06
                          0.1358430532824649E-06
                          0.1367616222655520E-06
                          0.1376848419060441E-06
                          0.1386127278770748E-06
                          0.1395452958776571E-06
                          0.1404825616171503E-06
                          0.1414245426996094E-06
                          0.1423712767353525E-06
                          0.1433227029711168E-06
                          0.1442789174753944E-06
                          0.1452399088578185E-06
                          0.1462056932077227E-06
                          0.1471762906747518E-06
                          0.1481517020596023E-06
                          0.1491319594709603E-06
                          0.1501170736097062E-06
                          0.1511070604913416E-06
                          0.1521019393108642E-06
                          0.1531017136620235E-06
                          0.1541067033910037E-06
                          0.1551160507554726E-06
                          0.1561306401897498E-06
                          0.1571501991281852E-06
                          0.1581747427652519E-06
                          0.1592042882850697E-06
                          0.1602388515602776E-06
                          0.1612784488699163E-06
                          0.1623230965167775E-06
                          0.1633728108309143E-06
                          0.1644276251104387E-06
                          0.1654875049116720E-06
                          0.1665525174683552E-06
                          0.1676226622759561E-06
                          0.1686979557952769E-06
                          0.1697784145141844E-06
                          0.1708640549471210E-06
                          0.1719548936347275E-06
                          0.1730509471592449E-06
                          0.1741522320687447E-06
                          0.1752587719125661E-06
                          0.1763705645429211E-06
                          0.1774876416635328E-06
                          0.1786100187291395E-06
                          0.1797377116903041E-06
                          0.1808707339475482E-06
                          0.1820091055495417E-06
                          0.1831528423220766E-06
                          0.1843019610367711E-06
                          0.1854564785506291E-06
                          0.1866164117470178E-06
                          0.1877817775359028E-06
                          0.1889525937010292E-06
                          0.1901288746605921E-06
                          0.1913106399477181E-06
                          0.1924979057297730E-06
                          0.1936906890480747E-06
                          0.1948890069717476E-06
                          0.1960928766093684E-06
                          0.1973023150315855E-06
                          0.1985173396922768E-06
                          0.1997379669815319E-06
                          0.2009642148668878E-06
                          0.2021961003438556E-06
                          0.2034336414335833E-06
                          0.2046768529417974E-06
                          0.2059257547033977E-06
                          0.2071803632301130E-06
                          0.2084406962912828E-06
                          0.2097067701745892E-06
                          0.2109786027902278E-06
                          0.2122562120565415E-06
                          0.2135396151087422E-06
                          0.2148288294356880E-06
                          0.2161238725534233E-06
                          0.2174247620112310E-06
                          0.2187315153572320E-06
                          0.2203280855435201E-06
                          0.2213626841884376E-06
                          0.2226871349059566E-06
                          0.2240175200791070E-06
                          0.2253538573927282E-06
                          0.2266961645771266E-06
                          0.2280444593758498E-06
                          0.2293987595775983E-06
                          0.2307590829851030E-06
                          0.2321254474302151E-06
                          0.2334978707889708E-06
                          0.2348763749038349E-06
                          0.2362609657243175E-06
                          0.2385725666052871E-06
                          0.2390485112005932E-06
                          0.2404514978337448E-06
                          0.2418606511253381E-06
                          0.2432759890812472E-06
                          0.2446975295214972E-06
                          0.2461252909202082E-06
                          0.2475592912522029E-06
                          0.2489995486742024E-06
                          0.2504460815069511E-06
                          0.2518989074607049E-06
                          0.2533580454586467E-06
                          0.2548235132296530E-06
                          0.2562953290228223E-06
                          0.2577735119939968E-06
                          0.2592580788500652E-06
                          0.2607490494137756E-06
                          0.2622464417980870E-06
                          0.2637502740354193E-06
                          0.2652605644327706E-06
                          0.2667773319996045E-06
                          0.2683005949781078E-06
                          0.2698303737907355E-06
                          0.2713666812642859E-06
                          0.2729095416884240E-06
                          0.2744589717555946E-06
                          0.2764381754939567E-06
                          0.2775776153057852E-06
                          0.2791468661279171E-06
                          0.2807227615087815E-06
                          0.2823053193691410E-06
                          0.2838945592712332E-06
                          0.2854904997268914E-06
                          0.2870931595439181E-06
                          0.2887025575565789E-06
                          0.2903187126288030E-06
                          0.2919416436328646E-06
                          0.2935713694969248E-06
                          0.2952079091551738E-06
                          0.2968512815731825E-06
                          0.2985015057429594E-06
                          0.3001586006828682E-06
                          0.3018225854923265E-06
                          0.3034934790783536E-06
                          0.3051713039209167E-06
                          0.3068560695153588E-06
                          0.3085478044223532E-06
                          0.3102465248447942E-06
                          0.3119522499877027E-06
                          0.3136649988420800E-06
                          0.3153848021347957E-06
                          0.3171116453339341E-06
                          0.3188455815035177E-06
                          0.3205866187259023E-06
                          0.3223373395196500E-06
                          0.3240901251552936E-06
                          0.3258525303736272E-06
                          0.3276221656092790E-06
                          0.3293989989981442E-06
                          0.3311830499832072E-06
                          0.3329743381011017E-06
                          0.3347728828919825E-06
                          0.3365787039268606E-06
                          0.3383918208047306E-06
                          0.3402122531499774E-06
                          0.3420400206134890E-06
                          0.3438751428727140E-06
                          0.3457176396486649E-06
                          0.3475675306197728E-06
                          0.3494248362841530E-06
                          0.3512895743346511E-06
                          0.3531617666539846E-06
                          0.3550414324207827E-06
                          0.3569285913938026E-06
                          0.3588232635642534E-06
                          0.3607254688122896E-06
                          0.3626352270788742E-06
                          0.3645525583309967E-06
                          0.3664774825625530E-06
                          0.3684100197934169E-06
                          0.3703501900703735E-06
                          0.3722980134647655E-06
                          0.3742535100804020E-06
                          0.3762167002585905E-06
                          0.3781876034858818E-06
                          0.3801662406034510E-06
                          0.3821526316026906E-06
                          0.3841467967098858E-06
                          0.3861487561822289E-06
                          0.3881585303063920E-06
                          0.3901761393829294E-06
                          0.3922016037739652E-06
                          0.3942349438217627E-06
                          0.3962761798680118E-06
                          0.3983253324111749E-06
                          0.4003824218521683E-06
                          0.4024474686677342E-06
                          0.4045204933488857E-06
                          0.4066015164171232E-06
                          0.4086905584191714E-06
                          0.4107876399616755E-06
                          0.4128927815476940E-06
                          0.4150060038953658E-06
                          0.4171273294968919E-06
                          0.4192567734399827E-06
                          0.4213943620035656E-06
                          0.4235401140765123E-06
                          0.4256940504093526E-06
                          0.4278561919925051E-06
                          0.4300265590182782E-06
                          0.4322051729421134E-06
                          0.4343920594735321E-06
                          0.4365872243458214E-06
                          0.4387907036361892E-06
                          0.4410025132273783E-06
                          0.4432226740837121E-06
                          0.4454512075071902E-06
                          0.4476881336662523E-06
                          0.4499334744383879E-06
                          0.4521872505948400E-06
                          0.4544494832392184E-06
                          0.4567201935595027E-06
                          0.4589994026724926E-06
                          0.4612871317579317E-06
                          0.4635834020218362E-06
                          0.4658882346967110E-06
                          0.4682016510413285E-06
                          0.4705236723408460E-06
                          0.4728543199072304E-06
                          0.4751936150777201E-06
                          0.4775415792160018E-06
                          0.4798982337135521E-06
                          0.4822636000872078E-06
                          0.4846376994806380E-06
                          0.4870205536628672E-06
                          0.4894121840301789E-06
                          0.4918126123733103E-06
                          0.4942218594356002E-06
                          0.4966399476432668E-06
                          0.4990668981923565E-06
                          0.5015027328475740E-06
                          0.5039474732174678E-06
                          0.5064011409978237E-06
                          0.5088637578496565E-06
                          0.5113353455521082E-06
                          0.5138159258494641E-06
                          0.5163055205276934E-06
                          0.5188041513991228E-06
                          0.5213118403023753E-06
                          0.5238286091025336E-06
                          0.5263544796909703E-06
                          0.5288894739854329E-06
                          0.5314336139300558E-06
                          0.5339869214954113E-06
                          0.5365494186778199E-06
                          0.5391211275010208E-06
                          0.5417020700143613E-06
                          0.5442922682937181E-06
                          0.5468917444413642E-06
                          0.5495005205859122E-06
                          0.5521186188824071E-06
                          0.5547460615407437E-06
                          0.5573828706824016E-06
                          0.5600290686303078E-06
                          0.5626846776084894E-06
                          0.5653497199112875E-06
                          0.5680242178515777E-06
                          0.5707081937647244E-06
                          0.5734016700156105E-06
                          0.5761046690254303E-06
                          0.5788172131381889E-06
                          0.5815393248714824E-06
                          0.5842710267249764E-06
                          0.5870123410379763E-06
                          0.5897632904940647E-06
                          0.5925238975870260E-06
                          0.5952941856993824E-06
                          0.5980741750265771E-06
                          0.6008638906044877E-06
                          0.6036633542867103E-06
                          0.6064725887553744E-06
                          0.6092916167189675E-06
                          0.6121204609127532E-06
                          0.6149591440966853E-06
                          0.6178076890595759E-06
                          0.6206661186153526E-06
                          0.6235344556120960E-06
                          0.6264127228904917E-06
                          0.6293009433703316E-06
                          0.6321991399618946E-06
                          0.6351073356108919E-06
                          0.6380255532893895E-06
                          0.6409538159958154E-06
                          0.6438921467549526E-06
                          0.6468405686181664E-06
                          0.6497991046623671E-06
                          0.6527677779918527E-06
                          0.6557466118189218E-06
                          0.6587356291271490E-06
                          0.6617348531257671E-06
                          0.6647443071619251E-06
                          0.6677640143979713E-06
                          0.6707939980958747E-06
                          0.6738342815440333E-06
                          0.6768848880571659E-06
                          0.6799458409776146E-06
                          0.6830171636697163E-06
                          0.6860988795289649E-06
                          0.6891910119763568E-06
                          0.6922935844577013E-06
                          0.6954066204459433E-06
                          0.6985301434400892E-06
                          0.7016641769659441E-06
                          0.7048087445761997E-06
                          0.7079638698467335E-06
                          0.7111295763845853E-06
                          0.7143058878348362E-06
                          0.7174928278103955E-06
                          0.7206904200395598E-06
                          0.7238986882172754E-06
                          0.7271176560803235E-06
                          0.7303473473916186E-06
                          0.7335877859409655E-06
                          0.7368389955438478E-06
                          0.7401010000362551E-06
                          0.7433738232946992E-06
                          0.7466574892105828E-06
                          0.7499520217048874E-06
                          0.7532574451397013E-06
                          0.7565737822442626E-06
                          0.7599010582630824E-06
                          0.7632392969637743E-06
                          0.7665885219308748E-06
                          0.7699487577117140E-06
                          0.7733200282565918E-06
                          0.7767023576945884E-06
                          0.7800957701866280E-06
                          0.7835002899163210E-06
                          0.7869159410945764E-06
                          0.7903427479586461E-06
                          0.7937807347721298E-06
                          0.7972299258250087E-06
                          0.8006903454336070E-06
                          0.8041620179406084E-06
                          0.8076449677151680E-06
                          0.8111392191523553E-06
                          0.8146447966742614E-06
                          0.8181617247288921E-06
                          0.8216900277914678E-06
                          0.8252297303613939E-06
                          0.8287808569656931E-06
                          0.8323434321595505E-06
                          0.8359174805221009E-06
                          0.8395030266694067E-06
                          0.8431000952047867E-06
                          0.8467087108200203E-06
                          0.8503288981798110E-06
                          0.8539606820149631E-06
                          0.8576040870356719E-06
                          0.8612591380304870E-06
                          0.8649258597821310E-06
                          0.8686042771077744E-06
                          0.8722944148507933E-06
                          0.8759962978811442E-06
                          0.8797099510949931E-06
                          0.8834353994149021E-06
                          0.8871726677897904E-06
                          0.8909217811955198E-06
                          0.8946827646319780E-06
                          0.8984556431306306E-06
                          0.9022404417478990E-06
                          0.9060371855462400E-06
                          0.9098458996564453E-06
                          0.9136666091983415E-06
                          0.9174993393367142E-06
                          0.9213441152568803E-06
                          0.9252009621711478E-06
                          0.9290699053700628E-06
                          0.9329509699657438E-06
                          0.9368441813966305E-06
                          0.9407495649383427E-06
                          0.9446671459317560E-06
                          0.9485969497478981E-06
                          0.9525390017827406E-06
                          0.9564933274607278E-06
                          0.9604599522358465E-06
                          0.9644389015701154E-06
                          0.9684302009801099E-06
                          0.9724338759898992E-06
                          0.9764499521546354E-06
                          0.9804784552408702E-06
                          0.9845194103013620E-06
                          0.9885728435254516E-06
                          0.9926387803886870E-06
                          0.9967172465780115E-06
                          0.1000808267807369E-05
                          0.1004911869814499E-05
                          0.1009028078367341E-05
                          0.1013156919257631E-05
                          0.1017298418304103E-05
                          0.1021452601351850E-05
                          0.1025619494272322E-05
                          0.1029799122963328E-05
                          0.1033991513349040E-05
                          0.1038196691379965E-05
                          0.1042414683033004E-05
                          0.1046645514311389E-05
                          0.1050889211244724E-05
                          0.1055145799888963E-05
                          0.1059415306326413E-05
                          0.1063697756665760E-05
                          0.1067993177042024E-05
                          0.1072301593627361E-05
                          0.1076623032592455E-05
                          0.1080957520138027E-05
                          0.1085305082539536E-05
                          0.1089665746808648E-05
                          0.1094039536957800E-05
                          0.1098426481587443E-05
                          0.1102826606283147E-05
                          0.1107239937417868E-05
                          0.1111666501388145E-05
                          0.1116106324620907E-05
                          0.1120559433566943E-05
                          0.1125025854924065E-05
                          0.1129505614536396E-05
                          0.1133998739592980E-05
                          0.1138505256432298E-05
                          0.1143025191636842E-05
                          0.1147558571816082E-05
                          0.1152105423605850E-05
                          0.1156665773668337E-05
                          0.1161239648692096E-05
                          0.1165827075392024E-05
                          0.1170428080509394E-05
                          0.1175042690811829E-05
                          0.1179670933093381E-05
                          0.1184312834174174E-05
                          0.1188968420901121E-05
                          0.1193637720147735E-05
                          0.1198320758812955E-05
                          0.1203017563820791E-05
                          0.1207728162126196E-05
                          0.1212452580706538E-05
                          0.1217190846597100E-05
                          0.1221942986737777E-05
                          0.1226709028277438E-05
                          0.1231488998269565E-05
                          0.1236282923824439E-05
                          0.1241090832078692E-05
                          0.1245912750195319E-05
                          0.1250748705363672E-05
                          0.1255598724799458E-05
                          0.1260462835751118E-05
                          0.1265341065467966E-05
                          0.1270233441263895E-05
                          0.1275139990453678E-05
                          0.1280060740384986E-05
                          0.1284995718431158E-05
                          0.1289944951993378E-05
                          0.1294908468496700E-05
                          0.1299886295396942E-05
                          0.1304878460168327E-05
                          0.1309884990321140E-05
                          0.1314905913385806E-05
                          0.1319941256922932E-05
                          0.1324991048510754E-05
                          0.1330055315766459E-05
                          0.1335134086325899E-05
                          0.1340227387852499E-05
                          0.1345335248036583E-05
                          0.1350457694594895E-05
                          0.1355594755269439E-05
                          0.1360746457877713E-05
                          0.1365912830072801E-05
                          0.1371093905876645E-05
                          0.1376289694916791E-05
                          0.1381500243241250E-05
                          0.1386725572693255E-05
                          0.1391965711200184E-05
                          0.1397220686718133E-05
                          0.1402490527220107E-05
                          0.1407775260719641E-05
                          0.1413074915247364E-05
                          0.1418389518863166E-05
                          0.1423719099649533E-05
                          0.1429063685786311E-05
                          0.1434423305216205E-05
                          0.1439797986298360E-05
                          0.1445187757158969E-05
                          0.1450592646015271E-05
                          0.1456012681110925E-05
                          0.1461447890715976E-05
                          0.1466898303126813E-05
                          0.1472363946666218E-05
                          0.1477844849683154E-05
                          0.1483341040553240E-05
                          0.1488852547678231E-05
                          0.1494379399492015E-05
                          0.1499921624432035E-05
                          0.1505479251001278E-05
                          0.1511052307686289E-05
                          0.1516640823035689E-05
                          0.1522244825604444E-05
                          0.1527864343978881E-05
                          0.1533499406771683E-05
                          0.1539150042621893E-05
                          0.1544816280196282E-05
                          0.1550498148182500E-05
                          0.1556195675302930E-05
                          0.1561908890300200E-05
                          0.1567637821945622E-05
                          0.1573382499036225E-05
                          0.1579142950395562E-05
                          0.1584919204874084E-05
                          0.1590711291348235E-05
                          0.1596519238717270E-05
                          0.1602343076155400E-05
                          0.1608182831892465E-05
                          0.1614038535635303E-05
                          0.1619910216148719E-05
                          0.1625797902468553E-05
                          0.1631701623665635E-05
                          0.1637621408795896E-05
                          0.1643557287004003E-05
                          0.1649509287419176E-05
                          0.1655477439207703E-05
                          0.1661461771562381E-05
                          0.1667462313702015E-05
                          0.1673479094872477E-05
                          0.1679512144343425E-05
                          0.1685561491414894E-05
                          0.1691627165410545E-05
                          0.1697709195681086E-05
                          0.1703807611603629E-05
                          0.1709922442581560E-05
                          0.1716053718045990E-05
                          0.1722201467448860E-05
                          0.1728365720277016E-05
                          0.1734546506037837E-05
                          0.1740743854266536E-05
                          0.1746957794524722E-05
                          0.1753188356400384E-05
                          0.1759435569514459E-05
                          0.1765699463503352E-05
                          0.1771980068011100E-05
                          0.1778277412757346E-05
                          0.1784591527461295E-05
                          0.1790922441863734E-05
                          0.1797270185737100E-05
                          0.1803634788880206E-05
                          0.1810016281118153E-05
                          0.1816414692302504E-05
                          0.1822830052311113E-05
                          0.1829262391048205E-05
                          0.1835711738444368E-05
                          0.1842178124456545E-05
                          0.1848661579068037E-05
                          0.1855162132288504E-05
                          0.1861679814153963E-05
                          0.1868214654771490E-05
                          0.1874766684095843E-05
                          0.1881335932375841E-05
                          0.1887922429708607E-05
                          0.1894526206261826E-05
                          0.1901147292229705E-05
                          0.1907785717832633E-05
                          0.1914441513317630E-05
                          0.1921114708957888E-05
                          0.1927805335053834E-05
                          0.1934513421928945E-05
                          0.1941238999938010E-05
                          0.1947982099459667E-05
                          0.1954742750966494E-05
                          0.1961520985410243E-05
                          0.1968316831835072E-05
                          0.1975130321156337E-05
                          0.1981961484838824E-05
                          0.1988810352858704E-05
                          0.1995676955779030E-05
                          0.2002561324189643E-05
                          0.2009463488705859E-05
                          0.2016383479970465E-05
                          0.2023321328651893E-05
                          0.2030277065447537E-05
                          0.2037250721071449E-05
                          0.2044242326278585E-05
                          0.2051251911840566E-05
                          0.2058279508557787E-05
                          0.2065325147273718E-05
                          0.2072388858791355E-05
                          0.2079470674040291E-05
                          0.2086570623909887E-05
                          0.2093688739331623E-05
                          0.2100825051264778E-05
                          0.2107979590712062E-05
                          0.2115152388630506E-05
                          0.2122343476112004E-05
                          0.2129552884202438E-05
                          0.2136780643992968E-05
                          0.2144026786598531E-05
                          0.2151291343162538E-05
                          0.2158574344856000E-05
                          0.2165875822873203E-05
                          0.2173195808436729E-05
                          0.2180534332799546E-05
                          0.2187891427226585E-05
                          0.2195267123022490E-05
                          0.2202661451519980E-05
                          0.2210074444070548E-05
                          0.2217506132135516E-05
                          0.2224956546874022E-05
                          0.2232425719968007E-05
                          0.2239913682793599E-05
                          0.2247420466836504E-05
                          0.2254946103608794E-05
                          0.2262490624648900E-05
                          0.2270054061522365E-05
                          0.2277636445817986E-05
                          0.2285237809156237E-05
                          0.2292858183178351E-05
                          0.2300497599556755E-05
                          0.2308156089999525E-05
                          0.2315833686192160E-05
                          0.2323530419919834E-05
                          0.2331246322948322E-05
                          0.2338981427078965E-05
                          0.2346735764139003E-05
                          0.2354509365984219E-05
                          0.2362302264495367E-05
                          0.2370114491580606E-05
                          0.2377946079171440E-05
                          0.2385797059230349E-05
                          0.2393667463743063E-05
                          0.2401557324722452E-05
                          0.2409466674207741E-05
                          0.2417395544265191E-05
                          0.2425343966984834E-05
                          0.2433311974486659E-05
                          0.2441299598951775E-05
                          0.2449306872440718E-05
                          0.2457333827261234E-05
                          0.2465380495600267E-05
                          0.2473446909707907E-05
                          0.2481533101860601E-05
                          0.2489639104361164E-05
                          0.2497764949538753E-05
                          0.2505910669756489E-05
                          0.2514076297373473E-05
                          0.2522261864820723E-05
                          0.2530467404525263E-05
                          0.2538692948949907E-05
                          0.2546938530576281E-05
                          0.2555204181923781E-05
                          0.2563489935530524E-05
                          0.2571795823965383E-05
                          0.2580121879895391E-05
                          0.2588468135701870E-05
                          0.2596834624274833E-05
                          0.2605221378204937E-05
                          0.2613628430183684E-05
                          0.2622055812981663E-05
                          0.2630503559218847E-05
                          0.2638971701809171E-05
                          0.2647460273670281E-05
                          0.2655969307147579E-05
                          0.2664498835581742E-05
                          0.2673048891742169E-05
                          0.2681619508393907E-05
                          0.2690210718616271E-05
                          0.2698822555323044E-05
                          0.2707455051502330E-05
                          0.2716108240168618E-05
                          0.2724782154362729E-05
                          0.2733476827151859E-05
                          0.2742192291630106E-05
                          0.2750928580915718E-05
                          0.2759685728156618E-05
                          0.2768463766525246E-05
                          0.2777262729219466E-05
                          0.2786082649465765E-05
                          0.2794923560515548E-05
                          0.2803785495646471E-05
                          0.2812668488163342E-05
                          0.2821572571396852E-05
                          0.2830497778704101E-05
                          0.2839444143468566E-05
                          0.2848411699100099E-05
                          0.2857400479034905E-05
                          0.2866410516879578E-05
                          0.2875441845690970E-05
                          0.2884494499416313E-05
                          0.2893568511453372E-05
                          0.2902663915370080E-05
                          0.2911780744760790E-05
                          0.2920919034434165E-05
                          0.2930078814473405E-05
                          0.2939260122115796E-05
                          0.2948462989873167E-05
                          0.2957687451472002E-05
                          0.2966933540663783E-05
                          0.2976201291228380E-05
                          0.2985490736970666E-05
                          0.2994801911722218E-05
                          0.3004134849340967E-05
                          0.3013489583712655E-05
                          0.3022866148743645E-05
                          0.3032264578375053E-05
                          0.3041684906569094E-05
                          0.3051127167315256E-05
                          0.3060591394629765E-05
                          0.3070077622555008E-05
                          0.3079585885159778E-05
                          0.3089116216539277E-05
                          0.3098668650814872E-05
                          0.3108243222134597E-05
                          0.3117839964673665E-05
                          0.3127458912629427E-05
                          0.3137100100232108E-05
                          0.3146763561733901E-05
                          0.3156449331415201E-05
                          0.3166157443579832E-05
                          0.3175887932562359E-05
                          0.3185640832720783E-05
                          0.3195416178440202E-05
                          0.3205214004132060E-05
                          0.3215034344234367E-05
                          0.3224877233210678E-05
                          0.3234742705552128E-05
                          0.3244630795775393E-05
                          0.3254541538423712E-05
                          0.3264474968066685E-05
                          0.3274431119300264E-05
                          0.3284410026746765E-05
                          0.3294411725054855E-05
                          0.3304436248899565E-05
                          0.3314483632982286E-05
                          0.3324553912030777E-05
                          0.3334647120799083E-05
                          0.3344763294067742E-05
                          0.3354902466643533E-05
                          0.3365064673360390E-05
                          0.3375249949075564E-05
                          0.3385458328677299E-05
                          0.3395689847076922E-05
                          0.3405944539213208E-05
                          0.3416222440051066E-05
                          0.3426523584581818E-05
                          0.3436848007829369E-05
                          0.3447195744819105E-05
                          0.3457566830640616E-05
                          0.3467961300382832E-05
                          0.3478379189170479E-05
                          0.3488820532152493E-05
                          0.3499285364504851E-05
                          0.3509773721429305E-05
                          0.3520285638154843E-05
                          0.3530821149936226E-05
                          0.3541380292055070E-05
                          0.3551963099817918E-05
                          0.3562569608559832E-05
                          0.3573199853640794E-05
                          0.3583853870447498E-05
                          0.3594531694392994E-05
                          0.3605233360916695E-05
                          0.3615958905484371E-05
                          0.3626708363588153E-05
                          0.3637481770747372E-05
                          0.3648279162504323E-05
                          0.3659100574629939E-05
                          0.3669946042129390E-05
                          0.3680815601794010E-05
                          0.3691709287349267E-05
                          0.3702627136208750E-05
                          0.3713569183471592E-05
                          0.3724535464895387E-05
                          0.3735526016225729E-05
                          0.3746540873245878E-05
                          0.3757580071762779E-05
                          0.3768643647612435E-05
                          0.3779731636655570E-05
                          0.3790844074779841E-05
                          0.3801980997898646E-05
                          0.3813142441954253E-05
                          0.3824328442908298E-05
                          0.3835539036758516E-05
                          0.3846774259522519E-05
                          0.3858034147246076E-05
                          0.3869318736001060E-05
                          0.3880628061885936E-05
                          0.3891962161025559E-05
                          0.3903321069571599E-05
                          0.3914704823698689E-05
                          0.3926113459617471E-05
                          0.3937547013545890E-05
                          0.3949005521751562E-05
                          0.3960489020513648E-05
                          0.3971997546141677E-05
                          0.3983531134970334E-05
                          0.3995089823362460E-05
                          0.4006673647706056E-05
                          0.4018282644415787E-05
                          0.4029916849932658E-05
                          0.4041576300724050E-05
                          0.4053261033283717E-05
                          0.4064971084131680E-05
                          0.4076706489814479E-05
                          0.4088467286904840E-05
                          0.4100253512002196E-05
                          0.4112065201731409E-05
                          0.4123902392745014E-05
                          0.4135765121721003E-05
                          0.4147653425364007E-05
                          0.4159567340404966E-05
                          0.4171506903601193E-05
                          0.4183472151736455E-05
                          0.4195463121620500E-05
                          0.4207479850089997E-05
                          0.4219522374007586E-05
                          0.4231590730262963E-05
                          0.4243684955786430E-05
                          0.4255805087472026E-05
                          0.4267951162336880E-05
                          0.4280123217358201E-05
                          0.4292321289558113E-05
                          0.4304545415983320E-05
                          0.4316795633708143E-05
                          0.4329071979830655E-05
                          0.4341374491479119E-05
                          0.4353703205805179E-05
                          0.4366058159988405E-05
                          0.4378439391233987E-05
                          0.4390846936773976E-05
                          0.4403280833865636E-05
                          0.4415741119794297E-05
                          0.4428227831870692E-05
                          0.4440741007431463E-05
                          0.4453280683840596E-05
                          0.4465846898487978E-05
                          0.4478439688790617E-05
                          0.4491059092188707E-05
                          0.4503705146153629E-05
                          0.4516377888179950E-05
                          0.4529077355789344E-05
                          0.4541803586529880E-05
                          0.4554556617976903E-05
                          0.4567336487728423E-05
                          0.4580143233414167E-05
                          0.4592976892686920E-05
                          0.4605837503231264E-05
                          0.4618725102738939E-05
                          0.4631639728956957E-05
                          0.4644581419639425E-05
                          0.4657550212571619E-05
                          0.4670546145565171E-05
                          0.4683569256458068E-05
                          0.4696619583114662E-05
                          0.4709697163425664E-05
                          0.4722802035308142E-05
                          0.4735934236705510E-05
                          0.4749093805588420E-05
                          0.4762280779950414E-05
                          0.4775495197819410E-05
                          0.4788737097234933E-05
                          0.4802006516280659E-05
                          0.4815303493056666E-05
                          0.4828628065686914E-05
                          0.4841980272329652E-05
                          0.4855360151164507E-05
                          0.4868767740397599E-05
                          0.4882203078263168E-05
                          0.4895666203020641E-05
                          0.4909157152956094E-05
                          0.4922675966381964E-05
                          0.4936222681637052E-05
                          0.4949797337086505E-05
                          0.4963399971121826E-05
                          0.4977030622160895E-05
                          0.4990689328647937E-05
                          0.5004376129053556E-05
                          0.5018091061878592E-05
                          0.5031834165634478E-05
                          0.5045605478883708E-05
                          0.5059405040195607E-05
                          0.5073232888177094E-05
                          0.5087089061450466E-05
                          0.5100973598676451E-05
                          0.5114886538534352E-05
                          0.5128827919732262E-05
                          0.5142797781004263E-05
                          0.5156796161111441E-05
                          0.5170823098838970E-05
                          0.5184878633001792E-05
                          0.5198962802438935E-05
                          0.5213075646017595E-05
                          0.5227217202626357E-05
                          0.5241387511187622E-05
                          0.5255586610645174E-05
                          0.5269814539970399E-05
                          0.5284071338161044E-05
                          0.5298357044241210E-05
                          0.5312671697261357E-05
                          0.5327015336298308E-05
                          0.5341388000455228E-05
                          0.5355789728861661E-05
                          0.5370220560673497E-05
                          0.5384680535072988E-05
                          0.5399169691268776E-05
                          0.5413688068495752E-05
                          0.5428235706015262E-05
                          0.5442812643115064E-05
                          0.5457418919109090E-05
                          0.5472054573337818E-05
                          0.5486719645167978E-05
                          0.5501414173992686E-05
                          0.5516138199231411E-05
                          0.5530891760329990E-05
                          0.5545674896760614E-05
                          0.5560487648021817E-05
                          0.5575330053638586E-05
                          0.5590202153161970E-05
                          0.5605103986169800E-05
                          0.5620035592265984E-05
                          0.5634997011080862E-05
                          0.5649988282271122E-05
                          0.5665009445522556E-05
                          0.5680060540536379E-05
                          0.5695141607072395E-05
                          0.5710252684842471E-05
                          0.5725393813692591E-05
                          0.5740565033391840E-05
                          0.5755766383811341E-05
                          0.5770997904808679E-05
                          0.5786259636277768E-05
                          0.5801551618138885E-05
                          0.5816873890338657E-05
                          0.5832226492850089E-05
                          0.5847609465672515E-05
                          0.5863022848832616E-05
                          0.5878466682379566E-05
                          0.5893941006394682E-05
                          0.5909445860981757E-05
                          0.5924981286271967E-05
                          0.5940547322422779E-05
                          0.5956144009618080E-05
                          0.5971771388068041E-05
                          0.5987429498014600E-05
                          0.6003118379704681E-05
                          0.6018838073444873E-05
                          0.6034588619541745E-05
                          0.6050370058340891E-05
                          0.6066182430209289E-05
                          0.6082025775542107E-05
                          0.6097900134760189E-05
                          0.6113805548310984E-05
                          0.6129742056668298E-05
                          0.6145709700332268E-05
                          0.6161708519829591E-05
                          0.6177738555712585E-05
                          0.6193799848564382E-05
                          0.6209892438980314E-05
                          0.6226016367602394E-05
                          0.6242171675085552E-05
                          0.6258358402114466E-05
                          0.6274576589400140E-05
                          0.6290826277679947E-05
                          0.6307107507717625E-05
                          0.6323420320303256E-05
                          0.6339764756253299E-05
                          0.6356140856410547E-05
                          0.6372548661644172E-05
                          0.6388988212849701E-05
                          0.6405459550949001E-05
                          0.6421962716890312E-05
                          0.6438497751648235E-05
                          0.6455064696227737E-05
                          0.6471663591644138E-05
                          0.6488294478963163E-05
                          0.6504957399260494E-05
                          0.6521652393642948E-05
                          0.6538379503243589E-05
                          0.6555138769220062E-05
                          0.6571930232759367E-05
                          0.6588753935072606E-05
                          0.6605609917398188E-05
                          0.6622498221005563E-05
                          0.6639418887170738E-05
                          0.6656371957233867E-05
                          0.6673357472509159E-05
                          0.6690375474391213E-05
                          0.6707426004268112E-05
                          0.6724509103562594E-05
                          0.6741624813723506E-05
                          0.6758773176227370E-05
                          0.6775954232576370E-05
                          0.6793168024292999E-05
                          0.6810414592936339E-05
                          0.6827693980088249E-05
                          0.6845006227354482E-05
                          0.6862351376374525E-05
                          0.6879729468790445E-05
                          0.6897140546306356E-05
                          0.6914584650628905E-05
                          0.6932061823497099E-05
                          0.6949572106676252E-05
                          0.6967115541958077E-05
                          0.6984692171160613E-05
                          0.7002302036128286E-05
                          0.7019945178731851E-05
                          0.7037621640868433E-05
                          0.7055331464461525E-05
                          0.7073074691460968E-05
                          0.7090851363842961E-05
                          0.7108661523610067E-05
                          0.7126505212791200E-05
                          0.7144382473441629E-05
                          0.7162293347642993E-05
                          0.7180237877505779E-05
                          0.7198216105156844E-05
                          0.7216228072764993E-05
                          0.7234273822512975E-05
                          0.7252353396616035E-05
                          0.7270466837313344E-05
                          0.7288614186871041E-05
                          0.7306795487581615E-05
                          0.7325010781763939E-05
                          0.7343260111763213E-05
                          0.7361543519951008E-05
                          0.7379861048725344E-05
                          0.7398212740510252E-05
                          0.7416598637756634E-05
                          0.7435018782941395E-05
                          0.7453473218567913E-05
                          0.7471961987165899E-05
                          0.7490485131291434E-05
                          0.7509042693526939E-05
                          0.7527634716481231E-05
                          0.7546261242789438E-05
                          0.7564922315113115E-05
                          0.7583617976140038E-05
                          0.7602348268584519E-05
                          0.7621113235187103E-05
                          0.7639912918714744E-05
                          0.7658747361960738E-05
                          0.7677616607744742E-05
                          0.7696520698912771E-05
                          0.7715459678339746E-05
                          0.7734433588916745E-05
                          0.7753442473576520E-05
                          0.7772486375267960E-05
                          0.7791565336968862E-05
                          0.7810679401683416E-05
                          0.7829828612442110E-05
                          0.7849013012301847E-05
                          0.7868232644345892E-05
                          0.7887487551683748E-05
                          0.7906777777451453E-05
                          0.7926103364811288E-05
                          0.7945464356953316E-05
                          0.7964860797088413E-05
                          0.7984292728462103E-05
                          0.8003760194340759E-05
                          0.8023263238018524E-05
                          0.8042801902815728E-05
                          0.8062376232079310E-05
                          0.8081986269182405E-05
                          0.8101632057524557E-05
                          0.8121313640531651E-05
                          0.8141031061655930E-05
                          0.8160784364376016E-05
                          0.8180573592196873E-05
                          0.8200398788649812E-05
                          0.8220259997292517E-05
                          0.8240157261709074E-05
                          0.8260090625509779E-05
                          0.8280060132331486E-05
                          0.8300065825837259E-05
                          0.8320107749716593E-05
                          0.8340185947685307E-05
                          0.8360300463485582E-05
                          0.8380451340885985E-05
                          0.8400638623681417E-05
                          0.8420862355693103E-05
                          0.8441122580768709E-05
                          0.8461419342782196E-05
                          0.8481752685633898E-05
                          0.8502122653250506E-05
                          0.8522529289585082E-05
                          0.8542972638617065E-05
                          0.8563452744352131E-05
                          0.8583969650822483E-05
                          0.8604523402086599E-05
                          0.8625114042229308E-05
                          0.8645741615361814E-05
                          0.8666406165621662E-05
                          0.8687107737172792E-05
                          0.8707846374205462E-05
                          0.8728622120936945E-05
                          0.8749435021608321E-05
                          0.8770285120490856E-05
                          0.8791172461879612E-05
                          0.8812097090096645E-05
                          0.8833059049490398E-05
                          0.8854058384435634E-05
                          0.8875095139333498E-05
                          0.8896169358611493E-05
                          0.8917281086723470E-05
                          0.8938430368149627E-05
                          0.8959617247396556E-05
                          0.8980841768997175E-05
                          0.9002103977510780E-05
                          0.9023403917523001E-05
                          0.9044741633645855E-05
                          0.9066117170517681E-05
                          0.9087530572803219E-05
                          0.9108981885193548E-05
                          0.9130471152406075E-05
                          0.9151998419184626E-05
                          0.9173563730299339E-05
                          0.9195167130546713E-05
                          0.9216808664749629E-05
                          0.9238488377757310E-05
                          0.9260206314445335E-05
                          0.9281962519715636E-05
                          0.9303757038496529E-05
                          0.9325589915742662E-05
                          0.9347461196435055E-05
                          0.9369370925581067E-05
                          0.9391319148214448E-05
                          0.9413305909395278E-05
                          0.9435331254209997E-05
                          0.9457395227771427E-05
                          0.9479497875218722E-05
                          0.9501639241717393E-05
                          0.9523819372459341E-05
                          0.9546038312662789E-05
                          0.9568296107572336E-05
                          0.9590592802458935E-05
                          0.9612928442619886E-05
                          0.9635303073378878E-05
                          0.9657716740085923E-05
                          0.9680169488117419E-05
                          0.9702661362876092E-05
                          0.9725192409791061E-05
                          0.9747762674317782E-05
                          0.9770372201938059E-05
                          0.9793021038160088E-05
                          0.9815709228518387E-05
                          0.9838436818573854E-05
                          0.9861203853913728E-05
                          0.9884010380151630E-05
                          0.9906856442927522E-05
                          0.9929742087907721E-05
                          0.9952667360784921E-05
                          0.9975632307278153E-05
                          0.9998636973132815E-05
                          0.1002168140412066E-04
                          0.1004476564603981E-04
                          0.1006788974471473E-04
                          0.1009105374599625E-04
                          0.1011425769576155E-04
                          0.1013750163991420E-04
                          0.1016078562438409E-04
                          0.1018410969512747E-04
                          0.1020747389812697E-04
                          0.1023087827939158E-04
                          0.1025432288495661E-04
                          0.1027780776088377E-04
                          0.1030133295326111E-04
                          0.1032489850820305E-04
                          0.1034850447185034E-04
                          0.1037215089037012E-04
                          0.1039583780995585E-04
                          0.1041956527682741E-04
                          0.1044333333723096E-04
                          0.1046714203743908E-04
                          0.1049099142375070E-04
                          0.1051488154249106E-04
                          0.1053881244001181E-04
                          0.1056278416269095E-04
                          0.1058679675693282E-04
                          0.1061085026916811E-04
                          0.1063494474585391E-04
                          0.1065908023347361E-04
                          0.1068325677853703E-04
                          0.1070747442758029E-04
                          0.1073173322716587E-04
                          0.1075603322388264E-04
                          0.1078037446434582E-04
                          0.1080475699519697E-04
                          0.1082918086310401E-04
                          0.1085364611476125E-04
                          0.1087815279688931E-04
                          0.1090270095623520E-04
                          0.1092729063957229E-04
                          0.1095192189370030E-04
                          0.1097659476544529E-04
                          0.1100130930165970E-04
                          0.1102606554922232E-04
                          0.1105086355503832E-04
                          0.1107570336603919E-04
                          0.1110058502918279E-04
                          0.1112550859145335E-04
                          0.1115047409986147E-04
                          0.1117548160144409E-04
                          0.1120053114326447E-04
                          0.1122562277241231E-04
                          0.1125075653600360E-04
                          0.1127593248118073E-04
                          0.1130115065511241E-04
                          0.1132641110499375E-04
                          0.1135171387804618E-04
                          0.1137705902151751E-04
                          0.1140244658268191E-04
                          0.1142787660883990E-04
                          0.1145334914731835E-04
                          0.1147886424547049E-04
                          0.1150442195067593E-04
                          0.1153002231034063E-04
                          0.1155566537189687E-04
                          0.1158135118280335E-04
                          0.1160707979054509E-04
                          0.1163285124263347E-04
                          0.1165866558660623E-04
                          0.1168452287002746E-04
                          0.1171042314048765E-04
                          0.1173636644560359E-04
                          0.1176235283301847E-04
                          0.1178838235040182E-04
                          0.1181445504544953E-04
                          0.1184057096588384E-04
                          0.1186673015945337E-04
                          0.1189293267393308E-04
                          0.1191917855712430E-04
                          0.1194546785685469E-04
                          0.1197180062097832E-04
                          0.1199817689737557E-04
                          0.1202459673395319E-04
                          0.1205106017864431E-04
                          0.1207756727940838E-04
                          0.1210411808423124E-04
                          0.1213071264112508E-04
                          0.1215735099812844E-04
                          0.1218403320330624E-04
                          0.1221075930474973E-04
                          0.1223752935057650E-04
                          0.1226434338893058E-04
                          0.1229120146798228E-04
                          0.1231810363592827E-04
                          0.1234504994099165E-04
                          0.1237204043142180E-04
                          0.1239907515549449E-04
                          0.1242615416151183E-04
                          0.1245327749780234E-04
                          0.1248044521272085E-04
                          0.1250765735464855E-04
                          0.1253491397199299E-04
                          0.1256221511318809E-04
                          0.1258956082669415E-04
                          0.1261695116099777E-04
                          0.1264438616461194E-04
                          0.1267186588607604E-04
                          0.1269939037395575E-04
                          0.1272695967684312E-04
                          0.1275457384335660E-04
                          0.1278223292214096E-04
                          0.1280993696186734E-04
                          0.1283768601123323E-04
                          0.1286548011896250E-04
                          0.1289331933380534E-04
                          0.1292120370453834E-04
                          0.1294913327996439E-04
                          0.1297710810891282E-04
                          0.1300512824023926E-04
                          0.1303319372282571E-04
                          0.1306130460558053E-04
                          0.1308946093743842E-04
                          0.1311766276736049E-04
                          0.1314591014433415E-04
                          0.1317420311737320E-04
                          0.1320254173551779E-04
                          0.1323092604783443E-04
                          0.1325935610341597E-04
                          0.1328783195138167E-04
                          0.1331635364087708E-04
                          0.1334492122107414E-04
                          0.1337353474117117E-04
                          0.1340219425039282E-04
                          0.1343089979799009E-04
                          0.1345965143324037E-04
                          0.1348844920544736E-04
                          0.1351729316394119E-04
                          0.1354618335807829E-04
                          0.1357511983724144E-04
                          0.1360410265083984E-04
                          0.1363313184830898E-04
                          0.1366220747911077E-04
                          0.1369132959273341E-04
                          0.1372049823869152E-04
                          0.1374971346652605E-04
                          0.1377897532580430E-04
                          0.1380828386611994E-04
                          0.1383763913709301E-04
                          0.1386704118836989E-04
                          0.1389649006962331E-04
                          0.1392598583055237E-04
                          0.1395552852088256E-04
                          0.1398511819036564E-04
                          0.1401475488877985E-04
                          0.1404443866592968E-04
                          0.1407416957164604E-04
                          0.1410394765578616E-04
                          0.1413377296823365E-04
                          0.1416364555889850E-04
                          0.1419356547771700E-04
                          0.1422353277465187E-04
                          0.1425354749969210E-04
                          0.1428360970285312E-04
                          0.1431371943417668E-04
                          0.1434387674373089E-04
                          0.1437408168161020E-04
                          0.1440433429793547E-04
                          0.1443463464285390E-04
                          0.1446498276653898E-04
                          0.1449537871919066E-04
                          0.1452582255103519E-04
                          0.1455631431232518E-04
                          0.1458685405333959E-04
                          0.1461744182438380E-04
                          0.1464807767578947E-04
                          0.1467876165791466E-04
                          0.1470949382114378E-04
                          0.1474027421588761E-04
                          0.1477110289258326E-04
                          0.1480197990169419E-04
                          0.1483290529371029E-04
                          0.1486387911914773E-04
                          0.1489490142854907E-04
                          0.1492597227248323E-04
                          0.1495709170154548E-04
                          0.1498825976635745E-04
                          0.1501947651756715E-04
                          0.1505074200584888E-04
                          0.1508205628190339E-04
                          0.1511341939645774E-04
                          0.1514483140026532E-04
                          0.1517629234410594E-04
                          0.1520780227878572E-04
                          0.1523936125513716E-04
                          0.1527096932401912E-04
                          0.1530262653631681E-04
                          0.1533433294294178E-04
                          0.1536608859483200E-04
                          0.1539789354295172E-04
                          0.1542974783829159E-04
                          0.1546165153186861E-04
                          0.1549360467472615E-04
                          0.1552560731793392E-04
                          0.1555765951258801E-04
                          0.1558976130981082E-04
                          0.1562191276075118E-04
                          0.1565411391658422E-04
                          0.1568636482851146E-04
                          0.1571866554776073E-04
                          0.1575101612558631E-04
                          0.1578341661326873E-04
                          0.1581586706211496E-04
                          0.1584836752345829E-04
                          0.1588091804865836E-04
                          0.1591351868910123E-04
                          0.1594616949619922E-04
                          0.1597887052139108E-04
                          0.1601162181614191E-04
                          0.1604442343194314E-04
                          0.1607727542031258E-04
                          0.1611017783279439E-04
                          0.1614313072095910E-04
                          0.1617613413640357E-04
                          0.1620918813075106E-04
                          0.1624229275565112E-04
                          0.1627544806277976E-04
                          0.1630865410383924E-04
                          0.1634191093055827E-04
                          0.1637521859469185E-04
                          0.1640857714802137E-04
                          0.1644198664235456E-04
                          0.1647544712952555E-04
                          0.1650895866139477E-04
                          0.1654252128984906E-04
                          0.1657613506680157E-04
                          0.1660980004419184E-04
                          0.1664351627398578E-04
                          0.1667728380817562E-04
                          0.1671110269877995E-04
                          0.1674497299784377E-04
                          0.1677889475743839E-04
                          0.1681286802966148E-04
                          0.1684689286663707E-04
                          0.1688096932051560E-04
                          0.1691509744347377E-04
                          0.1694927728771473E-04
                          0.1698350890546795E-04
                          0.1701779234898922E-04
                          0.1705212767056077E-04
                          0.1708651492249113E-04
                          0.1712095415711520E-04
                          0.1715544542679424E-04
                          0.1718998878391587E-04
                          0.1722458428089407E-04
                          0.1725923197016917E-04
                          0.1729393190420787E-04
                          0.1732868413550321E-04
                          0.1736348871657461E-04
                          0.1739834569996781E-04
                          0.1743325513825497E-04
                          0.1746821708403456E-04
                          0.1750323158993142E-04
                          0.1753829870859675E-04
