 Longwave optical depth [dimless]
  0.1630E+01
  0.1863E+01
  0.2194E+01
  0.2765E+01
  0.2466E+02
  0.4080E+01
  0.5156E+01
  0.6880E+01
  0.2889E+02
  0.4192E+02
  0.3504E+02
  0.1530E+03
  0.9149E+02
  0.2269E+03
  0.2475E+05
  0.2921E+03
  0.1264E+03
  0.9101E+02
  0.1435E+03
  0.1912E+04
  0.3194E+03
  0.1175E+03
  0.1053E+03
  0.1327E+03
  0.2022E+03
  0.8260E+03
  0.7511E+03
  0.5468E+03
  0.3112E+04
  0.1801E+05
  0.2900E+05
  0.2524E+04
  0.3803E+05
  0.5581E+03
  0.4341E+03
  0.4199E+03
  0.8017E+03
  0.1335E+05
  0.5889E+03
  0.4638E+03
  0.5356E+03
  0.8886E+03
  0.3484E+05
  0.6283E+04
  0.3173E+05
  0.3406E+06
  0.3822E+04
  0.1208E+05
  0.1253E+04
  0.7826E+05
  0.3131E+04
  0.1634E+04
  0.7467E+03
  0.4503E+04
  0.2640E+04
  0.1690E+04
  0.1967E+04
  0.1319E+06
  0.1926E+05
  0.6454E+04
  0.6906E+04
  0.3667E+04
  0.6159E+04
  0.2429E+06
  0.7631E+04
  0.7809E+05
  0.1703E+04
  0.1461E+04
  0.2606E+04
  0.1109E+05
  0.3369E+05
  0.1375E+05
  0.4365E+04
  0.8062E+05
  0.7800E+04
  0.2759E+04
  0.7951E+05
  0.3144E+04
  0.1458E+05
  0.1784E+05
  0.2324E+05
  0.4197E+04
  0.4096E+04
  0.5647E+05
  0.1937E+05
  0.5910E+04
  0.2007E+04
  0.2198E+04
  0.1222E+06
  0.2459E+04
  0.1112E+04
  0.9576E+03
  0.1223E+04
  0.2263E+04
  0.2996E+04
  0.1782E+05
  0.9237E+04
  0.3904E+05
  0.4157E+04
  0.3358E+04
  0.8773E+04
  0.8198E+05
  0.1320E+05
  0.2435E+04
  0.6015E+04
  0.3834E+05
  0.3487E+05
  0.2467E+04
  0.2229E+04
  0.2549E+04
  0.1674E+05
  0.3286E+06
  0.1990E+05
  0.2307E+04
  0.1381E+04
  0.1486E+04
  0.1743E+04
  0.3974E+04
  0.1944E+05
  0.2839E+05
  0.6251E+05
  0.8907E+04
  0.3741E+06
  0.3598E+04
  0.3164E+04
  0.1203E+05
  0.6994E+04
  0.1785E+04
  0.1137E+04
  0.1115E+04
  0.1007E+04
  0.1085E+04
  0.4525E+04
  0.3623E+04
  0.6162E+04
  0.2567E+05
  0.2125E+05
  0.4218E+04
  0.1920E+06
  0.2875E+04
  0.5271E+06
  0.3846E+05
  0.8252E+04
  0.1680E+04
  0.7767E+04
  0.1983E+04
  0.1694E+05
  0.1063E+04
  0.1147E+04
  0.2823E+04
  0.1749E+05
  0.1289E+04
  0.8122E+03
  0.9727E+03
  0.1059E+06
  0.3683E+04
  0.4056E+04
  0.4817E+04
  0.1489E+04
  0.2346E+04
  0.6145E+04
  0.1305E+06
  0.2455E+05
  0.4282E+04
  0.2653E+04
  0.5503E+04
  0.5450E+06
  0.3972E+04
  0.3795E+04
  0.3207E+04
  0.4535E+04
  0.7977E+04
  0.8942E+03
  0.6683E+03
  0.7166E+03
  0.1131E+04
  0.5805E+04
  0.7059E+04
  0.1951E+05
  0.2750E+04
  0.3466E+05
  0.2308E+05
  0.1323E+05
  0.2233E+04
  0.2659E+04
  0.1373E+04
  0.2460E+04
  0.4356E+03
  0.3645E+03
  0.3362E+03
  0.3304E+03
  0.3456E+03
  0.4055E+03
  0.5304E+03
  0.1060E+04
  0.4897E+04
  0.1038E+05
  0.9717E+04
  0.1038E+05
  0.2367E+04
  0.6102E+04
  0.2787E+04
  0.4073E+05
  0.9272E+04
  0.3730E+04
  0.1038E+04
  0.4978E+03
  0.3519E+03
  0.2930E+03
  0.2797E+03
  0.4218E+03
  0.5058E+03
  0.1724E+05
  0.7239E+03
  0.2970E+03
  0.2425E+03
  0.2487E+03
  0.3099E+03
  0.3671E+03
  0.6524E+03
  0.1862E+05
  0.4035E+04
  0.3530E+06
  0.4014E+04
  0.3728E+04
  0.3731E+06
  0.2123E+04
  0.4298E+04
  0.4863E+03
  0.4924E+03
  0.1642E+04
  0.1101E+05
  0.1387E+04
  0.3093E+03
  0.2098E+03
  0.1932E+03
  0.2015E+03
  0.2429E+03
  0.4092E+04
  0.5009E+03
  0.1402E+04
  0.6764E+04
  0.1038E+05
  0.1325E+04
  0.6601E+03
  0.2163E+03
  0.1793E+03
  0.2765E+03
  0.1332E+03
  0.1454E+03
  0.2396E+03
  0.9621E+04
  0.3659E+03
  0.1495E+03
  0.1313E+03
  0.1576E+03
  0.2626E+03
  0.6611E+03
  0.4474E+05
  0.1389E+04
  0.6919E+03
  0.9186E+04
  0.2052E+04
  0.3314E+03
  0.1892E+03
  0.1732E+03
  0.3169E+03
  0.5150E+04
  0.7771E+03
  0.2168E+03
  0.1390E+03
  0.3292E+03
  0.7280E+03
  0.1900E+03
  0.6698E+03
  0.1092E+03
  0.3423E+03
  0.1268E+03
  0.3926E+03
  0.2023E+06
  0.8500E+03
  0.2199E+04
  0.9891E+03
  0.4381E+04
  0.3569E+03
  0.5084E+05
  0.8565E+04
  0.1215E+03
  0.7072E+02
  0.6288E+02
  0.5021E+02
  0.4432E+02
  0.4455E+02
  0.5390E+02
  0.1086E+03
  0.2622E+04
  0.1612E+03
  0.9881E+02
  0.2288E+03
  0.1873E+04
  0.2606E+04
  0.1305E+03
  0.9101E+03
  0.4413E+02
  0.5819E+02
  0.5286E+02
  0.3397E+03
  0.1209E+05
  0.2664E+03
  0.5514E+02
  0.3685E+02
  0.1226E+03
  0.3441E+02
  0.4524E+02
  0.1412E+03
  0.2396E+03
  0.7447E+03
  0.2707E+05
  0.5146E+03
  0.2546E+03
  0.9884E+02
  0.3810E+02
  0.2814E+02
  0.2566E+02
  0.2456E+02
  0.2100E+02
  0.2031E+02
  0.2067E+02
  0.2117E+02
  0.2382E+02
  0.2783E+02
  0.5631E+02
  0.6391E+02
  0.2733E+03
  0.2577E+05
  0.1755E+05
  0.1967E+03
  0.9988E+02
  0.1262E+03
  0.6402E+02
  0.1100E+03
  0.2667E+02
  0.2263E+02
  0.2584E+02
  0.1022E+04
  0.2825E+02
  0.1853E+02
  0.6840E+03
  0.5090E+02
  0.2168E+02
  0.1757E+02
  0.2246E+02
  0.7263E+02
  0.7461E+03
  0.3289E+03
  0.2454E+02
  0.3271E+02
  0.4864E+02
  0.1444E+02
  0.1986E+02
  0.1806E+02
  0.5375E+02
  0.4690E+02
  0.3070E+02
  0.6923E+02
  0.5726E+03
  0.2442E+03
  0.4193E+02
  0.3245E+02
  0.1766E+02
  0.3547E+02
  0.1216E+02
  0.1773E+02
  0.1966E+02
  0.3822E+02
  0.2295E+02
  0.4635E+02
  0.1766E+04
  0.1591E+03
  0.2230E+02
  0.1684E+02
  0.1161E+02
  0.1040E+02
  0.1070E+02
  0.2003E+03
  0.1971E+02
  0.1774E+03
  0.5725E+02
  0.1014E+03
  0.1078E+02
  0.9488E+01
  0.1078E+02
  0.1814E+02
  0.1763E+03
  0.1202E+02
  0.8773E+01
  0.8093E+01
  0.7969E+01
  0.8774E+01
  0.1447E+02
  0.2604E+02
  0.5820E+04
  0.2514E+02
  0.1862E+02
  0.4003E+02
  0.1755E+03
  0.1705E+02
  0.1152E+02
  0.1319E+02
  0.1031E+02
  0.9012E+01
  0.1587E+02
  0.3731E+02
  0.1050E+03
  0.3461E+02
  0.2281E+03
  0.1351E+02
  0.9795E+01
  0.1128E+02
  0.2476E+02
  0.2209E+04
  0.2426E+02
  0.1088E+02
  0.7758E+01
  0.6920E+01
  0.7216E+01
  0.1092E+02
  0.1074E+02
  0.1045E+03
  0.9812E+01
  0.7062E+01
  0.8131E+01
  0.2448E+03
  0.8300E+01
  0.9695E+01
  0.8627E+02
  0.1103E+03
  0.2125E+02
  0.1207E+02
  0.7392E+02
  0.9621E+01
  0.3232E+02
  0.8565E+01
  0.7958E+02
  0.1679E+02
  0.1268E+02
  0.7133E+01
  0.9473E+01
  0.1364E+02
  0.1044E+02
  0.3034E+02
  0.1173E+02
  0.1680E+02
  0.5310E+03
  0.2834E+02
  0.4477E+02
  0.2340E+02
  0.1889E+02
  0.1388E+02
  0.4497E+02
  0.1608E+04
  0.2145E+02
  0.2066E+02
  0.5911E+02
  0.4267E+03
  0.7737E+02
  0.3641E+02
  0.1475E+03
  0.8838E+02
  0.2485E+04
  0.1084E+03
  0.6433E+02
  0.2119E+03
  0.3385E+03
  0.1382E+04
  0.2895E+03
  0.2642E+03
  0.3975E+04
  0.1203E+04
  0.1232E+04
  0.5273E+03
  0.1998E+03
  0.3973E+03
  0.3661E+04
  0.1202E+04
  0.6218E+03
  0.2741E+03
  0.5182E+03
  0.5766E+04
  0.9069E+03
  0.4519E+03
  0.9081E+03
  0.2627E+04
  0.3452E+05
  0.2479E+04
  0.6307E+03
  0.2328E+04
  0.2592E+04
  0.4317E+04
  0.7618E+03
  0.1257E+04
  0.7924E+04
  0.2884E+04
  0.2847E+04
  0.5409E+04
  0.1902E+05
  0.2229E+05
  0.3914E+04
  0.3195E+05
  0.5300E+04
  0.1703E+05
  0.3613E+06
  0.1847E+05
  0.1673E+05
  0.1036E+05
  0.1491E+05
  0.6237E+05
  0.5550E+06
  0.2295E+06
  0.3987E+05
  0.2162E+05
  0.5767E+05
  0.3957E+06
  0.1687E+06
  0.3667E+05
  0.2759E+05
  0.3916E+05
  0.1266E+06
  0.3876E+06
  0.6670E+05
  0.3277E+05
  0.4757E+05
  0.8812E+05
  0.3405E+07
  0.1451E+07
  0.5063E+06
  0.1147E+06
  0.4059E+05
  0.3414E+05
  0.1097E+06
  0.1538E+07
  0.1407E+06
  0.3484E+05
  0.3431E+05
  0.1043E+06
  0.1531E+07
  0.4961E+05
  0.2596E+05
  0.3610E+05
  0.1631E+06
  0.1081E+06
  0.1900E+05
  0.1324E+05
  0.3169E+05
  0.1020E+07
  0.1429E+05
  0.6661E+04
  0.1281E+05
  0.4503E+05
  0.1236E+05
  0.8650E+04
  0.4955E+04
  0.6710E+04
  0.1364E+05
  0.1905E+04
  0.6194E+04
  0.1611E+04
  0.2151E+05
  0.1258E+04
  0.2314E+04
  0.2187E+04
  0.4308E+04
  0.5560E+03
  0.5666E+03
  0.3978E+04
  0.2890E+05
  0.6530E+04
  0.1864E+04
  0.5184E+03
  0.2769E+03
  0.2327E+03
  0.6551E+03
  0.2070E+05
  0.8151E+03
  0.3061E+03
  0.4606E+03
  0.4912E+03
  0.3730E+04
  0.1804E+04
  0.3465E+03
  0.3776E+03
  0.4038E+03
  0.1075E+04
  0.1353E+05
  0.4377E+03
  0.2994E+03
  0.9055E+02
  0.1109E+03
  0.3052E+03
  0.3672E+04
  0.2803E+03
  0.5760E+02
  0.3566E+02
  0.4779E+02
  0.1405E+03
  0.7194E+03
  0.4618E+02
  0.1568E+02
  0.1147E+02
  0.1039E+02
  0.2007E+02
  0.7768E+02
  0.3264E+02
  0.7283E+01
  0.4987E+01
  0.8131E+01
  0.3218E+02
  0.5152E+01
  0.9178E+01
  0.2866E+01
  0.4194E+01
  0.2755E+02
  0.1041E+02
  0.2986E+01
  0.2883E+01
  0.4080E+01
  0.2081E+02
  0.4655E+01
  0.3196E+01
  0.2662E+01
  0.2632E+01
  0.5144E+01
  0.1353E+02
  0.5218E+02
  0.6422E+01
  0.2675E+01
  0.8702E+01
  0.3011E+01
  0.7322E+02
  0.5542E+01
  0.2288E+01
  0.1974E+01
  0.1627E+02
  0.9972E+01
  0.6038E+01
  0.2062E+01
  0.2141E+01
  0.2006E+01
  0.5574E+01
  0.4947E+01
  0.1971E+01
  0.1658E+01
  0.1510E+01
  0.2810E+01
  0.3232E+01
  0.1398E+01
  0.1226E+01
  0.1222E+01
  0.1628E+01
  0.1983E+01
  0.1176E+01
  0.1393E+01
  0.2696E+01
  0.1464E+01
  0.1219E+01
  0.1090E+01
  0.1087E+01
  0.1056E+01
  0.1203E+01
  0.1046E+01
  0.1062E+01
  0.5371E+01
  0.1145E+01
  0.1059E+01
  0.1009E+01
  0.9998E+00
  0.1040E+01
  0.9946E+00
  0.9815E+00
  0.1472E+01
  0.1003E+01
  0.5961E+01
  0.1063E+01
  0.1408E+01
  0.1028E+01
  0.1011E+01
  0.1099E+01
  0.8725E+00
  0.8753E+00
  0.9232E+00
  0.1041E+01
  0.1122E+01
  0.8514E+00
  0.8224E+00
  0.8138E+00
  0.8200E+00
  0.1727E+01
  0.8326E+00
  0.7928E+00
  0.7705E+00
  0.7765E+00
  0.7763E+00
  0.3104E+01
  0.7533E+00
  0.1860E+01
  0.8588E+00
  0.8963E+00
  0.7707E+00
  0.1008E+01
  0.2664E+01
  0.1437E+01
  0.8585E+00
  0.7789E+00
  0.6824E+00
  0.7170E+00
  0.7038E+00
  0.6697E+00
  0.6778E+00
  0.1139E+01
  0.6420E+00
  0.7010E+00
  0.8156E+00
  0.7320E+00
  0.8879E+00
  0.8067E+00
  0.6631E+00
  0.1213E+01
  0.7421E+00
  0.6561E+00
  0.8195E+00
  0.6518E+00
  0.1754E+01
  0.6360E+00
  0.1825E+01
  0.1201E+01
  0.9157E+00
  0.7812E+00
  0.1453E+01
  0.6753E+00
  0.2451E+01
  0.7105E+00
  0.1455E+01
  0.1228E+01
  0.7737E+00
  0.5319E+01
  0.9605E+00
  0.8388E+00
  0.1568E+02
  0.1976E+01
  0.1189E+01
  0.1089E+02
  0.1023E+01
  0.1483E+01
  0.3656E+02
  0.1276E+01
  0.1598E+01
  0.1283E+02
  0.2044E+01
  0.1437E+01
  0.2272E+01
  0.1688E+02
  0.1423E+01
  0.1257E+01
  0.2667E+01
  0.1275E+02
  0.1139E+01
  0.9011E+00
  0.1003E+01
  0.6878E+00
  0.7070E+00
  0.1342E+01
  0.1331E+02
  0.6737E+01
  0.2197E+01
  0.1563E+01
  0.1560E+01
  0.1725E+01
  0.2208E+01
  0.3205E+01
  0.4590E+01
  0.7085E+01
  0.9024E+01
  0.8436E+01
  0.5974E+01
  0.3433E+01
  0.1922E+01
  0.1189E+01
  0.9338E+00
  0.7579E+00
  0.8484E+00
  0.3544E+01
  0.7632E+00
  0.8046E+00
  0.6519E+00
  0.5349E+00
  0.5672E+00
  0.5213E+00
  0.5172E+00
  0.5844E+00
  0.4990E+00
  0.5342E+00
  0.6025E+00
  0.7143E+00
  0.5099E+00
  0.9238E+00
  0.5349E+00
  0.5150E+00
  0.6841E+00
  0.6838E+00
  0.9427E+00
  0.5364E+00
  0.6605E+00
  0.6875E+00
  0.6426E+00
  0.6493E+00
  0.6181E+00
  0.3361E+01
  0.5754E+00
  0.7044E+00
  0.6976E+00
  0.6647E+00
  0.1103E+02
  0.1118E+01
  0.1788E+01
  0.1742E+01
  0.1440E+01
  0.6573E+01
  0.1797E+01
  0.1112E+01
  0.1550E+02
  0.1136E+01
  0.1604E+01
  0.7018E+01
  0.1433E+01
  0.2124E+01
  0.9591E+01
  0.1533E+01
  0.2165E+01
  0.5251E+02
  0.2091E+01
  0.2170E+01
  0.1312E+02
  0.4432E+01
  0.1815E+01
  0.2637E+01
  0.4481E+02
  0.3387E+01
  0.2218E+01
  0.1718E+01
  0.3241E+01
  0.1022E+01
  0.1338E+01
  0.2851E+02
  0.6760E+01
  0.2660E+01
  0.2146E+01
  0.2293E+01
  0.2821E+01
  0.4612E+01
  0.9268E+01
  0.2358E+02
  0.5712E+02
  0.1025E+03
  0.1052E+03
  0.8086E+02
  0.3322E+02
  0.1031E+02
  0.3919E+01
  0.2080E+01
  0.1541E+01
  0.1501E+01
  0.2397E+01
  0.6115E+01
  0.2003E+01
  0.7979E+00
  0.1388E+01
  0.4982E+00
  0.1090E+01
  0.7977E+00
  0.1113E+01
  0.7566E+00
  0.4568E+00
  0.4040E+00
  0.4595E+00
  0.5285E+00
  0.5223E+00
  0.3963E+00
  0.3850E+00
  0.8066E+00
  0.4442E+00
  0.3520E+00
  0.3418E+00
  0.3310E+00
  0.3563E+00
  0.3377E+00
  0.3674E+00
  0.4737E+01
  0.3668E+00
  0.3287E+00
  0.3090E+00
  0.3026E+00
  0.2944E+00
  0.2928E+00
  0.4666E+00
  0.2941E+00
  0.3085E+00
  0.3621E+00
  0.6947E+00
  0.2474E+01
  0.9886E+01
  0.3449E+00
  0.2876E+00
  0.2734E+00
  0.2605E+00
  0.2714E+00
  0.2523E+00
  0.2647E+00
  0.2626E+00
  0.3524E+00
  0.7422E+00
  0.4556E+00
  0.4830E+01
  0.2763E+00
  0.2720E+00
  0.2284E+00
  0.2247E+00
  0.2362E+00
  0.2244E+00
  0.2246E+00
  0.2496E+00
  0.4306E+00
  0.1970E+01
  0.1282E+01
  0.2672E+00
  0.2402E+00
  0.2978E+00
  0.3508E+00
  0.4059E+00
  0.4368E+01
  0.7093E+01
  0.5576E+00
  0.3263E+00
  0.8813E+00
  0.2434E+00
  0.3719E+00
  0.2290E+00
  0.2542E+00
  0.3338E+00
  0.9860E+00
  0.5322E+01
  0.4384E+00
  0.3166E+00
  0.1608E+01
  0.2455E+00
  0.5856E+00
  0.2607E+00
  0.6007E+00
  0.8048E+00
  0.2293E+01
  0.3613E+00
  0.2325E+00
  0.2067E+00
  0.2411E+00
  0.2451E+00
  0.1476E+01
  0.3335E+00
  0.5908E+00
  0.4600E+00
  0.1065E+02
  0.3792E+02
  0.6680E+00
  0.1530E+01
  0.4371E+00
  0.6149E+00
  0.2567E+02
  0.4810E+00
  0.2991E+01
  0.9476E+00
  0.7179E+00
  0.2287E+02
  0.4576E+01
  0.5397E+00
  0.3653E+00
  0.1660E+01
  0.3779E+00
  0.3668E+00
  0.1358E+01
  0.5416E+00
  0.9743E+00
  0.2974E+01
  0.9820E+00
  0.1598E+01
  0.1158E+01
  0.2828E+01
  0.5829E+01
  0.4798E+01
  0.8934E+01
  0.1156E+01
  0.1134E+01
  0.8308E+01
  0.2468E+01
  0.1312E+02
  0.2620E+01
  0.2778E+01
  0.8936E+00
  0.3108E+01
  0.3498E+02
  0.2104E+02
  0.8107E+01
  0.1127E+02
  0.2044E+01
  0.2870E+01
  0.3444E+02
  0.4423E+01
  0.2089E+02
  0.1386E+03
  0.1841E+02
  0.2846E+02
  0.6272E+01
  0.9514E+01
  0.1504E+01
  0.1039E+01
  0.1779E+01
  0.1358E+02
  0.5662E+01
  0.1114E+01
  0.8080E+01
  0.4823E+01
  0.8130E+01
  0.3859E+03
  0.8352E+01
  0.1785E+01
  0.1572E+01
  0.6373E+01
  0.1271E+01
  0.4220E+01
  0.2984E+01
  0.2640E+01
  0.8570E+00
  0.1113E+01
  0.1303E+01
  0.8783E+00
  0.9427E+00
  0.1387E+01
  0.3084E+01
  0.5318E+01
  0.1456E+02
  0.3659E+01
  0.4118E+01
  0.3962E+03
  0.4842E+03
  0.5007E+02
  0.2196E+02
  0.3673E+02
  0.1707E+03
  0.1718E+03
  0.1833E+02
  0.5192E+01
  0.8939E+01
  0.7363E+01
  0.3161E+02
  0.2937E+01
  0.3225E+01
  0.1552E+03
  0.3068E+01
  0.7080E+01
  0.1411E+02
  0.7416E+01
  0.3071E+02
  0.2991E+02
  0.1227E+04
  0.2077E+03
  0.7130E+02
  0.1364E+02
  0.1187E+02
  0.1889E+02
  0.7793E+01
  0.1131E+02
  0.2058E+02
  0.4088E+02
  0.9067E+01
  0.2873E+02
  0.1071E+02
  0.1333E+04
  0.1416E+02
  0.1005E+02
  0.2959E+02
  0.2487E+02
  0.4384E+04
  0.4268E+03
  0.3012E+03
  0.2692E+02
  0.1872E+02
  0.2467E+02
  0.5314E+04
  0.4968E+02
  0.3168E+02
  0.1150E+03
  0.2929E+04
  0.1277E+04
  0.7293E+02
  0.3007E+02
  0.7051E+02
  0.8472E+02
  0.1582E+02
  0.2135E+02
  0.4051E+02
  0.2830E+02
  0.1554E+03
  0.4188E+04
  0.1040E+03
  0.1099E+03
  0.6426E+02
  0.5462E+02
  0.2368E+03
  0.8993E+03
  0.4829E+03
  0.1558E+03
  0.5239E+03
  0.3573E+03
  0.6631E+02
  0.4499E+02
  0.7918E+02
  0.5609E+04
  0.9119E+02
  0.3669E+02
  0.3845E+02
  0.3366E+03
  0.4722E+02
  0.6186E+02
  0.4178E+02
  0.1041E+03
  0.1481E+04
  0.1583E+04
  0.1303E+04
  0.2115E+04
  0.1768E+03
  0.1108E+03
  0.5467E+04
  0.1652E+03
  0.6432E+02
  0.6159E+02
  0.1253E+03
  0.1513E+05
  0.1318E+03
  0.9927E+02
  0.4619E+03
  0.1880E+03
  0.1428E+04
  0.1402E+04
  0.1704E+03
  0.9424E+02
  0.6276E+02
  0.5435E+02
  0.5317E+02
  0.6837E+02
  0.1409E+03
  0.5098E+03
  0.3484E+03
  0.1010E+03
  0.1180E+03
  0.2615E+03
  0.1875E+03
  0.6121E+03
  0.2361E+04
  0.3549E+04
  0.2067E+04
  0.4623E+03
  0.1770E+03
  0.1698E+03
  0.3479E+03
  0.6267E+05
  0.3545E+03
  0.1708E+03
  0.1397E+03
  0.2169E+03
  0.8126E+03
  0.3969E+04
  0.1465E+05
  0.3673E+03
  0.2786E+05
  0.2181E+03
  0.1128E+03
  0.1092E+03
  0.2558E+04
  0.1274E+03
  0.1046E+03
  0.1653E+03
  0.2355E+04
  0.2612E+05
  0.4691E+03
  0.1683E+05
  0.1972E+04
  0.2325E+03
  0.2098E+03
  0.4229E+03
  0.3724E+05
  0.6710E+03
  0.1014E+05
  0.4775E+03
  0.5331E+03
  0.3176E+03
  0.4686E+03
  0.2309E+04
  0.4856E+04
  0.1035E+05
  0.1185E+05
  0.3306E+04
  0.3857E+03
  0.9513E+04
  0.2828E+03
  0.4985E+04
  0.1814E+04
  0.4089E+05
  0.5699E+03
  0.2813E+04
  0.4578E+05
  0.5026E+04
  0.2114E+04
  0.2650E+04
  0.9581E+03
  0.6894E+04
  0.7972E+04
  0.2713E+03
  0.4078E+03
  0.7014E+03
  0.5414E+04
  0.6934E+03
  0.4833E+03
  0.8295E+03
  0.8382E+04
  0.7260E+04
  0.2484E+04
  0.1006E+05
  0.2920E+04
  0.4311E+04
  0.5504E+03
  0.2744E+03
  0.2967E+03
  0.1597E+04
  0.3595E+03
  0.3838E+03
  0.1284E+04
  0.1969E+04
  0.1009E+04
  0.2824E+05
  0.5377E+05
  0.1416E+05
  0.1754E+04
  0.5173E+03
  0.4668E+03
  0.2293E+05
  0.3755E+03
  0.3195E+03
  0.1791E+04
  0.2604E+05
  0.4842E+03
  0.3008E+03
  0.3827E+03
  0.1069E+04
  0.1828E+06
  0.1453E+04
  0.3574E+03
  0.1976E+03
  0.1448E+03
  0.2117E+03
  0.1046E+03
  0.9151E+02
  0.8479E+02
  0.8742E+02
  0.8255E+02
  0.2254E+03
  0.1021E+03
  0.9907E+02
  0.1189E+03
  0.2520E+03
  0.8152E+03
  0.8474E+02
  0.7562E+02
  0.8085E+02
  0.1580E+04
  0.1242E+03
  0.2600E+03
  0.9061E+02
  0.1193E+03
  0.6925E+03
  0.1831E+03
  0.6497E+03
  0.1354E+03
  0.1580E+03
  0.2281E+03
  0.5136E+03
  0.4671E+04
  0.2950E+04
  0.4688E+03
  0.2755E+03
  0.2852E+03
  0.1313E+04
  0.2650E+05
  0.4102E+03
  0.2751E+03
  0.1483E+04
  0.4900E+03
  0.2031E+03
  0.1999E+03
  0.2662E+03
  0.5668E+03
  0.3687E+05
  0.3999E+04
  0.1082E+05
  0.4308E+03
  0.3182E+03
  0.2261E+03
  0.1939E+04
  0.3223E+03
  0.9082E+03
  0.1821E+05
  0.3420E+05
  0.2074E+04
  0.6422E+03
  0.1350E+04
  0.1941E+06
  0.1239E+05
  0.3025E+04
  0.5987E+03
  0.3859E+03
  0.2433E+03
  0.2324E+03
  0.5261E+03
  0.2942E+04
  0.7475E+03
  0.2657E+03
  0.2417E+03
  0.3826E+03
  0.1949E+04
  0.2300E+04
  0.2182E+04
  0.9647E+03
  0.4459E+03
  0.6908E+04
  0.1074E+04
  0.3261E+03
  0.2620E+03
  0.2520E+04
  0.5011E+03
  0.9837E+03
  0.4090E+04
  0.1118E+06
  0.9741E+03
  0.4372E+03
  0.7805E+03
  0.1655E+04
  0.2842E+03
  0.3580E+03
  0.5561E+03
  0.1899E+04
  0.1738E+05
  0.3987E+04
  0.1251E+04
  0.1451E+06
  0.1494E+05
  0.6470E+03
  0.6198E+03
  0.1335E+04
  0.9122E+04
  0.7817E+03
  0.2150E+03
  0.6662E+03
  0.1979E+03
  0.2313E+03
  0.8013E+03
  0.4041E+04
  0.8350E+03
  0.1711E+06
  0.3034E+05
  0.4033E+03
  0.1998E+03
  0.1554E+03
  0.8365E+03
  0.1174E+03
  0.1152E+03
  0.1769E+03
  0.1567E+03
  0.4179E+04
  0.2811E+03
  0.6867E+03
  0.4939E+04
  0.8380E+04
  0.4451E+03
  0.5236E+03
  0.4962E+03
  0.3475E+05
  0.3659E+03
  0.2931E+03
  0.4328E+04
  0.2224E+03
  0.4580E+03
  0.7842E+03
  0.2441E+05
  0.3649E+03
  0.3885E+04
  0.2660E+03
  0.1311E+03
  0.1037E+03
  0.3733E+03
  0.4113E+03
  0.5013E+03
  0.1352E+03
  0.7500E+03
  0.8270E+03
  0.1367E+03
  0.8640E+02
  0.8774E+02
  0.2185E+03
  0.4049E+03
  0.2609E+03
  0.1256E+05
  0.7435E+04
  0.7626E+03
  0.2766E+03
  0.2616E+03
  0.8914E+02
  0.1261E+03
  0.2310E+03
  0.3811E+03
  0.8140E+02
  0.1339E+03
  0.9618E+04
  0.5791E+02
  0.5317E+02
  0.1081E+03
  0.3131E+03
  0.1472E+04
  0.7411E+04
  0.4591E+03
  0.2233E+03
  0.1911E+04
  0.8605E+02
  0.2035E+03
  0.1273E+04
  0.3555E+03
  0.5038E+04
  0.4687E+02
  0.1231E+03
  0.3436E+02
  0.1285E+03
  0.1386E+03
  0.1837E+03
  0.2822E+03
  0.3459E+03
  0.2893E+02
  0.2287E+02
  0.3257E+02
  0.1523E+04
  0.1946E+02
  0.2127E+02
  0.3218E+02
  0.5506E+02
  0.7918E+02
  0.1707E+04
  0.1751E+03
  0.9150E+02
  0.4771E+03
  0.4508E+04
  0.2099E+03
  0.5937E+02
  0.3734E+02
  0.8792E+02
  0.4909E+02
  0.4328E+03
  0.3455E+02
  0.3333E+02
  0.5105E+02
  0.1451E+03
  0.1251E+04
  0.7550E+03
  0.1259E+03
  0.2393E+03
  0.6091E+02
  0.2426E+02
  0.1870E+02
  0.1832E+03
  0.1399E+02
  0.1185E+02
  0.5049E+02
  0.1369E+02
  0.1236E+03
  0.4941E+02
  0.1698E+02
  0.1451E+02
  0.1872E+02
  0.3463E+02
  0.6637E+03
  0.3962E+03
  0.6815E+03
  0.4415E+03
  0.7809E+02
  0.2697E+02
  0.1583E+02
  0.1182E+02
  0.1141E+02
  0.8632E+01
  0.7911E+01
  0.1423E+02
  0.1093E+02
  0.8726E+01
  0.1827E+02
  0.6990E+02
  0.1517E+02
  0.2783E+02
  0.1128E+03
  0.5637E+03
  0.3536E+02
  0.1847E+02
  0.9985E+02
  0.3409E+03
  0.6915E+02
  0.2141E+02
  0.9199E+01
  0.6763E+01
  0.6820E+01
  0.1188E+02
  0.3247E+02
  0.5852E+02
  0.2096E+02
  0.5514E+02
  0.4362E+02
  0.4256E+04
  0.4911E+02
  0.1115E+03
  0.1953E+02
  0.1723E+02
  0.3241E+02
  0.2526E+03
  0.2643E+03
  0.6139E+02
  0.3268E+02
  0.9025E+03
  0.1123E+03
  0.2695E+02
  0.6995E+02
  0.7693E+01
  0.4920E+01
  0.4580E+01
  0.6188E+01
  0.1961E+03
  0.9811E+02
  0.1694E+02
  0.7210E+01
  0.5404E+01
  0.8457E+01
  0.9576E+01
  0.3723E+02
  0.4376E+04
  0.4250E+02
  0.5581E+02
  0.2357E+03
  0.1305E+02
  0.4777E+01
  0.3890E+01
  0.1137E+02
  0.4731E+01
  0.4621E+01
  0.4865E+03
  0.7287E+02
  0.5270E+01
  0.1071E+02
  0.3655E+01
  0.3927E+03
  0.3652E+01
  0.1947E+02
  0.6755E+01
  0.7072E+03
  0.5247E+04
  0.1249E+02
  0.4065E+01
  0.2023E+01
  0.1500E+01
  0.1560E+01
  0.1681E+01
  0.8576E+02
  0.1526E+01
  0.1071E+01
  0.1173E+01
  0.1259E+01
  0.1063E+01
  0.1322E+01
  0.1752E+01
  0.2588E+01
  0.1191E+02
  0.6689E+02
  0.8397E+01
  0.3258E+02
  0.3733E+03
  0.1361E+02
  0.3468E+01
  0.2573E+01
  0.2210E+01
  0.3860E+02
  0.6889E+01
  0.1264E+01
  0.6525E+01
  0.1797E+01
  0.9592E+00
  0.1219E+01
  0.1185E+02
  0.5936E+01
  0.2591E+01
  0.1220E+01
  0.1295E+01
  0.3746E+01
  0.5267E+01
  0.1847E+02
  0.2017E+02
  0.2458E+02
  0.1128E+02
  0.3648E+01
  0.3151E+01
  0.3409E+01
  0.3678E+01
  0.1876E+02
  0.4403E+01
  0.1401E+01
  0.2498E+01
  0.1085E+02
  0.2344E+02
  0.4047E+01
  0.3575E+01
  0.7964E+01
  0.9303E+02
  0.7556E+01
  0.1532E+03
  0.2439E+03
  0.1017E+02
  0.2267E+02
  0.1169E+02
  0.3862E+02
  0.3783E+03
  0.2955E+02
  0.2985E+02
  0.1734E+02
  0.3746E+02
  0.5700E+03
  0.1246E+03
  0.3372E+02
  0.2635E+02
  0.4224E+02
  0.2273E+03
  0.4434E+03
  0.5944E+02
  0.3112E+02
  0.2086E+03
  0.1214E+03
  0.9508E+03
  0.5718E+02
  0.5787E+02
  0.2165E+02
  0.4700E+02
  0.5064E+03
  0.2581E+02
  0.1111E+03
  0.2660E+04
  0.3890E+03
  0.3250E+02
  0.1856E+02
  0.1333E+03
  0.4357E+02
  0.1585E+02
  0.9951E+01
  0.4904E+02
  0.6151E+02
  0.5588E+02
  0.3895E+01
  0.6021E+01
  0.1616E+03
  0.2657E+02
  0.9453E+01
  0.1125E+02
  0.3566E+01
  0.3235E+01
  0.2209E+02
  0.3950E+02
  0.3132E+01
  0.1897E+01
  0.8050E+01
  0.1569E+02
  0.4030E+02
  0.4031E+01
  0.1769E+01
  0.7840E+01
  0.4708E+01
  0.1222E+03
  0.6296E+01
  0.1677E+01
  0.8531E+01
  0.2034E+01
  0.3395E+02
  0.3632E+01
  0.1343E+01
  0.9973E+01
  0.1262E+01
  0.8844E+01
  0.1298E+02
  0.1558E+02
  0.1824E+01
  0.6966E+00
  0.4368E+00
  0.5179E+00
  0.2672E+02
  0.4658E+01
  0.6248E+00
  0.7620E+00
  0.4100E+00
  0.4468E+00
  0.5317E+00
  0.8389E+00
  0.4885E+00
  0.6629E+01
  0.2526E+00
  0.1713E+00
  0.1309E+01
  0.6553E+01
  0.4485E+00
  0.4034E+00
  0.6484E+00
  0.2878E+00
  0.1649E+00
  0.4866E+00
  0.4348E+00
  0.5398E+00
  0.3967E+00
  0.1020E+01
  0.1840E+00
  0.3299E+00
  0.1359E+00
  0.1017E+00
  0.6797E+01
  0.5000E+00
  0.3425E+00
  0.3849E+00
  0.1418E+00
  0.1020E+00
  0.1843E+00
  0.9296E-01
  0.2067E+01
  0.3356E+00
  0.9376E-01
  0.3922E+00
  0.1481E+00
  0.2858E+00
  0.5047E+00
  0.2586E+00
  0.1248E+01
  0.2737E+00
  0.2555E+00
  0.1413E+01
  0.1680E+00
  0.2233E+00
  0.9103E+00
  0.5866E+00
  0.9008E+00
  0.1628E+01
  0.3182E+00
  0.1706E+01
  0.1099E+02
  0.4800E+01
  0.4456E+01
  0.1826E+02
  0.8773E+01
  0.5789E+01
  0.7511E+01
  0.1396E+02
  0.9606E+01
  0.5414E+01
  0.1239E+02
  0.1474E+02
  0.3661E+02
  0.3259E+02
  0.2162E+02
  0.2318E+02
  0.3690E+03
  0.5825E+02
  0.2884E+03
  0.5783E+02
  0.1945E+03
  0.9243E+02
  0.1544E+03
  0.1780E+04
  0.1073E+03
  0.5490E+03
  0.7376E+03
  0.8133E+03
  0.7582E+03
  0.4481E+03
  0.3962E+04
  0.1231E+04
  0.5946E+03
  0.3708E+04
  0.1900E+04
  0.2612E+04
  0.2505E+04
  0.1705E+04
  0.3770E+05
  0.1074E+05
  0.2066E+04
  0.1638E+06
  0.3446E+04
  0.3891E+04
  0.1620E+06
  0.3637E+04
  0.8666E+04
  0.4526E+06
  0.9158E+04
  0.4664E+04
  0.3572E+05
  0.1578E+05
  0.5139E+04
  0.9477E+04
  0.1545E+07
  0.1125E+05
  0.6453E+04
  0.1086E+05
  0.6256E+06
  0.2187E+05
  0.6611E+04
  0.6670E+04
  0.3925E+04
  0.4554E+04
  0.9499E+04
  0.3877E+05
  0.2208E+06
  0.3143E+05
  0.3732E+05
  0.1501E+05
  0.4357E+05
  0.1309E+05
  0.4463E+05
  0.3559E+05
  0.3949E+05
  0.4966E+05
  0.4401E+05
  0.1086E+06
  0.1392E+06
  0.1022E+06
  0.3033E+05
  0.8113E+05
  0.1098E+06
  0.5655E+05
  0.5181E+06
  0.2515E+06
  0.1807E+06
  0.4146E+06
  0.3459E+06
  0.3446E+06
  0.2578E+06
  0.1814E+06
  0.3321E+07
  0.7182E+06
  0.3156E+06
  0.4180E+08
  0.3287E+06
  0.3566E+06
  0.5281E+08
  0.4698E+06
  0.4271E+06
  0.7463E+07
  0.8581E+06
  0.5214E+06
  0.1516E+07
  0.4303E+07
  0.5519E+06
  0.5827E+06
  0.4524E+07
  0.2233E+07
  0.7169E+06
  0.6641E+06
  0.2482E+07
  0.3560E+07
  0.1757E+06
  0.2746E+07
  0.1308E+07
  0.5858E+06
  0.5242E+06
  0.6632E+06
  0.1327E+07
  0.4957E+07
  0.1141E+09
  0.8512E+07
  0.2964E+07
  0.1585E+07
  0.1128E+07
  0.9291E+06
  0.7793E+06
  0.7130E+06
  0.6941E+06
  0.7682E+06
  0.1164E+07
  0.4249E+07
  0.3155E+07
  0.3451E+06
  0.1179E+06
  0.8909E+05
  0.4363E+06
  0.8131E+05
  0.2358E+05
  0.3429E+06
  0.9293E+04
  0.8879E+05
  0.3626E+04
  0.2514E+04
  0.2233E+04
  0.1419E+04
  0.7498E+03
  0.5235E+03
  0.3778E+03
  0.2717E+03
  0.1914E+03
  0.1336E+03
  0.7250E+02
  0.4799E+02
  0.3147E+02
  0.2004E+02
  0.1259E+02
  0.8983E+01
  0.3302E+01
  0.1963E+01
  0.6109E+01
  0.4754E+00
  0.2316E+00
  0.6613E+01
  0.1396E+00
  0.1030E+00
  0.7901E+00
  0.2847E+00
  0.1015E+00
  0.1879E+00
  0.7156E+01
  0.1616E+00
  0.8913E-01
  0.1450E+00
  0.2548E+01
  0.1106E+00
  0.5383E-01
  0.1937E+00
  0.9973E-01
  0.8717E-01
  0.1134E+00
  0.2199E+00
  0.9655E+00
  0.7134E+01
  0.9657E+00
  0.4100E+00
  0.2966E+00
  0.2102E+00
  0.1882E+00
  0.1759E+00
  0.1662E+00
  0.2191E+00
  0.2065E+00
  0.2757E+00
  0.6632E+00
  0.1075E+01
  0.1281E+00
  0.7461E-01
  0.9154E-01
  0.1903E+00
  0.7120E-01
  0.3574E-01
  0.1534E+00
  0.3374E-01
  0.7857E-01
  0.9638E-01
  0.4479E-01
  0.6355E-01
  0.1014E+00
  0.4671E-01
  0.6094E-01
  0.3000E+00
  0.1484E+00
  0.7547E-01
  0.1398E+00
  0.1569E+01
  0.1826E+00
  0.1728E+00
  0.2847E+00
  0.2168E+01
  0.2364E+00
  0.1796E+00
  0.7542E+00
  0.8039E+00
  0.2061E+00
  0.3013E+00
  0.6082E+01
  0.3139E+00
  0.1980E+00
  0.5907E+00
  0.5949E+00
  0.1214E+00
  0.1341E+00
  0.5165E+00
