 Adiabat temperature at each layer [K]
    257.2800
    244.9357
    232.3568
    220.0414
    208.2384
    197.0245
    186.4023
    176.3497
    166.8386
    157.8402
    149.3272
    141.2733
    133.6538
    126.4453
    119.9985
    119.9985
    119.9985
    119.9985
    119.9985
    119.9985
    119.9985
    119.9985
    119.9985
    119.9985
    119.9985
    119.9985
    119.9985
    119.9985
    119.9985
    119.9985
    119.9985
    119.9985
    119.9985
    119.9985
    119.9985
    119.9985
    119.9985
    119.9985
    119.9985
    119.9985
    119.9985
    119.9985
    119.9985
    119.9985
    119.9985
    119.9985
    119.9985
    119.9985
    119.9985
    119.9985
