 Temperature at each layer [K]
    259.2895
    244.9357
    232.3568
    220.0414
    208.2384
    199.7329
    195.2287
    191.9990
    189.1073
    186.9614
    185.1465
    183.8641
    183.2808
    182.8810
    182.7006
    181.6735
    180.2735
    178.4735
    176.6735
    174.8735
    173.2735
    171.8133
    170.1199
    167.9402
    165.5030
    162.5230
    159.6778
    157.0533
    154.7665
    152.8603
    151.1258
    149.6148
    147.8927
    146.4909
    145.4728
    145.0160
    145.0664
    145.0249
    144.9367
    144.9880
    144.9653
    144.5636
    143.9411
    142.6551
    140.5851
    137.7097
    133.9150
    129.5659
    124.1965
    119.9985
