 Flux gradient longwave
        1.1947
        0.0731
        0.1140
        0.1682
        0.2052
        0.2763
        0.4246
        0.6376
        0.9168
        1.3796
        2.9258
        6.0569
        5.6317
        4.9893
        5.3426
        4.6509
        4.9508
        5.2221
        4.9369
        5.0918
        5.2247
        4.3610
        3.9730
        5.0865
        4.9022
        4.3925
        4.0582
        3.2265
        2.9308
        2.5142
        2.4348
        2.2740
        2.0933
        2.0471
        1.8967
        1.7120
        1.5976
        1.4284
        1.2429
        1.1294
        1.0298
        0.9281
        0.7892
        0.6014
        0.5038
        0.5150
        0.3367
        0.3244
        0.0883
        0.0153
