 Species molar concentration at each layer [mol/mol]
  0.9900E+00
  0.1000E-01
  0.0000E+00
  0.5982E-01
  0.9900E+00
  0.1000E-01
  0.0000E+00
  0.5123E-01
  0.9900E+00
  0.1000E-01
  0.0000E+00
  0.4338E-01
  0.9900E+00
  0.1000E-01
  0.0000E+00
  0.3637E-01
  0.9900E+00
  0.1000E-01
  0.0000E+00
  0.3021E-01
  0.9900E+00
  0.1000E-01
  0.0000E+00
  0.2492E-01
  0.9900E+00
  0.1000E-01
  0.0000E+00
  0.2043E-01
  0.9900E+00
  0.1000E-01
  0.0000E+00
  0.1667E-01
  0.9900E+00
  0.1000E-01
  0.0000E+00
  0.1355E-01
  0.9900E+00
  0.1000E-01
  0.0000E+00
  0.1099E-01
  0.9900E+00
  0.1000E-01
  0.0000E+00
  0.8866E-02
  0.9900E+00
  0.1000E-01
  0.0000E+00
  0.6876E-02
  0.9900E+00
  0.1000E-01
  0.0000E+00
  0.4857E-02
  0.9900E+00
  0.1000E-01
  0.0000E+00
  0.3455E-02
  0.9900E+00
  0.1000E-01
  0.0000E+00
  0.2582E-02
  0.9900E+00
  0.1000E-01
  0.0000E+00
  0.1959E-02
  0.9900E+00
  0.1000E-01
  0.0000E+00
  0.1557E-02
  0.9900E+00
  0.1000E-01
  0.0000E+00
  0.1219E-02
  0.9900E+00
  0.1000E-01
  0.0000E+00
  0.9439E-03
  0.9900E+00
  0.1000E-01
  0.0000E+00
  0.7376E-03
  0.9900E+00
  0.1000E-01
  0.0000E+00
  0.5605E-03
  0.9900E+00
  0.1000E-01
  0.0000E+00
  0.3898E-03
  0.9900E+00
  0.1000E-01
  0.0000E+00
  0.2609E-03
  0.9900E+00
  0.1000E-01
  0.0000E+00
  0.1707E-03
  0.9900E+00
  0.1000E-01
  0.0000E+00
  0.9149E-04
  0.9900E+00
  0.1000E-01
  0.0000E+00
  0.4125E-04
  0.9900E+00
  0.1000E-01
  0.0000E+00
  0.1701E-04
  0.9900E+00
  0.1000E-01
  0.0000E+00
  0.6542E-05
  0.9900E+00
  0.1000E-01
  0.0000E+00
  0.2675E-05
  0.9900E+00
  0.1000E-01
  0.0000E+00
  0.1164E-05
  0.9900E+00
  0.1000E-01
  0.0000E+00
  0.5878E-06
  0.9900E+00
  0.1000E-01
  0.0000E+00
  0.3315E-06
  0.9900E+00
  0.1000E-01
  0.0000E+00
  0.2128E-06
  0.9900E+00
  0.1000E-01
  0.0000E+00
  0.1659E-06
  0.9900E+00
  0.1000E-01
  0.0000E+00
  0.1453E-06
  0.9900E+00
  0.1000E-01
  0.0000E+00
  0.1429E-06
  0.9900E+00
  0.1000E-01
  0.0000E+00
  0.1429E-06
  0.9900E+00
  0.1000E-01
  0.0000E+00
  0.1429E-06
  0.9900E+00
  0.1000E-01
  0.0000E+00
  0.1429E-06
  0.9900E+00
  0.1000E-01
  0.0000E+00
  0.1429E-06
  0.9900E+00
  0.1000E-01
  0.0000E+00
  0.1429E-06
  0.9900E+00
  0.1000E-01
  0.0000E+00
  0.1429E-06
  0.9900E+00
  0.1000E-01
  0.0000E+00
  0.1429E-06
  0.9900E+00
  0.1000E-01
  0.0000E+00
  0.1429E-06
  0.9900E+00
  0.1000E-01
  0.0000E+00
  0.1429E-06
  0.9900E+00
  0.1000E-01
  0.0000E+00
  0.9315E-07
  0.9900E+00
  0.1000E-01
  0.0000E+00
  0.2915E-07
  0.9900E+00
  0.1000E-01
  0.0000E+00
  0.2915E-07
  0.9900E+00
  0.1000E-01
  0.0000E+00
  0.2915E-07
  0.9900E+00
  0.1000E-01
  0.0000E+00
  0.2915E-07
