 Downwards broadband flux at each level [W/m2]
      243.4896
     1135.3242
     1036.9282
      948.7538
      869.7620
      799.0133
      735.5734
      678.5696
      627.1364
      580.6138
      538.1081
      496.0750
      449.0940
      403.3423
      365.0933
      332.7149
      305.4928
      281.9568
      260.4089
      240.5429
      221.5907
      202.2799
      183.3505
      165.3711
      146.0680
      125.6508
      105.8872
       87.7772
       72.3382
       59.3846
       48.8036
       40.0776
       32.9048
       27.1108
       22.3806
       18.5449
       15.5079
       13.0683
       11.0614
        9.4165
        8.0072
        6.6973
        5.3912
        4.0959
        2.9557
        1.9908
        1.0718
        0.4742
        0.1046
        0.0153
        0.0000
