 Upwards broadband flux at each level [W/m2]
      242.4655
     1135.4949
     1037.1720
      949.1115
      870.2879
      799.7444
      736.5809
      680.0016
      629.2061
      583.6003
      542.4742
      503.3668
      462.4427
      422.3227
      389.0630
      362.0272
      339.4560
      320.8708
      304.5450
      289.6159
      275.7556
      261.6695
      247.1010
      233.0946
      218.8781
      203.3630
      187.9919
      173.9402
      161.7277
      151.7050
      143.6381
      137.3469
      132.4481
      128.7474
      126.0644
      124.1254
      122.8004
      121.9584
      121.3798
      120.9778
      120.6980
      120.4179
      120.0399
      119.5338
      118.9949
      118.5338
      118.1298
      117.8689
      117.8237
      117.8227
      117.8227
