 altitude at level i
  0.0000E+00
  0.8509E+04
  0.1635E+05
  0.2358E+05
  0.3023E+05
  0.3637E+05
  0.4206E+05
  0.4735E+05
  0.5232E+05
  0.5701E+05
  0.6147E+05
  0.6576E+05
  0.6989E+05
  0.7388E+05
  0.7778E+05
  0.8161E+05
  0.8541E+05
  0.8919E+05
  0.9299E+05
  0.9682E+05
  0.1007E+06
  0.1046E+06
  0.1086E+06
  0.1126E+06
  0.1166E+06
  0.1207E+06
  0.1248E+06
  0.1290E+06
  0.1331E+06
  0.1373E+06
  0.1415E+06
  0.1459E+06
  0.1504E+06
  0.1550E+06
  0.1599E+06
  0.1650E+06
  0.1704E+06
  0.1762E+06
  0.1824E+06
  0.1891E+06
  0.1964E+06
  0.2044E+06
  0.2132E+06
  0.2228E+06
  0.2335E+06
  0.2455E+06
  0.2593E+06
  0.2751E+06
  0.2943E+06
  0.3163E+06
  0.3222E+06
