 Outgoing longwave flux vs. time [W/m2]
  0.3189E+02
  0.4034E+02
  0.4161E+02
  0.4390E+02
  0.4531E+02
  0.4630E+02
  0.4754E+02
  0.4829E+02
  0.4918E+02
  0.5025E+02
  0.5121E+02
  0.5169E+02
  0.5233E+02
  0.5300E+02
  0.5355E+02
  0.5426E+02
  0.5491E+02
  0.5543E+02
  0.5620E+02
  0.5691E+02
  0.5760E+02
  0.5832E+02
  0.5907E+02
  0.5974E+02
  0.6039E+02
  0.6097E+02
  0.6152E+02
  0.6209E+02
  0.6264E+02
  0.6313E+02
  0.6361E+02
  0.6415E+02
  0.6469E+02
  0.6522E+02
  0.6567E+02
  0.6610E+02
  0.6654E+02
  0.6693E+02
  0.6731E+02
  0.6769E+02
  0.6802E+02
  0.6830E+02
  0.6856E+02
  0.6887E+02
  0.6916E+02
  0.6935E+02
  0.6957E+02
  0.6985E+02
  0.7004E+02
  0.7024E+02
  0.7048E+02
  0.7069E+02
  0.7078E+02
  0.7097E+02
  0.7118E+02
  0.7134E+02
  0.7151E+02
  0.7164E+02
  0.7184E+02
  0.7201E+02
  0.7214E+02
  0.7228E+02
  0.7246E+02
  0.7258E+02
  0.7271E+02
  0.7284E+02
  0.7302E+02
  0.7315E+02
  0.7330E+02
  0.7347E+02
  0.7363E+02
  0.7378E+02
  0.7390E+02
  0.7401E+02
  0.7414E+02
  0.7425E+02
  0.7438E+02
  0.7449E+02
  0.7461E+02
  0.7473E+02
  0.7485E+02
  0.7496E+02
  0.7507E+02
  0.7518E+02
  0.7534E+02
  0.7544E+02
  0.7554E+02
  0.7563E+02
  0.7576E+02
  0.7584E+02
  0.7596E+02
  0.7606E+02
  0.7615E+02
  0.7623E+02
  0.7634E+02
  0.7644E+02
  0.7659E+02
  0.7669E+02
  0.7677E+02
  0.7684E+02
  0.7695E+02
  0.7703E+02
  0.7715E+02
  0.7725E+02
  0.7733E+02
  0.7743E+02
  0.7752E+02
  0.7760E+02
  0.7768E+02
  0.7779E+02
  0.7792E+02
  0.7802E+02
  0.7810E+02
  0.7817E+02
  0.7827E+02
  0.7836E+02
  0.7846E+02
  0.7858E+02
  0.7867E+02
  0.7874E+02
  0.7884E+02
  0.7894E+02
  0.7903E+02
  0.7915E+02
  0.7926E+02
  0.7935E+02
  0.7942E+02
  0.7954E+02
  0.7966E+02
  0.7974E+02
  0.7982E+02
  0.7993E+02
  0.8002E+02
  0.8010E+02
  0.8021E+02
  0.8031E+02
  0.8039E+02
  0.8050E+02
  0.8061E+02
  0.8070E+02
  0.8079E+02
  0.8089E+02
  0.8099E+02
  0.8110E+02
  0.8120E+02
  0.8127E+02
  0.8136E+02
  0.8145E+02
  0.8155E+02
  0.8164E+02
  0.8172E+02
  0.8183E+02
  0.8196E+02
  0.8203E+02
  0.8213E+02
  0.8224E+02
  0.8234E+02
  0.8246E+02
  0.8259E+02
  0.8270E+02
  0.8281E+02
  0.8289E+02
  0.8297E+02
  0.8307E+02
  0.8316E+02
  0.8325E+02
  0.8335E+02
  0.8345E+02
  0.8354E+02
  0.8365E+02
  0.8374E+02
  0.8381E+02
  0.8393E+02
  0.8405E+02
  0.8413E+02
  0.8422E+02
  0.8434E+02
  0.8445E+02
  0.8454E+02
  0.8465E+02
  0.8474E+02
  0.8483E+02
  0.8492E+02
  0.8505E+02
  0.8515E+02
  0.8527E+02
  0.8535E+02
  0.8544E+02
  0.8556E+02
  0.8565E+02
  0.8574E+02
  0.8581E+02
  0.8593E+02
  0.8603E+02
  0.8613E+02
  0.8626E+02
  0.8638E+02
  0.8646E+02
  0.8656E+02
  0.8668E+02
  0.8675E+02
  0.8687E+02
  0.8699E+02
  0.8708E+02
  0.8720E+02
  0.8731E+02
  0.8737E+02
  0.8749E+02
  0.8760E+02
  0.8770E+02
  0.8782E+02
  0.8793E+02
  0.8803E+02
  0.8812E+02
  0.8824E+02
  0.8833E+02
  0.8842E+02
  0.8852E+02
  0.8863E+02
  0.8874E+02
  0.8881E+02
  0.8891E+02
  0.8904E+02
  0.8915E+02
  0.8923E+02
  0.8935E+02
  0.8945E+02
  0.8955E+02
  0.8964E+02
  0.8976E+02
  0.8987E+02
  0.8998E+02
  0.9007E+02
  0.9016E+02
  0.9026E+02
  0.9038E+02
  0.9046E+02
  0.9058E+02
  0.9069E+02
  0.9080E+02
  0.9090E+02
  0.9102E+02
  0.9111E+02
  0.9121E+02
  0.9133E+02
  0.9145E+02
  0.9156E+02
  0.9166E+02
  0.9176E+02
  0.9187E+02
  0.9197E+02
  0.9210E+02
  0.9220E+02
  0.9230E+02
  0.9242E+02
  0.9250E+02
  0.9259E+02
  0.9270E+02
  0.9278E+02
  0.9290E+02
  0.9304E+02
  0.9315E+02
  0.9325E+02
  0.9334E+02
  0.9345E+02
  0.9356E+02
  0.9367E+02
  0.9377E+02
  0.9384E+02
  0.9396E+02
  0.9406E+02
  0.9417E+02
  0.9426E+02
  0.9438E+02
  0.9447E+02
  0.9455E+02
  0.9466E+02
  0.9477E+02
  0.9487E+02
  0.9498E+02
  0.9508E+02
  0.9518E+02
  0.9531E+02
  0.9542E+02
  0.9553E+02
  0.9563E+02
  0.9575E+02
  0.9585E+02
  0.9596E+02
  0.9608E+02
  0.9620E+02
  0.9633E+02
  0.9643E+02
  0.9655E+02
  0.9664E+02
  0.9674E+02
  0.9686E+02
  0.9694E+02
  0.9706E+02
  0.9717E+02
  0.9725E+02
  0.9738E+02
  0.9747E+02
  0.9758E+02
  0.9769E+02
  0.9780E+02
  0.9789E+02
  0.9798E+02
  0.9810E+02
  0.9820E+02
  0.9833E+02
  0.9847E+02
  0.9858E+02
  0.9865E+02
  0.9878E+02
  0.9891E+02
  0.9899E+02
  0.9913E+02
  0.9922E+02
  0.9930E+02
  0.9943E+02
  0.9952E+02
  0.9961E+02
  0.9972E+02
  0.9982E+02
  0.9992E+02
  0.1000E+03
  0.1001E+03
  0.1002E+03
  0.1003E+03
  0.1005E+03
  0.1006E+03
  0.1007E+03
  0.1008E+03
  0.1009E+03
  0.1010E+03
  0.1012E+03
  0.1013E+03
  0.1014E+03
  0.1015E+03
  0.1016E+03
  0.1017E+03
  0.1018E+03
  0.1019E+03
  0.1020E+03
  0.1021E+03
  0.1022E+03
  0.1023E+03
  0.1025E+03
  0.1026E+03
  0.1027E+03
  0.1028E+03
  0.1029E+03
  0.1030E+03
  0.1031E+03
  0.1032E+03
  0.1034E+03
  0.1035E+03
  0.1036E+03
  0.1037E+03
  0.1038E+03
  0.1039E+03
  0.1040E+03
  0.1041E+03
  0.1042E+03
  0.1043E+03
  0.1044E+03
  0.1045E+03
  0.1046E+03
  0.1047E+03
  0.1048E+03
  0.1050E+03
  0.1051E+03
  0.1051E+03
  0.1053E+03
  0.1054E+03
  0.1055E+03
  0.1056E+03
  0.1057E+03
  0.1059E+03
  0.1060E+03
  0.1060E+03
  0.1062E+03
  0.1063E+03
  0.1064E+03
  0.1065E+03
  0.1066E+03
  0.1067E+03
  0.1068E+03
  0.1069E+03
  0.1070E+03
  0.1071E+03
  0.1072E+03
  0.1074E+03
  0.1075E+03
  0.1075E+03
  0.1076E+03
  0.1078E+03
  0.1079E+03
  0.1080E+03
  0.1081E+03
  0.1082E+03
  0.1083E+03
  0.1084E+03
  0.1085E+03
  0.1086E+03
  0.1087E+03
  0.1088E+03
  0.1089E+03
  0.1090E+03
  0.1091E+03
  0.1092E+03
  0.1093E+03
  0.1095E+03
  0.1096E+03
  0.1097E+03
  0.1098E+03
  0.1099E+03
  0.1100E+03
  0.1101E+03
  0.1102E+03
  0.1103E+03
  0.1104E+03
  0.1105E+03
  0.1106E+03
  0.1107E+03
  0.1108E+03
  0.1109E+03
  0.1110E+03
  0.1111E+03
  0.1112E+03
  0.1114E+03
  0.1115E+03
  0.1116E+03
  0.1116E+03
  0.1118E+03
  0.1119E+03
  0.1120E+03
  0.1120E+03
  0.1122E+03
  0.1123E+03
  0.1124E+03
  0.1125E+03
  0.1126E+03
  0.1127E+03
  0.1128E+03
  0.1129E+03
  0.1130E+03
  0.1131E+03
  0.1132E+03
  0.1133E+03
  0.1134E+03
  0.1134E+03
  0.1136E+03
  0.1137E+03
  0.1137E+03
  0.1139E+03
  0.1140E+03
  0.1140E+03
  0.1142E+03
  0.1143E+03
  0.1144E+03
  0.1145E+03
  0.1146E+03
  0.1147E+03
  0.1148E+03
  0.1149E+03
  0.1150E+03
  0.1150E+03
  0.1152E+03
  0.1152E+03
  0.1153E+03
  0.1154E+03
  0.1156E+03
  0.1156E+03
  0.1157E+03
  0.1158E+03
  0.1158E+03
  0.1159E+03
  0.1160E+03
  0.1161E+03
  0.1162E+03
  0.1163E+03
  0.1164E+03
  0.1164E+03
  0.1166E+03
  0.1166E+03
  0.1167E+03
  0.1168E+03
  0.1169E+03
  0.1170E+03
  0.1171E+03
  0.1172E+03
  0.1173E+03
  0.1174E+03
  0.1174E+03
  0.1175E+03
  0.1176E+03
  0.1177E+03
  0.1177E+03
