 Spectral outgoing shortwave flux [W/m2/cm^-1]
  0.0000E+00
  0.2035E-17
  0.1093E-15
  0.1179E-14
  0.6449E-14
  0.2419E-13
  0.7135E-13
  0.1782E-12
  0.3942E-12
  0.7941E-12
  0.1485E-11
  0.2616E-11
  0.4387E-11
  0.7058E-11
  0.1096E-10
  0.1651E-10
  0.2422E-10
  0.3470E-10
  0.4871E-10
  0.6710E-10
  0.9094E-10
  0.1214E-09
  0.1599E-09
  0.2080E-09
  0.2675E-09
  0.3406E-09
  0.4295E-09
  0.5367E-09
  0.6652E-09
  0.8182E-09
  0.9992E-09
  0.1212E-08
  0.1461E-08
  0.1752E-08
  0.2089E-08
  0.2477E-08
  0.2923E-08
  0.3433E-08
  0.4015E-08
  0.4677E-08
  0.5425E-08
  0.6271E-08
  0.7222E-08
  0.8289E-08
  0.9483E-08
  0.1082E-07
  0.1230E-07
  0.1394E-07
  0.1577E-07
  0.1779E-07
  0.2001E-07
  0.2246E-07
  0.2515E-07
  0.2810E-07
  0.3133E-07
  0.3486E-07
  0.3871E-07
  0.4290E-07
  0.4746E-07
  0.5241E-07
  0.5778E-07
  0.6359E-07
  0.6987E-07
  0.7665E-07
  0.8396E-07
  0.9184E-07
  0.1003E-06
  0.1094E-06
  0.1192E-06
  0.1296E-06
  0.1409E-06
  0.1528E-06
  0.1657E-06
  0.1793E-06
  0.1940E-06
  0.2095E-06
  0.2261E-06
  0.2437E-06
  0.2624E-06
  0.2823E-06
  0.3034E-06
  0.3257E-06
  0.3494E-06
  0.3745E-06
  0.4010E-06
  0.4291E-06
  0.4587E-06
  0.4900E-06
  0.5229E-06
  0.5577E-06
  0.5943E-06
  0.6329E-06
  0.6735E-06
  0.7161E-06
  0.7610E-06
  0.8080E-06
  0.8575E-06
  0.1028E-05
  0.1000E-05
  0.1049E-05
  0.1081E-05
  0.1177E-05
  0.1208E-05
  0.1277E-05
  0.1348E-05
  0.1423E-05
  0.1501E-05
  0.1582E-05
  0.1667E-05
  0.1756E-05
  0.1848E-05
  0.1945E-05
  0.2045E-05
  0.2149E-05
  0.2258E-05
  0.2371E-05
  0.2489E-05
  0.2611E-05
  0.2738E-05
  0.2870E-05
  0.3008E-05
  0.3150E-05
  0.3298E-05
  0.3451E-05
  0.3610E-05
  0.3775E-05
  0.3945E-05
  0.4122E-05
  0.4306E-05
  0.4495E-05
  0.4691E-05
  0.4895E-05
  0.5105E-05
  0.5322E-05
  0.5547E-05
  0.5779E-05
  0.6019E-05
  0.6267E-05
  0.6523E-05
  0.6787E-05
  0.7060E-05
  0.7341E-05
  0.7631E-05
  0.7930E-05
  0.8239E-05
  0.8557E-05
  0.8885E-05
  0.9222E-05
  0.9570E-05
  0.9928E-05
  0.1030E-04
  0.1068E-04
  0.1107E-04
  0.1147E-04
  0.1188E-04
  0.1231E-04
  0.1274E-04
  0.1319E-04
  0.1366E-04
  0.1413E-04
  0.1462E-04
  0.1512E-04
  0.1563E-04
  0.1616E-04
  0.1670E-04
  0.1726E-04
  0.1783E-04
  0.2106E-04
  0.2264E-04
  0.2372E-04
  0.2439E-04
  0.2543E-04
  0.2607E-04
  0.2738E-04
  0.2807E-04
  0.3062E-04
  0.8819E-04
  0.3148E-04
  0.4319E-04
  0.8226E-04
  0.3455E-04
  0.3546E-04
  0.3701E-04
  0.3809E-04
  0.3882E-04
  0.3996E-04
  0.4195E-04
  0.4299E-04
  0.4404E-04
  0.4544E-04
  0.4697E-04
  0.4795E-04
  0.4958E-04
  0.5114E-04
  0.5230E-04
  0.5421E-04
  0.5535E-04
  0.5696E-04
  0.5876E-04
  0.6065E-04
  0.6201E-04
  0.6367E-04
  0.6534E-04
  0.6764E-04
  0.7002E-04
  0.6996E-04
  0.7197E-04
  0.7496E-04
  0.7766E-04
  0.7953E-04
  0.8175E-04
  0.8261E-04
  0.8645E-04
  0.8382E-04
  0.9035E-04
  0.9298E-04
  0.9508E-04
  0.9716E-04
  0.1003E-03
  0.1020E-03
  0.1013E-03
  0.1081E-03
  0.1101E-03
  0.1128E-03
  0.1149E-03
  0.1173E-03
  0.1210E-03
  0.1238E-03
  0.1271E-03
  0.1294E-03
  0.1283E-03
  0.1348E-03
  0.1382E-03
  0.1430E-03
  0.1436E-03
  0.1484E-03
  0.1531E-03
  0.1541E-03
  0.1528E-03
  0.1758E-03
  0.1653E-03
  0.1703E-03
  0.1713E-03
  0.1728E-03
  0.1744E-03
  0.1843E-03
  0.1892E-03
  0.1866E-03
  0.1912E-03
  0.1978E-03
  0.2012E-03
  0.2023E-03
  0.2045E-03
  0.2093E-03
  0.2138E-03
  0.2194E-03
  0.2247E-03
  0.2331E-03
  0.2308E-03
  0.2366E-03
  0.2389E-03
  0.2423E-03
  0.2493E-03
  0.2522E-03
  0.2561E-03
  0.2597E-03
  0.2558E-03
  0.2701E-03
  0.2762E-03
  0.2730E-03
  0.2822E-03
  0.2832E-03
  0.2913E-03
  0.2952E-03
  0.3017E-03
  0.3022E-03
  0.3101E-03
  0.3110E-03
  0.3193E-03
  0.3242E-03
  0.3232E-03
  0.3304E-03
  0.3387E-03
  0.3402E-03
  0.3489E-03
  0.3512E-03
  0.3587E-03
  0.3639E-03
  0.3685E-03
  0.3728E-03
  0.3780E-03
  0.3830E-03
  0.3857E-03
  0.3927E-03
  0.3985E-03
  0.4026E-03
  0.4102E-03
  0.4169E-03
  0.4200E-03
  0.4269E-03
  0.4313E-03
  0.4340E-03
  0.4444E-03
  0.4492E-03
  0.4488E-03
  0.4590E-03
  0.4690E-03
  0.4728E-03
  0.4816E-03
  0.4867E-03
  0.4899E-03
  0.4957E-03
  0.4771E-03
  0.5125E-03
  0.5209E-03
  0.5400E-03
  0.6061E-03
  0.6626E-03
  0.8583E-03
  0.7231E-03
  0.8100E-03
  0.7766E-03
  0.5760E-03
  0.5879E-03
  0.5781E-03
  0.5876E-03
  0.5909E-03
  0.6020E-03
  0.6100E-03
  0.6178E-03
  0.6173E-03
  0.6181E-03
  0.6271E-03
  0.6360E-03
  0.6404E-03
  0.6628E-03
  0.6563E-03
  0.6764E-03
  0.6703E-03
  0.6870E-03
  0.6903E-03
  0.7075E-03
  0.7071E-03
  0.7120E-03
  0.7183E-03
  0.7305E-03
  0.7461E-03
  0.7509E-03
  0.7605E-03
  0.7655E-03
  0.7671E-03
  0.7713E-03
  0.7923E-03
  0.7948E-03
  0.8010E-03
  0.8065E-03
  0.8298E-03
  0.8282E-03
  0.8465E-03
  0.8505E-03
  0.8627E-03
  0.8706E-03
  0.8802E-03
  0.8798E-03
  0.8815E-03
  0.8730E-03
  0.9163E-03
  0.9294E-03
  0.9315E-03
  0.9348E-03
  0.9536E-03
  0.9710E-03
  0.9711E-03
  0.9859E-03
  0.9788E-03
  0.1064E-02
  0.1115E-02
  0.1339E-02
  0.1727E-02
  0.1546E-02
  0.1095E-02
  0.1073E-02
  0.2103E-02
  0.2043E-02
  0.1360E-02
  0.1572E-02
  0.1506E-02
  0.1663E-02
  0.1466E-02
  0.1158E-02
  0.1179E-02
  0.1181E-02
  0.1173E-02
  0.1192E-02
  0.1205E-02
  0.1221E-02
  0.1234E-02
  0.1234E-02
  0.1208E-02
  0.1269E-02
  0.1276E-02
  0.1290E-02
  0.1299E-02
  0.1309E-02
  0.1308E-02
  0.1327E-02
  0.1342E-02
  0.1357E-02
  0.1355E-02
  0.1369E-02
  0.1379E-02
  0.1399E-02
  0.1409E-02
  0.1420E-02
  0.1420E-02
  0.1433E-02
  0.1457E-02
  0.1477E-02
  0.1470E-02
  0.1453E-02
  0.1509E-02
  0.1527E-02
  0.1535E-02
  0.1527E-02
  0.1533E-02
  0.1528E-02
  0.1583E-02
  0.1587E-02
  0.1614E-02
  0.1621E-02
  0.1626E-02
  0.1647E-02
  0.1613E-02
  0.1608E-02
  0.1644E-02
  0.1697E-02
  0.1698E-02
  0.1718E-02
  0.1734E-02
  0.1724E-02
  0.1722E-02
  0.1770E-02
  0.1808E-02
  0.1744E-02
  0.1774E-02
  0.1830E-02
  0.1845E-02
  0.1834E-02
  0.1846E-02
  0.1897E-02
  0.1903E-02
  0.1865E-02
  0.1981E-02
  0.1932E-02
  0.1908E-02
  0.2030E-02
  0.2174E-02
  0.2284E-02
  0.2452E-02
  0.2267E-02
  0.2190E-02
  0.2355E-02
  0.2280E-02
  0.2448E-02
  0.2419E-02
  0.2091E-02
  0.2060E-02
  0.2061E-02
  0.1741E-02
  0.2034E-02
  0.1999E-02
  0.2124E-02
  0.2165E-02
  0.2209E-02
  0.2154E-02
  0.2214E-02
  0.2232E-02
  0.2225E-02
  0.2269E-02
  0.2240E-02
  0.2249E-02
  0.2300E-02
  0.2317E-02
  0.2345E-02
  0.2356E-02
  0.2351E-02
  0.2354E-02
  0.2346E-02
  0.2346E-02
  0.2419E-02
  0.2447E-02
  0.2470E-02
  0.2483E-02
  0.2477E-02
  0.2452E-02
  0.2485E-02
  0.2512E-02
  0.2500E-02
  0.2524E-02
  0.2548E-02
  0.2529E-02
  0.2571E-02
  0.2578E-02
  0.2546E-02
  0.2552E-02
  0.2596E-02
  0.2656E-02
  0.2655E-02
  0.2670E-02
  0.2651E-02
  0.2675E-02
  0.2786E-02
  0.2888E-02
  0.2832E-02
  0.2822E-02
  0.2987E-02
  0.2928E-02
  0.3002E-02
  0.2973E-02
  0.3021E-02
  0.3033E-02
  0.3045E-02
  0.2978E-02
  0.3098E-02
  0.3082E-02
  0.3030E-02
  0.3101E-02
  0.3046E-02
  0.3122E-02
  0.3079E-02
  0.3124E-02
  0.3111E-02
  0.3093E-02
  0.3074E-02
  0.3102E-02
  0.3097E-02
  0.3088E-02
  0.3045E-02
  0.3072E-02
  0.3006E-02
  0.3078E-02
  0.3037E-02
  0.3137E-02
  0.3125E-02
  0.3159E-02
  0.3174E-02
  0.3172E-02
  0.3169E-02
  0.3138E-02
  0.3182E-02
  0.3239E-02
  0.3226E-02
  0.3247E-02
  0.3263E-02
  0.3260E-02
  0.3284E-02
  0.3228E-02
  0.3343E-02
  0.3297E-02
  0.3288E-02
  0.3357E-02
  0.3356E-02
  0.3390E-02
  0.3433E-02
  0.3409E-02
  0.3501E-02
  0.3488E-02
  0.3537E-02
  0.3520E-02
  0.3492E-02
  0.3489E-02
  0.3530E-02
  0.3567E-02
  0.3532E-02
  0.3593E-02
  0.3568E-02
  0.3565E-02
  0.3553E-02
  0.3560E-02
  0.3608E-02
  0.3644E-02
  0.3671E-02
  0.3690E-02
  0.3647E-02
  0.3647E-02
  0.3682E-02
  0.3677E-02
  0.3699E-02
  0.3662E-02
  0.3726E-02
  0.3780E-02
  0.3802E-02
  0.3792E-02
  0.3832E-02
  0.3839E-02
  0.3819E-02
  0.3838E-02
  0.3837E-02
  0.3792E-02
  0.3795E-02
  0.3731E-02
  0.3796E-02
  0.3771E-02
  0.3799E-02
  0.3880E-02
  0.3840E-02
  0.3772E-02
  0.3867E-02
  0.3672E-02
  0.3159E-02
  0.3799E-02
  0.3881E-02
  0.3938E-02
  0.3943E-02
  0.3998E-02
  0.3792E-02
  0.3986E-02
  0.3985E-02
  0.3936E-02
  0.3968E-02
  0.4024E-02
  0.3971E-02
  0.4013E-02
  0.3941E-02
  0.4019E-02
  0.3997E-02
  0.4089E-02
  0.4110E-02
  0.4028E-02
  0.4075E-02
  0.4062E-02
  0.4065E-02
  0.4078E-02
  0.4047E-02
  0.4094E-02
  0.4141E-02
  0.4163E-02
  0.4186E-02
  0.4152E-02
  0.4051E-02
  0.4027E-02
  0.4083E-02
  0.4180E-02
  0.4174E-02
  0.4244E-02
  0.4189E-02
  0.4213E-02
  0.4185E-02
  0.4020E-02
  0.4095E-02
  0.4225E-02
  0.4108E-02
  0.4229E-02
  0.4243E-02
  0.4296E-02
  0.4219E-02
  0.4298E-02
  0.4258E-02
  0.4365E-02
  0.4303E-02
  0.4314E-02
  0.4352E-02
  0.4360E-02
  0.4261E-02
  0.4210E-02
  0.4244E-02
  0.4296E-02
  0.4325E-02
  0.4342E-02
  0.4327E-02
  0.4383E-02
  0.4330E-02
  0.4332E-02
  0.4399E-02
  0.4335E-02
  0.4411E-02
  0.4366E-02
  0.4376E-02
  0.3892E-02
  0.4139E-02
  0.4425E-02
  0.4431E-02
  0.4304E-02
  0.4395E-02
  0.4484E-02
  0.4479E-02
  0.4522E-02
  0.4482E-02
  0.4428E-02
  0.4443E-02
  0.4403E-02
  0.4315E-02
  0.4455E-02
  0.4475E-02
  0.4420E-02
  0.4415E-02
  0.4528E-02
  0.4516E-02
  0.4541E-02
  0.4437E-02
  0.4196E-02
  0.4335E-02
  0.4407E-02
  0.4329E-02
  0.4457E-02
  0.4413E-02
  0.4242E-02
  0.4336E-02
  0.4425E-02
  0.4408E-02
  0.4550E-02
  0.4397E-02
  0.4340E-02
  0.4391E-02
  0.4310E-02
  0.4222E-02
  0.4332E-02
  0.4307E-02
  0.4378E-02
  0.4517E-02
  0.4532E-02
  0.4553E-02
  0.4494E-02
  0.4372E-02
  0.4543E-02
  0.4390E-02
  0.4490E-02
  0.4494E-02
  0.4417E-02
  0.4474E-02
  0.4364E-02
  0.4504E-02
  0.4507E-02
  0.4491E-02
  0.4397E-02
  0.4469E-02
  0.4292E-02
  0.4447E-02
  0.4366E-02
  0.4155E-02
  0.4206E-02
  0.4313E-02
  0.4428E-02
  0.4444E-02
  0.4300E-02
  0.4446E-02
  0.4589E-02
  0.4421E-02
  0.4360E-02
  0.4327E-02
  0.4030E-02
  0.4380E-02
  0.4485E-02
  0.4557E-02
  0.4326E-02
  0.4497E-02
  0.4488E-02
  0.4235E-02
  0.3919E-02
  0.3860E-02
  0.4355E-02
  0.4372E-02
  0.4407E-02
  0.4360E-02
  0.4109E-02
  0.4112E-02
  0.4243E-02
  0.4197E-02
  0.4191E-02
  0.4111E-02
  0.4075E-02
  0.3494E-02
  0.4041E-02
  0.3188E-02
  0.3914E-02
  0.4312E-02
  0.4121E-02
  0.4083E-02
  0.4188E-02
  0.4162E-02
  0.4151E-02
  0.4551E-02
  0.4308E-02
  0.4274E-02
  0.4181E-02
  0.4350E-02
  0.4064E-02
  0.4040E-02
  0.4276E-02
  0.4317E-02
  0.4580E-02
  0.4328E-02
  0.4435E-02
  0.4053E-02
  0.4394E-02
  0.4209E-02
  0.4079E-02
  0.4045E-02
  0.4179E-02
  0.4034E-02
  0.4396E-02
  0.4370E-02
  0.3991E-02
  0.4409E-02
  0.4444E-02
  0.4412E-02
  0.4332E-02
  0.4439E-02
  0.4470E-02
  0.4342E-02
  0.4255E-02
  0.4323E-02
  0.3920E-02
  0.4232E-02
  0.4273E-02
  0.4494E-02
  0.4537E-02
  0.4031E-02
  0.4163E-02
  0.4340E-02
  0.4094E-02
  0.4005E-02
  0.3316E-02
  0.3869E-02
  0.4258E-02
  0.4362E-02
  0.4311E-02
  0.4398E-02
  0.4446E-02
  0.4444E-02
  0.4494E-02
  0.4424E-02
  0.4446E-02
  0.4467E-02
  0.4381E-02
  0.4329E-02
  0.4466E-02
  0.4478E-02
  0.4329E-02
  0.4204E-02
  0.4359E-02
  0.4412E-02
  0.4386E-02
  0.4385E-02
  0.4296E-02
  0.4213E-02
  0.4340E-02
  0.4304E-02
  0.4181E-02
  0.4015E-02
  0.4046E-02
  0.4259E-02
  0.4218E-02
  0.4129E-02
  0.4126E-02
  0.4278E-02
  0.3989E-02
  0.4156E-02
  0.4242E-02
  0.4086E-02
  0.4085E-02
  0.4327E-02
  0.4074E-02
  0.4256E-02
  0.4323E-02
  0.4231E-02
  0.4206E-02
  0.4303E-02
  0.4153E-02
  0.4123E-02
  0.4159E-02
  0.4230E-02
  0.3991E-02
  0.4192E-02
  0.4294E-02
  0.4219E-02
  0.4234E-02
  0.4048E-02
  0.4073E-02
  0.4034E-02
  0.4190E-02
  0.4023E-02
  0.3769E-02
  0.3813E-02
  0.4079E-02
  0.4142E-02
  0.4228E-02
  0.4287E-02
  0.4081E-02
  0.3936E-02
  0.3953E-02
  0.3986E-02
  0.3802E-02
  0.4029E-02
  0.3894E-02
  0.3784E-02
  0.3453E-02
  0.3422E-02
  0.3761E-02
  0.3841E-02
  0.3810E-02
  0.3758E-02
  0.3650E-02
  0.3764E-02
  0.3902E-02
  0.3571E-02
  0.3655E-02
  0.3319E-02
  0.3270E-02
  0.3445E-02
  0.3480E-02
  0.3202E-02
  0.2949E-02
  0.3253E-02
  0.3141E-02
  0.3405E-02
  0.3630E-02
  0.3572E-02
  0.3143E-02
  0.3078E-02
  0.2959E-02
  0.2554E-02
  0.3310E-02
  0.3443E-02
  0.2703E-02
  0.3395E-02
  0.3248E-02
  0.2194E-02
  0.2084E-02
  0.2254E-02
  0.2568E-02
  0.2782E-02
  0.2660E-02
  0.2953E-02
  0.3057E-02
  0.2800E-02
  0.2961E-02
  0.3274E-02
  0.2915E-02
  0.3086E-02
  0.3100E-02
  0.3117E-02
  0.3285E-02
  0.3010E-02
  0.3178E-02
  0.2973E-02
  0.2699E-02
  0.3247E-02
  0.2925E-02
  0.3128E-02
  0.3279E-02
  0.2998E-02
  0.2892E-02
  0.3032E-02
  0.2958E-02
  0.2943E-02
  0.3058E-02
  0.2896E-02
  0.2846E-02
  0.3048E-02
  0.3164E-02
  0.3117E-02
  0.2986E-02
  0.3154E-02
  0.3042E-02
  0.2926E-02
  0.3149E-02
  0.2815E-02
  0.2983E-02
  0.3092E-02
  0.3094E-02
  0.3155E-02
  0.3069E-02
  0.3067E-02
  0.2553E-02
  0.2508E-02
  0.2887E-02
  0.3031E-02
  0.2971E-02
  0.2896E-02
  0.2742E-02
  0.2735E-02
  0.2749E-02
  0.2658E-02
  0.2686E-02
  0.2723E-02
  0.2798E-02
  0.2833E-02
  0.2679E-02
  0.2872E-02
  0.2894E-02
  0.2759E-02
  0.2873E-02
  0.2934E-02
  0.2950E-02
  0.2910E-02
  0.2892E-02
  0.2807E-02
  0.2717E-02
  0.2767E-02
  0.2665E-02
  0.2668E-02
  0.2593E-02
  0.2435E-02
  0.2272E-02
  0.1908E-02
  0.1428E-02
  0.1099E-02
  0.1248E-02
  0.1628E-02
  0.1949E-02
  0.2020E-02
  0.1946E-02
  0.1723E-02
  0.1465E-02
  0.1119E-02
  0.8693E-03
  0.1062E-02
  0.1445E-02
  0.1688E-02
  0.1898E-02
  0.2060E-02
  0.2087E-02
  0.1931E-02
  0.1895E-02
  0.1906E-02
  0.1887E-02
  0.1745E-02
  0.1542E-02
  0.1501E-02
  0.1477E-02
  0.1524E-02
  0.1435E-02
  0.1462E-02
  0.1536E-02
  0.1412E-02
  0.1342E-02
  0.1460E-02
  0.1531E-02
  0.1513E-02
  0.1357E-02
  0.1102E-02
  0.1023E-02
  0.9884E-03
  0.1028E-02
  0.1132E-02
  0.1253E-02
  0.1411E-02
  0.1560E-02
  0.1814E-02
  0.1837E-02
  0.1818E-02
  0.1574E-02
  0.1584E-02
  0.1697E-02
  0.1751E-02
  0.2006E-02
  0.2081E-02
  0.2029E-02
  0.1937E-02
  0.1763E-02
  0.1639E-02
  0.1638E-02
  0.1567E-02
  0.1663E-02
  0.1578E-02
  0.1280E-02
  0.1243E-02
  0.1424E-02
  0.1360E-02
  0.1177E-02
  0.1412E-02
  0.1567E-02
  0.1558E-02
  0.1402E-02
  0.1668E-02
  0.1887E-02
  0.1757E-02
  0.1604E-02
  0.1689E-02
  0.1894E-02
  0.1871E-02
  0.1838E-02
  0.1783E-02
  0.1639E-02
  0.1690E-02
  0.1657E-02
  0.1748E-02
  0.1819E-02
  0.1782E-02
  0.1791E-02
  0.1830E-02
  0.1872E-02
  0.1818E-02
  0.1719E-02
  0.1513E-02
  0.1405E-02
  0.1503E-02
  0.1570E-02
  0.1483E-02
  0.1383E-02
  0.1418E-02
  0.1595E-02
  0.1442E-02
  0.1250E-02
  0.1294E-02
  0.1324E-02
  0.1249E-02
  0.1288E-02
  0.1347E-02
  0.1490E-02
  0.1513E-02
  0.1414E-02
  0.1262E-02
  0.1037E-02
  0.9302E-03
  0.9314E-03
  0.1078E-02
  0.1157E-02
  0.1086E-02
  0.1103E-02
  0.1194E-02
  0.1361E-02
  0.1373E-02
  0.1399E-02
  0.1451E-02
  0.1546E-02
  0.1554E-02
  0.1526E-02
  0.1531E-02
  0.1481E-02
  0.1414E-02
  0.1365E-02
  0.1268E-02
  0.1190E-02
  0.1285E-02
  0.1388E-02
  0.1318E-02
  0.1312E-02
  0.1411E-02
  0.1432E-02
  0.1466E-02
  0.1395E-02
  0.1222E-02
  0.1219E-02
  0.1167E-02
  0.1265E-02
  0.1221E-02
  0.1235E-02
  0.1188E-02
  0.1120E-02
  0.1220E-02
  0.1301E-02
  0.1230E-02
  0.1208E-02
  0.1130E-02
  0.1194E-02
  0.1236E-02
  0.1250E-02
  0.1163E-02
  0.1023E-02
  0.9298E-03
  0.1044E-02
  0.1190E-02
  0.1271E-02
  0.1337E-02
  0.1295E-02
  0.1267E-02
  0.1261E-02
  0.1262E-02
  0.1147E-02
  0.1130E-02
  0.1190E-02
  0.1210E-02
  0.1275E-02
  0.1343E-02
  0.1311E-02
  0.1208E-02
  0.1135E-02
  0.1187E-02
  0.1214E-02
  0.1163E-02
  0.1115E-02
  0.1106E-02
  0.1125E-02
  0.9861E-03
  0.9403E-03
  0.1001E-02
  0.1061E-02
  0.9505E-03
  0.1051E-02
  0.1224E-02
  0.1238E-02
  0.1202E-02
  0.1216E-02
  0.1240E-02
  0.1193E-02
  0.1152E-02
  0.1084E-02
  0.1158E-02
  0.1166E-02
  0.1165E-02
  0.1173E-02
  0.1161E-02
  0.1203E-02
  0.1203E-02
  0.1159E-02
  0.1188E-02
  0.1177E-02
  0.1171E-02
  0.1240E-02
  0.1365E-02
  0.1346E-02
  0.1326E-02
  0.1295E-02
  0.1203E-02
  0.1115E-02
  0.1127E-02
  0.1131E-02
  0.1119E-02
  0.1139E-02
  0.1154E-02
  0.1152E-02
  0.1198E-02
  0.1166E-02
  0.1171E-02
  0.1197E-02
  0.1155E-02
  0.1074E-02
  0.9758E-03
  0.9172E-03
  0.9100E-03
  0.9215E-03
  0.8970E-03
  0.8570E-03
  0.7875E-03
  0.7586E-03
  0.7407E-03
  0.7032E-03
  0.7448E-03
  0.8145E-03
  0.8562E-03
  0.8459E-03
  0.7647E-03
  0.7307E-03
  0.7825E-03
  0.8967E-03
  0.9619E-03
  0.9371E-03
  0.8947E-03
  0.8353E-03
  0.7794E-03
  0.7354E-03
  0.8137E-03
  0.7863E-03
  0.7387E-03
  0.7002E-03
  0.7335E-03
  0.8449E-03
  0.9165E-03
  0.9249E-03
  0.8535E-03
  0.7657E-03
  0.7184E-03
  0.6371E-03
  0.5854E-03
  0.6429E-03
  0.7245E-03
  0.7617E-03
  0.7728E-03
  0.7145E-03
  0.6473E-03
  0.7515E-03
  0.8077E-03
  0.7988E-03
  0.7606E-03
  0.7471E-03
  0.7478E-03
  0.7356E-03
  0.7126E-03
  0.7128E-03
  0.6964E-03
  0.7392E-03
  0.8127E-03
  0.8387E-03
  0.8352E-03
  0.8237E-03
  0.7455E-03
  0.6387E-03
  0.5149E-03
  0.5195E-03
  0.5134E-03
  0.5186E-03
  0.5403E-03
  0.6083E-03
  0.6502E-03
  0.6627E-03
  0.6380E-03
  0.6773E-03
  0.6595E-03
  0.6432E-03
  0.6562E-03
  0.6440E-03
  0.5798E-03
  0.5919E-03
  0.6013E-03
  0.5626E-03
  0.5189E-03
  0.6033E-03
  0.6426E-03
  0.6511E-03
  0.6106E-03
  0.6305E-03
  0.6251E-03
  0.5766E-03
  0.5877E-03
  0.6055E-03
  0.6487E-03
  0.6391E-03
  0.6167E-03
  0.5835E-03
  0.5205E-03
  0.4580E-03
  0.3940E-03
  0.3880E-03
  0.4436E-03
  0.4715E-03
  0.4690E-03
  0.4427E-03
  0.4044E-03
  0.4184E-03
  0.3631E-03
  0.3729E-03
  0.4547E-03
  0.4800E-03
  0.4671E-03
  0.5111E-03
  0.4952E-03
  0.4346E-03
  0.3893E-03
  0.4026E-03
  0.4717E-03
  0.5461E-03
  0.5594E-03
  0.4985E-03
  0.4424E-03
  0.4078E-03
  0.4075E-03
  0.4514E-03
  0.5413E-03
  0.5468E-03
  0.5335E-03
  0.5373E-03
  0.5369E-03
  0.5230E-03
  0.4825E-03
  0.4462E-03
  0.5166E-03
  0.5065E-03
  0.4820E-03
  0.4708E-03
  0.4905E-03
  0.5241E-03
  0.5455E-03
  0.5129E-03
  0.4589E-03
  0.4619E-03
  0.4819E-03
  0.5191E-03
  0.5266E-03
  0.5319E-03
  0.5463E-03
  0.5601E-03
  0.5600E-03
  0.5559E-03
  0.5694E-03
  0.5825E-03
  0.5600E-03
  0.5550E-03
  0.5107E-03
  0.4660E-03
  0.4237E-03
  0.3856E-03
  0.3625E-03
  0.3428E-03
  0.3247E-03
  0.2651E-03
  0.2237E-03
  0.2422E-03
  0.2742E-03
  0.2886E-03
  0.3048E-03
  0.3137E-03
  0.2779E-03
  0.2712E-03
  0.2664E-03
  0.2509E-03
  0.2268E-03
  0.1940E-03
  0.1529E-03
  0.1172E-03
  0.9294E-04
  0.9827E-04
  0.1254E-03
  0.1601E-03
  0.1922E-03
  0.2113E-03
  0.2278E-03
  0.2466E-03
  0.2453E-03
  0.2416E-03
  0.2603E-03
  0.2651E-03
  0.2567E-03
  0.2462E-03
  0.2444E-03
  0.2432E-03
  0.2322E-03
  0.2186E-03
  0.2029E-03
  0.1853E-03
  0.1634E-03
  0.1417E-03
  0.1243E-03
  0.1008E-03
  0.8179E-04
  0.7169E-04
  0.6758E-04
  0.6574E-04
  0.6482E-04
  0.7007E-04
  0.7832E-04
  0.9130E-04
  0.1078E-03
  0.1243E-03
  0.1366E-03
  0.1422E-03
  0.1471E-03
  0.1571E-03
  0.1750E-03
  0.1957E-03
  0.2076E-03
  0.2127E-03
  0.2100E-03
  0.2058E-03
  0.2162E-03
  0.2067E-03
  0.1992E-03
  0.1988E-03
  0.1901E-03
  0.1443E-03
  0.1430E-03
  0.1427E-03
  0.1287E-03
  0.1075E-03
  0.1052E-03
  0.1055E-03
  0.1076E-03
  0.1112E-03
  0.1166E-03
  0.1276E-03
  0.1436E-03
  0.1610E-03
  0.1775E-03
  0.1890E-03
  0.1670E-03
  0.1520E-03
  0.1474E-03
  0.1422E-03
  0.1292E-03
  0.1414E-03
  0.1597E-03
  0.1747E-03
  0.1988E-03
  0.2020E-03
  0.2020E-03
  0.2062E-03
  0.2142E-03
  0.2204E-03
  0.2210E-03
  0.2132E-03
  0.1957E-03
  0.1810E-03
  0.1844E-03
  0.1906E-03
  0.1863E-03
  0.1833E-03
  0.1931E-03
  0.2000E-03
  0.1958E-03
  0.1998E-03
  0.1936E-03
  0.1909E-03
  0.2005E-03
  0.2107E-03
  0.1976E-03
  0.1849E-03
  0.1885E-03
  0.1931E-03
  0.1949E-03
  0.1938E-03
  0.1926E-03
  0.2032E-03
  0.2073E-03
  0.2090E-03
  0.2134E-03
  0.2025E-03
  0.1887E-03
  0.1765E-03
  0.1698E-03
  0.1789E-03
  0.1954E-03
  0.2073E-03
  0.1896E-03
  0.1845E-03
  0.1747E-03
  0.1475E-03
  0.1238E-03
  0.9799E-04
  0.7741E-04
  0.7523E-04
  0.7464E-04
  0.7769E-04
  0.8323E-04
  0.8223E-04
  0.8124E-04
  0.7890E-04
  0.7294E-04
  0.6863E-04
  0.6262E-04
  0.5716E-04
  0.6328E-04
  0.6184E-04
  0.5894E-04
  0.6319E-04
  0.7033E-04
  0.6976E-04
  0.6048E-04
  0.5884E-04
  0.6673E-04
  0.7634E-04
  0.7601E-04
  0.8469E-04
  0.9257E-04
  0.9160E-04
  0.8031E-04
  0.7865E-04
  0.8954E-04
  0.1020E-03
  0.1011E-03
  0.9079E-04
  0.7891E-04
  0.8252E-04
  0.8911E-04
  0.8804E-04
  0.8558E-04
  0.8212E-04
  0.7722E-04
  0.6894E-04
  0.6203E-04
  0.5835E-04
  0.6061E-04
  0.5916E-04
  0.5518E-04
  0.5472E-04
  0.5347E-04
  0.5039E-04
  0.4376E-04
  0.4039E-04
  0.3902E-04
  0.3851E-04
  0.3845E-04
  0.3806E-04
  0.3658E-04
  0.3561E-04
  0.3472E-04
  0.3368E-04
  0.3358E-04
  0.3342E-04
  0.3232E-04
  0.2846E-04
  0.2596E-04
  0.2723E-04
  0.2580E-04
  0.2499E-04
  0.2670E-04
  0.2633E-04
  0.2554E-04
  0.2533E-04
  0.2646E-04
  0.2845E-04
  0.3127E-04
  0.3381E-04
  0.3442E-04
  0.3098E-04
  0.3296E-04
  0.3580E-04
  0.3449E-04
  0.3593E-04
  0.3808E-04
  0.3732E-04
  0.3665E-04
  0.3547E-04
  0.3107E-04
  0.2676E-04
  0.2340E-04
  0.2353E-04
  0.2463E-04
  0.2593E-04
  0.2456E-04
  0.2473E-04
  0.2858E-04
  0.2991E-04
  0.3079E-04
  0.3276E-04
  0.3244E-04
  0.3132E-04
  0.3196E-04
  0.3201E-04
  0.3134E-04
  0.3017E-04
  0.2902E-04
  0.2802E-04
  0.2724E-04
  0.2709E-04
  0.2835E-04
  0.2875E-04
  0.2866E-04
  0.2868E-04
  0.2873E-04
  0.2892E-04
  0.3022E-04
  0.3162E-04
  0.3265E-04
  0.3424E-04
  0.3620E-04
  0.3857E-04
  0.3862E-04
  0.3656E-04
  0.3732E-04
  0.3777E-04
  0.3599E-04
  0.3619E-04
  0.3762E-04
  0.3951E-04
  0.4076E-04
  0.4103E-04
  0.4034E-04
  0.3947E-04
  0.3908E-04
  0.3933E-04
  0.3981E-04
  0.3792E-04
  0.3548E-04
  0.3302E-04
  0.2958E-04
  0.2579E-04
  0.2342E-04
  0.2288E-04
  0.2499E-04
  0.2404E-04
  0.2214E-04
  0.2300E-04
  0.2457E-04
  0.2655E-04
  0.2567E-04
  0.2387E-04
  0.2347E-04
  0.2369E-04
  0.2461E-04
  0.2718E-04
  0.2959E-04
  0.2795E-04
  0.2673E-04
  0.2694E-04
  0.2639E-04
  0.2514E-04
  0.2206E-04
  0.2068E-04
  0.2284E-04
  0.2603E-04
  0.2919E-04
  0.2811E-04
  0.2699E-04
  0.2774E-04
  0.2896E-04
  0.3023E-04
  0.2866E-04
  0.2672E-04
  0.2624E-04
  0.2696E-04
  0.2892E-04
  0.2762E-04
  0.2551E-04
  0.2692E-04
  0.2865E-04
  0.2985E-04
  0.2989E-04
  0.2904E-04
  0.2836E-04
  0.2723E-04
  0.2409E-04
  0.2166E-04
  0.2070E-04
  0.1961E-04
  0.1877E-04
  0.2122E-04
  0.2338E-04
  0.2173E-04
  0.2131E-04
  0.2313E-04
  0.2440E-04
  0.2514E-04
  0.2394E-04
  0.2313E-04
  0.2557E-04
  0.2655E-04
  0.2472E-04
  0.2520E-04
  0.2717E-04
  0.2812E-04
  0.2815E-04
  0.2532E-04
  0.2372E-04
  0.2563E-04
  0.2683E-04
  0.2709E-04
  0.2475E-04
  0.2162E-04
  0.2170E-04
  0.2291E-04
  0.2568E-04
  0.2813E-04
  0.2974E-04
  0.2830E-04
  0.2435E-04
  0.2285E-04
  0.2233E-04
  0.2111E-04
  0.2036E-04
  0.2209E-04
  0.2342E-04
  0.2341E-04
  0.2315E-04
  0.2268E-04
  0.2299E-04
  0.2367E-04
  0.2357E-04
  0.2345E-04
  0.2464E-04
  0.2580E-04
  0.2618E-04
  0.2552E-04
  0.2305E-04
  0.2120E-04
  0.2004E-04
  0.1879E-04
  0.1750E-04
  0.1667E-04
  0.1600E-04
  0.1539E-04
  0.1495E-04
  0.1525E-04
  0.1568E-04
  0.1622E-04
  0.1731E-04
  0.1934E-04
  0.2031E-04
  0.2016E-04
  0.2116E-04
  0.2288E-04
  0.2348E-04
  0.2363E-04
  0.2417E-04
  0.2476E-04
  0.2500E-04
  0.2545E-04
  0.2709E-04
  0.2841E-04
  0.2837E-04
  0.2780E-04
  0.2633E-04
  0.2585E-04
  0.2695E-04
  0.2772E-04
  0.2815E-04
  0.2933E-04
  0.3106E-04
  0.3186E-04
  0.3203E-04
  0.2956E-04
  0.2615E-04
  0.2512E-04
  0.2475E-04
  0.2350E-04
  0.2220E-04
  0.2206E-04
  0.2213E-04
  0.2217E-04
  0.2204E-04
  0.2121E-04
  0.1988E-04
  0.1714E-04
  0.1541E-04
  0.1691E-04
  0.1780E-04
  0.1670E-04
  0.1581E-04
  0.1558E-04
  0.1590E-04
  0.1714E-04
  0.1881E-04
  0.2110E-04
  0.2263E-04
  0.2307E-04
  0.2231E-04
  0.2003E-04
  0.1962E-04
  0.2140E-04
  0.2132E-04
  0.1920E-04
  0.1911E-04
  0.2110E-04
  0.2120E-04
  0.1943E-04
  0.1836E-04
  0.1797E-04
  0.1800E-04
  0.1844E-04
  0.1875E-04
  0.1895E-04
  0.1935E-04
  0.1995E-04
  0.1926E-04
  0.1724E-04
  0.1571E-04
  0.1474E-04
  0.1392E-04
  0.1326E-04
  0.1311E-04
  0.1363E-04
  0.1357E-04
  0.1266E-04
  0.1187E-04
  0.1128E-04
  0.1140E-04
  0.1284E-04
  0.1398E-04
  0.1439E-04
  0.1450E-04
  0.1389E-04
  0.1324E-04
  0.1260E-04
  0.1238E-04
  0.1375E-04
  0.1505E-04
  0.1537E-04
  0.1554E-04
  0.1560E-04
  0.1564E-04
  0.1565E-04
  0.1567E-04
  0.1570E-04
  0.1576E-04
  0.1645E-04
  0.1735E-04
  0.1717E-04
  0.1647E-04
  0.1535E-04
  0.1396E-04
  0.1319E-04
  0.1300E-04
  0.1284E-04
  0.1270E-04
  0.1245E-04
  0.1197E-04
  0.1177E-04
  0.1238E-04
  0.1285E-04
  0.1254E-04
  0.1204E-04
  0.1094E-04
  0.9942E-05
  0.1126E-04
  0.1321E-04
  0.1411E-04
  0.1454E-04
  0.1490E-04
  0.1521E-04
  0.1476E-04
  0.1342E-04
  0.1278E-04
  0.1351E-04
  0.1373E-04
  0.1225E-04
  0.1100E-04
  0.1172E-04
  0.1266E-04
  0.1268E-04
  0.1245E-04
  0.1229E-04
  0.1216E-04
  0.1157E-04
  0.1057E-04
  0.1005E-04
  0.1030E-04
  0.1038E-04
  0.9920E-05
  0.9486E-05
  0.9420E-05
  0.9378E-05
  0.8878E-05
  0.8241E-05
  0.8032E-05
  0.8081E-05
  0.7941E-05
  0.7565E-05
  0.7227E-05
  0.6982E-05
  0.6770E-05
  0.6708E-05
  0.6668E-05
  0.6638E-05
  0.6612E-05
  0.6635E-05
  0.6690E-05
  0.6702E-05
  0.6651E-05
  0.6591E-05
  0.6507E-05
  0.6419E-05
  0.6316E-05
  0.6211E-05
  0.6128E-05
  0.6057E-05
  0.6004E-05
  0.5974E-05
  0.5926E-05
  0.5822E-05
  0.5730E-05
  0.5751E-05
  0.5794E-05
  0.5816E-05
  0.5830E-05
  0.5858E-05
  0.5905E-05
  0.5946E-05
  0.5969E-05
  0.5985E-05
  0.5958E-05
  0.5921E-05
  0.5907E-05
  0.5908E-05
  0.5887E-05
  0.5827E-05
  0.5785E-05
  0.5832E-05
  0.5882E-05
  0.5721E-05
  0.5473E-05
  0.5355E-05
  0.5392E-05
  0.5405E-05
  0.5336E-05
  0.5266E-05
  0.5273E-05
  0.5303E-05
  0.5316E-05
  0.5315E-05
  0.5293E-05
  0.5211E-05
  0.5116E-05
  0.4921E-05
  0.4700E-05
  0.4690E-05
  0.4863E-05
  0.4992E-05
  0.4991E-05
  0.4986E-05
  0.5035E-05
  0.5098E-05
  0.5076E-05
  0.4971E-05
  0.4896E-05
  0.4923E-05
  0.4953E-05
  0.4875E-05
  0.4758E-05
  0.4689E-05
  0.4686E-05
  0.4683E-05
  0.4684E-05
  0.4685E-05
  0.4646E-05
  0.4586E-05
  0.4536E-05
  0.4507E-05
  0.4477E-05
  0.4429E-05
  0.1094E-02
