  0.1384E+06
  0.1016E+06
  0.7439E+05
  0.5442E+05
  0.3980E+05
  0.2911E+05
  0.2131E+05
  0.1562E+05
  0.1146E+05
  0.8425E+04
  0.6181E+04
  0.4368E+04
  0.2816E+04
  0.1830E+04
  0.1249E+04
  0.8657E+03
  0.6276E+03
  0.4477E+03
  0.3153E+03
  0.2236E+03
  0.1538E+03
  0.9652E+02
  0.5809E+02
  0.3406E+02
  0.1629E+02
  0.6526E+01
  0.2379E+01
  0.8043E+00
  0.2874E+00
  0.1085E+00
  0.4725E-01
  0.2278E-01
  0.1239E-01
  0.8096E-02
  0.5880E-02
  0.4733E-02
  0.4422E-02
  0.4210E-02
  0.3940E-02
  0.3798E-02
  0.3454E-02
  0.2689E-02
  0.1592E-02
  0.6885E-03
  0.2624E-03
  0.8545E-04
  0.1208E-04
  0.6103E-05
  0.6103E-05
  0.6103E-05
