 Planetary albedo [cm2 / molecules of air]
          0.00000000E+00
          0.71848083E-11
          0.10636991E-09
          0.52456306E-09
          0.16361819E-08
          0.39630532E-08
          0.81744136E-08
          0.15086909E-07
          0.25664595E-07
          0.41018936E-07
          0.62408807E-07
          0.91240491E-07
          0.12906768E-06
          0.17759147E-06
          0.23866038E-06
          0.31427032E-06
          0.40656462E-06
          0.51783400E-06
          0.65051660E-06
          0.80719796E-06
          0.99061102E-06
          0.12036361E-05
          0.14493010E-05
          0.17307808E-05
          0.20513981E-05
          0.24146228E-05
          0.28240722E-05
          0.32835110E-05
          0.37968512E-05
          0.43681524E-05
          0.50016214E-05
          0.57016123E-05
          0.64726267E-05
          0.73193134E-05
          0.82464689E-05
          0.92590365E-05
          0.10362425E-04
          0.11560919E-04
          0.12860858E-04
          0.14267457E-04
          0.15786395E-04
          0.17423500E-04
          0.19184747E-04
          0.21076258E-04
          0.23104301E-04
          0.25275292E-04
          0.27595796E-04
          0.30072523E-04
          0.32712330E-04
          0.35522222E-04
          0.38509350E-04
          0.41681015E-04
          0.45044661E-04
          0.48607882E-04
          0.52378418E-04
          0.56364154E-04
          0.60573126E-04
          0.65013512E-04
          0.69693641E-04
          0.74621986E-04
          0.79807168E-04
          0.85257954E-04
          0.90983258E-04
          0.96992140E-04
          0.10329381E-03
          0.10989761E-03
          0.11681306E-03
          0.12404979E-03
          0.13161759E-03
          0.13952641E-03
          0.14778633E-03
          0.15640758E-03
          0.16540053E-03
          0.17477571E-03
          0.18454378E-03
          0.19471556E-03
          0.20530201E-03
          0.21631423E-03
          0.22776347E-03
          0.23966112E-03
          0.25201873E-03
          0.26484798E-03
          0.27816069E-03
          0.29196885E-03
          0.30628457E-03
          0.32112011E-03
          0.33648789E-03
          0.35240045E-03
          0.36887049E-03
          0.38591084E-03
          0.40353450E-03
          0.42175458E-03
          0.44058436E-03
          0.46003724E-03
          0.48012679E-03
          0.50086670E-03
          0.52227082E-03
          0.70162414E-03
          0.61734970E-03
          0.62898167E-03
          0.61498719E-03
          0.68394791E-03
          0.66544178E-03
          0.69188970E-03
          0.71912272E-03
          0.74715088E-03
          0.77598942E-03
          0.80565376E-03
          0.83615941E-03
          0.86752205E-03
          0.89975748E-03
          0.93288166E-03
          0.96691068E-03
          0.10018607E-02
          0.10377482E-02
          0.10745896E-02
          0.11124016E-02
          0.11512008E-02
          0.11910043E-02
          0.12318291E-02
          0.12736923E-02
          0.13166113E-02
          0.13606035E-02
          0.14056865E-02
          0.14518781E-02
          0.14991959E-02
          0.15476581E-02
          0.15972828E-02
          0.16480881E-02
          0.17000926E-02
          0.17533146E-02
          0.18077728E-02
          0.18634860E-02
          0.19204731E-02
          0.19787530E-02
          0.20383451E-02
          0.20992684E-02
          0.21615425E-02
          0.22251868E-02
          0.22902211E-02
          0.23566650E-02
          0.24245386E-02
          0.24938618E-02
          0.25646547E-02
          0.26369378E-02
          0.27107312E-02
          0.27860557E-02
          0.28629317E-02
          0.29413801E-02
          0.30214217E-02
          0.31030776E-02
          0.31863688E-02
          0.32713165E-02
          0.33579421E-02
          0.34462670E-02
          0.35363129E-02
          0.36281013E-02
          0.37216541E-02
          0.38169932E-02
          0.39141405E-02
          0.40131183E-02
          0.41139487E-02
          0.42166540E-02
          0.43212568E-02
          0.44277795E-02
          0.45362449E-02
          0.46466755E-02
          0.47590944E-02
          0.48735245E-02
          0.49899888E-02
          0.51085104E-02
          0.52291127E-02
          0.53518190E-02
          0.54766562E-02
          0.56036413E-02
          0.63100109E-02
          0.23743576E-01
          0.61259442E-02
          0.99173157E-02
          0.21187689E-01
          0.64212148E-02
          0.65547525E-02
          0.66998029E-02
          0.68472201E-02
          0.69970285E-02
          0.71492527E-02
          0.73039170E-02
          0.74610664E-02
          0.76206652E-02
          0.77827986E-02
          0.79474711E-02
          0.81147079E-02
          0.82845339E-02
          0.84569742E-02
          0.86320539E-02
          0.88097982E-02
          0.89902324E-02
          0.91733818E-02
          0.93592718E-02
          0.95479279E-02
          0.97393754E-02
          0.99336401E-02
          0.10130747E-01
          0.10330723E-01
          0.10533593E-01
          0.10739382E-01
          0.10948118E-01
          0.11159824E-01
          0.11374528E-01
          0.11592256E-01
          0.11813032E-01
          0.12036884E-01
          0.12263837E-01
          0.12493917E-01
          0.12727151E-01
          0.12963564E-01
          0.13203183E-01
          0.13446034E-01
          0.13692143E-01
          0.13941536E-01
          0.14194239E-01
          0.14450280E-01
          0.14709683E-01
          0.14972476E-01
          0.15238684E-01
          0.15508334E-01
          0.15781452E-01
          0.16058065E-01
          0.16338199E-01
          0.16621879E-01
          0.16909133E-01
          0.17199986E-01
          0.17494465E-01
          0.17792596E-01
          0.18094406E-01
          0.18399920E-01
          0.18709330E-01
          0.19095431E-01
          0.19370377E-01
          0.23126945E-01
          0.19984009E-01
          0.20321608E-01
          0.20644445E-01
          0.20980537E-01
          0.21320569E-01
          0.21704555E-01
          0.22306790E-01
          0.22364557E-01
          0.22720604E-01
          0.23080720E-01
          0.23444930E-01
          0.23813279E-01
          0.24185735E-01
          0.24562381E-01
          0.24943223E-01
          0.25328287E-01
          0.25771245E-01
          0.27652521E-01
          0.26510682E-01
          0.26911260E-01
          0.27317808E-01
          0.27728728E-01
          0.28144045E-01
          0.28563783E-01
          0.28987967E-01
          0.29416622E-01
          0.29849771E-01
          0.30287439E-01
          0.30729650E-01
          0.31176429E-01
          0.31627799E-01
          0.32083784E-01
          0.32544407E-01
          0.33009693E-01
          0.33479664E-01
          0.33954344E-01
          0.34433757E-01
          0.34917925E-01
          0.35406871E-01
          0.35900617E-01
          0.36399188E-01
          0.36902604E-01
          0.37410889E-01
          0.37924064E-01
          0.38442152E-01
          0.38965175E-01
          0.39493153E-01
          0.40026109E-01
          0.40564064E-01
          0.41107038E-01
          0.41655055E-01
          0.42208133E-01
          0.42766293E-01
          0.43329557E-01
          0.43897943E-01
          0.44471474E-01
          0.45050167E-01
          0.45634043E-01
          0.46223122E-01
          0.46817422E-01
          0.47416964E-01
          0.48021764E-01
          0.48631843E-01
          0.49247218E-01
          0.49867908E-01
          0.50493931E-01
          0.51125305E-01
          0.51762046E-01
          0.52404173E-01
          0.53051702E-01
          0.53704650E-01
          0.54778814E-01
          0.55033135E-01
          0.55696174E-01
          0.57159156E-01
          0.60834792E-01
          0.71700061E-01
          0.80205245E-01
          0.10878872E+00
          0.89530024E-01
          0.10124381E+00
          0.96857612E-01
          0.64723516E-01
          0.65722285E-01
          0.63423788E-01
          0.64159829E-01
          0.64901562E-01
          0.65648960E-01
          0.66402035E-01
          0.67160799E-01
          0.67925263E-01
          0.68695439E-01
          0.69471337E-01
          0.70252967E-01
          0.71040341E-01
          0.71833467E-01
          0.72632355E-01
          0.73437014E-01
          0.74247454E-01
          0.75063683E-01
          0.75885709E-01
          0.76713541E-01
          0.77547184E-01
          0.78386648E-01
          0.79231939E-01
          0.80083064E-01
          0.80940028E-01
          0.81802838E-01
          0.82671499E-01
          0.83546017E-01
          0.84426396E-01
          0.85312641E-01
          0.86204756E-01
          0.87102745E-01
          0.88006612E-01
          0.88916360E-01
          0.89831990E-01
          0.90753507E-01
          0.91680911E-01
          0.92614205E-01
          0.93553390E-01
          0.94498466E-01
          0.95449435E-01
          0.96406296E-01
          0.97369050E-01
          0.98337695E-01
          0.99312232E-01
          0.10029266E+00
          0.10127897E+00
          0.10227117E+00
          0.10326925E+00
          0.10427322E+00
          0.10528306E+00
          0.10630259E+00
          0.10785702E+00
          0.11865500E+00
          0.12570329E+00
          0.15910586E+00
          0.20741946E+00
          0.18369060E+00
          0.11999050E+00
          0.11476582E+00
          0.25102842E+00
          0.24222259E+00
          0.15867219E+00
          0.18761014E+00
          0.17824985E+00
          0.19819873E+00
          0.17137671E+00
          0.12334468E+00
          0.12649814E+00
          0.12789878E+00
          0.12678757E+00
          0.12792085E+00
          0.12897686E+00
          0.13011840E+00
          0.13126733E+00
          0.13247830E+00
          0.13358218E+00
          0.13474808E+00
          0.13591969E+00
          0.13709699E+00
          0.13827969E+00
          0.13946984E+00
          0.14066171E+00
          0.14186116E+00
          0.14306615E+00
          0.14427665E+00
          0.14549265E+00
          0.14671414E+00
          0.14794109E+00
          0.14917349E+00
          0.15041132E+00
          0.15165456E+00
          0.15290319E+00
          0.15415719E+00
          0.15541654E+00
          0.15668121E+00
          0.15795120E+00
          0.15922647E+00
          0.16050700E+00
          0.16179278E+00
          0.16308377E+00
          0.16437996E+00
          0.16568133E+00
          0.16698784E+00
          0.16829948E+00
          0.16961622E+00
          0.17093804E+00
          0.17226490E+00
          0.17359680E+00
          0.17493369E+00
          0.17627555E+00
          0.17762237E+00
          0.17897410E+00
          0.18033072E+00
          0.18169221E+00
          0.18305854E+00
          0.18442967E+00
          0.18580559E+00
          0.18718626E+00
          0.18857165E+00
          0.18996173E+00
          0.19135648E+00
          0.19275586E+00
          0.19415984E+00
          0.19556839E+00
          0.19698148E+00
          0.19839908E+00
          0.19982116E+00
          0.20124769E+00
          0.20268693E+00
          0.21338813E+00
          0.20556106E+00
          0.20699855E+00
          0.21749483E+00
          0.23921328E+00
          0.26038551E+00
          0.26775310E+00
          0.24731781E+00
          0.24272586E+00
          0.28639284E+00
          0.26518446E+00
          0.27113619E+00
          0.27341677E+00
          0.22816371E+00
          0.22516493E+00
          0.22629018E+00
          0.22764704E+00
          0.22915169E+00
          0.23065985E+00
          0.23217234E+00
          0.23432741E+00
          0.23520696E+00
          0.23672965E+00
          0.23825609E+00
          0.23978606E+00
          0.24131950E+00
          0.24285638E+00
          0.24439667E+00
          0.24594032E+00
          0.24748730E+00
          0.24903755E+00
          0.25059106E+00
          0.25214776E+00
          0.25370763E+00
          0.25527063E+00
          0.25683670E+00
          0.25840582E+00
          0.25997794E+00
          0.26155303E+00
          0.26313103E+00
          0.26471191E+00
          0.26629563E+00
          0.26788214E+00
          0.26947141E+00
          0.27106340E+00
          0.27265804E+00
          0.27425532E+00
          0.27585519E+00
          0.27745761E+00
          0.27906252E+00
          0.28066990E+00
          0.28227969E+00
          0.28389186E+00
          0.28550636E+00
          0.28712315E+00
          0.28874219E+00
          0.29036344E+00
          0.29394701E+00
          0.29655545E+00
          0.30857360E+00
          0.32787996E+00
          0.31869902E+00
          0.31818977E+00
          0.33424158E+00
          0.33763399E+00
          0.33816973E+00
          0.33826774E+00
          0.34168675E+00
          0.34399495E+00
          0.34470043E+00
          0.34610670E+00
          0.34733497E+00
          0.34531235E+00
          0.34485645E+00
          0.34771989E+00
          0.34119740E+00
          0.34628792E+00
          0.34281458E+00
          0.34689814E+00
          0.34873324E+00
          0.34863258E+00
          0.34443254E+00
          0.34284141E+00
          0.34177060E+00
          0.34083259E+00
          0.33892480E+00
          0.34045541E+00
          0.34148103E+00
          0.34315012E+00
          0.34482000E+00
          0.34649062E+00
          0.34816195E+00
          0.34983394E+00
          0.35150655E+00
          0.35317973E+00
          0.35485345E+00
          0.35652766E+00
          0.35820233E+00
          0.35987740E+00
          0.36155284E+00
          0.36322861E+00
          0.36490467E+00
          0.36658097E+00
          0.36825747E+00
          0.36993414E+00
          0.37161093E+00
          0.37328780E+00
          0.37496471E+00
          0.37664162E+00
          0.37831850E+00
          0.37999529E+00
          0.38167196E+00
          0.38334848E+00
          0.38502480E+00
          0.38670088E+00
          0.38837668E+00
          0.39005216E+00
          0.39172729E+00
          0.39340203E+00
          0.39507634E+00
          0.39675017E+00
          0.39842349E+00
          0.40009627E+00
          0.40176847E+00
          0.40344004E+00
          0.40511095E+00
          0.40678134E+00
          0.40851363E+00
          0.41078533E+00
          0.41565970E+00
          0.41356137E+00
          0.41674291E+00
          0.41774617E+00
          0.42203605E+00
          0.42190636E+00
          0.42821273E+00
          0.42708211E+00
          0.43027439E+00
          0.43441441E+00
          0.43639752E+00
          0.43799226E+00
          0.43953342E+00
          0.44111557E+00
          0.44250713E+00
          0.44412354E+00
          0.44512028E+00
          0.44131471E+00
          0.44407588E+00
          0.44433270E+00
          0.44675191E+00
          0.44846554E+00
          0.44824539E+00
          0.45106910E+00
          0.45163518E+00
          0.45313557E+00
          0.45475379E+00
          0.45638671E+00
          0.45801795E+00
          0.45964741E+00
          0.46127506E+00
          0.46290087E+00
          0.46452482E+00
          0.46614687E+00
          0.46776699E+00
          0.46938517E+00
          0.47100136E+00
          0.47261554E+00
          0.47422769E+00
          0.47584044E+00
          0.47764984E+00
          0.47905449E+00
          0.48082615E+00
          0.48250063E+00
          0.48421433E+00
          0.48570999E+00
          0.48718637E+00
          0.48901909E+00
          0.49051739E+00
          0.49187939E+00
          0.49343712E+00
          0.49498778E+00
          0.49659943E+00
          0.49862309E+00
          0.49972297E+00
          0.50129789E+00
          0.50287864E+00
          0.50448274E+00
          0.50719231E+00
          0.50968089E+00
          0.51096407E+00
          0.51294208E+00
          0.51434587E+00
          0.51585328E+00
          0.51747731E+00
          0.51890179E+00
          0.52051079E+00
          0.52199758E+00
          0.52346240E+00
          0.52495860E+00
          0.52644414E+00
          0.52791341E+00
          0.52938119E+00
          0.53085207E+00
          0.53229013E+00
          0.53373046E+00
          0.53498600E+00
          0.53647748E+00
          0.53793585E+00
          0.53904060E+00
          0.54059116E+00
          0.54181057E+00
          0.54290526E+00
          0.54426623E+00
          0.54579220E+00
          0.54724367E+00
          0.54872977E+00
          0.55021315E+00
          0.55169341E+00
          0.55317054E+00
          0.55464454E+00
          0.55611539E+00
          0.55758307E+00
          0.55904756E+00
          0.56050886E+00
          0.56196695E+00
          0.56342182E+00
          0.56487346E+00
          0.56632184E+00
          0.56776697E+00
          0.56920889E+00
          0.57064892E+00
          0.57209254E+00
          0.57358462E+00
          0.57504096E+00
          0.57661551E+00
          0.57790317E+00
          0.57937088E+00
          0.58075275E+00
          0.58220804E+00
          0.58362569E+00
          0.58485680E+00
          0.58625314E+00
          0.58764989E+00
          0.58905021E+00
          0.59043604E+00
          0.59182974E+00
          0.59320944E+00
          0.59458961E+00
          0.59601168E+00
          0.59734136E+00
          0.59871198E+00
          0.60007914E+00
          0.60145496E+00
          0.60296848E+00
          0.60433970E+00
          0.60572983E+00
          0.60709843E+00
          0.60844619E+00
          0.60971321E+00
          0.61106558E+00
          0.61241789E+00
          0.61374355E+00
          0.61504570E+00
          0.61641395E+00
          0.61773345E+00
          0.61904933E+00
          0.62035622E+00
          0.62166044E+00
          0.62295366E+00
          0.62423627E+00
          0.62553743E+00
          0.62683320E+00
          0.62810939E+00
          0.62936791E+00
          0.63061384E+00
          0.63187740E+00
          0.63312365E+00
          0.63442053E+00
          0.63568998E+00
          0.63691827E+00
          0.63818175E+00
          0.63944591E+00
          0.64070589E+00
          0.64195072E+00
          0.64319994E+00
          0.64444474E+00
          0.64568660E+00
          0.64692456E+00
          0.64816940E+00
          0.64942365E+00
          0.65064371E+00
          0.65188686E+00
          0.65312191E+00
          0.65432813E+00
          0.65554345E+00
          0.65674422E+00
          0.65795485E+00
          0.65914823E+00
          0.66035057E+00
          0.66154135E+00
          0.66272694E+00
          0.66390985E+00
          0.66508986E+00
          0.66627155E+00
          0.66743958E+00
          0.66861323E+00
          0.66978556E+00
          0.67093471E+00
          0.67211372E+00
          0.67325296E+00
          0.67440058E+00
          0.67556383E+00
          0.67671656E+00
          0.67786605E+00
          0.67900496E+00
          0.68013985E+00
          0.68127213E+00
          0.68240008E+00
          0.68352415E+00
          0.68464485E+00
          0.68576205E+00
          0.68687599E+00
          0.68798613E+00
          0.68909235E+00
          0.69019467E+00
          0.69129513E+00
          0.69238847E+00
          0.69348031E+00
          0.69456937E+00
          0.69565257E+00
          0.69672769E+00
          0.69780924E+00
          0.69888406E+00
          0.69995411E+00
          0.70102231E+00
          0.70208704E+00
          0.70314830E+00
          0.70420603E+00
          0.70526023E+00
          0.70631092E+00
          0.70735812E+00
          0.70840175E+00
          0.70944191E+00
          0.71047882E+00
          0.71151287E+00
          0.71254189E+00
          0.71356909E+00
          0.71459274E+00
          0.71561322E+00
          0.71662955E+00
          0.71764215E+00
          0.71865120E+00
          0.71965646E+00
          0.72065814E+00
          0.72165653E+00
          0.72265143E+00
          0.72364277E+00
          0.72463064E+00
          0.72561550E+00
          0.72659631E+00
          0.72757400E+00
          0.72854890E+00
          0.72951935E+00
          0.73048728E+00
          0.73145211E+00
          0.73241224E+00
          0.73337087E+00
          0.73432446E+00
          0.73527519E+00
          0.73622333E+00
          0.73716811E+00
          0.73810851E+00
          0.73904625E+00
          0.73998128E+00
          0.74091277E+00
          0.74184093E+00
          0.74276515E+00
          0.74368675E+00
          0.74460480E+00
          0.74551953E+00
          0.74643102E+00
          0.74733927E+00
          0.74824425E+00
          0.74914603E+00
          0.75004457E+00
          0.75093989E+00
          0.75183192E+00
          0.75272090E+00
          0.75360660E+00
          0.75448913E+00
          0.75536845E+00
          0.75624456E+00
          0.75711753E+00
          0.75798741E+00
          0.75885415E+00
          0.75971786E+00
          0.76057824E+00
          0.76143557E+00
          0.76228968E+00
          0.76314073E+00
          0.76398890E+00
          0.76483381E+00
          0.76567581E+00
          0.76651456E+00
          0.76735024E+00
          0.76818292E+00
          0.76901253E+00
          0.76983911E+00
          0.77066262E+00
          0.77148312E+00
          0.77230059E+00
          0.77311507E+00
          0.77392653E+00
          0.77473501E+00
          0.77554051E+00
          0.77634303E+00
          0.77714259E+00
          0.77793918E+00
          0.77873283E+00
          0.77952354E+00
          0.78031132E+00
          0.78109617E+00
          0.78187810E+00
          0.78265713E+00
          0.78343327E+00
          0.78420651E+00
          0.78497688E+00
          0.78574437E+00
          0.78650900E+00
          0.78727078E+00
          0.78802970E+00
          0.78878579E+00
          0.78953906E+00
          0.79028951E+00
          0.79103714E+00
          0.79178196E+00
          0.79252399E+00
          0.79326324E+00
          0.79399971E+00
          0.79473341E+00
          0.79546436E+00
          0.79619255E+00
          0.79691799E+00
          0.79764071E+00
          0.79836070E+00
          0.79907796E+00
          0.79979253E+00
          0.80050440E+00
          0.80121358E+00
          0.80192008E+00
          0.80262390E+00
          0.80332506E+00
          0.80402357E+00
          0.80471943E+00
          0.80541265E+00
          0.80610324E+00
          0.80679121E+00
          0.80747657E+00
          0.80815932E+00
          0.80883948E+00
          0.80951706E+00
          0.81019205E+00
          0.81086448E+00
          0.81153434E+00
          0.81220166E+00
          0.81286643E+00
          0.81352866E+00
          0.81418837E+00
          0.81484557E+00
          0.81550025E+00
          0.81615244E+00
          0.81680213E+00
          0.81744934E+00
          0.81809408E+00
          0.81873634E+00
          0.81937616E+00
          0.82001352E+00
          0.82064844E+00
          0.82128094E+00
          0.82191100E+00
          0.82253866E+00
          0.82316390E+00
          0.82378675E+00
          0.82440721E+00
          0.82502529E+00
          0.82564100E+00
          0.82625434E+00
          0.82686532E+00
          0.82747396E+00
          0.82808026E+00
          0.82868423E+00
          0.82928587E+00
          0.82988520E+00
          0.83048223E+00
          0.83107696E+00
          0.83166940E+00
          0.83225955E+00
          0.83284744E+00
          0.83343306E+00
          0.83401642E+00
          0.83459754E+00
          0.83517641E+00
          0.83575306E+00
          0.83632748E+00
          0.83689968E+00
          0.83746968E+00
          0.83803748E+00
          0.83860309E+00
          0.83916651E+00
          0.83972776E+00
          0.84028684E+00
          0.84084376E+00
          0.84139854E+00
          0.84195117E+00
          0.84250166E+00
          0.84305003E+00
          0.84359627E+00
          0.84414041E+00
          0.84468244E+00
          0.84522238E+00
          0.84576023E+00
          0.84629600E+00
          0.84682970E+00
          0.84736133E+00
          0.84789091E+00
          0.84841844E+00
          0.84894393E+00
          0.84946738E+00
          0.84998881E+00
          0.85050822E+00
          0.85102562E+00
          0.85154102E+00
          0.85205442E+00
          0.85256584E+00
          0.85307528E+00
          0.85358274E+00
          0.85408824E+00
          0.85459179E+00
          0.85509338E+00
          0.85559303E+00
          0.85609075E+00
          0.85658654E+00
          0.85708040E+00
          0.85757236E+00
          0.85806241E+00
          0.85855057E+00
          0.85903683E+00
          0.85952121E+00
          0.86000372E+00
          0.86048436E+00
          0.86096313E+00
          0.86144005E+00
          0.86191513E+00
          0.86238837E+00
          0.86285977E+00
          0.86332935E+00
          0.86379711E+00
          0.86426305E+00
          0.86472720E+00
          0.86518955E+00
          0.86565011E+00
          0.86610888E+00
          0.86656588E+00
          0.86702111E+00
          0.86747458E+00
          0.86792629E+00
          0.86837626E+00
          0.86882448E+00
          0.86927098E+00
          0.86971574E+00
          0.87015878E+00
          0.87060011E+00
          0.87103973E+00
          0.87147765E+00
          0.87191388E+00
          0.87234842E+00
          0.87278128E+00
          0.87321247E+00
          0.87364199E+00
          0.87406985E+00
          0.87449605E+00
          0.87492061E+00
          0.87534353E+00
          0.87576482E+00
          0.87618447E+00
          0.87660251E+00
          0.87701893E+00
          0.87743374E+00
          0.87784696E+00
          0.87825857E+00
          0.87866860E+00
          0.87907705E+00
          0.87948392E+00
          0.87988922E+00
          0.88029296E+00
          0.88069513E+00
          0.88109576E+00
          0.88149485E+00
          0.88189239E+00
          0.88228840E+00
          0.88268289E+00
          0.88307586E+00
          0.88346731E+00
          0.88385726E+00
          0.88424570E+00
          0.88463265E+00
          0.88501811E+00
          0.88540208E+00
          0.88578458E+00
          0.88616560E+00
          0.88654516E+00
          0.88692326E+00
          0.88729991E+00
          0.88767511E+00
          0.88804886E+00
          0.88842118E+00
          0.88879207E+00
          0.88916154E+00
          0.88952958E+00
          0.88989622E+00
          0.89026144E+00
          0.89062526E+00
          0.89098769E+00
          0.89134873E+00
          0.89170838E+00
          0.89206666E+00
          0.89242356E+00
          0.89277909E+00
          0.89313326E+00
          0.89348608E+00
          0.89383754E+00
          0.89418766E+00
          0.89453643E+00
          0.89488388E+00
          0.89522999E+00
          0.89557478E+00
          0.89591825E+00
          0.89626041E+00
          0.89660126E+00
          0.89694081E+00
          0.89727906E+00
          0.89761602E+00
          0.89795169E+00
          0.89828608E+00
          0.89861920E+00
          0.89895104E+00
          0.89928162E+00
          0.89961094E+00
          0.89993901E+00
          0.90026582E+00
          0.90059139E+00
          0.90091572E+00
          0.90123881E+00
          0.90156068E+00
          0.90188132E+00
          0.90220074E+00
          0.90251894E+00
          0.90283594E+00
          0.90315173E+00
          0.90346632E+00
          0.90377972E+00
          0.90409193E+00
          0.90440295E+00
          0.90471279E+00
          0.90502146E+00
          0.90532896E+00
          0.90563529E+00
          0.90594046E+00
          0.90624447E+00
          0.90654733E+00
          0.90684905E+00
          0.90714962E+00
          0.90744906E+00
          0.90774736E+00
          0.90804454E+00
          0.90834059E+00
          0.90863553E+00
          0.90892934E+00
          0.90922206E+00
          0.90951366E+00
          0.90980417E+00
          0.91009357E+00
          0.91038189E+00
          0.91066912E+00
          0.91095527E+00
          0.91124034E+00
          0.91152434E+00
          0.91180727E+00
          0.91208913E+00
          0.91236993E+00
          0.91264968E+00
          0.91292838E+00
          0.91320602E+00
          0.91348263E+00
          0.91375820E+00
          0.91403273E+00
          0.91430623E+00
          0.91457871E+00
          0.91485016E+00
          0.91512060E+00
          0.91539002E+00
          0.91565844E+00
          0.91592584E+00
          0.91619225E+00
          0.91645766E+00
          0.91672208E+00
          0.91698551E+00
          0.91724796E+00
          0.91750943E+00
          0.91776992E+00
          0.91802943E+00
          0.91828798E+00
          0.91854556E+00
          0.91880219E+00
          0.91905786E+00
          0.91931257E+00
          0.91956634E+00
          0.91981916E+00
          0.92007104E+00
          0.92032198E+00
          0.92057199E+00
          0.92082107E+00
          0.92106923E+00
          0.92131646E+00
          0.92156278E+00
          0.92180818E+00
          0.92205267E+00
          0.92229626E+00
          0.92253894E+00
          0.92278072E+00
          0.92302161E+00
          0.92326161E+00
          0.92350071E+00
          0.92373894E+00
          0.92397628E+00
          0.92421274E+00
          0.92444833E+00
          0.92468306E+00
          0.92491691E+00
          0.92514990E+00
          0.92538204E+00
          0.92561331E+00
          0.92584374E+00
          0.92607331E+00
          0.92630204E+00
          0.92652993E+00
          0.92675698E+00
          0.92698320E+00
          0.92720858E+00
          0.92743313E+00
          0.92765686E+00
          0.92787977E+00
          0.92810186E+00
          0.92832314E+00
          0.92854360E+00
          0.92876326E+00
          0.92898211E+00
          0.92920016E+00
          0.92941742E+00
          0.92963387E+00
          0.92984954E+00
          0.93006442E+00
          0.93027851E+00
          0.93049182E+00
          0.93070435E+00
          0.93091611E+00
          0.93112709E+00
          0.93133731E+00
          0.93154676E+00
          0.93175544E+00
          0.93196337E+00
          0.93217054E+00
          0.93237695E+00
          0.93258262E+00
          0.93278753E+00
          0.93299171E+00
          0.93319514E+00
          0.93339783E+00
          0.93359979E+00
          0.93380102E+00
          0.93400151E+00
          0.93420128E+00
          0.93440033E+00
          0.93459865E+00
          0.93479626E+00
          0.93499315E+00
          0.93518933E+00
          0.93538481E+00
          0.93557957E+00
          0.93577364E+00
          0.93596700E+00
          0.93615967E+00
          0.93635164E+00
          0.93654292E+00
          0.93673351E+00
          0.93692341E+00
          0.93711263E+00
          0.93730117E+00
          0.93748904E+00
          0.93767622E+00
          0.93786274E+00
          0.93804858E+00
          0.93823376E+00
          0.93841828E+00
          0.93860213E+00
          0.93878532E+00
          0.93896786E+00
          0.93914975E+00
          0.93933098E+00
          0.93951157E+00
          0.93969151E+00
          0.93987081E+00
          0.94004946E+00
          0.94022748E+00
          0.94040487E+00
          0.94058162E+00
          0.94075774E+00
          0.94093323E+00
          0.94110810E+00
          0.94128235E+00
          0.94145597E+00
          0.94162898E+00
          0.94180138E+00
          0.94197316E+00
          0.94214433E+00
          0.94231489E+00
          0.94248485E+00
          0.94265421E+00
          0.94282296E+00
          0.94299112E+00
          0.94315869E+00
          0.94332566E+00
          0.94349203E+00
          0.94365783E+00
          0.94382303E+00
          0.94398765E+00
          0.94415169E+00
          0.94431515E+00
          0.94447804E+00
          0.94464035E+00
          0.94480209E+00
          0.94496326E+00
          0.94512386E+00
          0.94528390E+00
          0.94544337E+00
          0.94560228E+00
          0.94576064E+00
          0.94591844E+00
          0.94607568E+00
          0.94623238E+00
          0.94638852E+00
          0.94654412E+00
          0.94669917E+00
          0.94685368E+00
          0.94700765E+00
          0.94716108E+00
          0.94731397E+00
          0.94746633E+00
          0.94761815E+00
          0.94776945E+00
          0.94792022E+00
          0.94807046E+00
          0.94822018E+00
          0.94836938E+00
          0.94851806E+00
          0.94866622E+00
          0.94881387E+00
          0.94896100E+00
          0.94910762E+00
          0.94925373E+00
          0.94939934E+00
          0.94954444E+00
          0.94968904E+00
          0.94983313E+00
          0.94997673E+00
          0.95011982E+00
          0.95026243E+00
          0.95040454E+00
          0.95054616E+00
          0.95068729E+00
          0.95082793E+00
          0.95096808E+00
          0.95110776E+00
          0.95124695E+00
          0.95138566E+00
          0.95152389E+00
          0.95166165E+00
          0.95179893E+00
          0.95193574E+00
          0.95207208E+00
          0.95220796E+00
          0.95234336E+00
          0.95247830E+00
          0.95261278E+00
          0.95274679E+00
          0.95288035E+00
          0.95301345E+00
          0.95314609E+00
          0.95327828E+00
          0.95341002E+00
          0.95354131E+00
          0.95367214E+00
          0.95380254E+00
          0.95393248E+00
          0.95406198E+00
          0.95419104E+00
          0.95431967E+00
          0.95444785E+00
          0.95457560E+00
          0.95470291E+00
          0.95482979E+00
          0.95495623E+00
          0.95508225E+00
          0.95520784E+00
          0.95533300E+00
          0.95545774E+00
          0.95558206E+00
          0.95570595E+00
          0.95582943E+00
          0.95595248E+00
          0.95607512E+00
          0.95619735E+00
          0.95631916E+00
          0.95644056E+00
          0.95656155E+00
          0.95668213E+00
          0.95680231E+00
          0.95692208E+00
          0.95704144E+00
          0.95716041E+00
          0.95727897E+00
          0.95739714E+00
          0.95751490E+00
          0.95763227E+00
          0.95774925E+00
          0.95786584E+00
          0.95798203E+00
          0.95809783E+00
          0.95821325E+00
          0.95832828E+00
          0.95844292E+00
          0.95855718E+00
          0.95867106E+00
          0.95878455E+00
          0.95889767E+00
          0.95901041E+00
          0.95912277E+00
          0.95923476E+00
          0.95934637E+00
          0.95945761E+00
          0.95956849E+00
          0.95967899E+00
          0.95978912E+00
          0.95989889E+00
          0.96000829E+00
          0.96011733E+00
          0.96022601E+00
          0.96033433E+00
          0.96044229E+00
          0.96054989E+00
          0.96065713E+00
          0.96076402E+00
          0.96087055E+00
          0.96097673E+00
          0.96108256E+00
          0.96118804E+00
          0.96129317E+00
          0.96139796E+00
          0.96150240E+00
          0.96160649E+00
          0.96171024E+00
          0.96181365E+00
          0.96191672E+00
          0.96201945E+00
          0.96212184E+00
          0.96222389E+00
          0.96232561E+00
          0.96242700E+00
          0.96252805E+00
          0.96262877E+00
          0.96272916E+00
          0.96282922E+00
          0.96292896E+00
          0.96302836E+00
          0.96312744E+00
          0.96322620E+00
          0.96332464E+00
          0.96342275E+00
          0.96352054E+00
          0.96361801E+00
          0.96371517E+00
          0.96381201E+00
          0.96390853E+00
          0.96400474E+00
          0.96410063E+00
          0.96419622E+00
          0.96429149E+00
          0.96438645E+00
          0.96448111E+00
          0.96457545E+00
          0.96466949E+00
          0.96476323E+00
          0.96485666E+00
          0.96494979E+00
          0.96504262E+00
          0.96513514E+00
          0.96522737E+00
          0.96531930E+00
          0.96541093E+00
          0.96550227E+00
          0.96559331E+00
          0.96568406E+00
          0.96577451E+00
          0.96586468E+00
          0.96595455E+00
          0.96604414E+00
          0.96613343E+00
          0.96622244E+00
          0.96631116E+00
          0.96639960E+00
          0.96648775E+00
          0.96657562E+00
          0.96666321E+00
          0.96675052E+00
          0.96683755E+00
          0.96692430E+00
          0.96701077E+00
          0.96709696E+00
          0.96718288E+00
          0.96726853E+00
          0.96735390E+00
          0.96743900E+00
          0.96752382E+00
          0.96760838E+00
          0.96769267E+00
          0.96777669E+00
          0.96786044E+00
          0.96794392E+00
          0.96802714E+00
          0.96811010E+00
          0.96819279E+00
          0.96827522E+00
          0.96835738E+00
          0.96843929E+00
          0.96852093E+00
          0.96860232E+00
          0.96868345E+00
          0.96876433E+00
          0.96884494E+00
          0.96892530E+00
          0.96900541E+00
          0.96908527E+00
          0.96916487E+00
          0.96924422E+00
          0.96932333E+00
          0.96940218E+00
          0.96948078E+00
          0.96955914E+00
          0.96963725E+00
          0.96971511E+00
          0.96979273E+00
          0.96987011E+00
          0.96994724E+00
          0.97002413E+00
          0.97010078E+00
          0.97017719E+00
          0.97025336E+00
          0.97032929E+00
          0.97040498E+00
          0.97048044E+00
          0.97055566E+00
          0.97063065E+00
          0.97070540E+00
          0.97077991E+00
          0.97085420E+00
          0.97092825E+00
          0.97100208E+00
          0.97107567E+00
          0.97114903E+00
          0.97122217E+00
          0.97129508E+00
          0.97136776E+00
          0.97144021E+00
          0.97151244E+00
          0.97158445E+00
          0.97165623E+00
          0.97172779E+00
          0.97179913E+00
          0.97187025E+00
          0.97194114E+00
          0.97201182E+00
          0.97208228E+00
          0.97215252E+00
          0.97222255E+00
          0.97229236E+00
          0.97236195E+00
          0.97243133E+00
          0.97250049E+00
          0.97256944E+00
          0.97263818E+00
          0.97270671E+00
          0.97277503E+00
          0.97284313E+00
          0.97291103E+00
          0.97297872E+00
          0.97304620E+00
          0.97311347E+00
          0.97318054E+00
          0.97324740E+00
          0.97331406E+00
          0.97338051E+00
          0.97344676E+00
          0.97351281E+00
          0.97357866E+00
          0.97364430E+00
          0.97370974E+00
          0.97377499E+00
          0.97384003E+00
          0.97390488E+00
          0.97396953E+00
          0.97403398E+00
          0.97409824E+00
          0.97416230E+00
          0.97422616E+00
          0.97428983E+00
          0.97435331E+00
          0.97441660E+00
          0.97447969E+00
          0.97454259E+00
          0.97460531E+00
          0.97466783E+00
          0.97473016E+00
          0.97479230E+00
          0.97485426E+00
          0.97491603E+00
          0.97497761E+00
          0.97503901E+00
          0.97510022E+00
          0.97516124E+00
          0.97522208E+00
          0.97528274E+00
          0.97534322E+00
          0.97540351E+00
          0.97546362E+00
          0.97552356E+00
          0.97558331E+00
          0.97564288E+00
          0.97570227E+00
          0.97576149E+00
          0.97582053E+00
          0.97587939E+00
          0.97593807E+00
          0.97599658E+00
          0.97605491E+00
          0.97611307E+00
          0.97617105E+00
          0.97622887E+00
          0.97628651E+00
          0.97634397E+00
          0.97640127E+00
          0.97645839E+00
          0.97651535E+00
          0.97657213E+00
          0.97662875E+00
          0.97668519E+00
          0.97674147E+00
          0.97679758E+00
          0.97685353E+00
          0.97690931E+00
          0.97696492E+00
          0.97702037E+00
          0.97707565E+00
          0.97713078E+00
          0.97718573E+00
          0.97724053E+00
          0.97729516E+00
          0.97734963E+00
          0.97740394E+00
          0.97745809E+00
          0.97751208E+00
          0.97756591E+00
          0.97761958E+00
          0.97767309E+00
          0.97772645E+00
          0.97777965E+00
          0.97783269E+00
          0.97788557E+00
          0.97793830E+00
          0.97799088E+00
          0.97804330E+00
          0.97809557E+00
          0.97814768E+00
          0.97819964E+00
          0.97825145E+00
          0.97830311E+00
          0.97835461E+00
          0.97840597E+00
          0.97845717E+00
          0.97850823E+00
          0.97855913E+00
          0.97860989E+00
          0.97866050E+00
          0.97871096E+00
          0.97876128E+00
          0.97881144E+00
          0.97886146E+00
          0.97891134E+00
          0.97896107E+00
          0.97901066E+00
          0.97906010E+00
          0.97910940E+00
          0.97915855E+00
          0.97920756E+00
          0.97925644E+00
          0.97930516E+00
          0.97935375E+00
          0.97940220E+00
          0.97945050E+00
          0.97949867E+00
          0.97954670E+00
          0.97959459E+00
          0.97964234E+00
          0.97968995E+00
          0.97973743E+00
          0.97978476E+00
          0.97983197E+00
          0.97987903E+00
          0.97992596E+00
          0.97997276E+00
          0.98001942E+00
          0.98006594E+00
          0.98011234E+00
          0.98015860E+00
          0.98020472E+00
          0.98025072E+00
          0.98029658E+00
          0.98034231E+00
          0.98038791E+00
          0.98043338E+00
          0.98047872E+00
          0.98052393E+00
          0.98056901E+00
          0.98061396E+00
          0.98065878E+00
          0.98070348E+00
          0.98074805E+00
          0.98079249E+00
          0.98083680E+00
          0.98088099E+00
          0.98092505E+00
          0.98096899E+00
          0.98101280E+00
          0.98105649E+00
          0.98110005E+00
          0.98114349E+00
          0.98118681E+00
          0.98123000E+00
          0.98127307E+00
          0.98131602E+00
          0.98135884E+00
          0.98140155E+00
          0.98144413E+00
          0.98148660E+00
          0.98152894E+00
          0.98157117E+00
          0.98161327E+00
          0.98165526E+00
          0.98169713E+00
          0.98173888E+00
          0.98178051E+00
          0.98182203E+00
          0.98186342E+00
          0.98190471E+00
          0.98194587E+00
          0.98198692E+00
          0.98202786E+00
          0.98206868E+00
          0.98210938E+00
          0.98214997E+00
          0.98219045E+00
          0.98223081E+00
          0.98227107E+00
          0.98231120E+00
          0.98235123E+00
          0.98239114E+00
          0.98243095E+00
          0.98247064E+00
          0.98251022E+00
          0.98254969E+00
          0.98258905E+00
          0.98262830E+00
          0.98266744E+00
          0.98270647E+00
          0.98274539E+00
          0.98278421E+00
          0.98282291E+00
          0.98286151E+00
          0.98290000E+00
          0.98293839E+00
          0.98297667E+00
          0.98301484E+00
          0.98305291E+00
          0.98309087E+00
          0.98312872E+00
          0.98316647E+00
          0.98320412E+00
          0.98324166E+00
          0.98327910E+00
          0.98331644E+00
          0.98335367E+00
          0.98339080E+00
          0.98342783E+00
          0.98346475E+00
          0.98350157E+00
          0.98353830E+00
          0.98357492E+00
          0.98361144E+00
          0.98364786E+00
          0.98368418E+00
          0.98372040E+00
          0.98375652E+00
          0.98379254E+00
          0.98382846E+00
          0.98386428E+00
          0.98390001E+00
          0.98393564E+00
          0.98397117E+00
          0.98400660E+00
          0.98404194E+00
          0.98407718E+00
          0.98411232E+00
          0.98414737E+00
          0.98418232E+00
          0.98421717E+00
          0.98425194E+00
          0.98428660E+00
          0.98432117E+00
          0.98435565E+00
          0.98439004E+00
          0.98442433E+00
          0.98445852E+00
          0.98449263E+00
          0.98452664E+00
          0.98456056E+00
          0.98459439E+00
          0.98462812E+00
          0.98466177E+00
          0.98469532E+00
          0.98472878E+00
          0.98476215E+00
          0.98479544E+00
          0.98482863E+00
          0.98486173E+00
          0.98489474E+00
          0.98492767E+00
          0.98496050E+00
          0.98499325E+00
          0.98502590E+00
          0.98505847E+00
          0.98509096E+00
          0.98512335E+00
          0.98515566E+00
          0.98518788E+00
          0.98522001E+00
          0.98525206E+00
          0.98528402E+00
          0.98531590E+00
          0.98534769E+00
          0.98537939E+00
          0.98541101E+00
          0.98544255E+00
          0.98547400E+00
          0.98550537E+00
          0.98553665E+00
          0.98556785E+00
          0.98559897E+00
          0.98563000E+00
          0.98566095E+00
          0.98569182E+00
          0.98572260E+00
          0.98575331E+00
          0.98578393E+00
          0.98581447E+00
          0.98584493E+00
          0.98587531E+00
          0.98590560E+00
          0.98593582E+00
          0.98596596E+00
          0.98599601E+00
          0.98602599E+00
          0.98605589E+00
          0.98608570E+00
          0.98611544E+00
          0.98614510E+00
          0.98617468E+00
          0.98620419E+00
          0.98623361E+00
          0.98626296E+00
          0.98629223E+00
          0.98632142E+00
          0.98635054E+00
          0.98637958E+00
          0.98640854E+00
          0.98643743E+00
          0.98646624E+00
          0.98649497E+00
          0.98652363E+00
          0.98655221E+00
          0.98658072E+00
          0.98660916E+00
          0.98663751E+00
          0.98666580E+00
          0.98669401E+00
          0.98672215E+00
          0.98675021E+00
          0.98677820E+00
          0.98680611E+00
          0.98683395E+00
          0.98686172E+00
          0.98688942E+00
          0.98691705E+00
          0.98694460E+00
          0.98697208E+00
          0.98699949E+00
          0.98702683E+00
          0.98705409E+00
          0.98708129E+00
          0.98710841E+00
          0.98713547E+00
          0.98716245E+00
          0.98718936E+00
          0.98721621E+00
          0.98724298E+00
          0.98726968E+00
          0.98729632E+00
          0.98732289E+00
          0.98734938E+00
          0.98737581E+00
          0.98740217E+00
          0.98742846E+00
          0.98745469E+00
          0.98748084E+00
          0.98750693E+00
          0.98753295E+00
          0.98755890E+00
          0.98758479E+00
          0.98761061E+00
          0.98763636E+00
          0.98766205E+00
          0.98768767E+00
          0.98771322E+00
          0.98773871E+00
          0.98776414E+00
          0.98778949E+00
          0.98781479E+00
          0.98784001E+00
          0.98786518E+00
          0.98789028E+00
          0.98791531E+00
          0.98794028E+00
          0.98796519E+00
          0.98799003E+00
          0.98801481E+00
          0.98803952E+00
          0.98806417E+00
          0.98808876E+00
          0.98811329E+00
          0.98813775E+00
          0.98816215E+00
          0.98818649E+00
          0.98821077E+00
          0.98823498E+00
          0.98825914E+00
          0.98828323E+00
          0.98830726E+00
          0.98833123E+00
          0.98835513E+00
          0.98837898E+00
          0.98840277E+00
          0.98842649E+00
          0.98845016E+00
          0.98847377E+00
          0.98849731E+00
          0.98852080E+00
          0.98854423E+00
          0.98856759E+00
          0.98859090E+00
          0.98861415E+00
          0.98863734E+00
          0.98866047E+00
          0.98868355E+00
          0.98870656E+00
          0.98872952E+00
          0.98875242E+00
          0.98877526E+00
          0.98879805E+00
          0.98882077E+00
          0.98884344E+00
          0.98886606E+00
          0.98888861E+00
          0.98891111E+00
          0.98893355E+00
          0.98895594E+00
          0.98897827E+00
          0.98900054E+00
          0.98902276E+00
          0.98904492E+00
          0.98906703E+00
          0.98908908E+00
          0.98911108E+00
          0.98913302E+00
          0.98915491E+00
          0.98917674E+00
          0.98919851E+00
          0.98922024E+00
          0.98924190E+00
          0.98926352E+00
          0.98928508E+00
          0.98930659E+00
          0.98932804E+00
          0.98934944E+00
          0.98937079E+00
          0.98939208E+00
          0.98941332E+00
          0.98943451E+00
          0.98945564E+00
          0.98947672E+00
          0.98949775E+00
          0.98951873E+00
          0.98953966E+00
          0.98956053E+00
          0.98958135E+00
          0.98960213E+00
          0.98962285E+00
          0.98964351E+00
          0.98966413E+00
          0.98968470E+00
          0.98970521E+00
          0.98972568E+00
          0.98974609E+00
          0.98976645E+00
          0.98978677E+00
          0.98980703E+00
          0.98982724E+00
          0.98984741E+00
          0.98986752E+00
          0.98988759E+00
          0.98990760E+00
