 tauray
                          0.2092468936713354E-16
                          0.9579754988876860E-11
                          0.1418265164441484E-09
                          0.6994174749941747E-09
                          0.2181575867526805E-08
                          0.5284070998114067E-08
                          0.1089921823801217E-07
                          0.2011587902566150E-07
                          0.3421946086668662E-07
                          0.5469191733389623E-07
                          0.8321174806728334E-07
                          0.1216539987740251E-06
                          0.1720902612284826E-06
                          0.2367886732722014E-06
                          0.3182139188139109E-06
                          0.4190272278295254E-06
                          0.5420863763621425E-06
                          0.6904456865220448E-06
                          0.8673560264866983E-06
                          0.1076264810500754E-05
                          0.1320815998876045E-05
                          0.1604850097991593E-05
                          0.1932404160293599E-05
                          0.2307711784295448E-05
                          0.2735203114577717E-05
                          0.3219504841788159E-05
                          0.3765440202641714E-05
                          0.4378028979920501E-05
                          0.5062487502473840E-05
                          0.5824228645218208E-05
                          0.6668861829137295E-05
                          0.7602193021281954E-05
                          0.8630224734770233E-05
                          0.9759156028787356E-05
                          0.1099538250858574E-04
                          0.1234549632548499E-04
                          0.1381628617687187E-04
                          0.1541473730620037E-04
                          0.1714803150299163E-04
                          0.1902354710283396E-04
                          0.2104885898738290E-04
                          0.2323173858436116E-04
                          0.2558015386755863E-04
                          0.2810226935683235E-04
                          0.3080644611810660E-04
                          0.3370124176337280E-04
                          0.3679541045068960E-04
                          0.4009790288418278E-04
                          0.4361786631404536E-04
                          0.4736464453653749E-04
                          0.5134777789398655E-04
                          0.5557700327478707E-04
                          0.6006225411340076E-04
                          0.6481366039035662E-04
                          0.6984154863225062E-04
                          0.7515644191174611E-04
                          0.8076905984757359E-04
                          0.8669031860453064E-04
                          0.9293133089348212E-04
                          0.9950340597136002E-04
                          0.1064180496411637E-03
                          0.1136869642519592E-03
                          0.1213220486988804E-03
                          0.1293353984231280E-03
                          0.1377393054119701E-03
                          0.1465462581987413E-03
                          0.1557689418628444E-03
                          0.1654202380297486E-03
                          0.1755132248709907E-03
                          0.1860611771041746E-03
                          0.1970775659929713E-03
                          0.2085760593471192E-03
                          0.2205705215224234E-03
                          0.2330750134207565E-03
                          0.2461037924900587E-03
                          0.2596713127243365E-03
                          0.2737922246636643E-03
                          0.2884813753941833E-03
                          0.3037538085481019E-03
                          0.3196247643036965E-03
                          0.3361096793853089E-03
                          0.3532241870633500E-03
                          0.3709841171542970E-03
                          0.3894054960206939E-03
                          0.4085045465711530E-03
                          0.4282976882603525E-03
                          0.4488015370890383E-03
                          0.4700329056040241E-03
                          0.4920088028981896E-03
                          0.5147464346104833E-03
                          0.5382632029259191E-03
                          0.5625767065755791E-03
                          0.5877047408366128E-03
                          0.6136652975322358E-03
                          0.6404765650317318E-03
                          0.6681569282504520E-03
                          0.6967249686498134E-03
                          0.7261994642373013E-03
                          0.7565993895664685E-03
                          0.7879439157369335E-03
                          0.8202524103943838E-03
                          0.8535444377305725E-03
                          0.8878397584833205E-03
                          0.9231583299365158E-03
                          0.9595203059201144E-03
                          0.9969460368101383E-03
                          0.1035456069528677E-02
                          0.1075071147543888E-02
                          0.1115812210869994E-02
                          0.1157700396067289E-02
                          0.1200757036242129E-02
                          0.1245003661046939E-02
                          0.1290461996680214E-02
                          0.1337153965886512E-02
                          0.1385101687956463E-02
                          0.1434327478726758E-02
                          0.1484853850580159E-02
                          0.1536703512445498E-02
                          0.1589899369797667E-02
                          0.1644464524657630E-02
                          0.1700422275592420E-02
                          0.1757796117715130E-02
                          0.1816609742684929E-02
                          0.1876887038707044E-02
                          0.1938652090532778E-02
                          0.2001929179459497E-02
                          0.2066742783330632E-02
                          0.2133117576535685E-02
                          0.2201078430010225E-02
                          0.2270650411235884E-02
                          0.2341858784240366E-02
                          0.2414729009597440E-02
                          0.2489286744426940E-02
                          0.2565557842394774E-02
                          0.2643568353712910E-02
                          0.2723344525139388E-02
                          0.2804912799978309E-02
                          0.2888299818079852E-02
                          0.2973532415840250E-02
                          0.3060637626201814E-02
                          0.3149642678652917E-02
                          0.3240574999227999E-02
                          0.3333462210507569E-02
                          0.3428332131618203E-02
                          0.3525212778232543E-02
                          0.3624132362569300E-02
                          0.3725119293393247E-02
                          0.3828202176015233E-02
                          0.3933409812292168E-02
                          0.4040771200627029E-02
                          0.4150315535968867E-02
                          0.4262072209812786E-02
                          0.4376070810199975E-02
                          0.4492341121717676E-02
                          0.4610913125499206E-02
                          0.4731816999223945E-02
                          0.4855083117117342E-02
                          0.4980742049950916E-02
                          0.5108824565042244E-02
                          0.5239361626254983E-02
                          0.5372384393998848E-02
                          0.5507924225229623E-02
                          0.5646012673449162E-02
                          0.5786681488705382E-02
                          0.5929962617592269E-02
                          0.6075888203249879E-02
                          0.6224490585364329E-02
                          0.6375802300167811E-02
                          0.6529856080438576E-02
                          0.6686684855500947E-02
                          0.6846321751225321E-02
                          0.7008800090028141E-02
                          0.7174153390871948E-02
                          0.7342415369265319E-02
                          0.7513619937262919E-02
                          0.7687801203465469E-02
                          0.7864993473019765E-02
                          0.8045231247618665E-02
                          0.8228549225501095E-02
                          0.8414982301452054E-02
                          0.8604565566802598E-02
                          0.8797334309429857E-02
                          0.8993324013757034E-02
                          0.9192570360753374E-02
                          0.9395109227934219E-02
                          0.9600976689360977E-02
                          0.9810209015641093E-02
                          0.1002284267392810E-01
                          0.1023891432792161E-01
                          0.1045846083786729E-01
                          0.1068151926055685E-01
                          0.1090812684932811E-01
                          0.1113832105406493E-01
                          0.1137213952119726E-01
                          0.1160962009370108E-01
                          0.1185080081109847E-01
                          0.1209571990945757E-01
                          0.1234441582139256E-01
                          0.1259692717606375E-01
                          0.1285329279917745E-01
                          0.1311355171298607E-01
                          0.1337774313628809E-01
                          0.1364590648442804E-01
                          0.1391808136929653E-01
                          0.1419430759933023E-01
                          0.1447462517951188E-01
                          0.1475907431137029E-01
                          0.1504769539298036E-01
                          0.1534052901896299E-01
                          0.1563761598048521E-01
                          0.1593899726526010E-01
                          0.1624471405754682E-01
                          0.1655480773815054E-01
                          0.1686931988442257E-01
                          0.1718829227026023E-01
                          0.1751176686610697E-01
                          0.1783978583895224E-01
                          0.1817239155233159E-01
                          0.1850962656632665E-01
                          0.1885153363756508E-01
                          0.1919815571922065E-01
                          0.1954953596101314E-01
                          0.1990571770920850E-01
                          0.2026674450661862E-01
                          0.2063266009260154E-01
                          0.2100350840306134E-01
                          0.2137933357044817E-01
                          0.2176017992375825E-01
                          0.2214609198853387E-01
                          0.2253711448686338E-01
                          0.2293329233738120E-01
                          0.2333467065526782E-01
                          0.2374129475224980E-01
                          0.2415321013659976E-01
                          0.2457046251313638E-01
                          0.2499309778322442E-01
                          0.2542116204477471E-01
                          0.2585470159224413E-01
                          0.2629376291663566E-01
                          0.2673839270549829E-01
                          0.2718863784292714E-01
                          0.2764454540956337E-01
                          0.2810616268259419E-01
                          0.2857353713575292E-01
                          0.2904671643931887E-01
                          0.2952574846011752E-01
                          0.3001068126152035E-01
                          0.3050156310344494E-01
                          0.3099844244235485E-01
                          0.3150136793125986E-01
                          0.3201038841971569E-01
                          0.3252555295382419E-01
                          0.3304691077623324E-01
                          0.3357451132613684E-01
                          0.3410840423927496E-01
                          0.3464863934793377E-01
                          0.3519526668094539E-01
                          0.3574833646368810E-01
                          0.3630789911808614E-01
                          0.3687400526260992E-01
                          0.3744670571227587E-01
                          0.3802605147864648E-01
                          0.3861209376983036E-01
                          0.3920488399048213E-01
                          0.3980447374180242E-01
                          0.4041091482153814E-01
                          0.4102425922398202E-01
                          0.4164455913997300E-01
                          0.4227186695689605E-01
                          0.4290623525868222E-01
                          0.4354771682580862E-01
                          0.4419636463529841E-01
                          0.4485223186072081E-01
                          0.4551537187219121E-01
                          0.4618583823637094E-01
                          0.4686368471646742E-01
                          0.4754896527223414E-01
                          0.4824173405997079E-01
                          0.4894204543252292E-01
                          0.4964995393928227E-01
                          0.5036551432618661E-01
                          0.5108878153571979E-01
                          0.5181981070691173E-01
                          0.5255865717533841E-01
                          0.5330537647312190E-01
                          0.5406002432893027E-01
                          0.5482265666797773E-01
                          0.5559332961202451E-01
                          0.5637209947937698E-01
                          0.5715902278488747E-01
                          0.5795415623995444E-01
                          0.5875755675252244E-01
                          0.5956928142708202E-01
                          0.6038938756466985E-01
                          0.6121793266286864E-01
                          0.6205497441580720E-01
                          0.6290057071416036E-01
                          0.6375477964514906E-01
                          0.6461765949254027E-01
                          0.6548926873664707E-01
                          0.6636966605432856E-01
                          0.6725891031898992E-01
                          0.6815706060058246E-01
                          0.6906417616560347E-01
                          0.6998031647709634E-01
                          0.7090554119465055E-01
                          0.7183991017440157E-01
                          0.7278348346903106E-01
                          0.7373632132776665E-01
                          0.7469848419638211E-01
                          0.7567003271719720E-01
                          0.7665102772907773E-01
                          0.7764153026743570E-01
                          0.7864160156422909E-01
                          0.7965130304796197E-01
                          0.8067069634368450E-01
                          0.8169984327299278E-01
                          0.8273880585402915E-01
                          0.8378764630148197E-01
                          0.8484642702658553E-01
                          0.8591521063712046E-01
                          0.8699405993741310E-01
                          0.8808303792833626E-01
                          0.8918220780730837E-01
                          0.9029163296829437E-01
                          0.9141137700180502E-01
                          0.9254150369489718E-01
                          0.9368207703117366E-01
                          0.9483316119078364E-01
                          0.9599482055042219E-01
                          0.9716711968333033E-01
                          0.9835012335929533E-01
                          0.9954389654465050E-01
                          0.1007485044022750E+00
                          0.1019640122915946E+00
                          0.1031904857685803E+00
                          0.1044279905857501E+00
                          0.1056765926921673E+00
                          0.1069363582334417E+00
                          0.1082073535517289E+00
                          0.1094896451857310E+00
                          0.1107832998706956E+00
                          0.1120883845384168E+00
                          0.1134049663172345E+00
                          0.1147331125320349E+00
                          0.1160728907042501E+00
                          0.1174243685518582E+00
                          0.1187876139893838E+00
                          0.1201626951278968E+00
                          0.1215496802750140E+00
                          0.1229486379348976E+00
                          0.1243596368082564E+00
                          0.1257827457923448E+00
                          0.1272180339809637E+00
                          0.1286655706644597E+00
                          0.1301254253297257E+00
                          0.1315976676602004E+00
                          0.1330823675358689E+00
                          0.1345795950332623E+00
                          0.1360894204254576E+00
                          0.1376119141820779E+00
                          0.1391471469692925E+00
                          0.1406951896498166E+00
                          0.1422561132829117E+00
                          0.1438299891243851E+00
                          0.1454168886265903E+00
                          0.1470168834384269E+00
                          0.1486300454053407E+00
                          0.1502564465693230E+00
                          0.1518961591689118E+00
                          0.1535492556391910E+00
                          0.1552158086117903E+00
                          0.1568958909148858E+00
                          0.1585895755731993E+00
                          0.1602969358079993E+00
                          0.1620180450370995E+00
                          0.1637529768748605E+00
                          0.1655018051321885E+00
                          0.1672646038165357E+00
                          0.1690414471319009E+00
                          0.1708324094788281E+00
                          0.1726375654544081E+00
                          0.1744569898522777E+00
                          0.1762907576626194E+00
                          0.1781389440721619E+00
                          0.1800016244641803E+00
                          0.1818788744184952E+00
                          0.1837707697114740E+00
                          0.1856773863160291E+00
                          0.1875988004016201E+00
                          0.1895350883342522E+00
                          0.1914863266764763E+00
                          0.1934525921873899E+00
                          0.1954339618226363E+00
                          0.1974305127344049E+00
                          0.1994423222714315E+00
                          0.2014694679789973E+00
                          0.2035120275989302E+00
                          0.2055700790696037E+00
                          0.2076437005259379E+00
                          0.2097329702993980E+00
                          0.2118379669179966E+00
                          0.2139587691062914E+00
                          0.2160954557853865E+00
                          0.2182481060729319E+00
                          0.2204167992831239E+00
                          0.2226016149267045E+00
                          0.2248026327109624E+00
                          0.2270199325397318E+00
                          0.2292535945133928E+00
                          0.2315036989288726E+00
                          0.2337703262796433E+00
                          0.2360535572557235E+00
                          0.2383534727436782E+00
                          0.2406701538266181E+00
                          0.2430036817842001E+00
                          0.2453541380926268E+00
                          0.2477216044246476E+00
                          0.2501061626495574E+00
                          0.2525078948331971E+00
                          0.2549268832379541E+00
                          0.2573632103227618E+00
                          0.2598169587430991E+00
                          0.2622882113509918E+00
                          0.2647770511950112E+00
                          0.2672835615202744E+00
                          0.2698078257684460E+00
                          0.2723499275777345E+00
                          0.2749099507828964E+00
                          0.2774879794152334E+00
                          0.2800840977025932E+00
                          0.2826983900693695E+00
                          0.2853309411365028E+00
                          0.2879818357214787E+00
                          0.2906511588383296E+00
                          0.2933389956976337E+00
                          0.2960454317065150E+00
                          0.2987705524686439E+00
                          0.3015144437842373E+00
                          0.3042771916500569E+00
                          0.3070588822594117E+00
                          0.3098596020021562E+00
                          0.3126794374646911E+00
                          0.3155184754299630E+00
                          0.3183768028774647E+00
                          0.3212545069832354E+00
                          0.3241516751198595E+00
                          0.3270683948564684E+00
                          0.3300047539587389E+00
                          0.3329608403888943E+00
                          0.3359367423057039E+00
                          0.3389325480644829E+00
                          0.3419483462170925E+00
                          0.3449842255119401E+00
                          0.3480402748939794E+00
                          0.3511165835047096E+00
                          0.3542132406821766E+00
                          0.3573303359609720E+00
                          0.3604679590722334E+00
                          0.3636261999436446E+00
                          0.3668051486994358E+00
                          0.3700048956603829E+00
                          0.3732255313438073E+00
                          0.3764671464635777E+00
                          0.3797298319301081E+00
                          0.3830136788503585E+00
                          0.3863187785278354E+00
                          0.3896452224625911E+00
                          0.3929931023512239E+00
                          0.3963625100868785E+00
                          0.3997535377592453E+00
                          0.4031662776545605E+00
                          0.4066008222556075E+00
                          0.4100572642417151E+00
                          0.4135356964887571E+00
                          0.4170362120691554E+00
                          0.4205589042518766E+00
                          0.4241038665024335E+00
                          0.4276711924828857E+00
                          0.4312609760518378E+00
                          0.4348733112644412E+00
                          0.4385082923723935E+00
                          0.4421660138239376E+00
                          0.4458465702638631E+00
                          0.4495500565335054E+00
                          0.4532765676707458E+00
                          0.4570261989100128E+00
                          0.4607990456822795E+00
                          0.4645952036150658E+00
                          0.4684147685324371E+00
                          0.4722578364550057E+00
                          0.4761245035999295E+00
                          0.4800148663809126E+00
                          0.4839290214082048E+00
                          0.4878670654886025E+00
                          0.4918290956254475E+00
                          0.4958152090186291E+00
                          0.4998255030645803E+00
                          0.5038600753562827E+00
                          0.5079190236832627E+00
                          0.5120024460315921E+00
                          0.5161104405838893E+00
                          0.5202431057193202E+00
                          0.5244005400135950E+00
                          0.5285828422389705E+00
                          0.5327901113642496E+00
                          0.5370224465547810E+00
                          0.5412799471724603E+00
                          0.5455627127757281E+00
                          0.5498708431195719E+00
                          0.5542044381555242E+00
                          0.5585635980316658E+00
                          0.5629484230926206E+00
                          0.5673590138795606E+00
                          0.5717954711302033E+00
                          0.5762578957788123E+00
                          0.5807463889561972E+00
                          0.5852610519897138E+00
                          0.5898019864032638E+00
                          0.5943692939172949E+00
                          0.5989630764488005E+00
                          0.6035834361113217E+00
                          0.6082304752149446E+00
                          0.6129042962662997E+00
                          0.6176050019685667E+00
                          0.6223326952214693E+00
                          0.6270874791212777E+00
                          0.6318694569608085E+00
                          0.6366787322294242E+00
                          0.6415154086130331E+00
                          0.6463795899940896E+00
                          0.6512713804515945E+00
                          0.6561908842610947E+00
                          0.6611382058946834E+00
                          0.6661134500209981E+00
                          0.6711167215052255E+00
                          0.6761481254090944E+00
                          0.6812077669908837E+00
                          0.6862957517054158E+00
                          0.6914121852040599E+00
                          0.6965571733347315E+00
                          0.7017308221418914E+00
                          0.7069332378665476E+00
                          0.7121645269462531E+00
                          0.7174247960151074E+00
                          0.7227141519037559E+00
                          0.7280327016393909E+00
                          0.7333805524457502E+00
                          0.7387578117431167E+00
                          0.7441645871483215E+00
                          0.7496009864747392E+00
                          0.7550671177322920E+00
                          0.7605630891274486E+00
                          0.7660890090632227E+00
                          0.7716449861391750E+00
                          0.7772311291514110E+00
                          0.7828475470925836E+00
                          0.7884943491518909E+00
                          0.7941716447150776E+00
                          0.7998795433644337E+00
                          0.8056181548787958E+00
                          0.8113875892335475E+00
                          0.8171879566006168E+00
                          0.8230193673484789E+00
                          0.8288819320421541E+00
                          0.8347757614432099E+00
                          0.8407009665097587E+00
                          0.8466576583964599E+00
                          0.8526459484545184E+00
                          0.8586659482316857E+00
                          0.8647177694722598E+00
                          0.8708015241170818E+00
                          0.8769173243035433E+00
                          0.8830652823655785E+00
                          0.8892455108336698E+00
                          0.8954581224348444E+00
                          0.9017032300926762E+00
                          0.9079809469272838E+00
                          0.9142913862553339E+00
                          0.9206346615900394E+00
                          0.9270108866411571E+00
                          0.9334201753149902E+00
                          0.9398626417143896E+00
                          0.9463384001387526E+00
                          0.9528475650840196E+00
                          0.9593902512426788E+00
                          0.9659665735037664E+00
                          0.9725766469528619E+00
                          0.9792205868720902E+00
                          0.9858985087401264E+00
                          0.9926105282321878E+00
                          0.9993567612200390E+00
                          0.1006137323771991E+01
                          0.1012952332152901E+01
                          0.1019801902824170E+01
                          0.1026686152443750E+01
                          0.1033605197866133E+01
                          0.1040559156142362E+01
                          0.1047548144520024E+01
                          0.1054572280443252E+01
                          0.1061631681552724E+01
                          0.1068726465685668E+01
                          0.1075856750875852E+01
                          0.1083022655353597E+01
                          0.1090224297545764E+01
                          0.1097461796075763E+01
                          0.1104735269763551E+01
                          0.1112044837625629E+01
                          0.1119390618875044E+01
                          0.1126772732921391E+01
                          0.1134191299370810E+01
                          0.1141646438025986E+01
                          0.1149138268886152E+01
                          0.1156666912147086E+01
                          0.1164232488201111E+01
                          0.1171835117637100E+01
                          0.1179474921240466E+01
                          0.1187152019993174E+01
                          0.1194866535073731E+01
                          0.1202618587857194E+01
                          0.1210408299915160E+01
                          0.1218235793015777E+01
                          0.1226101189123740E+01
                          0.1234004610400286E+01
                          0.1241946179203198E+01
                          0.1249926018086810E+01
                          0.1257944249801998E+01
                          0.1266000997296185E+01
                          0.1274096383713340E+01
                          0.1282230532393979E+01
                          0.1290403566875162E+01
                          0.1298615610890497E+01
                          0.1306866788370138E+01
                          0.1315157223440784E+01
                          0.1323487040425679E+01
                          0.1331856363844618E+01
                          0.1340265318413936E+01
                          0.1348714029046517E+01
                          0.1357202620851793E+01
                          0.1365731219135738E+01
                          0.1374299949400874E+01
                          0.1382908937346270E+01
                          0.1391558308867539E+01
                          0.1400248190056841E+01
                          0.1408978707202883E+01
                          0.1417749986790917E+01
                          0.1426562155502743E+01
                          0.1435415340216702E+01
                          0.1444309668007688E+01
                          0.1453245266147136E+01
                          0.1462222262103029E+01
                          0.1471240783539892E+01
                          0.1480300958318807E+01
                          0.1489402914497390E+01
                          0.1498546780329808E+01
                          0.1507732684266776E+01
                          0.1516960754955551E+01
                          0.1526231121239940E+01
                          0.1535543912160292E+01
                          0.1544899256953507E+01
                          0.1554297285053025E+01
                          0.1563738126088838E+01
                          0.1573221909887480E+01
                          0.1582748766472035E+01
                          0.1592318826062128E+01
                          0.1601932219073932E+01
                          0.1611589076120169E+01
                          0.1621289528010103E+01
                          0.1631033705749547E+01
                          0.1640821740540859E+01
                          0.1650653763782943E+01
                          0.1660529907071248E+01
                          0.1670450302197769E+01
                          0.1680415081151053E+01
                          0.1690424376116183E+01
                          0.1700478319474797E+01
                          0.1710577043805072E+01
                          0.1720720681881736E+01
                          0.1730909366676065E+01
                          0.1741143231355871E+01
                          0.1751422409285525E+01
                          0.1761747034025933E+01
                          0.1772117239334553E+01
                          0.1782533159165390E+01
                          0.1792994927668991E+01
                          0.1803502679192452E+01
                          0.1814056548279411E+01
                          0.1824656669670059E+01
                          0.1835303178301128E+01
                          0.1845996209305897E+01
                          0.1856735898014191E+01
                          0.1867522379952381E+01
                          0.1878355790843386E+01
                          0.1889236266606669E+01
                          0.1900163943358238E+01
                          0.1911138957410650E+01
                          0.1922161445273008E+01
                          0.1933231543650958E+01
                          0.1944349389446693E+01
                          0.1955515119758955E+01
                          0.1966728871883031E+01
                          0.1977990783310749E+01
                          0.1989300991730490E+01
                          0.2000659635027178E+01
                          0.2012066851282283E+01
                          0.2023522778773821E+01
                          0.2035027555976353E+01
                          0.2046581321560991E+01
                          0.2058184214395389E+01
                          0.2069836373543744E+01
                          0.2081537938266806E+01
                          0.2093289048021866E+01
                          0.2105089842462763E+01
                          0.2116940461439883E+01
                          0.2128841045000156E+01
                          0.2140791733387060E+01
                          0.2152792667040615E+01
                          0.2164843986597396E+01
                          0.2176945832890512E+01
                          0.2189098346949628E+01
                          0.2201301670000950E+01
                          0.2213555943467231E+01
                          0.2225861308967772E+01
                          0.2238217908318418E+01
                          0.2250625883531562E+01
                          0.2263085376816136E+01
                          0.2275596530577630E+01
                          0.2288159487418070E+01
                          0.2300774390136035E+01
                          0.2313441381726646E+01
                          0.2326160605381569E+01
                          0.2338932204489022E+01
                          0.2351756322633758E+01
                          0.2364633103597091E+01
                          0.2377562691356871E+01
                          0.2390545230087493E+01
                          0.2403580864159905E+01
                          0.2416669738141596E+01
                          0.2429811996796604E+01
                          0.2443007785085510E+01
                          0.2456257248165443E+01
                          0.2469560531390077E+01
                          0.2482917780309633E+01
                          0.2496329140670881E+01
                          0.2509794758417131E+01
                          0.2523314779688242E+01
                          0.2536889350820622E+01
                          0.2550518618347216E+01
                          0.2564202728997529E+01
                          0.2577941829697597E+01
                          0.2591736067570016E+01
                          0.2605585589933916E+01
                          0.2619490544304981E+01
                          0.2633451078395439E+01
                          0.2647467340114063E+01
                          0.2661539477566171E+01
                          0.2675667639053631E+01
                          0.2689851973074854E+01
                          0.2704092628324799E+01
                          0.2718389753694969E+01
                          0.2732743498273412E+01
                          0.2747154011344727E+01
                          0.2761621442390058E+01
                          0.2776145941087085E+01
                          0.2790727657310052E+01
                          0.2805366741129734E+01
                          0.2820063342813459E+01
                          0.2834817612825098E+01
                          0.2849629701825073E+01
                          0.2864499760670344E+01
                          0.2879427940414424E+01
                          0.2894414392307371E+01
                          0.2909459267795786E+01
                          0.2924562718522819E+01
                          0.2939724896328164E+01
                          0.2954945953248062E+01
                          0.2970226041515303E+01
                          0.2985565313559216E+01
                          0.3000963922005681E+01
                          0.3016422019677126E+01
                          0.3031939759592519E+01
                          0.3047517294967380E+01
                          0.3063154779213771E+01
                          0.3078852365940302E+01
                          0.3094610208952130E+01
                          0.3110428462250955E+01
                          0.3126307280035026E+01
                          0.3142246816699135E+01
                          0.3158247226834625E+01
                          0.3174308665229377E+01
                          0.3190431286867829E+01
                          0.3206615246930956E+01
                          0.3222860700796283E+01
                          0.3239167804037877E+01
                          0.3255536712426357E+01
                          0.3271967581928887E+01
                          0.3288460568709173E+01
                          0.3305015829127470E+01
                          0.3321633519740581E+01
                          0.3338313797301846E+01
                          0.3355056818761167E+01
                          0.3371862741264977E+01
                          0.3388731722156260E+01
                          0.3405663918974548E+01
                          0.3422659489455921E+01
                          0.3439718591532999E+01
                          0.3456841383334955E+01
                          0.3474028023187496E+01
                          0.3491278669612892E+01
                          0.3508593481329944E+01
                          0.3525972617254009E+01
                          0.3543416236496987E+01
                          0.3560924498367319E+01
                          0.3578497562370004E+01
                          0.3596135588206574E+01
                          0.3613838735775112E+01
                          0.3631607165170249E+01
                          0.3649441036683166E+01
                          0.3667340510801576E+01
                          0.3685305748209755E+01
                          0.3703336909788512E+01
                          0.3721434156615210E+01
                          0.3739597649963752E+01
                          0.3757827551304592E+01
                          0.3776124022304730E+01
                          0.3794487224827708E+01
                          0.3812917320933620E+01
                          0.3831414472879097E+01
                          0.3849978843117328E+01
                          0.3868610594298034E+01
                          0.3887309889267497E+01
                          0.3906076891068532E+01
                          0.3924911762940510E+01
                          0.3943814668319344E+01
                          0.3962785770837488E+01
                          0.3981825234323954E+01
                          0.4000933222804288E+01
                          0.4020109900500590E+01
                          0.4039355431831500E+01
                          0.4058669981412215E+01
                          0.4078053714054461E+01
                          0.4097506794766522E+01
                          0.4117029388753227E+01
                          0.4136621661415954E+01
                          0.4156283778352613E+01
                          0.4176015905357675E+01
                          0.4195818208422155E+01
                          0.4215690853733606E+01
                          0.4235634007676137E+01
                          0.4255647836830389E+01
                          0.4275732507973569E+01
                          0.4295888188079410E+01
                          0.4316115044318206E+01
                          0.4336413244056788E+01
                          0.4356782954858540E+01
                          0.4377224344483381E+01
                          0.4397737580887794E+01
                          0.4418322832224789E+01
                          0.4438980266843938E+01
                          0.4459710053291341E+01
                          0.4480512360309661E+01
                          0.4501387356838106E+01
                          0.4522335212012420E+01
                          0.4543356095164893E+01
                          0.4564450175824375E+01
                          0.4585617623716246E+01
                          0.4606858608762441E+01
                          0.4628173301081445E+01
                          0.4649561870988275E+01
                          0.4671024488994508E+01
                          0.4692561325808256E+01
                          0.4714172552334186E+01
                          0.4735858339673511E+01
                          0.4757618859123983E+01
                          0.4779454282179898E+01
                          0.4801364780532111E+01
                          0.4823350526068019E+01
                          0.4845411690871552E+01
                          0.4867548447223205E+01
                          0.4889760967600003E+01
                          0.4912049424675531E+01
                          0.4934413991319904E+01
                          0.4956854840599803E+01
                          0.4979372145778433E+01
                          0.5001966080315568E+01
                          0.5024636817867506E+01
                          0.5047384532287108E+01
                          0.5070209397623771E+01
                          0.5093111588123444E+01
                          0.5116091278228622E+01
                          0.5139148642578336E+01
                          0.5162283856008179E+01
                          0.5185497093550277E+01
                          0.5208788530433307E+01
                          0.5232158342082498E+01
                          0.5255606704119610E+01
                          0.5279133792362967E+01
                          0.5302739782827425E+01
                          0.5326424851724389E+01
                          0.5350189175461820E+01
                          0.5374032930644208E+01
                          0.5397956294072604E+01
                          0.5421959442744605E+01
                          0.5446042553854340E+01
                          0.5470205804792494E+01
                          0.5494449373146295E+01
                          0.5518773436699528E+01
                          0.5543178173432505E+01
                          0.5567663761522104E+01
                          0.5592230379341725E+01
                          0.5616878205461344E+01
                          0.5641607418647452E+01
                          0.5666418197863109E+01
                          0.5691310722267919E+01
                          0.5716285171218018E+01
                          0.5741341724266094E+01
                          0.5766480561161392E+01
                          0.5791701861849690E+01
                          0.5817005806473316E+01
                          0.5842392575371147E+01
                          0.5867862349078606E+01
                          0.5893415308327653E+01
                          0.5919051634046805E+01
                          0.5944771507361120E+01
                          0.5970575109592207E+01
                          0.5996462622258210E+01
                          0.6022434227073834E+01
                          0.6048490105950314E+01
                          0.6074630440995446E+01
                          0.6100855414513561E+01
                          0.6127165209005545E+01
                          0.6153560007168819E+01
                          0.6180039991897364E+01
                          0.6206605346281693E+01
                          0.6233256253608880E+01
                          0.6259992897362525E+01
                          0.6286815461222798E+01
                          0.6313724129066393E+01
                          0.6340719084966564E+01
                          0.6367800513193111E+01
                          0.6394968598212370E+01
                          0.6422223524687235E+01
                          0.6449565477477132E+01
                          0.6476994641638051E+01
                          0.6504511202422510E+01
                          0.6532115345279589E+01
                          0.6559807255854898E+01
                          0.6587587119990611E+01
                          0.6615455123725429E+01
                          0.6643411453294618E+01
                          0.6671456295129975E+01
                          0.6699589835859851E+01
                          0.6727812262309135E+01
                          0.6756123761499278E+01
                          0.6784524520648263E+01
                          0.6813014727170619E+01
                          0.6841594568677433E+01
                          0.6870264232976319E+01
                          0.6899023908071457E+01
                          0.6927873782163569E+01
                          0.6956814043649905E+01
                          0.6985844881124289E+01
                          0.7014966483377060E+01
                          0.7044179039395138E+01
                          0.7073482738361954E+01
                          0.7102877769657516E+01
                          0.7132364322858350E+01
                          0.7161942587737552E+01
                          0.7191612754264756E+01
                          0.7221375012606133E+01
                          0.7251229553124405E+01
                          0.7281176566378853E+01
                          0.7311216243125282E+01
                          0.7341348774316056E+01
                          0.7371574351100096E+01
                          0.7401893164822845E+01
                          0.7432305407026300E+01
                          0.7462811269449012E+01
                          0.7493410944026078E+01
                          0.7524104622889136E+01
                          0.7554892498366368E+01
                          0.7585774762982505E+01
                          0.7616751609458827E+01
                          0.7647823230713145E+01
                          0.7678989819859845E+01
                          0.7710251570209834E+01
                          0.7741608675270568E+01
                          0.7773061328746066E+01
                          0.7804609724536872E+01
                          0.7836254056740095E+01
                          0.7867994519649366E+01
                          0.7899831307754893E+01
                          0.7931764615743398E+01
                          0.7963794638498177E+01
                          0.7995921571099051E+01
                          0.8028145608822404E+01
                          0.8060466947141148E+01
                          0.8092885781724764E+01
                          0.8125402308439250E+01
                          0.8158016723347178E+01
                          0.8190729222707645E+01
                          0.8223540002976319E+01
                          0.8256449260805390E+01
                          0.8289457193043598E+01
                          0.8322563996736223E+01
                          0.8355769869125135E+01
                          0.8389075007648684E+01
                          0.8422479609941806E+01
                          0.8455983873835992E+01
                          0.8489587997359241E+01
                          0.8523292178736131E+01
                          0.8557096616387781E+01
                          0.8591001508931839E+01
                          0.8625007055182518E+01
                          0.8659113454150557E+01
                          0.8693320905043267E+01
                          0.8727629607264483E+01
                          0.8762039760414593E+01
                          0.8796551564290544E+01
                          0.8831165218885801E+01
                          0.8865880924390410E+01
                          0.8900698881190932E+01
                          0.8935619289870482E+01
                          0.8970642351208740E+01
                          0.9005768266181905E+01
                          0.9040997235962740E+01
                          0.9076329461920555E+01
                          0.9111765145621193E+01
                          0.9147304488827046E+01
                          0.9182947693497061E+01
                          0.9218694961786735E+01
                          0.9254546496048086E+01
                          0.9290502498829706E+01
                          0.9326563172876714E+01
                          0.9362728721130786E+01
                          0.9398999346730148E+01
                          0.9435375253009548E+01
                          0.9471856643500304E+01
                          0.9508443721930288E+01
                          0.9545136692223883E+01
                          0.9581935758502039E+01
                          0.9618841125082261E+01
                          0.9655852996478577E+01
                          0.9692971577401593E+01
                          0.9730197072758422E+01
                          0.9767529687652759E+01
                          0.9804969627384814E+01
                          0.9842517097451378E+01
                          0.9880172303545743E+01
                          0.9917935451557792E+01
                          0.9955806747573934E+01
                          0.9993786397877114E+01
                          0.1003187460894685E+02
                          0.1007007158745917E+02
                          0.1010837754028667E+02
                          0.1014679267449851E+02
                          0.1018531719736035E+02
                          0.1022395131633444E+02
                          0.1026269523907956E+02
                          0.1030154917345102E+02
                          0.1034051332750069E+02
                          0.1037958790947700E+02
                          0.1041877312782491E+02
                          0.1045806919118592E+02
                          0.1049747630839808E+02
                          0.1053699468849601E+02
                          0.1057662454071084E+02
                          0.1061636607447027E+02
                          0.1065621949939854E+02
                          0.1069618502531642E+02
                          0.1073626286224127E+02
                          0.1077645322038694E+02
                          0.1081675631016385E+02
                          0.1085717234217899E+02
                          0.1089770152723588E+02
                          0.1093834407633455E+02
                          0.1097910020067163E+02
                          0.1101997011164027E+02
                          0.1106095402083017E+02
                          0.1110205214002757E+02
                          0.1114326468121527E+02
                          0.1118459185657259E+02
                          0.1122603387847544E+02
                          0.1126759095949623E+02
                          0.1130926331240393E+02
                          0.1135105115016409E+02
                          0.1139295468593875E+02
                          0.1143497413308654E+02
                          0.1147710970516261E+02
                          0.1151936161591869E+02
                          0.1156173007930300E+02
                          0.1160421530946035E+02
                          0.1164681752073208E+02
                          0.1168953692765610E+02
                          0.1173237374496683E+02
                          0.1177532818759525E+02
                          0.1181840047066890E+02
                          0.1186159080951184E+02
                          0.1190489941964471E+02
                          0.1194832651678466E+02
                          0.1199187231684541E+02
                          0.1203553703593722E+02
                          0.1207932089036690E+02
                          0.1212322409663778E+02
                          0.1216724687144978E+02
                          0.1221138943169933E+02
                          0.1225565199447942E+02
                          0.1230003477707960E+02
                          0.1234453799698594E+02
                          0.1238916187188107E+02
                          0.1243390661964415E+02
                          0.1247877245835092E+02
                          0.1252375960627363E+02
                          0.1256886828188110E+02
                          0.1261409870383869E+02
                          0.1265945109100831E+02
                          0.1270492566244839E+02
                          0.1275052263741393E+02
                          0.1279624223535649E+02
                          0.1284208467592414E+02
                          0.1288805017896152E+02
                          0.1293413896450981E+02
                          0.1298035125280675E+02
                          0.1302668726428658E+02
                          0.1307314721958015E+02
                          0.1311973133951482E+02
                          0.1316643984511449E+02
                          0.1321327295759961E+02
                          0.1326023089838720E+02
                          0.1330731388909080E+02
                          0.1335452215152051E+02
                          0.1340185590768296E+02
                          0.1344931537978134E+02
                          0.1349690079021541E+02
                          0.1354461236158141E+02
                          0.1359245031667218E+02
                          0.1364041487847710E+02
                          0.1368850627018208E+02
                          0.1373672471516958E+02
                          0.1378507043701862E+02
                          0.1383354365950476E+02
                          0.1388214460660007E+02
                          0.1393087350247322E+02
                          0.1397973057148940E+02
                          0.1402871603821037E+02
                          0.1407783012739438E+02
                          0.1412707306399630E+02
                          0.1417644507316747E+02
                          0.1422594638025584E+02
                          0.1427557721080587E+02
                          0.1432533779055857E+02
                          0.1437522834545153E+02
                          0.1442524910161882E+02
                          0.1447540028539112E+02
                          0.1452568212329564E+02
                          0.1457609484205609E+02
                          0.1462663866859279E+02
                          0.1467731383002257E+02
                          0.1472812055365882E+02
                          0.1477905906701146E+02
                          0.1483012959778698E+02
                          0.1488133237388840E+02
                          0.1493266762341528E+02
                          0.1498413557466376E+02
                          0.1503573645612646E+02
                          0.1508747049649262E+02
                          0.1513933792464798E+02
                          0.1519133896967485E+02
                          0.1524347386085206E+02
                          0.1529574282765501E+02
                          0.1534814609975563E+02
                          0.1540068390702243E+02
                          0.1545335647952041E+02
                          0.1550616404751115E+02
                          0.1555910684145280E+02
                          0.1561218509199998E+02
                          0.1566539903000393E+02
                          0.1571874888651243E+02
                          0.1577223489276976E+02
                          0.1582585728021678E+02
                          0.1587961628049088E+02
                          0.1593351212542601E+02
                          0.1598754504705267E+02
                          0.1604171527759788E+02
                          0.1609602304948524E+02
                          0.1615046859533485E+02
                          0.1620505214796342E+02
                          0.1625977394038414E+02
                          0.1631463420580680E+02
                          0.1636963317763770E+02
                          0.1642477108947971E+02
                          0.1648004817513223E+02
                          0.1653546466859121E+02
                          0.1659102080404913E+02
                          0.1664671681589506E+02
                          0.1670255293871457E+02
                          0.1675852940728980E+02
                          0.1681464645659945E+02
                          0.1687090432181873E+02
                          0.1692730323831942E+02
                          0.1698384344166983E+02
                          0.1704052516763482E+02
                          0.1709734865217582E+02
                          0.1715431413145078E+02
                          0.1721142184181423E+02
                          0.1726867201981716E+02
                          0.1732606490220721E+02
                          0.1738360072592852E+02
                          0.1744127972812177E+02
                          0.1749910214612419E+02
                          0.1755706821746956E+02
                          0.1761517817988823E+02
                          0.1767343227130705E+02
                          0.1773183072984942E+02
                          0.1779037379383534E+02
                          0.1784906170178131E+02
                          0.1790789469240039E+02
                          0.1796687300460216E+02
                          0.1802599687749280E+02
                          0.1808526655037499E+02
                          0.1814468226274797E+02
                          0.1820424425430753E+02
                          0.1826395276494598E+02
                          0.1832380803475225E+02
                          0.1838381030401172E+02
                          0.1844395981320639E+02
                          0.1850425680301475E+02
                          0.1856470151431190E+02
                          0.1862529418816941E+02
                          0.1868603506585545E+02
                          0.1874692438883472E+02
                          0.1880796239876848E+02
                          0.1886914933751452E+02
                          0.1893048544712718E+02
                          0.1899197096985733E+02
                          0.1905360614815241E+02
                          0.1911539122465642E+02
                          0.1917732644220984E+02
                          0.1923941204384979E+02
                          0.1930164827280986E+02
                          0.1936403537252020E+02
                          0.1942657358660755E+02
                          0.1948926315889513E+02
                          0.1955210433340276E+02
                          0.1961509735434679E+02
                          0.1967824246614011E+02
                          0.1974153991339214E+02
                          0.1980498994090889E+02
                          0.1986859279369288E+02
                          0.1993234871694320E+02
                          0.1999625795605546E+02
                          0.2006032075662181E+02
                          0.2012453736443099E+02
                          0.2018890802546826E+02
                          0.2025343298591543E+02
                          0.2031811249215083E+02
                          0.2038294679074940E+02
                          0.2044793612848254E+02
                          0.2051308075231828E+02
                          0.2057838090942112E+02
                          0.2064383684715217E+02
                          0.2070944881306905E+02
                          0.2077521705492595E+02
                          0.2084114182067359E+02
                          0.2090722335845923E+02
                          0.2097346191662665E+02
                          0.2103985774371627E+02
                          0.2110641108846497E+02
                          0.2117312219980618E+02
                          0.2123999132686992E+02
                          0.2130701871898277E+02
                          0.2137420462566775E+02
                          0.2144154929664453E+02
                          0.2150905298182932E+02
                          0.2157671593133481E+02
                          0.2164453839547027E+02
                          0.2171252062474155E+02
                          0.2178066286985101E+02
                          0.2184896538169755E+02
                          0.2191742841137665E+02
                          0.2198605221018026E+02
                          0.2205483702959701E+02
                          0.2212378312131194E+02
                          0.2219289073720673E+02
                          0.2226216012935952E+02
                          0.2233159155004511E+02
                          0.2240118525173474E+02
                          0.2247094148709623E+02
                          0.2254086050899398E+02
                          0.2261094257048889E+02
                          0.2268118792483843E+02
                          0.2275159682549662E+02
                          0.2282216952611403E+02
                          0.2289290628053773E+02
                          0.2296380734281139E+02
                          0.2303487296717520E+02
                          0.2310610340806591E+02
                          0.2317749892011681E+02
                          0.2324905975815771E+02
                          0.2332078617721501E+02
                          0.2339267843251165E+02
                          0.2346473677946707E+02
                          0.2353696147369731E+02
                          0.2360935277101494E+02
                          0.2368191092742904E+02
                          0.2375463619914528E+02
                          0.2382752884256590E+02
                          0.2390058911428960E+02
                          0.2397381727111170E+02
                          0.2404721357002403E+02
                          0.2412077826821497E+02
                          0.2419451162306947E+02
                          0.2426841389216900E+02
                          0.2434248533329160E+02
                          0.2441672620441182E+02
                          0.2449113676370080E+02
                          0.2456571726952619E+02
                          0.2464046798045218E+02
                          0.2471538915523956E+02
                          0.2479048105284560E+02
                          0.2486574393242417E+02
                          0.2494117805332566E+02
                          0.2501678367509701E+02
                          0.2509256105748170E+02
                          0.2516851046041977E+02
                          0.2524463214404778E+02
                          0.2532092636869888E+02
                          0.2539739339490273E+02
                          0.2547403348338556E+02
                          0.2555084689507008E+02
                          0.2562783389107566E+02
                          0.2570499473271811E+02
                          0.2578232968150987E+02
                          0.2585983899915985E+02
                          0.2593752294757356E+02
                          0.2601538178885303E+02
                          0.2609341578529686E+02
                          0.2617162519940018E+02
                          0.2625001029385465E+02
                          0.2632857133154850E+02
                          0.2640730857556651E+02
                          0.2648622228918999E+02
                          0.2656531273589678E+02
                          0.2664458017936131E+02
                          0.2672402488345454E+02
                          0.2680364711224394E+02
                          0.2688344712999359E+02
                          0.2696342520116405E+02
                          0.2704358159041249E+02
                          0.2712391656259255E+02
                          0.2720443038275450E+02
                          0.2728512331614510E+02
                          0.2736599562820766E+02
                          0.2744704758458208E+02
                          0.2752827945110474E+02
                          0.2760969149380863E+02
                          0.2769128397892323E+02
                          0.2777305717287460E+02
                          0.2785501134228533E+02
                          0.2793714675397460E+02
                          0.2801946367495804E+02
                          0.2810196237244796E+02
                          0.2818464311385309E+02
                          0.2826750616677876E+02
                          0.2835055179902687E+02
                          0.2843378027859582E+02
                          0.2851719187368059E+02
                          0.2860078685267269E+02
                          0.2868456548416019E+02
                          0.2876852803692766E+02
                          0.2885267477995627E+02
                          0.2893700598242374E+02
                          0.2902152191370425E+02
                          0.2910622284336868E+02
                          0.2919110904118430E+02
                          0.2927618077711501E+02
                          0.2936143832132121E+02
                          0.2944688194415993E+02
                          0.2953251191618466E+02
                          0.2961832850814545E+02
                          0.2970433199098893E+02
                          0.2979052263585825E+02
                          0.2987690071409311E+02
                          0.2996346649722980E+02
                          0.3005022025700107E+02
                          0.3013716226533626E+02
                          0.3022429279436128E+02
                          0.3031161211639854E+02
                          0.3039912050396708E+02
                          0.3048681822978235E+02
                          0.3057470556675649E+02
                          0.3066278278799804E+02
                          0.3075105016681224E+02
                          0.3083950797670076E+02
                          0.3092815649136188E+02
                          0.3101699598469039E+02
                          0.3110602673077761E+02
                          0.3119524900391148E+02
                          0.3128466307857644E+02
                          0.3137426922945344E+02
                          0.3146406773142004E+02
                          0.3155405885955031E+02
                          0.3164424288911488E+02
                          0.3173462009558091E+02
                          0.3182519075461213E+02
                          0.3191595514206882E+02
                          0.3200691353400774E+02
                          0.3209806620668230E+02
                          0.3218941343654236E+02
                          0.3228095550023438E+02
                          0.3237269267460140E+02
                          0.3246462523668286E+02
                          0.3255675346371495E+02
                          0.3264907763313023E+02
                          0.3274159802255792E+02
                          0.3283431490982371E+02
                          0.3292722857294989E+02
                          0.3302033929015528E+02
                          0.3311364733985524E+02
                          0.3320715300066166E+02
                          0.3330085655138301E+02
                          0.3339475827102429E+02
                          0.3348885843878706E+02
                          0.3358315733406938E+02
                          0.3367765523646592E+02
                          0.3377235242576781E+02
                          0.3386724918196290E+02
                          0.3396234578523533E+02
                          0.3405764251596601E+02
                          0.3415313965473225E+02
                          0.3424883748230801E+02
                          0.3434473627966376E+02
                          0.3444083632796646E+02
                          0.3453713790857970E+02
                          0.3463364130306355E+02
                          0.3473034679317468E+02
                          0.3482725466086627E+02
                          0.3492436518828807E+02
                          0.3502167865778633E+02
                          0.3511919535190395E+02
                          0.3521691555338026E+02
                          0.3531483954515115E+02
                          0.3541296761034911E+02
                          0.3551130003230320E+02
                          0.3560983709453891E+02
                          0.3570857908077840E+02
                          0.3580752627494028E+02
                          0.3590667896113979E+02
                          0.3600603742368865E+02
                          0.3610560194709513E+02
                          0.3620537281606414E+02
                          0.3630535031549699E+02
                          0.3640553473049164E+02
                          0.3650592634634256E+02
                          0.3660652544854073E+02
                          0.3670733232277376E+02
                          0.3680834725492577E+02
                          0.3690957053107742E+02
                          0.3701100243750589E+02
                          0.3711264326068495E+02
                          0.3721449328728490E+02
                          0.3731655280417252E+02
                          0.3741882209841128E+02
                          0.3752130145726109E+02
                          0.3762399116817843E+02
                          0.3772689151881632E+02
                          0.3783000279702433E+02
                          0.3793332529084859E+02
                          0.3803685928853179E+02
                          0.3814060507851306E+02
                          0.3824456294942824E+02
                          0.3834873319010960E+02
                          0.3845311608958601E+02
                          0.3855771193708288E+02
                          0.3866252102202210E+02
                          0.3876754363402216E+02
                          0.3887278006289812E+02
                          0.3897823059866159E+02
                          0.3908389553152062E+02
                          0.3918977515187996E+02
                          0.3929586975034077E+02
                          0.3940217961770083E+02
                          0.3950870504495450E+02
                          0.3961544632329257E+02
                          0.3972240374410249E+02
                          0.3982957759896816E+02
                          0.3993696817967011E+02
                          0.4004457577818538E+02
                          0.4015240068668753E+02
                          0.4026044319754673E+02
                          0.4036870360332962E+02
                          0.4047718219679946E+02
                          0.4058587927091601E+02
                          0.4069479511883560E+02
                          0.4080393003391106E+02
                          0.4091328430969182E+02
                          0.4102285823992379E+02
                          0.4113265211854957E+02
                          0.4124266623970814E+02
                          0.4135290089773513E+02
                          0.4146335638716261E+02
                          0.4157403300271934E+02
                          0.4168493103933049E+02
                          0.4179605079211790E+02
                          0.4190739255639987E+02
                          0.4201895662769127E+02
                          0.4213074330170349E+02
                          0.4224275287434453E+02
                          0.4235498564171889E+02
                          0.4246744190012760E+02
                          0.4258012194606829E+02
                          0.4269302607623505E+02
                          0.4280615458751864E+02
                          0.4291950777700629E+02
                          0.4303308594198177E+02
                          0.4314688937992541E+02
                          0.4326091838851408E+02
                          0.4337517326562119E+02
                          0.4348965430931677E+02
                          0.4360436181786724E+02
                          0.4371929608973576E+02
                          0.4383445742358189E+02
                          0.4394984611826177E+02
                          0.4406546247282811E+02
                          0.4418130678653014E+02
                          0.4429737935881372E+02
                          0.4441368048932112E+02
                          0.4453021047789122E+02
                          0.4464696962455949E+02
                          0.4476395822955788E+02
                          0.4488117659331493E+02
                          0.4499862501645569E+02
                          0.4511630379980179E+02
                          0.4523421324437138E+02
                          0.4535235365137919E+02
                          0.4547072532223644E+02
                          0.4558932855855087E+02
                          0.4570816366212696E+02
                          0.4582723093496551E+02
                          0.4594653067926398E+02
                          0.4606606319741635E+02
                          0.4618582879201313E+02
                          0.4630582776584146E+02
                          0.4642606042188491E+02
                          0.4654652706332358E+02
                          0.4666722799353433E+02
                          0.4678816351609031E+02
                          0.4690933393476135E+02
                          0.4703073955351381E+02
                          0.4715238067651060E+02
                          0.4727425760811118E+02
                          0.4739637065287145E+02
                          0.4751872011554403E+02
                          0.4764130630107800E+02
                          0.4776412951461889E+02
                          0.4788719006150900E+02
                          0.4801048824728699E+02
                          0.4813402437768815E+02
                          0.4825779875864421E+02
                          0.4838181169628361E+02
                          0.4850606349693127E+02
                          0.4863055446710856E+02
                          0.4875528491353359E+02
                          0.4888025514312073E+02
                          0.4900546546298124E+02
                          0.4913091618042266E+02
                          0.4925660760294923E+02
                          0.4938254003826158E+02
                          0.4950871379425704E+02
                          0.4963512917902948E+02
                          0.4976178650086920E+02
                          0.4988868606826308E+02
                          0.5001582818989467E+02
                          0.5014321317464393E+02
                          0.5027084133158740E+02
                          0.5039871296999818E+02
                          0.5052682839934588E+02
                          0.5065518792929672E+02
                          0.5078379186971343E+02
                          0.5091264053065530E+02
                          0.5104173422237815E+02
                          0.5117107325533435E+02
                          0.5130065794017278E+02
                          0.5143048858773894E+02
                          0.5156056550907486E+02
                          0.5169088901541910E+02
                          0.5182145941820664E+02
                          0.5195227702906927E+02
                          0.5208334215983509E+02
                          0.5221465512252897E+02
                          0.5234621622937206E+02
                          0.5247802579278222E+02
                          0.5261008412537386E+02
                          0.5274239153995788E+02
                          0.5287494834954180E+02
                          0.5300775486732957E+02
                          0.5314081140672178E+02
                          0.5327411828131557E+02
                          0.5340767580490451E+02
                          0.5354148429147887E+02
                          0.5367554405522540E+02
                          0.5380985541052736E+02
                          0.5394441867196457E+02
                          0.5407923415431351E+02
                          0.5421430217254701E+02
                          0.5434962304183455E+02
                          0.5448519707754223E+02
                          0.5462102459523260E+02
                          0.5475710591066471E+02
                          0.5489344133979424E+02
                          0.5503003119877346E+02
                          0.5516687580395106E+02
                          0.5530397547187238E+02
                          0.5544133051927920E+02
                          0.5557894126311000E+02
                          0.5571680802049966E+02
                          0.5585493110877972E+02
                          0.5599331084547807E+02
                          0.5613194754831947E+02
                          0.5627084153522490E+02
                          0.5640999312431211E+02
                          0.5654940263389528E+02
                          0.5668907038248520E+02
                          0.5682899668878910E+02
                          0.5696918187171092E+02
                          0.5710962625035103E+02
                          0.5725033014400638E+02
                          0.5739129387217044E+02
                          0.5753251775453322E+02
                          0.5767400211098136E+02
                          0.5781574726159797E+02
                          0.5795775352666274E+02
                          0.5810002122665178E+02
                          0.5824255068223804E+02
                          0.5838534221429066E+02
                          0.5852839614387562E+02
                          0.5867171279225531E+02
                          0.5881529248088863E+02
                          0.5895913553143112E+02
                          0.5910324226573476E+02
                          0.5924761300584822E+02
                          0.5939224807401659E+02
                          0.5953714779268152E+02
                          0.5968231248448133E+02
                          0.5982774247225075E+02
                          0.5997343807902104E+02
                          0.6011939962802018E+02
                          0.6026562744267243E+02
                          0.6041212184659890E+02
                          0.6055888316361701E+02
                          0.6070591171774078E+02
                          0.6085320783318092E+02
                          0.6100077183434451E+02
                          0.6114860404583520E+02
                          0.6129670479245323E+02
                          0.6144507439919546E+02
                          0.6159371319125517E+02
                          0.6174262149402225E+02
                          0.6189179963308300E+02
                          0.6204124793422055E+02
                          0.6219096672341434E+02
                          0.6234095632684036E+02
                          0.6249121707087134E+02
                          0.6264174928207638E+02
                          0.6279255328722110E+02
                          0.6294362941326787E+02
                          0.6309497798737539E+02
                          0.6324659933689903E+02
                          0.6339849378939059E+02
                          0.6355066167259859E+02
                          0.6370310331446801E+02
                          0.6385581904314031E+02
                          0.6400880918695350E+02
                          0.6416207407444233E+02
                          0.6431561403433787E+02
                          0.6446942939556787E+02
                          0.6462352048725644E+02
                          0.6477788763872458E+02
                          0.6493253117948947E+02
                          0.6508745143926507E+02
                          0.6524264874796178E+02
                          0.6539812343568663E+02
                          0.6555387583274312E+02
                          0.6570990626963120E+02
                          0.6586621507704770E+02
                          0.6602280258588561E+02
                          0.6617966912723472E+02
                          0.6633681503238127E+02
                          0.6649424063280807E+02
                          0.6665194626019442E+02
                          0.6680993224641628E+02
                          0.6696819892354604E+02
                          0.6712674662385272E+02
                          0.6728557567980185E+02
                          0.6744468642405548E+02
                          0.6760407918947216E+02
                          0.6776375430910720E+02
                          0.6792371211621229E+02
                          0.6808395294423555E+02
                          0.6824447712682195E+02
                          0.6840528499781281E+02
                          0.6856637689124594E+02
                          0.6872775314135592E+02
                          0.6888941408257364E+02
                          0.6905136004952669E+02
                          0.6921359137703905E+02
                          0.6937610840013153E+02
                          0.6953891145402118E+02
                          0.6970200087412175E+02
                          0.6986537699604347E+02
                          0.7002904015559322E+02
                          0.7019299068877434E+02
                          0.7035722893178666E+02
                          0.7052175522102679E+02
                          0.7068656989308761E+02
                          0.7085167328475863E+02
                          0.7101706573302606E+02
                          0.7118274757507250E+02
                          0.7134871914827708E+02
                          0.7151498079021557E+02
                          0.7168153283866019E+02
                          0.7184837563157984E+02
                          0.7201550950713985E+02
                          0.7218293480370214E+02
                          0.7235065185982511E+02
                          0.7251866101426386E+02
                          0.7268696260596992E+02
                          0.7285555697409129E+02
                          0.7302444445797275E+02
                          0.7319362539715542E+02
                          0.7336310013137705E+02
                          0.7353286900057184E+02
                          0.7370293234487075E+02
                          0.7387329050460110E+02
                          0.7404394382028676E+02
                          0.7421489263264830E+02
                          0.7438613728260263E+02
                          0.7455767811126337E+02
                          0.7472951545994054E+02
                          0.7490164967014094E+02
                          0.7507408108356765E+02
                          0.7524681004212043E+02
                          0.7541983688789553E+02
                          0.7559316196318591E+02
                          0.7576678561048084E+02
                          0.7594070817246626E+02
                          0.7611492999202466E+02
                          0.7628945141223508E+02
                          0.7646427277637308E+02
                          0.7663939442791067E+02
                          0.7681481671051667E+02
                          0.7699053996805620E+02
                          0.7716656454459104E+02
                          0.7734289078437942E+02
                          0.7751951903187614E+02
                          0.7769644963173276E+02
                          0.7787368292879708E+02
                          0.7805121926811356E+02
                          0.7822905899492338E+02
                          0.7840720245466397E+02
                          0.7858564999296944E+02
                          0.7876440195567059E+02
                          0.7894345868879451E+02
                          0.7912282053856501E+02
                          0.7930248785140232E+02
                          0.7948246097392332E+02
                          0.7966274025294150E+02
                          0.7984332603546670E+02
                          0.8002421866870533E+02
                          0.8020541850006060E+02
                          0.8038692587713200E+02
                          0.8056874114771566E+02
                          0.8075086465980422E+02
                          0.8093329676158693E+02
                          0.8111603780144958E+02
                          0.8129908812797437E+02
                          0.8148244808994032E+02
                          0.8166611803632270E+02
                          0.8185009831629355E+02
                          0.8203438927922127E+02
                          0.8221899127467087E+02
                          0.8240390465240408E+02
                          0.8258912976237893E+02
                          0.8277466695475010E+02
                          0.8296051657986884E+02
                          0.8314667898828290E+02
                          0.8333315453073669E+02
                          0.8351994355817088E+02
                          0.8370704642172306E+02
                          0.8389446347272707E+02
                          0.8408219506271350E+02
                          0.8427024154340924E+02
                          0.8445860326673801E+02
                          0.8464728058481995E+02
                          0.8483627384997172E+02
                          0.8502558341470653E+02
                          0.8521520963173423E+02
                          0.8540515285396103E+02
                          0.8559541343448979E+02
                          0.8578599172662005E+02
                          0.8597688808384771E+02
                          0.8616810285986520E+02
                          0.8635963640856171E+02
                          0.8655148908402276E+02
                          0.8674366124053051E+02
                          0.8693615323256365E+02
                          0.8712896541479732E+02
                          0.8732209814210348E+02
                          0.8751555176955036E+02
                          0.8770932665240277E+02
                          0.8790342314612229E+02
                          0.8809784160636679E+02
                          0.8829258238899072E+02
                          0.8848764585004530E+02
                          0.8868303234577803E+02
                          0.8887874223263309E+02
                          0.8907477586725109E+02
                          0.8927113360646943E+02
                          0.8946781580732184E+02
                          0.8966482282703858E+02
                          0.8986215502304661E+02
                          0.9005981275296924E+02
                          0.9025779637462664E+02
                          0.9045610624603513E+02
                          0.9065474272540796E+02
                          0.9085370617115464E+02
                          0.9105299694188136E+02
                          0.9125261539639071E+02
                          0.9145256189368209E+02
                          0.9165283679295128E+02
                          0.9185344045359048E+02
                          0.9205437323518876E+02
                          0.9225563549753147E+02
                          0.9245722760060060E+02
                          0.9265914990457458E+02
                          0.9286140276982864E+02
                          0.9306398655693437E+02
                          0.9326690162665986E+02
                          0.9347014833996984E+02
                          0.9367372705802553E+02
                          0.9387763814218486E+02
                          0.9408188195400213E+02
                          0.9428645885522808E+02
                          0.9449136920781038E+02
                          0.9469661337389289E+02
                          0.9490219171581612E+02
                          0.9510810459611726E+02
                          0.9531435237752986E+02
                          0.9552093542298405E+02
                          0.9572785409560666E+02
                          0.9593510875872090E+02
                          0.9614269977584655E+02
                          0.9635062751070002E+02
                          0.9655889232719407E+02
                          0.9676749458943837E+02
                          0.9697643466173874E+02
                          0.9718571290859786E+02
                          0.9739532969471472E+02
                          0.9760528538498488E+02
                          0.9781558034450067E+02
                          0.9802621493855068E+02
                          0.9823718953262033E+02
                          0.9844850449239135E+02
                          0.9866016018374208E+02
                          0.9887215697274739E+02
                          0.9908449522567894E+02
                          0.9929717530900452E+02
                          0.9951019758938870E+02
                          0.9972356243369266E+02
                          0.9993727020897404E+02
                          0.1001513212824870E+03
                          0.1003657160216822E+03
                          0.1005804547942069E+03
                          0.1007955379679051E+03
                          0.1010109659108170E+03
                          0.1012267389911796E+03
                          0.1014428575774263E+03
                          0.1016593220381872E+03
                          0.1018761327422888E+03
                          0.1020932900587541E+03
                          0.1023107943568030E+03
                          0.1025286460058515E+03
                          0.1027468453755123E+03
                          0.1029653928355947E+03
                          0.1031842887561047E+03
                          0.1034035335072446E+03
                          0.1036231274594132E+03
                          0.1038430709832060E+03
                          0.1040633644494151E+03
                          0.1042840082290290E+03
                          0.1045050026932329E+03
                          0.1047263482134083E+03
                          0.1049480451611336E+03
                          0.1051700939081833E+03
                          0.1053924948265288E+03
                          0.1056152482883381E+03
                          0.1058383546659752E+03
                          0.1060618143320016E+03
                          0.1062856276591741E+03
                          0.1065097950204473E+03
                          0.1067343167889714E+03
                          0.1069591933380936E+03
                          0.1071844250413576E+03
                          0.1074100122725036E+03
                          0.1076359554054685E+03
                          0.1078622548143853E+03
                          0.1080889108735840E+03
                          0.1083159239575910E+03
                          0.1085432944411293E+03
                          0.1087710226991181E+03
                          0.1089991091066737E+03
                          0.1092275540391086E+03
                          0.1094563578719320E+03
                          0.1096855209808494E+03
                          0.1099150437417631E+03
                          0.1101449265307719E+03
                          0.1103751697241710E+03
                          0.1106057736984523E+03
                          0.1108367388303042E+03
                          0.1110680654966117E+03
                          0.1112997540744561E+03
                          0.1115318049411157E+03
                          0.1117642184740649E+03
                          0.1119969950509749E+03
                          0.1122301350497132E+03
                          0.1124636388483443E+03
                          0.1126975068251288E+03
                          0.1129317393585239E+03
                          0.1131663368271837E+03
                          0.1134012996099586E+03
                          0.1136366280858952E+03
                          0.1138723226342374E+03
                          0.1141083836344251E+03
                          0.1143448114660947E+03
                          0.1145816065090797E+03
                          0.1148187691434095E+03
                          0.1150562997493104E+03
                          0.1152941987072051E+03
                          0.1155324663977130E+03
                          0.1157711032016500E+03
                          0.1160101095000285E+03
                          0.1162494856740573E+03
                          0.1164892321051421E+03
                          0.1167293491748849E+03
                          0.1169698372650843E+03
                          0.1172106967577352E+03
                          0.1174519280350297E+03
                          0.1176935314793557E+03
                          0.1179355074732981E+03
                          0.1181778563996383E+03
                          0.1184205786413539E+03
                          0.1186636745816197E+03
                          0.1189071446038064E+03
                          0.1191509890914815E+03
                          0.1193952084284092E+03
                          0.1196398029985500E+03
                          0.1198847731860611E+03
                          0.1201301193752961E+03
                          0.1203758419508055E+03
                          0.1206219412973357E+03
                          0.1208684177998303E+03
                          0.1211152718434291E+03
                          0.1213625038134685E+03
                          0.1216101140954814E+03
                          0.1218581030751975E+03
                          0.1221064711385428E+03
                          0.1223552186716399E+03
                          0.1226043460608078E+03
                          0.1228538536925624E+03
                          0.1231037419536159E+03
                          0.1233540112308770E+03
                          0.1236046619114512E+03
                          0.1238556943826401E+03
                          0.1241071090319424E+03
                          0.1243589062470531E+03
                          0.1246110864158634E+03
                          0.1248636499264617E+03
                          0.1251165971671326E+03
                          0.1253699285263570E+03
                          0.1256236443928127E+03
                          0.1258777451553742E+03
                          0.1261322312031119E+03
                          0.1263871029252935E+03
                          0.1266423607113828E+03
                          0.1268980049510400E+03
                          0.1271540360341223E+03
                          0.1274104543506832E+03
                          0.1276672602909728E+03
                          0.1279244542454377E+03
                          0.1281820366047210E+03
                          0.1284400077596625E+03
                          0.1286983681012984E+03
                          0.1289571180208615E+03
                          0.1292162579097813E+03
                          0.1294757881596835E+03
                          0.1297357091623905E+03
                          0.1299960213099215E+03
                          0.1302567249944919E+03
                          0.1305178206085139E+03
                          0.1307793085445960E+03
