 Temperature at each level [K]
    255.7436
    377.4470
    368.8066
    360.5547
    352.6854
    345.1900
    338.0582
    331.2727
    324.8066
    318.6469
    312.7493
    306.7482
    299.9115
    292.7124
    286.3241
    280.7200
    275.7756
    271.4697
    267.3839
    263.4045
    259.4180
    254.9101
    249.8729
    244.6980
    238.6855
    231.2933
    223.2272
    215.0601
    207.3796
    200.5874
    194.8241
    190.1018
    186.2280
    183.3377
    181.3125
    179.8805
    179.1292
    178.8232
    178.5220
    178.2541
    177.9134
    177.0264
    175.0721
    171.7381
    167.5029
    162.8522
    156.4902
    151.2297
    149.9979
    149.9979
    149.9979
