 Adiabat temperature at each level [K]
    255.7436
    246.4854
    237.7677
    229.8565
    222.6716
    216.1292
    210.1457
    204.6414
    199.5418
    194.7795
    190.2941
    186.0328
    181.9499
    178.0063
    174.1689
    170.4100
    166.7064
    163.0388
    159.3911
    155.7500
    152.1043
    150.1385
    149.9979
    149.9979
    149.9979
    149.9979
    149.9979
    149.9979
    149.9979
    149.9979
    149.9979
    149.9979
    149.9979
    149.9979
    149.9979
    149.9979
    149.9979
    149.9979
    149.9979
    149.9979
    149.9979
    149.9979
    149.9979
    149.9979
    149.9979
    149.9979
    149.9979
    149.9979
    149.9979
    149.9979
    149.9979
