 Absorbed shortwave flux vs. time [W/m2]
    132.3086
    131.3689
    130.8592
    130.4456
    130.1490
    129.9227
    129.7398
    129.5869
    129.4566
    129.3432
    129.2425
    129.1525
    129.0708
    128.9958
    128.9277
    128.8659
    128.8075
    128.7542
    128.7027
    128.6551
    128.6110
    128.5687
    128.5281
    128.4917
    128.4551
    128.4207
    128.3893
    128.3579
    128.3284
    128.3012
    128.2740
    128.2491
    128.2241
    128.2013
    128.1783
    128.1563
    128.1362
    128.1157
    128.0961
    128.0781
    128.0598
    128.0431
    128.0256
    128.0092
    127.9941
    127.9788
    127.9647
    127.9514
    127.9382
    127.9262
    127.9140
    127.9028
    127.8936
    127.8924
    127.8906
    127.8896
    127.8881
    127.8872
    127.8859
    127.8855
    127.8838
    127.8835
    127.8821
    127.8819
    127.8804
    127.8803
    127.8789
    127.8788
    127.8776
    127.8776
    127.8765
    127.8766
    127.8753
    127.8754
    127.8742
    127.8743
    127.8731
    127.8728
    127.8722
    127.8719
    127.8716
    127.8716
    127.8708
    127.8707
    127.8700
    127.8700
    127.8693
    127.8693
    127.8687
    127.8687
    127.8680
    127.8679
    127.8673
    127.8672
    127.8666
    127.8666
    127.8663
    127.8660
    127.8663
    127.8656
    127.8658
    127.8652
    127.8652
    127.8646
    127.8647
    127.8641
    127.8641
    127.8636
    127.8637
    127.8631
    127.8633
    127.8627
    127.8629
    127.8623
    127.8615
    127.8620
    127.8610
    127.8616
    127.8607
    127.8611
    127.8603
    127.8607
    127.8599
    127.8604
    127.8595
    127.8600
    127.8592
    127.8597
    127.8588
    127.8593
    127.8585
    127.8590
    127.8581
    127.8586
    127.8578
    127.8585
    127.8582
    127.8584
    127.8578
    127.8581
    127.8575
    127.8578
    127.8573
    127.8574
    127.8569
    127.8571
    127.8566
    127.8568
    127.8563
    127.8566
    127.8562
    127.8564
    127.8572
    127.8567
    127.8569
    127.8563
    127.8565
    127.8560
    127.8562
    127.8557
    127.8559
    127.8554
    127.8557
    127.8552
    127.8555
    127.8551
    127.8555
    127.8552
    127.8552
    127.8549
    127.8550
    127.8546
    127.8547
    127.8543
    127.8544
    127.8541
    127.8542
    127.8540
    127.8540
    127.8539
    127.8543
    127.8546
    127.8540
    127.8544
    127.8537
    127.8541
    127.8535
    127.8539
    127.8536
    127.8537
    127.8534
    127.8536
    127.8532
    127.8533
    127.8529
    127.8530
    127.8526
    127.8528
    127.8523
    127.8525
    127.8521
    127.8523
    127.8518
    127.8520
    127.8516
    127.8518
    127.8515
    127.8517
    127.8514
    127.8514
    127.8512
    127.8512
    127.8509
    127.8511
    127.8510
    127.8508
    127.8507
    127.8506
    127.8505
    127.8504
    127.8503
    127.8502
    127.8502
    127.8501
    127.8501
    127.8500
    127.8500
    127.8499
    127.8499
    127.8499
    127.8498
    127.8498
    127.8498
    127.8497
    127.8497
    127.8497
    127.8497
    127.8497
    127.8497
    127.8496
    127.8496
    127.8496
    127.8496
    127.8496
    127.8496
    127.8496
    127.8496
    127.8496
    127.8496
    127.8496
    127.8496
    127.8496
    127.8496
    127.8495
    127.8496
    127.8495
    127.8495
    127.8495
    127.8495
    127.8495
    127.8495
    127.8495
    127.8495
    127.8495
    127.8495
    127.8495
    127.8495
    127.8495
    127.8495
    127.8495
    127.8495
    127.8495
    127.8495
    127.8495
    127.8495
    127.8495
    127.8495
    127.8495
    127.8495
    127.8495
    127.8495
    127.8495
    127.8495
    127.8495
    127.8495
    127.8495
    127.8495
    127.8495
    127.8495
    127.8495
    127.8495
    127.8495
    127.8495
    127.8495
    127.8495
    127.8495
    127.8495
    127.8495
    127.8495
    127.8495
    127.8495
    127.8495
    127.8495
    127.8495
    127.8495
    127.8495
    127.8495
    127.8495
    127.8495
    127.8495
    127.8495
    127.8495
    127.8495
    127.8495
    127.8495
    127.8495
    127.8495
    127.8495
    127.8495
    127.8495
    127.8495
    127.8495
    127.8495
    127.8495
    127.8495
    127.8495
    127.8495
    127.8495
    127.8495
    127.8495
    127.8495
    127.8495
    127.8495
    127.8495
    127.8495
    127.8495
    127.8495
    127.8495
    127.8495
    127.8495
    127.8495
    127.8495
    127.8495
    127.8495
    127.8495
    127.8495
    127.8495
    127.8495
    127.8495
    127.8495
    127.8495
    127.8495
    127.8495
    127.8495
    127.8495
    127.8495
    127.8495
    127.8495
    127.8495
    127.8495
    127.8495
    127.8495
    127.8495
    127.8495
    127.8495
    127.8495
    127.8495
    127.8495
    127.8495
    127.8495
    127.8495
    127.8495
    127.8495
    127.8495
    127.8495
    127.8495
    127.8495
    127.8495
    127.8495
    127.8495
    127.8495
    127.8495
    127.8495
    127.8495
    127.8495
    127.8495
    127.8495
    127.8495
    127.8495
    127.8495
    127.8495
    127.8495
    127.8495
    127.8495
    127.8495
    127.8495
    127.8495
    127.8495
    127.8495
    127.8495
    127.8495
    127.8495
    127.8495
    127.8495
    127.8495
    127.8495
    127.8495
    127.8495
    127.8495
    127.8495
    127.8495
    127.8495
    127.8495
    127.8495
    127.8495
    127.8495
    127.8495
    127.8495
    127.8495
    127.8495
    127.8495
    127.8495
    127.8495
    127.8495
    127.8495
    127.8495
    127.8495
    127.8495
    127.8495
    127.8495
    127.8495
    127.8495
    127.8495
    127.8495
    127.8495
    127.8495
    127.8495
    127.8495
    127.8495
    127.8495
    127.8495
    127.8495
    127.8495
    127.8495
    127.8495
    127.8495
    127.8495
    127.8495
    127.8495
    127.8495
    127.8495
    127.8495
    127.8495
    127.8495
    127.8495
    127.8495
    127.8495
    127.8495
    127.8495
    127.8495
    127.8495
    127.8495
    127.8495
    127.8495
    127.8495
    127.8495
    127.8495
    127.8495
    127.8495
    127.8495
    127.8495
    127.8495
    127.8495
    127.8495
    127.8495
    127.8495
    127.8495
    127.8495
    127.8495
    127.8495
    127.8495
    127.8495
    127.8495
    127.8495
    127.8495
    127.8495
    127.8495
    127.8495
    127.8495
    127.8495
    127.8495
    127.8495
    127.8495
    127.8495
    127.8495
    127.8495
    127.8495
    127.8495
    127.8495
    127.8495
