 Upwards broadband flux at each level [W/m2]
      165.7663
      145.0519
      138.6245
      135.9513
      134.2654
      133.0534
      132.1231
      131.4197
      130.9340
      130.5940
      130.3622
      130.2230
      130.1098
      129.9409
      129.6953
      129.4606
      129.2704
      129.0860
      128.9041
      128.7224
      128.5484
      128.3897
      128.2596
      128.1580
      128.0811
      128.0247
      127.9810
      127.9457
      127.9185
      127.8990
      127.8851
      127.8766
      127.8713
      127.8678
      127.8654
      127.8635
      127.8619
      127.8603
      127.8589
      127.8576
      127.8564
      127.8553
      127.8542
      127.8534
      127.8526
      127.8520
      127.8515
      127.8511
      127.8507
      127.8504
      127.8503
