 altitude at level i
  0.0000E+00
  0.2411E+04
  0.3832E+04
  0.5222E+04
  0.6590E+04
  0.7940E+04
  0.9272E+04
  0.1059E+05
  0.1189E+05
  0.1319E+05
  0.1447E+05
  0.1575E+05
  0.1703E+05
  0.1830E+05
  0.1956E+05
  0.2080E+05
  0.2203E+05
  0.2324E+05
  0.2444E+05
  0.2562E+05
  0.2678E+05
  0.2792E+05
  0.2903E+05
  0.3013E+05
  0.3121E+05
  0.3227E+05
  0.3332E+05
  0.3436E+05
  0.3539E+05
  0.3640E+05
  0.3741E+05
  0.3841E+05
  0.3940E+05
  0.4040E+05
  0.4139E+05
  0.4238E+05
  0.4337E+05
  0.4435E+05
  0.4532E+05
  0.4628E+05
  0.4723E+05
  0.4817E+05
  0.4909E+05
  0.5001E+05
  0.5091E+05
  0.5180E+05
  0.5268E+05
  0.5354E+05
  0.5440E+05
  0.5525E+05
  0.5569E+05
