 Longwave spectral wavenumber [cm^-1]
      1.0000
      2.2501
      3.5003
      4.7504
      6.0005
      7.2506
      8.5008
      9.7509
     11.0010
     12.2511
     13.5013
     14.7514
     16.0015
     17.2516
     18.5018
     19.7519
     21.0020
     22.2521
     23.5023
     24.7524
     26.0025
     27.2526
     28.5028
     29.7529
     31.0030
     32.2531
     33.5033
     34.7534
     36.0035
     37.2536
     38.5038
     39.7539
     41.0040
     42.2541
     43.5043
     44.7544
     46.0045
     47.2546
     48.5048
     49.7549
     51.0050
     52.2551
     53.5053
     54.7554
     56.0055
     57.2556
     58.5058
     59.7559
     61.0060
     62.2561
     63.5063
     64.7564
     66.0065
     67.2566
     68.5068
     69.7569
     71.0070
     72.2571
     73.5073
     74.7574
     76.0075
     77.2576
     78.5078
     79.7579
     81.0080
     82.2581
     83.5083
     84.7584
     86.0085
     87.2586
     88.5088
     89.7589
     91.0090
     92.2591
     93.5093
     94.7594
     96.0095
     97.2596
     98.5098
     99.7599
    101.0100
    102.2601
    103.5103
    104.7604
    106.0105
    107.2606
    108.5108
    109.7609
    111.0110
    112.2611
    113.5113
    114.7614
    116.0115
    117.2616
    118.5118
    119.7619
    121.0120
    122.2621
    123.5123
    124.7624
    126.0125
    127.2626
    128.5128
    129.7629
    131.0130
    132.2631
    133.5133
    134.7634
    136.0135
    137.2636
    138.5138
    139.7639
    141.0140
    142.2641
    143.5143
    144.7644
    146.0145
    147.2646
    148.5148
    149.7649
    151.0150
    152.2651
    153.5153
    154.7654
    156.0155
    157.2656
    158.5158
    159.7659
    161.0160
    162.2661
    163.5163
    164.7664
    166.0165
    167.2666
    168.5168
    169.7669
    171.0170
    172.2671
    173.5173
    174.7674
    176.0175
    177.2676
    178.5178
    179.7679
    181.0180
    182.2681
    183.5183
    184.7684
    186.0185
    187.2686
    188.5188
    189.7689
    191.0190
    192.2691
    193.5193
    194.7694
    196.0195
    197.2696
    198.5198
    199.7699
    201.0200
    202.2701
    203.5203
    204.7704
    206.0205
    207.2706
    208.5208
    209.7709
    211.0210
    212.2711
    213.5213
    214.7714
    216.0215
    217.2716
    218.5218
    219.7719
    221.0220
    222.2721
    223.5223
    224.7724
    226.0225
    227.2726
    228.5228
    229.7729
    231.0230
    232.2731
    233.5233
    234.7734
    236.0235
    237.2736
    238.5238
    239.7739
    241.0240
    242.2741
    243.5243
    244.7744
    246.0245
    247.2746
    248.5248
    249.7749
    251.0250
    252.2751
    253.5253
    254.7754
    256.0255
    257.2756
    258.5258
    259.7759
    261.0260
    262.2761
    263.5263
    264.7764
    266.0265
    267.2766
    268.5268
    269.7769
    271.0270
    272.2771
    273.5273
    274.7774
    276.0275
    277.2776
    278.5278
    279.7779
    281.0280
    282.2781
    283.5283
    284.7784
    286.0285
    287.2786
    288.5288
    289.7789
    291.0290
    292.2791
    293.5293
    294.7794
    296.0295
    297.2796
    298.5298
    299.7799
    301.0300
    302.2801
    303.5303
    304.7804
    306.0305
    307.2806
    308.5308
    309.7809
    311.0310
    312.2811
    313.5313
    314.7814
    316.0315
    317.2816
    318.5318
    319.7819
    321.0320
    322.2821
    323.5323
    324.7824
    326.0325
    327.2826
    328.5328
    329.7829
    331.0330
    332.2831
    333.5333
    334.7834
    336.0335
    337.2836
    338.5338
    339.7839
    341.0340
    342.2841
    343.5343
    344.7844
    346.0345
    347.2846
    348.5348
    349.7849
    351.0350
    352.2851
    353.5353
    354.7854
    356.0355
    357.2856
    358.5358
    359.7859
    361.0360
    362.2861
    363.5363
    364.7864
    366.0365
    367.2866
    368.5368
    369.7869
    371.0370
    372.2871
    373.5373
    374.7874
    376.0375
    377.2876
    378.5378
    379.7879
    381.0380
    382.2881
    383.5383
    384.7884
    386.0385
    387.2886
    388.5388
    389.7889
    391.0390
    392.2891
    393.5393
    394.7894
    396.0395
    397.2896
    398.5398
    399.7899
    401.0400
    402.2901
    403.5403
    404.7904
    406.0405
    407.2906
    408.5408
    409.7909
    411.0410
    412.2911
    413.5413
    414.7914
    416.0415
    417.2916
    418.5418
    419.7919
    421.0420
    422.2921
    423.5423
    424.7924
    426.0425
    427.2926
    428.5428
    429.7929
    431.0430
    432.2931
    433.5433
    434.7934
    436.0435
    437.2936
    438.5438
    439.7939
    441.0440
    442.2941
    443.5443
    444.7944
    446.0445
    447.2946
    448.5448
    449.7949
    451.0450
    452.2951
    453.5453
    454.7954
    456.0455
    457.2956
    458.5458
    459.7959
    461.0460
    462.2961
    463.5463
    464.7964
    466.0465
    467.2966
    468.5468
    469.7969
    471.0470
    472.2971
    473.5473
    474.7974
    476.0475
    477.2976
    478.5478
    479.7979
    481.0480
    482.2981
    483.5483
    484.7984
    486.0485
    487.2986
    488.5488
    489.7989
    491.0490
    492.2991
    493.5493
    494.7994
    496.0495
    497.2996
    498.5498
    499.7999
    501.0500
    502.3002
    503.5503
    504.8004
    506.0505
    507.3007
    508.5508
    509.8009
    511.0510
    512.3012
    513.5513
    514.8014
    516.0515
    517.3017
    518.5518
    519.8019
    521.0520
    522.3022
    523.5523
    524.8024
    526.0525
    527.3027
    528.5528
    529.8029
    531.0530
    532.3032
    533.5533
    534.8034
    536.0535
    537.3037
    538.5538
    539.8039
    541.0540
    542.3042
    543.5543
    544.8044
    546.0545
    547.3047
    548.5548
    549.8049
    551.0550
    552.3052
    553.5553
    554.8054
    556.0555
    557.3057
    558.5558
    559.8059
    561.0560
    562.3062
    563.5563
    564.8064
    566.0565
    567.3067
    568.5568
    569.8069
    571.0570
    572.3072
    573.5573
    574.8074
    576.0575
    577.3077
    578.5578
    579.8079
    581.0580
    582.3082
    583.5583
    584.8084
    586.0585
    587.3087
    588.5588
    589.8089
    591.0590
    592.3092
    593.5593
    594.8094
    596.0595
    597.3097
    598.5598
    599.8099
    601.0600
    602.3102
    603.5603
    604.8104
    606.0605
    607.3107
    608.5608
    609.8109
    611.0610
    612.3112
    613.5613
    614.8114
    616.0615
    617.3117
    618.5618
    619.8119
    621.0620
    622.3122
    623.5623
    624.8124
    626.0625
    627.3127
    628.5628
    629.8129
    631.0630
    632.3132
    633.5633
    634.8134
    636.0635
    637.3137
    638.5638
    639.8139
    641.0640
    642.3142
    643.5643
    644.8144
    646.0645
    647.3147
    648.5648
    649.8149
    651.0650
    652.3152
    653.5653
    654.8154
    656.0655
    657.3157
    658.5658
    659.8159
    661.0660
    662.3162
    663.5663
    664.8164
    666.0665
    667.3167
    668.5668
    669.8169
    671.0670
    672.3172
    673.5673
    674.8174
    676.0675
    677.3177
    678.5678
    679.8179
    681.0680
    682.3182
    683.5683
    684.8184
    686.0685
    687.3187
    688.5688
    689.8189
    691.0690
    692.3192
    693.5693
    694.8194
    696.0695
    697.3197
    698.5698
    699.8199
    701.0700
    702.3202
    703.5703
    704.8204
    706.0705
    707.3207
    708.5708
    709.8209
    711.0710
    712.3212
    713.5713
    714.8214
    716.0715
    717.3217
    718.5718
    719.8219
    721.0720
    722.3222
    723.5723
    724.8224
    726.0725
    727.3227
    728.5728
    729.8229
    731.0730
    732.3232
    733.5733
    734.8234
    736.0735
    737.3237
    738.5738
    739.8239
    741.0740
    742.3242
    743.5743
    744.8244
    746.0745
    747.3247
    748.5748
    749.8249
    751.0750
    752.3252
    753.5753
    754.8254
    756.0755
    757.3257
    758.5758
    759.8259
    761.0760
    762.3262
    763.5763
    764.8264
    766.0765
    767.3267
    768.5768
    769.8269
    771.0770
    772.3272
    773.5773
    774.8274
    776.0775
    777.3277
    778.5778
    779.8279
    781.0780
    782.3282
    783.5783
    784.8284
    786.0785
    787.3287
    788.5788
    789.8289
    791.0790
    792.3292
    793.5793
    794.8294
    796.0795
    797.3297
    798.5798
    799.8299
    801.0800
    802.3302
    803.5803
    804.8304
    806.0805
    807.3307
    808.5808
    809.8309
    811.0810
    812.3312
    813.5813
    814.8314
    816.0815
    817.3317
    818.5818
    819.8319
    821.0820
    822.3322
    823.5823
    824.8324
    826.0825
    827.3327
    828.5828
    829.8329
    831.0830
    832.3332
    833.5833
    834.8334
    836.0835
    837.3337
    838.5838
    839.8339
    841.0840
    842.3342
    843.5843
    844.8344
    846.0845
    847.3347
    848.5848
    849.8349
    851.0850
    852.3352
    853.5853
    854.8354
    856.0855
    857.3357
    858.5858
    859.8359
    861.0860
    862.3362
    863.5863
    864.8364
    866.0865
    867.3367
    868.5868
    869.8369
    871.0870
    872.3372
    873.5873
    874.8374
    876.0875
    877.3377
    878.5878
    879.8379
    881.0880
    882.3382
    883.5883
    884.8384
    886.0885
    887.3387
    888.5888
    889.8389
    891.0890
    892.3392
    893.5893
    894.8394
    896.0895
    897.3397
    898.5898
    899.8399
    901.0900
    902.3402
    903.5903
    904.8404
    906.0905
    907.3407
    908.5908
    909.8409
    911.0910
    912.3412
    913.5913
    914.8414
    916.0915
    917.3417
    918.5918
    919.8419
    921.0920
    922.3422
    923.5923
    924.8424
    926.0925
    927.3427
    928.5928
    929.8429
    931.0930
    932.3432
    933.5933
    934.8434
    936.0935
    937.3437
    938.5938
    939.8439
    941.0940
    942.3442
    943.5943
    944.8444
    946.0945
    947.3447
    948.5948
    949.8449
    951.0950
    952.3452
    953.5953
    954.8454
    956.0955
    957.3457
    958.5958
    959.8459
    961.0960
    962.3462
    963.5963
    964.8464
    966.0965
    967.3467
    968.5968
    969.8469
    971.0970
    972.3472
    973.5973
    974.8474
    976.0975
    977.3477
    978.5978
    979.8479
    981.0980
    982.3482
    983.5983
    984.8484
    986.0985
    987.3487
    988.5988
    989.8489
    991.0990
    992.3492
    993.5993
    994.8494
    996.0995
    997.3497
    998.5998
    999.8499
   1001.1001
   1002.3502
   1003.6003
   1004.8504
   1006.1006
   1007.3507
   1008.6008
   1009.8509
   1011.1011
   1012.3512
   1013.6013
   1014.8514
   1016.1016
   1017.3517
   1018.6018
   1019.8519
   1021.1021
   1022.3522
   1023.6023
   1024.8524
   1026.1026
   1027.3527
   1028.6028
   1029.8529
   1031.1031
   1032.3532
   1033.6033
   1034.8534
   1036.1036
   1037.3537
   1038.6038
   1039.8539
   1041.1041
   1042.3542
   1043.6043
   1044.8544
   1046.1046
   1047.3547
   1048.6048
   1049.8549
   1051.1051
   1052.3552
   1053.6053
   1054.8554
   1056.1056
   1057.3557
   1058.6058
   1059.8559
   1061.1061
   1062.3562
   1063.6063
   1064.8564
   1066.1066
   1067.3567
   1068.6068
   1069.8569
   1071.1071
   1072.3572
   1073.6073
   1074.8574
   1076.1076
   1077.3577
   1078.6078
   1079.8579
   1081.1081
   1082.3582
   1083.6083
   1084.8584
   1086.1086
   1087.3587
   1088.6088
   1089.8589
   1091.1091
   1092.3592
   1093.6093
   1094.8594
   1096.1096
   1097.3597
   1098.6098
   1099.8599
   1101.1101
   1102.3602
   1103.6103
   1104.8604
   1106.1106
   1107.3607
   1108.6108
   1109.8609
   1111.1111
   1112.3612
   1113.6113
   1114.8614
   1116.1116
   1117.3617
   1118.6118
   1119.8619
   1121.1121
   1122.3622
   1123.6123
   1124.8624
   1126.1126
   1127.3627
   1128.6128
   1129.8629
   1131.1131
   1132.3632
   1133.6133
   1134.8634
   1136.1136
   1137.3637
   1138.6138
   1139.8639
   1141.1141
   1142.3642
   1143.6143
   1144.8644
   1146.1146
   1147.3647
   1148.6148
   1149.8649
   1151.1151
   1152.3652
   1153.6153
   1154.8654
   1156.1156
   1157.3657
   1158.6158
   1159.8659
   1161.1161
   1162.3662
   1163.6163
   1164.8664
   1166.1166
   1167.3667
   1168.6168
   1169.8669
   1171.1171
   1172.3672
   1173.6173
   1174.8674
   1176.1176
   1177.3677
   1178.6178
   1179.8679
   1181.1181
   1182.3682
   1183.6183
   1184.8684
   1186.1186
   1187.3687
   1188.6188
   1189.8689
   1191.1191
   1192.3692
   1193.6193
   1194.8694
   1196.1196
   1197.3697
   1198.6198
   1199.8699
   1201.1201
   1202.3702
   1203.6203
   1204.8704
   1206.1206
   1207.3707
   1208.6208
   1209.8709
   1211.1211
   1212.3712
   1213.6213
   1214.8714
   1216.1216
   1217.3717
   1218.6218
   1219.8719
   1221.1221
   1222.3722
   1223.6223
   1224.8724
   1226.1226
   1227.3727
   1228.6228
   1229.8729
   1231.1231
   1232.3732
   1233.6233
   1234.8734
   1236.1236
   1237.3737
   1238.6238
   1239.8739
   1241.1241
   1242.3742
   1243.6243
   1244.8744
   1246.1246
   1247.3747
   1248.6248
   1249.8749
   1251.1251
   1252.3752
   1253.6253
   1254.8754
   1256.1256
   1257.3757
   1258.6258
   1259.8759
   1261.1261
   1262.3762
   1263.6263
   1264.8764
   1266.1266
   1267.3767
   1268.6268
   1269.8769
   1271.1271
   1272.3772
   1273.6273
   1274.8774
   1276.1276
   1277.3777
   1278.6278
   1279.8779
   1281.1281
   1282.3782
   1283.6283
   1284.8784
   1286.1286
   1287.3787
   1288.6288
   1289.8789
   1291.1291
   1292.3792
   1293.6293
   1294.8794
   1296.1296
   1297.3797
   1298.6298
   1299.8799
   1301.1301
   1302.3802
   1303.6303
   1304.8804
   1306.1306
   1307.3807
   1308.6308
   1309.8809
   1311.1311
   1312.3812
   1313.6313
   1314.8814
   1316.1316
   1317.3817
   1318.6318
   1319.8819
   1321.1321
   1322.3822
   1323.6323
   1324.8824
   1326.1326
   1327.3827
   1328.6328
   1329.8829
   1331.1331
   1332.3832
   1333.6333
   1334.8834
   1336.1336
   1337.3837
   1338.6338
   1339.8839
   1341.1341
   1342.3842
   1343.6343
   1344.8844
   1346.1346
   1347.3847
   1348.6348
   1349.8849
   1351.1351
   1352.3852
   1353.6353
   1354.8854
   1356.1356
   1357.3857
   1358.6358
   1359.8859
   1361.1361
   1362.3862
   1363.6363
   1364.8864
   1366.1366
   1367.3867
   1368.6368
   1369.8869
   1371.1371
   1372.3872
   1373.6373
   1374.8874
   1376.1376
   1377.3877
   1378.6378
   1379.8879
   1381.1381
   1382.3882
   1383.6383
   1384.8884
   1386.1386
   1387.3887
   1388.6388
   1389.8889
   1391.1391
   1392.3892
   1393.6393
   1394.8894
   1396.1396
   1397.3897
   1398.6398
   1399.8899
   1401.1401
   1402.3902
   1403.6403
   1404.8904
   1406.1406
   1407.3907
   1408.6408
   1409.8909
   1411.1411
   1412.3912
   1413.6413
   1414.8914
   1416.1416
   1417.3917
   1418.6418
   1419.8919
   1421.1421
   1422.3922
   1423.6423
   1424.8924
   1426.1426
   1427.3927
   1428.6428
   1429.8929
   1431.1431
   1432.3932
   1433.6433
   1434.8934
   1436.1436
   1437.3937
   1438.6438
   1439.8939
   1441.1441
   1442.3942
   1443.6443
   1444.8944
   1446.1446
   1447.3947
   1448.6448
   1449.8949
   1451.1451
   1452.3952
   1453.6453
   1454.8954
   1456.1456
   1457.3957
   1458.6458
   1459.8959
   1461.1461
   1462.3962
   1463.6463
   1464.8964
   1466.1466
   1467.3967
   1468.6468
   1469.8969
   1471.1471
   1472.3972
   1473.6473
   1474.8974
   1476.1476
   1477.3977
   1478.6478
   1479.8979
   1481.1481
   1482.3982
   1483.6483
   1484.8984
   1486.1486
   1487.3987
   1488.6488
   1489.8989
   1491.1491
   1492.3992
   1493.6493
   1494.8994
   1496.1496
   1497.3997
   1498.6498
   1499.8999
   1501.1501
   1502.4002
   1503.6503
   1504.9005
   1506.1506
   1507.4007
   1508.6508
   1509.9010
   1511.1511
   1512.4012
   1513.6513
   1514.9015
   1516.1516
   1517.4017
   1518.6518
   1519.9020
   1521.1521
   1522.4022
   1523.6523
   1524.9025
   1526.1526
   1527.4027
   1528.6528
   1529.9030
   1531.1531
   1532.4032
   1533.6533
   1534.9035
   1536.1536
   1537.4037
   1538.6538
   1539.9040
   1541.1541
   1542.4042
   1543.6543
   1544.9045
   1546.1546
   1547.4047
   1548.6548
   1549.9050
   1551.1551
   1552.4052
   1553.6553
   1554.9055
   1556.1556
   1557.4057
   1558.6558
   1559.9060
   1561.1561
   1562.4062
   1563.6563
   1564.9065
   1566.1566
   1567.4067
   1568.6568
   1569.9070
   1571.1571
   1572.4072
   1573.6573
   1574.9075
   1576.1576
   1577.4077
   1578.6578
   1579.9080
   1581.1581
   1582.4082
   1583.6583
   1584.9085
   1586.1586
   1587.4087
   1588.6588
   1589.9090
   1591.1591
   1592.4092
   1593.6593
   1594.9095
   1596.1596
   1597.4097
   1598.6598
   1599.9100
   1601.1601
   1602.4102
   1603.6603
   1604.9105
   1606.1606
   1607.4107
   1608.6608
   1609.9110
   1611.1611
   1612.4112
   1613.6613
   1614.9115
   1616.1616
   1617.4117
   1618.6618
   1619.9120
   1621.1621
   1622.4122
   1623.6623
   1624.9125
   1626.1626
   1627.4127
   1628.6628
   1629.9130
   1631.1631
   1632.4132
   1633.6633
   1634.9135
   1636.1636
   1637.4137
   1638.6638
   1639.9140
   1641.1641
   1642.4142
   1643.6643
   1644.9145
   1646.1646
   1647.4147
   1648.6648
   1649.9150
   1651.1651
   1652.4152
   1653.6653
   1654.9155
   1656.1656
   1657.4157
   1658.6658
   1659.9160
   1661.1661
   1662.4162
   1663.6663
   1664.9165
   1666.1666
   1667.4167
   1668.6668
   1669.9170
   1671.1671
   1672.4172
   1673.6673
   1674.9175
   1676.1676
   1677.4177
   1678.6678
   1679.9180
   1681.1681
   1682.4182
   1683.6683
   1684.9185
   1686.1686
   1687.4187
   1688.6688
   1689.9190
   1691.1691
   1692.4192
   1693.6693
   1694.9195
   1696.1696
   1697.4197
   1698.6698
   1699.9200
   1701.1701
   1702.4202
   1703.6703
   1704.9205
   1706.1706
   1707.4207
   1708.6708
   1709.9210
   1711.1711
   1712.4212
   1713.6713
   1714.9215
   1716.1716
   1717.4217
   1718.6718
   1719.9220
   1721.1721
   1722.4222
   1723.6723
   1724.9225
   1726.1726
   1727.4227
   1728.6728
   1729.9230
   1731.1731
   1732.4232
   1733.6733
   1734.9235
   1736.1736
   1737.4237
   1738.6738
   1739.9240
   1741.1741
   1742.4242
   1743.6743
   1744.9245
   1746.1746
   1747.4247
   1748.6748
   1749.9250
   1751.1751
   1752.4252
   1753.6753
   1754.9255
   1756.1756
   1757.4257
   1758.6758
   1759.9260
   1761.1761
   1762.4262
   1763.6763
   1764.9265
   1766.1766
   1767.4267
   1768.6768
   1769.9270
   1771.1771
   1772.4272
   1773.6773
   1774.9275
   1776.1776
   1777.4277
   1778.6778
   1779.9280
   1781.1781
   1782.4282
   1783.6783
   1784.9285
   1786.1786
   1787.4287
   1788.6788
   1789.9290
   1791.1791
   1792.4292
   1793.6793
   1794.9295
   1796.1796
   1797.4297
   1798.6798
   1799.9300
   1801.1801
   1802.4302
   1803.6803
   1804.9305
   1806.1806
   1807.4307
   1808.6808
   1809.9310
   1811.1811
   1812.4312
   1813.6813
   1814.9315
   1816.1816
   1817.4317
   1818.6818
   1819.9320
   1821.1821
   1822.4322
   1823.6823
   1824.9325
   1826.1826
   1827.4327
   1828.6828
   1829.9330
   1831.1831
   1832.4332
   1833.6833
   1834.9335
   1836.1836
   1837.4337
   1838.6838
   1839.9340
   1841.1841
   1842.4342
   1843.6843
   1844.9345
   1846.1846
   1847.4347
   1848.6848
   1849.9350
   1851.1851
   1852.4352
   1853.6853
   1854.9355
   1856.1856
   1857.4357
   1858.6858
   1859.9360
   1861.1861
   1862.4362
   1863.6863
   1864.9365
   1866.1866
   1867.4367
   1868.6868
   1869.9370
   1871.1871
   1872.4372
   1873.6873
   1874.9375
   1876.1876
   1877.4377
   1878.6878
   1879.9380
   1881.1881
   1882.4382
   1883.6883
   1884.9385
   1886.1886
   1887.4387
   1888.6888
   1889.9390
   1891.1891
   1892.4392
   1893.6893
   1894.9395
   1896.1896
   1897.4397
   1898.6898
   1899.9400
   1901.1901
   1902.4402
   1903.6903
   1904.9405
   1906.1906
   1907.4407
   1908.6908
   1909.9410
   1911.1911
   1912.4412
   1913.6913
   1914.9415
   1916.1916
   1917.4417
   1918.6918
   1919.9420
   1921.1921
   1922.4422
   1923.6923
   1924.9425
   1926.1926
   1927.4427
   1928.6928
   1929.9430
   1931.1931
   1932.4432
   1933.6933
   1934.9435
   1936.1936
   1937.4437
   1938.6938
   1939.9440
   1941.1941
   1942.4442
   1943.6943
   1944.9445
   1946.1946
   1947.4447
   1948.6948
   1949.9450
   1951.1951
   1952.4452
   1953.6953
   1954.9455
   1956.1956
   1957.4457
   1958.6958
   1959.9460
   1961.1961
   1962.4462
   1963.6963
   1964.9465
   1966.1966
   1967.4467
   1968.6968
   1969.9470
   1971.1971
   1972.4472
   1973.6973
   1974.9475
   1976.1976
   1977.4477
   1978.6978
   1979.9480
   1981.1981
   1982.4482
   1983.6983
   1984.9485
   1986.1986
   1987.4487
   1988.6988
   1989.9490
   1991.1991
   1992.4492
   1993.6993
   1994.9495
   1996.1996
   1997.4497
   1998.6998
   1999.9500
   2001.2001
   2002.4502
   2003.7004
   2004.9505
   2006.2006
   2007.4507
   2008.7009
   2009.9510
   2011.2011
   2012.4512
   2013.7014
   2014.9515
   2016.2016
   2017.4517
   2018.7019
   2019.9520
   2021.2021
   2022.4522
   2023.7024
   2024.9525
   2026.2026
   2027.4527
   2028.7029
   2029.9530
   2031.2031
   2032.4532
   2033.7034
   2034.9535
   2036.2036
   2037.4537
   2038.7039
   2039.9540
   2041.2041
   2042.4542
   2043.7044
   2044.9545
   2046.2046
   2047.4547
   2048.7049
   2049.9550
   2051.2051
   2052.4552
   2053.7054
   2054.9555
   2056.2056
   2057.4557
   2058.7059
   2059.9560
   2061.2061
   2062.4562
   2063.7064
   2064.9565
   2066.2066
   2067.4567
   2068.7069
   2069.9570
   2071.2071
   2072.4572
   2073.7074
   2074.9575
   2076.2076
   2077.4577
   2078.7079
   2079.9580
   2081.2081
   2082.4582
   2083.7084
   2084.9585
   2086.2086
   2087.4587
   2088.7089
   2089.9590
   2091.2091
   2092.4592
   2093.7094
   2094.9595
   2096.2096
   2097.4597
   2098.7099
   2099.9600
   2101.2101
   2102.4602
   2103.7104
   2104.9605
   2106.2106
   2107.4607
   2108.7109
   2109.9610
   2111.2111
   2112.4612
   2113.7114
   2114.9615
   2116.2116
   2117.4617
   2118.7119
   2119.9620
   2121.2121
   2122.4622
   2123.7124
   2124.9625
   2126.2126
   2127.4627
   2128.7129
   2129.9630
   2131.2131
   2132.4632
   2133.7134
   2134.9635
   2136.2136
   2137.4637
   2138.7139
   2139.9640
   2141.2141
   2142.4642
   2143.7144
   2144.9645
   2146.2146
   2147.4647
   2148.7149
   2149.9650
   2151.2151
   2152.4652
   2153.7154
   2154.9655
   2156.2156
   2157.4657
   2158.7159
   2159.9660
   2161.2161
   2162.4662
   2163.7164
   2164.9665
   2166.2166
   2167.4667
   2168.7169
   2169.9670
   2171.2171
   2172.4672
   2173.7174
   2174.9675
   2176.2176
   2177.4677
   2178.7179
   2179.9680
   2181.2181
   2182.4682
   2183.7184
   2184.9685
   2186.2186
   2187.4687
   2188.7189
   2189.9690
   2191.2191
   2192.4692
   2193.7194
   2194.9695
   2196.2196
   2197.4697
   2198.7199
   2199.9700
   2201.2201
   2202.4702
   2203.7204
   2204.9705
   2206.2206
   2207.4707
   2208.7209
   2209.9710
   2211.2211
   2212.4712
   2213.7214
   2214.9715
   2216.2216
   2217.4717
   2218.7219
   2219.9720
   2221.2221
   2222.4722
   2223.7224
   2224.9725
   2226.2226
   2227.4727
   2228.7229
   2229.9730
   2231.2231
   2232.4732
   2233.7234
   2234.9735
   2236.2236
   2237.4737
   2238.7239
   2239.9740
   2241.2241
   2242.4742
   2243.7244
   2244.9745
   2246.2246
   2247.4747
   2248.7249
   2249.9750
   2251.2251
   2252.4752
   2253.7254
   2254.9755
   2256.2256
   2257.4757
   2258.7259
   2259.9760
   2261.2261
   2262.4762
   2263.7264
   2264.9765
   2266.2266
   2267.4767
   2268.7269
   2269.9770
   2271.2271
   2272.4772
   2273.7274
   2274.9775
   2276.2276
   2277.4777
   2278.7279
   2279.9780
   2281.2281
   2282.4782
   2283.7284
   2284.9785
   2286.2286
   2287.4787
   2288.7289
   2289.9790
   2291.2291
   2292.4792
   2293.7294
   2294.9795
   2296.2296
   2297.4797
   2298.7299
   2299.9800
   2301.2301
   2302.4802
   2303.7304
   2304.9805
   2306.2306
   2307.4807
   2308.7309
   2309.9810
   2311.2311
   2312.4812
   2313.7314
   2314.9815
   2316.2316
   2317.4817
   2318.7319
   2319.9820
   2321.2321
   2322.4822
   2323.7324
   2324.9825
   2326.2326
   2327.4827
   2328.7329
   2329.9830
   2331.2331
   2332.4832
   2333.7334
   2334.9835
   2336.2336
   2337.4837
   2338.7339
   2339.9840
   2341.2341
   2342.4842
   2343.7344
   2344.9845
   2346.2346
   2347.4847
   2348.7349
   2349.9850
   2351.2351
   2352.4852
   2353.7354
   2354.9855
   2356.2356
   2357.4857
   2358.7359
   2359.9860
   2361.2361
   2362.4862
   2363.7364
   2364.9865
   2366.2366
   2367.4867
   2368.7369
   2369.9870
   2371.2371
   2372.4872
   2373.7374
   2374.9875
   2376.2376
   2377.4877
   2378.7379
   2379.9880
   2381.2381
   2382.4882
   2383.7384
   2384.9885
   2386.2386
   2387.4887
   2388.7389
   2389.9890
   2391.2391
   2392.4892
   2393.7394
   2394.9895
   2396.2396
   2397.4897
   2398.7399
   2399.9900
   2401.2401
   2402.4902
   2403.7404
   2404.9905
   2406.2406
   2407.4907
   2408.7409
   2409.9910
   2411.2411
   2412.4912
   2413.7414
   2414.9915
   2416.2416
   2417.4917
   2418.7419
   2419.9920
   2421.2421
   2422.4922
   2423.7424
   2424.9925
   2426.2426
   2427.4927
   2428.7429
   2429.9930
   2431.2431
   2432.4932
   2433.7434
   2434.9935
   2436.2436
   2437.4937
   2438.7439
   2439.9940
   2441.2441
   2442.4942
   2443.7444
   2444.9945
   2446.2446
   2447.4947
   2448.7449
   2449.9950
   2451.2451
   2452.4952
   2453.7454
   2454.9955
   2456.2456
   2457.4957
   2458.7459
   2459.9960
   2461.2461
   2462.4962
   2463.7464
   2464.9965
   2466.2466
   2467.4967
   2468.7469
   2469.9970
   2471.2471
   2472.4972
   2473.7474
   2474.9975
   2476.2476
   2477.4977
   2478.7479
   2479.9980
   2481.2481
   2482.4982
   2483.7484
   2484.9985
   2486.2486
   2487.4987
   2488.7489
   2489.9990
   2491.2491
   2492.4992
   2493.7494
   2494.9995
   2496.2496
   2497.4997
   2498.7499
   2500.0000
