 Spectral outgoing longwave flux [W/m2/cm^-1]
  0.6027E-05
  0.3036E-04
  0.7308E-04
  0.1338E-03
  0.2115E-03
  0.3078E-03
  0.4201E-03
  0.5488E-03
  0.6917E-03
  0.8507E-03
  0.1027E-02
  0.1204E-02
  0.1414E-02
  0.1612E-02
  0.1538E-02
  0.2074E-02
  0.2358E-02
  0.2634E-02
  0.2902E-02
  0.2991E-02
  0.3457E-02
  0.3818E-02
  0.4146E-02
  0.4470E-02
  0.4792E-02
  0.5017E-02
  0.5381E-02
  0.5794E-02
  0.5913E-02
  0.5891E-02
  0.6170E-02
  0.7118E-02
  0.6591E-02
  0.8171E-02
  0.8636E-02
  0.9069E-02
  0.9429E-02
  0.9413E-02
  0.1036E-01
  0.1083E-01
  0.1131E-01
  0.1172E-01
  0.1126E-01
  0.1225E-01
  0.1224E-01
  0.1116E-01
  0.1395E-01
  0.1430E-01
  0.1521E-01
  0.1465E-01
  0.1608E-01
  0.1675E-01
  0.1744E-01
  0.1768E-01
  0.1836E-01
  0.1899E-01
  0.1951E-01
  0.1826E-01
  0.2007E-01
  0.2103E-01
  0.2162E-01
  0.2246E-01
  0.2289E-01
  0.2044E-01
  0.2407E-01
  0.2359E-01
  0.2569E-01
  0.2635E-01
  0.2685E-01
  0.2694E-01
  0.2697E-01
  0.2823E-01
  0.2925E-01
  0.2795E-01
  0.3024E-01
  0.3145E-01
  0.3072E-01
  0.3283E-01
  0.3256E-01
  0.3324E-01
  0.3388E-01
  0.3556E-01
  0.3625E-01
  0.3510E-01
  0.3701E-01
  0.3846E-01
  0.3953E-01
  0.4012E-01
  0.3702E-01
  0.4153E-01
  0.4271E-01
  0.4357E-01
  0.4429E-01
  0.4483E-01
  0.4541E-01
  0.4473E-01
  0.4609E-01
  0.4538E-01
  0.4829E-01
  0.4919E-01
  0.4885E-01
  0.4648E-01
  0.5048E-01
  0.5250E-01
  0.5253E-01
  0.4987E-01
  0.5181E-01
  0.5567E-01
  0.5674E-01
  0.5752E-01
  0.5610E-01
  0.5089E-01
  0.5677E-01
  0.6090E-01
  0.6229E-01
  0.6309E-01
  0.6365E-01
  0.6262E-01
  0.6032E-01
  0.6031E-01
  0.5975E-01
  0.6494E-01
  0.5850E-01
  0.6855E-01
  0.6991E-01
  0.6823E-01
  0.7015E-01
  0.7351E-01
  0.7516E-01
  0.7605E-01
  0.7681E-01
  0.7795E-01
  0.7577E-01
  0.7687E-01
  0.7308E-01
  0.7195E-01
  0.7316E-01
  0.7913E-01
  0.6228E-01
  0.8221E-01
  0.6954E-01
  0.7456E-01
  0.8175E-01
  0.8756E-01
  0.8409E-01
  0.8900E-01
  0.7900E-01
  0.9164E-01
  0.9326E-01
  0.9046E-01
  0.8381E-01
  0.9551E-01
  0.9841E-01
  0.9881E-01
  0.8354E-01
  0.9555E-01
  0.9594E-01
  0.9551E-01
  0.1011E+00
  0.9936E-01
  0.9530E-01
  0.8441E-01
  0.9018E-01
  0.9915E-01
  0.1025E+00
  0.9910E-01
  0.8145E-01
  0.1023E+00
  0.1033E+00
  0.1067E+00
  0.1049E+00
  0.1021E+00
  0.1157E+00
  0.1183E+00
  0.1187E+00
  0.1164E+00
  0.1055E+00
  0.1051E+00
  0.1033E+00
  0.1136E+00
  0.9945E-01
  0.1021E+00
  0.1055E+00
  0.1178E+00
  0.1187E+00
  0.1238E+00
  0.1204E+00
  0.1330E+00
  0.1348E+00
  0.1361E+00
  0.1371E+00
  0.1377E+00
  0.1376E+00
  0.1365E+00
  0.1318E+00
  0.1196E+00
  0.1123E+00
  0.1164E+00
  0.1166E+00
  0.1288E+00
  0.1156E+00
  0.1279E+00
  0.1107E+00
  0.1200E+00
  0.1267E+00
  0.1401E+00
  0.1471E+00
  0.1504E+00
  0.1524E+00
  0.1534E+00
  0.1511E+00
  0.1507E+00
  0.1206E+00
  0.1489E+00
  0.1568E+00
  0.1588E+00
  0.1594E+00
  0.1588E+00
  0.1581E+00
  0.1535E+00
  0.1186E+00
  0.1359E+00
  0.1022E+00
  0.1375E+00
  0.1384E+00
  0.1049E+00
  0.1423E+00
  0.1416E+00
  0.1622E+00
  0.1627E+00
  0.1493E+00
  0.1311E+00
  0.1531E+00
  0.1695E+00
  0.1729E+00
  0.1740E+00
  0.1744E+00
  0.1739E+00
  0.1457E+00
  0.1687E+00
  0.1569E+00
  0.1407E+00
  0.1374E+00
  0.1594E+00
  0.1678E+00
  0.1795E+00
  0.1813E+00
  0.1782E+00
  0.1841E+00
  0.1842E+00
  0.1814E+00
  0.1259E+00
  0.1788E+00
  0.1862E+00
  0.1875E+00
  0.1870E+00
  0.1838E+00
  0.1737E+00
  0.1226E+00
  0.1644E+00
  0.1750E+00
  0.1450E+00
  0.1611E+00
  0.1851E+00
  0.1904E+00
  0.1914E+00
  0.1865E+00
  0.1471E+00
  0.1756E+00
  0.1915E+00
  0.1952E+00
  0.1886E+00
  0.1788E+00
  0.1946E+00
  0.1816E+00
  0.1988E+00
  0.1889E+00
  0.1990E+00
  0.1899E+00
  0.1271E+00
  0.1801E+00
  0.1662E+00
  0.1780E+00
  0.1582E+00
  0.1925E+00
  0.1154E+00
  0.1504E+00
  0.2031E+00
  0.2060E+00
  0.2068E+00
  0.2078E+00
  0.2085E+00
  0.2089E+00
  0.2087E+00
  0.2060E+00
  0.1623E+00
  0.2040E+00
  0.2076E+00
  0.2022E+00
  0.1726E+00
  0.1681E+00
  0.2074E+00
  0.1787E+00
  0.2125E+00
  0.2119E+00
  0.2126E+00
  0.1996E+00
  0.1388E+00
  0.2019E+00
  0.2134E+00
  0.2149E+00
  0.2105E+00
  0.2156E+00
  0.2152E+00
  0.2103E+00
  0.2059E+00
  0.1884E+00
  0.1336E+00
  0.1968E+00
  0.2061E+00
  0.2137E+00
  0.2174E+00
  0.2183E+00
  0.2186E+00
  0.2189E+00
  0.2193E+00
  0.2196E+00
  0.2197E+00
  0.2199E+00
  0.2198E+00
  0.2197E+00
  0.2179E+00
  0.2176E+00
  0.2069E+00
  0.1326E+00
  0.1376E+00
  0.2104E+00
  0.2161E+00
  0.2149E+00
  0.2186E+00
  0.2154E+00
  0.2212E+00
  0.2216E+00
  0.2216E+00
  0.1814E+00
  0.2216E+00
  0.2224E+00
  0.1945E+00
  0.2204E+00
  0.2224E+00
  0.2228E+00
  0.2224E+00
  0.2187E+00
  0.1895E+00
  0.2066E+00
  0.2225E+00
  0.2220E+00
  0.2210E+00
  0.2234E+00
  0.2229E+00
  0.2231E+00
  0.2206E+00
  0.2211E+00
  0.2222E+00
  0.2194E+00
  0.1958E+00
  0.2091E+00
  0.2213E+00
  0.2221E+00
  0.2231E+00
  0.2216E+00
  0.2235E+00
  0.2229E+00
  0.2229E+00
  0.2215E+00
  0.2225E+00
  0.2203E+00
  0.1702E+00
  0.2126E+00
  0.2223E+00
  0.2227E+00
  0.2230E+00
  0.2231E+00
  0.2230E+00
  0.2110E+00
  0.2220E+00
  0.2107E+00
  0.2188E+00
  0.2163E+00
  0.2224E+00
  0.2225E+00
  0.2222E+00
  0.2213E+00
  0.2106E+00
  0.2218E+00
  0.2220E+00
  0.2219E+00
  0.2213E+00
  0.2215E+00
  0.2208E+00
  0.2199E+00
  0.1463E+00
  0.2189E+00
  0.2200E+00
  0.2181E+00
  0.2084E+00
  0.2146E+00
  0.2192E+00
  0.2186E+00
  0.2173E+00
  0.2192E+00
  0.2188E+00
  0.2166E+00
  0.2111E+00
  0.2146E+00
  0.1889E+00
  0.2155E+00
  0.2174E+00
  0.2172E+00
  0.2147E+00
  0.1577E+00
  0.1871E+00
  0.2131E+00
  0.2152E+00
  0.2155E+00
  0.2135E+00
  0.1894E+00
  0.2063E+00
  0.2012E+00
  0.2139E+00
  0.2136E+00
  0.2078E+00
  0.1898E+00
  0.2114E+00
  0.2051E+00
  0.1205E+00
  0.1658E+00
  0.1982E+00
  0.2082E+00
  0.1549E+00
  0.2051E+00
  0.2053E+00
  0.2079E+00
  0.1988E+00
  0.1655E+00
  0.2015E+00
  0.2056E+00
  0.1977E+00
  0.1729E+00
  0.1954E+00
  0.1833E+00
  0.1879E+00
  0.1763E+00
  0.1587E+00
  0.1793E+00
  0.1500E+00
  0.1748E+00
  0.1569E+00
  0.1719E+00
  0.1292E+00
  0.1070E+00
  0.1600E+00
  0.1550E+00
  0.1175E+00
  0.1112E+00
  0.1145E+00
  0.1258E+00
  0.1261E+00
  0.1093E+00
  0.7645E-01
  0.1066E+00
  0.1120E+00
  0.9789E-01
  0.9629E-01
  0.8601E-01
  0.9577E-01
  0.9444E-01
  0.8130E-01
  0.8410E-01
  0.8333E-01
  0.8018E-01
  0.9284E-01
  0.8791E-01
  0.7620E-01
  0.8035E-01
  0.8146E-01
  0.8796E-01
  0.8366E-01
  0.7120E-01
  0.7843E-01
  0.8362E-01
  0.8009E-01
  0.7913E-01
  0.4380E-01
  0.7444E-01
  0.7962E-01
  0.7174E-01
  0.6793E-01
  0.7297E-01
  0.7654E-01
  0.7342E-01
  0.6425E-01
  0.6283E-01
  0.6213E-01
  0.6709E-01
  0.6331E-01
  0.5364E-01
  0.5666E-01
  0.2582E-01
  0.5887E-01
  0.5590E-01
  0.2501E-01
  0.5162E-01
  0.3699E-01
  0.4491E-01
  0.4838E-01
  0.3536E-01
  0.2105E-01
  0.1724E-01
  0.8127E-02
  0.3671E-01
  0.3095E-01
  0.1987E-01
  0.2328E-01
  0.3136E-01
  0.3240E-01
  0.2970E-01
  0.2228E-01
  0.1746E-01
  0.2497E-01
  0.3094E-01
  0.1567E-01
  0.1278E-01
  0.1353E-01
  0.1807E-01
  0.1534E-01
  0.2125E-01
  0.2696E-01
  0.2764E-01
  0.2303E-01
  0.1331E-01
  0.2175E-01
  0.2848E-01
  0.2906E-01
  0.2280E-01
  0.1344E-01
  0.2837E-01
  0.3215E-01
  0.3287E-01
  0.2308E-01
  0.2649E-01
  0.3900E-01
  0.4149E-01
  0.3839E-01
  0.1341E-01
  0.4480E-01
  0.4915E-01
  0.4926E-01
  0.4137E-01
  0.4941E-01
  0.5225E-01
  0.5407E-01
  0.5304E-01
  0.5158E-01
  0.5654E-01
  0.5270E-01
  0.5762E-01
  0.5099E-01
  0.5703E-01
  0.5429E-01
  0.5438E-01
  0.5620E-01
  0.5286E-01
  0.5984E-01
  0.5265E-01
  0.4168E-01
  0.4865E-01
  0.5046E-01
  0.5917E-01
  0.6173E-01
  0.6189E-01
  0.5664E-01
  0.2188E-01
  0.5532E-01
  0.5986E-01
  0.5124E-01
  0.5715E-01
  0.4958E-01
  0.5200E-01
  0.5916E-01
  0.5702E-01
  0.5696E-01
  0.5578E-01
  0.3627E-01
  0.5826E-01
  0.6345E-01
  0.6821E-01
  0.6671E-01
  0.6049E-01
  0.4737E-01
  0.5672E-01
  0.7446E-01
  0.8144E-01
  0.7745E-01
  0.6444E-01
  0.5465E-01
  0.7702E-01
  0.9907E-01
  0.1077E+00
  0.1100E+00
  0.9266E-01
  0.6945E-01
  0.8184E-01
  0.1191E+00
  0.1280E+00
  0.1155E+00
  0.7867E-01
  0.1246E+00
  0.1103E+00
  0.1356E+00
  0.1287E+00
  0.7869E-01
  0.1052E+00
  0.1328E+00
  0.1326E+00
  0.1256E+00
  0.8233E-01
  0.1309E+00
  0.1297E+00
  0.1312E+00
  0.1308E+00
  0.1167E+00
  0.9355E-01
  0.6655E-01
  0.1137E+00
  0.1301E+00
  0.1306E+00
  0.1292E+00
  0.9391E-01
  0.1133E+00
  0.1288E+00
  0.1306E+00
  0.1262E+00
  0.9691E-01
  0.1093E+00
  0.1280E+00
  0.1296E+00
  0.1274E+00
  0.1094E+00
  0.1116E+00
  0.1280E+00
  0.1293E+00
  0.1285E+00
  0.1202E+00
  0.1176E+00
  0.1278E+00
  0.1286E+00
  0.1282E+00
  0.1250E+00
  0.1234E+00
  0.1273E+00
  0.1268E+00
  0.1174E+00
  0.1239E+00
  0.1250E+00
  0.1254E+00
  0.1250E+00
  0.1248E+00
  0.1233E+00
  0.1239E+00
  0.1234E+00
  0.1225E+00
  0.1223E+00
  0.1222E+00
  0.1219E+00
  0.1215E+00
  0.1208E+00
  0.1206E+00
  0.1204E+00
  0.1196E+00
  0.1195E+00
  0.1183E+00
  0.1188E+00
  0.1184E+00
  0.1173E+00
  0.1169E+00
  0.1169E+00
  0.1169E+00
  0.1164E+00
  0.1156E+00
  0.1144E+00
  0.1146E+00
  0.1149E+00
  0.1145E+00
  0.1141E+00
  0.1137E+00
  0.1132E+00
  0.1128E+00
  0.1125E+00
  0.1122E+00
  0.1117E+00
  0.1113E+00
  0.1105E+00
  0.1106E+00
  0.1101E+00
  0.1090E+00
  0.1093E+00
  0.1087E+00
  0.1068E+00
  0.1081E+00
  0.1076E+00
  0.1065E+00
  0.1067E+00
  0.1066E+00
  0.1060E+00
  0.1056E+00
  0.1055E+00
  0.1050E+00
  0.1017E+00
  0.1043E+00
  0.1036E+00
  0.1026E+00
  0.1025E+00
  0.1013E+00
  0.1016E+00
  0.1018E+00
  0.9933E-01
  0.1008E+00
  0.1007E+00
  0.9933E-01
  0.9988E-01
  0.9368E-01
  0.9913E-01
  0.9248E-01
  0.9579E-01
  0.9641E-01
  0.9690E-01
  0.9419E-01
  0.9665E-01
  0.9024E-01
  0.9564E-01
  0.9115E-01
  0.9214E-01
  0.9411E-01
  0.7620E-01
  0.9242E-01
  0.9265E-01
  0.5590E-01
  0.8647E-01
  0.8999E-01
  0.6191E-01
  0.8987E-01
  0.8804E-01
  0.4057E-01
  0.8751E-01
  0.8732E-01
  0.5706E-01
  0.8303E-01
  0.8622E-01
  0.8130E-01
  0.5088E-01
  0.8433E-01
  0.8502E-01
  0.7853E-01
  0.5440E-01
  0.8434E-01
  0.8520E-01
  0.8515E-01
  0.8592E-01
  0.8523E-01
  0.8171E-01
  0.5177E-01
  0.6357E-01
  0.7712E-01
  0.7947E-01
  0.7917E-01
  0.7836E-01
  0.7618E-01
  0.7259E-01
  0.6751E-01
  0.6176E-01
  0.5773E-01
  0.5802E-01
  0.6305E-01
  0.6984E-01
  0.7490E-01
  0.7765E-01
  0.7849E-01
  0.7903E-01
  0.7831E-01
  0.6808E-01
  0.7813E-01
  0.7752E-01
  0.7806E-01
  0.7831E-01
  0.7784E-01
  0.7778E-01
  0.7750E-01
  0.7708E-01
  0.7704E-01
  0.7669E-01
  0.7586E-01
  0.7610E-01
  0.7578E-01
  0.7334E-01
  0.7515E-01
  0.7486E-01
  0.7433E-01
  0.7357E-01
  0.7213E-01
  0.7367E-01
  0.7315E-01
  0.7226E-01
  0.7271E-01
  0.7200E-01
  0.7181E-01
  0.6179E-01
  0.7142E-01
  0.7056E-01
  0.7030E-01
  0.7017E-01
  0.4520E-01
  0.6855E-01
  0.6498E-01
  0.6452E-01
  0.6563E-01
  0.5141E-01
  0.6359E-01
  0.6598E-01
  0.3881E-01
  0.6540E-01
  0.6338E-01
  0.4911E-01
  0.6355E-01
  0.6061E-01
  0.4410E-01
  0.6214E-01
  0.5967E-01
  0.2376E-01
  0.5947E-01
  0.5951E-01
  0.3833E-01
  0.5197E-01
  0.5926E-01
  0.5636E-01
  0.2338E-01
  0.5428E-01
  0.5721E-01
  0.5828E-01
  0.5347E-01
  0.6039E-01
  0.5895E-01
  0.3286E-01
  0.4452E-01
  0.5375E-01
  0.5506E-01
  0.5437E-01
  0.5267E-01
  0.4795E-01
  0.3973E-01
  0.2824E-01
  0.2054E-01
  0.1688E-01
  0.1633E-01
  0.1794E-01
  0.2432E-01
  0.3746E-01
  0.4786E-01
  0.5234E-01
  0.5374E-01
  0.5361E-01
  0.5082E-01
  0.4643E-01
  0.5153E-01
  0.5502E-01
  0.5284E-01
  0.5555E-01
  0.5332E-01
  0.5411E-01
  0.5497E-01
  0.5473E-01
  0.5460E-01
  0.5441E-01
  0.5423E-01
  0.5397E-01
  0.5378E-01
  0.5355E-01
  0.5332E-01
  0.5308E-01
  0.5286E-01
  0.5263E-01
  0.5240E-01
  0.5218E-01
  0.5195E-01
  0.5172E-01
  0.5149E-01
  0.5111E-01
  0.5104E-01
  0.5082E-01
  0.5059E-01
  0.5037E-01
  0.5015E-01
  0.4993E-01
  0.4970E-01
  0.4949E-01
  0.4927E-01
  0.4905E-01
  0.4882E-01
  0.4854E-01
  0.4807E-01
  0.4819E-01
  0.4797E-01
  0.4776E-01
  0.4755E-01
  0.4734E-01
  0.4713E-01
  0.4692E-01
  0.4671E-01
  0.4650E-01
  0.4627E-01
  0.4608E-01
  0.4573E-01
  0.4567E-01
  0.4547E-01
  0.4526E-01
  0.4506E-01
  0.4486E-01
  0.4466E-01
  0.4446E-01
  0.4425E-01
  0.4405E-01
  0.4380E-01
  0.4362E-01
  0.4346E-01
  0.4326E-01
  0.4307E-01
  0.4287E-01
  0.4267E-01
  0.4236E-01
  0.4208E-01
  0.4209E-01
  0.4191E-01
  0.4170E-01
  0.4153E-01
  0.4134E-01
  0.4115E-01
  0.4096E-01
  0.4077E-01
  0.4057E-01
  0.4025E-01
  0.4021E-01
  0.4003E-01
  0.3981E-01
  0.3967E-01
  0.3948E-01
  0.3930E-01
  0.3911E-01
  0.3893E-01
  0.3870E-01
  0.3858E-01
  0.3841E-01
  0.3823E-01
  0.3804E-01
  0.3787E-01
  0.3766E-01
  0.3751E-01
  0.3730E-01
  0.3716E-01
  0.3667E-01
  0.3581E-01
  0.3661E-01
  0.3636E-01
  0.3628E-01
  0.3589E-01
  0.3503E-01
  0.3577E-01
  0.3547E-01
  0.3448E-01
  0.3522E-01
  0.3444E-01
  0.3267E-01
  0.3452E-01
  0.3446E-01
  0.3060E-01
  0.3385E-01
  0.3379E-01
  0.3072E-01
  0.3291E-01
  0.3264E-01
  0.3086E-01
  0.3147E-01
  0.3229E-01
  0.3081E-01
  0.2752E-01
  0.3115E-01
  0.3056E-01
  0.1605E-01
  0.2997E-01
  0.3030E-01
  0.1604E-01
  0.2845E-01
  0.2992E-01
  0.2628E-01
  0.2767E-01
  0.3028E-01
  0.2962E-01
  0.2782E-01
  0.2981E-01
  0.2966E-01
  0.1149E-01
  0.2874E-01
  0.2879E-01
  0.2291E-01
  0.2631E-01
  0.2784E-01
  0.2446E-01
  0.1971E-01
  0.2734E-01
  0.2747E-01
  0.1421E-01
  0.2674E-01
  0.2777E-01
  0.2589E-01
  0.2296E-01
  0.2752E-01
  0.2737E-01
  0.1873E-01
  0.2720E-01
  0.2725E-01
  0.2138E-01
  0.2619E-01
  0.2707E-01
  0.2698E-01
  0.2646E-01
  0.2668E-01
  0.2669E-01
  0.2663E-01
  0.2612E-01
  0.2642E-01
  0.2632E-01
  0.2596E-01
  0.2605E-01
  0.2596E-01
  0.2574E-01
  0.2567E-01
  0.2550E-01
  0.2518E-01
  0.2530E-01
  0.2514E-01
  0.1977E-01
  0.1876E-01
  0.2388E-01
  0.2434E-01
  0.2395E-01
  0.2167E-01
  0.2154E-01
  0.2390E-01
  0.2399E-01
  0.2385E-01
  0.2376E-01
  0.2319E-01
  0.2355E-01
  0.2328E-01
  0.2091E-01
  0.2308E-01
  0.2304E-01
  0.2269E-01
  0.2087E-01
  0.2207E-01
  0.2210E-01
  0.1300E-01
  0.1878E-01
  0.1991E-01
  0.2164E-01
  0.2154E-01
  0.1998E-01
  0.1849E-01
  0.2067E-01
  0.2061E-01
  0.1699E-01
  0.1810E-01
  0.1999E-01
  0.1970E-01
  0.5064E-02
  0.1898E-01
  0.1975E-01
  0.1742E-01
  0.1604E-01
  0.7856E-02
  0.1491E-01
  0.2770E-02
  0.1923E-01
  0.1940E-01
  0.1769E-01
  0.5716E-02
  0.1834E-01
  0.1690E-01
  0.1528E-01
  0.8065E-02
  0.9940E-02
  0.1382E-01
  0.1732E-01
  0.1657E-01
  0.1292E-01
  0.1776E-01
  0.1721E-01
  0.1341E-01
  0.1771E-01
  0.1578E-01
  0.6624E-02
  0.1674E-01
  0.1585E-01
  0.1658E-01
  0.1719E-01
  0.1414E-01
  0.1106E-01
  0.1314E-01
  0.1359E-01
  0.1270E-01
  0.1379E-01
  0.1604E-01
  0.1670E-01
  0.1622E-01
  0.5614E-02
  0.1578E-01
  0.1643E-01
  0.1642E-01
  0.1354E-01
  0.1621E-01
  0.1595E-01
  0.1608E-01
  0.1528E-01
  0.8758E-02
  0.8518E-02
  0.8775E-02
  0.7316E-02
  0.1418E-01
  0.1475E-01
  0.4404E-02
  0.1400E-01
  0.1506E-01
  0.1502E-01
  0.1425E-01
  0.3068E-02
  0.1402E-01
  0.1430E-01
  0.1105E-01
  0.1328E-01
  0.7874E-02
  0.7812E-02
  0.1323E-01
  0.1384E-01
  0.1418E-01
  0.1420E-01
  0.1414E-01
  0.1390E-01
  0.1307E-01
  0.1046E-01
  0.1135E-01
  0.1327E-01
  0.1302E-01
  0.1181E-01
  0.1226E-01
  0.9624E-02
  0.5896E-02
  0.4994E-02
  0.6008E-02
  0.1009E-01
  0.1195E-01
  0.1194E-01
  0.1054E-01
  0.8959E-03
  0.1039E-01
  0.1168E-01
  0.1188E-01
  0.1119E-01
  0.8140E-02
  0.4409E-02
  0.2942E-02
  0.1000E-01
  0.1687E-02
  0.1087E-01
  0.1163E-01
  0.1160E-01
  0.5043E-02
  0.1132E-01
  0.1144E-01
  0.1087E-01
  0.5092E-02
  0.1633E-02
  0.8902E-02
  0.2475E-02
  0.5284E-02
  0.1005E-01
  0.1015E-01
  0.8833E-02
  0.1844E-02
  0.7670E-02
  0.2524E-02
  0.8343E-02
  0.7888E-02
  0.9096E-02
  0.8235E-02
  0.4500E-02
  0.3363E-02
  0.2664E-02
  0.2431E-02
  0.4198E-02
  0.8431E-02
  0.2859E-02
  0.8884E-02
  0.3536E-02
  0.4962E-02
  0.1087E-02
  0.7340E-02
  0.4116E-02
  0.1461E-02
  0.3004E-02
  0.4112E-02
  0.4100E-02
  0.5997E-02
  0.2960E-02
  0.2388E-02
  0.8307E-02
  0.7628E-02
  0.6448E-02
  0.2837E-02
  0.6417E-02
  0.7063E-02
  0.5885E-02
  0.2229E-02
  0.2376E-02
  0.3667E-02
  0.2060E-02
  0.3589E-02
  0.3122E-02
  0.6594E-02
  0.7686E-02
  0.7547E-02
  0.4518E-02
  0.7182E-02
  0.7013E-02
  0.4724E-02
  0.3940E-02
  0.5064E-02
  0.1153E-02
  0.1052E-02
  0.1756E-02
  0.3913E-02
  0.6178E-02
  0.6294E-02
  0.7829E-03
  0.6610E-02
  0.6802E-02
  0.3691E-02
  0.1122E-02
  0.6025E-02
  0.6730E-02
  0.6331E-02
  0.4431E-02
  0.4283E-03
  0.3878E-02
  0.6298E-02
  0.7015E-02
  0.7274E-02
  0.6913E-02
  0.7443E-02
  0.7484E-02
  0.7488E-02
  0.7430E-02
  0.7425E-02
  0.6629E-02
  0.7230E-02
  0.7212E-02
  0.7053E-02
  0.6344E-02
  0.4578E-02
  0.7138E-02
  0.7156E-02
  0.7085E-02
  0.2986E-02
  0.6765E-02
  0.6056E-02
  0.6875E-02
  0.6677E-02
  0.4619E-02
  0.6278E-02
  0.4336E-02
  0.6439E-02
  0.6285E-02
  0.5910E-02
  0.4844E-02
  0.1825E-02
  0.2241E-02
  0.4897E-02
  0.5551E-02
  0.5501E-02
  0.3314E-02
  0.7868E-03
  0.4961E-02
  0.5411E-02
  0.2981E-02
  0.4626E-02
  0.5610E-02
  0.5593E-02
  0.5293E-02
  0.4328E-02
  0.5125E-03
  0.1855E-02
  0.1094E-02
  0.4615E-02
  0.4952E-02
  0.5253E-02
  0.2377E-02
  0.4848E-02
  0.3487E-02
  0.9506E-03
  0.4170E-03
  0.2326E-02
  0.3866E-02
  0.2807E-02
  0.2237E-03
  0.1000E-02
  0.1981E-02
  0.3867E-02
  0.4389E-02
  0.4786E-02
  0.4799E-02
  0.3959E-02
  0.1825E-02
  0.3421E-02
  0.4580E-02
  0.4628E-02
  0.4182E-02
  0.2189E-02
  0.1990E-02
  0.2078E-02
  0.3012E-02
  0.3904E-02
  0.1205E-02
  0.2824E-02
  0.4157E-02
  0.4334E-02
  0.1948E-02
  0.3671E-02
  0.2848E-02
  0.1514E-02
  0.3781E-03
  0.2778E-02
  0.3699E-02
  0.3095E-02
  0.2188E-02
  0.4031E-02
  0.3789E-02
  0.3296E-02
  0.1986E-02
  0.7730E-03
  0.1392E-02
  0.2300E-02
  0.1624E-03
  0.4930E-03
  0.3052E-02
  0.3089E-02
  0.2263E-02
  0.8295E-03
  0.2789E-02
  0.3923E-02
  0.2951E-02
  0.3939E-02
  0.3830E-02
  0.2685E-02
  0.1321E-02
  0.2629E-02
  0.2489E-03
  0.4054E-03
  0.3267E-02
  0.3765E-02
  0.3880E-02
  0.2576E-02
  0.3957E-02
  0.3945E-02
  0.3739E-02
  0.3773E-02
  0.1221E-02
  0.3397E-02
  0.2631E-02
  0.1138E-02
  0.8317E-03
  0.2955E-02
  0.2821E-02
  0.2807E-02
  0.3574E-03
  0.3027E-02
  0.3200E-02
  0.1108E-02
  0.3344E-02
  0.2833E-02
  0.2340E-02
  0.3039E-03
  0.2957E-02
  0.1186E-02
  0.3136E-02
  0.3452E-02
  0.3513E-02
  0.2861E-02
  0.2774E-02
  0.2638E-02
  0.3343E-02
  0.2235E-02
  0.2134E-02
  0.3281E-02
  0.3408E-02
  0.3385E-02
  0.3036E-02
  0.2655E-02
  0.2877E-02
  0.5083E-03
  0.6874E-03
  0.2045E-02
  0.2787E-02
  0.2813E-02
  0.3212E-02
  0.3100E-02
  0.2816E-02
  0.2513E-02
  0.3166E-02
  0.3002E-02
  0.7713E-03
  0.3183E-02
  0.3178E-02
  0.3013E-02
  0.2568E-02
  0.1470E-02
  0.6400E-03
  0.2245E-02
  0.2662E-02
  0.1257E-02
  0.2947E-02
  0.2648E-02
  0.1439E-02
  0.2381E-02
  0.8384E-03
  0.2974E-02
  0.2754E-02
  0.2976E-02
  0.2727E-02
  0.2691E-02
  0.2559E-02
  0.2356E-02
  0.2272E-02
  0.2892E-02
  0.2892E-02
  0.2848E-02
  0.1345E-02
  0.2855E-02
  0.2832E-02
  0.2784E-02
  0.2712E-02
  0.2634E-02
  0.1139E-02
  0.2397E-02
  0.2558E-02
  0.1886E-02
  0.6738E-03
  0.2270E-02
  0.2576E-02
  0.2618E-02
  0.2444E-02
  0.2557E-02
  0.1865E-02
  0.2556E-02
  0.2553E-02
  0.2496E-02
  0.2279E-02
  0.1183E-02
  0.1483E-02
  0.2274E-02
  0.2075E-02
  0.2391E-02
  0.2455E-02
  0.2246E-02
  0.2061E-02
  0.2435E-02
  0.2428E-02
  0.2319E-02
  0.2374E-02
  0.1618E-02
  0.2265E-02
  0.2342E-02
  0.2333E-02
  0.2293E-02
  0.2141E-02
  0.1368E-02
  0.1653E-02
  0.1396E-02
  0.1576E-02
  0.2096E-02
  0.1819E-02
  0.2042E-02
  0.2038E-02
  0.2168E-02
  0.2174E-02
  0.2095E-02
  0.1790E-02
  0.1404E-02
  0.2031E-02
  0.1992E-02
  0.1806E-02
  0.2031E-02
  0.1364E-02
  0.1709E-02
  0.1300E-02
  0.1959E-02
  0.1952E-02
  0.1586E-02
  0.1332E-02
  0.2929E-03
  0.9301E-03
  0.1667E-02
  0.1678E-02
  0.1715E-02
  0.1272E-02
  0.5614E-03
  0.2918E-03
  0.8073E-03
  0.1360E-02
  0.1371E-02
  0.3317E-03
  0.3516E-03
  0.1359E-03
  0.7976E-03
  0.1166E-02
  0.1162E-02
  0.6950E-03
  0.1355E-03
  0.2551E-03
  0.1025E-02
  0.7624E-03
  0.1119E-02
  0.6390E-03
  0.1099E-03
  0.1274E-02
  0.1506E-02
  0.1477E-02
  0.1244E-02
  0.6743E-04
  0.1197E-03
  0.5494E-03
  0.1105E-02
  0.1502E-02
  0.1549E-02
  0.1543E-02
  0.9818E-03
  0.3936E-03
  0.1547E-02
  0.1521E-02
  0.1291E-02
  0.1278E-02
  0.1566E-02
  0.1564E-02
  0.1497E-02
  0.1211E-02
  0.1367E-02
  0.1022E-02
  0.1376E-02
  0.1372E-02
  0.7028E-03
  0.1426E-02
  0.1038E-02
  0.1422E-02
  0.4259E-03
  0.1397E-02
  0.8569E-03
  0.2543E-03
  0.1209E-02
  0.1367E-02
  0.1427E-02
  0.1421E-02
  0.1371E-02
  0.1360E-02
  0.1249E-02
  0.1396E-02
  0.1372E-02
  0.1348E-02
  0.1370E-02
  0.1367E-02
  0.1337E-02
  0.1323E-02
  0.1336E-02
  0.1320E-02
  0.1232E-02
  0.1288E-02
  0.1265E-02
  0.9517E-03
  0.1262E-02
  0.1263E-02
  0.1205E-02
  0.1261E-02
  0.1213E-02
  0.1242E-02
  0.1233E-02
  0.7352E-03
  0.1111E-02
  0.1214E-02
  0.1189E-02
  0.1131E-02
  0.8718E-03
  0.1153E-02
  0.1167E-02
  0.1140E-02
  0.9049E-03
  0.8803E-03
  0.1079E-02
  0.1089E-02
  0.1039E-02
  0.5457E-03
  0.8812E-03
  0.1052E-02
  0.9718E-03
  0.8581E-03
  0.3013E-03
  0.9157E-03
  0.1006E-02
  0.9759E-03
  0.3637E-03
  0.2225E-03
  0.7931E-03
  0.7978E-03
  0.4781E-03
  0.5358E-04
  0.5853E-03
  0.7453E-04
  0.3150E-03
  0.5309E-03
  0.6286E-03
  0.4133E-03
  0.1550E-03
  0.4998E-04
  0.1731E-03
  0.1076E-03
  0.2733E-03
  0.1318E-03
  0.3781E-04
  0.5958E-04
  0.1310E-03
  0.1622E-03
  0.1031E-03
  0.4165E-04
  0.3213E-04
  0.6977E-04
  0.1278E-03
  0.1019E-03
  0.4454E-04
  0.1931E-04
  0.6902E-04
  0.8150E-04
  0.1696E-03
  0.7878E-04
  0.1571E-04
  0.1448E-03
  0.4574E-04
  0.1510E-04
  0.3077E-04
  0.1286E-03
  0.1962E-03
  0.3673E-04
  0.7002E-04
  0.2383E-03
  0.3544E-03
  0.3649E-03
  0.5306E-04
  0.2925E-03
  0.5940E-03
  0.4918E-03
  0.5278E-04
  0.1373E-03
  0.3875E-03
  0.6162E-03
  0.5714E-03
  0.6235E-03
  0.1461E-03
  0.1051E-03
  0.5787E-03
  0.6457E-03
  0.5253E-03
  0.2762E-03
  0.1039E-03
  0.5215E-03
  0.6305E-03
  0.3854E-03
  0.4998E-03
  0.9473E-04
  0.5104E-03
  0.6179E-03
  0.3557E-03
  0.5886E-03
  0.1185E-03
  0.5544E-03
  0.6265E-03
  0.6426E-03
  0.6187E-03
  0.3173E-03
  0.2661E-03
  0.2177E-03
  0.5680E-03
  0.6320E-03
  0.6468E-03
  0.6440E-03
  0.5960E-03
  0.5338E-03
  0.6406E-03
  0.6360E-03
  0.6277E-03
  0.6233E-03
  0.6101E-03
  0.6283E-03
  0.6176E-03
  0.6021E-03
  0.6180E-03
  0.6147E-03
  0.6043E-03
  0.5965E-03
  0.5883E-03
  0.5982E-03
  0.5782E-03
  0.5869E-03
  0.5890E-03
  0.5781E-03
  0.5779E-03
  0.5637E-03
  0.5713E-03
  0.5249E-03
  0.5672E-03
  0.5584E-03
  0.5622E-03
  0.5619E-03
  0.5552E-03
  0.5516E-03
  0.5375E-03
  0.5472E-03
  0.5418E-03
  0.5406E-03
  0.5366E-03
  0.5357E-03
  0.5242E-03
  0.5169E-03
  0.5257E-03
  0.5179E-03
  0.5186E-03
  0.5126E-03
  0.4919E-03
  0.5016E-03
  0.4535E-03
  0.4954E-03
  0.4930E-03
  0.4383E-03
  0.4903E-03
  0.4849E-03
  0.4586E-03
  0.4685E-03
  0.4451E-03
  0.4145E-03
  0.4662E-03
  0.4149E-03
  0.2099E-03
  0.3193E-03
  0.4012E-03
  0.1512E-03
  0.2413E-03
  0.2993E-03
  0.2556E-03
  0.1687E-03
  0.2085E-03
  0.2864E-03
  0.1882E-03
  0.1646E-03
  0.8207E-04
  0.8171E-04
  0.1185E-03
  0.1116E-03
  0.2728E-04
  0.5351E-04
  0.2872E-04
  0.5011E-04
  0.1730E-04
  0.3600E-04
  0.3255E-04
  0.1448E-04
  0.3306E-04
  0.2026E-04
  0.1014E-04
  0.1814E-04
  0.1660E-04
  0.1662E-04
  0.1170E-04
  0.9962E-05
  0.1512E-04
  0.1017E-04
  0.1200E-04
  0.9963E-05
  0.9984E-05
  0.1015E-04
  0.3342E-05
  0.6159E-05
  0.8538E-05
  0.5238E-06
  0.2218E-05
  0.5101E-05
  0.4922E-06
  0.5741E-05
  0.2888E-05
  0.1085E-06
  0.3487E-05
  0.3941E-05
  0.1169E-05
  0.1838E-05
  0.3339E-05
  0.2300E-05
  0.3826E-08
  0.1933E-05
  0.2762E-05
  0.1841E-05
  0.4599E-07
  0.3402E-07
  0.3448E-05
  0.3653E-05
  0.1475E-05
  0.3670E-05
  0.2374E-05
  0.7019E-06
  0.1221E-06
  0.9722E-06
  0.1641E-05
  0.2011E-05
  0.2076E-05
  0.1945E-05
  0.3548E-07
  0.1495E-05
  0.1313E-05
  0.1233E-05
  0.1354E-05
  0.1721E-05
  0.2269E-05
  0.3088E-05
  0.4014E-05
  0.9996E-06
  0.1199E-05
  0.2758E-07
  0.9885E-06
  0.2213E-05
  0.1260E-06
  0.8698E-06
  0.4823E-06
  0.1615E-07
  0.4458E-06
  0.9668E-06
  0.8031E-07
  0.4134E-06
  0.7119E-07
  0.7208E-08
  0.2745E-06
  0.2311E-06
  0.9114E-08
  0.1512E-06
  0.1594E-06
  0.3256E-07
  0.7813E-07
  0.5676E-07
  0.5033E-07
  0.3255E-07
  0.7945E-07
  0.7399E-07
  0.2996E-07
  0.3415E-07
  0.2891E-07
  0.4512E-07
  0.5188E-09
  0.2666E-07
  0.1757E-06
  0.8503E-09
  0.3735E-07
  0.5923E-07
  0.6538E-07
  0.5572E-07
  0.3885E-07
  0.2504E-07
  0.1617E-08
  0.2255E-07
  0.3192E-07
  0.4352E-07
  0.5599E-07
  0.6936E-07
  0.8483E-07
  0.1027E-06
  0.1225E-06
  0.1361E-06
  0.1232E-06
  0.5473E-07
  0.7949E-07
  0.5457E-06
  0.9742E-06
  0.1200E-05
  0.9714E-06
  0.1572E-05
  0.1851E-05
  0.1125E-05
  0.2337E-05
  0.1854E-05
  0.2702E-05
  0.2995E-05
  0.3310E-05
  0.3655E-05
  0.4054E-05
  0.4534E-05
  0.5143E-05
  0.5927E-05
  0.6954E-05
  0.8313E-05
  0.1231E-04
  0.1712E-04
  0.2611E-04
  0.4174E-04
  0.6361E-04
  0.8332E-04
  0.1284E-03
  0.1446E-03
  0.1021E-03
  0.1663E-03
  0.1698E-03
  0.9604E-04
  0.1694E-03
  0.1690E-03
  0.1560E-03
  0.1636E-03
  0.1659E-03
  0.1633E-03
  0.8729E-04
  0.1618E-03
  0.1621E-03
  0.1601E-03
  0.1248E-03
  0.1587E-03
  0.1588E-03
  0.1557E-03
  0.1560E-03
  0.1553E-03
  0.1538E-03
  0.1510E-03
  0.1386E-03
  0.8060E-04
  0.1369E-03
  0.1443E-03
  0.1452E-03
  0.1457E-03
  0.1452E-03
  0.1445E-03
  0.1438E-03
  0.1420E-03
  0.1413E-03
  0.1395E-03
  0.1330E-03
  0.1268E-03
  0.1391E-03
  0.1391E-03
  0.1379E-03
  0.1356E-03
  0.1365E-03
  0.1362E-03
  0.1336E-03
  0.1347E-03
  0.1331E-03
  0.1319E-03
  0.1320E-03
  0.1308E-03
  0.1294E-03
  0.1294E-03
  0.1285E-03
  0.1238E-03
  0.1254E-03
  0.1258E-03
  0.1240E-03
  0.1030E-03
  0.1217E-03
  0.1211E-03
  0.1186E-03
  0.9271E-04
  0.1178E-03
  0.1179E-03
  0.1085E-03
  0.1070E-03
  0.1152E-03
  0.1130E-03
  0.5315E-04
  0.1113E-03
  0.1125E-03
  0.1056E-03
  0.1049E-03
  0.1116E-03
  0.1107E-03
  0.1033E-03
