 Pressure at each level [Pa]
  0.1000E+06
  0.7079E+05
  0.5623E+05
  0.4467E+05
  0.3548E+05
  0.2818E+05
  0.2239E+05
  0.1778E+05
  0.1413E+05
  0.1122E+05
  0.8913E+04
  0.7079E+04
  0.5623E+04
  0.4467E+04
  0.3548E+04
  0.2818E+04
  0.2239E+04
  0.1778E+04
  0.1413E+04
  0.1122E+04
  0.8913E+03
  0.7079E+03
  0.5623E+03
  0.4467E+03
  0.3548E+03
  0.2818E+03
  0.2239E+03
  0.1778E+03
  0.1413E+03
  0.1122E+03
  0.8913E+02
  0.7079E+02
  0.5623E+02
  0.4467E+02
  0.3548E+02
  0.2818E+02
  0.2239E+02
  0.1778E+02
  0.1413E+02
  0.1122E+02
  0.8913E+01
  0.7079E+01
  0.5623E+01
  0.4467E+01
  0.3548E+01
  0.2818E+01
  0.2239E+01
  0.1778E+01
  0.1413E+01
  0.1122E+01
  0.1000E+01
