 Longwave optical depth [dimless]
  0.1650E-02
  0.2860E+00
  0.4125E+00
  0.5926E+01
  0.2016E+02
  0.9026E+01
  0.6075E+02
  0.1506E+03
  0.6275E+01
  0.6854E+02
  0.2243E+01
  0.6360E+02
  0.1966E+01
  0.6311E+00
  0.9766E+00
  0.2919E+02
  0.5904E-01
  0.3837E+00
  0.1075E-01
  0.1784E-01
  0.2948E-01
  0.2821E+00
  0.3900E+00
  0.6641E+01
  0.5472E+02
  0.9769E+02
  0.1982E+04
  0.9115E+04
  0.4346E+03
  0.3162E+02
  0.1942E+03
  0.1034E+00
  0.3368E+00
  0.4386E-01
  0.6479E-02
  0.3698E-02
  0.2308E-02
  0.1331E-01
  0.2757E+00
  0.9505E-01
  0.7993E-03
  0.8284E-02
  0.1043E+00
  0.1883E+00
  0.7044E-02
  0.1149E-04
  0.5966E-02
  0.3596E-03
  0.2727E-03
  0.5280E-02
  0.4807E-01
  0.3570E-01
  0.4671E-02
  0.5442E-02
  0.4719E-01
  0.1108E+00
  0.5233E-01
  0.4412E-01
  0.1912E+00
  0.9474E+00
  0.9377E+00
  0.5136E+00
  0.2505E+00
  0.4708E+01
  0.6784E-01
  0.3017E+00
  0.4034E+01
  0.3570E+00
  0.1022E+01
  0.1347E+00
  0.9095E+00
  0.8947E-01
  0.1279E+00
  0.8072E-01
  0.1579E-01
  0.3620E-01
  0.1475E+01
  0.1637E+00
  0.4260E-01
  0.3445E-01
  0.1526E-01
  0.3392E+00
  0.2344E+02
  0.6780E+03
  0.1043E+01
  0.8228E-01
  0.1016E-01
  0.4467E-02
  0.3002E-01
  0.3401E+01
  0.2036E+03
  0.6427E+05
  0.3239E+04
  0.1059E+06
  0.3879E+05
  0.1105E+05
  0.1745E+01
  0.3521E-02
  0.8968E-02
  0.9198E-02
  0.6962E-01
  0.5648E-02
  0.2354E-02
  0.1473E-01
  0.1063E+00
  0.1540E+00
  0.3880E-02
  0.4609E-03
  0.2194E-03
  0.1294E-02
  0.4242E-02
  0.8207E-02
  0.7462E-03
  0.1445E-02
  0.7680E-04
  0.1948E-03
  0.3643E-03
  0.9574E-04
  0.2264E-03
  0.2566E-02
  0.2321E-02
  0.1803E-02
  0.3001E-02
  0.2999E-01
  0.1010E+00
  0.1214E-01
  0.7432E-02
  0.2919E-01
  0.7011E-02
  0.1890E+00
  0.2930E-02
  0.7687E-02
  0.9735E-02
  0.1106E+00
  0.2998E+01
  0.3457E-01
  0.7683E-02
  0.2514E-01
  0.8081E-01
  0.2700E+00
  0.5227E+01
  0.2142E+01
  0.2029E+03
  0.1418E+03
  0.1048E+04
  0.2450E+04
  0.3522E+02
  0.5281E+02
  0.1605E+04
  0.1917E+04
  0.1618E+02
  0.6027E+00
  0.4624E+01
  0.8383E+00
  0.2225E+01
  0.1009E+00
  0.3448E+00
  0.5223E-01
  0.3018E+00
  0.2524E-01
  0.2538E-01
  0.2145E-01
  0.1145E-02
  0.1431E-02
  0.1037E-02
  0.4763E-03
  0.3681E-02
  0.3768E-03
  0.5388E-03
  0.2909E-03
  0.3830E-03
  0.2901E-03
  0.3613E-03
  0.3189E-03
  0.3263E-03
  0.4344E-03
  0.3463E-03
  0.2713E-01
  0.4539E-03
  0.3857E-03
  0.6570E-03
  0.1087E-02
  0.1473E-02
  0.2153E-02
  0.6793E-02
  0.1122E+00
  0.7893E+00
  0.5557E-02
  0.4197E-02
  0.3651E-01
  0.1473E+00
  0.2215E+00
  0.1336E+01
  0.2268E+02
  0.7109E+00
  0.4797E+02
  0.3052E+01
  0.9098E+00
  0.6456E+02
  0.1836E+02
  0.9692E+02
  0.4505E-01
  0.9438E-01
  0.2520E+01
  0.3096E+03
  0.4563E+01
  0.4649E-01
  0.3396E-01
  0.2273E-01
  0.4007E-01
  0.6656E-01
  0.1829E-01
  0.1148E+00
  0.3031E+00
  0.3847E+00
  0.5882E-01
  0.1815E+00
  0.4238E+01
  0.1236E-01
  0.1001E-01
  0.1180E+00
  0.3446E-02
  0.1009E-01
  0.1775E-02
  0.2963E-02
  0.1829E-02
  0.1015E-02
  0.2700E-02
  0.9562E-03
  0.9448E-03
  0.9463E-03
  0.9712E-03
  0.1141E-02
  0.4117E-02
  0.1295E-02
  0.2366E-02
  0.1132E-02
  0.1508E-02
  0.3904E-02
  0.4590E-02
  0.3730E-02
  0.5354E-02
  0.1123E-01
  0.1487E-01
  0.2111E-01
  0.5503E-02
  0.9207E-02
  0.2221E-01
  0.1446E+00
  0.1437E+00
  0.1586E+00
  0.6999E-02
  0.1992E-01
  0.4763E+01
  0.3758E+00
  0.2305E-01
  0.2046E-02
  0.1481E-02
  0.2195E-02
  0.1712E-01
  0.2045E-01
  0.4516E-01
  0.7193E-02
  0.1741E-02
  0.2215E-02
  0.2274E-02
  0.3383E-02
  0.1030E+00
  0.4766E-02
  0.1162E-01
  0.1295E+00
  0.4686E-02
  0.2167E+00
  0.2440E-02
  0.6333E-02
  0.1218E-01
  0.5994E-01
  0.6308E+00
  0.5522E+00
  0.1441E+01
  0.5454E-01
  0.9107E-02
  0.1376E+00
  0.1578E-01
  0.1801E+00
  0.1151E-01
  0.8219E-02
  0.3996E-01
  0.1165E+00
  0.5436E-01
  0.8631E-01
  0.1136E-01
  0.5498E-01
  0.7028E-01
  0.1612E+01
  0.5884E-01
  0.2908E-01
  0.1559E-01
  0.6679E-02
  0.2183E-01
  0.2497E-01
  0.3477E-02
  0.3480E-02
  0.1271E-01
  0.1888E-01
  0.5747E-02
  0.2988E-02
  0.2951E-02
  0.3815E-02
  0.7864E-01
  0.4608E-02
  0.3450E-02
  0.3130E-02
  0.3179E-02
  0.3211E-02
  0.3339E-02
  0.3853E-02
  0.3506E-02
  0.3443E-02
  0.3694E-02
  0.3467E-02
  0.3545E-02
  0.4762E-02
  0.4994E-02
  0.7214E-02
  0.8547E-02
  0.5195E-02
  0.3179E+00
  0.3556E+01
  0.5353E-02
  0.1145E-01
  0.2677E-01
  0.2065E+00
  0.5024E-02
  0.4150E-02
  0.4255E-02
  0.4238E-02
  0.4273E-02
  0.4860E-02
  0.4418E-02
  0.4497E-02
  0.5432E-02
  0.4816E-02
  0.4627E-02
  0.4885E-02
  0.4913E-02
  0.6261E-02
  0.1376E+00
  0.1386E-01
  0.2764E+00
  0.1989E-01
  0.5599E-02
  0.9777E-02
  0.2737E+00
  0.1273E-01
  0.8514E-02
  0.1046E-01
  0.6608E-02
  0.2396E-01
  0.6005E-02
  0.5832E-02
  0.6518E-02
  0.6978E-02
  0.5843E-02
  0.5835E-02
  0.5891E-02
  0.5935E-02
  0.6016E-02
  0.8420E-02
  0.6127E-02
  0.6193E-02
  0.6405E-02
  0.8282E-02
  0.6581E-02
  0.6494E-02
  0.2984E-01
  0.7854E-02
  0.6785E-02
  0.6795E-02
  0.6988E-02
  0.7880E-02
  0.2938E-01
  0.7021E-02
  0.7116E-02
  0.7702E-02
  0.7355E-02
  0.7315E-02
  0.7383E-02
  0.7459E-02
  0.7542E-02
  0.7614E-02
  0.7698E-02
  0.7772E-02
  0.7854E-02
  0.7945E-02
  0.8018E-02
  0.8131E-02
  0.8176E-02
  0.8459E-02
  0.8484E-02
  0.8427E-02
  0.8515E-02
  0.8606E-02
  0.8684E-02
  0.8770E-02
  0.8993E-02
  0.9189E-02
  0.9052E-02
  0.9257E-02
  0.9252E-02
  0.1006E-01
  0.9744E-02
  0.9755E-02
  0.9697E-02
  0.1016E-01
  0.1019E-01
  0.1033E-01
  0.1037E-01
  0.1032E-01
  0.1452E-01
  0.1113E-01
  0.1435E-01
  0.1388E-01
  0.1092E-01
  0.1438E-01
  0.1687E-01
  0.2006E-01
  0.1240E-01
  0.1402E-01
  0.2849E-01
  0.2112E-01
  0.1384E-01
  0.1208E-01
  0.1253E-01
  0.1305E-01
  0.1185E-01
  0.1196E-01
  0.1228E-01
  0.1267E-01
  0.1237E-01
  0.1243E-01
  0.1549E-01
  0.1321E-01
  0.1291E-01
  0.1309E-01
  0.1334E-01
  0.1307E-01
  0.1316E-01
  0.1326E-01
  0.1338E-01
  0.1350E-01
  0.1362E-01
  0.1374E-01
  0.1387E-01
  0.1399E-01
  0.1411E-01
  0.1424E-01
  0.1436E-01
  0.1466E-01
  0.1467E-01
  0.1512E-01
  0.1486E-01
  0.1499E-01
  0.1512E-01
  0.1525E-01
  0.1539E-01
  0.1552E-01
  0.1565E-01
  0.1590E-01
  0.1592E-01
  0.1607E-01
  0.1620E-01
  0.1633E-01
  0.1647E-01
  0.1662E-01
  0.1677E-01
  0.1691E-01
  0.1704E-01
  0.1720E-01
  0.1735E-01
  0.1782E-01
  0.1766E-01
  0.1779E-01
  0.1878E-01
  0.1818E-01
  0.1827E-01
  0.1855E-01
  0.1853E-01
  0.1898E-01
  0.1900E-01
  0.1904E-01
  0.1929E-01
  0.1984E-01
  0.1946E-01
  0.1990E-01
  0.1976E-01
  0.1992E-01
  0.2009E-01
  0.2026E-01
  0.2041E-01
  0.2058E-01
  0.2074E-01
  0.2101E-01
  0.2108E-01
  0.2131E-01
  0.2141E-01
  0.2159E-01
  0.2282E-01
  0.2192E-01
  0.2209E-01
  0.2229E-01
  0.2342E-01
  0.2261E-01
  0.2279E-01
  0.2297E-01
  0.2315E-01
  0.2333E-01
  0.2351E-01
  0.2369E-01
  0.2388E-01
  0.2406E-01
  0.2425E-01
  0.2443E-01
  0.2462E-01
  0.2481E-01
  0.2500E-01
  0.2519E-01
  0.2538E-01
  0.2558E-01
  0.2578E-01
  0.2597E-01
  0.2616E-01
  0.2636E-01
  0.2656E-01
  0.2676E-01
  0.2696E-01
  0.2716E-01
  0.2737E-01
  0.2757E-01
  0.2778E-01
  0.2803E-01
  0.2820E-01
  0.2842E-01
  0.3000E-01
  0.2883E-01
  0.2912E-01
  0.2926E-01
  0.2948E-01
  0.2990E-01
  0.2997E-01
  0.3016E-01
  0.3101E-01
  0.3125E-01
  0.3128E-01
  0.3101E-01
  0.4195E-01
  0.3153E-01
  0.3188E-01
  0.3193E-01
  0.3223E-01
  0.3238E-01
  0.3261E-01
  0.3285E-01
  0.3325E-01
  0.3344E-01
  0.3354E-01
  0.3379E-01
  0.3402E-01
  0.3426E-01
  0.3451E-01
  0.3475E-01
  0.3502E-01
  0.3525E-01
  0.3548E-01
  0.3573E-01
  0.3695E-01
  0.3624E-01
  0.3679E-01
  0.3673E-01
  0.3698E-01
  0.3724E-01
  0.3750E-01
  0.3776E-01
  0.3802E-01
  0.3828E-01
  0.3854E-01
  0.3880E-01
  0.3907E-01
  0.3934E-01
  0.3961E-01
  0.3987E-01
  0.4014E-01
  0.4042E-01
  0.4069E-01
  0.4097E-01
  0.4124E-01
  0.4152E-01
  0.4180E-01
  0.4208E-01
  0.4237E-01
  0.4265E-01
  0.4293E-01
  0.4322E-01
  0.4354E-01
  0.4380E-01
  0.4409E-01
  0.4438E-01
  0.4467E-01
  0.4501E-01
  0.4527E-01
  0.4561E-01
  0.4586E-01
  0.4644E-01
  0.4648E-01
  0.4677E-01
  0.4708E-01
  0.4740E-01
  0.4770E-01
  0.4800E-01
  0.4831E-01
  0.4863E-01
  0.4894E-01
  0.4927E-01
  0.4958E-01
  0.4989E-01
  0.5021E-01
  0.5054E-01
  0.5086E-01
  0.5118E-01
  0.5151E-01
  0.5184E-01
  0.5217E-01
  0.5260E-01
  0.5283E-01
  0.5317E-01
  0.5350E-01
  0.5384E-01
  0.5418E-01
  0.5452E-01
  0.5486E-01
  0.5521E-01
  0.5555E-01
  0.5590E-01
  0.5625E-01
  0.5660E-01
  0.5695E-01
  0.5731E-01
  0.5766E-01
  0.5802E-01
  0.5838E-01
  0.5874E-01
  0.5910E-01
  0.5947E-01
  0.5983E-01
  0.6020E-01
  0.6057E-01
  0.6094E-01
  0.6131E-01
  0.6168E-01
  0.6206E-01
  0.6244E-01
  0.6282E-01
  0.6320E-01
  0.6358E-01
  0.6398E-01
  0.6435E-01
  0.6474E-01
  0.6515E-01
  0.6552E-01
  0.6593E-01
  0.6632E-01
  0.6686E-01
  0.6712E-01
  0.6752E-01
  0.6791E-01
  0.6834E-01
  0.6872E-01
  0.6921E-01
  0.6963E-01
  0.6999E-01
  0.7049E-01
  0.7077E-01
  0.7120E-01
  0.7161E-01
  0.7203E-01
  0.7245E-01
  0.7287E-01
  0.7330E-01
  0.7373E-01
  0.7416E-01
  0.7459E-01
  0.7502E-01
  0.7546E-01
  0.7590E-01
  0.7634E-01
  0.7678E-01
  0.7722E-01
  0.7766E-01
  0.7811E-01
  0.7857E-01
  0.7901E-01
  0.7946E-01
  0.7991E-01
  0.8038E-01
  0.8083E-01
  0.8129E-01
  0.8175E-01
  0.8221E-01
  0.8269E-01
  0.8315E-01
  0.8362E-01
  0.8409E-01
  0.8456E-01
  0.8504E-01
  0.8552E-01
  0.8600E-01
  0.8648E-01
  0.8696E-01
  0.8745E-01
  0.8794E-01
  0.8843E-01
  0.8892E-01
  0.8941E-01
  0.8991E-01
  0.9041E-01
  0.9091E-01
  0.9142E-01
  0.9192E-01
  0.9243E-01
  0.9293E-01
  0.9344E-01
  0.9396E-01
  0.9448E-01
  0.9499E-01
  0.9551E-01
  0.9603E-01
  0.9656E-01
  0.9712E-01
  0.9761E-01
  0.9814E-01
  0.9867E-01
  0.9920E-01
  0.9974E-01
  0.1003E+00
  0.1008E+00
  0.1014E+00
  0.1019E+00
  0.1025E+00
  0.1030E+00
  0.1036E+00
  0.1041E+00
  0.1047E+00
  0.1052E+00
  0.1058E+00
  0.1064E+00
  0.1069E+00
  0.1075E+00
  0.1081E+00
  0.1086E+00
  0.1092E+00
  0.1098E+00
  0.1104E+00
  0.1109E+00
  0.1115E+00
  0.1121E+00
  0.1127E+00
  0.1133E+00
  0.1139E+00
  0.1145E+00
  0.1151E+00
  0.1157E+00
  0.1163E+00
  0.1169E+00
  0.1175E+00
  0.1181E+00
  0.1187E+00
  0.1193E+00
  0.1199E+00
  0.1206E+00
  0.1212E+00
  0.1218E+00
  0.1224E+00
  0.1231E+00
  0.1237E+00
  0.1243E+00
  0.1250E+00
  0.1256E+00
  0.1262E+00
  0.1269E+00
  0.1275E+00
  0.1282E+00
  0.1288E+00
  0.1295E+00
  0.1301E+00
  0.1308E+00
  0.1314E+00
  0.1321E+00
  0.1328E+00
  0.1334E+00
  0.1341E+00
  0.1348E+00
  0.1355E+00
  0.1361E+00
  0.1368E+00
  0.1375E+00
  0.1382E+00
  0.1389E+00
  0.1396E+00
  0.1402E+00
  0.1409E+00
  0.1416E+00
  0.1423E+00
  0.1430E+00
  0.1438E+00
  0.1445E+00
  0.1452E+00
  0.1459E+00
  0.1466E+00
  0.1473E+00
  0.1480E+00
  0.1488E+00
  0.1495E+00
  0.1502E+00
  0.1510E+00
  0.1517E+00
  0.1524E+00
  0.1532E+00
  0.1539E+00
  0.1547E+00
  0.1554E+00
  0.1562E+00
  0.1569E+00
  0.1577E+00
  0.1584E+00
  0.1592E+00
  0.1600E+00
  0.1607E+00
  0.1615E+00
  0.1623E+00
  0.1630E+00
  0.1638E+00
  0.1646E+00
  0.1654E+00
  0.1662E+00
  0.1670E+00
  0.1678E+00
  0.1685E+00
  0.1693E+00
  0.1701E+00
  0.1710E+00
  0.1718E+00
  0.1726E+00
  0.1734E+00
  0.1742E+00
  0.1750E+00
  0.1758E+00
  0.1767E+00
  0.1775E+00
  0.1783E+00
  0.1791E+00
  0.1800E+00
  0.1808E+00
  0.1817E+00
  0.1825E+00
  0.1834E+00
  0.1842E+00
  0.1851E+00
  0.1859E+00
  0.1868E+00
  0.1876E+00
  0.1885E+00
  0.1894E+00
  0.1902E+00
  0.1911E+00
  0.1920E+00
  0.1929E+00
  0.1938E+00
  0.1946E+00
  0.1955E+00
  0.1964E+00
  0.1973E+00
  0.1982E+00
  0.1991E+00
  0.2000E+00
  0.2009E+00
  0.2018E+00
  0.2028E+00
  0.2037E+00
  0.2046E+00
  0.2055E+00
  0.2064E+00
  0.2074E+00
  0.2083E+00
  0.2092E+00
  0.2102E+00
  0.2111E+00
  0.2121E+00
  0.2130E+00
  0.2140E+00
  0.2149E+00
  0.2159E+00
  0.2168E+00
  0.2178E+00
  0.2188E+00
  0.2197E+00
  0.2207E+00
  0.2217E+00
  0.2227E+00
  0.2237E+00
  0.2246E+00
  0.2256E+00
  0.2266E+00
  0.2276E+00
  0.2286E+00
  0.2296E+00
  0.2306E+00
  0.2316E+00
  0.2327E+00
  0.2337E+00
  0.2347E+00
  0.2357E+00
  0.2367E+00
  0.2378E+00
  0.2388E+00
  0.2398E+00
  0.2409E+00
  0.2419E+00
  0.2430E+00
  0.2440E+00
  0.2451E+00
  0.2461E+00
  0.2472E+00
  0.2483E+00
  0.2493E+00
  0.2504E+00
  0.2515E+00
  0.2525E+00
  0.2536E+00
  0.2547E+00
  0.2558E+00
  0.2569E+00
  0.2580E+00
  0.2591E+00
  0.2602E+00
  0.2613E+00
  0.2624E+00
  0.2635E+00
  0.2646E+00
  0.2657E+00
  0.2669E+00
  0.2680E+00
  0.2691E+00
  0.2703E+00
  0.2714E+00
  0.2725E+00
  0.2737E+00
  0.2748E+00
  0.2760E+00
  0.2771E+00
  0.2783E+00
  0.2795E+00
  0.2806E+00
  0.2818E+00
  0.2830E+00
  0.2841E+00
  0.2853E+00
  0.2865E+00
  0.2877E+00
  0.2889E+00
  0.2901E+00
  0.2913E+00
  0.2925E+00
  0.2937E+00
  0.2949E+00
  0.2961E+00
  0.2973E+00
  0.2986E+00
  0.2998E+00
  0.3010E+00
  0.3022E+00
  0.3035E+00
  0.3047E+00
  0.3060E+00
  0.3072E+00
  0.3085E+00
  0.3097E+00
  0.3110E+00
  0.3122E+00
  0.3135E+00
  0.3148E+00
  0.3161E+00
  0.3173E+00
  0.3186E+00
  0.3199E+00
  0.3212E+00
  0.3225E+00
  0.3238E+00
  0.3251E+00
  0.3264E+00
  0.3277E+00
  0.3290E+00
  0.3303E+00
  0.3317E+00
  0.3330E+00
  0.3343E+00
  0.3357E+00
  0.3370E+00
  0.3383E+00
  0.3397E+00
  0.3410E+00
  0.3424E+00
  0.3437E+00
  0.3451E+00
  0.3465E+00
  0.3478E+00
  0.3492E+00
  0.3506E+00
  0.3520E+00
  0.3534E+00
  0.3548E+00
  0.3561E+00
  0.3575E+00
  0.3590E+00
  0.3604E+00
  0.3618E+00
  0.3632E+00
  0.3646E+00
  0.3660E+00
  0.3675E+00
  0.3689E+00
  0.3703E+00
  0.3718E+00
  0.3732E+00
  0.3747E+00
  0.3761E+00
  0.3776E+00
  0.3790E+00
  0.3805E+00
  0.3820E+00
  0.3834E+00
  0.3849E+00
  0.3864E+00
  0.3879E+00
  0.3894E+00
  0.3909E+00
  0.3924E+00
  0.3939E+00
  0.3954E+00
  0.3969E+00
  0.3984E+00
  0.3999E+00
  0.4015E+00
  0.4030E+00
  0.4045E+00
  0.4061E+00
  0.4076E+00
  0.4092E+00
  0.4107E+00
  0.4123E+00
  0.4138E+00
  0.4154E+00
  0.4170E+00
  0.4185E+00
  0.4201E+00
  0.4217E+00
  0.4233E+00
  0.4249E+00
  0.4265E+00
  0.4281E+00
  0.4297E+00
  0.4313E+00
  0.4329E+00
  0.4345E+00
  0.4361E+00
  0.4378E+00
  0.4394E+00
  0.4410E+00
  0.4427E+00
  0.4443E+00
  0.4460E+00
  0.4476E+00
  0.4493E+00
  0.4510E+00
  0.4526E+00
  0.4543E+00
  0.4560E+00
  0.4577E+00
  0.4594E+00
  0.4610E+00
  0.4627E+00
  0.4644E+00
  0.4661E+00
  0.4679E+00
  0.4696E+00
  0.4713E+00
  0.4730E+00
  0.4748E+00
  0.4765E+00
  0.4782E+00
  0.4800E+00
  0.4817E+00
  0.4835E+00
  0.4852E+00
  0.4870E+00
  0.4888E+00
  0.4905E+00
  0.4923E+00
  0.4941E+00
  0.4959E+00
  0.4977E+00
  0.4995E+00
  0.5013E+00
  0.5031E+00
  0.5049E+00
  0.5067E+00
  0.5085E+00
  0.5104E+00
  0.5122E+00
  0.5140E+00
  0.5159E+00
  0.5177E+00
  0.5196E+00
  0.5214E+00
  0.5233E+00
  0.5252E+00
  0.5270E+00
  0.5289E+00
  0.5308E+00
  0.5327E+00
  0.5346E+00
  0.5365E+00
  0.5384E+00
  0.5403E+00
  0.5422E+00
  0.5441E+00
  0.5460E+00
  0.5479E+00
  0.5499E+00
  0.5518E+00
  0.5538E+00
  0.5557E+00
  0.5577E+00
  0.5596E+00
  0.5616E+00
  0.5635E+00
  0.5655E+00
  0.5675E+00
  0.5695E+00
  0.5715E+00
  0.5735E+00
  0.5755E+00
  0.5775E+00
  0.5795E+00
  0.5815E+00
  0.5835E+00
  0.5855E+00
  0.5876E+00
  0.5896E+00
  0.5916E+00
  0.5937E+00
  0.5957E+00
  0.5978E+00
  0.5999E+00
  0.6019E+00
  0.6040E+00
  0.6061E+00
  0.6082E+00
  0.6102E+00
  0.6123E+00
  0.6144E+00
  0.6165E+00
  0.6187E+00
  0.6208E+00
  0.6229E+00
  0.6250E+00
  0.6272E+00
  0.6293E+00
  0.6314E+00
  0.6336E+00
  0.6357E+00
  0.6379E+00
  0.6401E+00
  0.6422E+00
  0.6444E+00
  0.6466E+00
  0.6488E+00
  0.6510E+00
  0.6532E+00
  0.6554E+00
  0.6576E+00
  0.6598E+00
  0.6620E+00
  0.6642E+00
  0.6665E+00
  0.6687E+00
  0.6710E+00
  0.6732E+00
  0.6755E+00
  0.6777E+00
  0.6800E+00
  0.6823E+00
  0.6845E+00
  0.6868E+00
  0.6891E+00
  0.6914E+00
  0.6937E+00
  0.6960E+00
  0.6983E+00
  0.7006E+00
  0.7030E+00
  0.7053E+00
  0.7076E+00
  0.7100E+00
  0.7123E+00
  0.7147E+00
  0.7170E+00
  0.7194E+00
  0.7217E+00
  0.7241E+00
  0.7265E+00
  0.7289E+00
  0.7313E+00
  0.7337E+00
  0.7361E+00
  0.7385E+00
  0.7409E+00
  0.7433E+00
  0.7458E+00
  0.7482E+00
  0.7506E+00
  0.7531E+00
  0.7555E+00
  0.7580E+00
  0.7605E+00
  0.7629E+00
  0.7654E+00
  0.7679E+00
  0.7704E+00
  0.7729E+00
  0.7754E+00
  0.7779E+00
  0.7804E+00
  0.7829E+00
  0.7854E+00
  0.7880E+00
  0.7905E+00
  0.7930E+00
  0.7956E+00
  0.7981E+00
  0.8007E+00
  0.8033E+00
  0.8058E+00
  0.8084E+00
  0.8110E+00
  0.8136E+00
  0.8162E+00
  0.8188E+00
  0.8214E+00
  0.8240E+00
  0.8266E+00
  0.8293E+00
  0.8319E+00
  0.8346E+00
  0.8372E+00
  0.8399E+00
  0.8425E+00
  0.8452E+00
  0.8479E+00
  0.8505E+00
  0.8532E+00
  0.8559E+00
  0.8586E+00
  0.8613E+00
  0.8640E+00
  0.8668E+00
  0.8695E+00
  0.8722E+00
  0.8749E+00
  0.8777E+00
  0.8804E+00
  0.8832E+00
  0.8860E+00
  0.8887E+00
  0.8915E+00
  0.8943E+00
  0.8971E+00
  0.8999E+00
  0.9027E+00
  0.9055E+00
  0.9083E+00
  0.9111E+00
  0.9139E+00
  0.9168E+00
  0.9196E+00
  0.9225E+00
  0.9253E+00
  0.9282E+00
  0.9311E+00
  0.9339E+00
  0.9368E+00
  0.9397E+00
  0.9426E+00
  0.9455E+00
  0.9484E+00
  0.9513E+00
  0.9542E+00
  0.9572E+00
  0.9601E+00
  0.9630E+00
  0.9660E+00
  0.9689E+00
  0.9719E+00
  0.9749E+00
  0.9779E+00
  0.9808E+00
  0.9838E+00
  0.9868E+00
  0.9898E+00
  0.9928E+00
  0.9959E+00
  0.9989E+00
  0.1002E+01
  0.1005E+01
  0.1008E+01
  0.1011E+01
  0.1014E+01
  0.1017E+01
  0.1020E+01
  0.1023E+01
  0.1026E+01
  0.1029E+01
  0.1033E+01
  0.1036E+01
  0.1039E+01
  0.1042E+01
  0.1045E+01
  0.1048E+01
  0.1051E+01
  0.1054E+01
  0.1058E+01
  0.1061E+01
  0.1064E+01
  0.1067E+01
  0.1070E+01
  0.1074E+01
  0.1077E+01
  0.1080E+01
  0.1083E+01
  0.1086E+01
  0.1090E+01
  0.1093E+01
  0.1096E+01
  0.1099E+01
  0.1103E+01
  0.1106E+01
  0.1109E+01
  0.1112E+01
  0.1116E+01
  0.1119E+01
  0.1122E+01
  0.1126E+01
  0.1129E+01
  0.1132E+01
  0.1136E+01
  0.1139E+01
  0.1142E+01
  0.1146E+01
  0.1149E+01
  0.1152E+01
  0.1156E+01
  0.1159E+01
  0.1162E+01
  0.1166E+01
  0.1169E+01
  0.1173E+01
  0.1176E+01
  0.1179E+01
  0.1183E+01
  0.1186E+01
  0.1190E+01
  0.1193E+01
  0.1197E+01
  0.1200E+01
  0.1204E+01
  0.1207E+01
  0.1211E+01
  0.1214E+01
  0.1218E+01
  0.1221E+01
  0.1225E+01
  0.1228E+01
  0.1232E+01
  0.1235E+01
  0.1239E+01
  0.1242E+01
  0.1246E+01
  0.1250E+01
  0.1253E+01
  0.1257E+01
  0.1260E+01
  0.1264E+01
  0.1268E+01
  0.1271E+01
  0.1275E+01
  0.1278E+01
  0.1282E+01
  0.1286E+01
  0.1289E+01
  0.1293E+01
  0.1297E+01
  0.1300E+01
  0.1304E+01
  0.1308E+01
  0.1312E+01
  0.1315E+01
  0.1319E+01
  0.1323E+01
  0.1326E+01
  0.1330E+01
  0.1334E+01
  0.1338E+01
  0.1341E+01
  0.1345E+01
  0.1349E+01
  0.1353E+01
  0.1357E+01
  0.1360E+01
  0.1364E+01
  0.1368E+01
  0.1372E+01
  0.1376E+01
  0.1380E+01
  0.1384E+01
  0.1387E+01
  0.1391E+01
  0.1395E+01
  0.1399E+01
  0.1403E+01
  0.1407E+01
  0.1411E+01
  0.1415E+01
  0.1419E+01
  0.1423E+01
  0.1427E+01
  0.1430E+01
  0.1434E+01
  0.1438E+01
  0.1442E+01
  0.1446E+01
  0.1450E+01
  0.1454E+01
  0.1458E+01
  0.1462E+01
  0.1466E+01
  0.1471E+01
  0.1475E+01
  0.1479E+01
  0.1483E+01
  0.1487E+01
  0.1491E+01
  0.1495E+01
  0.1499E+01
  0.1503E+01
  0.1507E+01
  0.1511E+01
  0.1516E+01
  0.1520E+01
  0.1524E+01
  0.1528E+01
  0.1532E+01
  0.1536E+01
  0.1540E+01
  0.1545E+01
  0.1549E+01
  0.1553E+01
  0.1557E+01
  0.1562E+01
  0.1566E+01
  0.1570E+01
  0.1574E+01
  0.1579E+01
  0.1583E+01
  0.1587E+01
  0.1591E+01
  0.1596E+01
  0.1600E+01
  0.1604E+01
  0.1609E+01
  0.1613E+01
  0.1617E+01
  0.1622E+01
  0.1626E+01
  0.1630E+01
  0.1635E+01
  0.1639E+01
  0.1644E+01
  0.1648E+01
  0.1652E+01
  0.1657E+01
  0.1661E+01
  0.1666E+01
  0.1670E+01
  0.1675E+01
  0.1679E+01
  0.1683E+01
  0.1688E+01
  0.1692E+01
  0.1697E+01
  0.1701E+01
  0.1706E+01
  0.1710E+01
  0.1715E+01
  0.1720E+01
  0.1724E+01
  0.1729E+01
  0.1733E+01
  0.1738E+01
  0.1742E+01
  0.1747E+01
  0.1752E+01
  0.1756E+01
  0.1761E+01
  0.1765E+01
  0.1770E+01
  0.1775E+01
  0.1779E+01
  0.1784E+01
  0.1789E+01
  0.1794E+01
  0.1798E+01
  0.1803E+01
  0.1808E+01
  0.1812E+01
  0.1817E+01
  0.1822E+01
  0.1827E+01
  0.1831E+01
  0.1836E+01
  0.1841E+01
  0.1846E+01
  0.1851E+01
  0.1855E+01
  0.1860E+01
  0.1865E+01
  0.1870E+01
  0.1875E+01
  0.1880E+01
  0.1884E+01
  0.1889E+01
  0.1894E+01
  0.1899E+01
  0.1904E+01
  0.1909E+01
  0.1914E+01
  0.1919E+01
  0.1924E+01
  0.1929E+01
  0.1934E+01
  0.1939E+01
  0.1944E+01
  0.1949E+01
  0.1954E+01
  0.1959E+01
  0.1964E+01
  0.1969E+01
  0.1974E+01
  0.1979E+01
  0.1984E+01
  0.1989E+01
  0.1994E+01
  0.1999E+01
  0.2004E+01
  0.2009E+01
  0.2014E+01
  0.2019E+01
  0.2025E+01
  0.2030E+01
  0.2035E+01
  0.2040E+01
  0.2045E+01
  0.2050E+01
  0.2056E+01
  0.2061E+01
  0.2066E+01
  0.2071E+01
  0.2076E+01
  0.2082E+01
  0.2087E+01
  0.2092E+01
  0.2098E+01
  0.2103E+01
  0.2108E+01
  0.2113E+01
  0.2119E+01
  0.2124E+01
  0.2129E+01
  0.2135E+01
  0.2140E+01
  0.2145E+01
  0.2151E+01
  0.2156E+01
  0.2162E+01
  0.2167E+01
  0.2172E+01
  0.2178E+01
  0.2183E+01
  0.2189E+01
  0.2194E+01
  0.2200E+01
  0.2205E+01
  0.2211E+01
  0.2216E+01
  0.2222E+01
  0.2227E+01
  0.2233E+01
  0.2238E+01
  0.2244E+01
  0.2249E+01
  0.2255E+01
  0.2260E+01
  0.2266E+01
  0.2272E+01
  0.2277E+01
  0.2283E+01
  0.2288E+01
  0.2294E+01
  0.2300E+01
  0.2305E+01
  0.2311E+01
  0.2317E+01
  0.2323E+01
  0.2328E+01
  0.2334E+01
  0.2340E+01
  0.2345E+01
  0.2351E+01
  0.2357E+01
  0.2363E+01
  0.2368E+01
  0.2374E+01
  0.2380E+01
  0.2386E+01
  0.2392E+01
  0.2397E+01
  0.2403E+01
  0.2409E+01
  0.2415E+01
  0.2421E+01
  0.2427E+01
  0.2433E+01
  0.2439E+01
  0.2445E+01
  0.2450E+01
  0.2456E+01
  0.2462E+01
  0.2468E+01
  0.2474E+01
  0.2480E+01
  0.2486E+01
  0.2492E+01
  0.2498E+01
  0.2504E+01
  0.2510E+01
  0.2516E+01
  0.2522E+01
  0.2528E+01
  0.2535E+01
  0.2541E+01
  0.2547E+01
  0.2553E+01
  0.2559E+01
  0.2565E+01
  0.2571E+01
  0.2577E+01
  0.2584E+01
  0.2590E+01
  0.2596E+01
  0.2602E+01
  0.2608E+01
  0.2615E+01
  0.2621E+01
  0.2627E+01
  0.2633E+01
  0.2640E+01
  0.2646E+01
  0.2652E+01
  0.2658E+01
  0.2665E+01
  0.2671E+01
  0.2677E+01
  0.2684E+01
  0.2690E+01
  0.2697E+01
  0.2703E+01
  0.2709E+01
  0.2716E+01
  0.2722E+01
  0.2729E+01
  0.2735E+01
  0.2741E+01
  0.2748E+01
  0.2754E+01
  0.2761E+01
  0.2767E+01
  0.2774E+01
  0.2780E+01
  0.2787E+01
  0.2793E+01
  0.2800E+01
  0.2807E+01
  0.2813E+01
  0.2820E+01
  0.2826E+01
  0.2833E+01
  0.2840E+01
  0.2846E+01
  0.2853E+01
  0.2859E+01
  0.2866E+01
  0.2873E+01
  0.2879E+01
  0.2886E+01
  0.2893E+01
  0.2900E+01
  0.2906E+01
  0.2913E+01
  0.2920E+01
  0.2927E+01
  0.2933E+01
  0.2940E+01
  0.2947E+01
  0.2954E+01
  0.2961E+01
  0.2968E+01
  0.2974E+01
  0.2981E+01
  0.2988E+01
  0.2995E+01
  0.3002E+01
  0.3009E+01
  0.3016E+01
  0.3023E+01
  0.3030E+01
  0.3037E+01
  0.3044E+01
  0.3051E+01
  0.3058E+01
  0.3065E+01
  0.3072E+01
  0.3079E+01
  0.3086E+01
  0.3093E+01
  0.3100E+01
  0.3107E+01
  0.3114E+01
  0.3121E+01
  0.3128E+01
  0.3135E+01
  0.3143E+01
  0.3150E+01
  0.3157E+01
  0.3164E+01
  0.3171E+01
  0.3178E+01
  0.3186E+01
  0.3193E+01
  0.3200E+01
  0.3207E+01
  0.3215E+01
  0.3222E+01
  0.3229E+01
  0.3237E+01
  0.3244E+01
  0.3251E+01
  0.3258E+01
  0.3266E+01
  0.3273E+01
  0.3281E+01
  0.3288E+01
  0.3295E+01
  0.3303E+01
  0.3310E+01
  0.3318E+01
  0.3325E+01
  0.3333E+01
  0.3340E+01
  0.3348E+01
  0.3355E+01
  0.3363E+01
  0.3370E+01
  0.3378E+01
  0.3385E+01
  0.3393E+01
  0.3400E+01
  0.3408E+01
  0.3416E+01
  0.3423E+01
  0.3431E+01
  0.3438E+01
  0.3446E+01
  0.3454E+01
  0.3461E+01
  0.3469E+01
  0.3477E+01
  0.3485E+01
  0.3492E+01
  0.3500E+01
  0.3508E+01
  0.3516E+01
  0.3523E+01
  0.3531E+01
  0.3539E+01
  0.3547E+01
  0.3555E+01
  0.3562E+01
  0.3570E+01
  0.3578E+01
  0.3586E+01
  0.3594E+01
  0.3602E+01
  0.3610E+01
  0.3618E+01
  0.3626E+01
  0.3634E+01
  0.3642E+01
  0.3650E+01
  0.3658E+01
  0.3666E+01
  0.3674E+01
  0.3682E+01
  0.3690E+01
  0.3698E+01
  0.3706E+01
  0.3714E+01
  0.3722E+01
  0.3730E+01
  0.3738E+01
  0.3747E+01
  0.3755E+01
  0.3763E+01
  0.3771E+01
  0.3779E+01
  0.3788E+01
  0.3796E+01
  0.3804E+01
  0.3812E+01
  0.3821E+01
  0.3829E+01
  0.3837E+01
  0.3845E+01
  0.3854E+01
  0.3862E+01
  0.3870E+01
  0.3879E+01
  0.3887E+01
  0.3896E+01
  0.3904E+01
  0.3912E+01
  0.3921E+01
  0.3929E+01
  0.3938E+01
  0.3946E+01
  0.3955E+01
  0.3963E+01
  0.3972E+01
  0.3980E+01
  0.3989E+01
  0.3997E+01
  0.4006E+01
  0.4015E+01
  0.4023E+01
  0.4032E+01
  0.4040E+01
  0.4049E+01
  0.4058E+01
  0.4066E+01
  0.4075E+01
  0.4084E+01
  0.4092E+01
  0.4101E+01
  0.4110E+01
  0.4119E+01
  0.4127E+01
  0.4136E+01
  0.4145E+01
  0.4154E+01
  0.4163E+01
  0.4171E+01
  0.4180E+01
  0.4189E+01
  0.4198E+01
  0.4207E+01
  0.4216E+01
  0.4225E+01
  0.4234E+01
  0.4243E+01
  0.4252E+01
  0.4261E+01
  0.4270E+01
  0.4279E+01
  0.4288E+01
  0.4297E+01
  0.4306E+01
  0.4315E+01
  0.4324E+01
  0.4333E+01
  0.4342E+01
  0.4351E+01
  0.4360E+01
  0.4369E+01
  0.4379E+01
  0.4388E+01
  0.4397E+01
  0.4406E+01
  0.4415E+01
  0.4425E+01
  0.4434E+01
  0.4443E+01
  0.4452E+01
  0.4462E+01
  0.4471E+01
  0.4480E+01
  0.4490E+01
  0.4499E+01
  0.4508E+01
  0.4518E+01
  0.4527E+01
  0.4537E+01
  0.4546E+01
  0.4555E+01
  0.4565E+01
  0.4574E+01
  0.4584E+01
  0.4593E+01
  0.4603E+01
  0.4612E+01
  0.4622E+01
  0.4631E+01
  0.4641E+01
  0.4651E+01
  0.4660E+01
  0.4670E+01
  0.4679E+01
  0.4689E+01
  0.4699E+01
  0.4708E+01
  0.4718E+01
  0.4728E+01
  0.4738E+01
  0.4747E+01
  0.4757E+01
  0.4767E+01
  0.4777E+01
  0.4786E+01
  0.4796E+01
  0.4806E+01
  0.4816E+01
  0.4826E+01
  0.4836E+01
  0.4845E+01
  0.4855E+01
  0.4865E+01
  0.4875E+01
  0.4885E+01
  0.4895E+01
  0.4905E+01
  0.4915E+01
  0.4925E+01
  0.4935E+01
  0.4945E+01
  0.4955E+01
  0.4965E+01
  0.4975E+01
  0.4985E+01
  0.4996E+01
  0.5006E+01
  0.5016E+01
  0.5026E+01
  0.5036E+01
  0.5046E+01
  0.5057E+01
  0.5067E+01
  0.5077E+01
  0.5087E+01
  0.5098E+01
  0.5108E+01
  0.5118E+01
  0.5128E+01
  0.5139E+01
  0.5149E+01
  0.5160E+01
  0.5170E+01
  0.5180E+01
  0.5191E+01
  0.5201E+01
  0.5212E+01
  0.5222E+01
  0.5233E+01
  0.5243E+01
  0.5253E+01
