 Temperature at each layer [K]
    217.9422
    204.6840
    200.2763
    197.1114
    194.3811
    191.8890
    189.5303
    187.7049
    186.3087
    185.1379
    184.4355
    183.9371
    183.0700
    181.0700
    178.6700
    176.8700
    174.8700
    172.6517
    170.0145
    167.0658
    163.7687
    160.6307
    157.8184
    155.3296
    153.3047
    151.4039
    149.3994
    147.4920
    145.9639
    144.6424
    143.9838
    143.6183
    143.2968
    143.0806
    142.5217
    141.9560
    140.9291
    139.8081
    138.4234
    136.8024
    135.1044
    133.1519
    131.3330
    129.6004
    127.9838
    126.4278
    124.9879
    123.5387
    121.9907
    121.0640
