 Adiabat temperature at each layer [K]
    217.9422
    204.1642
    191.2335
    179.1171
    167.7675
    157.1369
    147.1799
    137.8539
    129.1188
    120.9372
    119.9978
    119.9978
    119.9978
    119.9978
    119.9978
    119.9978
    119.9978
    119.9978
    119.9978
    119.9978
    119.9978
    119.9978
    119.9978
    119.9978
    119.9978
    119.9978
    119.9978
    119.9978
    119.9978
    119.9978
    119.9978
    119.9978
    119.9978
    119.9978
    119.9978
    119.9978
    119.9978
    119.9978
    119.9978
    119.9978
    119.9978
    119.9978
    119.9978
    119.9978
    119.9978
    119.9978
    119.9978
    119.9978
    119.9978
    119.9978
