 Flux gradient shortwave
       -0.4521
       -0.5522
       -0.7170
       -0.9146
       -1.1254
       -1.3380
       -1.5361
       -1.7026
       -1.8278
       -1.9132
       -1.9694
       -2.0108
       -2.0503
       -2.0971
       -2.1574
       -2.2347
       -2.3332
       -2.4598
       -2.6205
       -2.8109
       -3.0126
       -3.2018
       -3.3636
       -3.4997
       -3.7011
       -3.9759
       -4.2686
       -4.5776
       -4.9013
       -5.2368
       -5.5860
       -5.9642
       -6.3846
       -6.8440
       -7.3615
       -7.9844
       -8.7200
       -9.4862
      -10.1218
      -10.7142
      -11.4303
      -12.3326
      -14.2373
      -15.4153
      -10.9601
       -3.5640
       -1.7663
       -0.9430
       -0.3417
       -0.0048
