 Shortwave heating rate [K/s]
  0.1404E-05
  0.2122E-05
  0.3381E-05
  0.5248E-05
  0.7778E-05
  0.1102E-04
  0.1490E-04
  0.1923E-04
  0.2375E-04
  0.2829E-04
  0.3277E-04
  0.3730E-04
  0.4202E-04
  0.4715E-04
  0.5287E-04
  0.5941E-04
  0.6703E-04
  0.7616E-04
  0.8728E-04
  0.1006E-03
  0.1159E-03
  0.1324E-03
  0.1496E-03
  0.1678E-03
  0.1917E-03
  0.2229E-03
  0.2600E-03
  0.3038E-03
  0.3560E-03
  0.4181E-03
  0.4927E-03
  0.5844E-03
  0.6995E-03
  0.8445E-03
  0.1031E-02
  0.1282E-02
  0.1621E-02
  0.2068E-02
  0.2626E-02
  0.3365E-02
  0.4439E-02
  0.6078E-02
  0.9204E-02
  0.1365E-01
  0.1412E-01
  0.7296E-02
  0.6617E-02
  0.8452E-02
  0.1506E-01
  0.1260E-01
