 Rayleigh Transmission
                          0.9999999999980111E+00
                          0.9999999996932114E+00
                          0.9999999996579717E+00
                          0.9999999967172479E+00
                          0.9999999902367880E+00
                          0.9999999951138009E+00
                          0.9999999716607335E+00
                          0.9999999889295753E+00
                          0.9999999981030190E+00
                          0.9999999814732641E+00
                          0.9999999996300881E+00
                          0.9999996062840744E+00
                          0.9999987614091388E+00
                          0.9999999999565986E+00
                          0.9999999999846432E+00
                          0.9999999996496286E+00
                          0.9999999999988637E+00
                          0.9999999998320990E+00
                          0.9999999999994300E+00
                          0.9999999999988107E+00
                          0.9999999999990576E+00
                          0.9999999999931565E+00
                          0.9999999999937752E+00
                          0.9999999998323804E+00
                          0.9999999905169993E+00
                          0.9999999740771168E+00
                          0.9999980676284568E+00
                          0.9999883292832362E+00
                          0.9999999200622081E+00
                          0.9999999883901182E+00
                          0.9999999775576622E+00
                          0.9999999999969222E+00
                          0.9999999999920045E+00
                          0.9999999999967087E+00
                          0.9999999999911026E+00
                          0.9999999999958952E+00
                          0.9999999999954035E+00
                          0.9999999999948523E+00
                          0.9999999999919078E+00
                          0.9999999999930864E+00
                          0.9999999999930044E+00
                          0.9999999999922552E+00
                          0.9999999999903133E+00
                          0.9999999999886965E+00
                          0.9999999999897097E+00
                          0.9999999999888091E+00
                          0.9999999999816233E+00
                          0.9999999999866773E+00
                          0.9999999999855113E+00
                          0.9999999999829032E+00
                          0.9999999999093739E+00
                          0.9999999999335983E+00
                          0.9999997932485256E+00
                          0.9999999999743130E+00
                          0.9999999999339674E+00
                          0.9999999994746662E+00
                          0.9999999999658291E+00
                          0.9999999999654443E+00
                          0.9999999999462719E+00
                          0.9999999998839074E+00
                          0.9999999998628393E+00
                          0.9999999998762669E+00
                          0.9999999997203430E+00
                          0.9999999963460546E+00
                          0.9999999999202861E+00
                          0.9999999997323127E+00
                          0.9999999972160065E+00
                          0.9999999997975767E+00
                          0.9999999994935311E+00
                          0.9999999998426101E+00
                          0.9999999998548068E+00
                          0.9999999998982447E+00
                          0.9999999999099718E+00
                          0.9999999996182348E+00
                          0.9999999999129248E+00
                          0.9999999502101102E+00
                          0.9998562017699613E+00
                          0.9999999996728011E+00
                          0.9999999998713924E+00
                          0.9999999998909240E+00
                          0.9999999998836044E+00
                          0.9999999879943655E+00
                          0.9999999879389281E+00
                          0.9999964456216514E+00
                          0.9999937310289077E+00
                          0.9999999998485969E+00
                          0.9999999998508086E+00
                          0.9999999998439028E+00
                          0.9999999998364193E+00
                          0.9999999996763178E+00
                          0.9999999404427914E+00
                          0.9991777594378514E+00
                          0.9859306833104124E+00
                          0.9999257338662311E+00
                          0.9998483796612037E+00
                          0.9999976478685865E+00
                          0.9999999995496029E+00
                          0.9999999997587510E+00
                          0.9999999997485589E+00
                          0.9999999996664470E+00
                          0.9999999993805200E+00
                          0.9999999997104588E+00
                          0.9999999997023458E+00
                          0.9999997640132875E+00
                          0.9999999995383763E+00
                          0.9999999994440655E+00
                          0.9999999996521542E+00
                          0.9999999996362587E+00
                          0.9999999996257821E+00
                          0.9999999996149627E+00
                          0.9999999995904381E+00
                          0.9999999995663681E+00
                          0.9999999995712781E+00
                          0.9999999995554655E+00
                          0.9999999995393115E+00
                          0.9999999995237033E+00
                          0.9999999995067915E+00
                          0.9999999994897205E+00
                          0.9999999994553473E+00
                          0.9999999994030074E+00
                          0.9999999890178604E+00
                          0.9999999994144575E+00
                          0.9999999993876940E+00
                          0.9999996110296852E+00
                          0.9999999991641676E+00
                          0.9999999937150094E+00
                          0.9999999993124133E+00
                          0.9999999992681932E+00
                          0.9999999992643600E+00
                          0.9999999991787677E+00
                          0.9999999992214005E+00
                          0.9999999991961298E+00
                          0.9999999991698042E+00
                          0.9999999274440783E+00
                          0.9999999917897014E+00
                          0.9999999990936823E+00
                          0.9999999955686425E+00
                          0.9999999975198993E+00
                          0.9999999990035190E+00
                          0.9999999989098511E+00
                          0.9999999964050086E+00
                          0.9999999859696178E+00
                          0.9999773124849545E+00
                          0.9999999478632434E+00
                          0.9999985997061640E+00
                          0.9999974798447571E+00
                          0.9999999821603913E+00
                          0.9998390580702216E+00
                          0.9999985708288606E+00
                          0.9999921544445124E+00
                          0.9999999886095318E+00
                          0.9999999981953150E+00
                          0.9999999962371411E+00
                          0.9999999981584053E+00
                          0.9999999366035449E+00
                          0.9999999983921786E+00
                          0.9999999983510017E+00
                          0.9999999983346796E+00
                          0.9999999981502312E+00
                          0.9999999982542357E+00
                          0.9999999685747145E+00
                          0.9999999981145140E+00
                          0.9999999981250604E+00
                          0.9999999980783922E+00
                          0.9999999980244529E+00
                          0.9999999979822399E+00
                          0.9999991893859937E+00
                          0.9999999978825201E+00
                          0.9999999978191298E+00
                          0.9999999977796157E+00
                          0.9999999977266022E+00
                          0.9999999976726490E+00
                          0.9999999976177449E+00
                          0.9999999975618624E+00
                          0.9999999973035048E+00
                          0.9999999974195627E+00
                          0.9999999973883296E+00
                          0.9999916561394221E+00
                          0.9999999972672499E+00
                          0.9999999970500162E+00
                          0.9999999971305761E+00
                          0.9999999970782105E+00
                          0.9999999970127916E+00
                          0.9999999793977213E+00
                          0.9999999968770612E+00
                          0.9999999966222967E+00
                          0.9998008745623650E+00
                          0.9999999965790124E+00
                          0.9999999965990408E+00
                          0.9999999964470910E+00
                          0.9999999962565107E+00
                          0.9999999958525692E+00
                          0.9999999961202530E+00
                          0.9999999787287283E+00
                          0.9999999951381270E+00
                          0.9999999617860392E+00
                          0.9999999879247733E+00
                          0.9999380690572127E+00
                          0.9999999552621933E+00
                          0.9999999669830627E+00
                          0.9999998809404392E+00
                          0.9999999955227351E+00
                          0.9999999954044405E+00
                          0.9999999932164211E+00
                          0.9999983822508960E+00
                          0.9999999939614337E+00
                          0.9999999950980427E+00
                          0.9999999949891795E+00
                          0.9999999937883499E+00
                          0.9999999947962491E+00
                          0.9999999946766016E+00
                          0.9999999945960176E+00
                          0.9999999944082045E+00
                          0.9999999941923537E+00
                          0.9999999942295917E+00
                          0.9999999941391502E+00
                          0.9999998677351215E+00
                          0.9999999919901040E+00
                          0.9999999938507773E+00
                          0.9999999937380275E+00
                          0.9999999936224455E+00
                          0.9999999932812339E+00
                          0.9999999933867527E+00
                          0.9999999932701777E+00
                          0.9999999931483812E+00
                          0.9999999930253707E+00
                          0.9999999915857561E+00
                          0.9999999927671748E+00
                          0.9999999926461530E+00
                          0.9999999925163088E+00
                          0.9999999923847651E+00
                          0.9999999922507444E+00
                          0.9999999921163903E+00
                          0.9999999919745459E+00
                          0.9999999918406738E+00
                          0.9999999892352118E+00
                          0.9999999915584905E+00
                          0.9999999914140818E+00
                          0.9999999807874667E+00
                          0.9999999905904930E+00
                          0.9999999909708192E+00
                          0.9999999410921252E+00
                          0.9999999906605873E+00
                          0.9999999904411511E+00
                          0.9999999903483572E+00
                          0.9999999901898553E+00
                          0.9999999899626459E+00
                          0.9999999680806423E+00
                          0.9999999896197425E+00
                          0.9999999892793910E+00
                          0.9999999892621246E+00
                          0.9999999891848251E+00
                          0.9999999781874545E+00
                          0.9999998113524091E+00
                          0.9999999881391459E+00
                          0.9999999884907206E+00
                          0.9999999883125833E+00
                          0.9999999881293733E+00
                          0.9999999879219693E+00
                          0.9999999877405163E+00
                          0.9999999865185246E+00
                          0.9999999873572262E+00
                          0.9999999871740176E+00
                          0.9999999869813745E+00
                          0.9999999867813169E+00
                          0.9999999865806645E+00
                          0.9999999862071181E+00
                          0.9999999859480904E+00
                          0.9999999841515487E+00
                          0.9999999857501747E+00
                          0.9999999854349170E+00
                          0.9999999842485793E+00
                          0.9999999849507613E+00
                          0.9999999848785744E+00
                          0.9999999821611500E+00
                          0.9999998667718695E+00
                          0.9999999834695189E+00
                          0.9999999836980804E+00
                          0.9999999826867223E+00
                          0.9999999814361031E+00
                          0.9999999831452623E+00
                          0.9999999826868565E+00
                          0.9999999823376228E+00
                          0.9999999825321554E+00
                          0.9999999822745171E+00
                          0.9999999820432386E+00
                          0.9999999817893094E+00
                          0.9999999663010470E+00
                          0.9999999812209622E+00
                          0.9999999809962096E+00
                          0.9999999806395531E+00
                          0.9999999804840054E+00
                          0.9999999710808746E+00
                          0.9999999799161091E+00
                          0.9999999788311824E+00
                          0.9999999793873905E+00
                          0.9999999781331984E+00
                          0.9999999788287484E+00
                          0.9999999785382112E+00
                          0.9999999782142674E+00
                          0.9999999779499267E+00
                          0.9999999776655345E+00
                          0.9999999773676532E+00
                          0.9999999770568601E+00
                          0.9999999767432037E+00
                          0.9999999764532529E+00
                          0.9999999761023260E+00
                          0.9999999758314895E+00
                          0.9999999755147974E+00
                          0.9999999748833414E+00
                          0.9999999748679133E+00
                          0.9999999745472259E+00
                          0.9999999742182175E+00
                          0.9999999738862532E+00
                          0.9999999735509353E+00
                          0.9999999732120864E+00
                          0.9999999728634408E+00
                          0.9999999725194685E+00
                          0.9999999721741427E+00
                          0.9999999718255300E+00
                          0.9999999714668427E+00
                          0.9999999711126827E+00
                          0.9999999707468008E+00
                          0.9999999691900976E+00
                          0.9999999698964049E+00
                          0.9999999682668864E+00
                          0.9999999692701093E+00
                          0.9999999684300240E+00
                          0.9998310002269519E+00
                          0.9999999681188119E+00
                          0.9999999677019147E+00
                          0.9999999673160155E+00
                          0.9999999667172081E+00
                          0.9999999665443076E+00
                          0.9999999661393577E+00
                          0.9999999656655085E+00
                          0.9999999653162527E+00
                          0.9999999649089888E+00
                          0.9999999644905999E+00
                          0.9999999640684583E+00
                          0.9999999636428266E+00
                          0.9999999631762971E+00
                          0.9999999627798944E+00
                          0.9999999623425428E+00
                          0.9999999619016753E+00
                          0.9999999614565548E+00
                          0.9999999610077990E+00
                          0.9999999579053569E+00
                          0.9999997256707727E+00
                          0.9999999592966348E+00
                          0.9999999591632427E+00
                          0.9999999587047024E+00
                          0.9999999582255146E+00
                          0.9999385175536444E+00
                          0.9999999568400889E+00
                          0.9999999567889053E+00
                          0.9999999562993979E+00
                          0.9999999558051671E+00
                          0.9999999181535463E+00
                          0.9999999548099050E+00
                          0.9999999543037985E+00
                          0.9999999537932598E+00
                          0.9999999529004057E+00
                          0.9999999527353052E+00
                          0.9999999521519076E+00
                          0.9999999517127742E+00
                          0.9999999511812802E+00
                          0.9999999506458470E+00
                          0.9999999501049619E+00
                          0.9999999495613318E+00
                          0.9999999488061168E+00
                          0.9999999484589640E+00
                          0.9999999474889368E+00
                          0.9999999473386980E+00
                          0.9999999467717454E+00
                          0.9999999459513977E+00
                          0.9999999455997876E+00
                          0.9999999450257175E+00
                          0.9999999444580523E+00
                          0.9999999438679693E+00
                          0.9999999432720098E+00
                          0.9999999426545627E+00
                          0.9999999420676473E+00
                          0.9999999414608571E+00
                          0.9999999408467868E+00
                          0.9999999402284543E+00
                          0.9999999396052617E+00
                          0.9999999389770475E+00
                          0.9999999383439363E+00
                          0.9999999377059099E+00
                          0.9999999370629471E+00
                          0.9999999363842931E+00
                          0.9999999357620999E+00
                          0.9999999351041642E+00
                          0.9999999343996921E+00
                          0.9999999337731458E+00
                          0.9999999330999949E+00
                          0.9999999324217622E+00
                          0.9999999317382786E+00
                          0.9999999310392167E+00
                          0.9999999303560348E+00
                          0.9999999296570489E+00
                          0.9999999289527118E+00
                          0.9999999282431881E+00
                          0.9999999275284980E+00
                          0.9999999268083331E+00
                          0.9999999260828639E+00
                          0.9999999253518916E+00
                          0.9999999246133451E+00
                          0.9999999238740066E+00
                          0.9999998327089999E+00
                          0.9999999223697836E+00
                          0.9999999216158592E+00
                          0.9999999206881077E+00
                          0.9999999200659135E+00
                          0.9999999192890953E+00
                          0.9999999184388192E+00
                          0.9999999176049530E+00
                          0.9999999169494628E+00
                          0.9999999161512416E+00
                          0.9999999153428614E+00
                          0.9999999145383868E+00
                          0.9999999080985831E+00
                          0.9999999126589318E+00
                          0.9999998492868515E+00
                          0.9999999112355590E+00
                          0.9999999104010329E+00
                          0.9999999094710106E+00
                          0.9999999020916410E+00
                          0.9999998176512833E+00
                          0.9999995889943338E+00
                          0.9999998387635971E+00
                          0.9999998976903088E+00
                          0.9999999032154119E+00
                          0.9999999029671068E+00
                          0.9999999025937772E+00
                          0.9999999016950926E+00
                          0.9999999007901195E+00
                          0.9999998998785516E+00
                          0.9999998989614581E+00
                          0.9999998980379330E+00
                          0.9999998971065726E+00
                          0.9999998961711676E+00
                          0.9999998952287144E+00
                          0.9999998942796033E+00
                          0.9999998932990668E+00
                          0.9999998923621324E+00
                          0.9999998913936148E+00
                          0.9999998904177780E+00
                          0.9999998894369683E+00
                          0.9999998884487915E+00
                          0.9999998874540036E+00
                          0.9999998864525753E+00
                          0.9999998854444803E+00
                          0.9999998844296905E+00
                          0.9999998834061651E+00
                          0.9999998823797105E+00
                          0.9999998813448288E+00
                          0.9999998803028728E+00
                          0.9999998792541452E+00
                          0.9999998781982894E+00
                          0.9999998771361168E+00
                          0.9999998760666721E+00
                          0.9999998749902608E+00
                          0.9999998739068531E+00
                          0.9999998728164131E+00
                          0.9999998717188923E+00
                          0.9999998706143433E+00
                          0.9999998695019920E+00
                          0.9999998683838028E+00
                          0.9999998672577760E+00
                          0.9999998661243712E+00
                          0.9999998649840683E+00
                          0.9999998638363192E+00
                          0.9999998626812633E+00
                          0.9999998615188633E+00
                          0.9999998599436146E+00
                          0.9999998591719912E+00
                          0.9999998579874351E+00
                          0.9999998567951475E+00
                          0.9999998555949501E+00
                          0.9999998543888081E+00
                          0.9999998531742754E+00
                          0.9999998517640653E+00
                          0.9999998507206836E+00
                          0.9999998494848824E+00
                          0.9999998482396776E+00
                          0.9999998469869948E+00
                          0.9999998457211903E+00
                          0.9999998444577307E+00
                          0.9999998431819799E+00
                          0.9999998418943776E+00
                          0.9999998405946638E+00
                          0.9999998393064461E+00
                          0.9999998379915038E+00
                          0.9999998366831230E+00
                          0.9999998353595277E+00
                          0.9999998340274151E+00
                          0.9999998326881400E+00
                          0.9999998313403321E+00
                          0.9999998299843864E+00
                          0.9999998286202519E+00
                          0.9999998272478584E+00
                          0.9999998258674589E+00
                          0.9999998244641923E+00
                          0.9999998230816232E+00
                          0.9999998216758442E+00
                          0.9999998202614531E+00
                          0.9999998188403397E+00
                          0.9999998174098066E+00
                          0.9999998159388535E+00
                          0.9999998145218386E+00
                          0.9999998130672649E+00
                          0.9999998116026837E+00
                          0.9999998101295130E+00
                          0.9999998086477200E+00
                          0.9999998071572702E+00
                          0.9999998056581307E+00
                          0.9999998041502663E+00
                          0.9999998026336471E+00
                          0.9999998011079949E+00
                          0.9999997995739981E+00
                          0.9999997980309018E+00
                          0.9999997964789122E+00
                          0.9999997949179954E+00
                          0.9999997933481171E+00
                          0.9999997917692430E+00
                          0.9999997901813384E+00
                          0.9999997885843699E+00
                          0.9999997858889363E+00
                          0.9999997853626450E+00
                          0.9999997837387341E+00
                          0.9999997820959011E+00
                          0.9999997803307588E+00
                          0.9999997788102253E+00
                          0.9999997771488881E+00
                          0.9999997754781593E+00
                          0.9999997737980511E+00
                          0.9999997721084060E+00
                          0.9999997704095742E+00
                          0.9999997686938872E+00
                          0.9999997669811542E+00
                          0.9999997651987352E+00
                          0.9999997634826659E+00
                          0.9999997617715876E+00
                          0.9999997599367295E+00
                          0.9999997582493579E+00
                          0.9999997564718529E+00
                          0.9999997546877958E+00
                          0.9999997528925667E+00
                          0.9999997510873384E+00
                          0.9999997492720619E+00
                          0.9999997474216690E+00
                          0.9999997456119201E+00
                          0.9999997437673522E+00
                          0.9999997418327395E+00
                          0.9999997400466168E+00
                          0.9999997381723845E+00
                          0.9999997362872476E+00
                          0.9999997343918583E+00
                          0.9999997324858279E+00
                          0.9999997305704603E+00
                          0.9999997286397477E+00
                          0.9999997168351507E+00
                          0.9999997229953509E+00
                          0.9999997228042510E+00
                          0.9999997208310941E+00
                          0.9999997188493975E+00
                          0.9999997168702737E+00
                          0.9999997148700381E+00
                          0.9999997128617040E+00
                          0.9999997108415172E+00
                          0.9999997088106224E+00
                          0.9999997067692291E+00
                          0.9999997047170179E+00
                          0.9999997025984333E+00
                          0.9999997004992830E+00
                          0.9999996977728223E+00
                          0.9999996963995246E+00
                          0.9999996942939386E+00
                          0.9999996921765847E+00
                          0.9999996900483803E+00
                          0.9999996879090941E+00
                          0.9999996857587536E+00
                          0.9999996835973191E+00
                          0.9999996814217216E+00
                          0.9999996792410210E+00
                          0.9999996770460796E+00
                          0.9999996748398924E+00
                          0.9999996726216842E+00
                          0.9999996703935707E+00
                          0.9999996681534731E+00
                          0.9999996659014823E+00
                          0.9999996636389260E+00
                          0.9999996613644511E+00
                          0.9999996590784737E+00
                          0.9999996567809349E+00
                          0.9999996544718032E+00
                          0.9999996521510391E+00
                          0.9999996496408463E+00
                          0.9999996474737758E+00
                          0.9999996451185647E+00
                          0.9999996427508817E+00
                          0.9999996403712388E+00
                          0.9999996379799920E+00
                          0.9999996355765861E+00
                          0.9999996331614789E+00
                          0.9999996307342632E+00
                          0.9999996282848025E+00
                          0.9999996258416337E+00
                          0.9999996231878507E+00
                          0.9999996209047499E+00
                          0.9999996030708679E+00
                          0.9999996159166624E+00
                          0.9999996134034601E+00
                          0.9999996108802983E+00
                          0.9999996083434132E+00
                          0.9999996057939773E+00
                          0.9999996032324696E+00
                          0.9999996006583390E+00
                          0.9999995980716762E+00
                          0.9999995954724898E+00
                          0.9999995928606056E+00
                          0.9999995902362835E+00
                          0.9999995875992055E+00
                          0.9999995849494292E+00
                          0.9999995822868966E+00
                          0.9999995796115740E+00
                          0.9999995769234192E+00
                          0.9999995742223942E+00
                          0.9999995715075400E+00
                          0.9999995687815643E+00
                          0.9999995654102390E+00
                          0.9999995632124384E+00
                          0.9999995605227555E+00
                          0.9999995577436248E+00
                          0.9999995549513595E+00
                          0.9999995521441536E+00
                          0.9999995493271602E+00
                          0.9999995464951538E+00
                          0.9999995436498208E+00
                          0.9999995407911203E+00
                          0.9999995379190098E+00
                          0.9999995350334476E+00
                          0.9999995321343904E+00
                          0.9999995292218007E+00
                          0.9999995262956317E+00
                          0.9999995233558431E+00
                          0.9999995204023925E+00
                          0.9999995174352374E+00
                          0.9999995144543361E+00
                          0.9999995114596458E+00
                          0.9999995084511232E+00
                          0.9999995054287284E+00
                          0.9999995023924162E+00
                          0.9999994993421447E+00
                          0.9999994962778593E+00
                          0.9999994931995537E+00
                          0.9999994901071483E+00
                          0.9999994870005159E+00
                          0.9999994838491318E+00
                          0.9999994807448418E+00
                          0.9999994775957921E+00
                          0.9999994744323041E+00
                          0.9999994712544690E+00
                          0.9999994680622467E+00
                          0.9999994648555608E+00
                          0.9999994616344516E+00
                          0.9999994583987637E+00
                          0.9999994547261274E+00
                          0.9999994518837620E+00
                          0.9999994486042378E+00
                          0.9999994453101252E+00
                          0.9999994420012213E+00
                          0.9999994386768535E+00
                          0.9999994353388967E+00
                          0.9999994319851291E+00
                          0.9999994286172734E+00
                          0.9999994252340202E+00
                          0.9999994218352172E+00
                          0.9999994178082963E+00
                          0.9999994149940021E+00
                          0.9999994102950601E+00
                          0.9999994080918995E+00
                          0.9999994046163018E+00
                          0.9999994011264793E+00
                          0.9999993976242445E+00
                          0.9999993941043687E+00
                          0.9999993905690893E+00
                          0.9999993870183486E+00
                          0.9999993834521390E+00
                          0.9999993798703490E+00
                          0.9999993762730393E+00
                          0.9999993726501014E+00
                          0.9999993689936028E+00
                          0.9999993653821272E+00
                          0.9999993616805037E+00
                          0.9999993580503330E+00
                          0.9999993543592077E+00
                          0.9999993506197259E+00
                          0.9999993468999937E+00
                          0.9999993431879295E+00
                          0.9999993394325792E+00
                          0.9999993356608289E+00
                          0.9999993317816548E+00
                          0.9999993280688955E+00
                          0.9999993242486199E+00
                          0.9999993204110539E+00
                          0.9999993160083070E+00
                          0.9999993126900046E+00
                          0.9999993088043847E+00
                          0.9999993048815512E+00
                          0.9999993009837227E+00
                          0.9999992970485689E+00
                          0.9999992930969177E+00
                          0.9999992891285718E+00
                          0.9999992851435436E+00
                          0.9999992811417832E+00
                          0.9999992771232438E+00
                          0.9999992730878818E+00
                          0.9999992690356467E+00
                          0.9999992649664939E+00
                          0.9999992608803745E+00
                          0.9999992567772437E+00
                          0.9999992526524975E+00
                          0.9999992485197534E+00
                          0.9999992441155746E+00
                          0.9999992401936446E+00
                          0.9999992360047416E+00
                          0.9999992317984645E+00
                          0.9999992275720224E+00
                          0.9999992233340608E+00
                          0.9999992186226825E+00
                          0.9999992147991958E+00
                          0.9999992105052217E+00
                          0.9999992061944747E+00
                          0.9999992018573350E+00
                          0.9999991958420300E+00
                          0.9999991931562779E+00
                          0.9999991887747283E+00
                          0.9999991843740978E+00
                          0.9999991799576108E+00
                          0.9999991755222246E+00
                          0.9999991710686930E+00
                          0.9999991665974485E+00
                          0.9999991621080011E+00
                          0.9999991576004272E+00
                          0.9999991530746971E+00
                          0.9999991485307527E+00
                          0.9999991439685469E+00
                          0.9999991393879686E+00
                          0.9999991347458010E+00
                          0.9999991301718505E+00
                          0.9999991255360817E+00
                          0.9999991208793698E+00
                          0.9999991162091232E+00
                          0.9999991115177267E+00
                          0.9999991068076789E+00
                          0.9999991020789191E+00
                          0.9999990973314273E+00
                          0.9999990925651245E+00
                          0.9999990877799715E+00
                          0.9999990829757643E+00
                          0.9999990781529150E+00
                          0.9999990733109121E+00
                          0.9999990684498601E+00
                          0.9999990635695537E+00
                          0.9999990586704076E+00
                          0.9999990537519073E+00
                          0.9999990488141577E+00
                          0.9999990438571085E+00
                          0.9999990388804321E+00
                          0.9999990338849101E+00
                          0.9999990288696602E+00
                          0.9999990238349094E+00
                          0.9999990187806080E+00
                          0.9999990137064309E+00
                          0.9999990086131182E+00
                          0.9999990034998409E+00
                          0.9999989983668749E+00
                          0.9999989932140404E+00
                          0.9999989880413466E+00
                          0.9999989828406659E+00
                          0.9999989776358686E+00
                          0.9999989724036810E+00
                          0.9999989670503634E+00
                          0.9999989618759525E+00
                          0.9999989565854919E+00
                          0.9999989512724190E+00
                          0.9999989459390602E+00
                          0.9999989405648203E+00
                          0.9999989352113242E+00
                          0.9999989298168799E+00
                          0.9999989242248686E+00
                          0.9999989189664897E+00
                          0.9999989135104590E+00
                          0.9999989080331579E+00
                          0.9999989025362870E+00
                          0.9999988969955049E+00
                          0.9999988914777732E+00
                          0.9999988859163799E+00
                          0.9999988803374381E+00
                          0.9999988747377810E+00
                          0.9999988691152791E+00
                          0.9999988634717334E+00
                          0.9999988578070846E+00
                          0.9999988521213006E+00
                          0.9999988464143083E+00
                          0.9999988406860624E+00
                          0.9999988349365098E+00
                          0.9999988291654864E+00
                          0.9999988233732319E+00
                          0.9999988175594442E+00
                          0.9999988117241720E+00
                          0.9999988058628013E+00
                          0.9999987999887934E+00
                          0.9999987940886127E+00
                          0.9999987881666873E+00
                          0.9999987822101972E+00
                          0.9999987762574729E+00
                          0.9999987702670610E+00
                          0.9999987642606819E+00
                          0.9999987582293168E+00
                          0.9999987521758983E+00
                          0.9999987460988902E+00
                          0.9999987400026974E+00
                          0.9999987338828046E+00
                          0.9999987277406451E+00
                          0.9999987215761649E+00
                          0.9999987153893075E+00
                          0.9999987091800271E+00
                          0.9999987029482612E+00
                          0.9999986966939585E+00
                          0.9999986904170646E+00
                          0.9999986841175205E+00
                          0.9999986777952382E+00
                          0.9999986714502924E+00
                          0.9999986650824899E+00
                          0.9999986586918223E+00
                          0.9999986522782398E+00
                          0.9999986458416829E+00
                          0.9999986393820960E+00
                          0.9999986328993892E+00
                          0.9999986263907605E+00
                          0.9999986198646234E+00
                          0.9999986133121421E+00
                          0.9999986067368377E+00
                          0.9999986001379330E+00
                          0.9999985935153102E+00
                          0.9999985868692809E+00
                          0.9999985802004747E+00
                          0.9999985735051813E+00
                          0.9999985667910997E+00
                          0.9999985600508915E+00
                          0.9999985532844166E+00
                          0.9999985464991701E+00
                          0.9999985396874556E+00
                          0.9999985328520165E+00
                          0.9999985259340213E+00
                          0.9999985191089913E+00
                          0.9999985122013837E+00
                          0.9999985052696391E+00
                          0.9999984983137011E+00
                          0.9999984913335134E+00
                          0.9999984843289883E+00
                          0.9999984773001641E+00
                          0.9999984702468896E+00
                          0.9999984631691098E+00
                          0.9999984560657811E+00
                          0.9999984489399889E+00
                          0.9999984417884743E+00
                          0.9999984346122578E+00
                          0.9999984274112823E+00
                          0.9999984201854922E+00
                          0.9999984129348293E+00
                          0.9999984056592368E+00
                          0.9999983983586295E+00
                          0.9999983910330161E+00
                          0.9999983836823121E+00
                          0.9999983763016383E+00
                          0.9999983688981500E+00
                          0.9999983614789639E+00
                          0.9999983540272638E+00
                          0.9999983465501733E+00
                          0.9999983390476410E+00
                          0.9999983315196058E+00
                          0.9999983239660077E+00
                          0.9999983163866858E+00
                          0.9999983087818519E+00
                          0.9999983011512728E+00
                          0.9999982934948534E+00
                          0.9999982858125834E+00
                          0.9999982781043876E+00
                          0.9999982703702580E+00
                          0.9999982626100893E+00
                          0.9999982548237856E+00
                          0.9999982470114354E+00
                          0.9999982391728433E+00
                          0.9999982313062694E+00
                          0.9999982234168189E+00
                          0.9999982154992664E+00
                          0.9999982075552893E+00
                          0.9999981995848137E+00
                          0.9999981915877691E+00
                          0.9999981835640520E+00
                          0.9999981755136480E+00
                          0.9999981674368004E+00
                          0.9999981593329711E+00
                          0.9999981512023002E+00
                          0.9999981430447148E+00
                          0.9999981348478829E+00
                          0.9999981266486022E+00
                          0.9999981184099442E+00
                          0.9999981101319084E+00
                          0.9999981018511415E+00
                          0.9999980935308739E+00
                          0.9999980851831740E+00
                          0.9999980768083098E+00
                          0.9999980684058926E+00
                          0.9999980599759750E+00
                          0.9999980515184939E+00
                          0.9999980430333877E+00
                          0.9999980345206042E+00
                          0.9999980259800754E+00
                          0.9999980174117437E+00
                          0.9999980088155487E+00
                          0.9999980001914229E+00
                          0.9999979915393278E+00
                          0.9999979828591810E+00
                          0.9999979741509293E+00
                          0.9999979654144482E+00
                          0.9999979566497995E+00
                          0.9999979478569370E+00
                          0.9999979390356601E+00
                          0.9999979301859734E+00
                          0.9999979213070517E+00
                          0.9999979124011117E+00
                          0.9999979034655160E+00
                          0.9999978945019212E+00
                          0.9999978855087863E+00
                          0.9999978764878563E+00
                          0.9999978674375999E+00
                          0.9999978583584457E+00
                          0.9999978492503248E+00
                          0.9999978401131979E+00
                          0.9999978309469810E+00
                          0.9999978217516200E+00
                          0.9999978125270540E+00
                          0.9999978032732201E+00
                          0.9999977939900191E+00
                          0.9999977846775022E+00
                          0.9999977753353929E+00
                          0.9999977659633261E+00
                          0.9999977565628552E+00
                          0.9999977471320303E+00
                          0.9999977376716336E+00
                          0.9999977281814807E+00
                          0.9999977186614508E+00
                          0.9999977091115083E+00
                          0.9999976995286669E+00
                          0.9999976899215776E+00
                          0.9999976802818098E+00
                          0.9999976706116994E+00
                          0.9999976609113987E+00
                          0.9999976511807748E+00
                          0.9999976414199365E+00
                          0.9999976316286397E+00
                          0.9999976218065765E+00
                          0.9999976119546544E+00
                          0.9999976020718173E+00
                          0.9999975921583368E+00
                          0.9999975822141506E+00
                          0.9999975722318409E+00
                          0.9999975622334052E+00
                          0.9999975521967194E+00
                          0.9999975421290734E+00
                          0.9999975320304039E+00
                          0.9999975219006128E+00
                          0.9999975117397388E+00
                          0.9999975015476158E+00
                          0.9999974913242140E+00
                          0.9999974810694696E+00
                          0.9999974707833185E+00
                          0.9999974604656966E+00
                          0.9999974501165398E+00
                          0.9999974397357823E+00
                          0.9999974293233649E+00
                          0.9999974188792169E+00
                          0.9999974084032794E+00
                          0.9999973978954841E+00
                          0.9999973873557659E+00
                          0.9999973767840662E+00
                          0.9999973661803115E+00
                          0.9999973555444472E+00
                          0.9999973448757036E+00
                          0.9999973341744599E+00
                          0.9999973234435087E+00
                          0.9999973126784981E+00
                          0.9999973018549115E+00
                          0.9999972910511991E+00
                          0.9999972801887114E+00
                          0.9999972692935876E+00
                          0.9999972583655257E+00
                          0.9999972474051669E+00
                          0.9999972364117531E+00
                          0.9999972253854359E+00
                          0.9999972143050724E+00
                          0.9999972032338099E+00
                          0.9999971921084485E+00
                          0.9999971809498890E+00
                          0.9999971697581042E+00
                          0.9999971585330285E+00
                          0.9999971472745959E+00
                          0.9999971359827405E+00
                          0.9999971246573948E+00
                          0.9999971132984967E+00
                          0.9999971019059760E+00
                          0.9999970904797677E+00
                          0.9999970790197956E+00
                          0.9999970675260228E+00
                          0.9999970559983534E+00
                          0.9999970444366826E+00
                          0.9999970328409490E+00
                          0.9999970212113586E+00
                          0.9999970095474758E+00
                          0.9999969978493730E+00
                          0.9999969861159814E+00
                          0.9999969743502394E+00
                          0.9999969625490746E+00
                          0.9999969507134218E+00
                          0.9999969388432138E+00
                          0.9999969269383836E+00
                          0.9999969149988637E+00
                          0.9999969030245870E+00
                          0.9999968910154859E+00
                          0.9999968789707708E+00
                          0.9999968668925410E+00
                          0.9999968547785620E+00
                          0.9999968426294887E+00
                          0.9999968304452204E+00
                          0.9999968182257875E+00
                          0.9999968059709421E+00
                          0.9999967936808947E+00
                          0.9999967813552062E+00
                          0.9999967689942669E+00
                          0.9999967565976288E+00
                          0.9999967441653553E+00
                          0.9999967316972689E+00
                          0.9999967191936029E+00
                          0.9999967066540314E+00
                          0.9999966940785134E+00
                          0.9999966814670361E+00
                          0.9999966688195001E+00
                          0.9999966561358146E+00
                          0.9999966434160082E+00
                          0.9999966306557071E+00
                          0.9999966178674982E+00
                          0.9999966047945855E+00
                          0.9999965921734193E+00
                          0.9999965792716191E+00
                          0.9999965663332195E+00
                          0.9999965533581516E+00
                          0.9999965403462012E+00
                          0.9999965272977335E+00
                          0.9999965142122448E+00
                          0.9999965010897797E+00
                          0.9999964879302854E+00
                          0.9999964747337857E+00
                          0.9999964614971605E+00
                          0.9999964482292161E+00
                          0.9999964349210189E+00
                          0.9999964215754495E+00
                          0.9999964081924450E+00
                          0.9999963947719400E+00
                          0.9999963813138603E+00
                          0.9999963678181371E+00
                          0.9999963542846911E+00
                          0.9999963407134804E+00
                          0.9999963271044030E+00
                          0.9999963134574077E+00
                          0.9999962997720970E+00
                          0.9999962860493563E+00
                          0.9999962722879107E+00
                          0.9999962584887623E+00
                          0.9999962446510854E+00
                          0.9999962307750608E+00
                          0.9999962168606179E+00
                          0.9999962029076858E+00
                          0.9999961889161935E+00
                          0.9999961748857744E+00
                          0.9999961608172446E+00
                          0.9999961467096238E+00
                          0.9999961325632027E+00
                          0.9999961183778440E+00
                          0.9999961041534980E+00
                          0.9999960898900928E+00
                          0.9999960755874934E+00
                          0.9999960612456517E+00
                          0.9999960468647558E+00
                          0.9999960324329159E+00
                          0.9999960179846961E+00
                          0.9999960034854035E+00
                          0.9999959889466093E+00
                          0.9999959743681754E+00
                          0.9999959597493110E+00
                          0.9999959450920815E+00
                          0.9999959303942941E+00
                          0.9999959156566053E+00
                          0.9999959008789414E+00
                          0.9999958860611904E+00
                          0.9999958712032966E+00
                          0.9999958563051365E+00
                          0.9999958413668281E+00
                          0.9999958263880957E+00
                          0.9999958113689367E+00
                          0.9999957963092782E+00
                          0.9999957812090402E+00
                          0.9999957660681640E+00
                          0.9999957508864703E+00
                          0.9999957356641940E+00
                          0.9999957204009468E+00
                          0.9999957050967622E+00
                          0.9999956897515676E+00
                          0.9999956743652861E+00
                          0.9999956589378362E+00
                          0.9999956434687484E+00
                          0.9999956279584560E+00
                          0.9999956124076289E+00
                          0.9999955968150881E+00
                          0.9999955811807709E+00
                          0.9999955655048564E+00
                          0.9999955497872708E+00
                          0.9999955340279384E+00
                          0.9999955182267913E+00
                          0.9999955023837497E+00
                          0.9999954864987414E+00
                          0.9999954705716926E+00
                          0.9999954546025290E+00
                          0.9999954385911767E+00
                          0.9999954225375610E+00
                          0.9999954064416081E+00
                          0.9999953903032429E+00
                          0.9999953741202698E+00
                          0.9999953578989607E+00
                          0.9999953416329332E+00
                          0.9999953253241760E+00
                          0.9999953089726338E+00
                          0.9999952925782258E+00
                          0.9999952761408986E+00
                          0.9999952596605542E+00
                          0.9999952431371257E+00
                          0.9999952265704795E+00
                          0.9999952099607167E+00
                          0.9999951933075857E+00
                          0.9999951766110203E+00
                          0.9999951598668770E+00
                          0.9999951430653373E+00
                          0.9999951262425497E+00
                          0.9999951093896559E+00
                          0.9999950924750867E+00
                          0.9999950755166749E+00
                          0.9999950585143620E+00
                          0.9999950414680349E+00
                          0.9999950243776823E+00
                          0.9999950072431699E+00
                          0.9999949900644413E+00
                          0.9999949728412799E+00
                          0.9999949555740312E+00
                          0.9999949382621975E+00
                          0.9999949209058432E+00
                          0.9999949035048920E+00
                          0.9999948860586833E+00
                          0.9999948685688934E+00
                          0.9999948510336927E+00
                          0.9999948334535582E+00
                          0.9999948158285085E+00
                          0.9999947981583673E+00
                          0.9999947804415252E+00
                          0.9999947626826203E+00
                          0.9999947448768544E+00
                          0.9999947270257252E+00
                          0.9999947091290081E+00
                          0.9999946911870033E+00
                          0.9999946731993881E+00
                          0.9999946551659873E+00
                          0.9999946370869034E+00
                          0.9999946189620095E+00
                          0.9999946007904668E+00
                          0.9999945825740785E+00
                          0.9999945643114987E+00
                          0.9999945460024943E+00
                          0.9999945276472216E+00
                          0.9999945092407786E+00
                          0.9999944907978874E+00
                          0.9999944723035620E+00
                          0.9999944537627119E+00
                          0.9999944351752592E+00
                          0.9999944165411256E+00
                          0.9999943978602307E+00
                          0.9999943791324307E+00
                          0.9999943603578597E+00
                          0.9999943415361752E+00
                          0.9999943226675135E+00
                          0.9999943037516222E+00
                          0.9999942847877215E+00
                          0.9999942657780722E+00
                          0.9999942467203827E+00
                          0.9999942276151437E+00
                          0.9999942084623273E+00
                          0.9999941892619424E+00
                          0.9999941700138321E+00
                          0.9999941507179366E+00
                          0.9999941313741316E+00
                          0.9999941119825014E+00
                          0.9999940925427959E+00
                          0.9999940730549942E+00
                          0.9999940535190169E+00
                          0.9999940339347849E+00
                          0.9999940143021857E+00
                          0.9999939946212274E+00
                          0.9999939748917653E+00
                          0.9999939551122679E+00
                          0.9999939352870209E+00
                          0.9999939154115901E+00
                          0.9999938954873474E+00
                          0.9999938755142129E+00
                          0.9999938554921067E+00
                          0.9999938354209488E+00
                          0.9999938153006591E+00
                          0.9999937951308804E+00
                          0.9999937749123639E+00
                          0.9999937546441979E+00
                          0.9999937343265762E+00
                          0.9999937139593105E+00
                          0.9999936935426629E+00
                          0.9999936730762040E+00
                          0.9999936525599706E+00
                          0.9999936319936505E+00
                          0.9999936113745420E+00
                          0.9999935907118160E+00
                          0.9999935699954726E+00
                          0.9999935492290802E+00
                          0.9999935284125564E+00
                          0.9999935075444192E+00
                          0.9999934866285323E+00
                          0.9999934656606905E+00
                          0.9999934446362566E+00
                          0.9999934235731697E+00
                          0.9999934024533400E+00
                          0.9999933812803854E+00
                          0.9999933600611082E+00
                          0.9999933387885449E+00
                          0.9999933174649079E+00
                          0.9999932960901191E+00
                          0.9999932746640932E+00
                          0.9999932531867497E+00
                          0.9999932316580066E+00
                          0.9999932100777350E+00
                          0.9999931884459937E+00
                          0.9999931667625600E+00
                          0.9999931450273757E+00
                          0.9999931232404272E+00
                          0.9999931014015612E+00
                          0.9999930795107114E+00
                          0.9999930575678235E+00
                          0.9999930355727962E+00
                          0.9999930135255400E+00
                          0.9999929914259791E+00
                          0.9999929692740315E+00
                          0.9999929470696137E+00
                          0.9999929248126432E+00
                          0.9999929024941224E+00
                          0.9999928801407041E+00
                          0.9999928577255873E+00
                          0.9999928352575772E+00
                          0.9999928127365993E+00
                          0.9999927901625707E+00
                          0.9999927674730544E+00
                          0.9999927448550275E+00
                          0.9999927221213480E+00
                          0.9999926993342835E+00
                          0.9999926764937204E+00
                          0.9999926535996678E+00
                          0.9999926306519495E+00
                          0.9999926076505128E+00
                          0.9999925845952737E+00
                          0.9999925614861483E+00
                          0.9999925383229580E+00
                          0.9999925151058926E+00
                          0.9999924918346169E+00
                          0.9999924685090994E+00
                          0.9999924451292920E+00
                          0.9999924216950858E+00
                          0.9999923982064051E+00
                          0.9999923746631650E+00
                          0.9999923510652726E+00
                          0.9999923274126701E+00
                          0.9999923037052433E+00
                          0.9999922799428606E+00
                          0.9999922561256214E+00
                          0.9999922322532516E+00
                          0.9999922083257304E+00
                          0.9999921843429161E+00
                          0.9999921603048940E+00
                          0.9999921362114091E+00
                          0.9999921120624328E+00
                          0.9999920878578800E+00
                          0.9999920635976655E+00
                          0.9999920392816815E+00
                          0.9999920149099105E+00
                          0.9999919904821993E+00
                          0.9999919659984849E+00
                          0.9999919414586819E+00
                          0.9999919168627046E+00
                          0.9999918922104671E+00
                          0.9999918675018845E+00
                          0.9999918427368705E+00
                          0.9999918179153391E+00
                          0.9999917930372044E+00
                          0.9999917681023760E+00
                          0.9999917431107817E+00
                          0.9999917180623195E+00
                          0.9999916929569107E+00
                          0.9999916677944060E+00
                          0.9999916425749096E+00
                          0.9999916172981305E+00
                          0.9999915919640812E+00
                          0.9999915665726408E+00
                          0.9999915411237345E+00
                          0.9999915156172756E+00
                          0.9999914900528419E+00
                          0.9999914644313531E+00
                          0.9999914387516743E+00
                          0.9999914130141789E+00
                          0.9999913872186551E+00
                          0.9999913613650576E+00
                          0.9999913354532814E+00
                          0.9999913094832927E+00
                          0.9999912834549509E+00
                          0.9999912573681847E+00
                          0.9999912312228608E+00
                          0.9999912050190406E+00
                          0.9999911787564848E+00
                          0.9999911524351560E+00
                          0.9999911260549674E+00
                          0.9999910996158310E+00
                          0.9999910731176593E+00
                          0.9999910465603643E+00
                          0.9999910199438583E+00
                          0.9999909932679704E+00
                          0.9999909665328610E+00
                          0.9999909397293506E+00
                          0.9999909128839632E+00
                          0.9999908859477141E+00
                          0.9999908589964597E+00
                          0.9999908319624269E+00
                          0.9999908048696436E+00
                          0.9999907777162317E+00
                          0.9999907505028079E+00
                          0.9999907232291000E+00
                          0.9999906958952440E+00
                          0.9999906685009673E+00
                          0.9999906410462424E+00
                          0.9999906135309676E+00
                          0.9999905859550923E+00
                          0.9999905583183933E+00
                          0.9999905306210807E+00
                          0.9999905028627790E+00
                          0.9999904750434995E+00
                          0.9999904471631405E+00
                          0.9999904192216303E+00
                          0.9999903912188649E+00
                          0.9999903631547364E+00
                          0.9999903350291217E+00
                          0.9999903068421730E+00
                          0.9999902785932917E+00
                          0.9999902502831521E+00
                          0.9999902219110047E+00
                          0.9999901934769796E+00
                          0.9999901649809538E+00
                          0.9999901364229364E+00
                          0.9999901078027384E+00
                          0.9999900791203027E+00
                          0.9999900503755389E+00
                          0.9999900215683574E+00
                          0.9999899926986673E+00
                          0.9999899637663734E+00
                          0.9999899347714004E+00
                          0.9999899057136405E+00
                          0.9999898765930149E+00
                          0.9999898474094093E+00
                          0.9999898181627860E+00
                          0.9999897888530010E+00
                          0.9999897594799879E+00
                          0.9999897300436483E+00
                          0.9999897005438940E+00
                          0.9999896709806337E+00
                          0.9999896413537607E+00
                          0.9999896116632311E+00
                          0.9999895819089062E+00
                          0.9999895520907112E+00
                          0.9999895222085222E+00
                          0.9999894922616112E+00
                          0.9999894622519674E+00
                          0.9999894321773720E+00
                          0.9999894020384770E+00
                          0.9999893718351337E+00
                          0.9999893415672876E+00
                          0.9999893112347369E+00
                          0.9999892808376775E+00
                          0.9999892503757363E+00
                          0.9999892198489363E+00
                          0.9999891892571509E+00
                          0.9999891586003031E+00
                          0.9999891278782678E+00
                          0.9999890970910492E+00
                          0.9999890662384557E+00
                          0.9999890353204152E+00
                          0.9999890043368738E+00
                          0.9999889732877247E+00
                          0.9999889421728504E+00
                          0.9999889109921343E+00
                          0.9999888797456004E+00
                          0.9999888484330434E+00
                          0.9999888170544042E+00
                          0.9999887856095913E+00
                          0.9999887540985115E+00
                          0.9999887225210289E+00
                          0.9999886908771706E+00
                          0.9999886591667430E+00
                          0.9999886273896660E+00
                          0.9999885955456526E+00
                          0.9999885636352219E+00
                          0.9999885316576694E+00
                          0.9999884996131032E+00
                          0.9999884675014310E+00
                          0.9999884353225585E+00
                          0.9999884030763936E+00
                          0.9999883707628411E+00
                          0.9999883383818076E+00
                          0.9999883059331991E+00
                          0.9999882734169221E+00
                          0.9999882408328378E+00
                          0.9999882081809852E+00
                          0.9999881754609750E+00
                          0.9999881426732443E+00
                          0.9999881098172118E+00
                          0.9999880768928687E+00
                          0.9999880439003506E+00
                          0.9999880108393333E+00
                          0.9999879777097814E+00
                          0.9999879445116524E+00
                          0.9999879112447995E+00
                          0.9999878779091455E+00
                          0.9999878445045953E+00
                          0.9999878110310544E+00
                          0.9999877774884277E+00
                          0.9999877438766201E+00
                          0.9999877101955368E+00
                          0.9999876764450826E+00
                          0.9999876426251609E+00
                          0.9999876087356759E+00
                          0.9999875747763202E+00
                          0.9999875407476513E+00
                          0.9999875066488348E+00
                          0.9999874724802322E+00
                          0.9999874382414157E+00
                          0.9999874039326586E+00
                          0.9999873695535670E+00
                          0.9999873351041644E+00
                          0.9999873005843342E+00
                          0.9999872659939856E+00
                          0.9999872313329415E+00
                          0.9999871966013522E+00
                          0.9999871617988749E+00
                          0.9999871269254960E+00
                          0.9999870919810282E+00
                          0.9999870569656489E+00
                          0.9999870218789875E+00
                          0.9999869867210390E+00
                          0.9999869514917070E+00
                          0.9999869161908951E+00
                          0.9999868808185064E+00
                          0.9999868453744443E+00
                          0.9999868098586121E+00
                          0.9999867742709131E+00
                          0.9999867386112502E+00
                          0.9999867028795266E+00
                          0.9999866670756453E+00
                          0.9999866311995036E+00
                          0.9999865952510177E+00
                          0.9999865592300836E+00
                          0.9999865231365956E+00
                          0.9999864869704722E+00
                          0.9999864507316032E+00
                          0.9999864144198961E+00
                          0.9999863780352518E+00
                          0.9999863415775752E+00
                          0.9999863050467663E+00
                          0.9999862684427284E+00
                          0.9999862317653633E+00
                          0.9999861950145656E+00
                          0.9999861581902612E+00
                          0.9999861212923279E+00
                          0.9999860843206758E+00
                          0.9999860472752069E+00
                          0.9999860101558222E+00
                          0.9999859729622721E+00
                          0.9999859356949165E+00
                          0.9999858983526391E+00
                          0.9999858609371697E+00
                          0.9999858234463316E+00
                          0.9999857858817951E+00
                          0.9999857482422507E+00
                          0.9999857105280036E+00
                          0.9999856727389547E+00
                          0.9999856348750052E+00
                          0.9999855969360564E+00
                          0.9999855589220091E+00
                          0.9999855208327644E+00
                          0.9999854826681454E+00
                          0.9999854444282863E+00
                          0.9999854061128525E+00
                          0.9999853677218284E+00
                          0.9999853292551081E+00
                          0.9999852907125962E+00
                          0.9999852520941896E+00
                          0.9999852133997941E+00
                          0.9999851746291236E+00
                          0.9999851357826253E+00
                          0.9999850968595341E+00
                          0.9999850578602706E+00
                          0.9999850187844198E+00
                          0.9999849796319956E+00
                          0.9999849404028598E+00
                          0.9999849010969361E+00
                          0.9999848617141200E+00
                          0.9999848222543127E+00
                          0.9999847827174133E+00
                          0.9999847431033071E+00
                          0.9999847034119409E+00
                          0.9999846636429810E+00
                          0.9999846237968970E+00
                          0.9999845838730348E+00
                          0.9999845438714781E+00
                          0.9999845037921263E+00
                          0.9999844636348786E+00
                          0.9999844233996339E+00
                          0.9999843830862911E+00
                          0.9999843426947504E+00
                          0.9999843022249096E+00
                          0.9999842616766679E+00
                          0.9999842210499239E+00
                          0.9999841803445767E+00
                          0.9999841395605233E+00
                          0.9999840986976669E+00
                          0.9999840577559016E+00
                          0.9999840167349855E+00
                          0.9999839756352391E+00
                          0.9999839344561290E+00
                          0.9999838931977340E+00
                          0.9999838518599061E+00
                          0.9999838104425279E+00
                          0.9999837689455991E+00
                          0.9999837273689056E+00
                          0.9999836857124054E+00
                          0.9999836439759709E+00
                          0.9999836021593165E+00
                          0.9999835602629024E+00
                          0.9999835182858501E+00
                          0.9999834762289354E+00
                          0.9999834340913398E+00
                          0.9999833918732048E+00
                          0.9999833495744214E+00
                          0.9999833071949060E+00
                          0.9999832647344749E+00
                          0.9999832221929837E+00
                          0.9999831795707449E+00
                          0.9999831368673179E+00
                          0.9999830940825307E+00
                          0.9999830512163829E+00
                          0.9999830082685515E+00
                          0.9999829652395885E+00
                          0.9999829221287350E+00
                          0.9999828789361094E+00
                          0.9999828356616046E+00
                          0.9999827923051190E+00
                          0.9999827488665485E+00
                          0.9999827053457898E+00
                          0.9999826617427394E+00
                          0.9999826180572935E+00
                          0.9999825742893484E+00
                          0.9999825304388004E+00
                          0.9999824865055454E+00
                          0.9999824424894798E+00
                          0.9999823983904994E+00
                          0.9999823542084996E+00
                          0.9999823099433780E+00
                          0.9999822655950288E+00
                          0.9999822211632743E+00
                          0.9999821766482317E+00
                          0.9999821320495462E+00
                          0.9999820873672746E+00
                          0.9999820426012246E+00
                          0.9999819977513211E+00
                          0.9999819528174585E+00
                          0.9999819077995347E+00
                          0.9999818626974423E+00
                          0.9999818175110774E+00
                          0.9999817722403349E+00
                          0.9999817268851033E+00
                          0.9999816814452978E+00
                          0.9999816359207929E+00
                          0.9999815903114904E+00
                          0.9999815446172848E+00
                          0.9999814988380710E+00
                          0.9999814529737436E+00
                          0.9999814070241971E+00
                          0.9999813609893258E+00
                          0.9999813148690252E+00
                          0.9999812686631848E+00
                          0.9999812223717104E+00
                          0.9999811759944852E+00
                          0.9999811295314069E+00
                          0.9999810829823700E+00
                          0.9999810363472681E+00
                          0.9999809896259956E+00
                          0.9999809428184462E+00
                          0.9999808959243638E+00
                          0.9999808489440920E+00
                          0.9999808018770749E+00
                          0.9999807547233559E+00
                          0.9999807074828287E+00
                          0.9999806601553864E+00
                          0.9999806127409236E+00
                          0.9999805652393328E+00
                          0.9999805176505033E+00
                          0.9999804699743405E+00
                          0.9999804222107259E+00
                          0.9999803743595563E+00
                          0.9999803264206190E+00
                          0.9999802783941247E+00
                          0.9999802302796488E+00
                          0.9999801820771897E+00
                          0.9999801337866371E+00
                          0.9999800854078941E+00
                          0.9999800369408428E+00
                          0.9999799883853795E+00
                          0.9999799397413965E+00
                          0.9999798910087866E+00
                          0.9999798421874421E+00
                          0.9999797932772552E+00
                          0.9999797442781180E+00
                          0.9999796951899237E+00
                          0.9999796460125634E+00
                          0.9999795967459214E+00
                          0.9999795473899146E+00
                          0.9999794979444099E+00
                          0.9999794484093075E+00
                          0.9999793987844995E+00
                          0.9999793490698774E+00
                          0.9999792992653331E+00
                          0.9999792493707581E+00
                          0.9999791993860419E+00
                          0.9999791493110824E+00
                          0.9999790991457647E+00
                          0.9999790488899822E+00
                          0.9999789985436263E+00
                          0.9999789481065882E+00
                          0.9999788975787591E+00
                          0.9999788469600269E+00
                          0.9999787962502924E+00
                          0.9999787454494368E+00
                          0.9999786945573543E+00
                          0.9999786435739357E+00
                          0.9999785924990719E+00
                          0.9999785413326536E+00
                          0.9999784900745714E+00
                          0.9999784387247158E+00
                          0.9999783872829312E+00
                          0.9999783357492471E+00
                          0.9999782841234147E+00
                          0.9999782324053709E+00
                          0.9999781805950057E+00
                          0.9999781286922094E+00
                          0.9999780766968722E+00
                          0.9999780246088843E+00
                          0.9999779724281354E+00
                          0.9999779201545157E+00
                          0.9999778677879150E+00
                          0.9999778153282229E+00
                          0.9999777627753296E+00
                          0.9999777101291244E+00
                          0.9999776573894972E+00
                          0.9999776045563372E+00
                          0.9999775516295343E+00
                          0.9999774986089776E+00
                          0.9999774454945566E+00
                          0.9999773922861606E+00
                          0.9999773389836788E+00
                          0.9999772855870003E+00
                          0.9999772320960143E+00
                          0.9999771785106097E+00
                          0.9999771248306757E+00
                          0.9999770710561010E+00
                          0.9999770171867745E+00
                          0.9999769632225849E+00
                          0.9999769091634210E+00
                          0.9999768550091714E+00
                          0.9999768007597247E+00
                          0.9999767464149695E+00
                          0.9999766919747940E+00
                          0.9999766374390867E+00
                          0.9999765828077360E+00
                          0.9999765280806301E+00
                          0.9999764732576572E+00
                          0.9999764183387052E+00
                          0.9999763633236625E+00
                          0.9999763082124169E+00
                          0.9999762530048563E+00
                          0.9999761977008687E+00
                          0.9999761423003417E+00
                          0.9999760868031632E+00
                          0.9999760312092207E+00
                          0.9999759755184020E+00
                          0.9999759197305944E+00
                          0.9999758638456856E+00
                          0.9999758078635629E+00
                          0.9999757517841135E+00
                          0.9999756956072249E+00
                          0.9999756393327841E+00
                          0.9999755829606785E+00
                          0.9999755264907948E+00
                          0.9999754699230204E+00
                          0.9999754132572420E+00
                          0.9999753564933466E+00
                          0.9999752996312209E+00
                          0.9999752426707518E+00
                          0.9999751856118257E+00
                          0.9999751284543297E+00
                          0.9999750711981499E+00
                          0.9999750138431730E+00
                          0.9999749563892854E+00
                          0.9999748988363734E+00
                          0.9999748411843233E+00
                          0.9999747834330215E+00
                          0.9999747255823539E+00
                          0.9999746676322068E+00
                          0.9999746095824661E+00
                          0.9999745514330178E+00
                          0.9999744931837479E+00
                          0.9999744348345421E+00
                          0.9999743763852862E+00
                          0.9999743178358660E+00
                          0.9999742591861670E+00
                          0.9999742004360750E+00
                          0.9999741415854753E+00
                          0.9999740826342534E+00
                          0.9999740235822946E+00
                          0.9999739644294844E+00
                          0.9999739051757078E+00
                          0.9999738458208504E+00
                          0.9999737863647968E+00
                          0.9999737268074325E+00
                          0.9999736671486422E+00
                          0.9999736073883110E+00
                          0.9999735475263236E+00
                          0.9999734875625649E+00
                          0.9999734274969196E+00
                          0.9999733673292723E+00
                          0.9999733070595078E+00
                          0.9999732466875104E+00
                          0.9999731862131647E+00
                          0.9999731256363550E+00
                          0.9999730649569658E+00
                          0.9999730041748812E+00
                          0.9999729432899855E+00
                          0.9999728823021629E+00
                          0.9999728212112972E+00
                          0.9999727600172728E+00
                          0.9999726987199733E+00
                          0.9999726373192828E+00
                          0.9999725758150850E+00
                          0.9999725142072637E+00
                          0.9999724524957027E+00
                          0.9999723906802854E+00
                          0.9999723287608955E+00
                          0.9999722667374163E+00
                          0.9999722046097316E+00
                          0.9999721423777244E+00
                          0.9999720800412780E+00
                          0.9999720176002760E+00
                          0.9999719550546011E+00
                          0.9999718924041368E+00
                          0.9999718296487657E+00
                          0.9999717667883712E+00
                          0.9999717038228360E+00
                          0.9999716407520428E+00
                          0.9999715775758746E+00
                          0.9999715142942142E+00
                          0.9999714509069438E+00
                          0.9999713874139464E+00
                          0.9999713238151042E+00
                          0.9999712601103000E+00
                          0.9999711962994159E+00
                          0.9999711323823343E+00
                          0.9999710683589375E+00
                          0.9999710042291075E+00
                          0.9999709399927266E+00
                          0.9999708756496768E+00
                          0.9999708111998402E+00
                          0.9999707466430985E+00
                          0.9999706819793337E+00
                          0.9999706172084276E+00
                          0.9999705523302619E+00
                          0.9999704873447183E+00
                          0.9999704222516783E+00
                          0.9999703570510236E+00
                          0.9999702917426354E+00
                          0.9999702263263954E+00
                          0.9999701608021848E+00
                          0.9999700951698848E+00
                          0.9999700294293767E+00
                          0.9999699635805417E+00
                          0.9999698976232607E+00
                          0.9999698315574149E+00
                          0.9999697653828852E+00
                          0.9999696990995524E+00
                          0.9999696327072972E+00
                          0.9999695662060006E+00
                          0.9999694995955433E+00
                          0.9999694328758058E+00
                          0.9999693660466685E+00
                          0.9999692991080122E+00
                          0.9999692320597172E+00
                          0.9999691649016638E+00
                          0.9999690976337323E+00
                          0.9999690302558031E+00
                          0.9999689627677560E+00
                          0.9999688951694715E+00
                          0.9999688274608295E+00
                          0.9999687596417098E+00
                          0.9999686917119925E+00
                          0.9999686236715574E+00
                          0.9999685555202842E+00
                          0.9999684872580527E+00
                          0.9999684188847424E+00
                          0.9999683504002330E+00
                          0.9999682818044041E+00
                          0.9999682130971349E+00
                          0.9999681442783050E+00
                          0.9999680753477936E+00
                          0.9999680063054800E+00
                          0.9999679371512433E+00
                          0.9999678678849627E+00
                          0.9999677985065173E+00
                          0.9999677290157860E+00
                          0.9999676594126478E+00
                          0.9999675896969815E+00
                          0.9999675198686658E+00
                          0.9999674499275797E+00
                          0.9999673798736016E+00
                          0.9999673097066103E+00
                          0.9999672394264842E+00
                          0.9999671690331018E+00
                          0.9999670985263416E+00
                          0.9999670279060817E+00
                          0.9999669571722006E+00
                          0.9999668863245765E+00
                          0.9999668153630874E+00
                          0.9999667442876115E+00
                          0.9999666730980268E+00
                          0.9999666017942110E+00
                          0.9999665303760424E+00
                          0.9999664588433986E+00
                          0.9999663871961574E+00
                          0.9999663154341963E+00
                          0.9999662435573932E+00
                          0.9999661715656255E+00
                          0.9999660994587707E+00
                          0.9999660272367062E+00
                          0.9999659548993095E+00
                          0.9999658824464578E+00
                          0.9999658098780283E+00
                          0.9999657371938983E+00
                          0.9999656643939446E+00
                          0.9999655914780446E+00
                          0.9999655184460751E+00
                          0.9999654452979130E+00
                          0.9999653720334351E+00
                          0.9999652986525182E+00
                          0.9999652251550391E+00
                          0.9999651515408743E+00
                          0.9999650778099005E+00
                          0.9999650039619942E+00
                          0.9999649299970317E+00
                          0.9999648559148896E+00
                          0.9999647817154441E+00
                          0.9999647073985715E+00
                          0.9999646329641478E+00
                          0.9999645584120495E+00
                          0.9999644837421523E+00
                          0.9999644089543323E+00
                          0.9999643340484655E+00
                          0.9999642590244278E+00
                          0.9999641838820947E+00
                          0.9999641086213423E+00
                          0.9999640332420461E+00
                          0.9999639577440816E+00
                          0.9999638821273246E+00
                          0.9999638063916504E+00
                          0.9999637305369343E+00
                          0.9999636545630518E+00
                          0.9999635784698782E+00
                          0.9999635022572886E+00
                          0.9999634259251582E+00
                          0.9999633494733620E+00
                          0.9999632729017751E+00
                          0.9999631962102725E+00
                          0.9999631193987290E+00
                          0.9999630424670194E+00
                          0.9999629654150185E+00
                          0.9999628882426010E+00
                          0.9999628109496415E+00
                          0.9999627335360145E+00
                          0.9999626560015946E+00
                          0.9999625783462561E+00
                          0.9999625005698735E+00
                          0.9999624226723210E+00
                          0.9999623446534729E+00
                          0.9999622665132033E+00
                          0.9999621882513864E+00
                          0.9999621098678961E+00
                          0.9999620313626065E+00
                          0.9999619527353915E+00
                          0.9999618739861248E+00
                          0.9999617951146802E+00
                          0.9999617161209315E+00
                          0.9999616370047525E+00
                          0.9999615577660165E+00
                          0.9999614784045970E+00
                          0.9999613989203677E+00
                          0.9999613193132018E+00
                          0.9999612395829727E+00
                          0.9999611597295536E+00
                          0.9999610797528177E+00
                          0.9999609996526382E+00
                          0.9999609194288880E+00
                          0.9999608390814402E+00
                          0.9999607586101678E+00
                          0.9999606780149435E+00
                          0.9999605972956402E+00
                          0.9999605164521307E+00
                          0.9999604354842875E+00
                          0.9999603543919833E+00
                          0.9999602731750906E+00
                          0.9999601918334818E+00
                          0.9999601103670296E+00
                          0.9999600287756060E+00
                          0.9999599470590834E+00
                          0.9999598652173342E+00
                          0.9999597832502302E+00
                          0.9999597011576438E+00
                          0.9999596189394467E+00
                          0.9999595365955111E+00
                          0.9999594541257089E+00
                          0.9999593715299117E+00
                          0.9999592888079915E+00
                          0.9999592059598197E+00
                          0.9999591229852682E+00
                          0.9999590398842084E+00
                          0.9999589566565120E+00
                          0.9999588733020501E+00
                          0.9999587898206944E+00
                          0.9999587062123160E+00
                          0.9999586224767861E+00
                          0.9999585386139761E+00
                          0.9999584546237569E+00
                          0.9999583705059996E+00
                          0.9999582862605750E+00
                          0.9999582018873543E+00
                          0.9999581173862082E+00
                          0.9999580327570076E+00
                          0.9999579479996229E+00
                          0.9999578631139251E+00
                          0.9999577780997846E+00
                          0.9999576929570719E+00
                          0.9999576076856576E+00
                          0.9999575222854119E+00
                          0.9999574367562052E+00
                          0.9999573510979078E+00
                          0.9999572653103899E+00
                          0.9999571793935215E+00
                          0.9999570933471729E+00
                          0.9999570071712137E+00
                          0.9999569208655142E+00
                          0.9999568344299442E+00
                          0.9999567478643734E+00
                          0.9999566611686715E+00
                          0.9999565743427083E+00
