 Species molar concentration at each layer [mol/mol]
  0.9740E+00
  0.8000E-02
  0.1800E-01
  0.1957E+00
  0.9740E+00
  0.8000E-02
  0.1800E-01
  0.1897E+00
  0.9740E+00
  0.8000E-02
  0.1800E-01
  0.1858E+00
  0.9740E+00
  0.8000E-02
  0.1800E-01
  0.1821E+00
  0.9740E+00
  0.8000E-02
  0.1800E-01
  0.1786E+00
  0.9740E+00
  0.8000E-02
  0.1800E-01
  0.1754E+00
  0.9740E+00
  0.8000E-02
  0.1800E-01
  0.1723E+00
  0.9740E+00
  0.8000E-02
  0.1800E-01
  0.1693E+00
  0.9740E+00
  0.8000E-02
  0.1800E-01
  0.1665E+00
  0.9740E+00
  0.8000E-02
  0.1800E-01
  0.1638E+00
  0.9740E+00
  0.8000E-02
  0.1800E-01
  0.1611E+00
  0.9740E+00
  0.8000E-02
  0.1800E-01
  0.1585E+00
  0.9740E+00
  0.8000E-02
  0.1800E-01
  0.1560E+00
  0.9740E+00
  0.8000E-02
  0.1800E-01
  0.1534E+00
  0.9740E+00
  0.8000E-02
  0.1800E-01
  0.1509E+00
  0.9740E+00
  0.8000E-02
  0.1800E-01
  0.1484E+00
  0.9740E+00
  0.8000E-02
  0.1800E-01
  0.1458E+00
  0.9740E+00
  0.8000E-02
  0.1800E-01
  0.1432E+00
  0.9740E+00
  0.8000E-02
  0.1800E-01
  0.1406E+00
  0.9740E+00
  0.8000E-02
  0.1800E-01
  0.1379E+00
  0.9740E+00
  0.8000E-02
  0.1800E-01
  0.1351E+00
  0.9740E+00
  0.8000E-02
  0.1800E-01
  0.1322E+00
  0.9740E+00
  0.8000E-02
  0.1800E-01
  0.1293E+00
  0.9740E+00
  0.8000E-02
  0.1800E-01
  0.1263E+00
  0.9740E+00
  0.8000E-02
  0.1800E-01
  0.1231E+00
  0.9740E+00
  0.8000E-02
  0.1800E-01
  0.1199E+00
  0.9740E+00
  0.8000E-02
  0.1800E-01
  0.1165E+00
  0.9740E+00
  0.8000E-02
  0.1800E-01
  0.1130E+00
  0.9740E+00
  0.8000E-02
  0.1800E-01
  0.1093E+00
  0.9740E+00
  0.8000E-02
  0.1800E-01
  0.1054E+00
  0.9740E+00
  0.8000E-02
  0.1800E-01
  0.1014E+00
  0.9740E+00
  0.8000E-02
  0.1800E-01
  0.9711E-01
  0.9740E+00
  0.8000E-02
  0.1800E-01
  0.9262E-01
  0.9740E+00
  0.8000E-02
  0.1800E-01
  0.8787E-01
  0.9740E+00
  0.8000E-02
  0.1800E-01
  0.8284E-01
  0.9740E+00
  0.8000E-02
  0.1800E-01
  0.7749E-01
  0.9740E+00
  0.8000E-02
  0.1800E-01
  0.7179E-01
  0.9740E+00
  0.8000E-02
  0.1800E-01
  0.6568E-01
  0.9740E+00
  0.8000E-02
  0.1800E-01
  0.5912E-01
  0.9740E+00
  0.8000E-02
  0.1800E-01
  0.5205E-01
  0.9740E+00
  0.8000E-02
  0.1800E-01
  0.4407E-01
  0.9740E+00
  0.8000E-02
  0.1800E-01
  0.3539E-01
  0.9740E+00
  0.8000E-02
  0.1800E-01
  0.2606E-01
  0.9740E+00
  0.8000E-02
  0.1800E-01
  0.1621E-01
  0.9740E+00
  0.8000E-02
  0.1800E-01
  0.6680E-02
  0.9740E+00
  0.8000E-02
  0.1800E-01
  0.7546E-03
  0.9740E+00
  0.8000E-02
  0.1800E-01
  0.5310E-04
  0.9740E+00
  0.8000E-02
  0.1800E-01
  0.2415E-04
  0.9740E+00
  0.8000E-02
  0.1800E-01
  0.2415E-04
  0.9740E+00
  0.8000E-02
  0.1800E-01
  0.3945E-05
