 Spectral ground shortwave flux [W/m2/cm^-1]
  0.0000E+00
  0.0000E+00
  0.0000E+00
  0.0000E+00
  0.0000E+00
  0.0000E+00
  0.0000E+00
  0.0000E+00
  0.0000E+00
  0.0000E+00
  0.0000E+00
  0.0000E+00
  0.0000E+00
  0.0000E+00
  0.0000E+00
  0.0000E+00
  0.0000E+00
  0.0000E+00
  0.0000E+00
  0.0000E+00
  0.0000E+00
  0.0000E+00
  0.0000E+00
  0.0000E+00
  0.0000E+00
  0.0000E+00
  0.0000E+00
  0.0000E+00
  0.0000E+00
  0.0000E+00
  0.0000E+00
  0.0000E+00
  0.0000E+00
  0.0000E+00
  0.0000E+00
  0.0000E+00
  0.0000E+00
  0.0000E+00
  0.0000E+00
  0.0000E+00
  0.0000E+00
  0.0000E+00
  0.0000E+00
  0.0000E+00
  0.0000E+00
  0.0000E+00
  0.0000E+00
  0.0000E+00
  0.0000E+00
  0.0000E+00
  0.0000E+00
  0.0000E+00
  0.0000E+00
  0.0000E+00
  0.0000E+00
  0.0000E+00
  0.0000E+00
  0.0000E+00
  0.0000E+00
  0.0000E+00
  0.0000E+00
  0.0000E+00
  0.0000E+00
  0.0000E+00
  0.0000E+00
  0.0000E+00
  0.0000E+00
  0.0000E+00
  0.0000E+00
  0.0000E+00
  0.0000E+00
  0.0000E+00
  0.0000E+00
  0.0000E+00
  0.0000E+00
  0.0000E+00
  0.0000E+00
  0.0000E+00
  0.0000E+00
  0.0000E+00
  0.0000E+00
  0.0000E+00
  0.0000E+00
  0.0000E+00
  0.0000E+00
  0.0000E+00
  0.0000E+00
  0.0000E+00
  0.0000E+00
  0.0000E+00
  0.0000E+00
  0.0000E+00
  0.0000E+00
  0.0000E+00
  0.0000E+00
  0.0000E+00
  0.0000E+00
  0.7363E-06
  0.1266E-06
  0.5345E-08
  0.4209E-16
  0.1955E-11
  0.0000E+00
  0.0000E+00
  0.0000E+00
  0.0000E+00
  0.0000E+00
  0.0000E+00
  0.0000E+00
  0.0000E+00
  0.0000E+00
  0.0000E+00
  0.0000E+00
  0.0000E+00
  0.0000E+00
  0.0000E+00
  0.0000E+00
  0.0000E+00
  0.0000E+00
  0.0000E+00
  0.0000E+00
  0.0000E+00
  0.0000E+00
  0.0000E+00
  0.0000E+00
  0.0000E+00
  0.0000E+00
  0.0000E+00
  0.0000E+00
  0.0000E+00
  0.0000E+00
  0.0000E+00
  0.0000E+00
  0.0000E+00
  0.0000E+00
  0.0000E+00
  0.0000E+00
  0.0000E+00
  0.0000E+00
  0.0000E+00
  0.0000E+00
  0.0000E+00
  0.0000E+00
  0.0000E+00
  0.0000E+00
  0.0000E+00
  0.0000E+00
  0.0000E+00
  0.0000E+00
  0.0000E+00
  0.0000E+00
  0.0000E+00
  0.0000E+00
  0.0000E+00
  0.0000E+00
  0.0000E+00
  0.0000E+00
  0.0000E+00
  0.0000E+00
  0.0000E+00
  0.0000E+00
  0.0000E+00
  0.0000E+00
  0.0000E+00
  0.0000E+00
  0.0000E+00
  0.0000E+00
  0.0000E+00
  0.0000E+00
  0.0000E+00
  0.0000E+00
  0.0000E+00
  0.0000E+00
  0.0000E+00
  0.0000E+00
  0.1876E-13
  0.2271E-06
  0.7043E-15
  0.9674E-10
  0.3744E-07
  0.1276E-21
  0.0000E+00
  0.0000E+00
  0.0000E+00
  0.0000E+00
  0.0000E+00
  0.0000E+00
  0.0000E+00
  0.0000E+00
  0.0000E+00
  0.0000E+00
  0.0000E+00
  0.0000E+00
  0.0000E+00
  0.0000E+00
  0.0000E+00
  0.0000E+00
  0.0000E+00
  0.0000E+00
  0.0000E+00
  0.0000E+00
  0.0000E+00
  0.0000E+00
  0.0000E+00
  0.0000E+00
  0.0000E+00
  0.0000E+00
  0.0000E+00
  0.0000E+00
  0.0000E+00
  0.0000E+00
  0.0000E+00
  0.0000E+00
  0.0000E+00
  0.0000E+00
  0.0000E+00
  0.0000E+00
  0.0000E+00
  0.0000E+00
  0.0000E+00
  0.0000E+00
  0.0000E+00
  0.0000E+00
  0.0000E+00
  0.0000E+00
  0.0000E+00
  0.0000E+00
  0.0000E+00
  0.0000E+00
  0.0000E+00
  0.0000E+00
  0.0000E+00
  0.0000E+00
  0.0000E+00
  0.0000E+00
  0.0000E+00
  0.9333E-28
  0.6747E-16
  0.1236E-17
  0.4290E-08
  0.0000E+00
  0.6809E-19
  0.0000E+00
  0.0000E+00
  0.4528E-15
  0.3448E-11
  0.1084E-12
  0.9026E-25
  0.0000E+00
  0.0000E+00
  0.0000E+00
  0.0000E+00
  0.0000E+00
  0.0000E+00
  0.0000E+00
  0.0000E+00
  0.3565E-20
  0.2218E-12
  0.4242E-29
  0.0000E+00
  0.0000E+00
  0.0000E+00
  0.0000E+00
  0.0000E+00
  0.0000E+00
  0.0000E+00
  0.0000E+00
  0.0000E+00
  0.0000E+00
  0.0000E+00
  0.0000E+00
  0.0000E+00
  0.0000E+00
  0.0000E+00
  0.0000E+00
  0.0000E+00
  0.0000E+00
  0.0000E+00
  0.0000E+00
  0.0000E+00
  0.0000E+00
  0.0000E+00
  0.0000E+00
  0.0000E+00
  0.0000E+00
  0.0000E+00
  0.0000E+00
  0.0000E+00
  0.0000E+00
  0.0000E+00
  0.0000E+00
  0.0000E+00
  0.0000E+00
  0.0000E+00
  0.0000E+00
  0.0000E+00
  0.0000E+00
  0.0000E+00
  0.0000E+00
  0.0000E+00
  0.0000E+00
  0.0000E+00
  0.0000E+00
  0.0000E+00
  0.0000E+00
  0.0000E+00
  0.0000E+00
  0.0000E+00
  0.0000E+00
  0.0000E+00
  0.0000E+00
  0.7101E-14
  0.1783E-22
  0.0000E+00
  0.2704E-13
  0.4230E-10
  0.2178E-07
  0.5247E-06
  0.2954E-05
  0.1638E-06
  0.4748E-05
  0.3413E-05
  0.9912E-10
  0.3728E-08
  0.0000E+00
  0.0000E+00
  0.0000E+00
  0.0000E+00
  0.0000E+00
  0.0000E+00
  0.0000E+00
  0.0000E+00
  0.0000E+00
  0.0000E+00
  0.0000E+00
  0.0000E+00
  0.0000E+00
  0.0000E+00
  0.0000E+00
  0.0000E+00
  0.0000E+00
  0.0000E+00
  0.0000E+00
  0.0000E+00
  0.0000E+00
  0.0000E+00
  0.0000E+00
  0.0000E+00
  0.0000E+00
  0.0000E+00
  0.0000E+00
  0.0000E+00
  0.0000E+00
  0.0000E+00
  0.0000E+00
  0.0000E+00
  0.0000E+00
  0.0000E+00
  0.0000E+00
  0.0000E+00
  0.0000E+00
  0.0000E+00
  0.0000E+00
  0.0000E+00
  0.0000E+00
  0.0000E+00
  0.0000E+00
  0.0000E+00
  0.0000E+00
  0.0000E+00
  0.0000E+00
  0.0000E+00
  0.0000E+00
  0.1293E-24
  0.1985E-13
  0.2389E-05
  0.6037E-05
  0.2067E-04
  0.1047E-02
  0.1095E-02
  0.4357E-04
  0.1471E-04
  0.4131E-02
  0.3401E-02
  0.1281E-03
  0.6819E-03
  0.5337E-04
  0.2177E-03
  0.4328E-04
  0.0000E+00
  0.2226E-11
  0.1111E-12
  0.6787E-19
  0.8995E-19
  0.4776E-29
  0.0000E+00
  0.0000E+00
  0.1871E-19
  0.0000E+00
  0.0000E+00
  0.0000E+00
  0.0000E+00
  0.0000E+00
  0.9793E-24
  0.0000E+00
  0.0000E+00
  0.0000E+00
  0.0000E+00
  0.0000E+00
  0.0000E+00
  0.0000E+00
  0.0000E+00
  0.0000E+00
  0.0000E+00
  0.0000E+00
  0.0000E+00
  0.0000E+00
  0.0000E+00
  0.0000E+00
  0.0000E+00
  0.0000E+00
  0.0000E+00
  0.0000E+00
  0.0000E+00
  0.0000E+00
  0.0000E+00
  0.0000E+00
  0.0000E+00
  0.0000E+00
  0.0000E+00
  0.0000E+00
  0.0000E+00
  0.0000E+00
  0.0000E+00
  0.0000E+00
  0.0000E+00
  0.0000E+00
  0.0000E+00
  0.0000E+00
  0.0000E+00
  0.0000E+00
  0.0000E+00
  0.0000E+00
  0.0000E+00
  0.0000E+00
  0.0000E+00
  0.0000E+00
  0.0000E+00
  0.0000E+00
  0.0000E+00
  0.0000E+00
  0.6091E-22
  0.9618E-07
  0.1485E-27
  0.0000E+00
  0.1279E-06
  0.1614E-04
  0.2233E-03
  0.6317E-03
  0.9256E-04
  0.3383E-03
  0.1317E-02
  0.2844E-03
  0.3607E-03
  0.4588E-03
  0.2006E-08
  0.6289E-14
  0.2990E-16
  0.0000E+00
  0.0000E+00
  0.0000E+00
  0.0000E+00
  0.7060E-13
  0.0000E+00
  0.0000E+00
  0.0000E+00
  0.0000E+00
  0.0000E+00
  0.0000E+00
  0.0000E+00
  0.0000E+00
  0.0000E+00
  0.0000E+00
  0.0000E+00
  0.0000E+00
  0.0000E+00
  0.0000E+00
  0.0000E+00
  0.0000E+00
  0.0000E+00
  0.0000E+00
  0.0000E+00
  0.0000E+00
  0.0000E+00
  0.0000E+00
  0.0000E+00
  0.0000E+00
  0.0000E+00
  0.0000E+00
  0.0000E+00
  0.0000E+00
  0.0000E+00
  0.0000E+00
  0.0000E+00
  0.0000E+00
  0.0000E+00
  0.0000E+00
  0.0000E+00
  0.0000E+00
  0.9614E-09
  0.2909E-08
  0.1552E-04
  0.2767E-03
  0.2914E-04
  0.5284E-05
  0.3566E-03
  0.4632E-03
  0.4726E-03
  0.3196E-03
  0.4834E-03
  0.5880E-03
  0.4969E-03
  0.6009E-03
  0.5987E-03
  0.3475E-03
  0.2540E-03
  0.3620E-03
  0.5872E-04
  0.1221E-03
  0.1723E-05
  0.9225E-04
  0.1143E-03
  0.7081E-04
  0.7938E-05
  0.4599E-05
  0.1090E-05
  0.4933E-07
  0.5585E-10
  0.1336E-10
  0.0000E+00
  0.0000E+00
  0.0000E+00
  0.0000E+00
  0.0000E+00
  0.0000E+00
  0.0000E+00
  0.0000E+00
  0.0000E+00
  0.0000E+00
  0.0000E+00
  0.0000E+00
  0.0000E+00
  0.0000E+00
  0.0000E+00
  0.0000E+00
  0.0000E+00
  0.0000E+00
  0.0000E+00
  0.0000E+00
  0.0000E+00
  0.0000E+00
  0.0000E+00
  0.0000E+00
  0.0000E+00
  0.0000E+00
  0.0000E+00
  0.0000E+00
  0.0000E+00
  0.0000E+00
  0.0000E+00
  0.0000E+00
  0.0000E+00
  0.0000E+00
  0.0000E+00
  0.0000E+00
  0.0000E+00
  0.0000E+00
  0.0000E+00
  0.8239E-27
  0.1144E-16
  0.2570E-10
  0.4597E-06
  0.2658E-15
  0.3128E-08
  0.1545E-09
  0.2482E-06
  0.5701E-08
  0.6503E-05
  0.2809E-06
  0.6545E-06
  0.1908E-04
  0.2536E-04
  0.1716E-04
  0.2501E-04
  0.2441E-04
  0.2346E-04
  0.2636E-04
  0.2007E-04
  0.1767E-08
  0.2884E-07
  0.1593E-08
  0.2657E-07
  0.4410E-07
  0.9620E-26
  0.4230E-08
  0.4261E-12
  0.9097E-17
  0.1181E-28
  0.0000E+00
  0.0000E+00
  0.0000E+00
  0.0000E+00
  0.0000E+00
  0.0000E+00
  0.0000E+00
  0.0000E+00
  0.0000E+00
  0.0000E+00
  0.0000E+00
  0.0000E+00
  0.1949E-22
  0.7969E-12
  0.1054E-25
  0.3162E-12
  0.6744E-12
  0.6125E-10
  0.1162E-12
  0.6223E-13
  0.1951E-10
  0.1281E-10
  0.6549E-14
  0.5963E-16
  0.0000E+00
  0.7838E-16
  0.1773E-09
  0.0000E+00
  0.9302E-22
  0.6838E-17
  0.9959E-15
  0.7299E-07
  0.1177E-05
  0.6066E-06
  0.2842E-05
  0.2193E-05
  0.2606E-05
  0.3716E-05
  0.2704E-05
  0.3550E-05
  0.3394E-05
  0.3425E-05
  0.4128E-05
  0.3486E-05
  0.4552E-05
  0.4128E-05
  0.3848E-05
  0.3079E-05
  0.2401E-05
  0.1033E-05
  0.1020E-05
  0.8940E-06
  0.8627E-07
  0.2534E-06
  0.3033E-07
  0.6349E-10
  0.2142E-18
  0.1343E-12
  0.2585E-22
  0.0000E+00
  0.0000E+00
  0.0000E+00
  0.0000E+00
  0.0000E+00
  0.0000E+00
  0.0000E+00
  0.0000E+00
  0.0000E+00
  0.0000E+00
  0.0000E+00
  0.0000E+00
  0.0000E+00
  0.0000E+00
  0.5233E-26
  0.8226E-19
  0.2236E-15
  0.1728E-10
  0.1064E-09
  0.1565E-07
  0.2831E-09
  0.9442E-09
  0.1036E-10
  0.3105E-08
  0.4695E-08
  0.4897E-16
  0.4164E-21
  0.3423E-29
  0.1007E-18
  0.0000E+00
  0.1853E-15
  0.1213E-19
  0.0000E+00
  0.4055E-11
  0.0000E+00
  0.0000E+00
  0.0000E+00
  0.1048E-13
  0.1426E-07
  0.1908E-07
  0.2969E-07
  0.7469E-07
  0.1065E-06
  0.1531E-07
  0.5849E-08
  0.2716E-07
  0.4993E-07
  0.2342E-07
  0.1300E-06
  0.1401E-06
  0.1733E-06
  0.1564E-06
  0.1289E-06
  0.1442E-06
  0.9460E-07
  0.1055E-06
  0.1170E-06
  0.7718E-07
  0.2064E-07
  0.4641E-09
  0.6582E-09
  0.3711E-13
  0.3097E-09
  0.1797E-09
  0.1251E-24
  0.7629E-24
  0.4015E-15
  0.3717E-13
  0.2257E-20
  0.6765E-22
  0.0000E+00
  0.1067E-24
  0.0000E+00
  0.7408E-12
  0.7226E-09
  0.1015E-09
  0.4414E-08
  0.2197E-07
  0.1132E-07
  0.1561E-07
  0.4517E-08
  0.1515E-07
  0.1783E-08
  0.9881E-08
  0.9912E-08
  0.8839E-08
  0.5127E-08
  0.3578E-08
  0.6109E-08
  0.7650E-09
  0.5234E-09
  0.3015E-08
  0.3623E-10
  0.6807E-08
  0.1555E-10
  0.2924E-14
  0.6006E-09
  0.2536E-08
  0.1140E-07
  0.9897E-08
  0.5097E-08
  0.6292E-08
  0.7184E-08
  0.4039E-08
  0.3307E-08
  0.3041E-08
  0.1703E-08
  0.4577E-08
  0.4467E-08
  0.1791E-08
  0.3565E-08
  0.1127E-08
  0.6364E-09
  0.5710E-09
  0.1831E-09
  0.1821E-22
  0.1122E-11
  0.3417E-12
  0.2452E-18
  0.7893E-20
  0.0000E+00
  0.0000E+00
  0.0000E+00
  0.0000E+00
  0.1496E-28
  0.7606E-23
  0.0000E+00
  0.0000E+00
  0.7993E-16
  0.1059E-12
  0.2028E-15
  0.1112E-12
  0.6376E-11
  0.8305E-10
  0.2262E-09
  0.3386E-09
  0.4791E-09
  0.5552E-09
  0.3588E-09
  0.4336E-09
  0.8235E-09
  0.6566E-09
  0.3677E-09
  0.4569E-09
  0.1780E-09
  0.5920E-10
  0.2354E-09
  0.2000E-10
  0.3003E-10
  0.1040E-09
  0.6829E-12
  0.4805E-10
  0.2110E-12
  0.5521E-15
  0.1132E-11
  0.9744E-11
  0.1390E-14
  0.1505E-14
  0.3786E-11
  0.1129E-10
  0.1013E-09
  0.1575E-10
  0.7018E-10
  0.8205E-10
  0.4213E-10
  0.6149E-10
  0.6639E-10
  0.6588E-10
  0.6302E-10
  0.4899E-10
  0.5645E-10
  0.1819E-10
  0.2258E-10
  0.2947E-10
  0.3237E-10
  0.2130E-10
  0.3585E-11
  0.1236E-11
  0.7342E-12
  0.6426E-12
  0.9306E-11
  0.1523E-11
  0.8227E-12
  0.1708E-15
  0.2919E-21
  0.1652E-12
  0.3069E-13
  0.4698E-11
  0.3665E-11
  0.1569E-11
  0.2306E-11
  0.5905E-11
  0.1066E-10
  0.4950E-11
  0.7938E-11
  0.6272E-11
  0.5233E-11
  0.6667E-11
  0.6899E-11
  0.6573E-11
  0.6345E-11
  0.3311E-11
  0.2815E-11
  0.3029E-11
  0.2659E-11
  0.3153E-11
  0.2149E-11
  0.1982E-11
  0.1320E-11
  0.1384E-11
  0.7145E-12
  0.7274E-12
  0.5343E-12
  0.5347E-12
  0.6438E-12
  0.3166E-12
  0.3542E-13
  0.5767E-12
  0.8304E-12
  0.8237E-12
  0.9089E-12
  0.5482E-12
  0.3708E-12
  0.3216E-12
  0.2966E-12
  0.1556E-12
  0.9538E-13
  0.1239E-14
  0.1701E-13
  0.1335E-14
  0.1912E-19
  0.3305E-17
  0.1788E-15
  0.1798E-27
  0.6920E-15
  0.1818E-18
  0.0000E+00
  0.2015E-16
  0.2738E-29
  0.4851E-15
  0.4430E-14
  0.3348E-13
  0.1763E-13
  0.6390E-14
  0.2552E-13
  0.1929E-13
  0.1891E-13
  0.3060E-13
  0.4061E-13
  0.4619E-13
  0.3081E-13
  0.2466E-13
  0.3007E-13
  0.1814E-13
  0.1454E-13
  0.2115E-13
  0.1389E-13
  0.7351E-14
  0.9476E-14
  0.8981E-14
  0.6216E-14
  0.2033E-14
  0.3691E-14
  0.2884E-14
  0.1947E-14
  0.6888E-15
  0.1636E-14
  0.1791E-14
  0.4173E-15
  0.8592E-15
  0.1617E-14
  0.3838E-15
  0.6005E-15
  0.5192E-15
  0.8810E-15
  0.1499E-14
  0.7255E-15
  0.3714E-15
  0.2179E-15
  0.1305E-15
  0.3583E-15
  0.2709E-15
  0.3979E-15
  0.6159E-15
  0.1036E-15
  0.1651E-15
  0.1664E-15
  0.1969E-16
  0.8439E-16
  0.5571E-16
  0.8346E-17
  0.2753E-16
  0.1434E-16
  0.3727E-16
  0.3577E-16
  0.5573E-16
  0.2670E-16
  0.4748E-16
  0.5296E-16
  0.3470E-16
  0.2155E-16
  0.4951E-16
  0.6261E-16
  0.2687E-16
  0.3192E-16
  0.2144E-16
  0.3063E-16
  0.1576E-16
  0.1746E-16
  0.1685E-16
  0.2315E-16
  0.2034E-16
  0.1261E-16
  0.6906E-17
  0.8243E-17
  0.5992E-17
  0.5341E-17
  0.4637E-17
  0.3606E-17
  0.3798E-17
  0.2902E-17
  0.1518E-17
  0.2028E-17
  0.1828E-17
  0.3377E-18
  0.9065E-18
  0.1005E-17
  0.1263E-17
  0.1352E-17
  0.7811E-19
  0.8556E-19
  0.1663E-18
  0.2588E-20
  0.2298E-20
  0.6142E-19
  0.1259E-25
  0.1527E-19
  0.1557E-19
  0.3234E-19
  0.1033E-25
  0.1305E-20
  0.4017E-22
  0.1401E-19
  0.2551E-19
  0.4429E-19
  0.1678E-19
  0.2013E-19
  0.1774E-19
  0.1208E-19
  0.3176E-20
  0.5131E-20
  0.9904E-20
  0.7693E-20
  0.9704E-20
  0.1550E-19
  0.1315E-19
  0.4387E-20
  0.7237E-20
  0.2439E-20
  0.3682E-20
  0.4750E-20
  0.2035E-20
  0.2219E-20
  0.1772E-20
  0.1322E-20
  0.2405E-20
  0.2302E-20
  0.9790E-21
  0.5695E-21
  0.3195E-21
  0.6993E-21
  0.8302E-21
  0.7943E-21
  0.6922E-21
  0.2552E-21
  0.3334E-21
  0.2149E-21
  0.2022E-21
  0.6374E-22
  0.7203E-22
  0.1116E-21
  0.1906E-21
  0.2838E-21
  0.1567E-21
  0.2158E-21
  0.5706E-22
  0.8502E-22
  0.1015E-21
  0.2243E-22
  0.9840E-22
  0.4955E-23
  0.4117E-22
  0.3487E-22
  0.3055E-22
  0.1071E-22
  0.9267E-24
  0.4839E-23
  0.1412E-22
  0.7379E-23
  0.2322E-23
  0.1757E-23
  0.2346E-23
  0.1720E-23
  0.1000E-23
  0.1519E-23
  0.1627E-23
  0.1593E-23
  0.4235E-24
  0.5520E-24
  0.1220E-23
  0.1480E-23
  0.5513E-24
  0.4080E-24
  0.1664E-23
  0.1319E-23
  0.6055E-24
  0.1082E-23
  0.2127E-24
  0.4206E-24
  0.1398E-24
  0.2371E-24
  0.2144E-24
  0.1262E-24
  0.2543E-24
  0.1528E-24
  0.1153E-24
  0.5679E-25
  0.4941E-25
  0.2610E-25
  0.1178E-25
  0.3601E-26
  0.7214E-26
  0.3767E-26
  0.6148E-26
  0.4086E-26
  0.1771E-26
  0.4296E-28
  0.5802E-27
  0.3289E-26
  0.2885E-26
  0.3292E-26
  0.1948E-26
  0.1495E-26
  0.3319E-26
  0.2272E-26
  0.7241E-27
  0.1157E-26
  0.7311E-27
  0.6969E-27
  0.2964E-27
  0.2786E-27
  0.5484E-27
  0.4506E-27
  0.3865E-27
  0.2541E-27
  0.3671E-27
  0.3847E-27
  0.1469E-27
  0.3058E-27
  0.2133E-27
  0.8129E-28
  0.1857E-27
  0.2455E-27
  0.6072E-28
  0.7220E-28
  0.6547E-28
  0.3079E-28
  0.9901E-29
  0.2001E-28
  0.1967E-28
  0.7487E-29
  0.1066E-28
  0.1556E-28
  0.1363E-28
  0.7426E-29
  0.2980E-29
  0.1632E-29
  0.2713E-29
  0.0000E+00
  0.2595E-29
  0.1009E-29
  0.2199E-29
  0.0000E+00
  0.0000E+00
  0.0000E+00
  0.0000E+00
  0.0000E+00
  0.0000E+00
  0.0000E+00
  0.0000E+00
  0.0000E+00
  0.0000E+00
  0.0000E+00
  0.0000E+00
  0.0000E+00
  0.0000E+00
  0.0000E+00
  0.0000E+00
  0.0000E+00
  0.0000E+00
  0.0000E+00
  0.0000E+00
  0.0000E+00
  0.0000E+00
  0.0000E+00
  0.0000E+00
  0.0000E+00
  0.0000E+00
  0.0000E+00
  0.0000E+00
  0.0000E+00
  0.0000E+00
  0.0000E+00
  0.0000E+00
  0.0000E+00
  0.0000E+00
  0.0000E+00
  0.0000E+00
  0.0000E+00
  0.0000E+00
  0.0000E+00
  0.0000E+00
  0.0000E+00
  0.0000E+00
  0.0000E+00
  0.0000E+00
  0.0000E+00
  0.0000E+00
  0.0000E+00
  0.0000E+00
  0.0000E+00
  0.0000E+00
  0.0000E+00
  0.0000E+00
  0.0000E+00
  0.0000E+00
  0.0000E+00
  0.0000E+00
  0.0000E+00
  0.0000E+00
  0.0000E+00
  0.0000E+00
  0.0000E+00
  0.0000E+00
  0.0000E+00
  0.0000E+00
  0.0000E+00
  0.0000E+00
  0.0000E+00
  0.0000E+00
  0.0000E+00
  0.0000E+00
  0.0000E+00
  0.0000E+00
  0.0000E+00
  0.0000E+00
  0.0000E+00
  0.0000E+00
  0.0000E+00
  0.0000E+00
  0.0000E+00
  0.0000E+00
  0.0000E+00
  0.0000E+00
  0.0000E+00
  0.0000E+00
  0.0000E+00
  0.0000E+00
  0.0000E+00
  0.0000E+00
  0.0000E+00
  0.0000E+00
  0.0000E+00
  0.0000E+00
  0.0000E+00
  0.0000E+00
  0.0000E+00
  0.0000E+00
  0.0000E+00
  0.0000E+00
  0.0000E+00
  0.0000E+00
  0.0000E+00
  0.0000E+00
  0.0000E+00
  0.0000E+00
  0.0000E+00
  0.0000E+00
  0.0000E+00
  0.0000E+00
  0.0000E+00
  0.0000E+00
  0.0000E+00
  0.0000E+00
  0.0000E+00
  0.0000E+00
  0.0000E+00
  0.0000E+00
  0.0000E+00
  0.0000E+00
  0.0000E+00
  0.0000E+00
  0.0000E+00
  0.0000E+00
  0.0000E+00
  0.0000E+00
  0.0000E+00
  0.0000E+00
  0.0000E+00
  0.0000E+00
  0.0000E+00
  0.0000E+00
  0.0000E+00
  0.0000E+00
  0.0000E+00
  0.0000E+00
  0.0000E+00
  0.0000E+00
  0.0000E+00
  0.0000E+00
  0.0000E+00
  0.0000E+00
  0.0000E+00
  0.0000E+00
  0.0000E+00
  0.0000E+00
  0.0000E+00
  0.0000E+00
  0.0000E+00
  0.0000E+00
  0.0000E+00
  0.0000E+00
  0.0000E+00
  0.0000E+00
  0.0000E+00
  0.0000E+00
  0.0000E+00
  0.0000E+00
  0.0000E+00
  0.0000E+00
  0.0000E+00
  0.0000E+00
  0.0000E+00
  0.0000E+00
  0.0000E+00
  0.0000E+00
  0.0000E+00
  0.0000E+00
  0.0000E+00
  0.0000E+00
  0.0000E+00
  0.0000E+00
  0.0000E+00
  0.0000E+00
  0.0000E+00
  0.0000E+00
  0.0000E+00
  0.0000E+00
  0.0000E+00
  0.0000E+00
  0.0000E+00
  0.0000E+00
  0.0000E+00
  0.0000E+00
  0.0000E+00
  0.0000E+00
  0.0000E+00
  0.0000E+00
  0.0000E+00
  0.0000E+00
  0.0000E+00
  0.0000E+00
  0.0000E+00
  0.0000E+00
  0.0000E+00
  0.0000E+00
  0.0000E+00
  0.0000E+00
  0.0000E+00
  0.0000E+00
  0.0000E+00
  0.0000E+00
  0.0000E+00
  0.0000E+00
  0.0000E+00
  0.0000E+00
  0.0000E+00
  0.0000E+00
  0.0000E+00
  0.0000E+00
  0.0000E+00
  0.0000E+00
  0.0000E+00
  0.0000E+00
  0.0000E+00
  0.0000E+00
  0.0000E+00
  0.0000E+00
  0.0000E+00
  0.0000E+00
  0.0000E+00
  0.0000E+00
  0.0000E+00
  0.0000E+00
  0.0000E+00
  0.0000E+00
  0.0000E+00
  0.0000E+00
  0.0000E+00
  0.0000E+00
  0.0000E+00
  0.0000E+00
  0.0000E+00
  0.0000E+00
  0.0000E+00
  0.0000E+00
  0.0000E+00
  0.0000E+00
  0.0000E+00
  0.0000E+00
  0.0000E+00
  0.0000E+00
  0.0000E+00
  0.0000E+00
  0.0000E+00
  0.0000E+00
  0.0000E+00
  0.0000E+00
  0.0000E+00
  0.0000E+00
  0.0000E+00
  0.0000E+00
  0.0000E+00
  0.0000E+00
  0.0000E+00
  0.0000E+00
  0.0000E+00
  0.0000E+00
  0.0000E+00
  0.0000E+00
  0.0000E+00
  0.0000E+00
  0.0000E+00
  0.0000E+00
  0.0000E+00
  0.0000E+00
  0.0000E+00
  0.0000E+00
  0.0000E+00
  0.0000E+00
  0.0000E+00
  0.0000E+00
  0.0000E+00
  0.0000E+00
  0.0000E+00
  0.0000E+00
  0.0000E+00
  0.0000E+00
  0.0000E+00
  0.0000E+00
  0.0000E+00
  0.0000E+00
  0.0000E+00
  0.0000E+00
  0.0000E+00
  0.0000E+00
  0.0000E+00
  0.0000E+00
  0.0000E+00
  0.0000E+00
  0.0000E+00
  0.0000E+00
  0.0000E+00
  0.0000E+00
  0.0000E+00
  0.0000E+00
  0.0000E+00
  0.0000E+00
  0.0000E+00
  0.0000E+00
  0.0000E+00
  0.0000E+00
  0.0000E+00
  0.0000E+00
  0.0000E+00
  0.0000E+00
  0.0000E+00
  0.0000E+00
  0.0000E+00
  0.0000E+00
  0.0000E+00
  0.0000E+00
  0.0000E+00
  0.0000E+00
  0.0000E+00
  0.0000E+00
  0.0000E+00
  0.0000E+00
  0.0000E+00
  0.0000E+00
  0.0000E+00
  0.0000E+00
  0.0000E+00
  0.0000E+00
  0.0000E+00
  0.0000E+00
  0.0000E+00
  0.0000E+00
  0.0000E+00
  0.0000E+00
  0.0000E+00
  0.0000E+00
  0.0000E+00
  0.0000E+00
  0.0000E+00
  0.0000E+00
  0.0000E+00
  0.0000E+00
  0.0000E+00
  0.0000E+00
  0.0000E+00
  0.0000E+00
  0.0000E+00
  0.0000E+00
  0.0000E+00
  0.0000E+00
  0.0000E+00
  0.0000E+00
  0.0000E+00
  0.0000E+00
  0.0000E+00
  0.0000E+00
  0.0000E+00
  0.0000E+00
  0.0000E+00
  0.0000E+00
  0.0000E+00
  0.0000E+00
  0.0000E+00
  0.0000E+00
  0.0000E+00
  0.0000E+00
  0.0000E+00
  0.0000E+00
  0.0000E+00
  0.0000E+00
  0.0000E+00
  0.0000E+00
  0.0000E+00
  0.0000E+00
  0.0000E+00
  0.0000E+00
  0.0000E+00
  0.0000E+00
  0.0000E+00
  0.0000E+00
  0.0000E+00
  0.0000E+00
  0.0000E+00
  0.0000E+00
  0.0000E+00
  0.0000E+00
  0.0000E+00
  0.0000E+00
  0.0000E+00
  0.0000E+00
  0.0000E+00
  0.0000E+00
  0.0000E+00
  0.0000E+00
  0.0000E+00
  0.0000E+00
  0.0000E+00
  0.0000E+00
  0.0000E+00
  0.0000E+00
  0.0000E+00
  0.0000E+00
  0.0000E+00
  0.0000E+00
  0.0000E+00
  0.0000E+00
  0.0000E+00
  0.0000E+00
  0.0000E+00
  0.0000E+00
  0.0000E+00
  0.0000E+00
  0.0000E+00
  0.0000E+00
  0.0000E+00
  0.0000E+00
  0.0000E+00
  0.0000E+00
  0.0000E+00
  0.0000E+00
  0.0000E+00
  0.0000E+00
  0.0000E+00
  0.0000E+00
  0.0000E+00
  0.0000E+00
  0.0000E+00
  0.0000E+00
  0.0000E+00
  0.0000E+00
  0.0000E+00
  0.0000E+00
  0.0000E+00
  0.0000E+00
  0.0000E+00
  0.0000E+00
  0.0000E+00
  0.0000E+00
  0.0000E+00
  0.0000E+00
  0.0000E+00
  0.0000E+00
  0.0000E+00
  0.0000E+00
  0.0000E+00
  0.0000E+00
  0.0000E+00
  0.0000E+00
  0.0000E+00
  0.0000E+00
  0.0000E+00
  0.0000E+00
  0.0000E+00
  0.0000E+00
  0.0000E+00
  0.0000E+00
  0.0000E+00
  0.0000E+00
  0.0000E+00
  0.0000E+00
  0.0000E+00
  0.0000E+00
  0.0000E+00
  0.0000E+00
  0.0000E+00
  0.0000E+00
  0.0000E+00
  0.0000E+00
  0.0000E+00
  0.0000E+00
  0.0000E+00
  0.0000E+00
  0.0000E+00
  0.0000E+00
  0.0000E+00
  0.0000E+00
  0.0000E+00
  0.0000E+00
  0.0000E+00
  0.0000E+00
  0.0000E+00
  0.0000E+00
  0.0000E+00
  0.0000E+00
  0.0000E+00
  0.0000E+00
  0.0000E+00
  0.0000E+00
  0.0000E+00
  0.0000E+00
  0.0000E+00
  0.0000E+00
  0.0000E+00
  0.0000E+00
  0.0000E+00
  0.0000E+00
  0.0000E+00
  0.0000E+00
  0.0000E+00
  0.0000E+00
  0.0000E+00
  0.0000E+00
  0.0000E+00
  0.0000E+00
  0.0000E+00
  0.0000E+00
  0.0000E+00
  0.0000E+00
  0.0000E+00
  0.0000E+00
  0.0000E+00
  0.0000E+00
  0.0000E+00
  0.0000E+00
  0.0000E+00
  0.0000E+00
  0.0000E+00
  0.0000E+00
  0.0000E+00
  0.0000E+00
  0.0000E+00
  0.0000E+00
  0.0000E+00
  0.0000E+00
  0.0000E+00
  0.0000E+00
  0.0000E+00
  0.0000E+00
  0.0000E+00
  0.0000E+00
  0.0000E+00
  0.0000E+00
  0.0000E+00
  0.0000E+00
  0.0000E+00
  0.0000E+00
  0.0000E+00
  0.0000E+00
  0.0000E+00
  0.0000E+00
  0.0000E+00
  0.0000E+00
  0.0000E+00
  0.0000E+00
  0.0000E+00
  0.0000E+00
  0.0000E+00
  0.0000E+00
  0.0000E+00
  0.0000E+00
  0.0000E+00
  0.0000E+00
  0.0000E+00
  0.0000E+00
  0.0000E+00
  0.0000E+00
  0.0000E+00
  0.0000E+00
  0.0000E+00
  0.0000E+00
  0.0000E+00
  0.0000E+00
  0.0000E+00
  0.0000E+00
  0.0000E+00
  0.0000E+00
  0.0000E+00
  0.0000E+00
  0.0000E+00
  0.0000E+00
  0.0000E+00
  0.0000E+00
  0.0000E+00
  0.0000E+00
  0.0000E+00
  0.0000E+00
  0.0000E+00
  0.0000E+00
  0.0000E+00
  0.0000E+00
  0.0000E+00
  0.0000E+00
  0.0000E+00
  0.0000E+00
  0.0000E+00
  0.0000E+00
  0.0000E+00
  0.0000E+00
  0.0000E+00
  0.0000E+00
  0.0000E+00
  0.0000E+00
  0.0000E+00
  0.0000E+00
  0.0000E+00
  0.0000E+00
  0.0000E+00
  0.0000E+00
  0.0000E+00
  0.0000E+00
  0.0000E+00
  0.0000E+00
  0.0000E+00
  0.0000E+00
  0.0000E+00
  0.0000E+00
  0.0000E+00
  0.0000E+00
  0.0000E+00
  0.0000E+00
  0.0000E+00
  0.0000E+00
  0.0000E+00
  0.0000E+00
  0.0000E+00
  0.0000E+00
  0.0000E+00
  0.0000E+00
  0.0000E+00
  0.0000E+00
  0.0000E+00
  0.0000E+00
  0.0000E+00
  0.0000E+00
  0.0000E+00
  0.0000E+00
  0.0000E+00
  0.0000E+00
  0.0000E+00
  0.0000E+00
  0.0000E+00
  0.0000E+00
  0.0000E+00
  0.0000E+00
  0.0000E+00
  0.0000E+00
  0.0000E+00
  0.0000E+00
  0.0000E+00
  0.0000E+00
  0.0000E+00
  0.0000E+00
  0.0000E+00
  0.0000E+00
  0.0000E+00
  0.0000E+00
  0.0000E+00
  0.0000E+00
  0.0000E+00
  0.0000E+00
  0.0000E+00
  0.0000E+00
  0.0000E+00
  0.0000E+00
  0.0000E+00
  0.0000E+00
  0.0000E+00
  0.0000E+00
  0.0000E+00
  0.0000E+00
  0.0000E+00
  0.0000E+00
  0.0000E+00
  0.0000E+00
  0.0000E+00
  0.0000E+00
  0.0000E+00
  0.0000E+00
  0.0000E+00
  0.0000E+00
  0.0000E+00
  0.0000E+00
  0.0000E+00
  0.0000E+00
  0.0000E+00
  0.0000E+00
  0.0000E+00
  0.0000E+00
  0.0000E+00
  0.0000E+00
  0.0000E+00
  0.0000E+00
  0.0000E+00
  0.0000E+00
  0.0000E+00
  0.0000E+00
  0.0000E+00
  0.0000E+00
  0.0000E+00
  0.0000E+00
  0.0000E+00
  0.0000E+00
  0.0000E+00
  0.0000E+00
  0.0000E+00
  0.0000E+00
  0.0000E+00
  0.0000E+00
  0.0000E+00
  0.0000E+00
  0.0000E+00
  0.0000E+00
  0.0000E+00
  0.0000E+00
  0.0000E+00
  0.0000E+00
  0.0000E+00
  0.0000E+00
  0.0000E+00
  0.0000E+00
  0.0000E+00
  0.0000E+00
  0.0000E+00
  0.0000E+00
  0.0000E+00
  0.0000E+00
  0.0000E+00
  0.0000E+00
  0.0000E+00
  0.0000E+00
  0.0000E+00
  0.0000E+00
  0.0000E+00
  0.0000E+00
  0.0000E+00
  0.0000E+00
  0.0000E+00
  0.0000E+00
  0.0000E+00
  0.0000E+00
  0.0000E+00
  0.0000E+00
  0.0000E+00
  0.0000E+00
  0.0000E+00
  0.0000E+00
  0.0000E+00
  0.0000E+00
  0.0000E+00
  0.0000E+00
  0.0000E+00
  0.0000E+00
  0.0000E+00
  0.0000E+00
  0.0000E+00
  0.0000E+00
  0.0000E+00
  0.0000E+00
  0.0000E+00
  0.0000E+00
  0.0000E+00
  0.0000E+00
  0.0000E+00
  0.0000E+00
  0.0000E+00
  0.0000E+00
  0.0000E+00
  0.0000E+00
  0.0000E+00
  0.0000E+00
  0.0000E+00
  0.0000E+00
  0.0000E+00
  0.0000E+00
  0.0000E+00
  0.0000E+00
  0.0000E+00
  0.0000E+00
  0.0000E+00
  0.0000E+00
  0.0000E+00
  0.0000E+00
  0.0000E+00
  0.0000E+00
  0.0000E+00
  0.0000E+00
  0.0000E+00
  0.0000E+00
  0.0000E+00
  0.0000E+00
  0.0000E+00
  0.0000E+00
  0.0000E+00
  0.0000E+00
  0.0000E+00
  0.0000E+00
  0.0000E+00
  0.0000E+00
  0.0000E+00
  0.0000E+00
  0.0000E+00
  0.0000E+00
  0.0000E+00
  0.0000E+00
  0.0000E+00
  0.0000E+00
  0.0000E+00
  0.0000E+00
  0.0000E+00
  0.0000E+00
  0.0000E+00
  0.0000E+00
  0.0000E+00
  0.0000E+00
  0.0000E+00
  0.0000E+00
  0.0000E+00
  0.0000E+00
  0.0000E+00
  0.0000E+00
  0.0000E+00
  0.0000E+00
  0.0000E+00
  0.0000E+00
  0.0000E+00
  0.0000E+00
  0.0000E+00
  0.0000E+00
  0.0000E+00
  0.0000E+00
  0.0000E+00
  0.0000E+00
  0.0000E+00
  0.0000E+00
  0.0000E+00
  0.0000E+00
  0.0000E+00
  0.0000E+00
  0.0000E+00
  0.0000E+00
  0.0000E+00
  0.0000E+00
  0.0000E+00
  0.0000E+00
  0.0000E+00
  0.0000E+00
  0.0000E+00
  0.0000E+00
  0.0000E+00
  0.0000E+00
  0.0000E+00
  0.0000E+00
  0.0000E+00
  0.0000E+00
  0.0000E+00
  0.0000E+00
  0.0000E+00
  0.0000E+00
  0.0000E+00
  0.0000E+00
  0.0000E+00
  0.0000E+00
  0.0000E+00
  0.0000E+00
  0.0000E+00
  0.0000E+00
  0.0000E+00
