 Spectral outgoing shortwave flux [W/m2/cm^-1]
  0.0000E+00
  0.4707E-15
  0.6969E-14
  0.3437E-13
  0.1072E-12
  0.2792E-12
  0.7343E-12
  0.1839E-11
  0.4086E-11
  0.8246E-11
  0.1544E-10
  0.2717E-10
  0.4577E-10
  0.7362E-10
  0.1143E-09
  0.1715E-09
  0.2526E-09
  0.3612E-09
  0.5073E-09
  0.6995E-09
  0.9472E-09
  0.1263E-08
  0.1662E-08
  0.2164E-08
  0.2777E-08
  0.3562E-08
  0.4467E-08
  0.5593E-08
  0.6958E-08
  0.8545E-08
  0.1043E-07
  0.1266E-07
  0.1527E-07
  0.1827E-07
  0.2163E-07
  0.2600E-07
  0.3075E-07
  0.3614E-07
  0.4255E-07
  0.4935E-07
  0.5691E-07
  0.6630E-07
  0.7656E-07
  0.8809E-07
  0.1006E-06
  0.1150E-06
  0.1308E-06
  0.1472E-06
  0.1671E-06
  0.1884E-06
  0.2125E-06
  0.2389E-06
  0.2674E-06
  0.3004E-06
  0.3337E-06
  0.3690E-06
  0.4112E-06
  0.4602E-06
  0.5063E-06
  0.5463E-06
  0.6058E-06
  0.6680E-06
  0.7256E-06
  0.8222E-06
  0.8873E-06
  0.9490E-06
  0.9845E-06
  0.1088E-05
  0.1134E-05
  0.1373E-05
  0.1418E-05
  0.1501E-05
  0.1564E-05
  0.1693E-05
  0.1888E-05
  0.2090E-05
  0.2202E-05
  0.2218E-05
  0.2243E-05
  0.2461E-05
  0.2640E-05
  0.2746E-05
  0.2976E-05
  0.3111E-05
  0.3335E-05
  0.3543E-05
  0.3789E-05
  0.3955E-05
  0.4250E-05
  0.4509E-05
  0.5040E-05
  0.5699E-05
  0.6724E-05
  0.7294E-05
  0.8407E-05
  0.8894E-05
  0.9338E-05
  0.1006E-04
  0.1048E-04
  0.1125E-04
  0.1199E-04
  0.1258E-04
  0.1327E-04
  0.1395E-04
  0.1485E-04
  0.1561E-04
  0.1630E-04
  0.1746E-04
  0.1839E-04
  0.1916E-04
  0.2020E-04
  0.2146E-04
  0.2257E-04
  0.2342E-04
  0.2498E-04
  0.2667E-04
  0.2720E-04
  0.2915E-04
  0.3002E-04
  0.3201E-04
  0.3242E-04
  0.3489E-04
  0.3560E-04
  0.3767E-04
  0.4043E-04
  0.4160E-04
  0.4336E-04
  0.4552E-04
  0.4683E-04
  0.4902E-04
  0.5212E-04
  0.5330E-04
  0.5568E-04
  0.5688E-04
  0.6007E-04
  0.6186E-04
  0.6146E-04
  0.6684E-04
  0.6977E-04
  0.7104E-04
  0.7381E-04
  0.7681E-04
  0.7368E-04
  0.7577E-04
  0.7994E-04
  0.8683E-04
  0.8649E-04
  0.9129E-04
  0.8579E-04
  0.8880E-04
  0.8706E-04
  0.8910E-04
  0.9059E-04
  0.1026E-03
  0.1051E-03
  0.1021E-03
  0.1017E-03
  0.9485E-04
  0.9341E-04
  0.9251E-04
  0.9226E-04
  0.1109E-03
  0.1390E-03
  0.1338E-03
  0.1404E-03
  0.1387E-03
  0.1552E-03
  0.1583E-03
  0.1499E-03
  0.1744E-03
  0.1676E-03
  0.2055E-03
  0.1908E-03
  0.2312E-03
  0.2188E-03
  0.2730E-03
  0.2811E-03
  0.2846E-03
  0.3004E-03
  0.3034E-03
  0.3156E-03
  0.3258E-03
  0.3339E-03
  0.3435E-03
  0.3521E-03
  0.3637E-03
  0.3768E-03
  0.3913E-03
  0.3980E-03
  0.4001E-03
  0.4175E-03
  0.4237E-03
  0.4344E-03
  0.4529E-03
  0.4577E-03
  0.4808E-03
  0.4919E-03
  0.4989E-03
  0.5212E-03
  0.5350E-03
  0.5451E-03
  0.5422E-03
  0.5513E-03
  0.6046E-03
  0.6026E-03
  0.6023E-03
  0.6516E-03
  0.6499E-03
  0.6862E-03
  0.7007E-03
  0.7203E-03
  0.7204E-03
  0.7364E-03
  0.7541E-03
  0.7776E-03
  0.7925E-03
  0.8025E-03
  0.8258E-03
  0.8551E-03
  0.8835E-03
  0.8977E-03
  0.9137E-03
  0.9041E-03
  0.9783E-03
  0.9306E-03
  0.9734E-03
  0.1019E-02
  0.1015E-02
  0.1027E-02
  0.1069E-02
  0.1068E-02
  0.1055E-02
  0.1135E-02
  0.1167E-02
  0.1028E-02
  0.1178E-02
  0.1221E-02
  0.1149E-02
  0.1256E-02
  0.1255E-02
  0.1218E-02
  0.1268E-02
  0.1326E-02
  0.1295E-02
  0.1295E-02
  0.1378E-02
  0.1336E-02
  0.1292E-02
  0.1514E-02
  0.1293E-02
  0.1308E-02
  0.1430E-02
  0.1376E-02
  0.1326E-02
  0.1521E-02
  0.1526E-02
  0.1465E-02
  0.1472E-02
  0.1555E-02
  0.1555E-02
  0.1523E-02
  0.1566E-02
  0.1588E-02
  0.1526E-02
  0.1502E-02
  0.1612E-02
  0.1502E-02
  0.1635E-02
  0.1584E-02
  0.1537E-02
  0.1555E-02
  0.1582E-02
  0.1602E-02
  0.1525E-02
  0.1551E-02
  0.1613E-02
  0.1705E-02
  0.1679E-02
  0.1723E-02
  0.1693E-02
  0.1663E-02
  0.1673E-02
  0.1723E-02
  0.1726E-02
  0.1756E-02
  0.1810E-02
  0.1785E-02
  0.1736E-02
  0.1920E-02
  0.1943E-02
  0.1931E-02
  0.1939E-02
  0.1983E-02
  0.1917E-02
  0.1972E-02
  0.1988E-02
  0.2015E-02
  0.2052E-02
  0.1952E-02
  0.2036E-02
  0.2055E-02
  0.2058E-02
  0.2110E-02
  0.2095E-02
  0.2115E-02
  0.2078E-02
  0.2151E-02
  0.2192E-02
  0.2206E-02
  0.2104E-02
  0.2090E-02
  0.2165E-02
  0.2183E-02
  0.2266E-02
  0.2233E-02
  0.2232E-02
  0.2278E-02
  0.2284E-02
  0.2241E-02
  0.2226E-02
  0.2381E-02
  0.2317E-02
  0.2384E-02
  0.2379E-02
  0.2413E-02
  0.2429E-02
  0.2428E-02
  0.2456E-02
  0.2466E-02
  0.2515E-02
  0.2491E-02
  0.2479E-02
  0.2480E-02
  0.2511E-02
  0.2402E-02
  0.2596E-02
  0.2496E-02
  0.2649E-02
  0.2594E-02
  0.2554E-02
  0.2660E-02
  0.2703E-02
  0.2653E-02
  0.2700E-02
  0.2676E-02
  0.2693E-02
  0.2784E-02
  0.2756E-02
  0.2821E-02
  0.2727E-02
  0.2761E-02
  0.2757E-02
  0.2810E-02
  0.2754E-02
  0.2832E-02
  0.2722E-02
  0.2848E-02
  0.2841E-02
  0.2933E-02
  0.2859E-02
  0.2865E-02
  0.2922E-02
  0.2830E-02
  0.2802E-02
  0.2934E-02
  0.3025E-02
  0.3046E-02
  0.2969E-02
  0.3147E-02
  0.3038E-02
  0.3086E-02
  0.3086E-02
  0.3173E-02
  0.3080E-02
  0.3243E-02
  0.3118E-02
  0.3284E-02
  0.3249E-02
  0.3236E-02
  0.3293E-02
  0.3310E-02
  0.3306E-02
  0.3519E-02
  0.3442E-02
  0.3303E-02
  0.3318E-02
  0.3344E-02
  0.3349E-02
  0.3396E-02
  0.3387E-02
  0.3460E-02
  0.3407E-02
  0.3386E-02
  0.3430E-02
  0.3393E-02
  0.3459E-02
  0.3449E-02
  0.3438E-02
  0.3451E-02
  0.3502E-02
  0.3456E-02
  0.3497E-02
  0.3486E-02
  0.3488E-02
  0.3602E-02
  0.3672E-02
  0.3596E-02
  0.3625E-02
  0.3577E-02
  0.3513E-02
  0.3479E-02
  0.3404E-02
  0.3539E-02
  0.3566E-02
  0.3491E-02
  0.3653E-02
  0.3615E-02
  0.3707E-02
  0.3661E-02
  0.3686E-02
  0.3677E-02
  0.3701E-02
  0.3693E-02
  0.3532E-02
  0.3633E-02
  0.3596E-02
  0.3617E-02
  0.3556E-02
  0.3763E-02
  0.3701E-02
  0.3594E-02
  0.3686E-02
  0.3608E-02
  0.3680E-02
  0.3647E-02
  0.3881E-02
  0.3768E-02
  0.3881E-02
  0.4072E-02
  0.3983E-02
  0.3866E-02
  0.4067E-02
  0.3965E-02
  0.3713E-02
  0.3798E-02
  0.3730E-02
  0.3961E-02
  0.3756E-02
  0.3887E-02
  0.3889E-02
  0.3814E-02
  0.3780E-02
  0.4064E-02
  0.4003E-02
  0.3957E-02
  0.4056E-02
  0.3912E-02
  0.4058E-02
  0.3966E-02
  0.3945E-02
  0.3624E-02
  0.3544E-02
  0.3895E-02
  0.3947E-02
  0.3769E-02
  0.3748E-02
  0.3589E-02
  0.3727E-02
  0.3142E-02
  0.3285E-02
  0.3234E-02
  0.3526E-02
  0.3421E-02
  0.3414E-02
  0.3496E-02
  0.3935E-02
  0.3780E-02
  0.3784E-02
  0.3860E-02
  0.3908E-02
  0.3804E-02
  0.3802E-02
  0.4075E-02
  0.4149E-02
  0.4149E-02
  0.4080E-02
  0.4203E-02
  0.3809E-02
  0.3939E-02
  0.4161E-02
  0.4191E-02
  0.4080E-02
  0.4019E-02
  0.3859E-02
  0.3884E-02
  0.3739E-02
  0.4108E-02
  0.3931E-02
  0.4000E-02
  0.3976E-02
  0.3741E-02
  0.3845E-02
  0.3849E-02
  0.3594E-02
  0.3698E-02
  0.3446E-02
  0.3649E-02
  0.3735E-02
  0.3630E-02
  0.3495E-02
  0.3295E-02
  0.3593E-02
  0.3494E-02
  0.3330E-02
  0.3436E-02
  0.3208E-02
  0.3109E-02
  0.3459E-02
  0.3169E-02
  0.3106E-02
  0.3261E-02
  0.2988E-02
  0.3557E-02
  0.3548E-02
  0.3623E-02
  0.3584E-02
  0.3810E-02
  0.3987E-02
  0.4194E-02
  0.4193E-02
  0.4190E-02
  0.4156E-02
  0.4040E-02
  0.3997E-02
  0.4056E-02
  0.3894E-02
  0.3915E-02
  0.3903E-02
  0.3928E-02
  0.3795E-02
  0.3815E-02
  0.3710E-02
  0.4000E-02
  0.3440E-02
  0.3534E-02
  0.3539E-02
  0.3208E-02
  0.3120E-02
  0.3046E-02
  0.2873E-02
  0.2812E-02
  0.2720E-02
  0.2252E-02
  0.2046E-02
  0.1942E-02
  0.1857E-02
  0.2000E-02
  0.1962E-02
  0.1721E-02
  0.1427E-02
  0.1354E-02
  0.1597E-02
  0.1759E-02
  0.1479E-02
  0.1694E-02
  0.1808E-02
  0.1656E-02
  0.2063E-02
  0.2066E-02
  0.1866E-02
  0.1635E-02
  0.1414E-02
  0.1585E-02
  0.1351E-02
  0.1135E-02
  0.1126E-02
  0.9537E-03
  0.1325E-02
  0.1776E-02
  0.1638E-02
  0.1541E-02
  0.1765E-02
  0.1695E-02
  0.1541E-02
  0.1695E-02
  0.1581E-02
  0.1398E-02
  0.1415E-02
  0.1363E-02
  0.1227E-02
  0.1423E-02
  0.1395E-02
  0.1176E-02
  0.1295E-02
  0.1168E-02
  0.1205E-02
  0.1307E-02
  0.1434E-02
  0.1155E-02
  0.1481E-02
  0.1217E-02
  0.1125E-02
  0.1385E-02
  0.1130E-02
  0.1082E-02
  0.1169E-02
  0.1026E-02
  0.8721E-03
  0.8297E-03
  0.7431E-03
  0.6619E-03
  0.6331E-03
  0.6320E-03
  0.5524E-03
  0.5276E-03
  0.5263E-03
  0.5558E-03
  0.7207E-03
  0.1176E-02
  0.1018E-02
  0.9857E-03
  0.8946E-03
  0.7437E-03
  0.7394E-03
  0.7538E-03
  0.6293E-03
  0.6032E-03
  0.6710E-03
  0.6517E-03
  0.5715E-03
  0.7926E-03
  0.9253E-03
  0.8017E-03
  0.7930E-03
  0.6444E-03
  0.6686E-03
  0.6487E-03
  0.5499E-03
  0.5425E-03
  0.5767E-03
  0.5358E-03
  0.4869E-03
  0.7003E-03
  0.7303E-03
  0.8516E-03
  0.8891E-03
  0.8221E-03
  0.7909E-03
  0.7808E-03
  0.8639E-03
  0.1025E-02
  0.8844E-03
  0.1223E-02
  0.1179E-02
  0.1153E-02
  0.1064E-02
  0.9573E-03
  0.1055E-02
  0.9973E-03
  0.9501E-03
  0.9569E-03
  0.1077E-02
  0.9931E-03
  0.9023E-03
  0.1184E-02
  0.1242E-02
  0.1321E-02
  0.1140E-02
  0.1236E-02
  0.1150E-02
  0.1124E-02
  0.1008E-02
  0.1106E-02
  0.1102E-02
  0.1086E-02
  0.9731E-03
  0.1126E-02
  0.1130E-02
  0.1237E-02
  0.1261E-02
  0.1372E-02
  0.1451E-02
  0.1399E-02
  0.1538E-02
  0.1829E-02
  0.1724E-02
  0.1739E-02
  0.1568E-02
  0.1635E-02
  0.1629E-02
  0.1404E-02
  0.1089E-02
  0.1472E-02
  0.1250E-02
  0.1139E-02
  0.1087E-02
  0.1200E-02
  0.1212E-02
  0.1079E-02
  0.1280E-02
  0.1119E-02
  0.1036E-02
  0.1325E-02
  0.1194E-02
  0.1111E-02
  0.9306E-03
  0.7639E-03
  0.9433E-03
  0.7051E-03
  0.7517E-03
  0.8880E-03
  0.8552E-03
  0.8134E-03
  0.8342E-03
  0.7553E-03
  0.8608E-03
  0.8648E-03
  0.9806E-03
  0.8939E-03
  0.7662E-03
  0.1089E-02
  0.1214E-02
  0.1028E-02
  0.1014E-02
  0.1074E-02
  0.7844E-03
  0.7642E-03
  0.8625E-03
  0.9576E-03
  0.9186E-03
  0.7356E-03
  0.6997E-03
  0.7987E-03
  0.5755E-03
  0.9155E-03
  0.1052E-02
  0.8452E-03
  0.1132E-02
  0.1121E-02
  0.7763E-03
  0.1002E-02
  0.8321E-03
  0.9330E-03
  0.1131E-02
  0.9071E-03
  0.1029E-02
  0.1228E-02
  0.1128E-02
  0.9365E-03
  0.1033E-02
  0.6562E-03
  0.1036E-02
  0.1185E-02
  0.1344E-02
  0.1114E-02
  0.1137E-02
  0.1192E-02
  0.1126E-02
  0.5964E-03
  0.5889E-03
  0.9515E-03
  0.6729E-03
  0.6734E-03
  0.1010E-02
  0.8997E-03
  0.8370E-03
  0.7652E-03
  0.4964E-03
  0.5000E-03
  0.6125E-03
  0.4023E-03
  0.3725E-03
  0.3790E-03
  0.2138E-03
  0.6324E-03
  0.8217E-03
  0.4647E-03
  0.6849E-03
  0.6135E-03
  0.5193E-03
  0.4875E-03
  0.6125E-03
  0.5142E-03
  0.6877E-03
  0.5220E-03
  0.4736E-03
  0.5273E-03
  0.5437E-03
  0.5045E-03
  0.5643E-03
  0.6454E-03
  0.4660E-03
  0.7521E-03
  0.5212E-03
  0.6305E-03
  0.5903E-03
  0.4388E-03
  0.3774E-03
  0.4339E-03
  0.4804E-03
  0.5879E-03
  0.5320E-03
  0.4447E-03
  0.4339E-03
  0.4988E-03
  0.3847E-03
  0.4577E-03
  0.9914E-03
  0.1105E-02
  0.8484E-03
  0.1029E-02
  0.1043E-02
  0.7762E-03
  0.1122E-02
  0.9814E-03
  0.9205E-03
  0.9358E-03
  0.7977E-03
  0.6332E-03
  0.6475E-03
  0.5538E-03
  0.5774E-03
  0.6237E-03
  0.5477E-03
  0.4968E-03
  0.5819E-03
  0.5558E-03
  0.5393E-03
  0.4979E-03
  0.4365E-03
  0.4455E-03
  0.2551E-03
  0.4011E-03
  0.4426E-03
  0.5306E-03
  0.5213E-03
  0.4595E-03
  0.5762E-03
  0.4014E-03
  0.3373E-03
  0.5816E-03
  0.7572E-03
  0.8390E-03
  0.5535E-03
  0.7608E-03
  0.4556E-03
  0.6395E-03
  0.7022E-03
  0.7791E-03
  0.4951E-03
  0.6748E-03
  0.7831E-03
  0.6021E-03
  0.6519E-03
  0.4098E-03
  0.5377E-03
  0.4470E-03
  0.6255E-03
  0.7790E-03
  0.5686E-03
  0.3438E-03
  0.4987E-03
  0.4439E-03
  0.3830E-03
  0.5355E-03
  0.5926E-03
  0.6128E-03
  0.6878E-03
  0.3789E-03
  0.3764E-03
  0.4514E-03
  0.4712E-03
  0.5272E-03
  0.4043E-03
  0.6033E-03
  0.5927E-03
  0.5339E-03
  0.6355E-03
  0.4563E-03
  0.3190E-03
  0.4715E-03
  0.4118E-03
  0.4433E-03
  0.2658E-03
  0.4101E-03
  0.5503E-03
  0.5192E-03
  0.5853E-03
  0.6008E-03
  0.4315E-03
  0.3943E-03
  0.4568E-03
  0.3579E-03
  0.4096E-03
  0.2466E-03
  0.4047E-03
  0.2885E-03
  0.1734E-03
  0.3333E-03
  0.4477E-03
  0.3907E-03
  0.1856E-03
  0.3676E-03
  0.2364E-03
  0.3084E-03
  0.3435E-03
  0.3721E-03
  0.1708E-03
  0.3157E-03
  0.3700E-03
  0.2494E-03
  0.1945E-03
  0.1601E-03
  0.2708E-03
  0.2610E-03
  0.3853E-03
  0.4717E-03
  0.3385E-03
  0.2996E-03
  0.4036E-03
  0.2702E-03
  0.2406E-03
  0.3922E-03
  0.2878E-03
  0.1704E-03
  0.2572E-03
  0.2774E-03
  0.2184E-03
  0.1204E-03
  0.1675E-03
  0.1325E-03
  0.1604E-03
  0.7975E-04
  0.1456E-03
  0.1519E-03
  0.6117E-04
  0.1181E-03
  0.2107E-03
  0.1834E-03
  0.9090E-04
  0.7978E-04
  0.1989E-03
  0.2450E-03
  0.1311E-03
  0.7978E-04
  0.5099E-04
  0.3248E-04
  0.1005E-03
  0.9301E-04
  0.1603E-03
  0.2872E-03
  0.7137E-04
  0.1321E-03
  0.2061E-03
  0.1434E-03
  0.2337E-03
  0.2157E-03
  0.1219E-03
  0.1455E-03
  0.1131E-03
  0.1362E-03
  0.2371E-03
  0.2007E-03
  0.9549E-04
  0.1949E-03
  0.1317E-03
  0.1003E-03
  0.8264E-04
  0.1860E-03
  0.2455E-03
  0.1112E-03
  0.1501E-03
  0.1296E-03
  0.2020E-03
  0.1229E-03
  0.1604E-03
  0.1375E-03
  0.2115E-03
  0.2091E-03
  0.1460E-03
  0.9072E-04
  0.1224E-03
  0.1014E-03
  0.1022E-03
  0.1020E-03
  0.8894E-04
  0.1081E-03
  0.9805E-04
  0.5777E-04
  0.1039E-03
  0.9436E-04
  0.2261E-04
  0.6930E-04
  0.9653E-04
  0.1601E-03
  0.1961E-03
  0.1523E-03
  0.1347E-03
  0.1051E-03
  0.1016E-03
  0.1051E-03
  0.1305E-03
  0.8154E-04
  0.7345E-04
  0.4151E-04
  0.4402E-04
  0.2530E-04
  0.8469E-05
  0.1823E-04
  0.1703E-04
  0.2691E-04
  0.4950E-04
  0.3009E-04
  0.2516E-04
  0.2115E-04
  0.1652E-04
  0.5167E-05
  0.9027E-05
  0.1961E-04
  0.1723E-04
  0.2504E-04
  0.4621E-04
  0.4561E-04
  0.1729E-04
  0.3274E-04
  0.1263E-04
  0.2212E-04
  0.3262E-04
  0.1609E-04
  0.2020E-04
  0.1867E-04
  0.1610E-04
  0.3415E-04
  0.3737E-04
  0.1848E-04
  0.1292E-04
  0.8067E-05
  0.2367E-04
  0.2885E-04
  0.3193E-04
  0.3343E-04
  0.1823E-04
  0.2109E-04
  0.1943E-04
  0.1888E-04
  0.7028E-05
  0.9793E-05
  0.1866E-04
  0.3536E-04
  0.5765E-04
  0.3454E-04
  0.5415E-04
  0.1687E-04
  0.3423E-04
  0.4071E-04
  0.1856E-04
  0.6621E-04
  0.5230E-04
  0.3816E-04
  0.3945E-04
  0.3727E-04
  0.1827E-04
  0.2262E-04
  0.1334E-04
  0.2766E-04
  0.1792E-04
  0.6236E-05
  0.5276E-05
  0.9929E-05
  0.7180E-05
  0.5119E-05
  0.9509E-05
  0.1128E-04
  0.1270E-04
  0.4008E-05
  0.6798E-05
  0.1724E-04
  0.2295E-04
  0.9766E-05
  0.9232E-05
  0.4276E-04
  0.3795E-04
  0.2091E-04
  0.4457E-04
  0.1005E-04
  0.2388E-04
  0.1074E-04
  0.1923E-04
  0.2056E-04
  0.1620E-04
  0.3715E-04
  0.2865E-04
  0.3737E-04
  0.1969E-04
  0.1977E-04
  0.1500E-04
  0.1203E-04
  0.1580E-04
  0.2854E-04
  0.1553E-04
  0.1515E-04
  0.1189E-04
  0.3316E-04
  0.1873E-04
  0.9938E-05
  0.1358E-04
  0.1306E-04
  0.1067E-04
  0.7017E-05
  0.6470E-05
  0.1510E-04
  0.1203E-04
  0.4520E-05
  0.8687E-05
  0.6439E-05
  0.7359E-05
  0.3782E-05
  0.4268E-05
  0.1002E-04
  0.9908E-05
  0.1028E-04
  0.8090E-05
  0.1411E-04
  0.1779E-04
  0.8356E-05
  0.2092E-04
  0.1743E-04
  0.7945E-05
  0.2184E-04
  0.3542E-04
  0.1041E-04
  0.1519E-04
  0.1649E-04
  0.9349E-05
  0.3643E-05
  0.8946E-05
  0.1069E-04
  0.5030E-05
  0.8556E-05
  0.1510E-04
  0.1610E-04
  0.1105E-04
  0.6206E-05
  0.3624E-05
  0.7879E-05
  0.3503E-05
  0.1112E-04
  0.7238E-05
  0.1533E-04
  0.9532E-05
  0.2304E-05
  0.7021E-05
  0.7914E-05
  0.3662E-05
  0.4358E-05
  0.5709E-05
  0.5333E-05
  0.7905E-05
  0.6503E-05
  0.5139E-05
  0.3013E-05
  0.2177E-05
  0.2599E-05
  0.5288E-05
  0.5210E-05
  0.9145E-05
  0.9501E-05
  0.8778E-05
  0.5638E-05
  0.9079E-05
  0.5134E-05
  0.1591E-05
  0.8211E-05
  0.7121E-05
  0.5007E-05
  0.7458E-05
  0.5533E-05
  0.8918E-05
  0.3243E-05
  0.4735E-05
  0.9358E-05
  0.5290E-05
  0.6688E-05
  0.5640E-05
  0.5762E-05
  0.3438E-05
  0.2979E-05
  0.4179E-05
  0.6243E-05
  0.2738E-05
  0.4221E-05
  0.4020E-05
  0.8039E-05
  0.3800E-05
  0.5369E-05
  0.7133E-05
  0.4272E-05
  0.7448E-05
  0.5891E-05
  0.3841E-05
  0.5015E-05
  0.4611E-05
  0.3640E-05
  0.3742E-05
  0.5365E-05
  0.2400E-05
  0.2848E-05
  0.4683E-05
  0.7904E-05
  0.4059E-05
  0.1500E-05
  0.1365E-04
  0.7448E-05
  0.5730E-05
  0.7846E-05
  0.5945E-05
  0.5162E-05
  0.3317E-05
  0.4057E-05
  0.4300E-05
  0.4598E-05
  0.2137E-05
  0.2332E-05
  0.4897E-05
  0.3722E-05
  0.5055E-05
  0.2197E-05
  0.3035E-05
  0.4279E-05
  0.2483E-05
  0.1359E-05
  0.2061E-05
  0.2559E-05
  0.2049E-05
  0.2344E-05
  0.2199E-05
  0.2225E-05
  0.2257E-05
  0.1983E-05
  0.1478E-05
  0.1751E-05
  0.9381E-06
  0.3288E-05
  0.1643E-05
  0.1541E-05
  0.1738E-05
  0.2310E-05
  0.1832E-05
  0.1642E-05
  0.1234E-05
  0.1723E-05
  0.2110E-05
  0.5552E-06
  0.1418E-05
  0.2376E-05
  0.6047E-06
  0.1465E-05
  0.2884E-05
  0.2161E-05
  0.3287E-05
  0.1308E-05
  0.1766E-05
  0.1332E-05
  0.2168E-05
  0.9308E-06
  0.6328E-06
  0.2895E-05
  0.1817E-05
  0.1858E-05
  0.2279E-05
  0.1761E-05
  0.7292E-06
  0.6417E-06
  0.8879E-06
  0.2353E-05
  0.1193E-05
  0.6227E-06
  0.7448E-06
  0.1371E-05
  0.1313E-05
  0.1179E-05
  0.9928E-06
  0.8468E-06
  0.7119E-06
  0.1069E-05
  0.1156E-05
  0.1194E-05
  0.7740E-06
  0.7507E-06
  0.4560E-06
  0.1114E-05
  0.7198E-06
  0.4378E-06
  0.5998E-06
  0.6527E-06
  0.1069E-05
  0.6816E-06
  0.4138E-06
  0.5828E-06
  0.6788E-06
  0.5444E-06
  0.6968E-06
  0.1524E-05
  0.1814E-06
  0.6490E-06
  0.5262E-06
  0.4734E-06
  0.3378E-06
  0.2683E-06
  0.5270E-06
  0.5087E-06
  0.3346E-06
  0.4723E-06
  0.4960E-06
  0.3055E-06
  0.3968E-06
  0.2736E-06
  0.4585E-06
  0.5297E-06
  0.4414E-06
  0.4013E-06
  0.1514E-06
  0.3417E-06
  0.1059E-06
  0.1209E-06
  0.2931E-06
  0.3530E-06
  0.3703E-06
  0.3563E-06
  0.1773E-06
  0.4114E-06
  0.2697E-06
  0.1875E-06
  0.2835E-06
  0.3544E-06
  0.1845E-06
  0.3417E-06
  0.2877E-06
  0.8454E-07
  0.1746E-06
  0.1782E-06
  0.3669E-06
  0.2574E-06
  0.2462E-06
  0.2012E-06
  0.1592E-06
  0.1904E-06
  0.1145E-06
  0.1598E-06
  0.3294E-06
  0.4065E-06
  0.3080E-06
  0.1736E-06
  0.1602E-06
  0.2509E-06
  0.1687E-06
  0.1237E-06
  0.2311E-06
  0.1246E-06
  0.1820E-06
  0.2830E-06
  0.1536E-06
  0.2370E-06
  0.2353E-06
  0.2463E-06
  0.1111E-06
  0.1955E-06
  0.1626E-06
  0.1679E-06
  0.2091E-06
  0.2488E-06
  0.2548E-06
  0.1510E-06
  0.1038E-06
  0.1244E-06
  0.1565E-06
  0.1433E-06
  0.1433E-06
  0.1157E-06
  0.1789E-06
  0.2625E-06
  0.1067E-06
  0.1442E-06
  0.1903E-06
  0.1184E-06
  0.1147E-06
  0.1422E-06
  0.1167E-06
  0.1325E-06
  0.8471E-07
  0.8818E-07
  0.5535E-07
  0.1003E-06
  0.7487E-07
  0.1159E-06
  0.7037E-07
  0.9384E-07
  0.7048E-07
  0.4626E-07
  0.5563E-07
  0.3001E-07
  0.3892E-08
  0.1062E-07
  0.3167E-07
  0.4326E-07
  0.6529E-07
  0.8355E-07
  0.5583E-07
  0.6450E-07
  0.9284E-07
  0.5855E-07
  0.7101E-07
  0.9654E-07
  0.1305E-06
  0.7643E-07
  0.6179E-07
  0.6125E-07
  0.6377E-07
  0.7750E-07
  0.6779E-07
  0.5585E-07
  0.7855E-07
  0.5247E-07
  0.5639E-07
  0.5959E-07
  0.6145E-07
  0.4801E-07
  0.5125E-07
  0.3261E-07
  0.4658E-07
  0.1075E-07
  0.4911E-07
  0.5112E-07
  0.4674E-07
  0.3160E-07
  0.2853E-07
  0.5628E-07
  0.2276E-07
  0.2706E-07
  0.2454E-07
  0.6342E-07
  0.7421E-07
  0.3452E-07
  0.1218E-07
  0.3793E-07
  0.3893E-07
  0.4526E-07
  0.3124E-07
  0.1207E-07
  0.2784E-07
  0.1428E-07
  0.4183E-07
  0.3937E-07
  0.2227E-07
  0.2833E-07
  0.3652E-07
  0.2909E-07
  0.3037E-07
  0.2816E-07
  0.2371E-07
  0.1553E-07
  0.3088E-07
  0.1610E-07
  0.2796E-07
  0.2026E-07
  0.2811E-07
  0.3821E-07
  0.1925E-07
  0.2019E-07
  0.7990E-08
  0.5691E-08
  0.2328E-07
  0.1183E-07
  0.2494E-07
  0.1147E-07
  0.3531E-07
  0.2103E-07
  0.1248E-07
  0.1684E-07
  0.1926E-07
  0.1450E-07
  0.8109E-08
  0.8807E-08
  0.3754E-08
  0.1287E-07
  0.1894E-07
  0.2304E-07
  0.1606E-07
  0.1488E-07
  0.3026E-07
  0.1766E-07
  0.1420E-07
  0.6223E-08
  0.1731E-07
  0.1384E-07
  0.4607E-08
  0.1414E-07
  0.5872E-08
  0.1310E-07
  0.7243E-08
  0.1500E-07
  0.1092E-07
  0.8218E-08
  0.1342E-07
  0.1117E-07
  0.1016E-07
  0.3052E-07
  0.5138E-08
  0.2120E-07
  0.4281E-08
  0.2900E-08
  0.1400E-07
  0.1420E-07
  0.1564E-07
  0.1379E-07
  0.1285E-07
  0.2237E-07
  0.1431E-07
  0.1712E-07
  0.6921E-08
  0.1429E-07
  0.1101E-07
  0.8926E-08
  0.1507E-07
  0.6458E-08
  0.1555E-07
  0.1122E-07
  0.6386E-08
  0.3815E-08
  0.2096E-08
  0.2926E-08
  0.8349E-08
  0.5578E-08
  0.9518E-08
  0.3199E-08
  0.5813E-08
  0.9917E-08
  0.4602E-08
  0.6880E-08
  0.6691E-08
  0.1335E-08
  0.7309E-09
  0.6573E-08
  0.2951E-09
  0.1122E-08
  0.1709E-08
  0.2422E-08
  0.5804E-08
  0.2506E-08
  0.3414E-08
  0.7252E-08
  0.7129E-08
  0.5999E-08
  0.3841E-08
  0.1311E-08
  0.4433E-08
  0.1000E-08
  0.2526E-09
  0.7133E-09
  0.1711E-08
  0.4220E-08
  0.4091E-08
  0.5217E-08
  0.4289E-08
  0.5567E-08
  0.7037E-08
  0.8801E-08
  0.2565E-08
  0.3192E-08
  0.7947E-08
  0.5396E-08
  0.2398E-08
  0.5598E-08
  0.4995E-08
  0.6777E-08
  0.4252E-08
  0.3018E-08
  0.2571E-08
  0.1269E-08
  0.2450E-08
  0.2816E-08
  0.1401E-08
  0.2057E-08
  0.2787E-08
  0.9389E-09
  0.7259E-09
  0.2171E-08
  0.1972E-08
  0.9201E-09
  0.1067E-08
  0.2180E-08
  0.8537E-09
  0.2345E-09
  0.1371E-08
  0.8350E-09
  0.1458E-08
  0.1653E-08
  0.1794E-08
  0.1432E-08
  0.2179E-08
  0.4451E-09
  0.7046E-09
  0.5578E-09
  0.8003E-09
  0.7242E-09
  0.5072E-09
  0.2698E-09
  0.2712E-09
  0.5014E-09
  0.5689E-09
  0.1936E-09
  0.1742E-08
  0.1910E-08
  0.2764E-08
  0.1809E-08
  0.2623E-08
  0.1176E-08
  0.9859E-09
  0.4935E-09
  0.2061E-08
  0.6623E-09
  0.1100E-08
  0.3376E-09
  0.4783E-09
  0.6876E-09
  0.1289E-09
  0.7285E-09
  0.5546E-09
  0.2205E-08
  0.1063E-08
  0.1690E-08
  0.1795E-08
  0.1435E-08
  0.1525E-08
  0.2189E-08
  0.1067E-08
  0.1370E-08
  0.8127E-09
  0.1601E-08
  0.1188E-08
  0.5583E-09
  0.6159E-09
  0.3122E-09
  0.1066E-08
  0.2776E-08
  0.1146E-08
  0.1481E-08
  0.5987E-09
  0.3359E-09
  0.4428E-10
  0.2510E-10
  0.5104E-10
  0.6152E-10
  0.6641E-11
  0.1769E-09
  0.1287E-09
  0.9677E-10
  0.8323E-09
  0.4326E-09
  0.6210E-09
  0.1128E-09
  0.1115E-08
  0.1102E-08
  0.1542E-09
  0.3783E-09
  0.4141E-09
  0.3484E-09
  0.6390E-09
  0.1314E-09
  0.4237E-10
  0.1073E-09
  0.1041E-09
  0.2287E-09
  0.6792E-10
  0.1964E-09
  0.8566E-09
  0.2390E-09
  0.1767E-08
  0.3049E-09
  0.4722E-09
  0.3573E-10
  0.3564E-09
  0.3817E-09
  0.2341E-10
  0.1931E-10
  0.4182E-10
  0.2085E-10
  0.8506E-10
  0.3398E-10
  0.5959E-11
  0.4972E-10
  0.7075E-09
  0.3812E-09
  0.8294E-10
  0.1973E-09
  0.3750E-10
  0.4448E-10
  0.4405E-10
  0.7718E-10
  0.2092E-10
  0.3896E-10
  0.2942E-10
  0.1320E-10
  0.7514E-11
  0.3296E-11
  0.3702E-10
  0.1457E-09
  0.3495E-09
  0.4888E-09
  0.2256E-09
  0.6145E-10
  0.1828E-09
  0.8838E-10
  0.6889E-10
  0.7287E-10
  0.3259E-09
  0.1164E-09
  0.1041E-09
  0.1663E-09
  0.1786E-09
  0.1595E-09
  0.6949E-10
  0.2755E-09
  0.9585E-10
  0.2659E-09
  0.2264E-09
  0.5574E-09
  0.1168E-09
  0.2127E-09
  0.8950E-10
  0.1926E-09
  0.3803E-10
  0.7491E-11
  0.5464E-10
  0.8333E-11
  0.7862E-11
  0.8472E-11
  0.1802E-11
  0.4810E-12
  0.5292E-10
  0.3275E-09
  0.4355E-10
  0.8426E-10
  0.1652E-09
  0.9498E-10
  0.3311E-10
  0.5843E-10
  0.4221E-10
  0.8594E-10
  0.2324E-10
  0.2187E-10
  0.7154E-11
  0.4879E-10
  0.6176E-11
  0.1735E-10
  0.2025E-10
  0.3000E-10
  0.9531E-10
  0.2077E-10
  0.2390E-10
  0.8096E-10
  0.7916E-10
  0.1988E-11
  0.2243E-10
  0.4197E-10
  0.3417E-10
  0.1046E-09
  0.1103E-10
  0.5377E-11
  0.6383E-11
  0.3775E-11
  0.1830E-11
  0.1531E-09
  0.1400E-09
  0.1029E-09
  0.1342E-09
  0.9244E-10
  0.8487E-10
  0.6291E-10
  0.3044E-10
  0.1265E-10
  0.1103E-10
  0.3595E-11
  0.2009E-10
  0.4086E-11
  0.1058E-10
  0.1681E-10
  0.2526E-10
  0.7222E-10
  0.4597E-10
  0.3617E-10
  0.2096E-10
  0.7850E-11
  0.2037E-10
  0.1532E-10
  0.9392E-11
  0.4492E-10
  0.3056E-10
  0.1680E-10
  0.9800E-12
  0.7755E-12
  0.3649E-12
  0.9435E-11
  0.1227E-11
  0.1429E-10
  0.3177E-10
  0.1066E-10
  0.9387E-11
  0.6372E-11
  0.2473E-10
  0.4443E-11
  0.6010E-11
  0.1410E-10
  0.2200E-11
  0.7090E-11
  0.1231E-10
  0.2682E-11
  0.4851E-12
  0.7705E-12
  0.8693E-10
  0.2450E-10
  0.9072E-11
  0.6096E-11
  0.6736E-11
  0.8695E-11
  0.2280E-10
  0.2103E-10
  0.2784E-11
  0.1191E-11
  0.1097E-11
  0.3645E-10
  0.5128E-11
  0.1249E-11
  0.2053E-11
  0.2152E-11
  0.1831E-12
  0.6879E-11
  0.2197E-10
  0.1942E-10
  0.3100E-10
  0.1131E-10
  0.1666E-11
  0.4182E-11
  0.6430E-11
  0.1416E-10
  0.6956E-11
  0.1053E-11
  0.4222E-11
  0.5778E-11
  0.2250E-11
  0.1372E-10
  0.2395E-12
  0.5632E-11
  0.3337E-10
  0.3927E-10
  0.2243E-10
  0.1066E-10
  0.6224E-11
  0.4927E-11
  0.5408E-11
  0.7203E-11
  0.2594E-12
  0.6112E-13
  0.1200E-11
  0.2414E-11
  0.2418E-11
  0.1052E-10
  0.5551E-12
  0.2445E-11
  0.2810E-10
  0.4102E-11
  0.6048E-12
  0.8639E-12
  0.1220E-11
  0.1067E-10
  0.2056E-11
  0.3706E-11
  0.3916E-11
  0.2816E-11
  0.9161E-12
  0.4230E-12
  0.3025E-11
  0.2019E-10
  0.1032E-11
  0.6267E-11
  0.2982E-11
  0.3425E-12
  0.1446E-12
  0.8566E-12
  0.1956E-11
  0.3162E-11
  0.2177E-11
  0.1545E-11
  0.2171E-10
  0.4378E-11
  0.5521E-11
  0.3010E-11
  0.7466E-12
  0.6110E-12
  0.2321E-12
  0.7340E-11
  0.6173E-11
  0.2011E-10
  0.3123E-11
  0.3889E-11
  0.1960E-11
  0.1767E-11
  0.6330E-12
  0.2150E-11
  0.2897E-11
  0.9389E-12
  0.5849E-11
  0.5408E-11
  0.6070E-11
  0.1574E-11
  0.9704E-12
  0.4180E-11
  0.2174E-11
  0.2034E-11
  0.1056E-10
  0.3253E-11
  0.9607E-12
  0.9610E-12
  0.2718E-11
  0.2212E-11
  0.2967E-11
  0.3707E-11
  0.2467E-11
  0.1236E-11
  0.1294E-11
  0.4164E-11
  0.1142E-11
  0.1403E-11
  0.1113E-11
  0.6826E-12
  0.5239E-12
  0.7390E-12
  0.4646E-12
  0.8144E-12
  0.8164E-12
  0.8713E-12
  0.9217E-12
  0.2847E-11
  0.2023E-11
  0.2890E-11
  0.9372E-12
  0.1751E-11
  0.2684E-11
  0.2130E-11
  0.2227E-11
  0.1364E-11
  0.9872E-12
  0.6454E-12
  0.1145E-11
  0.1604E-11
  0.4824E-12
  0.8878E-12
  0.1187E-11
  0.1491E-11
  0.1078E-11
  0.1073E-11
  0.1389E-11
  0.3906E-12
  0.1293E-11
  0.1604E-11
  0.1394E-11
  0.6622E-12
  0.1393E-11
  0.2243E-11
  0.1784E-11
  0.5851E-12
  0.8243E-12
  0.3929E-12
  0.3592E-12
  0.8733E-12
  0.7646E-12
  0.5021E-12
  0.8727E-12
  0.1173E-11
  0.1210E-11
  0.5862E-12
  0.1547E-11
  0.4946E-12
  0.3367E-12
  0.1298E-11
  0.1315E-11
  0.1447E-11
  0.5097E-12
  0.9820E-12
  0.1895E-11
  0.1290E-11
  0.4877E-12
  0.8512E-12
  0.7734E-12
  0.9429E-12
  0.2033E-12
  0.9646E-12
  0.1544E-11
  0.5262E-12
  0.6003E-11
