 Planetary albedo [cm2 / molecules of air]
          0.00000000E+00
          0.13769097E-10
          0.20384827E-09
          0.10052775E-08
          0.31355939E-08
          0.75948312E-08
          0.15665520E-07
          0.28912689E-07
          0.49183862E-07
          0.78609059E-07
          0.11960080E-06
          0.17485409E-06
          0.24734644E-06
          0.34033786E-06
          0.45737082E-06
          0.60227033E-06
          0.77914383E-06
          0.99238130E-06
          0.12466552E-05
          0.15469203E-05
          0.18984142E-05
          0.23066567E-05
          0.27774499E-05
          0.33168789E-05
          0.39313106E-05
          0.46273948E-05
          0.54120636E-05
          0.62925313E-05
          0.72762948E-05
          0.83711334E-05
          0.95851087E-05
          0.10926564E-04
          0.12404127E-04
          0.14026705E-04
          0.15803488E-04
          0.17743951E-04
          0.19857848E-04
          0.22155216E-04
          0.24646375E-04
          0.27341926E-04
          0.30252753E-04
          0.33390021E-04
          0.36765178E-04
          0.40389952E-04
          0.44276354E-04
          0.48436678E-04
          0.52883497E-04
          0.57629668E-04
          0.62688326E-04
          0.68072892E-04
          0.73797065E-04
          0.79874825E-04
          0.86320435E-04
          0.93148438E-04
          0.10037366E-03
          0.10801120E-03
          0.11607644E-03
          0.12458506E-03
          0.13355300E-03
          0.14299647E-03
          0.15293200E-03
          0.16337635E-03
          0.17434660E-03
          0.18586010E-03
          0.19793446E-03
          0.21058758E-03
          0.22383765E-03
          0.23770312E-03
          0.25220273E-03
          0.26735550E-03
          0.28318071E-03
          0.29969794E-03
          0.31692704E-03
          0.33488812E-03
          0.35360158E-03
          0.37308810E-03
          0.39336863E-03
          0.41446439E-03
          0.43639689E-03
          0.45918790E-03
          0.48285947E-03
          0.50743391E-03
          0.53293383E-03
          0.55938209E-03
          0.58680183E-03
          0.61521646E-03
          0.64464966E-03
          0.67512539E-03
          0.70666787E-03
          0.73930159E-03
          0.77305130E-03
          0.80794203E-03
          0.84399909E-03
          0.88124803E-03
          0.91971468E-03
          0.95942512E-03
          0.10004057E-02
          0.10427089E-02
          0.10862854E-02
          0.11312360E-02
          0.11775661E-02
          0.12253020E-02
          0.12744718E-02
          0.13251035E-02
          0.13772257E-02
          0.14308670E-02
          0.14860564E-02
          0.15428231E-02
          0.16011965E-02
          0.16612065E-02
          0.17228828E-02
          0.17862558E-02
          0.18513559E-02
          0.19182139E-02
          0.19868606E-02
          0.20573273E-02
          0.21296455E-02
          0.22038468E-02
          0.22799631E-02
          0.23580266E-02
          0.24380698E-02
          0.25201253E-02
          0.26042259E-02
          0.26904047E-02
          0.27786952E-02
          0.28691308E-02
          0.29617455E-02
          0.30565731E-02
          0.31536481E-02
          0.32530047E-02
          0.33546778E-02
          0.34587023E-02
          0.35651133E-02
          0.36739461E-02
          0.37852363E-02
          0.38990198E-02
          0.40153324E-02
          0.41342104E-02
          0.42556901E-02
          0.43798082E-02
          0.45066015E-02
          0.46361069E-02
          0.47683617E-02
          0.49034033E-02
          0.50412692E-02
          0.51819972E-02
          0.53256252E-02
          0.54721914E-02
          0.56217341E-02
          0.57742919E-02
          0.59299033E-02
          0.60886072E-02
          0.62504426E-02
          0.64154488E-02
          0.65836649E-02
          0.67551307E-02
          0.69298856E-02
          0.71079696E-02
          0.72894225E-02
          0.74742845E-02
          0.76625959E-02
          0.78543971E-02
          0.80497285E-02
          0.82486309E-02
          0.84511451E-02
          0.86573119E-02
          0.88671725E-02
          0.90807681E-02
          0.92981398E-02
          0.95193292E-02
          0.97443776E-02
          0.99733268E-02
          0.10206219E-01
          0.10443094E-01
          0.10683997E-01
          0.10928967E-01
          0.11178048E-01
          0.11431280E-01
          0.11688708E-01
          0.11950373E-01
          0.12216317E-01
          0.12486582E-01
          0.12761212E-01
          0.13040249E-01
          0.13323735E-01
          0.13611714E-01
          0.13904227E-01
          0.14201317E-01
          0.14503028E-01
          0.14809402E-01
          0.15120481E-01
          0.15436310E-01
          0.15756929E-01
          0.16082383E-01
          0.16412714E-01
          0.16747965E-01
          0.17088178E-01
          0.17433397E-01
          0.17783664E-01
          0.18139023E-01
          0.18499515E-01
          0.18865183E-01
          0.19236070E-01
          0.19612219E-01
          0.19993673E-01
          0.20380472E-01
          0.20772661E-01
          0.21170281E-01
          0.21573375E-01
          0.21981984E-01
          0.22396151E-01
          0.22815918E-01
          0.23241326E-01
          0.23672418E-01
          0.24109235E-01
          0.24551818E-01
          0.25000209E-01
          0.25454450E-01
          0.25914581E-01
          0.26380643E-01
          0.26852677E-01
          0.27330724E-01
          0.27814824E-01
          0.28305018E-01
          0.28801346E-01
          0.29303847E-01
          0.29812562E-01
          0.30327529E-01
          0.30848789E-01
          0.31376381E-01
          0.31910343E-01
          0.32450714E-01
          0.32997533E-01
          0.33550837E-01
          0.34110665E-01
          0.34677055E-01
          0.35250043E-01
          0.35829667E-01
          0.36415965E-01
          0.37008972E-01
          0.37608725E-01
          0.38215260E-01
          0.38828613E-01
          0.39448818E-01
          0.40075912E-01
          0.40709929E-01
          0.41350904E-01
          0.41998870E-01
          0.42653861E-01
          0.43315911E-01
          0.43985052E-01
          0.44661318E-01
          0.45344741E-01
          0.46035352E-01
          0.46733183E-01
          0.47438265E-01
          0.48150630E-01
          0.48870306E-01
          0.49597325E-01
          0.50331715E-01
          0.51073506E-01
          0.51822726E-01
          0.52579404E-01
          0.53343566E-01
          0.54115241E-01
          0.54894455E-01
          0.55681234E-01
          0.56475604E-01
          0.57277591E-01
          0.58087219E-01
          0.58904512E-01
          0.59729495E-01
          0.60562191E-01
          0.61402622E-01
          0.62250811E-01
          0.63106779E-01
          0.63970548E-01
          0.64842138E-01
          0.65721569E-01
          0.66608861E-01
          0.67504033E-01
          0.68407103E-01
          0.69318089E-01
          0.70237008E-01
          0.71163876E-01
          0.72098711E-01
          0.73041526E-01
          0.73992338E-01
          0.74951160E-01
          0.75918005E-01
          0.76892887E-01
          0.77875818E-01
          0.78866810E-01
          0.79865874E-01
          0.80873019E-01
          0.81888257E-01
          0.82911595E-01
          0.83943043E-01
          0.84982608E-01
          0.86030297E-01
          0.87086117E-01
          0.88150073E-01
          0.89222171E-01
          0.90302414E-01
          0.91390807E-01
          0.92487352E-01
          0.93592052E-01
          0.94704908E-01
          0.95825921E-01
          0.96955092E-01
          0.98092419E-01
          0.99237901E-01
          0.10039154E+00
          0.10155332E+00
          0.10272326E+00
          0.10390133E+00
          0.10508755E+00
          0.10628190E+00
          0.10748443E+00
          0.10869496E+00
          0.10991379E+00
          0.11114055E+00
          0.11237537E+00
          0.11361835E+00
          0.11486940E+00
          0.11612851E+00
          0.11739567E+00
          0.11867087E+00
          0.11995409E+00
          0.12124531E+00
          0.12254452E+00
          0.12385171E+00
          0.12516686E+00
          0.12648994E+00
          0.12782095E+00
          0.12915986E+00
          0.13050666E+00
          0.13186131E+00
          0.13322381E+00
          0.13459412E+00
          0.13597223E+00
          0.13735811E+00
          0.13875174E+00
          0.14015309E+00
          0.14156214E+00
          0.14297886E+00
          0.14440321E+00
          0.14583519E+00
          0.14727474E+00
          0.14872185E+00
          0.15017649E+00
          0.15163862E+00
          0.15310821E+00
          0.15458523E+00
          0.15606964E+00
          0.15756142E+00
          0.15906053E+00
          0.16056692E+00
          0.16208057E+00
          0.16360144E+00
          0.16512949E+00
          0.16666468E+00
          0.16820698E+00
          0.16975634E+00
          0.17131272E+00
          0.17287608E+00
          0.17444639E+00
          0.17602359E+00
          0.17760765E+00
          0.17919852E+00
          0.18079615E+00
          0.18240051E+00
          0.18401154E+00
          0.18562921E+00
          0.18725345E+00
          0.18888429E+00
          0.19052175E+00
          0.19216730E+00
          0.19561372E+00
          0.19737744E+00
          0.19714196E+00
          0.19880461E+00
          0.21931907E+00
          0.21590763E+00
          0.20389718E+00
          0.20642629E+00
          0.20725107E+00
          0.20907033E+00
          0.21066408E+00
          0.21237332E+00
          0.21409602E+00
          0.21582441E+00
          0.21755844E+00
          0.21929806E+00
          0.22104319E+00
          0.22279378E+00
          0.22454979E+00
          0.22631113E+00
          0.22807776E+00
          0.22984961E+00
          0.23162663E+00
          0.23340875E+00
          0.23519591E+00
          0.23698805E+00
          0.23878511E+00
          0.24058702E+00
          0.24239372E+00
          0.24420514E+00
          0.24602123E+00
          0.24784192E+00
          0.24966714E+00
          0.25149683E+00
          0.25333092E+00
          0.25516935E+00
          0.25701205E+00
          0.25885896E+00
          0.26071001E+00
          0.26256512E+00
          0.26442425E+00
          0.26628731E+00
          0.26815425E+00
          0.27002498E+00
          0.27189945E+00
          0.27377759E+00
          0.27565933E+00
          0.27754460E+00
          0.27943333E+00
          0.28132545E+00
          0.28322089E+00
          0.28511959E+00
          0.28702147E+00
          0.28892647E+00
          0.29083451E+00
          0.29274553E+00
          0.29465946E+00
          0.29657622E+00
          0.29849575E+00
          0.30041798E+00
          0.30234283E+00
          0.30427023E+00
          0.30620013E+00
          0.30813243E+00
          0.31006709E+00
          0.31200401E+00
          0.31394315E+00
          0.31588441E+00
          0.31782774E+00
          0.31977307E+00
          0.32172032E+00
          0.32366942E+00
          0.32562030E+00
          0.32757290E+00
          0.32952714E+00
          0.33148296E+00
          0.33344028E+00
          0.33539903E+00
          0.33736097E+00
          0.33947688E+00
          0.34225828E+00
          0.34328351E+00
          0.34560442E+00
          0.35144871E+00
          0.34940428E+00
          0.35149563E+00
          0.35371093E+00
          0.35505016E+00
          0.35702012E+00
          0.35899069E+00
          0.36096179E+00
          0.36293338E+00
          0.36490536E+00
          0.36687769E+00
          0.36885029E+00
          0.37082309E+00
          0.37279603E+00
          0.37476905E+00
          0.37674208E+00
          0.37871504E+00
          0.38068789E+00
          0.38266054E+00
          0.38463295E+00
          0.38660503E+00
          0.38857674E+00
          0.39054800E+00
          0.39251876E+00
          0.39448894E+00
          0.39645849E+00
          0.39842735E+00
          0.40039545E+00
          0.40236272E+00
          0.40432912E+00
          0.40629458E+00
          0.40825904E+00
          0.41022243E+00
          0.41218470E+00
          0.41414579E+00
          0.41610564E+00
          0.41806420E+00
          0.42002139E+00
          0.42197717E+00
          0.42393148E+00
          0.42588426E+00
          0.42783545E+00
          0.42978500E+00
          0.43173285E+00
          0.43367895E+00
          0.43562324E+00
          0.43756567E+00
          0.43950618E+00
          0.44144473E+00
          0.44338125E+00
          0.44531798E+00
          0.44758630E+00
          0.44918586E+00
          0.45110643E+00
          0.45363866E+00
          0.45596035E+00
          0.45774264E+00
          0.45930884E+00
          0.46179577E+00
          0.46402317E+00
          0.46575292E+00
          0.46769482E+00
          0.46959808E+00
          0.47072434E+00
          0.47243299E+00
          0.47451453E+00
          0.47596224E+00
          0.47789591E+00
          0.47972342E+00
          0.48164683E+00
          0.48354701E+00
          0.48539665E+00
          0.48724806E+00
          0.48912090E+00
          0.49099072E+00
          0.49285748E+00
          0.49472099E+00
          0.49658117E+00
          0.49843800E+00
          0.50029142E+00
          0.50214141E+00
          0.50398793E+00
          0.50583093E+00
          0.50767038E+00
          0.50950625E+00
          0.51133850E+00
          0.51316709E+00
          0.51499199E+00
          0.51681317E+00
          0.51863059E+00
          0.52044421E+00
          0.52225401E+00
          0.52405995E+00
          0.52586200E+00
          0.52766013E+00
          0.52945430E+00
          0.53124450E+00
          0.53303068E+00
          0.53481282E+00
          0.53659089E+00
          0.53836486E+00
          0.54013470E+00
          0.54190039E+00
          0.54366189E+00
          0.54541919E+00
          0.54717225E+00
          0.54892105E+00
          0.55066556E+00
          0.55240577E+00
          0.55414164E+00
          0.55587315E+00
          0.55760028E+00
          0.55932300E+00
          0.56104130E+00
          0.56275514E+00
          0.56446452E+00
          0.56616940E+00
          0.56786978E+00
          0.56956562E+00
          0.57125690E+00
          0.57294363E+00
          0.57462574E+00
          0.57630326E+00
          0.57797614E+00
          0.57964439E+00
          0.58130797E+00
          0.58296924E+00
          0.58462109E+00
          0.58627064E+00
          0.58793007E+00
          0.58958012E+00
          0.59120756E+00
          0.59284842E+00
          0.59447802E+00
          0.59609529E+00
          0.59771302E+00
          0.59931071E+00
          0.60090166E+00
          0.60250326E+00
          0.60410001E+00
          0.60569189E+00
          0.60727889E+00
          0.60886099E+00
          0.61043820E+00
          0.61201050E+00
          0.61357787E+00
          0.61514032E+00
          0.61669783E+00
          0.61825040E+00
          0.61979801E+00
          0.62134066E+00
          0.62287835E+00
          0.62441106E+00
          0.62593879E+00
          0.62746154E+00
          0.62897929E+00
          0.63049205E+00
          0.63199980E+00
          0.63350254E+00
          0.63500028E+00
          0.63649299E+00
          0.63798069E+00
          0.63946336E+00
          0.64094101E+00
          0.64241363E+00
          0.64388122E+00
          0.64534377E+00
          0.64680129E+00
          0.64825377E+00
          0.64970121E+00
          0.65114361E+00
          0.65258097E+00
          0.65401329E+00
          0.65544057E+00
          0.65686281E+00
          0.65828000E+00
          0.65969215E+00
          0.66109927E+00
          0.66250135E+00
          0.66389893E+00
          0.66529060E+00
          0.66667891E+00
          0.66806022E+00
          0.66943716E+00
          0.67080970E+00
          0.67217601E+00
          0.67353859E+00
          0.67489531E+00
          0.67624686E+00
          0.67759369E+00
          0.67893542E+00
          0.68027207E+00
          0.68160373E+00
          0.68293043E+00
          0.68425201E+00
          0.68556865E+00
          0.68687999E+00
          0.68818688E+00
          0.68948877E+00
          0.69078561E+00
          0.69207761E+00
          0.69336465E+00
          0.69464675E+00
          0.69592392E+00
          0.69719617E+00
          0.69846349E+00
          0.69972589E+00
          0.70098339E+00
          0.70223599E+00
          0.70348370E+00
          0.70472653E+00
          0.70596448E+00
          0.70719756E+00
          0.70842578E+00
          0.70964915E+00
          0.71086768E+00
          0.71208137E+00
          0.71329024E+00
          0.71449430E+00
          0.71569355E+00
          0.71688800E+00
          0.71807766E+00
          0.71926255E+00
          0.72044267E+00
          0.72161803E+00
          0.72278864E+00
          0.72395452E+00
          0.72511567E+00
          0.72627210E+00
          0.72742382E+00
          0.72857085E+00
          0.72971319E+00
          0.73085086E+00
          0.73198386E+00
          0.73311221E+00
          0.73423592E+00
          0.73535500E+00
          0.73646946E+00
          0.73757931E+00
          0.73868457E+00
          0.73978525E+00
          0.74088135E+00
          0.74197289E+00
          0.74305988E+00
          0.74414234E+00
          0.74522027E+00
          0.74629369E+00
          0.74736261E+00
          0.74842704E+00
          0.74948699E+00
          0.75054248E+00
          0.75159353E+00
          0.75264013E+00
          0.75368231E+00
          0.75472008E+00
          0.75575345E+00
          0.75678243E+00
          0.75780704E+00
          0.75882729E+00
          0.75984318E+00
          0.76085475E+00
          0.76186199E+00
          0.76286493E+00
          0.76386357E+00
          0.76485792E+00
          0.76584801E+00
          0.76683385E+00
          0.76781545E+00
          0.76879281E+00
          0.76976597E+00
          0.77073492E+00
          0.77169968E+00
          0.77266027E+00
          0.77361670E+00
          0.77456899E+00
          0.77551714E+00
          0.77646118E+00
          0.77740111E+00
          0.77833695E+00
          0.77926871E+00
          0.78019641E+00
          0.78112006E+00
          0.78203967E+00
          0.78295526E+00
          0.78386685E+00
          0.78477444E+00
          0.78567806E+00
          0.78657770E+00
          0.78747340E+00
          0.78836516E+00
          0.78925300E+00
          0.79013692E+00
          0.79101695E+00
          0.79189311E+00
          0.79276539E+00
          0.79363382E+00
          0.79449842E+00
          0.79535919E+00
          0.79621615E+00
          0.79706931E+00
          0.79791869E+00
          0.79876430E+00
          0.79960616E+00
          0.80044429E+00
          0.80127868E+00
          0.80210937E+00
          0.80293635E+00
          0.80375966E+00
          0.80457929E+00
          0.80539528E+00
          0.80620762E+00
          0.80701633E+00
          0.80782143E+00
          0.80862294E+00
          0.80942086E+00
          0.81021521E+00
          0.81100600E+00
          0.81179326E+00
          0.81257698E+00
          0.81335719E+00
          0.81413390E+00
          0.81490713E+00
          0.81567688E+00
          0.81644318E+00
          0.81720603E+00
          0.81796545E+00
          0.81872146E+00
          0.81947406E+00
          0.82022328E+00
          0.82096912E+00
          0.82171160E+00
          0.82245074E+00
          0.82318654E+00
          0.82391902E+00
          0.82464820E+00
          0.82537408E+00
          0.82609669E+00
          0.82681603E+00
          0.82753212E+00
          0.82824498E+00
          0.82895461E+00
          0.82966103E+00
          0.83036425E+00
          0.83106430E+00
          0.83176117E+00
          0.83245488E+00
          0.83314546E+00
          0.83383290E+00
          0.83451723E+00
          0.83519846E+00
          0.83587660E+00
          0.83655166E+00
          0.83722366E+00
          0.83789261E+00
          0.83855852E+00
          0.83922141E+00
          0.83988129E+00
          0.84053818E+00
          0.84119208E+00
          0.84184301E+00
          0.84249098E+00
          0.84313600E+00
          0.84377810E+00
          0.84441727E+00
          0.84505354E+00
          0.84568692E+00
          0.84631741E+00
          0.84694504E+00
          0.84756981E+00
          0.84819174E+00
          0.84881084E+00
          0.84942712E+00
          0.85004060E+00
          0.85065129E+00
          0.85125919E+00
          0.85186433E+00
          0.85246671E+00
          0.85306635E+00
          0.85366326E+00
          0.85425745E+00
          0.85484894E+00
          0.85543773E+00
          0.85602384E+00
          0.85660729E+00
          0.85718807E+00
          0.85776621E+00
          0.85834171E+00
          0.85891460E+00
          0.85948488E+00
          0.86005255E+00
          0.86061765E+00
          0.86118017E+00
          0.86174012E+00
          0.86229753E+00
          0.86285240E+00
          0.86340474E+00
          0.86395456E+00
          0.86450189E+00
          0.86504672E+00
          0.86558907E+00
          0.86612895E+00
          0.86666637E+00
          0.86720134E+00
          0.86773388E+00
          0.86826400E+00
          0.86879170E+00
          0.86931701E+00
          0.86983992E+00
          0.87036045E+00
          0.87087861E+00
          0.87139442E+00
          0.87190788E+00
          0.87241900E+00
          0.87292781E+00
          0.87343429E+00
          0.87393848E+00
          0.87444037E+00
          0.87493998E+00
          0.87543732E+00
          0.87593240E+00
          0.87642523E+00
          0.87691582E+00
          0.87740419E+00
          0.87789033E+00
          0.87837427E+00
          0.87885602E+00
          0.87933557E+00
          0.87981295E+00
          0.88028816E+00
          0.88076122E+00
          0.88123213E+00
          0.88170091E+00
          0.88216756E+00
          0.88263209E+00
          0.88309453E+00
          0.88355486E+00
          0.88401311E+00
          0.88446928E+00
          0.88492339E+00
          0.88537544E+00
          0.88582545E+00
          0.88627342E+00
          0.88671936E+00
          0.88716329E+00
          0.88760521E+00
          0.88804513E+00
          0.88848306E+00
          0.88891902E+00
          0.88935300E+00
          0.88978503E+00
          0.89021510E+00
          0.89064323E+00
          0.89106943E+00
          0.89149371E+00
          0.89191607E+00
          0.89233653E+00
          0.89275510E+00
          0.89317178E+00
          0.89358658E+00
          0.89399951E+00
          0.89441058E+00
          0.89481980E+00
          0.89522719E+00
          0.89563273E+00
          0.89603646E+00
          0.89643837E+00
          0.89683847E+00
          0.89723678E+00
          0.89763329E+00
          0.89802803E+00
          0.89842099E+00
          0.89881219E+00
          0.89920164E+00
          0.89958934E+00
          0.89997530E+00
          0.90035953E+00
          0.90074204E+00
          0.90112284E+00
          0.90150193E+00
          0.90187932E+00
          0.90225503E+00
          0.90262906E+00
          0.90300141E+00
          0.90337210E+00
          0.90374114E+00
          0.90410852E+00
          0.90447427E+00
          0.90483838E+00
          0.90520087E+00
          0.90556175E+00
          0.90592101E+00
          0.90627868E+00
          0.90663475E+00
          0.90698923E+00
          0.90734214E+00
          0.90769348E+00
          0.90804325E+00
          0.90839147E+00
          0.90873814E+00
          0.90908327E+00
          0.90942687E+00
          0.90976895E+00
          0.91010950E+00
          0.91044855E+00
          0.91078609E+00
          0.91112214E+00
          0.91145670E+00
          0.91178977E+00
          0.91212138E+00
          0.91245151E+00
          0.91278019E+00
          0.91310741E+00
          0.91343318E+00
          0.91375752E+00
          0.91408043E+00
          0.91440191E+00
          0.91472197E+00
          0.91504062E+00
          0.91535787E+00
          0.91567371E+00
          0.91598817E+00
          0.91630124E+00
          0.91661294E+00
          0.91692327E+00
          0.91723223E+00
          0.91753983E+00
          0.91784608E+00
          0.91815099E+00
          0.91845456E+00
          0.91875680E+00
          0.91905771E+00
          0.91935731E+00
          0.91965559E+00
          0.91995256E+00
          0.92024824E+00
          0.92054262E+00
          0.92083572E+00
          0.92112754E+00
          0.92141808E+00
          0.92170735E+00
          0.92199536E+00
          0.92228211E+00
          0.92256762E+00
          0.92285188E+00
          0.92313490E+00
          0.92341669E+00
          0.92369725E+00
          0.92397659E+00
          0.92425472E+00
          0.92453164E+00
          0.92480736E+00
          0.92508188E+00
          0.92535521E+00
          0.92562735E+00
          0.92589831E+00
          0.92616810E+00
          0.92643672E+00
          0.92670418E+00
          0.92697049E+00
          0.92723564E+00
          0.92749964E+00
          0.92776251E+00
          0.92802423E+00
          0.92828483E+00
          0.92854431E+00
          0.92880267E+00
          0.92905991E+00
          0.92931605E+00
          0.92957108E+00
          0.92982502E+00
          0.93007786E+00
          0.93032962E+00
          0.93058030E+00
          0.93082990E+00
          0.93107843E+00
          0.93132589E+00
          0.93157230E+00
          0.93181764E+00
          0.93206194E+00
          0.93230519E+00
          0.93254740E+00
          0.93278858E+00
          0.93302872E+00
          0.93326784E+00
          0.93350594E+00
          0.93374302E+00
          0.93397909E+00
          0.93421416E+00
          0.93444822E+00
          0.93468129E+00
          0.93491336E+00
          0.93514445E+00
          0.93537456E+00
          0.93560369E+00
          0.93583185E+00
          0.93605903E+00
          0.93628526E+00
          0.93651052E+00
          0.93673483E+00
          0.93695820E+00
          0.93718061E+00
          0.93740209E+00
          0.93762263E+00
          0.93784223E+00
          0.93806091E+00
          0.93827867E+00
          0.93849551E+00
          0.93871143E+00
          0.93892645E+00
          0.93914056E+00
          0.93935376E+00
          0.93956608E+00
          0.93977749E+00
          0.93998802E+00
          0.94019767E+00
          0.94040644E+00
          0.94061433E+00
          0.94082134E+00
          0.94102750E+00
          0.94123278E+00
          0.94143721E+00
          0.94164079E+00
          0.94184351E+00
          0.94204538E+00
          0.94224642E+00
          0.94244661E+00
          0.94264597E+00
          0.94284450E+00
          0.94304220E+00
          0.94323907E+00
          0.94343513E+00
          0.94363037E+00
          0.94382480E+00
          0.94401843E+00
          0.94421125E+00
          0.94440326E+00
          0.94459449E+00
          0.94478492E+00
          0.94497456E+00
          0.94516341E+00
          0.94535149E+00
          0.94553878E+00
          0.94572530E+00
          0.94591106E+00
          0.94609604E+00
          0.94628026E+00
          0.94646372E+00
          0.94664643E+00
          0.94682838E+00
          0.94700959E+00
          0.94719005E+00
          0.94736976E+00
          0.94754874E+00
          0.94772699E+00
          0.94790450E+00
          0.94808128E+00
          0.94825734E+00
          0.94843268E+00
          0.94860730E+00
          0.94878120E+00
          0.94895440E+00
          0.94912688E+00
          0.94929866E+00
          0.94946974E+00
          0.94964013E+00
          0.94980981E+00
          0.94997881E+00
          0.95014712E+00
          0.95031474E+00
          0.95048168E+00
          0.95064794E+00
          0.95081353E+00
          0.95097844E+00
          0.95114268E+00
          0.95130626E+00
          0.95146918E+00
          0.95163143E+00
          0.95179303E+00
          0.95195397E+00
          0.95211427E+00
          0.95227391E+00
          0.95243291E+00
          0.95259127E+00
          0.95274899E+00
          0.95290607E+00
          0.95306253E+00
          0.95321835E+00
          0.95337354E+00
          0.95352811E+00
          0.95368206E+00
          0.95383539E+00
          0.95398810E+00
          0.95414020E+00
          0.95429169E+00
          0.95444258E+00
          0.95459286E+00
          0.95474254E+00
          0.95489162E+00
          0.95504010E+00
          0.95518799E+00
          0.95533529E+00
          0.95548200E+00
          0.95562813E+00
          0.95577367E+00
          0.95591864E+00
          0.95606302E+00
          0.95620684E+00
          0.95635008E+00
          0.95649275E+00
          0.95663486E+00
          0.95677640E+00
          0.95691738E+00
          0.95705780E+00
          0.95719766E+00
          0.95733697E+00
          0.95747573E+00
          0.95761394E+00
          0.95775161E+00
          0.95788873E+00
          0.95802531E+00
          0.95816135E+00
          0.95829686E+00
          0.95843183E+00
          0.95856627E+00
          0.95870018E+00
          0.95883356E+00
          0.95896642E+00
          0.95909876E+00
          0.95923058E+00
          0.95936188E+00
          0.95949266E+00
          0.95962294E+00
          0.95975270E+00
          0.95988196E+00
          0.96001071E+00
          0.96013895E+00
          0.96026670E+00
          0.96039395E+00
          0.96052070E+00
          0.96064695E+00
          0.96077272E+00
          0.96089799E+00
          0.96102278E+00
          0.96114708E+00
          0.96127090E+00
          0.96139424E+00
          0.96151710E+00
          0.96163948E+00
          0.96176139E+00
          0.96188283E+00
          0.96200379E+00
          0.96212429E+00
          0.96224432E+00
          0.96236389E+00
          0.96248299E+00
          0.96260164E+00
          0.96271983E+00
          0.96283756E+00
          0.96295484E+00
          0.96307166E+00
          0.96318804E+00
          0.96330397E+00
          0.96341945E+00
          0.96353449E+00
          0.96364909E+00
          0.96376325E+00
          0.96387697E+00
          0.96399026E+00
          0.96410311E+00
          0.96421553E+00
          0.96432752E+00
          0.96443908E+00
          0.96455021E+00
          0.96466093E+00
          0.96477121E+00
          0.96488108E+00
          0.96499053E+00
          0.96509956E+00
          0.96520818E+00
          0.96531639E+00
          0.96542418E+00
          0.96553156E+00
          0.96563854E+00
          0.96574511E+00
          0.96585128E+00
          0.96595704E+00
          0.96606240E+00
          0.96616737E+00
          0.96627194E+00
          0.96637611E+00
          0.96647989E+00
          0.96658327E+00
          0.96668627E+00
          0.96678888E+00
          0.96689110E+00
          0.96699294E+00
          0.96709439E+00
          0.96719547E+00
          0.96729616E+00
          0.96739647E+00
          0.96749641E+00
          0.96759597E+00
          0.96769516E+00
          0.96779398E+00
          0.96789243E+00
          0.96799051E+00
          0.96808822E+00
          0.96818556E+00
          0.96828255E+00
          0.96837917E+00
          0.96847543E+00
          0.96857133E+00
          0.96866688E+00
          0.96876207E+00
          0.96885690E+00
          0.96895138E+00
          0.96904551E+00
          0.96913930E+00
          0.96923273E+00
          0.96932581E+00
          0.96941856E+00
          0.96951095E+00
          0.96960301E+00
          0.96969472E+00
          0.96978610E+00
          0.96987714E+00
          0.96996784E+00
          0.97005821E+00
          0.97014824E+00
          0.97023794E+00
          0.97032731E+00
          0.97041635E+00
          0.97050507E+00
          0.97059346E+00
          0.97068152E+00
          0.97076926E+00
          0.97085668E+00
          0.97094377E+00
          0.97103055E+00
          0.97111701E+00
          0.97120315E+00
          0.97128898E+00
          0.97137450E+00
          0.97145970E+00
          0.97154459E+00
          0.97162917E+00
          0.97171344E+00
          0.97179741E+00
          0.97188106E+00
          0.97196442E+00
          0.97204747E+00
          0.97213022E+00
          0.97221267E+00
          0.97229482E+00
          0.97237667E+00
          0.97245822E+00
          0.97253948E+00
          0.97262044E+00
          0.97270111E+00
          0.97278149E+00
          0.97286158E+00
          0.97294138E+00
          0.97302089E+00
          0.97310011E+00
          0.97317905E+00
          0.97325770E+00
          0.97333607E+00
          0.97341416E+00
          0.97349196E+00
          0.97356949E+00
          0.97364674E+00
          0.97372371E+00
          0.97380040E+00
          0.97387682E+00
          0.97395296E+00
          0.97402884E+00
          0.97410444E+00
          0.97417977E+00
          0.97425483E+00
          0.97432962E+00
          0.97440415E+00
          0.97447841E+00
          0.97455240E+00
          0.97462613E+00
          0.97469960E+00
          0.97477280E+00
          0.97484575E+00
          0.97491844E+00
          0.97499087E+00
          0.97506304E+00
          0.97513495E+00
          0.97520661E+00
          0.97527802E+00
          0.97534917E+00
          0.97542007E+00
          0.97549072E+00
          0.97556112E+00
          0.97563127E+00
          0.97570117E+00
          0.97577083E+00
          0.97584024E+00
          0.97590941E+00
          0.97597833E+00
          0.97604701E+00
          0.97611545E+00
          0.97618365E+00
          0.97625160E+00
          0.97631932E+00
          0.97638680E+00
          0.97645405E+00
          0.97652106E+00
          0.97658783E+00
          0.97665437E+00
          0.97672068E+00
          0.97678675E+00
          0.97685260E+00
          0.97691821E+00
          0.97698360E+00
          0.97704876E+00
          0.97711369E+00
          0.97717839E+00
          0.97724287E+00
          0.97730712E+00
          0.97737116E+00
          0.97743496E+00
          0.97749855E+00
          0.97756192E+00
          0.97762506E+00
          0.97768799E+00
          0.97775070E+00
          0.97781319E+00
          0.97787547E+00
          0.97793753E+00
          0.97799937E+00
          0.97806101E+00
          0.97812242E+00
          0.97818363E+00
          0.97824463E+00
          0.97830541E+00
          0.97836599E+00
          0.97842636E+00
          0.97848652E+00
          0.97854647E+00
          0.97860622E+00
          0.97866577E+00
          0.97872510E+00
          0.97878424E+00
          0.97884317E+00
          0.97890190E+00
          0.97896043E+00
          0.97901876E+00
          0.97907689E+00
          0.97913482E+00
          0.97919256E+00
          0.97925009E+00
          0.97930743E+00
          0.97936458E+00
          0.97942153E+00
          0.97947828E+00
          0.97953485E+00
          0.97959122E+00
          0.97964740E+00
          0.97970339E+00
          0.97975918E+00
          0.97981479E+00
          0.97987021E+00
          0.97992545E+00
          0.97998049E+00
          0.98003535E+00
          0.98009003E+00
          0.98014452E+00
          0.98019882E+00
          0.98025295E+00
          0.98030689E+00
          0.98036064E+00
          0.98041422E+00
          0.98046762E+00
          0.98052083E+00
          0.98057387E+00
          0.98062673E+00
          0.98067941E+00
          0.98073192E+00
          0.98078425E+00
          0.98083640E+00
          0.98088838E+00
          0.98094018E+00
          0.98099181E+00
          0.98104327E+00
          0.98109456E+00
          0.98114568E+00
          0.98119662E+00
          0.98124739E+00
          0.98129800E+00
          0.98134844E+00
          0.98139871E+00
          0.98144881E+00
          0.98149874E+00
          0.98154851E+00
          0.98159811E+00
          0.98164755E+00
          0.98169683E+00
          0.98174594E+00
          0.98179489E+00
          0.98184367E+00
          0.98189230E+00
          0.98194076E+00
          0.98198907E+00
          0.98203721E+00
          0.98208519E+00
          0.98213302E+00
          0.98218069E+00
          0.98222820E+00
          0.98227556E+00
          0.98232276E+00
          0.98236980E+00
          0.98241669E+00
          0.98246342E+00
          0.98251001E+00
          0.98255643E+00
          0.98260271E+00
          0.98264884E+00
          0.98269481E+00
          0.98274063E+00
          0.98278631E+00
          0.98283183E+00
          0.98287720E+00
          0.98292243E+00
          0.98296751E+00
          0.98301244E+00
          0.98305723E+00
          0.98310187E+00
          0.98314636E+00
          0.98319071E+00
          0.98323491E+00
          0.98327897E+00
          0.98332289E+00
          0.98336667E+00
          0.98341030E+00
          0.98345379E+00
          0.98349714E+00
          0.98354035E+00
          0.98358342E+00
          0.98362635E+00
          0.98366914E+00
          0.98371180E+00
          0.98375431E+00
          0.98379669E+00
          0.98383893E+00
          0.98388104E+00
          0.98392301E+00
          0.98396485E+00
          0.98400655E+00
          0.98404811E+00
          0.98408954E+00
          0.98413084E+00
          0.98417201E+00
          0.98421304E+00
          0.98425395E+00
          0.98429472E+00
          0.98433536E+00
          0.98437587E+00
          0.98441625E+00
          0.98445650E+00
          0.98449663E+00
          0.98453662E+00
          0.98457649E+00
          0.98461623E+00
          0.98465584E+00
          0.98469533E+00
          0.98473469E+00
          0.98477393E+00
          0.98481304E+00
          0.98485203E+00
          0.98489089E+00
          0.98492963E+00
          0.98496825E+00
          0.98500674E+00
          0.98504512E+00
          0.98508337E+00
          0.98512150E+00
          0.98515951E+00
          0.98519740E+00
          0.98523517E+00
          0.98527282E+00
          0.98531035E+00
          0.98534776E+00
          0.98538505E+00
          0.98542223E+00
          0.98545929E+00
          0.98549623E+00
          0.98553306E+00
          0.98556977E+00
          0.98560637E+00
          0.98564285E+00
          0.98567922E+00
          0.98571547E+00
          0.98575161E+00
          0.98578763E+00
          0.98582355E+00
          0.98585935E+00
          0.98589504E+00
          0.98593061E+00
          0.98596608E+00
          0.98600143E+00
          0.98603668E+00
          0.98607181E+00
          0.98610684E+00
          0.98614176E+00
          0.98617656E+00
          0.98621126E+00
          0.98624585E+00
          0.98628034E+00
          0.98631471E+00
          0.98634898E+00
          0.98638315E+00
          0.98641721E+00
          0.98645116E+00
          0.98648501E+00
          0.98651875E+00
          0.98655239E+00
          0.98658592E+00
          0.98661935E+00
          0.98665268E+00
          0.98668590E+00
          0.98671902E+00
          0.98675204E+00
          0.98678496E+00
          0.98681778E+00
          0.98685049E+00
          0.98688311E+00
          0.98691562E+00
          0.98694804E+00
          0.98698035E+00
          0.98701257E+00
          0.98704469E+00
          0.98707671E+00
          0.98710863E+00
          0.98714045E+00
          0.98717218E+00
          0.98720380E+00
          0.98723534E+00
          0.98726677E+00
          0.98729811E+00
          0.98732936E+00
          0.98736050E+00
          0.98739156E+00
          0.98742252E+00
          0.98745338E+00
          0.98748415E+00
          0.98751483E+00
          0.98754542E+00
          0.98757591E+00
          0.98760631E+00
          0.98763661E+00
          0.98766683E+00
          0.98769695E+00
          0.98772698E+00
          0.98775693E+00
          0.98778678E+00
          0.98781654E+00
          0.98784621E+00
          0.98787579E+00
          0.98790528E+00
          0.98793468E+00
          0.98796400E+00
          0.98799322E+00
          0.98802236E+00
          0.98805141E+00
          0.98808037E+00
          0.98810925E+00
          0.98813804E+00
          0.98816674E+00
          0.98819535E+00
          0.98822389E+00
          0.98825233E+00
          0.98828069E+00
          0.98830896E+00
          0.98833715E+00
          0.98836526E+00
          0.98839328E+00
          0.98842122E+00
          0.98844907E+00
          0.98847685E+00
          0.98850453E+00
          0.98853214E+00
          0.98855966E+00
          0.98858711E+00
          0.98861447E+00
          0.98864175E+00
          0.98866894E+00
          0.98869606E+00
          0.98872310E+00
          0.98875005E+00
          0.98877693E+00
          0.98880373E+00
          0.98883044E+00
          0.98885708E+00
          0.98888364E+00
          0.98891012E+00
          0.98893652E+00
          0.98896285E+00
          0.98898909E+00
          0.98901526E+00
          0.98904136E+00
          0.98906737E+00
          0.98909331E+00
          0.98911917E+00
          0.98914496E+00
          0.98917067E+00
          0.98919630E+00
          0.98922186E+00
          0.98924735E+00
          0.98927276E+00
          0.98929809E+00
          0.98932335E+00
          0.98934854E+00
          0.98937365E+00
          0.98939869E+00
          0.98942366E+00
          0.98944855E+00
          0.98947337E+00
          0.98949812E+00
          0.98952279E+00
          0.98954740E+00
          0.98957193E+00
          0.98959639E+00
          0.98962078E+00
          0.98964510E+00
          0.98966935E+00
          0.98969352E+00
          0.98971763E+00
          0.98974167E+00
          0.98976563E+00
          0.98978953E+00
          0.98981336E+00
          0.98983712E+00
          0.98986081E+00
          0.98988443E+00
          0.98990799E+00
          0.98993147E+00
          0.98995489E+00
          0.98997824E+00
          0.99000152E+00
          0.99002474E+00
          0.99004789E+00
          0.99007097E+00
          0.99009398E+00
          0.99011693E+00
          0.99013982E+00
          0.99016263E+00
          0.99018538E+00
          0.99020807E+00
          0.99023069E+00
          0.99025325E+00
          0.99027574E+00
          0.99029817E+00
          0.99032053E+00
          0.99034283E+00
          0.99036506E+00
          0.99038724E+00
          0.99040934E+00
          0.99043139E+00
          0.99045337E+00
          0.99047529E+00
          0.99049715E+00
          0.99051894E+00
          0.99054067E+00
          0.99056235E+00
          0.99058395E+00
          0.99060550E+00
          0.99062699E+00
          0.99064841E+00
          0.99066978E+00
          0.99069108E+00
          0.99071232E+00
          0.99073351E+00
          0.99075463E+00
          0.99077569E+00
          0.99079670E+00
          0.99081764E+00
          0.99083853E+00
          0.99085935E+00
          0.99088012E+00
          0.99090083E+00
          0.99092148E+00
          0.99094207E+00
          0.99096260E+00
          0.99098308E+00
          0.99100350E+00
          0.99102386E+00
          0.99104416E+00
          0.99106441E+00
          0.99108460E+00
          0.99110473E+00
          0.99112481E+00
          0.99114483E+00
          0.99116479E+00
          0.99118470E+00
          0.99120455E+00
          0.99122435E+00
          0.99124409E+00
          0.99126378E+00
          0.99128341E+00
          0.99130299E+00
          0.99132251E+00
          0.99134198E+00
          0.99136139E+00
          0.99138075E+00
          0.99140005E+00
          0.99141930E+00
          0.99143850E+00
          0.99145765E+00
          0.99147674E+00
          0.99149578E+00
          0.99151476E+00
          0.99153369E+00
          0.99155257E+00
          0.99157140E+00
          0.99159018E+00
          0.99160890E+00
          0.99162757E+00
          0.99164619E+00
          0.99166476E+00
          0.99168328E+00
          0.99170175E+00
          0.99172016E+00
          0.99173853E+00
          0.99175684E+00
          0.99177510E+00
          0.99179332E+00
          0.99181148E+00
          0.99182959E+00
          0.99184766E+00
          0.99186567E+00
          0.99188363E+00
          0.99190155E+00
          0.99191941E+00
          0.99193723E+00
          0.99195500E+00
          0.99197272E+00
          0.99199039E+00
          0.99200801E+00
          0.99202558E+00
          0.99204311E+00
          0.99206059E+00
          0.99207802E+00
          0.99209540E+00
          0.99211274E+00
          0.99213003E+00
          0.99214727E+00
          0.99216446E+00
          0.99218161E+00
          0.99219871E+00
          0.99221576E+00
          0.99223277E+00
          0.99224973E+00
          0.99226665E+00
          0.99228352E+00
          0.99230034E+00
          0.99231712E+00
          0.99233385E+00
          0.99235054E+00
          0.99236718E+00
          0.99238378E+00
          0.99240033E+00
          0.99241684E+00
          0.99243330E+00
          0.99244972E+00
          0.99246609E+00
          0.99248242E+00
          0.99249871E+00
          0.99251495E+00
          0.99253115E+00
          0.99254730E+00
          0.99256342E+00
          0.99257948E+00
          0.99259551E+00
          0.99261149E+00
          0.99262743E+00
          0.99264332E+00
          0.99265918E+00
          0.99267499E+00
          0.99269076E+00
          0.99270648E+00
          0.99272217E+00
          0.99273781E+00
          0.99275341E+00
          0.99276897E+00
          0.99278449E+00
          0.99279996E+00
          0.99281540E+00
          0.99283079E+00
          0.99284614E+00
          0.99286146E+00
          0.99287673E+00
          0.99289196E+00
          0.99290715E+00
          0.99292230E+00
          0.99293740E+00
          0.99295247E+00
          0.99296750E+00
          0.99298249E+00
          0.99299744E+00
          0.99301235E+00
          0.99302722E+00
          0.99304205E+00
          0.99305684E+00
          0.99307159E+00
          0.99308631E+00
          0.99310098E+00
          0.99311562E+00
          0.99313022E+00
          0.99314477E+00
          0.99315929E+00
          0.99317378E+00
          0.99318822E+00
          0.99320263E+00
          0.99321699E+00
          0.99323132E+00
          0.99324562E+00
          0.99325987E+00
          0.99327409E+00
          0.99328827E+00
          0.99330241E+00
          0.99331652E+00
          0.99333059E+00
          0.99334462E+00
          0.99335861E+00
          0.99337257E+00
          0.99338649E+00
          0.99340038E+00
          0.99341423E+00
          0.99342804E+00
          0.99344182E+00
          0.99345556E+00
          0.99346927E+00
          0.99348294E+00
          0.99349657E+00
          0.99351017E+00
          0.99352373E+00
          0.99353726E+00
          0.99355075E+00
          0.99356421E+00
          0.99357764E+00
          0.99359102E+00
          0.99360438E+00
          0.99361770E+00
          0.99363098E+00
          0.99364423E+00
          0.99365744E+00
          0.99367063E+00
          0.99368377E+00
          0.99369689E+00
          0.99370997E+00
          0.99372301E+00
          0.99373602E+00
          0.99374900E+00
          0.99376195E+00
          0.99377486E+00
          0.99378774E+00
          0.99380058E+00
          0.99381339E+00
          0.99382617E+00
          0.99383892E+00
          0.99385163E+00
          0.99386431E+00
          0.99387696E+00
          0.99388958E+00
          0.99390216E+00
          0.99391471E+00
          0.99392723E+00
          0.99393972E+00
          0.99395217E+00
          0.99396459E+00
          0.99397698E+00
          0.99398934E+00
          0.99400167E+00
          0.99401397E+00
          0.99402623E+00
          0.99403847E+00
          0.99405067E+00
          0.99406284E+00
          0.99407498E+00
          0.99408709E+00
          0.99409917E+00
          0.99411122E+00
          0.99412324E+00
          0.99413522E+00
          0.99414718E+00
          0.99415911E+00
          0.99417100E+00
          0.99418287E+00
          0.99419470E+00
          0.99420651E+00
          0.99421829E+00
          0.99423003E+00
          0.99424175E+00
          0.99425344E+00
          0.99426509E+00
          0.99427672E+00
          0.99428832E+00
          0.99429989E+00
          0.99431143E+00
          0.99432294E+00
          0.99433442E+00
          0.99434587E+00
          0.99435730E+00
          0.99436869E+00
          0.99438006E+00
          0.99439140E+00
          0.99440271E+00
          0.99441399E+00
          0.99442524E+00
          0.99443647E+00
          0.99444766E+00
          0.99445883E+00
          0.99446997E+00
          0.99448109E+00
          0.99449217E+00
          0.99450323E+00
          0.99451426E+00
          0.99452526E+00
          0.99453623E+00
          0.99454718E+00
          0.99455810E+00
          0.99456899E+00
          0.99457986E+00
          0.99459070E+00
          0.99460151E+00
          0.99461229E+00
          0.99462305E+00
          0.99463378E+00
          0.99464449E+00
          0.99465516E+00
          0.99466581E+00
          0.99467644E+00
          0.99468704E+00
          0.99469761E+00
          0.99470815E+00
