 tau_sw_i
                          0.1850720901326076E-11
                          0.2854876886194491E-09
                          0.3182806179607688E-09
                          0.3054824670536815E-08
                          0.9085334539036766E-08
                          0.4546941427142391E-08
                          0.2637162028127275E-07
                          0.1030178512037551E-07
                          0.1765270221465801E-08
                          0.1724039120775644E-07
                          0.3442282125949732E-09
                          0.3663795878424651E-06
                          0.1152593967691862E-05
                          0.4038790802257121E-10
                          0.1429055891914262E-10
                          0.3260444485223231E-09
                          0.1057466238540559E-11
                          0.1562433499700383E-09
                          0.5304365976619853E-12
                          0.1106694237973246E-11
                          0.8769461895155403E-12
                          0.6368337708065273E-11
                          0.5792609712315853E-11
                          0.1559814792097570E-09
                          0.8824578889202940E-08
                          0.2412301074456022E-07
                          0.1798205223794453E-05
                          0.1086046113139018E-04
                          0.7438756924277423E-07
                          0.1080378677853550E-07
                          0.2088412578732370E-07
                          0.2864051164694488E-11
                          0.7440307237825230E-11
                          0.3062714045162183E-11
                          0.8279653801522108E-11
                          0.3819834730602128E-11
                          0.4277390975896072E-11
                          0.4790272211254754E-11
                          0.7530377314040149E-11
                          0.6433545480786643E-11
                          0.6509891154635040E-11
                          0.7207032605004959E-11
                          0.9014118971467268E-11
                          0.1051869886715159E-10
                          0.9575797293751502E-11
                          0.1041391643288807E-10
                          0.1710078542313197E-10
                          0.1239769397576856E-10
                          0.1348275148706175E-10
                          0.1590965848621845E-10
                          0.8433368021180579E-10
                          0.6179132425686546E-10
                          0.1923963648333473E-06
                          0.2390349758275169E-10
                          0.6144783274661132E-10
                          0.4888589311728321E-09
                          0.3179835384228210E-10
                          0.3215646212890690E-10
                          0.4999765483786192E-10
                          0.1080320545259508E-09
                          0.1276374114704992E-09
                          0.1151421314215413E-09
                          0.2602398886754687E-09
                          0.3400245282212419E-08
                          0.7417926459673785E-10
                          0.2491013334152162E-09
                          0.2590695816124257E-08
                          0.1883686500189381E-09
                          0.4713038564772065E-09
                          0.1464619715955086E-09
                          0.1351121785899272E-09
                          0.9469018882791655E-10
                          0.8377740961517018E-10
                          0.3552585467940476E-09
                          0.8102945347154933E-10
                          0.4633288865675340E-07
                          0.1338236804612883E-03
                          0.3044809045575410E-09
                          0.1196781484733258E-09
                          0.1015026569515472E-09
                          0.1083139824656529E-09
                          0.1117206155194390E-07
                          0.1122364986475818E-07
                          0.3307597299091389E-05
                          0.5833723358454075E-05
                          0.1408909564371322E-09
                          0.1388328374680396E-09
                          0.1452591474312338E-09
                          0.1522229718885986E-09
                          0.3012083833248911E-09
                          0.5542204532758514E-07
                          0.7654656519694411E-03
                          0.1318543260149373E-01
                          0.6911226794522506E-04
                          0.1411037613730586E-03
                          0.2188821242604424E-05
                          0.4191251263864529E-09
                          0.2244987068110144E-09
                          0.2339831261277017E-09
                          0.3103937823234295E-09
                          0.5764684128993976E-09
                          0.2694377830065942E-09
                          0.2769875808278941E-09
                          0.2196017534624033E-06
                          0.4295723836589177E-09
                          0.5173349830405999E-09
                          0.3236941599953906E-09
                          0.3384860434227193E-09
                          0.3482352899834553E-09
                          0.3583034515847344E-09
                          0.3811253245958976E-09
                          0.4035240534144855E-09
                          0.3989549570582138E-09
                          0.4136696795782089E-09
                          0.4287020743284289E-09
                          0.4432265095778480E-09
                          0.4589640717117165E-09
                          0.4748498229656224E-09
                          0.5068364311778435E-09
                          0.5555422640060561E-09
                          0.1021962983083877E-07
                          0.5448871901233362E-09
                          0.5697924899159652E-09
                          0.3619634716739420E-06
                          0.7777990974358491E-09
                          0.5848612421127380E-08
                          0.6398462419621280E-09
                          0.6809962091867366E-09
                          0.6845631824626074E-09
                          0.7642126900672106E-09
                          0.7245399218278855E-09
                          0.7480560250120785E-09
                          0.7725537857845538E-09
                          0.6751823505125449E-07
                          0.7640242649821509E-08
                          0.8433904545823855E-09
                          0.4123680306952297E-08
                          0.2307902771887001E-08
                          0.9272935319120272E-09
                          0.1014457837592805E-08
                          0.3345384652462793E-08
                          0.1305622740666867E-07
                          0.2111251927206381E-04
                          0.4851680833477362E-07
                          0.1303069810525046E-05
                          0.2345179254121873E-05
                          0.1660097244031517E-07
                          0.1497794932598960E-03
                          0.1329942148493239E-05
                          0.7300852996938876E-05
                          0.1059960749761175E-07
                          0.1679382452189743E-08
                          0.3501596842066920E-08
                          0.1713729411313953E-08
                          0.5899472619185395E-07
                          0.1496187479869832E-08
                          0.1534505294703075E-08
                          0.1549694193788938E-08
                          0.1721335987367085E-08
                          0.1624552718056867E-08
                          0.2924337143328030E-07
                          0.1754573333854200E-08
                          0.1744759183273518E-08
                          0.1788187099112687E-08
                          0.1838381280376415E-08
                          0.1877663319637346E-08
                          0.7543319130665419E-06
                          0.1970459447283220E-08
                          0.2029448397714266E-08
                          0.2066219032782137E-08
                          0.2115551683157467E-08
                          0.2165758829551365E-08
                          0.2216850767100106E-08
                          0.2268853307157525E-08
                          0.2509272710476457E-08
                          0.2401272872916300E-08
                          0.2430337472353978E-08
                          0.7764563615757034E-05
                          0.2543010366854571E-08
                          0.2745161069607732E-08
                          0.2670194594557708E-08
                          0.2718924348469676E-08
                          0.2779801055771798E-08
                          0.1917182537695885E-07
                          0.2906107466790746E-08
                          0.3143183305758978E-08
                          0.1853182491712268E-03
                          0.3183462213901550E-08
                          0.3164824426985629E-08
                          0.3306224112905046E-08
                          0.3483572061151604E-08
                          0.3859467210049260E-08
                          0.3610369125425153E-08
                          0.1979436906752709E-07
                          0.4524304329690890E-08
                          0.3556069694728378E-07
                          0.1123682193222602E-07
                          0.5763274988095532E-04
                          0.4163158065529595E-07
                          0.3072451202764753E-07
                          0.1107930463647779E-06
                          0.4166400301721126E-08
                          0.4276481441865381E-08
                          0.6312582772898463E-08
                          0.1505427070703219E-05
                          0.5619297742698345E-08
                          0.4561605540714376E-08
                          0.4662910226484420E-08
                          0.5780364025224662E-08
                          0.4842445035312399E-08
                          0.4953785188968911E-08
                          0.5028774112411940E-08
                          0.5203547003129911E-08
                          0.5404410850954472E-08
                          0.5369758368906961E-08
                          0.5453920425147645E-08
                          0.1230814965623713E-06
                          0.7453754371604338E-08
                          0.5722271079515075E-08
                          0.5827192462862657E-08
                          0.5934749319949691E-08
                          0.6252270049401849E-08
                          0.6154077535026936E-08
                          0.6262558545338235E-08
                          0.6375898581456856E-08
                          0.6490368155385306E-08
                          0.7830027659275626E-08
                          0.6730637118612571E-08
                          0.6843256079198324E-08
                          0.6964084988042932E-08
                          0.7086495401426120E-08
                          0.7211210739113968E-08
                          0.7336236349194074E-08
                          0.7468232269450920E-08
                          0.7592809446534486E-08
                          0.1001736952799480E-07
                          0.7855400209685003E-08
                          0.7989782354217215E-08
                          0.1787857252352673E-07
                          0.8756187830876142E-08
                          0.8402268529054831E-08
                          0.5481779599599007E-07
                          0.8690960432490858E-08
                          0.8895160819748918E-08
                          0.8981511865121510E-08
                          0.9129008578355118E-08
                          0.9340442391146874E-08
                          0.2970313935212507E-07
                          0.9659537459398619E-08
                          0.9976257679037105E-08
                          0.9992325267020448E-08
                          0.1006425774550615E-07
                          0.2029806119146739E-07
                          0.1755494634612730E-06
                          0.1103733353352331E-07
                          0.1071016940016814E-07
                          0.1087593829144916E-07
                          0.1104642762407868E-07
                          0.1123943124553367E-07
                          0.1140828560511613E-07
                          0.1254543221182103E-07
                          0.1176496319277107E-07
                          0.1193545125941907E-07
                          0.1211471882030917E-07
                          0.1230088614191321E-07
                          0.1248760680437936E-07
                          0.1283521721436022E-07
                          0.1307626020214436E-07
                          0.1474806477001639E-07
                          0.1326043421258474E-07
                          0.1355380297953008E-07
                          0.1465777119446215E-07
                          0.1400434296928984E-07
                          0.1407151771911485E-07
                          0.1660026643982597E-07
                          0.1239778683364347E-06
                          0.1538274001390241E-07
                          0.1517004788811873E-07
                          0.1611118559276291E-07
                          0.1727497207349361E-07
                          0.1568448289084473E-07
                          0.1611106069043499E-07
                          0.1643604654108617E-07
                          0.1625502068906157E-07
                          0.1649477058324559E-07
                          0.1670999104273330E-07
                          0.1694628957843207E-07
                          0.3135917411324711E-07
                          0.1747517533684854E-07
                          0.1768432301125785E-07
                          0.1801621619740827E-07
                          0.1816096393631264E-07
                          0.2691121855770850E-07
                          0.1868943014976670E-07
                          0.1969902845668408E-07
                          0.1918143888683725E-07
                          0.2034855018848155E-07
                          0.1970129350338930E-07
                          0.1997165816390147E-07
                          0.2027310990424116E-07
                          0.2051909697767384E-07
                          0.2078374330517429E-07
                          0.2106094213561237E-07
                          0.2135015640569487E-07
                          0.2164203500574774E-07
                          0.2191185409617145E-07
                          0.2223841547198324E-07
                          0.2249044735756982E-07
                          0.2278515093288231E-07
                          0.2337276383650670E-07
                          0.2338712072210205E-07
                          0.2368554222554748E-07
                          0.2399170690496427E-07
                          0.2430062243600207E-07
                          0.2461265856808393E-07
                          0.2492798054250263E-07
                          0.2525241907150024E-07
                          0.2557250875213435E-07
                          0.2589385795571742E-07
                          0.2621826589644178E-07
                          0.2655204882532402E-07
                          0.2688161898176728E-07
                          0.2722209694100468E-07
                          0.2867071555489410E-07
                          0.2801344839376589E-07
                          0.2952982645107304E-07
                          0.2859625916784778E-07
                          0.2937801582567833E-07
                          0.1572791030909697E-03
                          0.2966761998493321E-07
                          0.3005557126199587E-07
                          0.3041467680248193E-07
                          0.3097190781236814E-07
                          0.3113280361901092E-07
                          0.3150963710534747E-07
                          0.3195058604899843E-07
                          0.3227559246834671E-07
                          0.3265457934941014E-07
                          0.3304391867124730E-07
                          0.3343675034441689E-07
                          0.3383282960863387E-07
                          0.3426696706917059E-07
                          0.3463584681956587E-07
                          0.3504283232209552E-07
                          0.3545308968035004E-07
                          0.3586730464224720E-07
                          0.3628490260584413E-07
                          0.3917193662526935E-07
                          0.2552820871384424E-06
                          0.3787725760272892E-07
                          0.3800138802396347E-07
                          0.3842809111709089E-07
                          0.3887400799965623E-07
                          0.5721536761378546E-04
                          0.4016324109788228E-07
                          0.4021087097594046E-07
                          0.4066639104836427E-07
                          0.4112630654518312E-07
                          0.7616370924755992E-07
                          0.4205246574209013E-07
                          0.4252343239485949E-07
                          0.4299852351309226E-07
                          0.4382938523402160E-07
                          0.4398302246902115E-07
                          0.4452591369822197E-07
                          0.4493455726331932E-07
                          0.4542914880812303E-07
                          0.4592740584326312E-07
                          0.4643073639288345E-07
                          0.4693662135483466E-07
                          0.4763940041568931E-07
                          0.4796244970936972E-07
                          0.4886512621074609E-07
                          0.4900493370145349E-07
                          0.4953252172749569E-07
                          0.5029591121588097E-07
                          0.5062310849685311E-07
                          0.5115731985466078E-07
                          0.5168557107809348E-07
                          0.5223468359521783E-07
                          0.5278926460135857E-07
                          0.5336384121863766E-07
                          0.5391000603376572E-07
                          0.5447466576984053E-07
                          0.5504610005883192E-07
                          0.5562150072274586E-07
                          0.5620142396447163E-07
                          0.5678602002761758E-07
                          0.5737517330394177E-07
                          0.5796890043339540E-07
                          0.5856722118391653E-07
                          0.5919875500473864E-07
                          0.5977774825048331E-07
                          0.6039000229790394E-07
                          0.6104556161825007E-07
                          0.6162860580331440E-07
                          0.6225501862229047E-07
                          0.6288616039110523E-07
                          0.6352218852656740E-07
                          0.6417271336194869E-07
                          0.6480846071568103E-07
                          0.6545891491628908E-07
                          0.6611434859703186E-07
                          0.6677460885728213E-07
                          0.6743967677437125E-07
                          0.6810983941733131E-07
                          0.6878493792158000E-07
                          0.6946515751960007E-07
                          0.7015242559197110E-07
                          0.7084043050303124E-07
                          0.1556756958705960E-06
                          0.7224021260739167E-07
                          0.7294179075969959E-07
                          0.7380512689068875E-07
                          0.7438412104666139E-07
                          0.7510700344157631E-07
                          0.7589824336145230E-07
                          0.7667421282128618E-07
                          0.7728419121674548E-07
                          0.7802699044423390E-07
                          0.7877924350537087E-07
                          0.7952786199522275E-07
                          0.8552053894960327E-07
                          0.8127682313559622E-07
                          0.1402488721077406E-06
                          0.8260136878810686E-07
                          0.8337795225703828E-07
                          0.8424340154022517E-07
                          0.9111040866522317E-07
                          0.1696879303742972E-06
                          0.3824688768155854E-06
                          0.1500414794375789E-06
                          0.9520614886835764E-07
                          0.9006466323615436E-07
                          0.9029572795436702E-07
                          0.9064313665863272E-07
                          0.9147942407619234E-07
                          0.9232156334781963E-07
                          0.9316983951929142E-07
                          0.9402325757844466E-07
                          0.9488266082402489E-07
                          0.9574935533942497E-07
                          0.9661981348866952E-07
                          0.9749683062106561E-07
                          0.9838004318581081E-07
                          0.9929249940428259E-07
                          0.1001643808208462E-06
                          0.1010656526083982E-06
                          0.1019737353355550E-06
                          0.1028864457864053E-06
                          0.1038060117798884E-06
                          0.1047317298490829E-06
                          0.1056636272508120E-06
                          0.1066017285963335E-06
                          0.1075460598435302E-06
                          0.1084985200746498E-06
                          0.1094537061475689E-06
                          0.1104167343226620E-06
                          0.1113863454589176E-06
                          0.1123622580732150E-06
                          0.1133448040529142E-06
                          0.1143332282682632E-06
                          0.1153284196457110E-06
                          0.1163300938264078E-06
                          0.1173382786631442E-06
                          0.1183530075246495E-06
                          0.1193743257171050E-06
                          0.1204021839720648E-06
                          0.1214373027744801E-06
                          0.1224778541809497E-06
                          0.1235256991416877E-06
                          0.1245804097324404E-06
                          0.1256415393986753E-06
                          0.1267095984194305E-06
                          0.1277844568658607E-06
                          0.1288661493968779E-06
                          0.1303320259903332E-06
                          0.1310500742702179E-06
                          0.1321523846817224E-06
                          0.1332618897450358E-06
                          0.1343787553957650E-06
                          0.1355011529589751E-06
                          0.1366313585702196E-06
                          0.1379436555341784E-06
                          0.1389145933100286E-06
                          0.1400645908556527E-06
                          0.1412233390250529E-06
                          0.1423890459525353E-06
                          0.1435669635852414E-06
                          0.1447426989994243E-06
                          0.1459298723303297E-06
                          0.1471280741995457E-06
                          0.1483375467309731E-06
                          0.1495363214055899E-06
                          0.1507599649902049E-06
                          0.1519775027881256E-06
                          0.1532091986686484E-06
                          0.1544488205230632E-06
                          0.1556951074736557E-06
                          0.1569493348349256E-06
                          0.1582111349639334E-06
                          0.1594805553578686E-06
                          0.1607576613533863E-06
                          0.1620422173381858E-06
                          0.1633480528336435E-06
                          0.1646346279900570E-06
                          0.1659428013398038E-06
                          0.1672589890915176E-06
                          0.1685814321437763E-06
                          0.1699126409833973E-06
                          0.1712814634242782E-06
                          0.1726000926888617E-06
                          0.1739536729333412E-06
                          0.1753165658440437E-06
                          0.1766874518556084E-06
                          0.1780663615778178E-06
                          0.1794533270149522E-06
                          0.1808483787424803E-06
                          0.1822515497484240E-06
                          0.1836628676160357E-06
                          0.1850825912766562E-06
                          0.1865100802323599E-06
                          0.1879460368615429E-06
                          0.1893902692357522E-06
                          0.1908428091154684E-06
                          0.1923036882405655E-06
                          0.1937729385001816E-06
                          0.1952505922286117E-06
                          0.1967366806733718E-06
                          0.1992449659164656E-06
                          0.1997347160544641E-06
                          0.2012458761458189E-06
                          0.2027746446613459E-06
                          0.2044172303064487E-06
                          0.2058321907103064E-06
                          0.2073781785472621E-06
                          0.2089329059987398E-06
                          0.2104963616449926E-06
                          0.2120686920176450E-06
                          0.2136495711596930E-06
                          0.2152461353114491E-06
                          0.2168399504605439E-06
                          0.2184986132890795E-06
                          0.2200955331020953E-06
                          0.2216878086556771E-06
                          0.2233952695612011E-06
                          0.2249654841782595E-06
                          0.2266195742192633E-06
                          0.2282797614310125E-06
                          0.2299503449300535E-06
                          0.2316302334181482E-06
                          0.2333194724261052E-06
                          0.2350413896447958E-06
                          0.2367254848616609E-06
                          0.2384419814259579E-06
                          0.2402422708932530E-06
                          0.2419043802748047E-06
                          0.2436484816800342E-06
                          0.2454027306139139E-06
                          0.2471665201087689E-06
                          0.2489402118282250E-06
                          0.2507225924038051E-06
                          0.2525192526468431E-06
                          0.2635042382374694E-06
                          0.2577717502041565E-06
                          0.2579495817773369E-06
                          0.2597857392264128E-06
                          0.2616298436305016E-06
                          0.2634715538274417E-06
                          0.2653329099306270E-06
                          0.2672018023653120E-06
                          0.2690817243981936E-06
                          0.2709716110949512E-06
                          0.2728712672364665E-06
                          0.2747809902288001E-06
                          0.2767524783061918E-06
                          0.2787058813818029E-06
                          0.2812430398067187E-06
                          0.2825209873155882E-06
                          0.2844803792119829E-06
                          0.2864507220046935E-06
                          0.2884311619336321E-06
                          0.2904219142177491E-06
                          0.2924229533441372E-06
                          0.2944343162122839E-06
                          0.2964588586787892E-06
                          0.2984881499196757E-06
                          0.3005306932066034E-06
                          0.3025837015131951E-06
                          0.3046478961605724E-06
                          0.3067213083628745E-06
                          0.3088058726737203E-06
                          0.3109015043193901E-06
                          0.3130069678815227E-06
                          0.3151235226724002E-06
                          0.3172507812670898E-06
                          0.3193887983866740E-06
                          0.3215376037549362E-06
                          0.3236972336026771E-06
                          0.3260331400565744E-06
                          0.3280497476226125E-06
                          0.3302414330481607E-06
                          0.3324447242269785E-06
                          0.3346591450590816E-06
                          0.3368843640058375E-06
                          0.3391208978434727E-06
                          0.3413683206602968E-06
                          0.3436270111472879E-06
                          0.3459064022535706E-06
                          0.3481799382613012E-06
                          0.3506494651574717E-06
                          0.3527740470101479E-06
                          0.3693696966812426E-06
                          0.3574158043207938E-06
                          0.3597545113082065E-06
                          0.3621024863475890E-06
                          0.3644632318326546E-06
                          0.3668356566875770E-06
                          0.3692193152493623E-06
                          0.3716147202441985E-06
                          0.3740217873662069E-06
                          0.3764405084865260E-06
                          0.3788710458750034E-06
                          0.3813131575163515E-06
                          0.3837671393807165E-06
                          0.3862329379299166E-06
                          0.3887106071417866E-06
                          0.3912001782379058E-06
                          0.3937016906362492E-06
                          0.3962151796912726E-06
                          0.3987415376671457E-06
                          0.4012782450303856E-06
                          0.4044154944703055E-06
                          0.4064606986863117E-06
                          0.4089636331025126E-06
                          0.4115498048798201E-06
                          0.4141481993123250E-06
                          0.4167604969659822E-06
                          0.4193819026458170E-06
                          0.4220172788533362E-06
                          0.4246650564851768E-06
                          0.4273252734080394E-06
                          0.4299979693072612E-06
                          0.4326831829460389E-06
                          0.4353809545733752E-06
                          0.4380913192217032E-06
                          0.4408143202138285E-06
                          0.4435499953338870E-06
                          0.4462983838586711E-06
                          0.4490595253072833E-06
                          0.4518334585081807E-06
                          0.4546202234232122E-06
                          0.4574198602927795E-06
                          0.4602324060960029E-06
                          0.4630579030410844E-06
                          0.4658963899942235E-06
                          0.4687479179797296E-06
                          0.4716124927401397E-06
                          0.4744901883124878E-06
                          0.4773811230915600E-06
                          0.4803137023370579E-06
                          0.4832024573178652E-06
                          0.4861328643056866E-06
                          0.4890767071827941E-06
                          0.4920339010148239E-06
                          0.4950044831393737E-06
                          0.4979885245566344E-06
                          0.5009859879572161E-06
                          0.5039970177768891E-06
                          0.5074146581295699E-06
                          0.5100596743676932E-06
                          0.5131114969467036E-06
                          0.5161768950645521E-06
                          0.5192560575642241E-06
                          0.5223496101642864E-06
                          0.5254558083140128E-06
                          0.5285767195714019E-06
                          0.5317107406612407E-06
                          0.5348590903295489E-06
                          0.5380219101178650E-06
                          0.5417692367868211E-06
                          0.5443881308851121E-06
                          0.5487608193749108E-06
                          0.5508110118579999E-06
                          0.5540452943741500E-06
                          0.5572928141000942E-06
                          0.5605518843899774E-06
                          0.5638273708629721E-06
                          0.5671171914381629E-06
                          0.5704213997908076E-06
                          0.5737400029366126E-06
                          0.5770731048262983E-06
                          0.5804206489343202E-06
                          0.5837920417514394E-06
                          0.5871946652373943E-06
                          0.5905553916415437E-06
                          0.5940000068673471E-06
                          0.5973781304316794E-06
                          0.6008129764343963E-06
                          0.6042928215158576E-06
                          0.6077542882176017E-06
                          0.6112086193362451E-06
                          0.6147032311225040E-06
                          0.6182131043584758E-06
                          0.6218229427500039E-06
                          0.6252779207649272E-06
                          0.6288329500810238E-06
                          0.6324040693227498E-06
                          0.6365011282956121E-06
                          0.6395890371112387E-06
                          0.6432048738943460E-06
                          0.6468553404267712E-06
                          0.6504825382423697E-06
                          0.6541444696249938E-06
                          0.6578217531533751E-06
                          0.6615145722387907E-06
                          0.6652229153957356E-06
                          0.6689468290229411E-06
                          0.6726863566690074E-06
                          0.6764415388150668E-06
                          0.6802124226127884E-06
                          0.6839990495384211E-06
                          0.6878014651530370E-06
                          0.6916197110174102E-06
                          0.6954580714056056E-06
                          0.6993038744279494E-06
                          0.7034022662638651E-06
                          0.7070518922731929E-06
                          0.7109499551304543E-06
                          0.7148641858182362E-06
                          0.7187971814193734E-06
                          0.7227408967735698E-06
                          0.7271251588890670E-06
                          0.7306831767542327E-06
                          0.7346790156954787E-06
                          0.7386904628684093E-06
                          0.7427264702687632E-06
                          0.7483241262416394E-06
                          0.7508234036624044E-06
                          0.7549007377077517E-06
                          0.7589958277687260E-06
                          0.7631056734656482E-06
                          0.7672331061557016E-06
                          0.7713774244400436E-06
                          0.7755382258216547E-06
                          0.7797159661921125E-06
                          0.7839105745064190E-06
                          0.7881220786331293E-06
                          0.7923505323659575E-06
                          0.7965959794155639E-06
                          0.8008585236623666E-06
                          0.8051783807590586E-06
                          0.8094347574115957E-06
                          0.8137486600573037E-06
                          0.8180820517932888E-06
                          0.8224280386671543E-06
                          0.8267937068052675E-06
                          0.8311767313924964E-06
                          0.8355771687508347E-06
                          0.8399950375733728E-06
                          0.8444304112659897E-06
                          0.8488833265956656E-06
                          0.8533539730417295E-06
                          0.8578419672916819E-06
                          0.8623477852909392E-06
                          0.8668713299172921E-06
                          0.8714127920281545E-06
                          0.8759717858395409E-06
                          0.8805487899797303E-06
                          0.8851437071072607E-06
                          0.8897565838627448E-06
                          0.8943877249788901E-06
                          0.8990364032875788E-06
                          0.9037034398649581E-06
                          0.9083886234175773E-06
                          0.9130919999830604E-06
                          0.9178138725355916E-06
                          0.9225535519005716E-06
                          0.9273118098445118E-06
                          0.9320883895245739E-06
                          0.9368834581433190E-06
                          0.9416970073942346E-06
                          0.9465366002204263E-06
                          0.9513800239265741E-06
                          0.9562489363861444E-06
                          0.9612305685287043E-06
                          0.9660457156372338E-06
                          0.9709688551322825E-06
                          0.9759130369572064E-06
                          0.9808760961454471E-06
                          0.9858771981310382E-06
                          0.9908589965724577E-06
                          0.9958789002859215E-06
                          0.1001082653676903E-05
                          0.1005975939068396E-05
                          0.1011053153192490E-05
                          0.1016150160801577E-05
                          0.1021265379720931E-05
                          0.1026421460870671E-05
                          0.1031556092168855E-05
                          0.1036731353629811E-05
                          0.1041922945182171E-05
                          0.1047133813785926E-05
                          0.1052365941120082E-05
                          0.1057617651171670E-05
                          0.1062888999145261E-05
                          0.1068180014886646E-05
                          0.1073490766548107E-05
                          0.1078821296099772E-05
                          0.1084171653089485E-05
                          0.1089541990028933E-05
                          0.1094932084218126E-05
                          0.1100342216493783E-05
                          0.1105772341552576E-05
                          0.1111226753164254E-05
                          0.1116692924688983E-05
                          0.1122183451749831E-05
                          0.1127694213769555E-05
                          0.1133237140656379E-05
                          0.1138776563311637E-05
                          0.1144351056959053E-05
                          0.1149940409134825E-05
                          0.1155553012578728E-05
                          0.1161186138310421E-05
                          0.1166841215795189E-05
                          0.1172514146042927E-05
                          0.1178209130712494E-05
                          0.1183924836240436E-05
                          0.1189661312707873E-05
                          0.1195418612805191E-05
                          0.1201196779037303E-05
                          0.1206995869615358E-05
                          0.1212815932364180E-05
                          0.1218657017740654E-05
                          0.1224519180827635E-05
                          0.1230402503345695E-05
                          0.1236306915904589E-05
                          0.1242232598225524E-05
                          0.1248179558165718E-05
                          0.1254147842010378E-05
                          0.1260137505265226E-05
                          0.1266148599420122E-05
                          0.1272181208450764E-05
                          0.1278237939469986E-05
                          0.1284310963453744E-05
                          0.1290408502533296E-05
                          0.1296527280100385E-05
                          0.1302668019577419E-05
                          0.1308830830317490E-05
                          0.1315015422451602E-05
                          0.1321221210116239E-05
                          0.1327451646091452E-05
                          0.1333699565776776E-05
                          0.1339971798096171E-05
                          0.1346268473473632E-05
                          0.1352582617157897E-05
                          0.1358921391202311E-05
                          0.1365282242729472E-05
                          0.1371719918476142E-05
                          0.1378071083611073E-05
                          0.1384499093035198E-05
                          0.1390949563692828E-05
                          0.1397422548016717E-05
                          0.1403918098380951E-05
                          0.1410436296459722E-05
                          0.1416977106634465E-05
                          0.1423540669495826E-05
                          0.1430127036361896E-05
                          0.1436737178301341E-05
                          0.1443368224056936E-05
                          0.1450023206418908E-05
                          0.1456701175621680E-05
                          0.1463402184843162E-05
                          0.1470126285847684E-05
                          0.1476873532830878E-05
                          0.1483643978406773E-05
                          0.1490437702224188E-05
                          0.1497254695973695E-05
                          0.1504095038286648E-05
                          0.1510963269682338E-05
                          0.1517852731590278E-05
                          0.1524756801415163E-05
                          0.1531691127888765E-05
                          0.1538649081950818E-05
                          0.1545630711339974E-05
                          0.1552636073113255E-05
                          0.1559665222902380E-05
                          0.1566718310703609E-05
                          0.1573795139133855E-05
                          0.1580895925434168E-05
                          0.1588020757874041E-05
                          0.1595169646096077E-05
                          0.1602342660301097E-05
                          0.1609539807571904E-05
                          0.1616761186333334E-05
                          0.1624006885391349E-05
                          0.1631276822730646E-05
                          0.1638571179977110E-05
                          0.1645891576264702E-05
                          0.1653233261050157E-05
                          0.1660601096571217E-05
                          0.1667993522191015E-05
                          0.1675410606488968E-05
                          0.1682852415233195E-05
                          0.1690319044672062E-05
                          0.1697810508247160E-05
                          0.1705326579404718E-05
                          0.1712867758956335E-05
                          0.1720433916710387E-05
                          0.1728025120177337E-05
                          0.1735652845367688E-05
                          0.1743282849372477E-05
                          0.1750949496862353E-05
                          0.1758652788169632E-05
                          0.1766358621076097E-05
                          0.1774101212141017E-05
                          0.1781869330915489E-05
                          0.1789662728145342E-05
                          0.1797481765323936E-05
                          0.1805326393650916E-05
                          0.1813196671811997E-05
                          0.1821092657138225E-05
                          0.1829014398202829E-05
                          0.1836961958305897E-05
                          0.1844935391031635E-05
                          0.1852934752471271E-05
                          0.1860960105575097E-05
                          0.1869011486157148E-05
                          0.1877088970935874E-05
                          0.1885192609288852E-05
                          0.1893322517180048E-05
                          0.1901478637047910E-05
                          0.1909661012051275E-05
                          0.1917869828514741E-05
                          0.1926105082441971E-05
                          0.1934367541654728E-05
                          0.1942655143379500E-05
                          0.1950970341936885E-05
                          0.1959311595596239E-05
                          0.1967680338439588E-05
                          0.1976074946732241E-05
                          0.1984496845377163E-05
                          0.1992945635514673E-05
                          0.2001421381372105E-05
                          0.2009924119275588E-05
                          0.2018453927494271E-05
                          0.2027010856634599E-05
                          0.2035594962979135E-05
                          0.2044206305343283E-05
                          0.2052844975904494E-05
                          0.2061510927018087E-05
                          0.2070204416016477E-05
                          0.2078925782720716E-05
                          0.2087673581463921E-05
                          0.2096449626890261E-05
                          0.2105253191001088E-05
                          0.2114084445327251E-05
                          0.2122943502492681E-05
                          0.2131830395523423E-05
                          0.2140747903334953E-05
                          0.2149687975688589E-05
                          0.2158658457712950E-05
                          0.2167657175650282E-05
                          0.2176683988014257E-05
                          0.2185739018347224E-05
                          0.2194822165218820E-05
                          0.2203933656128666E-05
                          0.2213073777431044E-05
                          0.2222241684501011E-05
                          0.2231438360312847E-05
                          0.2240663552110647E-05
                          0.2249917317802607E-05
                          0.2259206560153374E-05
                          0.2268510808949246E-05
                          0.2277850652297137E-05
                          0.2287219306320628E-05
                          0.2296616830155022E-05
                          0.2306043314828250E-05
                          0.2315498724396851E-05
                          0.2324983213474655E-05
                          0.2334496809743069E-05
                          0.2344039572692937E-05
                          0.2353611561876204E-05
                          0.2363212836905233E-05
                          0.2372843457453406E-05
                          0.2382503484943454E-05
                          0.2392192974103774E-05
                          0.2401911991067268E-05
                          0.2411660590426768E-05
                          0.2421438835858193E-05
                          0.2431246787848182E-05
                          0.2441084501137128E-05
                          0.2450952043787281E-05
                          0.2460849466897925E-05
                          0.2470777486689793E-05
                          0.2480735750106842E-05
                          0.2490721658663658E-05
                          0.2500739261868573E-05
                          0.2510811374338378E-05
                          0.2520864992734749E-05
                          0.2530973305615457E-05
                          0.2541111988853594E-05
                          0.2551281323453604E-05
                          0.2561480712600934E-05
                          0.2571710862021962E-05
                          0.2581971630536970E-05
                          0.2592282692945231E-05
                          0.2602585286397337E-05
                          0.2612938222821889E-05
                          0.2623322052587460E-05
                          0.2633736800899806E-05
                          0.2644182528867813E-05
                          0.2654659297867915E-05
                          0.2665167169315019E-05
                          0.2675706206082837E-05
                          0.2686276465653110E-05
                          0.2696878013709094E-05
                          0.2707510910573475E-05
                          0.2718175227131278E-05
                          0.2728870997735938E-05
                          0.2739598311693803E-05
                          0.2750357266467279E-05
                          0.2761147919232218E-05
                          0.2771970078299836E-05
                          0.2782824148903384E-05
                          0.2793710063906417E-05
                          0.2804628817768237E-05
                          0.2815577676079650E-05
                          0.2826559497905813E-05
                          0.2837573413406141E-05
                          0.2848619485057065E-05
                          0.2859697775368699E-05
                          0.2870808346924795E-05
                          0.2881951262397903E-05
                          0.2893126584487987E-05
                          0.2904335048103809E-05
                          0.2915574699658803E-05
                          0.2926847618486752E-05
                          0.2938153195332761E-05
                          0.2949491523681358E-05
                          0.2960862575374191E-05
                          0.2972266580997840E-05
                          0.2983703344736755E-05
                          0.2995173275123423E-05
                          0.3006676009123021E-05
                          0.3018211963595249E-05
                          0.3029781079354751E-05
                          0.3041383521819607E-05
                          0.3053019073732700E-05
                          0.3064688038369365E-05
                          0.3076390453956419E-05
                          0.3088126332458623E-05
                          0.3099895766272468E-05
                          0.3111698839995554E-05
                          0.3123535526758525E-05
                          0.3135409897030959E-05
                          0.3147310237584448E-05
                          0.3159475515390477E-05
                          0.3171220411169630E-05
                          0.3183226457034669E-05
                          0.3195266561290558E-05
                          0.3207340788297726E-05
                          0.3219449337246577E-05
                          0.3231591868285034E-05
                          0.3243768850134106E-05
                          0.3255980241454194E-05
                          0.3268226091066812E-05
                          0.3280506377111311E-05
                          0.3292824002973545E-05
                          0.3305170773734908E-05
                          0.3317555002756507E-05
                          0.3329974009408219E-05
                          0.3342427852316444E-05
                          0.3354916592278499E-05
                          0.3367440298372698E-05
                          0.3379999034663837E-05
                          0.3392592874761619E-05
                          0.3405221857844918E-05
                          0.3417886078714948E-05
                          0.3430585585182079E-05
                          0.3443320746947144E-05
                          0.3456090740329869E-05
                          0.3468896751488965E-05
                          0.3481737847910863E-05
                          0.3494614798166931E-05
                          0.3507527433781385E-05
                          0.3520475820618513E-05
                          0.3533460024614194E-05
                          0.3546480111743377E-05
                          0.3559536423260508E-05
                          0.3572628199684242E-05
                          0.3585756353418042E-05
                          0.3598920613587879E-05
                          0.3612121108394532E-05
                          0.3625357883686935E-05
                          0.3638631006599186E-05
                          0.3651940602816939E-05
                          0.3665286716939321E-05
                          0.3678669173928741E-05
                          0.3692099038229783E-05
                          0.3705544145423305E-05
                          0.3719036779683103E-05
                          0.3732566173177193E-05
                          0.3746132454543752E-05
                          0.3759736359563213E-05
                          0.3773375966333616E-05
                          0.3787053315291298E-05
                          0.3800767795564182E-05
                          0.3814519475684919E-05
                          0.3828308460078201E-05
                          0.3842134800356359E-05
                          0.3855998611539455E-05
                          0.3869899783908421E-05
                          0.3883838573847217E-05
                          0.3897814983901181E-05
                          0.3911829081809883E-05
                          0.3925880942028777E-05
                          0.3939970619399713E-05
                          0.3954098280464475E-05
                          0.3968263706911833E-05
                          0.3982467259872076E-05
                          0.3996708908293752E-05
                          0.4010988719638216E-05
                          0.4025306765508699E-05
                          0.4039663121840058E-05
                          0.4054058225445232E-05
                          0.4068491673208125E-05
                          0.4082962841489931E-05
                          0.4097472827764860E-05
                          0.4112021690190271E-05
                          0.4126609262158139E-05
                          0.4141235612272291E-05
                          0.4155900810967064E-05
                          0.4170604921643784E-05
                          0.4185348018407325E-05
                          0.4200130168327880E-05
                          0.4214951440309931E-05
                          0.4229811903320722E-05
                          0.4244711626381963E-05
                          0.4259650678650956E-05
                          0.4274629129076035E-05
                          0.4289647047474797E-05
                          0.4304706476932177E-05
                          0.4319801581177717E-05
                          0.4334938299264659E-05
                          0.4350114780700000E-05
                          0.4365331077003826E-05
                          0.4380587263247673E-05
                          0.4395883389146151E-05
                          0.4411219545926082E-05
                          0.4426595795856739E-05
                          0.4442012263326789E-05
                          0.4457468854096515E-05
                          0.4472965802402118E-05
                          0.4488503169789715E-05
                          0.4504084812212368E-05
                          0.4519719866396055E-05
                          0.4535374693476240E-05
                          0.4551057537025700E-05
                          0.4566797774113039E-05
                          0.4582578810253828E-05
                          0.4598400699828085E-05
                          0.4614263548030581E-05
                          0.4630167365502129E-05
                          0.4646112277117766E-05
                          0.4662098335452325E-05
                          0.4678125741940125E-05
                          0.4694194175244926E-05
                          0.4710304098350132E-05
                          0.4726455451422083E-05
                          0.4742648305474512E-05
                          0.4758883275149813E-05
                          0.4775158800618393E-05
                          0.4791476584422483E-05
                          0.4807836182717911E-05
                          0.4824237578267697E-05
                          0.4840680934870065E-05
                          0.4857167750365919E-05
                          0.4873693708765732E-05
                          0.4890263275116125E-05
                          0.4906875055438471E-05
                          0.4923529259038328E-05
                          0.4940225606343631E-05
                          0.4956964397982235E-05
                          0.4973745796562546E-05
                          0.4990569706984109E-05
                          0.5007436247375834E-05
                          0.5024346198005559E-05
                          0.5041297881191707E-05
                          0.5058292549141138E-05
                          0.5075330419013135E-05
                          0.5092411345191400E-05
                          0.5109539889354367E-05
                          0.5126702351640714E-05
                          0.5143912677489166E-05
                          0.5161166298326217E-05
                          0.5178463286641975E-05
                          0.5195803715141419E-05
                          0.5213187658913469E-05
                          0.5230615251697638E-05
                          0.5248086368559632E-05
                          0.5265601328403381E-05
                          0.5283160004222531E-05
                          0.5300762631013924E-05
                          0.5318409934442888E-05
                          0.5336099810620764E-05
                          0.5353834392026041E-05
                          0.5371613222200640E-05
                          0.5389436326792436E-05
                          0.5407303697922109E-05
                          0.5425215481356893E-05
                          0.5443171732642854E-05
                          0.5461172567687079E-05
                          0.5479217907956719E-05
                          0.5497307986159387E-05
                          0.5515442821817115E-05
                          0.5533622488697511E-05
                          0.5551847060612963E-05
                          0.5570116642026509E-05
                          0.5588431225631369E-05
                          0.5606790945782122E-05
                          0.5625197227976276E-05
                          0.5643646083951246E-05
                          0.5662141639834453E-05
                          0.5680682619247157E-05
                          0.5699269096491415E-05
                          0.5717901145870677E-05
                          0.5736578841904623E-05
                          0.5755302259060590E-05
                          0.5774071729804681E-05
                          0.5792886554996722E-05
                          0.5811747583064502E-05
                          0.5830654633708443E-05
                          0.5849607882314106E-05
                          0.5868607084674186E-05
                          0.5887652640551477E-05
                          0.5906744515637377E-05
                          0.5925883000589445E-05
                          0.5945070609438941E-05
                          0.5964298807904085E-05
                          0.5983576901915690E-05
                          0.6002901570424647E-05
                          0.6022272890538084E-05
                          0.6041692241059311E-05
                          0.6061156026581018E-05
                          0.6080668160455841E-05
                          0.6100232957792553E-05
                          0.6119833725140467E-05
                          0.6139487296262561E-05
                          0.6159190304438843E-05
                          0.6178936419790436E-05
                          0.6198732122116213E-05
                          0.6218575352636541E-05
                          0.6238466184375551E-05
                          0.6258404696319409E-05
                          0.6278390963631127E-05
                          0.6298425062495065E-05
                          0.6318507112784029E-05
                          0.6338637059977167E-05
                          0.6358815111281614E-05
                          0.6379041320825177E-05
                          0.6399315701196429E-05
                          0.6419638395235519E-05
                          0.6440009464347468E-05
                          0.6460428959306127E-05
                          0.6480896974425144E-05
                          0.6501413592685037E-05
                          0.6521978885052560E-05
                          0.6542592927488587E-05
                          0.6563255797787819E-05
                          0.6583967572856781E-05
                          0.6604736625469672E-05
                          0.6625538153390840E-05
                          0.6646397096655693E-05
                          0.6667305261780421E-05
                          0.6688262717641788E-05
                          0.6709269541818544E-05
                          0.6730383836345622E-05
                          0.6751431605170616E-05
                          0.6772586997807353E-05
                          0.6793792069789167E-05
                          0.6815046926586195E-05
                          0.6836351559908766E-05
                          0.6857706133634729E-05
                          0.6879110696971452E-05
                          0.6900565327877114E-05
                          0.6922070104487835E-05
                          0.6943625193217361E-05
                          0.6965230417109813E-05
                          0.6986886088387079E-05
                          0.7008592236144054E-05
                          0.7030348905317629E-05
                          0.7052156197014177E-05
                          0.7074014182097014E-05
                          0.7095922939079209E-05
                          0.7117882554773096E-05
                          0.7139893082977235E-05
                          0.7161954629683904E-05
                          0.7184067317569835E-05
                          0.7206231054006383E-05
                          0.7228446094216784E-05
                          0.7250712457519713E-05
                          0.7273030275730093E-05
                          0.7295399469462291E-05
                          0.7317820276152964E-05
                          0.7340292722319090E-05
                          0.7362816887078059E-05
                          0.7385392849816282E-05
                          0.7408020710915931E-05
                          0.7430700486415820E-05
                          0.7453432319234639E-05
                          0.7476216267744309E-05
                          0.7499052411539049E-05
                          0.7521940830273268E-05
                          0.7544881603926751E-05
                          0.7567874811677166E-05
                          0.7590920533569978E-05
                          0.7614018849822609E-05
                          0.7637169840198374E-05
                          0.7660373589051428E-05
                          0.7683630163458281E-05
                          0.7706939658284522E-05
                          0.7730302146795758E-05
                          0.7753717768136820E-05
                          0.7777186425027779E-05
                          0.7800708388431268E-05
                          0.7824283646690154E-05
                          0.7847912312328833E-05
                          0.7871594454999309E-05
                          0.7895330155349802E-05
                          0.7919119806167599E-05
                          0.7942962551881365E-05
                          0.7966859448332041E-05
                          0.7990810148147428E-05
                          0.8014814848435693E-05
                          0.8038873591313577E-05
                          0.8062986474533921E-05
                          0.8087153529584737E-05
                          0.8111374887335341E-05
                          0.8135650613954861E-05
                          0.8159980833689773E-05
                          0.8184365489360681E-05
                          0.8208804803666857E-05
                          0.8233298811215609E-05
                          0.8257847593120501E-05
                          0.8282451230996466E-05
                          0.8307109806472275E-05
                          0.8331823401256302E-05
                          0.8356592097175544E-05
                          0.8381416053115994E-05
                          0.8406295119772879E-05
                          0.8431237839627119E-05
                          0.8456219529708297E-05
                          0.8481285774425874E-05
                          0.8506365983397967E-05
                          0.8531523224596409E-05
                          0.8556735138252897E-05
                          0.8582003472367966E-05
                          0.8607327652641703E-05
                          0.8632707932732295E-05
                          0.8658144185909522E-05
                          0.8683636665933217E-05
                          0.8709185398371081E-05
                          0.8734790477677870E-05
                          0.8760451951314212E-05
                          0.8786170026581315E-05
                          0.8811944508386059E-05
                          0.8837775745789275E-05
                          0.8863663728652341E-05
                          0.8889608551317995E-05
                          0.8915610280481388E-05
                          0.8941669013213282E-05
                          0.8967784849758058E-05
                          0.8993957904629176E-05
                          0.9020188036327733E-05
                          0.9046475801815764E-05
                          0.9072820573610392E-05
                          0.9099223049221712E-05
                          0.9125683107594167E-05
                          0.9152200863069917E-05
                          0.9178776307353678E-05
                          0.9205409616222615E-05
                          0.9232100842887952E-05
                          0.9258850071389362E-05
                          0.9285657385227487E-05
                          0.9312522868902280E-05
                          0.9339446611109840E-05
                          0.9366428681705451E-05
                          0.9393469181227881E-05
                          0.9420568183073156E-05
                          0.9447725793382586E-05
                          0.9474942047408879E-05
                          0.9502217078940731E-05
                          0.9529550950092353E-05
                          0.9556943752181987E-05
                          0.9584395567472377E-05
                          0.9611906480799016E-05
                          0.9639476591590684E-05
                          0.9667105940504080E-05
                          0.9694794656799287E-05
                          0.9722542810029902E-05
                          0.9750350515328725E-05
                          0.9778218450609998E-05
                          0.9806144764304142E-05
                          0.9834131521351631E-05
                          0.9862178115065452E-05
                          0.9890284683815098E-05
                          0.9918451278376639E-05
                          0.9946678086422540E-05
                          0.9974964925730465E-05
                          0.1000331214337411E-04
                          0.1003171971817344E-04
                          0.1006018776784247E-04
                          0.1008871636392133E-04
                          0.1011730562313082E-04
                          0.1014595554121478E-04
                          0.1017466629673107E-04
                          0.1020343795682020E-04
                          0.1023227057138125E-04
                          0.1026116423992698E-04
                          0.1029011907190148E-04
                          0.1031913517563699E-04
                          0.1034821252906710E-04
                          0.1037735132298828E-04
                          0.1040655161239104E-04
                          0.1043581348278997E-04
                          0.1046513702043633E-04
                          0.1049452235219349E-04
                          0.1052396945261619E-04
                          0.1055347850203308E-04
                          0.1058304957476621E-04
                          0.1061268293812120E-04
                          0.1064237810892729E-04
                          0.1067213574285387E-04
                          0.1070195573918091E-04
                          0.1073183818399772E-04
                          0.1076178316484602E-04
                          0.1079179076763676E-04
                          0.1082186108089906E-04
                          0.1085199419151095E-04
                          0.1088219018691308E-04
                          0.1091244915431548E-04
                          0.1094277122262810E-04
                          0.1097315635572849E-04
                          0.1100360491592096E-04
                          0.1103411649637250E-04
                          0.1106469163812905E-04
                          0.1109533034916471E-04
                          0.1112603250351195E-04
                          0.1115679840283247E-04
                          0.1118762808002342E-04
                          0.1121852157479000E-04
                          0.1124947902352723E-04
                          0.1128050049827688E-04
                          0.1131158608727705E-04
                          0.1134273587881496E-04
                          0.1137394996118319E-04
                          0.1140522842282894E-04
                          0.1143657135219749E-04
                          0.1146797883781251E-04
                          0.1149945096939960E-04
                          0.1153098783632468E-04
                          0.1156258972463541E-04
                          0.1159425611536226E-04
                          0.1162598778509953E-04
                          0.1165778439749457E-04
                          0.1168964635066767E-04
                          0.1172157339017193E-04
                          0.1175356588275027E-04
                          0.1178562380638436E-04
                          0.1181774726970211E-04
                          0.1184993635705119E-04
                          0.1188219123324144E-04
                          0.1191451175878220E-04
                          0.1194689825218493E-04
                          0.1197935072646832E-04
                          0.1201186935566996E-04
                          0.1204445397491483E-04
                          0.1207710492907667E-04
                          0.1210982222267132E-04
                          0.1214260594549639E-04
                          0.1217545618741015E-04
                          0.1220837303832879E-04
                          0.1224135658823562E-04
                          0.1227440692717052E-04
                          0.1230752414522284E-04
                          0.1234070833256907E-04
                          0.1237395957942593E-04
                          0.1240727797607515E-04
                          0.1244066361796680E-04
                          0.1247411658312153E-04
                          0.1250763696852710E-04
                          0.1254122487223024E-04
                          0.1257488037038411E-04
                          0.1260860356538811E-04
                          0.1264239454336994E-04
                          0.1267625339650421E-04
                          0.1271018021339004E-04
                          0.1274417508695059E-04
                          0.1277823810732670E-04
                          0.1281236936584057E-04
                          0.1284656896051524E-04
                          0.1288083696051494E-04
                          0.1291517347932546E-04
                          0.1294957860071714E-04
                          0.1298405241600549E-04
                          0.1301859501715744E-04
                          0.1305320663656830E-04
                          0.1308788693931584E-04
                          0.1312263696410357E-04
                          0.1315745510131743E-04
                          0.1319234337659537E-04
                          0.1322730023547787E-04
                          0.1326232689657735E-04
                          0.1329742307611936E-04
                          0.1333258886607045E-04
                          0.1336782435837281E-04
                          0.1340312964513339E-04
                          0.1343850481841809E-04
                          0.1347394997039371E-04
                          0.1350946526573154E-04
                          0.1354505057938259E-04
                          0.1358070622291397E-04
                          0.1361643221063867E-04
                          0.1365222864143037E-04
                          0.1368809560367551E-04
                          0.1372403319368345E-04
                          0.1376004149897581E-04
                          0.1379612078575280E-04
                          0.1383227063799699E-04
                          0.1386849176753217E-04
                          0.1390478378314506E-04
                          0.1394114707080580E-04
                          0.1397758161787935E-04
                          0.1401408755280023E-04
                          0.1405066494651206E-04
                          0.1408731389642934E-04
                          0.1412403449442898E-04
                          0.1416082683446085E-04
                          0.1419769102322693E-04
                          0.1423462711018666E-04
                          0.1427163540594763E-04
                          0.1430871547356964E-04
                          0.1434586792169599E-04
                          0.1438309267250547E-04
                          0.1442038981944696E-04
                          0.1445775945662576E-04
                          0.1449520167779357E-04
                          0.1453271657730561E-04
                          0.1457030424786383E-04
                          0.1460796478480256E-04
                          0.1464569828180234E-04
                          0.1468350483303318E-04
                          0.1472138453276808E-04
                          0.1475933747655998E-04
                          0.1479736375472596E-04
                          0.1483546346579145E-04
                          0.1487363683469416E-04
                          0.1491188356328445E-04
                          0.1495020414811407E-04
                          0.1498859851563260E-04
                          0.1502706680352246E-04
                          0.1506560912136768E-04
                          0.1510422546921982E-04
                          0.1514291604636236E-04
                          0.1518168089191874E-04
                          0.1522052012456503E-04
                          0.1525943401018755E-04
                          0.1529842212054712E-04
                          0.1533748527303879E-04
                          0.1537662274592416E-04
                          0.1541583530061019E-04
                          0.1545512280568028E-04
                          0.1549448536252139E-04
                          0.1553392304881436E-04
                          0.1557343603577605E-04
                          0.1561302445742071E-04
                          0.1565268802336185E-04
                          0.1569242714335578E-04
                          0.1573224197748096E-04
                          0.1577213252626172E-04
                          0.1581209909020632E-04
                          0.1585214115554273E-04
                          0.1589225942864970E-04
                          0.1593245379937703E-04
                          0.1597272436718155E-04
                          0.1601307122691573E-04
                          0.1605349447523868E-04
                          0.1609399420828036E-04
                          0.1613457052257767E-04
                          0.1617522351456517E-04
                          0.1621595328078523E-04
                          0.1625675991787036E-04
                          0.1629764352237655E-04
                          0.1633860419112840E-04
                          0.1637964202087403E-04
                          0.1642075710902429E-04
                          0.1646194955077070E-04
                          0.1650321944479011E-04
                          0.1654456695627447E-04
                          0.1658599197609288E-04
                          0.1662749483477963E-04
                          0.1666907547928365E-04
                          0.1671073408839241E-04
                          0.1675247073227791E-04
                          0.1679428550912637E-04
                          0.1683617851389013E-04
                          0.1687814984661108E-04
                          0.1692019960401142E-04
                          0.1696232788372238E-04
                          0.1700453478971665E-04
                          0.1704682040090722E-04
                          0.1708918483399306E-04
                          0.1713162818043438E-04
                          0.1717415053830097E-04
                          0.1721675200554425E-04
                          0.1725943268022118E-04
                          0.1730219266044922E-04
                          0.1734503204481146E-04
                          0.1738795093033325E-04
                          0.1743094941997169E-04
                          0.1747402760135209E-04
                          0.1751718558322854E-04
                          0.1756042346068458E-04
                          0.1760374133211850E-04
                          0.1764713929632134E-04
                          0.1769061745177941E-04
                          0.1773417589735107E-04
                          0.1777781487126074E-04
                          0.1782153405390183E-04
                          0.1786533396263357E-04
                          0.1790921455694090E-04
                          0.1795317593585292E-04
                          0.1799721819877595E-04
                          0.1804134144390387E-04
                          0.1808554577140550E-04
                          0.1812983128387903E-04
                          0.1817419806971817E-04
                          0.1821864623925415E-04
                          0.1826317588829517E-04
                          0.1830778721499384E-04
                          0.1835248002301009E-04
                          0.1839725470789526E-04
                          0.1844211127070818E-04
                          0.1848704981446796E-04
                          0.1853207042920457E-04
                          0.1857717322458613E-04
                          0.1862235829728906E-04
                          0.1866762574731372E-04
                          0.1871297567472132E-04
                          0.1875840817963347E-04
                          0.1880392336223289E-04
                          0.1884952132309409E-04
                          0.1889520216152767E-04
                          0.1894096597889186E-04
                          0.1898681288304849E-04
                          0.1903274295118081E-04
                          0.1907875630713911E-04
                          0.1912485304376323E-04
                          0.1917103326172736E-04
                          0.1921729706174361E-04
                          0.1926364454461888E-04
                          0.1931007581119827E-04
                          0.1935659096445454E-04
                          0.1940319009917527E-04
                          0.1944987332257798E-04
                          0.1949664073369460E-04
                          0.1954349243367953E-04
                          0.1959042852374780E-04
                          0.1963744910517515E-04
                          0.1968455428230457E-04
                          0.1973174414751430E-04
                          0.1977901881128095E-04
                          0.1982637837211711E-04
                          0.1987382293164404E-04
                          0.1992135259137704E-04
                          0.1996896745314174E-04
                          0.2001666761865823E-04
                          0.2006445318974926E-04
                          0.2011232431148091E-04
                          0.2016028095624592E-04
                          0.2020832335560077E-04
                          0.2025645156842667E-04
                          0.2030466569684966E-04
                          0.2035296584305656E-04
                          0.2040135210929487E-04
                          0.2044982459787284E-04
                          0.2049838341115948E-04
                          0.2054702865158450E-04
                          0.2059576042163836E-04
                          0.2064457882387224E-04
                          0.2069348396089808E-04
                          0.2074247593538853E-04
                          0.2079155485007697E-04
                          0.2084072080775755E-04
                          0.2088997391128507E-04
                          0.2093931426357519E-04
                          0.2098874196760420E-04
                          0.2103825712640914E-04
                          0.2108785984308785E-04
                          0.2113755022079884E-04
                          0.2118732836276134E-04
                          0.2123719437225539E-04
                          0.2128714835262168E-04
                          0.2133719040726168E-04
                          0.2138732063963758E-04
                          0.2143753915327233E-04
                          0.2148784605174957E-04
                          0.2153824143871371E-04
                          0.2158872541786985E-04
                          0.2163929809298389E-04
                          0.2168995956788241E-04
                          0.2174070994645272E-04
                          0.2179154933264292E-04
                          0.2184247783046179E-04
                          0.2189349554397884E-04
                          0.2194460257732437E-04
                          0.2199579903468935E-04
                          0.2204708502032555E-04
                          0.2209846063854540E-04
                          0.2214992599372208E-04
                          0.2220148119028958E-04
                          0.2225312633274252E-04
                          0.2230486152563632E-04
                          0.2235668687358710E-04
                          0.2240860248127174E-04
                          0.2246060845342786E-04
                          0.2251270489485374E-04
                          0.2256489191040851E-04
                          0.2261716960501193E-04
                          0.2266953808364455E-04
                          0.2272199745134761E-04
                          0.2277454781322316E-04
                          0.2282718927443392E-04
                          0.2287992194020334E-04
                          0.2293274591581565E-04
                          0.2298566130661578E-04
                          0.2303866821800938E-04
                          0.2309176675546287E-04
                          0.2314495702450341E-04
                          0.2319823913071883E-04
                          0.2325161317975778E-04
                          0.2330507927732954E-04
                          0.2335863752920425E-04
                          0.2341228804121268E-04
                          0.2346603091924636E-04
                          0.2351986626925758E-04
                          0.2357379419725936E-04
                          0.2362781480932542E-04
                          0.2368192821159022E-04
                          0.2373613451024902E-04
                          0.2379043381155773E-04
                          0.2384482622183302E-04
                          0.2389931184745231E-04
                          0.2395389079485372E-04
                          0.2400856317053617E-04
                          0.2406332908105922E-04
                          0.2411818863304324E-04
                          0.2417314193316933E-04
                          0.2422818908817928E-04
                          0.2428333020487560E-04
                          0.2433856539012164E-04
                          0.2439389475084135E-04
                          0.2444931839401952E-04
                          0.2450483642670159E-04
                          0.2456044895599377E-04
                          0.2461615608906307E-04
                          0.2467195793313711E-04
                          0.2472785459550431E-04
                          0.2478384618351384E-04
                          0.2483993280457557E-04
                          0.2489611456616012E-04
                          0.2495239157579882E-04
                          0.2500876394108378E-04
                          0.2506523176966779E-04
                          0.2512179516926442E-04
                          0.2517845424764794E-04
                          0.2523520911265338E-04
                          0.2529205987217649E-04
                          0.2534900663417373E-04
                          0.2540604950666232E-04
                          0.2546318859772024E-04
                          0.2552042401548616E-04
                          0.2557775586815948E-04
                          0.2563518426400038E-04
                          0.2569270931132973E-04
                          0.2575033111852920E-04
                          0.2580804979404103E-04
                          0.2586586544636843E-04
                          0.2592377818407514E-04
                          0.2598178811578576E-04
                          0.2603989535018552E-04
                          0.2609809999602050E-04
                          0.2615640216209744E-04
                          0.2621480195728381E-04
                          0.2627329949050786E-04
                          0.2633189487075853E-04
                          0.2639058820708551E-04
                          0.2644937960859921E-04
                          0.2650826918447082E-04
                          0.2656725704393221E-04
                          0.2662634329627598E-04
                          0.2668552805085554E-04
                          0.2674481141708495E-04
                          0.2680419350443904E-04
                          0.2686367442245338E-04
                          0.2692325428072421E-04
                          0.2698293318890864E-04
                          0.2704271125672438E-04
                          0.2710258859394989E-04
                          0.2716256531042449E-04
                          0.2722264151604808E-04
                          0.2728281732078134E-04
                          0.2734309283464573E-04
                          0.2740346816772340E-04
                          0.2746394343015727E-04
                          0.2752451873215092E-04
                          0.2758519418396875E-04
                          0.2764596989593586E-04
                          0.2770684597843804E-04
                          0.2776782254192191E-04
                          0.2782889969689469E-04
                          0.2789007755392448E-04
                          0.2795135622364001E-04
                          0.2801273581673080E-04
                          0.2807421644394708E-04
                          0.2813579821609981E-04
                          0.2819748124406065E-04
                          0.2825926563876210E-04
                          0.2832115151119729E-04
                          0.2838313897242009E-04
                          0.2844522813354521E-04
                          0.2850741910574797E-04
                          0.2856971200026448E-04
                          0.2863210692839153E-04
                          0.2869460400148676E-04
                          0.2875720333096845E-04
                          0.2881990502831561E-04
                          0.2888270920506803E-04
                          0.2894561597282618E-04
                          0.2900862544325136E-04
                          0.2907173772806550E-04
                          0.2913495293905128E-04
                          0.2919827118805219E-04
                          0.2926169258697239E-04
                          0.2932521724777673E-04
                          0.2938884528249091E-04
                          0.2945257680320129E-04
                          0.2951641192205495E-04
                          0.2958035075125975E-04
                          0.2964439340308427E-04
                          0.2970853998985780E-04
                          0.2977279062397040E-04
                          0.2983714541787279E-04
                          0.2990160448407655E-04
                          0.2996616793515386E-04
                          0.3003083588373777E-04
                          0.3009560844252191E-04
                          0.3016048572426075E-04
                          0.3022546784176948E-04
                          0.3029055490792396E-04
                          0.3035574703566091E-04
                          0.3042104433797767E-04
                          0.3048644692793233E-04
                          0.3055195491864374E-04
                          0.3061756842329153E-04
                          0.3068328755511595E-04
                          0.3074911242741804E-04
                          0.3081504315355963E-04
                          0.3088107984696322E-04
                          0.3094722262111203E-04
                          0.3101347158955005E-04
                          0.3107982686588197E-04
                          0.3114628856377330E-04
                          0.3121285679695017E-04
                          0.3127953167919950E-04
                          0.3134631332436893E-04
                          0.3141320184636686E-04
                          0.3148019735916242E-04
                          0.3154729997678540E-04
                          0.3161450981332646E-04
                          0.3168182698293685E-04
                          0.3174925159982866E-04
                          0.3181678377827465E-04
                          0.3188442363260836E-04
                          0.3195217127722402E-04
                          0.3202002682657663E-04
                          0.3208799039518185E-04
                          0.3215606209761623E-04
                          0.3222424204851687E-04
                          0.3229253036258176E-04
                          0.3236092715456948E-04
                          0.3242943253929949E-04
                          0.3249804663165185E-04
                          0.3256676954656742E-04
                          0.3263560139904783E-04
                          0.3270454230415533E-04
                          0.3277359237701308E-04
                          0.3284275173280476E-04
                          0.3291202048677495E-04
                          0.3298139875422888E-04
                          0.3305088665053257E-04
                          0.3312048429111268E-04
                          0.3319019179145673E-04
                          0.3326000926711291E-04
                          0.3332993683369010E-04
                          0.3339997460685799E-04
                          0.3347012270234696E-04
                          0.3354038123594815E-04
                          0.3361075032351335E-04
                          0.3368123008095523E-04
                          0.3375182062424708E-04
                          0.3382252206942298E-04
                          0.3389333453257771E-04
                          0.3396425812986681E-04
                          0.3403529297750652E-04
                          0.3410643919177380E-04
                          0.3417769688900646E-04
                          0.3424906618560291E-04
                          0.3432054719802234E-04
                          0.3439214004278468E-04
                          0.3446384483647063E-04
                          0.3453566169572156E-04
                          0.3460759073723959E-04
                          0.3467963207778756E-04
                          0.3475178583418912E-04
                          0.3482405212332858E-04
                          0.3489643106215097E-04
                          0.3496892276766213E-04
                          0.3504152735692860E-04
                          0.3511424494707757E-04
                          0.3518707565529713E-04
                          0.3526001959883597E-04
                          0.3533307689500354E-04
                          0.3540624766117008E-04
                          0.3547953201476648E-04
                          0.3555293007328445E-04
                          0.3562644195427634E-04
                          0.3570006777535532E-04
                          0.3577380765419524E-04
                          0.3584766170853071E-04
                          0.3592163005615705E-04
                          0.3599571281493036E-04
                          0.3606991010276744E-04
                          0.3614422203764579E-04
                          0.3621864873760367E-04
                          0.3629319032074016E-04
                          0.3636784690521490E-04
                          0.3644261860924843E-04
                          0.3651750555112193E-04
                          0.3659250784917732E-04
                          0.3666762562181732E-04
                          0.3674285898750529E-04
                          0.3681820806476537E-04
                          0.3689367297218246E-04
                          0.3696925382840214E-04
                          0.3704495075213074E-04
                          0.3712076386213539E-04
                          0.3719669327724387E-04
                          0.3727273911634468E-04
                          0.3734890149838714E-04
                          0.3742518054238121E-04
                          0.3750157636739770E-04
                          0.3757808909256801E-04
                          0.3765471883708441E-04
                          0.3773146572019982E-04
                          0.3780832986122792E-04
                          0.3788531137954309E-04
                          0.3796241039458052E-04
                          0.3803962702583604E-04
                          0.3811696139286630E-04
                          0.3819441361528863E-04
                          0.3827198381278109E-04
                          0.3834967210508251E-04
                          0.3842747861199245E-04
                          0.3850540345337113E-04
                          0.3858344674913963E-04
                          0.3866160861927968E-04
                          0.3873988918383374E-04
                          0.3881828856290500E-04
                          0.3889680687665747E-04
                          0.3897544424531578E-04
                          0.3905420078916536E-04
                          0.3913307662855242E-04
                          0.3921207188388370E-04
                          0.3929118667562693E-04
                          0.3937042112431043E-04
                          0.3944977535052328E-04
                          0.3952924947491529E-04
                          0.3960884361819701E-04
                          0.3968855790113973E-04
                          0.3976839244457548E-04
                          0.3984834736939696E-04
                          0.3992842279655772E-04
                          0.4000861884707194E-04
                          0.4008893564201456E-04
                          0.4016937330252129E-04
                          0.4024993194978853E-04
                          0.4033061170507348E-04
                          0.4041141268969399E-04
