 Longwave optical depth [dimless]
  0.1051E+06
  0.1212E+06
  0.1421E+06
  0.1713E+06
  0.2300E+06
  0.2498E+06
  0.3234E+06
  0.4182E+06
  0.7691E+06
  0.1266E+07
  0.1626E+07
  0.2499E+07
  0.3793E+07
  0.7647E+07
  0.3326E+08
  0.9038E+07
  0.5132E+07
  0.4552E+07
  0.5960E+07
  0.1404E+08
  0.8652E+07
  0.5527E+07
  0.5200E+07
  0.6010E+07
  0.8494E+07
  0.1427E+08
  0.1921E+08
  0.2363E+08
  0.5281E+08
  0.8421E+08
  0.8999E+08
  0.5323E+08
  0.5678E+08
  0.2231E+08
  0.1701E+08
  0.1704E+08
  0.2335E+08
  0.3924E+08
  0.2246E+08
  0.2088E+08
  0.2561E+08
  0.3885E+08
  0.8177E+08
  0.1437E+09
  0.2600E+09
  0.3489E+09
  0.8999E+08
  0.5895E+08
  0.4567E+08
  0.6527E+08
  0.5592E+08
  0.4365E+08
  0.3175E+08
  0.3674E+08
  0.4908E+08
  0.5035E+08
  0.6998E+08
  0.2022E+09
  0.1511E+09
  0.1209E+09
  0.1083E+09
  0.7081E+08
  0.9399E+08
  0.2183E+09
  0.9013E+08
  0.1210E+09
  0.6759E+08
  0.6821E+08
  0.1011E+09
  0.2315E+09
  0.3470E+09
  0.1737E+09
  0.1639E+09
  0.4010E+09
  0.2002E+09
  0.1172E+09
  0.1369E+09
  0.1266E+09
  0.2387E+09
  0.3405E+09
  0.3457E+09
  0.1522E+09
  0.1358E+09
  0.2289E+09
  0.1591E+09
  0.9476E+08
  0.7306E+08
  0.8018E+08
  0.2084E+09
  0.8088E+08
  0.5096E+08
  0.4489E+08
  0.4959E+08
  0.6575E+08
  0.9023E+08
  0.1800E+09
  0.2280E+09
  0.3345E+09
  0.1398E+09
  0.1214E+09
  0.2118E+09
  0.3953E+09
  0.1526E+09
  0.1113E+09
  0.1478E+09
  0.3371E+09
  0.2160E+09
  0.1060E+09
  0.8422E+08
  0.1031E+09
  0.2479E+09
  0.3141E+09
  0.1791E+09
  0.9048E+08
  0.6855E+08
  0.6965E+08
  0.8784E+08
  0.1402E+09
  0.3281E+09
  0.5672E+09
  0.6790E+09
  0.2898E+09
  0.3230E+09
  0.1373E+09
  0.1107E+09
  0.1861E+09
  0.1577E+09
  0.7095E+08
  0.5154E+08
  0.4598E+08
  0.4512E+08
  0.5169E+08
  0.7590E+08
  0.9706E+08
  0.1387E+09
  0.3544E+09
  0.3379E+09
  0.1581E+09
  0.2155E+09
  0.1151E+09
  0.2509E+09
  0.2305E+09
  0.1206E+09
  0.7246E+08
  0.9065E+08
  0.6384E+08
  0.5002E+08
  0.4039E+08
  0.4504E+08
  0.7221E+08
  0.1104E+09
  0.5288E+08
  0.4098E+08
  0.4507E+08
  0.8911E+08
  0.8657E+08
  0.5525E+08
  0.6335E+08
  0.7168E+08
  0.1101E+09
  0.2338E+09
  0.8074E+09
  0.5282E+09
  0.1907E+09
  0.1277E+09
  0.1655E+09
  0.4253E+09
  0.1336E+09
  0.7691E+08
  0.8106E+08
  0.6826E+08
  0.6604E+08
  0.4121E+08
  0.3669E+08
  0.3933E+08
  0.5253E+08
  0.1015E+09
  0.1158E+09
  0.9840E+08
  0.1043E+09
  0.2221E+09
  0.3332E+09
  0.2542E+09
  0.9465E+08
  0.6648E+08
  0.4145E+08
  0.3217E+08
  0.2565E+08
  0.2288E+08
  0.2162E+08
  0.2141E+08
  0.2218E+08
  0.2453E+08
  0.2999E+08
  0.4402E+08
  0.8225E+08
  0.1137E+09
  0.1500E+09
  0.1492E+09
  0.7625E+08
  0.6866E+08
  0.1154E+09
  0.4447E+09
  0.2537E+09
  0.7967E+08
  0.4245E+08
  0.2896E+08
  0.2302E+08
  0.2011E+08
  0.1898E+08
  0.1958E+08
  0.2326E+08
  0.3841E+08
  0.2610E+08
  0.1895E+08
  0.1729E+08
  0.1751E+08
  0.1928E+08
  0.2237E+08
  0.3163E+08
  0.6120E+08
  0.1095E+09
  0.2775E+09
  0.9686E+08
  0.8201E+08
  0.1328E+09
  0.5127E+08
  0.3053E+08
  0.2416E+08
  0.2558E+08
  0.3999E+08
  0.5788E+08
  0.2891E+08
  0.1882E+08
  0.1537E+08
  0.1422E+08
  0.1425E+08
  0.1555E+08
  0.1915E+08
  0.2486E+08
  0.4733E+08
  0.1455E+09
  0.1868E+09
  0.4333E+08
  0.2184E+08
  0.1527E+08
  0.1280E+08
  0.1183E+08
  0.1106E+08
  0.1122E+08
  0.1302E+08
  0.2126E+08
  0.1452E+08
  0.1139E+08
  0.1099E+08
  0.1200E+08
  0.1529E+08
  0.2532E+08
  0.6874E+08
  0.3758E+08
  0.3020E+08
  0.8496E+08
  0.4489E+08
  0.1794E+08
  0.1281E+08
  0.1217E+08
  0.1533E+08
  0.2961E+08
  0.1990E+08
  0.1190E+08
  0.1001E+08
  0.1114E+08
  0.1187E+08
  0.9703E+07
  0.9686E+07
  0.8250E+07
  0.8624E+07
  0.9327E+07
  0.1539E+08
  0.8935E+08
  0.2698E+08
  0.3191E+08
  0.2059E+08
  0.2395E+08
  0.1496E+08
  0.2569E+08
  0.1219E+08
  0.7882E+07
  0.6289E+07
  0.5657E+07
  0.5304E+07
  0.5119E+07
  0.5106E+07
  0.5393E+07
  0.6527E+07
  0.1123E+08
  0.7594E+07
  0.6652E+07
  0.1035E+08
  0.2342E+08
  0.1604E+08
  0.7338E+07
  0.5232E+07
  0.4547E+07
  0.4428E+07
  0.4709E+07
  0.6217E+07
  0.1019E+08
  0.6985E+07
  0.4609E+07
  0.3942E+07
  0.3751E+07
  0.3748E+07
  0.4143E+07
  0.7073E+07
  0.9091E+07
  0.8634E+07
  0.1277E+08
  0.1075E+08
  0.7330E+07
  0.4807E+07
  0.3524E+07
  0.3111E+07
  0.2921E+07
  0.2801E+07
  0.2702E+07
  0.2645E+07
  0.2618E+07
  0.2626E+07
  0.2697E+07
  0.2861E+07
  0.3239E+07
  0.4115E+07
  0.6912E+07
  0.1504E+08
  0.1636E+08
  0.6948E+07
  0.4713E+07
  0.4062E+07
  0.3168E+07
  0.2907E+07
  0.2399E+07
  0.2229E+07
  0.2273E+07
  0.2948E+07
  0.2217E+07
  0.2004E+07
  0.2009E+07
  0.2703E+07
  0.2062E+07
  0.1897E+07
  0.2045E+07
  0.2740E+07
  0.3717E+07
  0.3040E+07
  0.1997E+07
  0.1867E+07
  0.1866E+07
  0.1599E+07
  0.1570E+07
  0.1641E+07
  0.1875E+07
  0.1945E+07
  0.2045E+07
  0.2912E+07
  0.5941E+07
  0.4722E+07
  0.2365E+07
  0.1946E+07
  0.1549E+07
  0.1370E+07
  0.1304E+07
  0.1299E+07
  0.1395E+07
  0.1487E+07
  0.1532E+07
  0.2132E+07
  0.4314E+07
  0.2548E+07
  0.1547E+07
  0.1333E+07
  0.1155E+07
  0.1089E+07
  0.1084E+07
  0.1144E+07
  0.1329E+07
  0.2150E+07
  0.1748E+07
  0.1293E+07
  0.1017E+07
  0.9455E+06
  0.9407E+06
  0.1037E+07
  0.1171E+07
  0.9363E+06
  0.8553E+06
  0.8213E+06
  0.8131E+06
  0.8297E+06
  0.9116E+06
  0.1244E+07
  0.2371E+07
  0.1234E+07
  0.1054E+07
  0.1372E+07
  0.1762E+07
  0.9993E+06
  0.8219E+06
  0.7674E+06
  0.7255E+06
  0.7294E+06
  0.8108E+06
  0.1079E+07
  0.1468E+07
  0.1201E+07
  0.1185E+07
  0.7994E+06
  0.7094E+06
  0.7507E+06
  0.1072E+07
  0.2360E+07
  0.9449E+06
  0.6591E+06
  0.5744E+06
  0.5385E+06
  0.5200E+06
  0.5178E+06
  0.5416E+06
  0.6652E+06
  0.5491E+06
  0.4952E+06
  0.4922E+06
  0.5436E+06
  0.4938E+06
  0.5165E+06
  0.6574E+06
  0.8052E+06
  0.6321E+06
  0.5381E+06
  0.6023E+06
  0.4708E+06
  0.4249E+06
  0.4290E+06
  0.4715E+06
  0.4016E+06
  0.3809E+06
  0.3675E+06
  0.3630E+06
  0.3676E+06
  0.3953E+06
  0.4434E+06
  0.4070E+06
  0.4745E+06
  0.7217E+06
  0.5789E+06
  0.5397E+06
  0.4167E+06
  0.3683E+06
  0.3664E+06
  0.4497E+06
  0.9480E+06
  0.4634E+06
  0.3708E+06
  0.4395E+06
  0.5141E+06
  0.3494E+06
  0.3242E+06
  0.3615E+06
  0.3012E+06
  0.2907E+06
  0.3016E+06
  0.3506E+06
  0.5447E+06
  0.5930E+06
  0.3835E+06
  0.3850E+06
  0.3052E+06
  0.2775E+06
  0.2802E+06
  0.3860E+06
  0.2946E+06
  0.2522E+06
  0.2483E+06
  0.2511E+06
  0.2386E+06
  0.2320E+06
  0.2298E+06
  0.2312E+06
  0.2387E+06
  0.2560E+06
  0.2724E+06
  0.3126E+06
  0.4742E+06
  0.5048E+06
  0.3876E+06
  0.2757E+06
  0.2498E+06
  0.2394E+06
  0.2574E+06
  0.3507E+06
  0.3261E+06
  0.2719E+06
  0.2682E+06
  0.2797E+06
  0.3039E+06
  0.3610E+06
  0.4226E+06
  0.5131E+06
  0.5739E+06
  0.5661E+06
  0.6749E+06
  0.9156E+06
  0.8963E+06
  0.9722E+06
  0.1127E+07
  0.1361E+07
  0.1806E+07
  0.2631E+07
  0.2876E+07
  0.2352E+07
  0.2375E+07
  0.2822E+07
  0.4110E+07
  0.3847E+07
  0.3100E+07
  0.2937E+07
  0.3167E+07
  0.3908E+07
  0.4406E+07
  0.3414E+07
  0.3576E+07
  0.5116E+07
  0.1063E+08
  0.4825E+08
  0.2711E+08
  0.1081E+08
  0.6253E+07
  0.4408E+07
  0.3897E+07
  0.4291E+07
  0.7149E+07
  0.4684E+07
  0.3750E+07
  0.3630E+07
  0.4253E+07
  0.6050E+07
  0.3398E+07
  0.2750E+07
  0.2678E+07
  0.3146E+07
  0.2661E+07
  0.1842E+07
  0.1537E+07
  0.1498E+07
  0.1742E+07
  0.1010E+07
  0.7910E+06
  0.7110E+06
  0.6746E+06
  0.5094E+06
  0.3878E+06
  0.3335E+06
  0.3176E+06
  0.2838E+06
  0.2372E+06
  0.2195E+06
  0.1783E+06
  0.1557E+06
  0.1379E+06
  0.1315E+06
  0.1323E+06
  0.1189E+06
  0.1153E+06
  0.1261E+06
  0.1707E+06
  0.3016E+06
  0.2847E+06
  0.1441E+06
  0.1062E+06
  0.9348E+05
  0.8934E+05
  0.9032E+05
  0.9945E+05
  0.9883E+05
  0.9907E+05
  0.8939E+05
  0.8735E+05
  0.8802E+05
  0.8537E+05
  0.8153E+05
  0.7990E+05
  0.8335E+05
  0.8701E+05
  0.8170E+05
  0.7614E+05
  0.8910E+05
  0.6735E+05
  0.6568E+05
  0.6748E+05
  0.6125E+05
  0.5879E+05
  0.6019E+05
  0.6002E+05
  0.6231E+05
  0.5605E+05
  0.5284E+05
  0.5148E+05
  0.5063E+05
  0.4997E+05
  0.4930E+05
  0.4877E+05
  0.4834E+05
  0.4801E+05
  0.4821E+05
  0.4920E+05
  0.4890E+05
  0.4707E+05
  0.4630E+05
  0.4622E+05
  0.4707E+05
  0.4854E+05
  0.4912E+05
  0.4644E+05
  0.4565E+05
  0.4455E+05
  0.4485E+05
  0.4718E+05
  0.4886E+05
  0.4456E+05
  0.4290E+05
  0.4218E+05
  0.4190E+05
  0.4215E+05
  0.4268E+05
  0.4413E+05
  0.4660E+05
  0.5300E+05
  0.4845E+05
  0.5832E+05
  0.4491E+05
  0.4110E+05
  0.4076E+05
  0.4192E+05
  0.3912E+05
  0.3850E+05
  0.3840E+05
  0.3864E+05
  0.3728E+05
  0.3681E+05
  0.3670E+05
  0.3747E+05
  0.3687E+05
  0.3588E+05
  0.3542E+05
  0.3512E+05
  0.3487E+05
  0.3466E+05
  0.3452E+05
  0.3445E+05
  0.3484E+05
  0.3451E+05
  0.3470E+05
  0.3405E+05
  0.3345E+05
  0.3316E+05
  0.3294E+05
  0.3276E+05
  0.3261E+05
  0.3246E+05
  0.3232E+05
  0.3237E+05
  0.3318E+05
  0.3226E+05
  0.3191E+05
  0.3157E+05
  0.3139E+05
  0.3129E+05
  0.3129E+05
  0.3167E+05
  0.3246E+05
  0.3191E+05
  0.3366E+05
  0.3220E+05
  0.3142E+05
  0.3052E+05
  0.3009E+05
  0.2995E+05
  0.2968E+05
  0.2948E+05
  0.2935E+05
  0.2928E+05
  0.2950E+05
  0.2925E+05
  0.2887E+05
  0.2875E+05
  0.2883E+05
  0.2956E+05
  0.2873E+05
  0.2827E+05
  0.2807E+05
  0.2796E+05
  0.2797E+05
  0.2816E+05
  0.2777E+05
  0.2773E+05
  0.2752E+05
  0.2766E+05
  0.2742E+05
  0.2758E+05
  0.2857E+05
  0.2735E+05
  0.2681E+05
  0.2660E+05
  0.2633E+05
  0.2615E+05
  0.2601E+05
  0.2589E+05
  0.2579E+05
  0.2564E+05
  0.2551E+05
  0.2542E+05
  0.2533E+05
  0.2525E+05
  0.2521E+05
  0.2542E+05
  0.2530E+05
  0.2602E+05
  0.2545E+05
  0.2486E+05
  0.2459E+05
  0.2446E+05
  0.2429E+05
  0.2413E+05
  0.2401E+05
  0.2397E+05
  0.2381E+05
  0.2387E+05
  0.2409E+05
  0.2368E+05
  0.2392E+05
  0.2337E+05
  0.2306E+05
  0.2290E+05
  0.2274E+05
  0.2259E+05
  0.2245E+05
  0.2232E+05
  0.2219E+05
  0.2205E+05
  0.2193E+05
  0.2181E+05
  0.2169E+05
  0.2161E+05
  0.2151E+05
  0.2142E+05
  0.2139E+05
  0.2136E+05
  0.2157E+05
  0.2182E+05
  0.2111E+05
  0.2088E+05
  0.2080E+05
  0.2087E+05
  0.2078E+05
  0.2061E+05
  0.2037E+05
  0.2026E+05
  0.2019E+05
  0.2007E+05
  0.1999E+05
  0.1992E+05
  0.1988E+05
  0.1986E+05
  0.1980E+05
  0.1970E+05
  0.1966E+05
  0.1970E+05
  0.1964E+05
  0.1971E+05
  0.1958E+05
  0.1959E+05
  0.1938E+05
  0.1918E+05
  0.1904E+05
  0.1896E+05
  0.1888E+05
  0.1880E+05
  0.1871E+05
  0.1862E+05
  0.1854E+05
  0.1847E+05
  0.1841E+05
  0.1834E+05
  0.1827E+05
  0.1821E+05
  0.1815E+05
  0.1809E+05
  0.1805E+05
  0.1806E+05
  0.1798E+05
  0.1789E+05
  0.1782E+05
  0.1782E+05
  0.1772E+05
  0.1763E+05
  0.1758E+05
  0.1756E+05
  0.1780E+05
  0.1766E+05
  0.1746E+05
  0.1766E+05
  0.1795E+05
  0.1738E+05
  0.1741E+05
  0.1726E+05
  0.1706E+05
  0.1697E+05
  0.1690E+05
  0.1684E+05
  0.1680E+05
  0.1678E+05
  0.1687E+05
  0.1711E+05
  0.1698E+05
  0.1670E+05
  0.1658E+05
  0.1647E+05
  0.1639E+05
  0.1634E+05
  0.1632E+05
  0.1631E+05
  0.1630E+05
  0.1621E+05
  0.1619E+05
  0.1611E+05
  0.1606E+05
  0.1602E+05
  0.1602E+05
  0.1609E+05
  0.1610E+05
  0.1608E+05
  0.1594E+05
  0.1585E+05
  0.1587E+05
  0.1584E+05
  0.1572E+05
  0.1571E+05
  0.1584E+05
  0.1572E+05
  0.1582E+05
  0.1581E+05
  0.1632E+05
  0.1890E+05
  0.1637E+05
  0.1562E+05
  0.1542E+05
  0.1539E+05
  0.1551E+05
  0.1586E+05
  0.1607E+05
  0.1544E+05
  0.1522E+05
  0.1512E+05
  0.1506E+05
  0.1504E+05
  0.1499E+05
  0.1495E+05
  0.1498E+05
  0.1494E+05
  0.1488E+05
  0.1489E+05
  0.1504E+05
  0.1565E+05
  0.1505E+05
  0.1479E+05
  0.1472E+05
  0.1472E+05
  0.1481E+05
  0.1510E+05
  0.1563E+05
  0.1627E+05
  0.1554E+05
  0.1507E+05
  0.1525E+05
  0.1653E+05
  0.1659E+05
  0.1537E+05
  0.1545E+05
  0.1665E+05
  0.1599E+05
  0.1508E+05
  0.1480E+05
  0.1473E+05
  0.1481E+05
  0.1501E+05
  0.1584E+05
  0.1900E+05
  0.1604E+05
  0.1503E+05
  0.1476E+05
  0.1469E+05
  0.1468E+05
  0.1475E+05
  0.1488E+05
  0.1513E+05
  0.1567E+05
  0.1704E+05
  0.2170E+05
  0.2609E+05
  0.2074E+05
  0.1707E+05
  0.1574E+05
  0.1530E+05
  0.1511E+05
  0.1505E+05
  0.1507E+05
  0.1521E+05
  0.1559E+05
  0.1678E+05
  0.1796E+05
  0.1722E+05
  0.1759E+05
  0.1624E+05
  0.1572E+05
  0.1552E+05
  0.1550E+05
  0.1557E+05
  0.1568E+05
  0.1590E+05
  0.1642E+05
  0.1751E+05
  0.2053E+05
  0.1994E+05
  0.1779E+05
  0.1749E+05
  0.1796E+05
  0.1925E+05
  0.2286E+05
  0.3495E+05
  0.4607E+05
  0.2638E+05
  0.2082E+05
  0.1927E+05
  0.1861E+05
  0.1866E+05
  0.1871E+05
  0.1957E+05
  0.2196E+05
  0.2939E+05
  0.3596E+05
  0.2454E+05
  0.2101E+05
  0.2021E+05
  0.1973E+05
  0.2019E+05
  0.2030E+05
  0.2199E+05
  0.2731E+05
  0.3039E+05
  0.2317E+05
  0.2117E+05
  0.2064E+05
  0.2068E+05
  0.2116E+05
  0.2238E+05
  0.2257E+05
  0.2423E+05
  0.2824E+05
  0.4064E+05
  0.4589E+05
  0.3255E+05
  0.2784E+05
  0.2700E+05
  0.2979E+05
  0.3724E+05
  0.3008E+05
  0.2991E+05
  0.3033E+05
  0.3620E+05
  0.5788E+05
  0.4216E+05
  0.3151E+05
  0.2827E+05
  0.2725E+05
  0.2690E+05
  0.2710E+05
  0.2749E+05
  0.2818E+05
  0.3013E+05
  0.3187E+05
  0.3250E+05
  0.3429E+05
  0.3644E+05
  0.4445E+05
  0.6727E+05
  0.6191E+05
  0.4380E+05
  0.3924E+05
  0.3879E+05
  0.3882E+05
  0.4129E+05
  0.4517E+05
  0.4401E+05
  0.4643E+05
  0.5043E+05
  0.6170E+05
  0.8953E+05
  0.1664E+06
  0.1396E+06
  0.8348E+05
  0.7186E+05
  0.7634E+05
  0.8895E+05
  0.9614E+05
  0.1247E+06
  0.1545E+06
  0.2141E+06
  0.2126E+06
  0.1111E+06
  0.7870E+05
  0.6779E+05
  0.6408E+05
  0.6507E+05
  0.7299E+05
  0.7195E+05
  0.6964E+05
  0.7830E+05
  0.8515E+05
  0.9678E+05
  0.1505E+06
  0.1362E+06
  0.1009E+06
  0.9274E+05
  0.8120E+05
  0.8139E+05
  0.8620E+05
  0.1045E+06
  0.9979E+05
  0.8914E+05
  0.8900E+05
  0.9157E+05
  0.9548E+05
  0.1013E+06
  0.1121E+06
  0.1300E+06
  0.1610E+06
  0.1854E+06
  0.1680E+06
  0.2072E+06
  0.4241E+06
  0.4379E+06
  0.3909E+06
  0.3748E+06
  0.5256E+06
  0.7004E+06
  0.6226E+06
  0.3956E+06
  0.2548E+06
  0.2207E+06
  0.1990E+06
  0.1961E+06
  0.1938E+06
  0.2023E+06
  0.2214E+06
  0.2200E+06
  0.2398E+06
  0.2748E+06
  0.3597E+06
  0.7582E+06
  0.9360E+06
  0.1695E+07
  0.1579E+07
  0.1067E+07
  0.5355E+06
  0.3920E+06
  0.3428E+06
  0.3309E+06
  0.3654E+06
  0.4988E+06
  0.5583E+06
  0.4128E+06
  0.4009E+06
  0.4670E+06
  0.6616E+06
  0.5115E+06
  0.5238E+06
  0.6344E+06
  0.1008E+07
  0.3316E+07
  0.2708E+07
  0.3079E+07
  0.1166E+07
  0.8385E+06
  0.9490E+06
  0.1732E+07
  0.1079E+07
  0.1101E+07
  0.1746E+07
  0.3947E+07
  0.3611E+07
  0.1899E+07
  0.1266E+07
  0.1085E+07
  0.9643E+06
  0.8276E+06
  0.8558E+06
  0.9907E+06
  0.1344E+07
  0.2697E+07
  0.9660E+07
  0.3198E+07
  0.1775E+07
  0.1775E+07
  0.2385E+07
  0.5344E+07
  0.8639E+07
  0.5364E+07
  0.4525E+07
  0.6209E+07
  0.5316E+07
  0.2658E+07
  0.2058E+07
  0.2421E+07
  0.4329E+07
  0.2430E+07
  0.1620E+07
  0.1409E+07
  0.1537E+07
  0.1614E+07
  0.1736E+07
  0.1801E+07
  0.2353E+07
  0.4024E+07
  0.9138E+07
  0.1496E+08
  0.1995E+08
  0.6684E+07
  0.4364E+07
  0.6027E+07
  0.3665E+07
  0.2649E+07
  0.2700E+07
  0.3793E+07
  0.8824E+07
  0.4256E+07
  0.3699E+07
  0.4440E+07
  0.6798E+07
  0.1802E+08
  0.1695E+08
  0.6476E+07
  0.3807E+07
  0.2944E+07
  0.2621E+07
  0.2595E+07
  0.2858E+07
  0.3770E+07
  0.6555E+07
  0.6272E+07
  0.4342E+07
  0.4603E+07
  0.6006E+07
  0.7575E+07
  0.1495E+08
  0.3484E+08
  0.4044E+08
  0.2434E+08
  0.1243E+08
  0.7899E+07
  0.7451E+07
  0.1077E+08
  0.3197E+08
  0.1070E+08
  0.6970E+07
  0.6512E+07
  0.8449E+07
  0.1624E+08
  0.2746E+08
  0.2913E+08
  0.1285E+08
  0.1717E+08
  0.7602E+07
  0.5127E+07
  0.4662E+07
  0.5728E+07
  0.4707E+07
  0.4708E+07
  0.5655E+07
  0.8682E+07
  0.2029E+08
  0.1225E+08
  0.1814E+08
  0.1604E+08
  0.9295E+07
  0.9333E+07
  0.1457E+08
  0.4162E+08
  0.2026E+08
  0.2711E+08
  0.1463E+08
  0.1176E+08
  0.1304E+08
  0.1910E+08
  0.4162E+08
  0.6223E+08
  0.5819E+08
  0.3125E+08
  0.1958E+08
  0.1380E+08
  0.1538E+08
  0.1144E+08
  0.1418E+08
  0.1881E+08
  0.3360E+08
  0.1993E+08
  0.2841E+08
  0.5479E+08
  0.3910E+08
  0.2356E+08
  0.2267E+08
  0.1999E+08
  0.1576E+08
  0.1647E+08
  0.1158E+08
  0.1272E+08
  0.1842E+08
  0.3105E+08
  0.2074E+08
  0.2008E+08
  0.3078E+08
  0.7393E+08
  0.8010E+08
  0.5701E+08
  0.5667E+08
  0.2884E+08
  0.2553E+08
  0.1687E+08
  0.1230E+08
  0.1171E+08
  0.1353E+08
  0.1278E+08
  0.1501E+08
  0.2380E+08
  0.2965E+08
  0.3258E+08
  0.7398E+08
  0.1015E+09
  0.8137E+08
  0.4325E+08
  0.2258E+08
  0.1752E+08
  0.2617E+08
  0.1408E+08
  0.1419E+08
  0.2280E+08
  0.4270E+08
  0.1777E+08
  0.1439E+08
  0.1753E+08
  0.3197E+08
  0.1289E+09
  0.3265E+08
  0.1579E+08
  0.9925E+07
  0.7379E+07
  0.6076E+07
  0.5105E+07
  0.4586E+07
  0.4175E+07
  0.3975E+07
  0.3900E+07
  0.3992E+07
  0.3891E+07
  0.4011E+07
  0.4339E+07
  0.4710E+07
  0.4245E+07
  0.3736E+07
  0.3668E+07
  0.3802E+07
  0.4646E+07
  0.4317E+07
  0.4737E+07
  0.4248E+07
  0.4679E+07
  0.5741E+07
  0.6053E+07
  0.7020E+07
  0.6569E+07
  0.7830E+07
  0.1116E+08
  0.2007E+08
  0.5346E+08
  0.4624E+08
  0.1938E+08
  0.1263E+08
  0.1197E+08
  0.1741E+08
  0.3775E+08
  0.1443E+08
  0.1155E+08
  0.1738E+08
  0.1341E+08
  0.9741E+07
  0.9853E+07
  0.1257E+08
  0.2114E+08
  0.6247E+08
  0.4741E+08
  0.3016E+08
  0.1576E+08
  0.1172E+08
  0.1061E+08
  0.1148E+08
  0.1455E+08
  0.2585E+08
  0.5481E+08
  0.4020E+08
  0.3089E+08
  0.2792E+08
  0.4711E+08
  0.1662E+09
  0.1057E+09
  0.4669E+08
  0.2327E+08
  0.1513E+08
  0.1191E+08
  0.1139E+08
  0.1379E+08
  0.2609E+08
  0.1841E+08
  0.1177E+08
  0.1118E+08
  0.1462E+08
  0.2778E+08
  0.3154E+08
  0.2336E+08
  0.1703E+08
  0.1753E+08
  0.3802E+08
  0.2377E+08
  0.1345E+08
  0.1151E+08
  0.1352E+08
  0.1615E+08
  0.2718E+08
  0.5166E+08
  0.1155E+09
  0.3349E+08
  0.1809E+08
  0.1442E+08
  0.1411E+08
  0.1202E+08
  0.1313E+08
  0.1902E+08
  0.4127E+08
  0.7871E+08
  0.3676E+08
  0.3877E+08
  0.1308E+09
  0.5711E+08
  0.2467E+08
  0.1986E+08
  0.2118E+08
  0.2799E+08
  0.1438E+08
  0.9571E+07
  0.9404E+07
  0.8246E+07
  0.8968E+07
  0.1429E+08
  0.2700E+08
  0.2619E+08
  0.7617E+08
  0.4206E+08
  0.1486E+08
  0.8626E+07
  0.6794E+07
  0.6887E+07
  0.5249E+07
  0.4884E+07
  0.5215E+07
  0.6503E+07
  0.1103E+08
  0.1108E+08
  0.2076E+08
  0.4870E+08
  0.4569E+08
  0.1669E+08
  0.1196E+08
  0.1523E+08
  0.3945E+08
  0.1265E+08
  0.9003E+07
  0.8686E+07
  0.6754E+07
  0.7551E+07
  0.9978E+07
  0.1617E+08
  0.1082E+08
  0.2588E+08
  0.9322E+07
  0.5084E+07
  0.4723E+07
  0.7350E+07
  0.7615E+07
  0.5156E+07
  0.5584E+07
  0.1057E+08
  0.1091E+08
  0.5486E+07
  0.4155E+07
  0.4370E+07
  0.8012E+07
  0.1160E+08
  0.1059E+08
  0.2820E+08
  0.4340E+08
  0.2041E+08
  0.9652E+07
  0.6579E+07
  0.4333E+07
  0.4043E+07
  0.5305E+07
  0.5721E+07
  0.3301E+07
  0.3123E+07
  0.1033E+08
  0.2862E+07
  0.2694E+07
  0.3398E+07
  0.5623E+07
  0.1119E+08
  0.2467E+08
  0.1149E+08
  0.5827E+07
  0.4931E+07
  0.3700E+07
  0.5163E+07
  0.8322E+07
  0.6032E+07
  0.4597E+07
  0.2138E+07
  0.1801E+07
  0.1623E+07
  0.2058E+07
  0.2087E+07
  0.3392E+07
  0.3779E+07
  0.2170E+07
  0.1418E+07
  0.1176E+07
  0.1112E+07
  0.2479E+07
  0.1066E+07
  0.1150E+07
  0.1352E+07
  0.1940E+07
  0.2873E+07
  0.6748E+07
  0.4515E+07
  0.3776E+07
  0.6902E+07
  0.1299E+08
  0.5704E+07
  0.2721E+07
  0.1883E+07
  0.1573E+07
  0.1648E+07
  0.2091E+07
  0.1586E+07
  0.1743E+07
  0.2541E+07
  0.5210E+07
  0.1621E+08
  0.1377E+08
  0.4733E+07
  0.3094E+07
  0.2027E+07
  0.1260E+07
  0.9732E+06
  0.8685E+06
  0.7463E+06
  0.6826E+06
  0.6549E+06
  0.6678E+06
  0.7415E+06
  0.6999E+06
  0.7827E+06
  0.7882E+06
  0.9767E+06
  0.1474E+07
  0.3033E+07
  0.5069E+07
  0.7593E+07
  0.6685E+07
  0.2429E+07
  0.1258E+07
  0.8368E+06
  0.6467E+06
  0.5526E+06
  0.4896E+06
  0.4575E+06
  0.4458E+06
  0.4344E+06
  0.4721E+06
  0.6088E+06
  0.7846E+06
  0.7119E+06
  0.9891E+06
  0.2124E+07
  0.3267E+07
  0.1284E+07
  0.8015E+06
  0.8191E+06
  0.1566E+07
  0.8625E+06
  0.5011E+06
  0.3739E+06
  0.3322E+06
  0.3298E+06
  0.3480E+06
  0.4326E+06
  0.4784E+06
  0.4798E+06
  0.7487E+06
  0.9038E+06
  0.1506E+07
  0.7219E+06
  0.5147E+06
  0.5114E+06
  0.6662E+06
  0.1260E+07
  0.4510E+07
  0.4110E+07
  0.1321E+07
  0.1013E+07
  0.1609E+07
  0.1426E+07
  0.6158E+06
  0.3829E+06
  0.2924E+06
  0.2477E+06
  0.2243E+06
  0.2176E+06
  0.2332E+06
  0.2296E+06
  0.2102E+06
  0.2132E+06
  0.2386E+06
  0.2955E+06
  0.4462E+06
  0.9737E+06
  0.3487E+07
  0.1279E+07
  0.8088E+06
  0.8275E+06
  0.4102E+06
  0.2526E+06
  0.1960E+06
  0.1716E+06
  0.1611E+06
  0.1811E+06
  0.2818E+06
  0.2111E+06
  0.1518E+06
  0.1385E+06
  0.1514E+06
  0.2060E+06
  0.1639E+06
  0.1779E+06
  0.2718E+06
  0.6625E+06
  0.1259E+07
  0.3814E+06
  0.1884E+06
  0.1313E+06
  0.1078E+06
  0.9721E+05
  0.9518E+05
  0.1175E+06
  0.8804E+05
  0.8116E+05
  0.7963E+05
  0.8107E+05
  0.8191E+05
  0.8750E+05
  0.1002E+06
  0.1318E+06
  0.2319E+06
  0.3665E+06
  0.3124E+06
  0.8765E+06
  0.1180E+07
  0.3532E+06
  0.1681E+06
  0.1181E+06
  0.1113E+06
  0.1625E+06
  0.1066E+06
  0.7591E+05
  0.6527E+05
  0.6092E+05
  0.6040E+05
  0.6458E+05
  0.8059E+05
  0.8205E+05
  0.7550E+05
  0.6395E+05
  0.6573E+05
  0.7867E+05
  0.1256E+06
  0.3806E+06
  0.4148E+06
  0.2268E+06
  0.1164E+06
  0.7618E+05
  0.6974E+05
  0.6327E+05
  0.5627E+05
  0.7033E+05
  0.6385E+05
  0.4519E+05
  0.3956E+05
  0.3694E+05
  0.3604E+05
  0.3657E+05
  0.3672E+05
  0.3858E+05
  0.4513E+05
  0.4942E+05
  0.7830E+05
  0.2343E+06
  0.1048E+06
  0.1043E+06
  0.6168E+05
  0.4610E+05
  0.3653E+05
  0.3122E+05
  0.2916E+05
  0.2810E+05
  0.2795E+05
  0.2860E+05
  0.2835E+05
  0.2850E+05
  0.3041E+05
  0.3677E+05
  0.5923E+05
  0.5720E+05
  0.4687E+05
  0.7850E+05
  0.3851E+06
  0.9654E+05
  0.4430E+05
  0.3065E+05
  0.2639E+05
  0.2578E+05
  0.3053E+05
  0.3793E+05
  0.3433E+05
  0.3155E+05
  0.4432E+05
  0.2995E+05
  0.2205E+05
  0.2107E+05
  0.2070E+05
  0.1884E+05
  0.1876E+05
  0.2145E+05
  0.3079E+05
  0.3385E+05
  0.1117E+06
  0.3594E+05
  0.2034E+05
  0.1724E+05
  0.1569E+05
  0.1602E+05
  0.2050E+05
  0.1550E+05
  0.1694E+05
  0.1537E+05
  0.1316E+05
  0.1277E+05
  0.1366E+05
  0.1669E+05
  0.1379E+05
  0.1203E+05
  0.1141E+05
  0.1143E+05
  0.1226E+05
  0.1668E+05
  0.3837E+05
  0.1606E+05
  0.1154E+05
  0.1046E+05
  0.1035E+05
  0.1140E+05
  0.1059E+05
  0.1125E+05
  0.1431E+05
  0.1014E+05
  0.9069E+04
  0.8823E+04
  0.8723E+04
  0.8457E+04
  0.8546E+04
  0.9195E+04
  0.1255E+05
  0.5051E+05
  0.1667E+05
  0.1424E+05
  0.1231E+05
  0.8724E+04
  0.8086E+04
  0.8385E+04
  0.1099E+05
  0.1035E+05
  0.9569E+04
  0.7790E+04
  0.7225E+04
  0.7758E+04
  0.1198E+05
  0.7766E+04
  0.6846E+04
  0.6994E+04
  0.6556E+04
  0.6236E+04
  0.6535E+04
  0.1018E+05
  0.8936E+04
  0.7039E+04
  0.5763E+04
  0.5470E+04
  0.5437E+04
  0.5343E+04
  0.5629E+04
  0.7128E+04
  0.5593E+04
  0.5088E+04
  0.4925E+04
  0.4787E+04
  0.4730E+04
  0.4764E+04
  0.4978E+04
  0.5760E+04
  0.5036E+04
  0.4760E+04
  0.5122E+04
  0.5467E+04
  0.5519E+04
  0.4436E+04
  0.4236E+04
  0.4135E+04
  0.4117E+04
  0.4223E+04
  0.4175E+04
  0.3942E+04
  0.3919E+04
  0.4037E+04
  0.4757E+04
  0.4170E+04
  0.3832E+04
  0.3871E+04
  0.6020E+04
  0.4225E+04
  0.3977E+04
  0.4298E+04
  0.4073E+04
  0.4252E+04
  0.4003E+04
  0.3780E+04
  0.3656E+04
  0.3601E+04
  0.3671E+04
  0.3787E+04
  0.3738E+04
  0.3794E+04
  0.3878E+04
  0.4147E+04
  0.4400E+04
  0.4903E+04
  0.5171E+04
  0.5872E+04
  0.6301E+04
  0.7976E+04
  0.8401E+04
  0.9341E+04
  0.1237E+05
  0.1271E+05
  0.1706E+05
  0.1893E+05
  0.2253E+05
  0.2983E+05
  0.3088E+05
  0.4554E+05
  0.4675E+05
  0.5534E+05
  0.7923E+05
  0.7464E+05
  0.1057E+06
  0.1190E+06
  0.1233E+06
  0.2108E+06
  0.1793E+06
  0.1994E+06
  0.3859E+06
  0.2613E+06
  0.3025E+06
  0.5788E+06
  0.3719E+06
  0.4152E+06
  0.9519E+06
  0.5171E+06
  0.5069E+06
  0.8031E+06
  0.7287E+06
  0.5752E+06
  0.6714E+06
  0.1947E+07
  0.6586E+06
  0.5509E+06
  0.6031E+06
  0.1178E+07
  0.4538E+06
  0.3165E+06
  0.2632E+06
  0.2420E+06
  0.3080E+06
  0.4397E+06
  0.7114E+06
  0.1158E+07
  0.9362E+06
  0.9339E+06
  0.9565E+06
  0.1056E+07
  0.1115E+07
  0.1271E+07
  0.1326E+07
  0.1446E+07
  0.1555E+07
  0.1569E+07
  0.1866E+07
  0.1811E+07
  0.2290E+07
  0.2368E+07
  0.2818E+07
  0.3683E+07
  0.3701E+07
  0.5671E+07
  0.5561E+07
  0.6715E+07
  0.9639E+07
  0.8909E+07
  0.1274E+08
  0.1419E+08
  0.1428E+08
  0.2491E+08
  0.2074E+08
  0.2257E+08
  0.5480E+08
  0.2978E+08
  0.3284E+08
  0.8125E+08
  0.4166E+08
  0.4294E+08
  0.7759E+08
  0.5744E+08
  0.5065E+08
  0.6930E+08
  0.8626E+08
  0.5693E+08
  0.5716E+08
  0.8293E+08
  0.6823E+08
  0.4594E+08
  0.4058E+08
  0.4207E+08
  0.3554E+08
  0.1856E+08
  0.2720E+08
  0.3800E+08
  0.4235E+08
  0.4891E+08
  0.5917E+08
  0.7516E+08
  0.1013E+09
  0.1877E+09
  0.1144E+09
  0.9497E+08
  0.8365E+08
  0.7491E+08
  0.6705E+08
  0.5946E+08
  0.5197E+08
  0.4473E+08
  0.3799E+08
  0.3199E+08
  0.2710E+08
  0.2046E+08
  0.1404E+08
  0.9926E+07
  0.7163E+07
  0.5261E+07
  0.3606E+07
  0.2452E+07
  0.1714E+07
  0.1167E+07
  0.8454E+06
  0.6004E+06
  0.4341E+06
  0.3175E+06
  0.2337E+06
  0.1723E+06
  0.1265E+06
  0.9221E+05
  0.6654E+05
  0.4747E+05
  0.3348E+05
  0.1870E+05
  0.1278E+05
  0.8730E+04
  0.6004E+04
  0.4207E+04
  0.2484E+04
  0.1945E+04
  0.1614E+04
  0.1320E+04
  0.1237E+04
  0.1170E+04
  0.1145E+04
  0.1134E+04
  0.1128E+04
  0.1125E+04
  0.1121E+04
  0.1116E+04
  0.1114E+04
  0.1110E+04
  0.1106E+04
  0.1100E+04
  0.1094E+04
  0.1089E+04
  0.1083E+04
  0.1079E+04
  0.1077E+04
  0.1073E+04
  0.1070E+04
  0.1068E+04
  0.1067E+04
  0.1067E+04
  0.1068E+04
  0.1063E+04
  0.1058E+04
  0.1053E+04
  0.1049E+04
  0.1045E+04
  0.1040E+04
  0.1037E+04
  0.1032E+04
  0.1028E+04
  0.1026E+04
  0.1021E+04
  0.1018E+04
  0.1014E+04
  0.1010E+04
  0.1007E+04
  0.1006E+04
  0.1002E+04
  0.9981E+03
  0.9956E+03
  0.9956E+03
  0.9927E+03
  0.9876E+03
  0.9843E+03
  0.9815E+03
  0.9785E+03
  0.9767E+03
  0.9782E+03
  0.9720E+03
  0.9688E+03
  0.9673E+03
  0.9665E+03
  0.9673E+03
  0.9651E+03
  0.9613E+03
  0.9591E+03
  0.9597E+03
  0.9568E+03
  0.9581E+03
  0.9593E+03
  0.9539E+03
  0.9474E+03
  0.9442E+03
  0.9464E+03
  0.9396E+03
  0.9371E+03
  0.9367E+03
  0.9368E+03
  0.9370E+03
  0.9312E+03
  0.9274E+03
