 Longwave optical depth [dimless]
  0.1059E+06
  0.7591E+07
  0.2166E+08
  0.9795E+08
  0.3228E+09
  0.2052E+09
  0.6358E+09
  0.2284E+09
  0.2359E+09
  0.2308E+09
  0.5925E+08
  0.5929E+08
  0.4431E+08
  0.2526E+08
  0.2379E+08
  0.1320E+08
  0.1977E+07
  0.1059E+07
  0.3635E+06
  0.4670E+06
  0.6868E+06
  0.1528E+07
  0.8642E+05
  0.6220E+06
  0.7238E+05
  0.1512E+06
  0.2326E+07
  0.4507E+07
  0.3172E+06
  0.2663E+05
  0.7072E+04
  0.4917E+04
  0.2689E+04
  0.7785E+03
  0.1683E+04
  0.2123E+03
  0.4764E+02
  0.2621E+03
  0.2096E+03
  0.4089E+03
  0.7445E+02
  0.1387E+03
  0.3869E+03
  0.4379E+03
  0.2124E+04
  0.3659E+03
  0.2712E+04
  0.7584E+04
  0.2229E+04
  0.1328E+05
  0.9802E+04
  0.1823E+05
  0.1206E+05
  0.5372E+05
  0.1667E+06
  0.1125E+07
  0.1679E+07
  0.1663E+07
  0.4058E+07
  0.9721E+07
  0.9567E+07
  0.1341E+08
  0.9970E+07
  0.5372E+08
  0.1447E+07
  0.9832E+07
  0.7296E+08
  0.1352E+08
  0.3146E+08
  0.2869E+07
  0.1594E+08
  0.3905E+07
  0.3339E+07
  0.3154E+07
  0.5025E+06
  0.2468E+06
  0.1584E+06
  0.1891E+06
  0.6942E+05
  0.3032E+05
  0.2464E+05
  0.4973E+05
  0.6244E+04
  0.3776E+05
  0.2624E+04
  0.1410E+04
  0.3867E+04
  0.2331E+03
  0.3309E+03
  0.2144E+04
  0.1313E+06
  0.1384E+07
  0.1691E+07
  0.4097E+08
  0.3633E+08
  0.8036E+07
  0.5079E+04
  0.6314E+01
  0.7487E+01
  0.9615E+01
  0.2206E+02
  0.1491E+02
  0.5374E+02
  0.2318E+03
  0.3291E+03
  0.7343E+03
  0.1983E+04
  0.2972E+04
  0.4771E+03
  0.1744E+04
  0.2158E+04
  0.4243E+04
  0.3513E+04
  0.1915E+04
  0.3991E+03
  0.5613E+03
  0.9155E+03
  0.8738E+03
  0.2030E+04
  0.2254E+05
  0.2435E+05
  0.6476E+05
  0.3935E+05
  0.1427E+06
  0.2935E+06
  0.1738E+06
  0.1136E+05
  0.3501E+06
  0.4603E+05
  0.1715E+06
  0.1037E+06
  0.1685E+06
  0.3545E+05
  0.6406E+05
  0.4063E+05
  0.3460E+05
  0.8378E+05
  0.9905E+05
  0.6731E+05
  0.1383E+06
  0.1444E+07
  0.1630E+07
  0.2056E+07
  0.1298E+07
  0.3134E+07
  0.1840E+08
  0.1010E+08
  0.1754E+08
  0.9051E+07
  0.7956E+07
  0.5153E+08
  0.5230E+07
  0.2936E+08
  0.9007E+07
  0.5273E+08
  0.4109E+07
  0.9809E+07
  0.1256E+07
  0.1003E+07
  0.8759E+05
  0.4396E+05
  0.7310E+05
  0.2018E+05
  0.3490E+05
  0.2884E+05
  0.5935E+04
  0.7224E+04
  0.1979E+04
  0.3992E+04
  0.5997E+03
  0.2307E+04
  0.2055E+03
  0.3990E+03
  0.5506E+02
  0.5150E+02
  0.1859E+02
  0.7736E+01
  0.2078E+02
  0.1292E+02
  0.8942E+01
  0.3114E+02
  0.1214E+03
  0.4345E+03
  0.1340E+04
  0.1506E+03
  0.3051E+03
  0.1649E+03
  0.5208E+02
  0.2662E+03
  0.1546E+03
  0.1882E+03
  0.3769E+03
  0.3568E+03
  0.2781E+04
  0.2763E+04
  0.2450E+04
  0.6855E+03
  0.1549E+04
  0.1414E+05
  0.8858E+04
  0.8701E+04
  0.2917E+04
  0.5753E+04
  0.7715E+04
  0.6674E+05
  0.2862E+05
  0.1062E+06
  0.2740E+06
  0.5559E+06
  0.7419E+06
  0.1807E+07
  0.5125E+06
  0.5613E+06
  0.2428E+07
  0.3686E+07
  0.2180E+07
  0.1384E+07
  0.7119E+07
  0.4938E+06
  0.3464E+06
  0.5193E+06
  0.7285E+05
  0.1283E+06
  0.1791E+05
  0.3666E+05
  0.9065E+04
  0.1704E+04
  0.4344E+04
  0.8178E+03
  0.1313E+04
  0.4627E+03
  0.2918E+03
  0.5310E+03
  0.3490E+03
  0.5708E+03
  0.4937E+03
  0.4074E+02
  0.2251E+02
  0.2522E+02
  0.1058E+02
  0.4515E+02
  0.2712E+02
  0.1469E+03
  0.8564E+02
  0.2124E+02
  0.1532E+02
  0.1760E+02
  0.3609E+02
  0.1435E+03
  0.1111E+03
  0.8825E+02
  0.7058E+02
  0.1090E+03
  0.3790E+03
  0.3535E+03
  0.7887E+02
  0.2903E+02
  0.1707E+02
  0.4274E+02
  0.8051E+02
  0.1248E+03
  0.2457E+03
  0.5191E+03
  0.4742E+03
  0.1441E+04
  0.4473E+04
  0.5094E+04
  0.2252E+04
  0.1805E+05
  0.1814E+05
  0.7861E+05
  0.1568E+05
  0.3201E+06
  0.2509E+05
  0.1368E+05
  0.2487E+05
  0.3594E+05
  0.1510E+06
  0.3486E+06
  0.1204E+06
  0.1324E+06
  0.7597E+05
  0.1747E+06
  0.1595E+06
  0.6914E+06
  0.1694E+06
  0.2497E+06
  0.1180E+07
  0.2121E+07
  0.1570E+07
  0.1181E+07
  0.3275E+06
  0.1258E+07
  0.1931E+07
  0.2105E+07
  0.8494E+06
  0.2239E+06
  0.3140E+05
  0.1758E+05
  0.1760E+05
  0.3496E+05
  0.8792E+04
  0.3774E+04
  0.5907E+04
  0.3467E+04
  0.4834E+04
  0.2051E+04
  0.4009E+03
  0.5921E+03
  0.1088E+03
  0.1218E+03
  0.1915E+02
  0.3234E+02
  0.1591E+03
  0.1826E+02
  0.1335E+02
  0.9198E+01
  0.7073E+01
  0.5902E+01
  0.7816E+01
  0.5611E+01
  0.5806E+01
  0.1277E+02
  0.1035E+02
  0.4415E+02
  0.2195E+03
  0.2621E+03
  0.7186E+03
  0.3994E+03
  0.1093E+04
  0.4745E+04
  0.8263E+03
  0.4144E+04
  0.2094E+04
  0.9843E+03
  0.2824E+04
  0.1051E+04
  0.1036E+04
  0.2671E+04
  0.1567E+04
  0.1194E+04
  0.4278E+04
  0.1106E+04
  0.2217E+04
  0.3354E+04
  0.6993E+04
  0.1317E+05
  0.9949E+05
  0.5231E+05
  0.2041E+06
  0.7393E+05
  0.2669E+05
  0.7502E+05
  0.1681E+06
  0.8677E+05
  0.1075E+06
  0.1405E+06
  0.3425E+05
  0.6205E+05
  0.1132E+05
  0.4910E+04
  0.1413E+04
  0.4770E+04
  0.1578E+04
  0.9282E+03
  0.6233E+03
  0.6040E+03
  0.6207E+03
  0.4047E+04
  0.5650E+03
  0.3254E+03
  0.7507E+03
  0.6788E+03
  0.3544E+02
  0.1831E+02
  0.5888E+01
  0.5299E+01
  0.4467E+01
  0.1841E+01
  0.1817E+01
  0.3966E+01
  0.4682E+01
  0.9251E+00
  0.1046E+01
  0.3223E+01
  0.2106E+01
  0.3804E+01
  0.2863E+01
  0.3943E+01
  0.5494E+02
  0.1512E+02
  0.1710E+02
  0.2662E+02
  0.2644E+02
  0.4218E+02
  0.1142E+03
  0.3319E+03
  0.2746E+02
  0.1659E+03
  0.4247E+03
  0.5057E+02
  0.4856E+02
  0.5415E+02
  0.3401E+02
  0.6734E+02
  0.2773E+03
  0.8481E+03
  0.4100E+03
  0.1592E+04
  0.9354E+03
  0.4233E+04
  0.5128E+04
  0.5265E+04
  0.1737E+04
  0.3872E+04
  0.3025E+04
  0.8549E+04
  0.5556E+04
  0.7909E+04
  0.1234E+05
  0.2445E+05
  0.5114E+05
  0.1978E+05
  0.1396E+05
  0.8483E+05
  0.1050E+05
  0.1175E+06
  0.4849E+05
  0.4273E+05
  0.7149E+05
  0.7649E+04
  0.2948E+04
  0.3184E+04
  0.1458E+04
  0.1195E+04
  0.1252E+04
  0.1625E+04
  0.1589E+04
  0.2777E+04
  0.2606E+04
  0.3382E+04
  0.4419E+04
  0.3275E+04
  0.6881E+04
  0.8990E+04
  0.7241E+04
  0.1700E+04
  0.5043E+03
  0.1108E+03
  0.1194E+03
  0.9838E+02
  0.3110E+02
  0.7833E+01
  0.3973E+02
  0.4873E+02
  0.7630E+01
  0.4380E+01
  0.2651E+01
  0.1939E+01
  0.3211E+01
  0.2287E+01
  0.1360E+01
  0.2443E+01
  0.2290E+01
  0.2095E+01
  0.1031E+02
  0.1871E+02
  0.2230E+02
  0.1103E+03
  0.4681E+02
  0.6991E+02
  0.4358E+02
  0.1705E+02
  0.5208E+02
  0.1360E+03
  0.1201E+03
  0.1209E+03
  0.1174E+03
  0.2984E+03
  0.2318E+03
  0.5665E+03
  0.5006E+03
  0.1069E+04
  0.6788E+04
  0.2899E+04
  0.1402E+04
  0.3422E+04
  0.3622E+03
  0.7003E+04
  0.1717E+04
  0.1789E+04
  0.1639E+04
  0.7259E+03
  0.2610E+03
  0.3682E+03
  0.6676E+02
  0.5094E+02
  0.2025E+03
  0.2845E+03
  0.2014E+03
  0.1559E+03
  0.8061E+02
  0.7736E+03
  0.5924E+02
  0.3608E+03
  0.1311E+03
  0.1334E+03
  0.6254E+02
  0.6518E+02
  0.1061E+02
  0.9826E+01
  0.4165E+01
  0.2224E+01
  0.3689E+01
  0.4844E+01
  0.1990E+01
  0.1792E+01
  0.1847E+01
  0.2046E+01
  0.1754E+01
  0.1653E+01
  0.1704E+01
  0.1691E+01
  0.1689E+01
  0.2064E+01
  0.2262E+01
  0.2064E+01
  0.3304E+01
  0.2847E+01
  0.5682E+01
  0.3028E+01
  0.2877E+01
  0.3175E+01
  0.4622E+01
  0.4993E+01
  0.5923E+01
  0.7985E+01
  0.1250E+02
  0.1345E+02
  0.5876E+02
  0.5839E+02
  0.6944E+02
  0.1612E+03
  0.1060E+04
  0.1929E+03
  0.8519E+03
  0.5516E+03
  0.6008E+03
  0.1854E+04
  0.1345E+04
  0.1881E+04
  0.5793E+04
  0.7297E+04
  0.2630E+04
  0.4345E+03
  0.1418E+05
  0.3232E+04
  0.1573E+04
  0.3248E+03
  0.2675E+03
  0.1649E+03
  0.5782E+02
  0.1084E+03
  0.1642E+03
  0.1149E+03
  0.1116E+03
  0.2424E+03
  0.1526E+03
  0.2085E+03
  0.5272E+03
  0.3654E+03
  0.6393E+03
  0.6900E+03
  0.7674E+02
  0.2798E+03
  0.8013E+03
  0.6746E+03
  0.3449E+03
  0.3769E+02
  0.2208E+02
  0.1230E+02
  0.5867E+01
  0.2001E+02
  0.9097E+01
  0.1116E+02
  0.6197E+01
  0.8626E+01
  0.3944E+01
  0.6010E+01
  0.5375E+01
  0.3225E+01
  0.3021E+01
  0.3166E+01
  0.2977E+01
  0.2923E+01
  0.2968E+01
  0.2943E+01
  0.3184E+01
  0.9257E+01
  0.7561E+01
  0.9357E+01
  0.7429E+01
  0.7228E+01
  0.3571E+02
  0.8622E+01
  0.1480E+02
  0.2187E+02
  0.3999E+02
  0.1137E+03
  0.1091E+03
  0.2323E+03
  0.7876E+02
  0.1806E+03
  0.2067E+03
  0.1073E+03
  0.7733E+02
  0.2453E+03
  0.2427E+03
  0.1427E+03
  0.4974E+02
  0.3052E+02
  0.1418E+02
  0.3534E+02
  0.1467E+02
  0.1417E+02
  0.1105E+02
  0.1519E+02
  0.1568E+02
  0.1183E+02
  0.1202E+02
  0.1728E+02
  0.2051E+02
  0.1295E+03
  0.2023E+02
  0.1034E+02
  0.4575E+02
  0.2918E+02
  0.2160E+02
  0.1827E+02
  0.6251E+01
  0.4349E+01
  0.4726E+01
  0.3938E+01
  0.4137E+01
  0.4123E+01
  0.3914E+01
  0.4072E+01
  0.3864E+01
  0.3884E+01
  0.3944E+01
  0.3932E+01
  0.3945E+01
  0.3982E+01
  0.4021E+01
  0.4052E+01
  0.4146E+01
  0.4240E+01
  0.4864E+01
  0.4834E+01
  0.4889E+01
  0.6449E+01
  0.5809E+01
  0.7168E+01
  0.1121E+02
  0.2438E+02
  0.1552E+02
  0.3046E+02
  0.1089E+03
  0.4828E+02
  0.9677E+02
  0.9156E+02
  0.2402E+03
  0.2817E+03
  0.1502E+03
  0.1049E+03
  0.2666E+03
  0.2140E+03
  0.3564E+03
  0.3512E+03
  0.5158E+03
  0.1070E+03
  0.3617E+02
  0.2511E+02
  0.1991E+02
  0.1252E+02
  0.1127E+02
  0.7954E+01
  0.1056E+02
  0.9781E+01
  0.1278E+02
  0.8884E+01
  0.8439E+01
  0.2088E+02
  0.2854E+02
  0.4088E+02
  0.2479E+02
  0.6547E+02
  0.1986E+02
  0.2620E+02
  0.7492E+02
  0.1315E+02
  0.4316E+02
  0.6431E+02
  0.6570E+02
  0.1711E+02
  0.7580E+01
  0.7254E+01
  0.7099E+01
  0.6290E+01
  0.6095E+01
  0.7497E+01
  0.8112E+01
  0.7055E+01
  0.6665E+01
  0.7102E+01
  0.6047E+01
  0.5999E+01
  0.5940E+01
  0.5946E+01
  0.5971E+01
  0.6130E+01
  0.6482E+01
  0.6298E+01
  0.6219E+01
  0.6534E+01
  0.7202E+01
  0.9711E+01
  0.9558E+01
  0.1614E+02
  0.1010E+02
  0.1031E+02
  0.3352E+02
  0.3241E+02
  0.1881E+02
  0.1611E+02
  0.2727E+02
  0.2945E+02
  0.9864E+02
  0.3394E+02
  0.4557E+02
  0.1417E+02
  0.9460E+01
  0.1084E+02
  0.8458E+01
  0.7241E+01
  0.7767E+01
  0.7670E+01
  0.8438E+01
  0.7507E+01
  0.8997E+01
  0.7553E+01
  0.7855E+01
  0.8020E+01
  0.8466E+01
  0.8579E+01
  0.8236E+01
  0.9650E+01
  0.9865E+01
  0.8274E+01
  0.1121E+02
  0.8042E+01
  0.1186E+02
  0.1757E+02
  0.9696E+01
  0.8659E+01
  0.7610E+01
  0.7643E+01
  0.7796E+01
  0.7660E+01
  0.7706E+01
  0.7809E+01
  0.7890E+01
  0.7957E+01
  0.7961E+01
  0.8024E+01
  0.8214E+01
  0.8443E+01
  0.8242E+01
  0.8935E+01
  0.9204E+01
  0.9233E+01
  0.1014E+02
  0.2996E+02
  0.1361E+02
  0.1422E+02
  0.2358E+02
  0.2593E+02
  0.6225E+02
  0.5279E+02
  0.6552E+02
  0.4615E+02
  0.3923E+02
  0.3079E+02
  0.7503E+02
  0.5166E+02
  0.1986E+02
  0.1488E+02
  0.1894E+02
  0.1484E+02
  0.1221E+02
  0.1063E+02
  0.9896E+01
  0.9507E+01
  0.9259E+01
  0.9253E+01
  0.9370E+01
  0.9359E+01
  0.9446E+01
  0.9669E+01
  0.9879E+01
  0.9862E+01
  0.1050E+02
  0.1103E+02
  0.1036E+02
  0.1191E+02
  0.1160E+02
  0.1078E+02
  0.1402E+02
  0.1103E+02
  0.1466E+02
  0.1852E+02
  0.1347E+02
  0.1208E+02
  0.1790E+02
  0.1778E+02
  0.1267E+02
  0.1191E+02
  0.1043E+02
  0.1161E+02
  0.1053E+02
  0.1044E+02
  0.1051E+02
  0.1056E+02
  0.1057E+02
  0.1070E+02
  0.1072E+02
  0.1080E+02
  0.1085E+02
  0.1137E+02
  0.1111E+02
  0.1129E+02
  0.1141E+02
  0.1175E+02
  0.1266E+02
  0.1358E+02
  0.1359E+02
  0.1390E+02
  0.1218E+02
  0.1346E+02
  0.1356E+02
  0.1942E+02
  0.2836E+02
  0.1476E+02
  0.1594E+02
  0.1228E+02
  0.1262E+02
  0.1306E+02
  0.1303E+02
  0.1255E+02
  0.1195E+02
  0.1212E+02
  0.1205E+02
  0.1213E+02
  0.1216E+02
  0.1222E+02
  0.1226E+02
  0.1232E+02
  0.1242E+02
  0.1245E+02
  0.1255E+02
  0.1263E+02
  0.1274E+02
  0.1270E+02
  0.1278E+02
  0.1310E+02
  0.1336E+02
  0.1326E+02
  0.1381E+02
  0.1358E+02
  0.1355E+02
  0.1381E+02
  0.1359E+02
  0.1411E+02
  0.1523E+02
  0.1366E+02
  0.1361E+02
  0.1358E+02
  0.1359E+02
  0.1395E+02
  0.1399E+02
  0.1402E+02
  0.1417E+02
  0.1444E+02
  0.1486E+02
  0.1741E+02
  0.1600E+02
  0.1746E+02
  0.2455E+02
  0.2156E+02
  0.1909E+02
  0.3740E+02
  0.1761E+02
  0.2355E+02
  0.6753E+02
  0.2030E+02
  0.4010E+02
  0.1830E+02
  0.1631E+02
  0.1537E+02
  0.1591E+02
  0.1632E+02
  0.1523E+02
  0.1529E+02
  0.1565E+02
  0.1531E+02
  0.1538E+02
  0.1543E+02
  0.1547E+02
  0.1554E+02
  0.1561E+02
  0.1568E+02
  0.1574E+02
  0.1582E+02
  0.1589E+02
  0.1597E+02
  0.1607E+02
  0.1616E+02
  0.1624E+02
  0.1659E+02
  0.1641E+02
  0.1642E+02
  0.1681E+02
  0.1704E+02
  0.1686E+02
  0.1683E+02
  0.1719E+02
  0.1715E+02
  0.1711E+02
  0.1798E+02
  0.1721E+02
  0.1722E+02
  0.1748E+02
  0.1726E+02
  0.1733E+02
  0.1745E+02
  0.1750E+02
  0.1754E+02
  0.1762E+02
  0.1776E+02
  0.1786E+02
  0.1796E+02
  0.1822E+02
  0.1832E+02
  0.1861E+02
  0.1979E+02
  0.1915E+02
  0.1937E+02
  0.2025E+02
  0.1958E+02
  0.1984E+02
  0.1933E+02
  0.1972E+02
  0.1932E+02
  0.1931E+02
  0.1941E+02
  0.1907E+02
  0.1917E+02
  0.1936E+02
  0.1935E+02
  0.1937E+02
  0.1941E+02
  0.1949E+02
  0.1966E+02
  0.1972E+02
  0.1983E+02
  0.1994E+02
  0.1986E+02
  0.1993E+02
  0.2001E+02
  0.2009E+02
  0.2018E+02
  0.2026E+02
  0.2034E+02
  0.2043E+02
  0.2052E+02
  0.2059E+02
  0.2069E+02
  0.2080E+02
  0.2088E+02
  0.2108E+02
  0.2109E+02
  0.2126E+02
  0.2135E+02
  0.2150E+02
  0.2168E+02
  0.2177E+02
  0.2350E+02
  0.2336E+02
  0.2275E+02
  0.2550E+02
  0.2560E+02
  0.2356E+02
  0.3350E+02
  0.2410E+02
  0.2371E+02
  0.2326E+02
  0.3285E+02
  0.2430E+02
  0.2713E+02
  0.2319E+02
  0.2309E+02
  0.2313E+02
  0.2344E+02
  0.2320E+02
  0.2317E+02
  0.2326E+02
  0.2338E+02
  0.2343E+02
  0.2351E+02
  0.2359E+02
  0.2368E+02
  0.2378E+02
  0.2388E+02
  0.2397E+02
  0.2406E+02
  0.2415E+02
  0.2425E+02
  0.2434E+02
  0.2443E+02
  0.2452E+02
  0.2462E+02
  0.2472E+02
  0.2482E+02
  0.2491E+02
  0.2501E+02
  0.2513E+02
  0.2520E+02
  0.2540E+02
  0.2541E+02
  0.2551E+02
  0.2563E+02
  0.2589E+02
  0.2581E+02
  0.2605E+02
  0.2607E+02
  0.2618E+02
  0.2632E+02
  0.2646E+02
  0.2653E+02
  0.2659E+02
  0.2664E+02
  0.2673E+02
  0.2684E+02
  0.2704E+02
  0.2704E+02
  0.2752E+02
  0.2738E+02
  0.2922E+02
  0.2760E+02
  0.2773E+02
  0.2778E+02
  0.2800E+02
  0.2977E+02
  0.2832E+02
  0.2809E+02
  0.2824E+02
  0.2830E+02
  0.2838E+02
  0.2861E+02
  0.2860E+02
  0.2873E+02
  0.2887E+02
  0.2893E+02
  0.2903E+02
  0.2914E+02
  0.2932E+02
  0.2941E+02
  0.2947E+02
  0.2956E+02
  0.2972E+02
  0.2981E+02
  0.2988E+02
  0.3000E+02
  0.3012E+02
  0.3021E+02
  0.3033E+02
  0.3053E+02
  0.3057E+02
  0.3068E+02
  0.3088E+02
  0.3096E+02
  0.3113E+02
  0.3149E+02
  0.3154E+02
  0.3163E+02
  0.3187E+02
  0.3226E+02
  0.3323E+02
  0.3316E+02
  0.3319E+02
  0.3284E+02
  0.3295E+02
  0.3419E+02
  0.3629E+02
  0.3413E+02
  0.3319E+02
  0.3325E+02
  0.3302E+02
  0.3309E+02
  0.3322E+02
  0.3325E+02
  0.3335E+02
  0.3346E+02
  0.3358E+02
  0.3369E+02
  0.3381E+02
  0.3394E+02
  0.3406E+02
  0.3417E+02
  0.3430E+02
  0.3442E+02
  0.3454E+02
  0.3467E+02
  0.3479E+02
  0.3493E+02
  0.3505E+02
  0.3517E+02
  0.3529E+02
  0.3541E+02
  0.3555E+02
  0.3566E+02
  0.3580E+02
  0.3592E+02
  0.3604E+02
  0.3617E+02
  0.3630E+02
  0.3643E+02
  0.3657E+02
  0.3669E+02
  0.3682E+02
  0.3695E+02
  0.3710E+02
  0.3733E+02
  0.3737E+02
  0.3755E+02
  0.3774E+02
  0.3781E+02
  0.3815E+02
  0.3813E+02
  0.3845E+02
  0.3918E+02
  0.3848E+02
  0.3868E+02
  0.3880E+02
  0.3886E+02
  0.3906E+02
  0.3935E+02
  0.3946E+02
  0.3947E+02
  0.3982E+02
  0.3972E+02
  0.3984E+02
  0.3990E+02
  0.4004E+02
  0.4016E+02
  0.4030E+02
  0.4043E+02
  0.4057E+02
  0.4072E+02
  0.4085E+02
  0.4100E+02
  0.4114E+02
  0.4128E+02
  0.4141E+02
  0.4156E+02
  0.4170E+02
  0.4185E+02
  0.4207E+02
  0.4214E+02
  0.4241E+02
  0.4243E+02
  0.4287E+02
  0.4286E+02
  0.4291E+02
  0.4311E+02
  0.4338E+02
  0.4405E+02
  0.4415E+02
  0.4387E+02
  0.4409E+02
  0.4403E+02
  0.4432E+02
  0.4464E+02
  0.4566E+02
  0.4463E+02
  0.4508E+02
  0.4482E+02
  0.4500E+02
  0.4518E+02
  0.4529E+02
  0.4537E+02
  0.4553E+02
  0.4567E+02
  0.4585E+02
  0.4599E+02
  0.4615E+02
  0.4630E+02
  0.4644E+02
  0.4662E+02
  0.4675E+02
  0.4690E+02
  0.4709E+02
  0.4721E+02
  0.4735E+02
  0.4751E+02
  0.4766E+02
  0.4782E+02
  0.4798E+02
  0.4814E+02
  0.4830E+02
  0.4846E+02
  0.4863E+02
  0.4878E+02
  0.4894E+02
  0.4910E+02
  0.4926E+02
  0.4942E+02
  0.4958E+02
  0.4974E+02
  0.4990E+02
  0.5007E+02
  0.5023E+02
  0.5041E+02
  0.5058E+02
  0.5073E+02
  0.5096E+02
  0.5108E+02
  0.5129E+02
  0.5147E+02
  0.5163E+02
  0.5180E+02
  0.5196E+02
  0.5211E+02
  0.5231E+02
  0.5267E+02
  0.5263E+02
  0.5283E+02
  0.5292E+02
  0.5316E+02
  0.5346E+02
  0.5342E+02
  0.5363E+02
  0.5374E+02
  0.5391E+02
  0.5409E+02
  0.5426E+02
  0.5443E+02
  0.5461E+02
  0.5478E+02
  0.5495E+02
  0.5513E+02
  0.5530E+02
  0.5549E+02
  0.5566E+02
  0.5585E+02
  0.5603E+02
  0.5622E+02
  0.5642E+02
  0.5661E+02
  0.5690E+02
  0.5726E+02
  0.5736E+02
  0.5735E+02
  0.5761E+02
  0.5773E+02
  0.5799E+02
  0.5828E+02
  0.5960E+02
  0.5872E+02
  0.5907E+02
  0.5875E+02
  0.5897E+02
  0.5924E+02
  0.5937E+02
  0.5946E+02
  0.5965E+02
  0.5984E+02
  0.6018E+02
  0.6026E+02
  0.6039E+02
  0.6057E+02
  0.6076E+02
  0.6095E+02
  0.6114E+02
  0.6132E+02
  0.6152E+02
  0.6170E+02
  0.6190E+02
  0.6210E+02
  0.6228E+02
  0.6247E+02
  0.6266E+02
  0.6286E+02
  0.6308E+02
  0.6324E+02
  0.6343E+02
  0.6363E+02
  0.6382E+02
  0.6402E+02
  0.6422E+02
  0.6442E+02
  0.6461E+02
  0.6481E+02
  0.6501E+02
  0.6521E+02
  0.6541E+02
  0.6563E+02
  0.6583E+02
  0.6601E+02
  0.6625E+02
  0.6642E+02
  0.6667E+02
  0.6687E+02
  0.6708E+02
  0.6741E+02
  0.6748E+02
  0.6770E+02
  0.6786E+02
  0.6805E+02
  0.6828E+02
  0.6846E+02
  0.6865E+02
  0.6888E+02
  0.6907E+02
  0.6931E+02
  0.6950E+02
  0.6970E+02
  0.6992E+02
  0.7014E+02
  0.7032E+02
  0.7053E+02
  0.7075E+02
  0.7094E+02
  0.7117E+02
  0.7139E+02
  0.7160E+02
  0.7181E+02
  0.7202E+02
  0.7235E+02
  0.7246E+02
  0.7273E+02
  0.7303E+02
  0.7322E+02
  0.7371E+02
  0.7375E+02
  0.7398E+02
  0.7401E+02
  0.7422E+02
  0.7442E+02
  0.7463E+02
  0.7482E+02
  0.7504E+02
  0.7527E+02
  0.7548E+02
  0.7571E+02
  0.7593E+02
  0.7616E+02
  0.7638E+02
  0.7660E+02
  0.7683E+02
  0.7706E+02
  0.7728E+02
  0.7751E+02
  0.7774E+02
  0.7796E+02
  0.7822E+02
  0.7841E+02
  0.7864E+02
  0.7887E+02
  0.7910E+02
  0.7933E+02
  0.7956E+02
  0.7981E+02
  0.8017E+02
  0.8026E+02
  0.8048E+02
  0.8071E+02
  0.8094E+02
  0.8118E+02
  0.8142E+02
  0.8166E+02
  0.8189E+02
  0.8213E+02
  0.8236E+02
  0.8260E+02
  0.8284E+02
  0.8309E+02
  0.8335E+02
  0.8358E+02
  0.8388E+02
  0.8403E+02
  0.8432E+02
  0.8452E+02
  0.8475E+02
  0.8501E+02
  0.8523E+02
  0.8547E+02
  0.8572E+02
  0.8597E+02
  0.8620E+02
  0.8645E+02
  0.8670E+02
  0.8695E+02
  0.8720E+02
  0.8744E+02
  0.8770E+02
  0.8797E+02
  0.8825E+02
  0.8850E+02
  0.8871E+02
  0.8898E+02
  0.8928E+02
  0.8947E+02
  0.8983E+02
  0.9001E+02
  0.9023E+02
  0.9046E+02
  0.9070E+02
  0.9097E+02
  0.9121E+02
  0.9146E+02
  0.9172E+02
  0.9197E+02
  0.9223E+02
  0.9249E+02
  0.9274E+02
  0.9300E+02
  0.9326E+02
  0.9352E+02
  0.9378E+02
  0.9405E+02
  0.9430E+02
  0.9457E+02
  0.9485E+02
  0.9510E+02
  0.9536E+02
  0.9563E+02
  0.9589E+02
  0.9616E+02
  0.9642E+02
  0.9669E+02
  0.9695E+02
  0.9721E+02
  0.9748E+02
  0.9775E+02
  0.9802E+02
  0.9829E+02
  0.9856E+02
  0.9883E+02
  0.9911E+02
  0.9938E+02
  0.9966E+02
  0.9994E+02
  0.1002E+03
  0.1005E+03
  0.1008E+03
  0.1011E+03
  0.1013E+03
  0.1016E+03
  0.1019E+03
  0.1022E+03
  0.1024E+03
  0.1027E+03
  0.1030E+03
  0.1032E+03
  0.1035E+03
  0.1038E+03
  0.1041E+03
  0.1044E+03
  0.1047E+03
  0.1050E+03
  0.1053E+03
  0.1055E+03
  0.1058E+03
  0.1061E+03
  0.1064E+03
  0.1067E+03
  0.1070E+03
  0.1072E+03
  0.1075E+03
  0.1078E+03
  0.1081E+03
  0.1084E+03
  0.1087E+03
  0.1090E+03
  0.1093E+03
  0.1096E+03
  0.1099E+03
  0.1102E+03
  0.1104E+03
  0.1107E+03
  0.1110E+03
  0.1113E+03
  0.1116E+03
  0.1119E+03
  0.1122E+03
  0.1125E+03
  0.1128E+03
  0.1131E+03
  0.1134E+03
  0.1137E+03
  0.1140E+03
  0.1143E+03
  0.1146E+03
  0.1149E+03
  0.1152E+03
  0.1155E+03
  0.1158E+03
  0.1161E+03
  0.1164E+03
  0.1167E+03
  0.1171E+03
  0.1174E+03
  0.1177E+03
  0.1180E+03
  0.1183E+03
  0.1186E+03
  0.1189E+03
  0.1192E+03
  0.1195E+03
  0.1199E+03
  0.1202E+03
  0.1205E+03
  0.1208E+03
  0.1211E+03
  0.1214E+03
  0.1218E+03
  0.1221E+03
  0.1224E+03
  0.1227E+03
  0.1230E+03
  0.1233E+03
  0.1237E+03
  0.1240E+03
  0.1243E+03
  0.1246E+03
  0.1249E+03
  0.1253E+03
  0.1256E+03
  0.1259E+03
  0.1262E+03
  0.1266E+03
  0.1269E+03
  0.1272E+03
  0.1276E+03
  0.1279E+03
  0.1282E+03
  0.1285E+03
  0.1289E+03
  0.1292E+03
  0.1295E+03
  0.1299E+03
  0.1302E+03
  0.1305E+03
  0.1309E+03
  0.1312E+03
  0.1315E+03
  0.1319E+03
  0.1322E+03
  0.1326E+03
  0.1329E+03
  0.1332E+03
  0.1336E+03
  0.1339E+03
  0.1342E+03
  0.1346E+03
  0.1349E+03
  0.1353E+03
  0.1356E+03
  0.1360E+03
  0.1363E+03
  0.1367E+03
  0.1370E+03
  0.1373E+03
  0.1377E+03
  0.1380E+03
  0.1384E+03
  0.1387E+03
  0.1391E+03
  0.1394E+03
  0.1398E+03
  0.1401E+03
  0.1405E+03
  0.1408E+03
  0.1412E+03
  0.1416E+03
  0.1419E+03
  0.1423E+03
  0.1426E+03
  0.1430E+03
  0.1433E+03
  0.1437E+03
  0.1440E+03
  0.1444E+03
  0.1448E+03
  0.1451E+03
  0.1455E+03
  0.1459E+03
  0.1462E+03
  0.1466E+03
  0.1469E+03
  0.1473E+03
  0.1477E+03
  0.1480E+03
  0.1484E+03
  0.1488E+03
  0.1492E+03
  0.1495E+03
  0.1499E+03
  0.1503E+03
  0.1506E+03
  0.1510E+03
  0.1514E+03
  0.1518E+03
  0.1521E+03
  0.1525E+03
  0.1529E+03
  0.1533E+03
  0.1536E+03
  0.1540E+03
  0.1544E+03
  0.1548E+03
  0.1551E+03
  0.1555E+03
  0.1559E+03
  0.1563E+03
  0.1567E+03
  0.1571E+03
  0.1574E+03
  0.1578E+03
  0.1582E+03
  0.1586E+03
  0.1590E+03
  0.1594E+03
  0.1598E+03
  0.1601E+03
  0.1605E+03
  0.1609E+03
  0.1613E+03
  0.1617E+03
  0.1621E+03
  0.1625E+03
  0.1629E+03
  0.1633E+03
  0.1637E+03
  0.1641E+03
  0.1645E+03
  0.1649E+03
  0.1653E+03
  0.1657E+03
  0.1661E+03
  0.1665E+03
  0.1669E+03
  0.1673E+03
  0.1677E+03
  0.1681E+03
  0.1685E+03
  0.1689E+03
  0.1693E+03
  0.1697E+03
  0.1701E+03
  0.1705E+03
  0.1709E+03
  0.1713E+03
  0.1717E+03
  0.1722E+03
  0.1726E+03
  0.1730E+03
  0.1734E+03
  0.1738E+03
  0.1742E+03
  0.1746E+03
  0.1750E+03
  0.1755E+03
  0.1759E+03
  0.1763E+03
  0.1767E+03
  0.1771E+03
  0.1776E+03
  0.1780E+03
  0.1784E+03
  0.1788E+03
  0.1792E+03
  0.1797E+03
  0.1801E+03
  0.1805E+03
  0.1809E+03
  0.1814E+03
  0.1818E+03
  0.1822E+03
  0.1827E+03
  0.1831E+03
  0.1835E+03
  0.1840E+03
  0.1844E+03
  0.1848E+03
  0.1853E+03
  0.1857E+03
  0.1861E+03
  0.1866E+03
  0.1870E+03
  0.1874E+03
  0.1879E+03
  0.1883E+03
  0.1888E+03
  0.1892E+03
  0.1896E+03
  0.1901E+03
  0.1905E+03
  0.1910E+03
  0.1914E+03
  0.1919E+03
  0.1923E+03
  0.1927E+03
  0.1932E+03
  0.1936E+03
  0.1941E+03
  0.1945E+03
  0.1950E+03
  0.1954E+03
  0.1959E+03
  0.1964E+03
  0.1968E+03
  0.1973E+03
  0.1977E+03
  0.1982E+03
  0.1986E+03
  0.1991E+03
  0.1995E+03
  0.2000E+03
  0.2005E+03
  0.2009E+03
  0.2014E+03
  0.2019E+03
  0.2023E+03
  0.2028E+03
  0.2032E+03
  0.2037E+03
  0.2042E+03
  0.2046E+03
  0.2051E+03
  0.2056E+03
  0.2061E+03
  0.2065E+03
  0.2070E+03
  0.2075E+03
  0.2079E+03
  0.2084E+03
  0.2089E+03
  0.2094E+03
  0.2098E+03
  0.2103E+03
  0.2108E+03
  0.2113E+03
  0.2118E+03
  0.2122E+03
  0.2127E+03
  0.2132E+03
  0.2137E+03
  0.2142E+03
  0.2147E+03
  0.2151E+03
  0.2156E+03
  0.2161E+03
  0.2166E+03
  0.2171E+03
  0.2176E+03
  0.2181E+03
  0.2186E+03
  0.2191E+03
  0.2195E+03
  0.2200E+03
  0.2205E+03
  0.2210E+03
  0.2215E+03
  0.2220E+03
  0.2225E+03
  0.2230E+03
  0.2235E+03
  0.2240E+03
  0.2245E+03
  0.2250E+03
  0.2255E+03
  0.2260E+03
  0.2265E+03
  0.2270E+03
  0.2275E+03
  0.2281E+03
  0.2286E+03
  0.2291E+03
  0.2296E+03
  0.2301E+03
  0.2306E+03
  0.2311E+03
  0.2316E+03
  0.2321E+03
  0.2327E+03
  0.2332E+03
  0.2337E+03
  0.2342E+03
  0.2347E+03
  0.2352E+03
  0.2358E+03
  0.2363E+03
  0.2368E+03
  0.2373E+03
  0.2379E+03
  0.2384E+03
  0.2389E+03
  0.2394E+03
  0.2400E+03
  0.2405E+03
  0.2410E+03
  0.2415E+03
  0.2421E+03
  0.2426E+03
  0.2431E+03
  0.2437E+03
  0.2442E+03
  0.2447E+03
  0.2453E+03
  0.2458E+03
  0.2463E+03
  0.2469E+03
  0.2474E+03
  0.2480E+03
  0.2485E+03
  0.2490E+03
  0.2496E+03
  0.2501E+03
  0.2507E+03
  0.2512E+03
  0.2518E+03
  0.2523E+03
  0.2529E+03
  0.2534E+03
  0.2540E+03
  0.2545E+03
  0.2551E+03
  0.2556E+03
  0.2562E+03
  0.2567E+03
  0.2573E+03
  0.2578E+03
  0.2584E+03
  0.2590E+03
  0.2595E+03
  0.2601E+03
  0.2606E+03
  0.2612E+03
  0.2618E+03
  0.2623E+03
  0.2629E+03
  0.2635E+03
  0.2640E+03
  0.2646E+03
  0.2652E+03
  0.2657E+03
  0.2663E+03
  0.2669E+03
  0.2674E+03
  0.2680E+03
  0.2686E+03
  0.2692E+03
  0.2697E+03
  0.2703E+03
  0.2709E+03
  0.2715E+03
  0.2720E+03
  0.2726E+03
  0.2732E+03
  0.2738E+03
  0.2744E+03
  0.2749E+03
  0.2755E+03
  0.2761E+03
  0.2767E+03
  0.2773E+03
  0.2779E+03
  0.2785E+03
  0.2791E+03
  0.2796E+03
  0.2802E+03
  0.2808E+03
  0.2814E+03
  0.2820E+03
  0.2826E+03
  0.2832E+03
  0.2838E+03
  0.2844E+03
  0.2850E+03
  0.2856E+03
  0.2862E+03
  0.2868E+03
  0.2874E+03
  0.2880E+03
  0.2886E+03
  0.2892E+03
  0.2898E+03
  0.2904E+03
  0.2911E+03
  0.2917E+03
  0.2923E+03
  0.2929E+03
  0.2935E+03
  0.2941E+03
  0.2947E+03
  0.2953E+03
  0.2960E+03
  0.2966E+03
  0.2972E+03
  0.2978E+03
  0.2984E+03
  0.2991E+03
  0.2997E+03
  0.3003E+03
  0.3009E+03
  0.3016E+03
  0.3022E+03
  0.3028E+03
  0.3034E+03
  0.3041E+03
  0.3047E+03
  0.3053E+03
  0.3060E+03
  0.3066E+03
  0.3072E+03
  0.3079E+03
  0.3085E+03
  0.3091E+03
  0.3098E+03
  0.3104E+03
  0.3111E+03
  0.3117E+03
  0.3123E+03
  0.3130E+03
  0.3136E+03
  0.3143E+03
  0.3149E+03
  0.3156E+03
  0.3162E+03
  0.3169E+03
  0.3175E+03
  0.3182E+03
  0.3188E+03
  0.3195E+03
  0.3201E+03
  0.3208E+03
  0.3214E+03
  0.3221E+03
  0.3228E+03
  0.3234E+03
  0.3241E+03
  0.3247E+03
  0.3254E+03
  0.3261E+03
  0.3267E+03
  0.3274E+03
  0.3281E+03
  0.3287E+03
  0.3294E+03
  0.3301E+03
  0.3307E+03
  0.3314E+03
  0.3321E+03
  0.3327E+03
  0.3334E+03
  0.3341E+03
  0.3348E+03
  0.3355E+03
  0.3361E+03
  0.3368E+03
  0.3375E+03
  0.3382E+03
  0.3389E+03
  0.3395E+03
  0.3402E+03
  0.3409E+03
  0.3416E+03
  0.3423E+03
  0.3430E+03
  0.3437E+03
  0.3444E+03
  0.3450E+03
  0.3457E+03
  0.3464E+03
  0.3471E+03
  0.3478E+03
  0.3485E+03
  0.3492E+03
