 tauray
                          0.4010026473685153E-16
                          0.1835872946202598E-10
                          0.2717976241524905E-09
                          0.1340370001042876E-08
                          0.4180791805146664E-08
                          0.1012644164961960E-07
                          0.2088736081575969E-07
                          0.3855025325300722E-07
                          0.6557848557894471E-07
                          0.1048120870792969E-06
                          0.1594677497079310E-06
                          0.2331388280868563E-06
                          0.3297953395062243E-06
                          0.4537839639243289E-06
                          0.6098280439676058E-06
                          0.8030275849306342E-06
                          0.1038859254776134E-05
                          0.1323176384134969E-05
                          0.1662208966306144E-05
                          0.2062563657256807E-05
                          0.2531223775622245E-05
                          0.3075549302705893E-05
                          0.3703276882479325E-05
                          0.4422519821582252E-05
                          0.5241768089322543E-05
                          0.6169888317676192E-05
                          0.7216123801287347E-05
                          0.8390094497468282E-05
                          0.9701797026199445E-05
                          0.1116160467012938E-04
                          0.1278026737457482E-04
                          0.1456891174752062E-04
                          0.1653904105961976E-04
                          0.1870253524419339E-04
                          0.2107165089723079E-04
                          0.2365902127738939E-04
                          0.2647765630599474E-04
                          0.2954094256704056E-04
                          0.3286264330718873E-04
                          0.3645689843576917E-04
                          0.4033822452478007E-04
                          0.4452151480888770E-04
                          0.4902203918542650E-04
                          0.5385544421439897E-04
                          0.5903775311847584E-04
                          0.6458536578299597E-04
                          0.7051505875596639E-04
                          0.7684398524806211E-04
                          0.8358967513262655E-04
                          0.9077003494567099E-04
                          0.9840334788587511E-04
                          0.1065082738145865E-03
                          0.1151038492558210E-03
                          0.1242094873962629E-03
                          0.1338449780852638E-03
                          0.1440304878348443E-03
                          0.1547865598196928E-03
                          0.1661341138771658E-03
                          0.1780944465072880E-03
                          0.1906892308727522E-03
                          0.2039405167989196E-03
                          0.2178707307738188E-03
                          0.2325026759481476E-03
                          0.2478595321352712E-03
                          0.2639648558112235E-03
                          0.2808425801147054E-03
                          0.2985170148470874E-03
                          0.3170128464724072E-03
                          0.3363551381173708E-03
                          0.3565693295713528E-03
                          0.3776812372863955E-03
                          0.3997170543772096E-03
                          0.4227033506211732E-03
                          0.4466670724583337E-03
                          0.4716355429914059E-03
                          0.4976364619857729E-03
                          0.5246979058694859E-03
                          0.5528483277332643E-03
                          0.5821165573304955E-03
                          0.6125318010772360E-03
                          0.6441236420522084E-03
                          0.6769220399968055E-03
                          0.7109573313150877E-03
                          0.7462602290737822E-03
                          0.7828618230022868E-03
                          0.8207935794926648E-03
                          0.8600873415996488E-03
                          0.9007753290406407E-03
                          0.9428901381957082E-03
                          0.9864647421075896E-03
                          0.1031532490481690E-02
                          0.1078127109686082E-02
                          0.1126282702751507E-02
                          0.1176033749371376E-02
                          0.1227415105901765E-02
                          0.1280462005361422E-02
                          0.1335210057431760E-02
                          0.1391695248456860E-02
                          0.1449953941443475E-02
                          0.1510022876061021E-02
                          0.1571939168641588E-02
                          0.1635740312179928E-02
                          0.1701464176333465E-02
                          0.1769149007422288E-02
                          0.1838833428429160E-02
                          0.1910556438999505E-02
                          0.1984357415441422E-02
                          0.2060276110725670E-02
                          0.2138352654485684E-02
                          0.2218627553017566E-02
                          0.2301141689280079E-02
                          0.2385936322894661E-02
                          0.2473053090145420E-02
                          0.2562534003979123E-02
                          0.2654421454005215E-02
                          0.2748758206495802E-02
                          0.2845587404385660E-02
                          0.2944952567272241E-02
                          0.3046897591415650E-02
                          0.3151466749738672E-02
                          0.3258704691826757E-02
                          0.3368656443928022E-02
                          0.3481367408953253E-02
                          0.3596883366475901E-02
                          0.3715250472732092E-02
                          0.3836515260620617E-02
                          0.3960724639702932E-02
                          0.4087925896203162E-02
                          0.4218166693008106E-02
                          0.4351495069667223E-02
                          0.4487959442392644E-02
                          0.4627608604059172E-02
                          0.4770491724204267E-02
                          0.4916658349028072E-02
                          0.5066158401393389E-02
                          0.5219042180825685E-02
                          0.5375360363513102E-02
                          0.5535164002306455E-02
                          0.5698504526719206E-02
                          0.5865433742927511E-02
                          0.6036003833770180E-02
                          0.6210267358748691E-02
                          0.6388277254027192E-02
                          0.6570086832432503E-02
                          0.6755749783454106E-02
                          0.6945320173244159E-02
                          0.7138852444617474E-02
                          0.7336401417051548E-02
                          0.7538022286686537E-02
                          0.7743770626325263E-02
                          0.7953702385433232E-02
                          0.8167873890138587E-02
                          0.8386341843232172E-02
                          0.8609163324167484E-02
                          0.8836395789060683E-02
                          0.9068097070690609E-02
                          0.9304325378498761E-02
                          0.9545139298589314E-02
                          0.9790597793729096E-02
                          0.1004076020334763E-01
                          0.1029568624353708E-01
                          0.1055543600705230E-01
                          0.1082006996331079E-01
                          0.1108964895839273E-01
                          0.1136423421504098E-01
                          0.1164388733266104E-01
                          0.1192867028732110E-01
                          0.1221864543175201E-01
                          0.1251387549534730E-01
                          0.1281442358416314E-01
                          0.1312035318091842E-01
                          0.1343172814499462E-01
                          0.1374861271243598E-01
                          0.1407107149594933E-01
                          0.1439916948490421E-01
                          0.1473297204533281E-01
                          0.1507254491993000E-01
                          0.1541795422805331E-01
                          0.1576926646572295E-01
                          0.1612654850562178E-01
                          0.1648986759709536E-01
                          0.1685929136615186E-01
                          0.1723488781546220E-01
                          0.1761672532435987E-01
                          0.1800487264884110E-01
                          0.1839939892156481E-01
                          0.1880037365185249E-01
                          0.1920786672568838E-01
                          0.1962194840571936E-01
                          0.2004268933125499E-01
                          0.2047016051826748E-01
                          0.2090443335939170E-01
                          0.2134557962392524E-01
                          0.2179367145782832E-01
                          0.2224878138372382E-01
                          0.2271098230089729E-01
                          0.2318034748529698E-01
                          0.2365695058953375E-01
                          0.2414086564288121E-01
                          0.2463216705127558E-01
                          0.2513092959731574E-01
                          0.2563722844026330E-01
                          0.2615113911604245E-01
                          0.2667273753724012E-01
                          0.2720209999310587E-01
                          0.2773930314955194E-01
                          0.2828442404915326E-01
                          0.2883754011114743E-01
                          0.2939872913143464E-01
                          0.2996806928257781E-01
                          0.3054563911380256E-01
                          0.3113151755099714E-01
                          0.3172578389671243E-01
                          0.3232851783016204E-01
                          0.3293979940722220E-01
                          0.3355970906043190E-01
                          0.3418832759899266E-01
                          0.3482573620876876E-01
                          0.3547201645228714E-01
                          0.3612725026873739E-01
                          0.3679151997397177E-01
                          0.3746490826050518E-01
                          0.3814749819751531E-01
                          0.3883937323084236E-01
                          0.3954061718298927E-01
                          0.4025131425312165E-01
                          0.4097154901706778E-01
                          0.4170140642731860E-01
                          0.4244097181302769E-01
                          0.4319033088001138E-01
                          0.4394956971074856E-01
                          0.4471877476438089E-01
                          0.4549803287671264E-01
                          0.4628743126021074E-01
                          0.4708705750400483E-01
                          0.4789699957388717E-01
                          0.4871734581231272E-01
                          0.4954818493839913E-01
                          0.5038960604792667E-01
                          0.5124169861333830E-01
                          0.5210455248373964E-01
                          0.5297825788489899E-01
                          0.5386290541924734E-01
                          0.5475858606587831E-01
                          0.5566539118054811E-01
                          0.5658341249567583E-01
                          0.5751274212034305E-01
                          0.5845347254029411E-01
                          0.5940569661793589E-01
                          0.6036950759233813E-01
                          0.6134499907923309E-01
                          0.6233226507101577E-01
                          0.6333139993674379E-01
                          0.6434249842213750E-01
                          0.6536565564957979E-01
                          0.6640096711811641E-01
                          0.6744852870345566E-01
                          0.6850843665796852E-01
                          0.6958078761068857E-01
                          0.7066567856731222E-01
                          0.7176320691019841E-01
                          0.7287347039836882E-01
                          0.7399656716750778E-01
                          0.7513259572996232E-01
                          0.7628165497474196E-01
                          0.7744384416751925E-01
                          0.7861926295062899E-01
                          0.7980801134306893E-01
                          0.8101018974049939E-01
                          0.8222589891524339E-01
                          0.8345524001628658E-01
                          0.8469831456927730E-01
                          0.8595522447652654E-01
                          0.8722607201700805E-01
                          0.8851095984635816E-01
                          0.8980999099687580E-01
                          0.9112326887752266E-01
                          0.9245089727392321E-01
                          0.9379298034836434E-01
                          0.9514962263979578E-01
                          0.9652092906382984E-01
                          0.9790700491274162E-01
                          0.9930795585546874E-01
                          0.1007238879376116E+00
                          0.1021549075814332E+00
                          0.1036011215858592E+00
                          0.1050626371264781E+00
                          0.1065395617555407E+00
                          0.1080320034019610E+00
                          0.1095400703713151E+00
                          0.1110638713458421E+00
                          0.1126035153844437E+00
                          0.1141591119226844E+00
                          0.1157307707727911E+00
                          0.1173186021236535E+00
                          0.1189227165408241E+00
                          0.1205432249665178E+00
                          0.1221802387196124E+00
                          0.1238338694956482E+00
                          0.1255042293668283E+00
                          0.1271914307820185E+00
                          0.1288955865667470E+00
                          0.1306168099232050E+00
                          0.1323552144302461E+00
                          0.1341109140433868E+00
                          0.1358840230948062E+00
                          0.1376746562933457E+00
                          0.1394829287245102E+00
                          0.1413089558504663E+00
                          0.1431528535100440E+00
                          0.1450147379187356E+00
                          0.1468947256686961E+00
                          0.1487929337287434E+00
                          0.1507094794443578E+00
                          0.1526444805376824E+00
                          0.1545980551075229E+00
                          0.1565703216293476E+00
                          0.1585613989552878E+00
                          0.1605714063141372E+00
                          0.1626004633113520E+00
                          0.1646486899290516E+00
                          0.1667162065260173E+00
                          0.1688031338376941E+00
                          0.1709095929761885E+00
                          0.1730357054302706E+00
                          0.1751815930653729E+00
                          0.1773473781235903E+00
                          0.1795331832236803E+00
                          0.1817391313610638E+00
                          0.1839653459078238E+00
                          0.1862119506127059E+00
                          0.1884790696011186E+00
                          0.1907668273751330E+00
                          0.1930753488134827E+00
                          0.1954047591715645E+00
                          0.1977551840814371E+00
                          0.2001267495518226E+00
                          0.2025195819681050E+00
                          0.2049338080923319E+00
                          0.2073695550632128E+00
                          0.2098269503961203E+00
                          0.2123061219830892E+00
                          0.2148071980928176E+00
                          0.2173303073706658E+00
                          0.2198755788386570E+00
                          0.2224431418954768E+00
                          0.2250331263164738E+00
                          0.2276456622536593E+00
                          0.2302808802357066E+00
                          0.2329389111679525E+00
                          0.2356198863323960E+00
                          0.2383239373876991E+00
                          0.2410511963691860E+00
                          0.2438017956888442E+00
                          0.2465758681353228E+00
                          0.2493735468739349E+00
                          0.2521949654466554E+00
                          0.2550402577721221E+00
                          0.2579095581456355E+00
                          0.2608030012391588E+00
                          0.2637207221013175E+00
                          0.2666628561574004E+00
                          0.2696295392093585E+00
                          0.2726209074358057E+00
                          0.2756370973920182E+00
                          0.2786782460099356E+00
                          0.2817444905981596E+00
                          0.2848359688419544E+00
                          0.2879528188032473E+00
                          0.2910951789206280E+00
                          0.2942631880093495E+00
                          0.2974569852613262E+00
                          0.3006767102451364E+00
                          0.3039225029060203E+00
                          0.3071945035658815E+00
                          0.3104928529232853E+00
                          0.3138176920534604E+00
                          0.3171691624082984E+00
                          0.3205474058163524E+00
                          0.3239525644828396E+00
                          0.3273847809896385E+00
                          0.3308441982952911E+00
                          0.3343309597350024E+00
                          0.3378452090206391E+00
                          0.3413870902407309E+00
                          0.3449567478604708E+00
                          0.3485543267217136E+00
                          0.3521799720429776E+00
                          0.3558338294194426E+00
                          0.3595160448229524E+00
                          0.3632267646020127E+00
                          0.3669661354817917E+00
                          0.3707343045641210E+00
                          0.3745314193274942E+00
                          0.3783576276270678E+00
                          0.3822130776946612E+00
                          0.3860979181387559E+00
                          0.3900122979444972E+00
                          0.3939563664736911E+00
                          0.3979302734648087E+00
                          0.4019341690329814E+00
                          0.4059682036700052E+00
                          0.4100325282443377E+00
                          0.4141272940010995E+00
                          0.4182526525620737E+00
                          0.4224087559257063E+00
                          0.4265957564671056E+00
                          0.4308138069380431E+00
                          0.4350630604669525E+00
                          0.4393436705589300E+00
                          0.4436557910957359E+00
                          0.4479995763357910E+00
                          0.4523751809141800E+00
                          0.4567827598426505E+00
                          0.4612224685096123E+00
                          0.4656944626801379E+00
                          0.4701988984959622E+00
                          0.4747359324754837E+00
                          0.4793057215137627E+00
                          0.4839084228825220E+00
                          0.4885441942301479E+00
                          0.4932131935816891E+00
                          0.4979155793388565E+00
                          0.5026515102800241E+00
                          0.5074211455602288E+00
                          0.5122246447111688E+00
                          0.5170621676412076E+00
                          0.5219338746353680E+00
                          0.5268399263553386E+00
                          0.5317804838394690E+00
                          0.5367557085027717E+00
                          0.5417657621369213E+00
                          0.5468108069102567E+00
                          0.5518910053677780E+00
                          0.5570065204311483E+00
                          0.5621575153986941E+00
                          0.5673441539454033E+00
                          0.5725666001229269E+00
                          0.5778250183595806E+00
                          0.5831195734603385E+00
                          0.5884504306068415E+00
                          0.5938177553573916E+00
                          0.5992217136469524E+00
                          0.6046624717871518E+00
                          0.6101401964662797E+00
                          0.6156550547492886E+00
                          0.6212072140777934E+00
                          0.6267968422700729E+00
                          0.6324241075210666E+00
                          0.6380891784023788E+00
                          0.6437922238622750E+00
                          0.6495334132256836E+00
                          0.6553129161941964E+00
                          0.6611309028460667E+00
                          0.6669875436362116E+00
                          0.6728830093962099E+00
                          0.6788174713343040E+00
                          0.6847911010353986E+00
                          0.6908040704610605E+00
                          0.6968565519495197E+00
                          0.7029487182156693E+00
                          0.7090807423510649E+00
                          0.7152527978239226E+00
                          0.7214650584791249E+00
                          0.7277176985382146E+00
                          0.7340108925993972E+00
                          0.7403448156375418E+00
                          0.7467196430041796E+00
                          0.7531355504275045E+00
                          0.7595927140123732E+00
                          0.7660913102403049E+00
                          0.7726315159694808E+00
                          0.7792135084347470E+00
                          0.7858374652476108E+00
                          0.7925035643962405E+00
                          0.7992119842454700E+00
                          0.8059629035367948E+00
                          0.8127565013883721E+00
                          0.8195929572950231E+00
                          0.8264724511282309E+00
                          0.8333951631361411E+00
                          0.8403612739435632E+00
                          0.8473709645519677E+00
                          0.8544244163394890E+00
                          0.8615218110609234E+00
                          0.8686633308477303E+00
                          0.8758491582080327E+00
                          0.8830794760266141E+00
                          0.8903544675649225E+00
                          0.8976743164610670E+00
                          0.9050392067298211E+00
                          0.9124493227626198E+00
                          0.9199048493275616E+00
                          0.9274059715694062E+00
                          0.9349528750095777E+00
                          0.9425457455461610E+00
                          0.9501847694539071E+00
                          0.9578701333842246E+00
                          0.9656020243651893E+00
                          0.9733806298015383E+00
                          0.9812061374746690E+00
                          0.9890787355426437E+00
                          0.9969986125401888E+00
                          0.1004965957378691E+01
                          0.1012980959346199E+01
                          0.1021043808107427E+01
                          0.1029154693703749E+01
                          0.1037313806553205E+01
                          0.1045521337450494E+01
                          0.1053777477566980E+01
                          0.1062082418450688E+01
                          0.1070436352026309E+01
                          0.1078839470595192E+01
                          0.1087291966835352E+01
                          0.1095794033801466E+01
                          0.1104345864924873E+01
                          0.1112947654013575E+01
                          0.1121599595252236E+01
                          0.1130301883202185E+01
                          0.1139054712801411E+01
                          0.1147858279364566E+01
                          0.1156712778582968E+01
                          0.1165618406524593E+01
                          0.1174575359634081E+01
                          0.1183583834732737E+01
                          0.1192644029018526E+01
                          0.1201756140066077E+01
                          0.1210920365826683E+01
                          0.1220136904628295E+01
                          0.1229405955175532E+01
                          0.1238727716549673E+01
                          0.1248102388208658E+01
                          0.1257530169987095E+01
                          0.1267011262096251E+01
                          0.1276545865124052E+01
                          0.1286134180035096E+01
                          0.1295776408170635E+01
                          0.1305472751248589E+01
                          0.1315223411363537E+01
                          0.1325028590986723E+01
                          0.1334888492966054E+01
                          0.1344803320526098E+01
                          0.1354773277268087E+01
                          0.1364798567169913E+01
                          0.1374879394586136E+01
                          0.1385015964247972E+01
                          0.1395208481263305E+01
                          0.1405457151116681E+01
                          0.1415762179669305E+01
                          0.1426123773159049E+01
                          0.1436542138200444E+01
                          0.1447017481784685E+01
                          0.1457550011279632E+01
                          0.1468139934429806E+01
                          0.1478787459356388E+01
                          0.1489492794557226E+01
                          0.1500256148906830E+01
                          0.1511077731656368E+01
                          0.1521957752433676E+01
                          0.1532896421243251E+01
                          0.1543893948466251E+01
                          0.1554950544860500E+01
                          0.1566066421560481E+01
                          0.1577241790077343E+01
                          0.1588476862298896E+01
                          0.1599771850489612E+01
                          0.1611126967290626E+01
                          0.1622542425719737E+01
                          0.1634018439171405E+01
                          0.1645555221416755E+01
                          0.1657152986603573E+01
                          0.1668811949256304E+01
                          0.1680532324276064E+01
                          0.1692314326940625E+01
                          0.1704158172904425E+01
                          0.1716064078198562E+01
                          0.1728032259230800E+01
                          0.1740062932785560E+01
                          0.1752156316023933E+01
                          0.1764312626483670E+01
                          0.1776532082079181E+01
                          0.1788814901101542E+01
                          0.1801161302218491E+01
                          0.1813571504474431E+01
                          0.1826045727290423E+01
                          0.1838584190464193E+01
                          0.1851187114170132E+01
                          0.1863854718959291E+01
                          0.1876587225759381E+01
                          0.1889384855874783E+01
                          0.1902247830986534E+01
                          0.1915176373152337E+01
                          0.1928170704806557E+01
                          0.1941231048760221E+01
                          0.1954357628201018E+01
                          0.1967550666693304E+01
                          0.1980810388178091E+01
                          0.1994137016973058E+01
                          0.2007530777772548E+01
                          0.2020991895647563E+01
                          0.2034520596045769E+01
                          0.2048117104791495E+01
                          0.2061781648085732E+01
                          0.2075514452506136E+01
                          0.2089315745007022E+01
                          0.2103185752919368E+01
                          0.2117124703950821E+01
                          0.2131132826185682E+01
                          0.2145210348084919E+01
                          0.2159357498486162E+01
                          0.2173574506603706E+01
                          0.2187861602028504E+01
                          0.2202219014728176E+01
                          0.2216646975047002E+01
                          0.2231145713705925E+01
                          0.2245715461802552E+01
                          0.2260356450811150E+01
                          0.2275068912582654E+01
                          0.2289853079344656E+01
                          0.2304709183701414E+01
                          0.2319637458633845E+01
                          0.2334638137499533E+01
                          0.2349711454032724E+01
                          0.2364857642344325E+01
                          0.2380076936921901E+01
                          0.2395369572629694E+01
                          0.2410735784708592E+01
                          0.2426175808776157E+01
                          0.2441689880826609E+01
                          0.2457278237230831E+01
                          0.2472941114736370E+01
                          0.2488678750467434E+01
                          0.2504491381924895E+01
                          0.2520379246986288E+01
                          0.2536342583905807E+01
                          0.2552381631314316E+01
                          0.2568496628219334E+01
                          0.2584687814005045E+01
                          0.2600955428432302E+01
                          0.2617299711638609E+01
                          0.2633720904138142E+01
                          0.2650219246821736E+01
                          0.2666794980956889E+01
                          0.2683448348187762E+01
                          0.2700179590535177E+01
                          0.2716988950396623E+01
                          0.2733876670546250E+01
                          0.2750842994134864E+01
                          0.2767888164689943E+01
                          0.2785012426115626E+01
                          0.2802216022692708E+01
                          0.2819499199078650E+01
                          0.2836862200307586E+01
                          0.2854305271790295E+01
                          0.2871828659314228E+01
                          0.2889432609043503E+01
                          0.2907117367518890E+01
                          0.2924883181657831E+01
                          0.2942730298754423E+01
                          0.2960658966479436E+01
                          0.2978669432880290E+01
                          0.2996761946381077E+01
                          0.3014936755782547E+01
                          0.3033194110262117E+01
                          0.3051534259373862E+01
                          0.3069957453048519E+01
                          0.3088463941593494E+01
                          0.3107053975692852E+01
                          0.3125727806407318E+01
                          0.3144485685174284E+01
                          0.3163327863807802E+01
                          0.3182254594498590E+01
                          0.3201266129814022E+01
                          0.3220362722698144E+01
                          0.3239544626471654E+01
                          0.3258812094831925E+01
                          0.3278165381852978E+01
                          0.3297604741985509E+01
                          0.3317130430056876E+01
                          0.3336742701271088E+01
                          0.3356441811208832E+01
                          0.3376228015827444E+01
                          0.3396101571460932E+01
                          0.3416062734819965E+01
                          0.3436111762991872E+01
                          0.3456248913440645E+01
                          0.3476474444006939E+01
                          0.3496788612908074E+01
                          0.3517191678738032E+01
                          0.3537683900467454E+01
                          0.3558265537443648E+01
                          0.3578936849390582E+01
                          0.3599698096408888E+01
                          0.3620549538975860E+01
                          0.3641491437945455E+01
                          0.3662524054548293E+01
                          0.3683647650391658E+01
                          0.3704862487459492E+01
                          0.3726168828112403E+01
                          0.3747566935087661E+01
                          0.3769057071499205E+01
                          0.3790639500837621E+01
                          0.3812314486970174E+01
                          0.3834082294140783E+01
                          0.3855943186970030E+01
                          0.3877897430455165E+01
                          0.3899945289970093E+01
                          0.3922087031265387E+01
                          0.3944322920468287E+01
                          0.3966653224082680E+01
                          0.3989078208989134E+01
                          0.4011598142444864E+01
                          0.4034213292083761E+01
                          0.4056923925916371E+01
                          0.4079730312329902E+01
                          0.4102632720088232E+01
                          0.4125631418331889E+01
                          0.4148726676578081E+01
                          0.4171918764720658E+01
                          0.4195207953030155E+01
                          0.4218594512153750E+01
                          0.4242078713115295E+01
                          0.4265660827315300E+01
                          0.4289341126530943E+01
                          0.4313119882916062E+01
                          0.4336997369001147E+01
                          0.4360973857693372E+01
                          0.4385049622276552E+01
                          0.4409224936411183E+01
                          0.4433500074134412E+01
                          0.4457875309860050E+01
                          0.4482350918378579E+01
                          0.4506927174857127E+01
                          0.4531604354839502E+01
                          0.4556382734246172E+01
                          0.4581262589374253E+01
                          0.4606244196897542E+01
                          0.4631327833866486E+01
                          0.4656513777708202E+01
                          0.4681802306226465E+01
                          0.4707193697601718E+01
                          0.4732688230391060E+01
                          0.4758286183528254E+01
                          0.4783987836323733E+01
                          0.4809793468464586E+01
                          0.4835703360014564E+01
                          0.4861717791414089E+01
                          0.4887837043480229E+01
                          0.4914061397406734E+01
                          0.4940391134764001E+01
                          0.4966826537499101E+01
                          0.4993367887935762E+01
                          0.5020015468774373E+01
                          0.5046769563091996E+01
                          0.5073630454342340E+01
                          0.5100598426355786E+01
                          0.5127673763339377E+01
                          0.5154856749876821E+01
                          0.5182147670928486E+01
                          0.5209546811831397E+01
                          0.5237054458299249E+01
                          0.5264670896422401E+01
                          0.5292396412667871E+01
                          0.5320231293879329E+01
                          0.5348175827277139E+01
                          0.5376230300458293E+01
                          0.5404395001396462E+01
                          0.5432670218441978E+01
                          0.5461056240321842E+01
                          0.5489553356139700E+01
                          0.5518161855375880E+01
                          0.5546882027887363E+01
                          0.5575714163907791E+01
                          0.5604658554047475E+01
                          0.5633715489293384E+01
                          0.5662885261009150E+01
                          0.5692168160935075E+01
                          0.5721564481188106E+01
                          0.5751074514261871E+01
                          0.5780698553026654E+01
                          0.5810436890729403E+01
                          0.5840289820993721E+01
                          0.5870257637819885E+01
                          0.5900340635584828E+01
                          0.5930539109042148E+01
                          0.5960853353322102E+01
                          0.5991283663931616E+01
                          0.6021830336754273E+01
                          0.6052493668050322E+01
                          0.6083273954456669E+01
                          0.6114171492986893E+01
                          0.6145186581031228E+01
                          0.6176319516356576E+01
                          0.6207570597106486E+01
                          0.6238940121801191E+01
                          0.6270428389337580E+01
                          0.6302035698989193E+01
                          0.6333762350406250E+01
                          0.6365608643615626E+01
                          0.6397574879020846E+01
                          0.6429661357402126E+01
                          0.6461868379916321E+01
                          0.6494196248096952E+01
                          0.6526645263854209E+01
                          0.6559215729474950E+01
                          0.6591907947622677E+01
                          0.6624722221337580E+01
                          0.6657658854036479E+01
                          0.6690718149512890E+01
                          0.6723900411936968E+01
                          0.6757205945855543E+01
                          0.6790635056192108E+01
                          0.6824188048246805E+01
                          0.6857865227696464E+01
                          0.6891666900594548E+01
                          0.6925593373371200E+01
                          0.6959644952833219E+01
                          0.6993821946164085E+01
                          0.7028124660923908E+01
                          0.7062553405049493E+01
                          0.7097108486854280E+01
                          0.7131790215028396E+01
                          0.7166598898638611E+01
                          0.7201534847128369E+01
                          0.7236598370317779E+01
                          0.7271789778403599E+01
                          0.7307109381959270E+01
                          0.7342557491934868E+01
                          0.7378134419657163E+01
                          0.7413840476829558E+01
                          0.7449675975532145E+01
                          0.7485641228221656E+01
                          0.7521736547731502E+01
                          0.7557962247271754E+01
                          0.7594318640429133E+01
                          0.7630806041167045E+01
                          0.7667424763825532E+01
                          0.7704175123121326E+01
                          0.7741057434147794E+01
                          0.7778072012374998E+01
                          0.7815219173649628E+01
                          0.7852499234195055E+01
                          0.7889912510611313E+01
                          0.7927459319875108E+01
                          0.7965139979339779E+01
                          0.8002954806735353E+01
                          0.8040904120168522E+01
                          0.8078988238122616E+01
                          0.8117207479457658E+01
                          0.8155562163410300E+01
                          0.8194052609593896E+01
                          0.8232679137998424E+01
                          0.8271442068990556E+01
                          0.8310341723313602E+01
                          0.8349378422087556E+01
                          0.8388552486809052E+01
                          0.8427864239351416E+01
                          0.8467314001964603E+01
                          0.8506902097275264E+01
                          0.8546628848286680E+01
                          0.8586494578378812E+01
                          0.8626499611308303E+01
                          0.8666644271208417E+01
                          0.8706928882589107E+01
                          0.8747353770336995E+01
                          0.8787919259715332E+01
                          0.8828625676364071E+01
                          0.8869473346299813E+01
                          0.8910462595915805E+01
                          0.8951593751981980E+01
                          0.8992867141644920E+01
                          0.9034283092427875E+01
                          0.9075841932230771E+01
                          0.9117543989330166E+01
                          0.9159389592379293E+01
                          0.9201379070408064E+01
                          0.9243512752823046E+01
                          0.9285790969407447E+01
                          0.9328214050321172E+01
                          0.9370782326100755E+01
                          0.9413496127659430E+01
                          0.9456355786287048E+01
                          0.9499361633650173E+01
                          0.9542514001791984E+01
                          0.9585813223132361E+01
                          0.9629259630467821E+01
                          0.9672853556971557E+01
                          0.9716595336193420E+01
                          0.9760485302059923E+01
                          0.9804523788874251E+01
                          0.9848711131316231E+01
                          0.9893047664442379E+01
                          0.9937533723685849E+01
                          0.9982169644856471E+01
                          0.1002695576414075E+02
                          0.1007189241810182E+02
                          0.1011697994367951E+02
                          0.1016221867819030E+02
                          0.1020760895932731E+02
                          0.1025315112516036E+02
                          0.1029884551413592E+02
                          0.1034469246507711E+02
                          0.1039069231718373E+02
                          0.1043684541003224E+02
                          0.1048315208357573E+02
                          0.1052961267814400E+02
                          0.1057622753444351E+02
                          0.1062299699355733E+02
                          0.1066992139694525E+02
                          0.1071700108644369E+02
                          0.1076423640426575E+02
                          0.1081162769300118E+02
                          0.1085917529561640E+02
                          0.1090687955545451E+02
                          0.1095474081623524E+02
                          0.1100275942205497E+02
                          0.1105093571738680E+02
                          0.1109927004708047E+02
                          0.1114776275636235E+02
                          0.1119641419083550E+02
                          0.1124522469647967E+02
                          0.1129419461965120E+02
                          0.1134332430708317E+02
                          0.1139261410588526E+02
                          0.1144206436354386E+02
                          0.1149167542792200E+02
                          0.1154144764725937E+02
                          0.1159138137017233E+02
                          0.1164147694565391E+02
                          0.1169173472307378E+02
                          0.1174215505217830E+02
                          0.1179273828309046E+02
                          0.1184348476630996E+02
                          0.1189439485271311E+02
                          0.1194546889355293E+02
                          0.1199670724045906E+02
                          0.1204811024543783E+02
                          0.1209967826087222E+02
                          0.1215141163952188E+02
                          0.1220331073452313E+02
                          0.1225537589938894E+02
                          0.1230760748800894E+02
                          0.1236000585464943E+02
                          0.1241257135395338E+02
                          0.1246530434094040E+02
                          0.1251820517100679E+02
                          0.1257127419992548E+02
                          0.1262451178384611E+02
                          0.1267791827929493E+02
                          0.1273149404317490E+02
                          0.1278523943276559E+02
                          0.1283915480572329E+02
                          0.1289324052008091E+02
                          0.1294749693424805E+02
                          0.1300192440701095E+02
                          0.1305652329753252E+02
                          0.1311129396535236E+02
                          0.1316623677038667E+02
                          0.1322135207292838E+02
                          0.1327664023364706E+02
                          0.1333210161358891E+02
                          0.1338773657417685E+02
                          0.1344354547721039E+02
                          0.1349952868486580E+02
                          0.1355568655969590E+02
                          0.1361201946463028E+02
                          0.1366852776297510E+02
                          0.1372521181841325E+02
                          0.1378207199500426E+02
                          0.1383910865718432E+02
                          0.1389632216976627E+02
                          0.1395371289793963E+02
                          0.1401128120727059E+02
                          0.1406902746370197E+02
                          0.1412695203355330E+02
                          0.1418505528352074E+02
                          0.1424333758067710E+02
                          0.1430179929247188E+02
                          0.1436044078673125E+02
                          0.1441926243165802E+02
                          0.1447826459583168E+02
                          0.1453744764820834E+02
                          0.1459681195812084E+02
                          0.1465635789527862E+02
                          0.1471608582976783E+02
                          0.1477599613205127E+02
                          0.1483608917296837E+02
                          0.1489636532373527E+02
                          0.1495682495594474E+02
                          0.1501746844156624E+02
                          0.1507829615294585E+02
                          0.1513930846280637E+02
                          0.1520050574424720E+02
                          0.1526188837074446E+02
                          0.1532345671615090E+02
                          0.1538521115469594E+02
                          0.1544715206098565E+02
                          0.1550927981000281E+02
                          0.1557159477710678E+02
                          0.1563409733803367E+02
                          0.1569678786889619E+02
                          0.1575966674618375E+02
                          0.1582273434676241E+02
                          0.1588599104787490E+02
                          0.1594943722714055E+02
                          0.1601307326255549E+02
                          0.1607689953249235E+02
                          0.1614091641570055E+02
                          0.1620512429130612E+02
                          0.1626952353881174E+02
                          0.1633411453809677E+02
                          0.1639889766941727E+02
                          0.1646387331340588E+02
                          0.1652904185107198E+02
                          0.1659440366380155E+02
                          0.1665995913335730E+02
                          0.1672570864187853E+02
                          0.1679165257188126E+02
                          0.1685779130625815E+02
                          0.1692412522827852E+02
                          0.1699065472158836E+02
                          0.1705738017021033E+02
                          0.1712430195854371E+02
                          0.1719142047136451E+02
                          0.1725873609382533E+02
                          0.1732624921145550E+02
                          0.1739396021016098E+02
                          0.1746186947622440E+02
                          0.1752997739630502E+02
                          0.1759828435743881E+02
                          0.1766679074703839E+02
                          0.1773549695289303E+02
                          0.1780440336316866E+02
                          0.1787351036640789E+02
                          0.1794281835152998E+02
                          0.1801232770783087E+02
                          0.1808203882498314E+02
                          0.1815195209303602E+02
                          0.1822206790241547E+02
                          0.1829238664392404E+02
                          0.1836290870874097E+02
                          0.1843363448842217E+02
                          0.1850456437490019E+02
                          0.1857569876048429E+02
                          0.1864703803786032E+02
                          0.1871858260009087E+02
                          0.1879033284061513E+02
                          0.1886228915324900E+02
                          0.1893445193218500E+02
                          0.1900682157199234E+02
                          0.1907939846761691E+02
                          0.1915218301438121E+02
                          0.1922517560798445E+02
                          0.1929837664450248E+02
                          0.1937178652038781E+02
                          0.1944540563246962E+02
                          0.1951923437795377E+02
                          0.1959327315442275E+02
                          0.1966752235983575E+02
                          0.1974198239252856E+02
                          0.1981665365121370E+02
                          0.1989153653498032E+02
                          0.1996663144329426E+02
                          0.2004193877599797E+02
                          0.2011745893331060E+02
                          0.2019319231582797E+02
                          0.2026913932452255E+02
                          0.2034530036074348E+02
                          0.2042167582621651E+02
                          0.2049826612304414E+02
                          0.2057507165370549E+02
                          0.2065209282105634E+02
                          0.2072933002832910E+02
                          0.2080678367913291E+02
                          0.2088445417745355E+02
                          0.2096234192765342E+02
                          0.2104044733447165E+02
                          0.2111877080302399E+02
                          0.2119731273880285E+02
                          0.2127607354767731E+02
                          0.2135505363589314E+02
                          0.2143425341007274E+02
                          0.2151367327721517E+02
                          0.2159331364469618E+02
                          0.2167317492026815E+02
                          0.2175325751206016E+02
                          0.2183356182857792E+02
                          0.2191408827870383E+02
                          0.2199483727169692E+02
                          0.2207580921719292E+02
                          0.2215700452520419E+02
                          0.2223842360611976E+02
                          0.2232006687070533E+02
                          0.2240193473010329E+02
                          0.2248402759583262E+02
                          0.2256634587978905E+02
                          0.2264888999424490E+02
                          0.2273166035184919E+02
                          0.2281465736562761E+02
                          0.2289788144898247E+02
                          0.2298133301569280E+02
                          0.2306501247991424E+02
                          0.2314892025617913E+02
                          0.2323305675939644E+02
                          0.2331742240485185E+02
                          0.2340201760820763E+02
                          0.2348684278550279E+02
                          0.2357189835315297E+02
                          0.2365718472795047E+02
                          0.2374270232706424E+02
                          0.2382845156803990E+02
                          0.2391443286879977E+02
                          0.2400064664764278E+02
                          0.2408709332324454E+02
                          0.2417377331465736E+02
                          0.2426068704131016E+02
                          0.2434783492300852E+02
                          0.2443521737993473E+02
                          0.2452283483264773E+02
                          0.2461068770208309E+02
                          0.2469877640955307E+02
                          0.2478710137674658E+02
                          0.2487566302572921E+02
                          0.2496446177894319E+02
                          0.2505349805920743E+02
                          0.2514277228971751E+02
                          0.2523228489404565E+02
                          0.2532203629614073E+02
                          0.2541202692032832E+02
                          0.2550225719131062E+02
                          0.2559272753416654E+02
                          0.2568343837435159E+02
                          0.2577439013769800E+02
                          0.2586558325041463E+02
                          0.2595701813908700E+02
                          0.2604869523067732E+02
                          0.2614061495252444E+02
                          0.2623277773234388E+02
                          0.2632518399822782E+02
                          0.2641783417864511E+02
                          0.2651072870244126E+02
                          0.2660386799883841E+02
                          0.2669725249743541E+02
                          0.2679088262820778E+02
                          0.2688475882150764E+02
                          0.2697888150806384E+02
                          0.2707325111898185E+02
                          0.2716786808574381E+02
                          0.2726273284020854E+02
                          0.2735784581461148E+02
                          0.2745320744156480E+02
                          0.2754881815405731E+02
                          0.2764467838545441E+02
                          0.2774078856949828E+02
                          0.2783714914030768E+02
                          0.2793376053237804E+02
                          0.2803062318058150E+02
                          0.2812773752016680E+02
                          0.2822510398675940E+02
                          0.2832272301636139E+02
                          0.2842059504535154E+02
                          0.2851872051048526E+02
                          0.2861709984889464E+02
                          0.2871573349808844E+02
                          0.2881462189595204E+02
                          0.2891376548074753E+02
                          0.2901316469111367E+02
                          0.2911281996606584E+02
                          0.2921273174499607E+02
                          0.2931290046767315E+02
                          0.2941332657424239E+02
                          0.2951401050522591E+02
                          0.2961495270152240E+02
                          0.2971615360440721E+02
                          0.2981761365553241E+02
                          0.2991933329692667E+02
                          0.3002131297099536E+02
                          0.3012355312052054E+02
                          0.3022605418866087E+02
                          0.3032881661895172E+02
                          0.3043184085530507E+02
                          0.3053512734200960E+02
                          0.3063867652373068E+02
                          0.3074248884551029E+02
                          0.3084656475276712E+02
                          0.3095090469129644E+02
                          0.3105550910727030E+02
                          0.3116037844723731E+02
                          0.3126551315812281E+02
                          0.3137091368722876E+02
                          0.3147658048223385E+02
                          0.3158251399119332E+02
                          0.3168871466253919E+02
                          0.3179518294508002E+02
                          0.3190191928800114E+02
                          0.3200892414086451E+02
                          0.3211619795360873E+02
                          0.3222374117654912E+02
                          0.3233155426037759E+02
                          0.3243963765616273E+02
                          0.3254799181534981E+02
                          0.3265661718976078E+02
                          0.3276551423159421E+02
                          0.3287468339342538E+02
                          0.3298412512820623E+02
                          0.3309383988926527E+02
                          0.3320382813030778E+02
                          0.3331409030541569E+02
                          0.3342462686904754E+02
                          0.3353543827603855E+02
                          0.3364652498160062E+02
                          0.3375788744132234E+02
                          0.3386952611116891E+02
                          0.3398144144748215E+02
                          0.3409363390698071E+02
                          0.3420610394675973E+02
                          0.3431885202429113E+02
                          0.3443187859742337E+02
                          0.3454518412438172E+02
                          0.3465876906376798E+02
                          0.3477263387456069E+02
                          0.3488677901611506E+02
                          0.3500120494816286E+02
                          0.3511591213081270E+02
                          0.3523090102454969E+02
                          0.3534617209023568E+02
                          0.3546172578910914E+02
                          0.3557756258278528E+02
                          0.3569368293325588E+02
                          0.3581008730288944E+02
                          0.3592677615443110E+02
                          0.3604374995100266E+02
                          0.3616100915610262E+02
                          0.3627855423360609E+02
                          0.3639638564776489E+02
                          0.3651450386320744E+02
                          0.3663290934493894E+02
                          0.3675160255834108E+02
                          0.3687058396917241E+02
                          0.3698985404356798E+02
                          0.3710941324803953E+02
                          0.3722926204947559E+02
                          0.3734940091514117E+02
                          0.3746983031267804E+02
                          0.3759055071010473E+02
                          0.3771156257581619E+02
                          0.3783286637858424E+02
                          0.3795446258755730E+02
                          0.3807635167226042E+02
                          0.3819853410259536E+02
                          0.3832101034884052E+02
                          0.3844378088165090E+02
                          0.3856684617205830E+02
                          0.3869020669147108E+02
                          0.3881386291167430E+02
                          0.3893781530482966E+02
                          0.3906206434347556E+02
                          0.3918661050052700E+02
                          0.3931145424927573E+02
                          0.3943659606339007E+02
                          0.3956203641691506E+02
                          0.3968777578427240E+02
                          0.3981381464026046E+02
                          0.3994015346005425E+02
                          0.4006679271920542E+02
                          0.4019373289364227E+02
                          0.4032097445966991E+02
                          0.4044851789396996E+02
                          0.4057636367360069E+02
                          0.4070451227599715E+02
                          0.4083296417897104E+02
                          0.4096171986071058E+02
                          0.4109077979978077E+02
                          0.4122014447512332E+02
                          0.4134981436605649E+02
                          0.4147978995227520E+02
                          0.4161007171385115E+02
                          0.4174066013123262E+02
                          0.4187155568524452E+02
                          0.4200275885708854E+02
                          0.4213427012834286E+02
                          0.4226608998096254E+02
                          0.4239821889727911E+02
                          0.4253065736000086E+02
                          0.4266340585221269E+02
                          0.4279646485737626E+02
                          0.4292983485932980E+02
                          0.4306351634228819E+02
                          0.4319750979084305E+02
                          0.4333181568996260E+02
                          0.4346643452499177E+02
                          0.4360136678165211E+02
                          0.4373661294604189E+02
                          0.4387217350463597E+02
                          0.4400804894428591E+02
                          0.4414423975221992E+02
                          0.4428074641604294E+02
                          0.4441756942373648E+02
                          0.4455470926365872E+02
                          0.4469216642454452E+02
                          0.4482994139550553E+02
                          0.4496803466602981E+02
                          0.4510644672598229E+02
                          0.4524517806560452E+02
                          0.4538422917551458E+02
                          0.4552360054670737E+02
                          0.4566329267055447E+02
                          0.4580330603880397E+02
                          0.4594364114358073E+02
                          0.4608429847738625E+02
                          0.4622527853309865E+02
                          0.4636658180397281E+02
                          0.4650820878364019E+02
                          0.4665015996610896E+02
                          0.4679243584576390E+02
                          0.4693503691736651E+02
                          0.4707796367605492E+02
                          0.4722121661734391E+02
                          0.4736479623712498E+02
                          0.4750870303166618E+02
                          0.4765293749761238E+02
                          0.4779750013198498E+02
                          0.4794239143218215E+02
                          0.4808761189597858E+02
                          0.4823316202152579E+02
                          0.4837904230735181E+02
                          0.4852525325236145E+02
                          0.4867179535583613E+02
                          0.4881866911743396E+02
                          0.4896587503718962E+02
                          0.4911341361551460E+02
                          0.4926128535319691E+02
                          0.4940949075140135E+02
                          0.4955803031166926E+02
                          0.4970690453591877E+02
                          0.4985611392644456E+02
                          0.5000565898591803E+02
                          0.5015554021738726E+02
                          0.5030575812427694E+02
                          0.5045631321038842E+02
                          0.5060720597989984E+02
                          0.5075843693736579E+02
                          0.5091000658771767E+02
                          0.5106191543626353E+02
                          0.5121416398868808E+02
                          0.5136675275105262E+02
                          0.5151968222979520E+02
                          0.5167295293173048E+02
                          0.5182656536404983E+02
                          0.5198052003432122E+02
                          0.5213481745048936E+02
                          0.5228945812087552E+02
                          0.5244444255417774E+02
                          0.5259977125947069E+02
                          0.5275544474620563E+02
                          0.5291146352421060E+02
                          0.5306782810369020E+02
                          0.5322453899522575E+02
                          0.5338159670977518E+02
                          0.5353900175867323E+02
                          0.5369675465363106E+02
                          0.5385485590673676E+02
                          0.5401330603045484E+02
                          0.5417210553762660E+02
                          0.5433125494147004E+02
                          0.5449075475557972E+02
                          0.5465060549392694E+02
                          0.5481080767085962E+02
                          0.5497136180110235E+02
                          0.5513226839975638E+02
                          0.5529352798229964E+02
                          0.5545514106458673E+02
                          0.5561710816284880E+02
                          0.5577942979369394E+02
                          0.5594210647410659E+02
                          0.5610513872144802E+02
                          0.5626852705345607E+02
                          0.5643227198824540E+02
                          0.5659637404430719E+02
                          0.5676083374050928E+02
                          0.5692565159609628E+02
                          0.5709082813068935E+02
                          0.5725636386428639E+02
                          0.5742225931726196E+02
                          0.5758851501036722E+02
                          0.5775513146473004E+02
                          0.5792210920185491E+02
                          0.5808944874362306E+02
                          0.5825715061229237E+02
                          0.5842521533049727E+02
                          0.5859364342124901E+02
                          0.5876243540793534E+02
                          0.5893159181432084E+02
                          0.5910111316454663E+02
                          0.5927099998313057E+02
                          0.5944125279496713E+02
                          0.5961187212532740E+02
                          0.5978285849985928E+02
                          0.5995421244458722E+02
                          0.6012593448591233E+02
                          0.6029802515061245E+02
                          0.6047048496584200E+02
                          0.6064331445913216E+02
                          0.6081651415839064E+02
                          0.6099008459190197E+02
                          0.6116402628832725E+02
                          0.6133833977670420E+02
                          0.6151302558644735E+02
                          0.6168808424734770E+02
                          0.6186351628957308E+02
                          0.6203932224366795E+02
                          0.6221550264055330E+02
                          0.6239205801152699E+02
                          0.6256898888826333E+02
                          0.6274629580281349E+02
                          0.6292397928760514E+02
                          0.6310203987544270E+02
                          0.6328047809950729E+02
                          0.6345929449335659E+02
                          0.6363848959092499E+02
                          0.6381806392652354E+02
                          0.6399801803483995E+02
                          0.6417835245093869E+02
                          0.6435906771026067E+02
                          0.6454016434862370E+02
                          0.6472164290222204E+02
                          0.6490350390762688E+02
                          0.6508574790178577E+02
                          0.6526837542202313E+02
                          0.6545138700603991E+02
                          0.6563478319191385E+02
                          0.6581856451809932E+02
                          0.6600273152342727E+02
                          0.6618728474710541E+02
                          0.6637222472871802E+02
                          0.6655755200822614E+02
                          0.6674326712596741E+02
                          0.6692937062265617E+02
                          0.6711586303938333E+02
                          0.6730274491761666E+02
                          0.6749001679920040E+02
                          0.6767767922635547E+02
                          0.6786573274167952E+02
                          0.6805417788814692E+02
                          0.6824301520910856E+02
                          0.6843224524829209E+02
                          0.6862186854980175E+02
                          0.6881188565811858E+02
                          0.6900229711810010E+02
                          0.6919310347498057E+02
                          0.6938430527437107E+02
                          0.6957590306225903E+02
                          0.6976789738500881E+02
                          0.6996028878936126E+02
                          0.7015307782243399E+02
                          0.7034626503172122E+02
                          0.7053985096509393E+02
                          0.7073383617079969E+02
                          0.7092822119746269E+02
                          0.7112300659408385E+02
                          0.7131819291004075E+02
                          0.7151378069508750E+02
                          0.7170977049935512E+02
                          0.7190616287335112E+02
                          0.7210295836795972E+02
                          0.7230015753444174E+02
                          0.7249776092443474E+02
                          0.7269576908995296E+02
                          0.7289418258338728E+02
                          0.7309300195750508E+02
                          0.7329222776545069E+02
                          0.7349186056074491E+02
                          0.7369190089728528E+02
                          0.7389234932934603E+02
                          0.7409320641157785E+02
                          0.7429447269900828E+02
                          0.7449614874704156E+02
                          0.7469823511145849E+02
                          0.7490073234841648E+02
                          0.7510364101444978E+02
                          0.7530696166646916E+02
                          0.7551069486176212E+02
                          0.7571484115799281E+02
                          0.7591940111320196E+02
                          0.7612437528580718E+02
                          0.7632976423460238E+02
                          0.7653556851875851E+02
                          0.7674178869782300E+02
                          0.7694842533171993E+02
                          0.7715547898075012E+02
                          0.7736295020559093E+02
                          0.7757083956729655E+02
                          0.7777914762729775E+02
                          0.7798787494740191E+02
                          0.7819702208979311E+02
                          0.7840658961703217E+02
                          0.7861657809205637E+02
                          0.7882698807817997E+02
                          0.7903782013909360E+02
                          0.7924907483886480E+02
                          0.7946075274193737E+02
                          0.7967285441313230E+02
                          0.7988538041764683E+02
                          0.8009833132105510E+02
                          0.8031170768930782E+02
                          0.8052551008873235E+02
                          0.8073973908603267E+02
                          0.8095439524828960E+02
                          0.8116947914296048E+02
                          0.8138499133787927E+02
                          0.8160093240125677E+02
                          0.8181730290168016E+02
                          0.8203410340811364E+02
                          0.8225133448989786E+02
                          0.8246899671675018E+02
                          0.8268709065876450E+02
                          0.8290561688641155E+02
                          0.8312457597053866E+02
                          0.8334396848236992E+02
                          0.8356379499350577E+02
                          0.8378405607592376E+02
                          0.8400475230197775E+02
                          0.8422588424439840E+02
                          0.8444745247629301E+02
                          0.8466945757114557E+02
                          0.8489190010281675E+02
                          0.8511478064554383E+02
                          0.8533809977394070E+02
                          0.8556185806299806E+02
                          0.8578605608808313E+02
                          0.8601069442493996E+02
                          0.8623577364968907E+02
                          0.8646129433882777E+02
                          0.8668725706922994E+02
                          0.8691366241814634E+02
                          0.8714051096320406E+02
                          0.8736780328240697E+02
                          0.8759553995413586E+02
                          0.8782372155714789E+02
                          0.8805234867057693E+02
                          0.8828142187393360E+02
                          0.8851094174710511E+02
                          0.8874090887035543E+02
                          0.8897132382432505E+02
                          0.8920218719003113E+02
                          0.8943349954886773E+02
                          0.8966526148260529E+02
                          0.8989747357339101E+02
                          0.9013013640374882E+02
                          0.9036325055657925E+02
                          0.9059681661515951E+02
                          0.9083083516314338E+02
                          0.9106530678456149E+02
                          0.9130023206382104E+02
                          0.9153561158570567E+02
                          0.9177144593537619E+02
                          0.9200773569836960E+02
                          0.9224448146059981E+02
                          0.9248168380835720E+02
                          0.9271934332830905E+02
                          0.9295746060749923E+02
                          0.9319603623334811E+02
                          0.9343507079365298E+02
                          0.9367456487658744E+02
                          0.9391451907070217E+02
                          0.9415493396492424E+02
                          0.9439581014855750E+02
                          0.9463714821128231E+02
                          0.9487894874315582E+02
                          0.9512121233461194E+02
                          0.9536393957646102E+02
                          0.9560713105989015E+02
                          0.9585078737646323E+02
                          0.9609490911812065E+02
                          0.9633949687717949E+02
                          0.9658455124633355E+02
                          0.9683007281865315E+02
                          0.9707606218758551E+02
                          0.9732251994695433E+02
                          0.9756944669096005E+02
                          0.9781684301417978E+02
                          0.9806470951156724E+02
                          0.9831304677845274E+02
                          0.9856185541054350E+02
                          0.9881113600392318E+02
                          0.9906088915505225E+02
                          0.9931111546076755E+02
                          0.9956181551828304E+02
                          0.9981298992518893E+02
                          0.1000646392794525E+03
                          0.1003167641794172E+03
                          0.1005693652238035E+03
                          0.1008224430117084E+03
                          0.1010759981426057E+03
                          0.1013300312163456E+03
                          0.1015845428331553E+03
                          0.1018395335936383E+03
                          0.1020950040987752E+03
                          0.1023509549499227E+03
                          0.1026073867488146E+03
                          0.1028643000975614E+03
                          0.1031216955986499E+03
                          0.1033795738549437E+03
                          0.1036379354696833E+03
                          0.1038967810464857E+03
                          0.1041561111893443E+03
                          0.1044159265026297E+03
                          0.1046762275910888E+03
                          0.1049370150598451E+03
                          0.1051982895143989E+03
                          0.1054600515606274E+03
                          0.1057223018047840E+03
                          0.1059850408534991E+03
                          0.1062482693137795E+03
                          0.1065119877930090E+03
                          0.1067761968989477E+03
                          0.1070408972397328E+03
                          0.1073060894238775E+03
                          0.1075717740602725E+03
                          0.1078379517581843E+03
                          0.1081046231272568E+03
                          0.1083717887775102E+03
                          0.1086394493193414E+03
                          0.1089076053635238E+03
                          0.1091762575212079E+03
                          0.1094454064039204E+03
                          0.1097150526235650E+03
                          0.1099851967924219E+03
                          0.1102558395231478E+03
                          0.1105269814287765E+03
                          0.1107986231227182E+03
                          0.1110707652187597E+03
                          0.1113434083310643E+03
                          0.1116165530741727E+03
                          0.1118902000630013E+03
                          0.1121643499128440E+03
                          0.1124390032393708E+03
                          0.1127141606586286E+03
                          0.1129898227870409E+03
                          0.1132659902414078E+03
                          0.1135426636389062E+03
                          0.1138198435970897E+03
                          0.1140975307338883E+03
                          0.1143757256676090E+03
                          0.1146544290169352E+03
                          0.1149336414009270E+03
                          0.1152133634390213E+03
                          0.1154935957510315E+03
                          0.1157743389571479E+03
                          0.1160555936779372E+03
                          0.1163373605343427E+03
                          0.1166196401476849E+03
                          0.1169024331396604E+03
                          0.1171857401323425E+03
                          0.1174695617481815E+03
                          0.1177538986100042E+03
                          0.1180387513410140E+03
                          0.1183241205647911E+03
                          0.1186100069052920E+03
                          0.1188964109868504E+03
                          0.1191833334341762E+03
                          0.1194707748723563E+03
                          0.1197587359268540E+03
                          0.1200472172235096E+03
                          0.1203362193885396E+03
                          0.1206257430485376E+03
                          0.1209157888304735E+03
                          0.1212063573616941E+03
                          0.1214974492699228E+03
                          0.1217890651832597E+03
                          0.1220812057301815E+03
                          0.1223738715395416E+03
                          0.1226670632405698E+03
                          0.1229607814628733E+03
                          0.1232550268364351E+03
                          0.1235497999916154E+03
                          0.1238451015591506E+03
                          0.1241409321701545E+03
                          0.1244372924561168E+03
                          0.1247341830489043E+03
                          0.1250316045807604E+03
                          0.1253295576843051E+03
                          0.1256280429925350E+03
                          0.1259270611388233E+03
                          0.1262266127569203E+03
                          0.1265266984809525E+03
                          0.1268273189454232E+03
                          0.1271284747852125E+03
                          0.1274301666355770E+03
                          0.1277323951321499E+03
                          0.1280351609109414E+03
                          0.1283384646083379E+03
                          0.1286423068611029E+03
                          0.1289466883063762E+03
                          0.1292516095816746E+03
                          0.1295570713248910E+03
                          0.1298630741742958E+03
                          0.1301696187685355E+03
                          0.1304767057466332E+03
                          0.1307843357479890E+03
                          0.1310925094123796E+03
                          0.1314012273799578E+03
                          0.1317104902912541E+03
                          0.1320202987871749E+03
                          0.1323306535090033E+03
                          0.1326415550983992E+03
                          0.1329530041973994E+03
                          0.1332650014484170E+03
                          0.1335775474942419E+03
                          0.1338906429780406E+03
                          0.1342042885433566E+03
                          0.1345184848341095E+03
                          0.1348332324945959E+03
                          0.1351485321694892E+03
                          0.1354643845038391E+03
                          0.1357807901430721E+03
                          0.1360977497329916E+03
                          0.1364152639197775E+03
                          0.1367333333499861E+03
                          0.1370519586705506E+03
                          0.1373711405287810E+03
                          0.1376908795723637E+03
                          0.1380111764493620E+03
                          0.1383320318082157E+03
                          0.1386534462977412E+03
                          0.1389754205671318E+03
                          0.1392979552659573E+03
                          0.1396210510441641E+03
                          0.1399447085520756E+03
                          0.1402689284403914E+03
                          0.1405937113601880E+03
                          0.1409190579629184E+03
                          0.1412449689004127E+03
                          0.1415714448248774E+03
                          0.1418984863888953E+03
                          0.1422260942454265E+03
                          0.1425542690478073E+03
                          0.1428830114497509E+03
                          0.1432123221053469E+03
                          0.1435422016690620E+03
                          0.1438726507957391E+03
                          0.1442036701405982E+03
                          0.1445352603592355E+03
                          0.1448674221076242E+03
                          0.1452001560421140E+03
                          0.1455334628194315E+03
                          0.1458673430966795E+03
                          0.1462017975313380E+03
                          0.1465368267812633E+03
                          0.1468724315046884E+03
                          0.1472086123602232E+03
                          0.1475453700068541E+03
                          0.1478827051039440E+03
                          0.1482206183112326E+03
                          0.1485591102888364E+03
                          0.1488981816972485E+03
                          0.1492378331973385E+03
                          0.1495780654503528E+03
                          0.1499188791179145E+03
                          0.1502602748620232E+03
                          0.1506022533450552E+03
                          0.1509448152297639E+03
                          0.1512879611792786E+03
                          0.1516316918571058E+03
                          0.1519760079271284E+03
                          0.1523209100536061E+03
                          0.1526663989011754E+03
                          0.1530124751348492E+03
                          0.1533591394200170E+03
                          0.1537063924224454E+03
                          0.1540542348082773E+03
                          0.1544026672440323E+03
                          0.1547516903966066E+03
                          0.1551013049332735E+03
                          0.1554515115216824E+03
                          0.1558023108298595E+03
                          0.1561537035262080E+03
                          0.1565056902795075E+03
                          0.1568582717589143E+03
                          0.1572114486339612E+03
                          0.1575652215745577E+03
                          0.1579195912509905E+03
                          0.1582745583339222E+03
                          0.1586301234943925E+03
                          0.1589862874038177E+03
                          0.1593430507339906E+03
                          0.1597004141570812E+03
                          0.1600583783456352E+03
                          0.1604169439725759E+03
                          0.1607761117112026E+03
                          0.1611358822351919E+03
                          0.1614962562185962E+03
                          0.1618572343358455E+03
                          0.1622188172617459E+03
                          0.1625810056714802E+03
                          0.1629438002406082E+03
                          0.1633072016450658E+03
                          0.1636712105611662E+03
                          0.1640358276655985E+03
                          0.1644010536354294E+03
                          0.1647668891481014E+03
                          0.1651333348814342E+03
                          0.1655003915136240E+03
                          0.1658680597232437E+03
                          0.1662363401892427E+03
                          0.1666052335909472E+03
                          0.1669747406080600E+03
                          0.1673448619206607E+03
                          0.1677155982092056E+03
                          0.1680869501545271E+03
                          0.1684589184378352E+03
                          0.1688315037407158E+03
                          0.1692047067451316E+03
                          0.1695785281334223E+03
                          0.1699529685883040E+03
                          0.1703280287928696E+03
                          0.1707037094305882E+03
                          0.1710800111853064E+03
                          0.1714569347412468E+03
                          0.1718344807830087E+03
                          0.1722126499955685E+03
                          0.1725914430642786E+03
                          0.1729708606748689E+03
                          0.1733509035134452E+03
                          0.1737315722664904E+03
                          0.1741128676208640E+03
                          0.1744947902638020E+03
                          0.1748773408829170E+03
                          0.1752605201661987E+03
                          0.1756443288020132E+03
                          0.1760287674791029E+03
                          0.1764138368865875E+03
                          0.1767995377139631E+03
                          0.1771858706511023E+03
                          0.1775728363882545E+03
                          0.1779604356160457E+03
                          0.1783486690254790E+03
                          0.1787375373079335E+03
                          0.1791270411551650E+03
                          0.1795171812593065E+03
                          0.1799079583128675E+03
                          0.1802993730087339E+03
                          0.1806914260401682E+03
                          0.1810841181008102E+03
                          0.1814774498846755E+03
                          0.1818714220861570E+03
                          0.1822660354000240E+03
                          0.1826612905214225E+03
                          0.1830571881458752E+03
                          0.1834537289692815E+03
                          0.1838509136879174E+03
                          0.1842487429984354E+03
                          0.1846472175978651E+03
                          0.1850463381836121E+03
                          0.1854461054534594E+03
                          0.1858465201055661E+03
                          0.1862475828384684E+03
                          0.1866492943510788E+03
                          0.1870516553426864E+03
                          0.1874546665129576E+03
                          0.1878583285619346E+03
                          0.1882626421900371E+03
                          0.1886676080980608E+03
                          0.1890732269871783E+03
                          0.1894794995589388E+03
                          0.1898864265152687E+03
                          0.1902940085584701E+03
                          0.1907022463912224E+03
                          0.1911111407165816E+03
                          0.1915206922379805E+03
                          0.1919309016592280E+03
                          0.1923417696845101E+03
                          0.1927532970183893E+03
                          0.1931654843658052E+03
                          0.1935783324320734E+03
                          0.1939918419228865E+03
                          0.1944060135443138E+03
                          0.1948208480028011E+03
                          0.1952363460051712E+03
                          0.1956525082586229E+03
                          0.1960693354707325E+03
                          0.1964868283494523E+03
                          0.1969049876031117E+03
                          0.1973238139404162E+03
                          0.1977433080704488E+03
                          0.1981634707026684E+03
                          0.1985843025469110E+03
                          0.1990058043133888E+03
                          0.1994279767126914E+03
                          0.1998508204557844E+03
                          0.2002743362540106E+03
                          0.2006985248190887E+03
                          0.2011233868631149E+03
                          0.2015489230985617E+03
                          0.2019751342382778E+03
                          0.2024020209954897E+03
                          0.2028295840837993E+03
                          0.2032578242171863E+03
                          0.2036867421100059E+03
                          0.2041163384769910E+03
                          0.2045466140332507E+03
                          0.2049775694942707E+03
                          0.2054092055759132E+03
                          0.2058415229944177E+03
                          0.2062745224664001E+03
                          0.2067082047088524E+03
                          0.2071425704391441E+03
                          0.2075776203750207E+03
                          0.2080133552346049E+03
                          0.2084497757363953E+03
                          0.2088868825992683E+03
                          0.2093246765424758E+03
                          0.2097631582856474E+03
                          0.2102023285487884E+03
                          0.2106421880522815E+03
                          0.2110827375168856E+03
                          0.2115239776637363E+03
                          0.2119659092143464E+03
                          0.2124085328906047E+03
                          0.2128518494147770E+03
                          0.2132958595095055E+03
                          0.2137405638978096E+03
                          0.2141859633030849E+03
                          0.2146320584491036E+03
                          0.2150788500600146E+03
                          0.2155263388603442E+03
                          0.2159745255749944E+03
                          0.2164234109292440E+03
                          0.2168729956487491E+03
                          0.2173232804595418E+03
                          0.2177742660880312E+03
                          0.2182259532610030E+03
                          0.2186783427056195E+03
                          0.2191314351494196E+03
                          0.2195852313203193E+03
                          0.2200397319466107E+03
                          0.2204949377569627E+03
                          0.2209508494804209E+03
                          0.2214074678464080E+03
                          0.2218647935847227E+03
                          0.2223228274255407E+03
                          0.2227815700994142E+03
                          0.2232410223372723E+03
                          0.2237011848704207E+03
                          0.2241620584305416E+03
                          0.2246236437496936E+03
                          0.2250859415603132E+03
                          0.2255489525952116E+03
                          0.2260126775875786E+03
                          0.2264771172709794E+03
                          0.2269422723793562E+03
                          0.2274081436470283E+03
                          0.2278747318086910E+03
                          0.2283420375994164E+03
                          0.2288100617546539E+03
                          0.2292788050102288E+03
                          0.2297482681023433E+03
                          0.2302184517675765E+03
                          0.2306893567428838E+03
                          0.2311609837655975E+03
                          0.2316333335734265E+03
                          0.2321064069044562E+03
                          0.2325802044971491E+03
                          0.2330547270903438E+03
                          0.2335299754232560E+03
                          0.2340059502354781E+03
                          0.2344826522669787E+03
                          0.2349600822581031E+03
                          0.2354382409495741E+03
                          0.2359171290824902E+03
                          0.2363967473983270E+03
                          0.2368770966389366E+03
                          0.2373581775465478E+03
                          0.2378399908637663E+03
                          0.2383225373335743E+03
                          0.2388058176993303E+03
                          0.2392898327047701E+03
                          0.2397745830940060E+03
                          0.2402600696115264E+03
                          0.2407462930021969E+03
                          0.2412332540112599E+03
                          0.2417209533843339E+03
                          0.2422093918674146E+03
                          0.2426985702068743E+03
                          0.2431884891494611E+03
                          0.2436791494423011E+03
                          0.2441705518328963E+03
                          0.2446626970691255E+03
                          0.2451555858992440E+03
                          0.2456492190718839E+03
                          0.2461435973360541E+03
                          0.2466387214411401E+03
                          0.2471345921369038E+03
                          0.2476312101734841E+03
                          0.2481285763013965E+03
                          0.2486266912715327E+03
                          0.2491255558351619E+03
                          0.2496251707439293E+03
                          0.2501255367498571E+03
                          0.2506266546053439E+03
