 Adiabat temperature at each level [K]
    423.2868
    416.9468
    410.9499
    405.4734
    400.4656
    395.8733
    391.6437
    387.7256
    384.0707
    380.6343
    377.3760
    374.2597
    371.2539
    368.3309
    365.4672
    362.6424
    359.8391
    357.0424
    354.2393
    351.4187
    348.5706
    345.6863
    342.7575
    339.7767
    336.7366
    333.6297
    330.4488
    327.1860
    323.8330
    320.3806
    316.8185
    313.1351
    309.3167
    305.3472
    301.2075
    296.8738
    292.3165
    287.4977
    282.3674
    276.8569
    271.1324
    265.0761
    258.1478
    249.7716
    238.6400
    221.0237
    193.0158
    163.0649
    149.9973
    149.9973
    149.9973
