 Temperature at each level [K]
    423.2868
    417.1188
    410.9672
    405.5074
    400.5145
    395.9327
    391.7099
    387.7954
    384.1413
    380.7034
    377.4417
    374.3215
    371.3114
    368.3831
    365.5137
    362.6836
    359.8753
    357.0736
    354.2653
    351.4387
    348.5839
    345.6935
    342.7610
    339.7780
    336.7366
    333.6297
    330.4488
    327.1860
    323.8330
    320.3806
    316.8185
    313.1351
    309.3167
    305.3472
    301.2075
    296.8738
    292.3165
    287.4977
    282.3674
    276.8569
    271.1324
    265.0761
    258.1478
    249.7716
    238.6400
    221.0237
    198.3993
    182.6516
    179.9259
    166.0992
    149.9973
