 Surface temperature vs. time [K]
    269.9068
    279.9068
    286.9663
    293.7686
    300.3695
    306.7386
    312.8593
    318.7343
    324.3690
    329.7118
    334.7504
    339.4641
    343.8283
    347.8296
    351.4549
    354.7016
    357.5677
    360.0697
    362.2265
    364.0605
    365.6033
    366.8909
    367.9541
    368.8243
    369.5296
    370.1011
    370.5575
    370.9224
    371.2789
    371.6237
    371.9570
    372.2796
    372.5921
    372.8951
    373.1892
    373.4750
    373.7527
    374.0230
    374.2862
    374.5426
    374.7926
    375.0365
    375.2746
    375.5071
    375.7344
    375.9566
    376.1740
    376.3868
    376.5951
    376.7992
    376.9992
    377.1953
    377.3876
    377.5763
    377.7614
    377.9433
    378.1218
    378.2973
    378.4697
    378.6392
    378.8058
    378.9698
    379.1311
    379.2898
    379.4461
    379.5999
    379.7514
    379.9007
    380.0477
    380.1927
    380.3355
    380.4764
    380.6152
    380.7522
    380.8874
    381.0207
    381.1523
    381.2821
    381.4104
    381.5369
    381.6619
    381.7854
    381.9073
    382.0278
    382.1469
    382.2645
    382.3808
    382.4957
    382.6094
    382.7217
    382.8328
    382.9427
    383.0514
    383.1590
    383.2653
    383.3706
    383.4748
    383.5779
    383.6799
    383.7809
    383.8809
    383.9809
    384.0809
    384.1809
    384.2809
    384.3809
    384.4809
    384.5809
    384.6809
    384.7809
    384.8809
    384.9809
    385.0809
    385.1809
    385.2809
    385.3809
    385.4809
    385.5809
    385.6809
    385.7809
    385.8809
    385.9809
    386.0809
    386.1809
    386.2809
    386.3809
    386.4809
    386.5809
    386.6809
    386.7809
    386.8809
    386.9809
    387.0809
    387.1809
    387.2809
    387.3809
    387.4809
    387.5809
    387.6809
    387.7809
    387.8809
    387.9809
    388.0809
    388.1809
    388.2809
    388.3809
    388.4809
    388.5809
    388.6809
    388.7809
    388.8809
    388.9809
    389.0809
    389.1809
    389.2809
    389.3809
    389.4809
    389.5809
    389.6809
    389.7809
    389.8809
    389.9809
    390.0809
    390.1809
    390.2809
    390.3809
    390.4809
    390.5809
    390.6809
    390.7809
    390.8809
    390.9809
    391.0809
    391.1809
    391.2809
    391.3809
    391.4809
    391.5809
    391.6809
    391.7809
    391.8809
    391.9809
    392.0809
    392.1809
    392.2809
    392.3809
    392.4809
    392.5809
    392.6809
    392.7809
    392.8809
    392.9809
    393.0809
    393.1809
    393.2809
    393.3809
    393.4809
    393.5809
    393.6809
    393.7809
    393.8809
    393.9809
    394.0809
    394.1809
    394.2809
    394.3809
    394.4809
    394.5809
    394.6809
    394.7809
    394.8809
    394.9809
    395.0809
    395.1809
    395.2809
    395.3809
    395.4809
    395.5809
    395.6809
    395.7809
    395.8809
    395.9809
    396.0809
    396.1809
    396.2809
    396.3809
    396.4809
    396.5809
    396.6809
    396.7809
    396.8809
    396.9809
    397.0809
    397.1795
    397.2774
    397.3764
    397.4752
    397.5746
    397.6732
    397.7716
    397.8700
    397.9691
    398.0680
    398.1666
    398.2650
    398.3632
    398.4625
    398.5618
    398.6605
    398.7594
    398.8582
    398.9570
    399.0563
    399.1550
    399.2538
    399.3529
    399.4517
    399.5504
    399.6494
    399.7484
    399.8475
    399.9465
    400.0453
    400.1442
    400.2428
    400.3419
    400.4405
    400.5391
    400.6380
    400.7370
    400.8362
    400.9350
    401.0343
    401.1335
    401.2325
    401.3311
    401.4300
    401.5291
    401.6281
    401.7269
    401.8257
    401.9246
    402.0236
    402.1226
    402.2214
    402.3204
    402.4190
    402.5180
    402.6169
    402.7156
    402.8145
    402.9135
    403.0123
    403.1117
    403.2110
    403.3100
    403.4086
    403.5080
    403.6070
    403.7060
    403.8050
    403.9040
    404.0032
    404.1023
    404.2011
    404.3001
    404.3990
    404.4981
    404.5969
    404.6959
    404.7949
    404.8939
    404.9927
    405.0917
    405.1904
    405.2892
    405.3880
    405.4873
    405.5866
    405.6859
    405.7847
    405.8842
    405.9831
    406.0822
    406.1815
    406.2807
    406.3797
    406.4788
    406.5783
    406.6773
    406.7763
    406.8756
    406.9747
    407.0736
    407.1728
    407.2720
    407.3710
    407.4705
    407.5692
    407.6678
    407.7670
    407.8665
    407.9653
    408.0647
    408.1640
    408.2632
    408.3622
    408.4615
    408.5609
    408.6603
    408.7593
    408.8588
    408.9582
    409.0575
    409.1565
    409.2562
    409.3553
    409.4545
    409.5537
    409.6532
    409.7525
    409.8518
    409.9514
    410.0508
    410.1496
    410.2487
    410.3479
    410.4471
    410.5463
    410.6459
    410.7454
    410.8447
    410.9441
    411.0436
    411.1431
    411.2423
    411.3415
    411.4409
    411.5404
    411.6404
    411.7397
    411.8390
    411.9385
    412.0381
    412.1379
    412.2373
    412.3369
    412.4366
    412.5362
    412.6355
    412.7351
    412.8341
    412.9335
    413.0331
    413.1325
    413.2319
    413.3314
    413.4310
    413.5307
    413.6301
    413.7297
    413.8293
    413.9289
    414.0283
    414.1281
    414.2278
    414.3270
    414.4266
    414.5261
    414.6261
    414.7260
    414.8257
    414.9254
    415.0254
    415.1254
    415.2248
    415.3246
    415.4246
    415.5244
    415.6240
    415.7236
    415.8229
    415.9228
    416.0225
    416.1220
    416.2215
    416.3210
    416.4210
    416.5210
    416.6206
    416.7206
    416.8203
    416.9200
    417.0198
    417.1196
    417.2193
    417.3192
    417.4188
    417.5184
    417.6184
    417.7180
    417.8178
    417.9176
    418.0175
    418.1175
    418.2175
    418.3175
    418.4175
    418.5175
    418.6175
    418.7175
    418.8175
    418.9175
    419.0175
    419.1174
    419.2174
    419.3170
    419.4168
    419.5168
    419.6166
    419.7166
    419.8166
    419.9166
    420.0166
    420.1166
    420.2166
    420.3165
    420.4165
    420.5164
    420.6164
    420.7163
    420.8161
    420.9158
    421.0158
    421.1157
    421.2155
    421.3154
    421.4149
    421.5148
    421.6148
    421.7145
    421.8143
    421.9143
    422.0143
    422.1143
    422.2143
    422.3143
    422.4143
    422.5143
    422.6143
    422.7143
    422.8143
    422.9143
    423.0143
    423.1143
    423.2143
    423.3143
    423.4143
    423.5143
    423.6143
