 Shortwave heating rate [K/s]
  0.2426E-03
  0.2473E-03
  0.3282E-03
  0.2619E-03
  0.2204E-03
  0.1592E-03
  0.1230E-03
  0.1153E-03
  0.1132E-03
  0.1165E-03
  0.1211E-03
  0.1262E-03
  0.1318E-03
  0.1383E-03
  0.1463E-03
  0.1558E-03
  0.1664E-03
  0.1784E-03
  0.1920E-03
  0.2076E-03
  0.2255E-03
  0.2459E-03
  0.2689E-03
  0.2946E-03
  0.3233E-03
  0.3550E-03
  0.3897E-03
  0.4270E-03
  0.4663E-03
  0.5073E-03
  0.5504E-03
  0.5981E-03
  0.6545E-03
  0.7212E-03
  0.7963E-03
  0.8790E-03
  0.9781E-03
  0.1123E-02
  0.1391E-02
  0.1903E-02
  0.2602E-02
  0.3175E-02
  0.3351E-02
  0.3544E-02
  0.6785E-02
  0.1190E-01
  0.1360E-01
  0.2235E-01
  0.2816E-01
  0.1917E-01
