 Rayleigh Transmission
                          0.9999999999999241E+00
                          0.9999999999882935E+00
                          0.9999999999869488E+00
                          0.9999999998747335E+00
                          0.9999999996274447E+00
                          0.9999999998135479E+00
                          0.9999999989186039E+00
                          0.9999999995775338E+00
                          0.9999999999276117E+00
                          0.9999999992930182E+00
                          0.9999999999858838E+00
                          0.9999999849758802E+00
                          0.9999999527305728E+00
                          0.9999999999983434E+00
                          0.9999999999994135E+00
                          0.9999999999866276E+00
                          0.9999999999999559E+00
                          0.9999999999935920E+00
                          0.9999999999999770E+00
                          0.9999999999998023E+00
                          0.9999999999999261E+00
                          0.9999999999995590E+00
                          0.9999999999978234E+00
                          0.9999999999360896E+00
                          0.9999999963181727E+00
                          0.9999999899332771E+00
                          0.9999992495295470E+00
                          0.9999954672665958E+00
                          0.9999999689615877E+00
                          0.9999999954913764E+00
                          0.9999999912861814E+00
                          0.9999999999996793E+00
                          0.9999999999978872E+00
                          0.9999999999998445E+00
                          0.9999999999978098E+00
                          0.9999999999998256E+00
                          0.9999999999998037E+00
                          0.9999999999997735E+00
                          0.9999999999988290E+00
                          0.9999999999995026E+00
                          0.9999999999997037E+00
                          0.9999999999996644E+00
                          0.9999999999991797E+00
                          0.9999999999988418E+00
                          0.9999999999995663E+00
                          0.9999999999995294E+00
                          0.9999999999992512E+00
                          0.9999999999994398E+00
                          0.9999999999993894E+00
                          0.9999999999988192E+00
                          0.9999999999707543E+00
                          0.9999999999806124E+00
                          0.9999999197536362E+00
                          0.9999999999975627E+00
                          0.9999999999825510E+00
                          0.9999999998065023E+00
                          0.9999999999975406E+00
                          0.9999999999985684E+00
                          0.9999999999978296E+00
                          0.9999999999954412E+00
                          0.9999999999946284E+00
                          0.9999999999951314E+00
                          0.9999999999891712E+00
                          0.9999999998604040E+00
                          0.9999999999967801E+00
                          0.9999999999895960E+00
                          0.9999999998935650E+00
                          0.9999999999920566E+00
                          0.9999999999804468E+00
                          0.9999999999937536E+00
                          0.9999999999942046E+00
                          0.9999999999958474E+00
                          0.9999999999962639E+00
                          0.9999999998847908E+00
                          0.9999999999954772E+00
                          0.9999999807067314E+00
                          0.9999441893109697E+00
                          0.9999999999062156E+00
                          0.9999999999850402E+00
                          0.9999999999944881E+00
                          0.9999999999934654E+00
                          0.9999999953946896E+00
                          0.9999999953590420E+00
                          0.9999986195893306E+00
                          0.9999975668178709E+00
                          0.9999999999904540E+00
                          0.9999999999936716E+00
                          0.9999999999934295E+00
                          0.9999999999930503E+00
                          0.9999999999395126E+00
                          0.9999999769342964E+00
                          0.9996805842529520E+00
                          0.9945154651444246E+00
                          0.9999711578977556E+00
                          0.9999411290448512E+00
                          0.9999990867548655E+00
                          0.9999999999052289E+00
                          0.9999999999898177E+00
                          0.9999999999893554E+00
                          0.9999999999610772E+00
                          0.9999999998537374E+00
                          0.9999999999857143E+00
                          0.9999999999865002E+00
                          0.9999999085065551E+00
                          0.9999999999310617E+00
                          0.9999999998987397E+00
                          0.9999999999840148E+00
                          0.9999999999847212E+00
                          0.9999999999842509E+00
                          0.9999999999836091E+00
                          0.9999999999807369E+00
                          0.9999999999812147E+00
                          0.9999999999819440E+00
                          0.9999999999813050E+00
                          0.9999999999806298E+00
                          0.9999999999799704E+00
                          0.9999999999792590E+00
                          0.9999999999785414E+00
                          0.9999999999771462E+00
                          0.9999999999576908E+00
                          0.9999999959329181E+00
                          0.9999999999749085E+00
                          0.9999999999742860E+00
                          0.9999999851533287E+00
                          0.9999999999655897E+00
                          0.9999999977925472E+00
                          0.9999999999706735E+00
                          0.9999999999692287E+00
                          0.9999999999675903E+00
                          0.9999999999657208E+00
                          0.9999999999672494E+00
                          0.9999999999660382E+00
                          0.9999999999639301E+00
                          0.9999999761671127E+00
                          0.9999999971154681E+00
                          0.9999999999614001E+00
                          0.9999999998272253E+00
                          0.9999999993698100E+00
                          0.9999999999555522E+00
                          0.9999999999287715E+00
                          0.9999999989747786E+00
                          0.9999999949391436E+00
                          0.9999911937067892E+00
                          0.9999999801536987E+00
                          0.9999994565770273E+00
                          0.9999990217555952E+00
                          0.9999999935328081E+00
                          0.9999375298228421E+00
                          0.9999994454597241E+00
                          0.9999969535160765E+00
                          0.9999999988398673E+00
                          0.9999999999238329E+00
                          0.9999999998467705E+00
                          0.9999999999225567E+00
                          0.9999999762373014E+00
                          0.9999999999320418E+00
                          0.9999999999306718E+00
                          0.9999999999299973E+00
                          0.9999999999227972E+00
                          0.9999999999246465E+00
                          0.9999999884194257E+00
                          0.9999999999053838E+00
                          0.9999999999211537E+00
                          0.9999999999191916E+00
                          0.9999999999169481E+00
                          0.9999999999151484E+00
                          0.9999996861099547E+00
                          0.9999999999109270E+00
                          0.9999999999082949E+00
                          0.9999999999066269E+00
                          0.9999999999043978E+00
                          0.9999999999021290E+00
                          0.9999999998998200E+00
                          0.9999999998974664E+00
                          0.9999999998873843E+00
                          0.9999999998819366E+00
                          0.9999999998901659E+00
                          0.9999967626405385E+00
                          0.9999999998849506E+00
                          0.9999999998220577E+00
                          0.9999999998751141E+00
                          0.9999999998769427E+00
                          0.9999999998741250E+00
                          0.9999999930599338E+00
                          0.9999999998675657E+00
                          0.9999999997922967E+00
                          0.9999227140693483E+00
                          0.9999999998240185E+00
                          0.9999999998566277E+00
                          0.9999999998228709E+00
                          0.9999999997744961E+00
                          0.9999999996437630E+00
                          0.9999999997741145E+00
                          0.9999999930482814E+00
                          0.9999999994477207E+00
                          0.9999999865239754E+00
                          0.9999999967012937E+00
                          0.9999759637860187E+00
                          0.9999999840750293E+00
                          0.9999999886637839E+00
                          0.9999999552895171E+00
                          0.9999999997996299E+00
                          0.9999999997844871E+00
                          0.9999999990531191E+00
                          0.9999993733311461E+00
                          0.9999999993193796E+00
                          0.9999999997935834E+00
                          0.9999999997892315E+00
                          0.9999999997426564E+00
                          0.9999999997795407E+00
                          0.9999999997742323E+00
                          0.9999999997720416E+00
                          0.9999999997358018E+00
                          0.9999999997104948E+00
                          0.9999999997573374E+00
                          0.9999999997536978E+00
                          0.9999999949290164E+00
                          0.9999999996708532E+00
                          0.9999999997414208E+00
                          0.9999999997366764E+00
                          0.9999999997318176E+00
                          0.9999999997183426E+00
                          0.9999999997219091E+00
                          0.9999999997169935E+00
                          0.9999999997118730E+00
                          0.9999999997066997E+00
                          0.9999999996511993E+00
                          0.9999999996934162E+00
                          0.9999999996907496E+00
                          0.9999999996852883E+00
                          0.9999999996797596E+00
                          0.9999999996738679E+00
                          0.9999999996684498E+00
                          0.9999999996607274E+00
                          0.9999999996567325E+00
                          0.9999999986939831E+00
                          0.9999999996449597E+00
                          0.9999999996387320E+00
                          0.9999999955645147E+00
                          0.9999999994206193E+00
                          0.9999999996199846E+00
                          0.9999999803137366E+00
                          0.9999999996050121E+00
                          0.9999999995735471E+00
                          0.9999999995919129E+00
                          0.9999999995854429E+00
                          0.9999999995529789E+00
                          0.9999999911168613E+00
                          0.9999999995343453E+00
                          0.9999999994590453E+00
                          0.9999999995108708E+00
                          0.9999999995400937E+00
                          0.9999999991215072E+00
                          0.9999999306404804E+00
                          0.9999999993162021E+00
                          0.9999999995146848E+00
                          0.9999999995083688E+00
                          0.9999999995008003E+00
                          0.9999999994846073E+00
                          0.9999999994792460E+00
                          0.9999999994261625E+00
                          0.9999999994628557E+00
                          0.9999999994594072E+00
                          0.9999999994524490E+00
                          0.9999999994437171E+00
                          0.9999999994356760E+00
                          0.9999999993611242E+00
                          0.9999999993317120E+00
                          0.9999999987065311E+00
                          0.9999999994004497E+00
                          0.9999999993515596E+00
                          0.9999999993403437E+00
                          0.9999999993676908E+00
                          0.9999999993641341E+00
                          0.9999999983838096E+00
                          0.9999999947912002E+00
                          0.9999999993005894E+00
                          0.9999999992184264E+00
                          0.9999999989375096E+00
                          0.9999999985003518E+00
                          0.9999999992901533E+00
                          0.9999999992732937E+00
                          0.9999999992590223E+00
                          0.9999999992654900E+00
                          0.9999999992546945E+00
                          0.9999999992433976E+00
                          0.9999999992342156E+00
                          0.9999999933349720E+00
                          0.9999999992105212E+00
                          0.9999999992009293E+00
                          0.9999999991862899E+00
                          0.9999999991789261E+00
                          0.9999999956292768E+00
                          0.9999999991548800E+00
                          0.9999999991129447E+00
                          0.9999999991332011E+00
                          0.9999999990644419E+00
                          0.9999999991096425E+00
                          0.9999999990959169E+00
                          0.9999999990820121E+00
                          0.9999999990727665E+00
                          0.9999999990607674E+00
                          0.9999999990482222E+00
                          0.9999999990318765E+00
                          0.9999999990153813E+00
                          0.9999999990092860E+00
                          0.9999999989863637E+00
                          0.9999999989836490E+00
                          0.9999999989702429E+00
                          0.9999999988453501E+00
                          0.9999999989413725E+00
                          0.9999999989296388E+00
                          0.9999999989158099E+00
                          0.9999999989018495E+00
                          0.9999999988877357E+00
                          0.9999999988734721E+00
                          0.9999999988586510E+00
                          0.9999999988422037E+00
                          0.9999999988287036E+00
                          0.9999999988150794E+00
                          0.9999999987986758E+00
                          0.9999999987851991E+00
                          0.9999999987683303E+00
                          0.9999999982904102E+00
                          0.9999999986920711E+00
                          0.9999999981882616E+00
                          0.9999999987075449E+00
                          0.9999999985124408E+00
                          0.9999344160782073E+00
                          0.9999999986575439E+00
                          0.9999999986415747E+00
                          0.9999999986166245E+00
                          0.9999999985213773E+00
                          0.9999999985930854E+00
                          0.9999999985760819E+00
                          0.9999999985564156E+00
                          0.9999999985414886E+00
                          0.9999999985243335E+00
                          0.9999999985067392E+00
                          0.9999999984889347E+00
                          0.9999999984710878E+00
                          0.9999999984516112E+00
                          0.9999999984347988E+00
                          0.9999999984163482E+00
                          0.9999999983978682E+00
                          0.9999999983791507E+00
                          0.9999999983602393E+00
                          0.9999999973280782E+00
                          0.9999999893763005E+00
                          0.9999999982896494E+00
                          0.9999999982827503E+00
                          0.9999999982634269E+00
                          0.9999999982432940E+00
                          0.9999976536827100E+00
                          0.9999999981866441E+00
                          0.9999999981828693E+00
                          0.9999999981622869E+00
                          0.9999999981403731E+00
                          0.9999999843230988E+00
                          0.9999999980996093E+00
                          0.9999999980783610E+00
                          0.9999999980568943E+00
                          0.9999999978877870E+00
                          0.9999999980125041E+00
                          0.9999999979882072E+00
                          0.9999999979693941E+00
                          0.9999999979470443E+00
                          0.9999999979245319E+00
                          0.9999999979017895E+00
                          0.9999999978789252E+00
                          0.9999999977757760E+00
                          0.9999999978325608E+00
                          0.9999999977933594E+00
                          0.9999999977854508E+00
                          0.9999999977616066E+00
                          0.9999999976409775E+00
                          0.9999999977038972E+00
                          0.9999999976882533E+00
                          0.9999999976643070E+00
                          0.9999999976394703E+00
                          0.9999999976139750E+00
                          0.9999999975817673E+00
                          0.9999999975638023E+00
                          0.9999999975382780E+00
                          0.9999999975123297E+00
                          0.9999999974863928E+00
                          0.9999999974602439E+00
                          0.9999999974338291E+00
                          0.9999999974072051E+00
                          0.9999999973803745E+00
                          0.9999999973533362E+00
                          0.9999999973249167E+00
                          0.9999999972986323E+00
                          0.9999999972709641E+00
                          0.9999999972414987E+00
                          0.9999999972149917E+00
                          0.9999999971866840E+00
                          0.9999999971581626E+00
                          0.9999999971294207E+00
                          0.9999999971000642E+00
                          0.9999999970712934E+00
                          0.9999999970418991E+00
                          0.9999999970122799E+00
                          0.9999999969824432E+00
                          0.9999999969523883E+00
                          0.9999999969221036E+00
                          0.9999999968915957E+00
                          0.9999999968608554E+00
                          0.9999999968298062E+00
                          0.9999999967987077E+00
                          0.9999999933169891E+00
                          0.9999999967340082E+00
                          0.9999999967037473E+00
                          0.9999999966653712E+00
                          0.9999999966386340E+00
                          0.9999999966059744E+00
                          0.9999999965704897E+00
                          0.9999999965356091E+00
                          0.9999999965075137E+00
                          0.9999999964739491E+00
                          0.9999999964396392E+00
                          0.9999999964061268E+00
                          0.9999999961571886E+00
                          0.9999999962538687E+00
                          0.9999999939065853E+00
                          0.9999999962672513E+00
                          0.9999999962321601E+00
                          0.9999999961933825E+00
                          0.9999999959084587E+00
                          0.9999999926828192E+00
                          0.9999999839538067E+00
                          0.9999999934817881E+00
                          0.9999999957270456E+00
                          0.9999999955294562E+00
                          0.9999999957398269E+00
                          0.9999999959038197E+00
                          0.9999999958660274E+00
                          0.9999999958279715E+00
                          0.9999999957896392E+00
                          0.9999999957510060E+00
                          0.9999999957122347E+00
                          0.9999999956730741E+00
                          0.9999999956337342E+00
                          0.9999999955941005E+00
                          0.9999999955541878E+00
                          0.9999999955043285E+00
                          0.9999999954735512E+00
                          0.9999999954328237E+00
                          0.9999999953917907E+00
                          0.9999999953505422E+00
                          0.9999999953089868E+00
                          0.9999999952671533E+00
                          0.9999999952250408E+00
                          0.9999999951826478E+00
                          0.9999999951399733E+00
                          0.9999999950962367E+00
                          0.9999999950537666E+00
                          0.9999999950102456E+00
                          0.9999999949664024E+00
                          0.9999999949223000E+00
                          0.9999999948778107E+00
                          0.9999999948332599E+00
                          0.9999999947882869E+00
                          0.9999999947430211E+00
                          0.9999999946974610E+00
                          0.9999999946516053E+00
                          0.9999999946054519E+00
                          0.9999999945590027E+00
                          0.9999999945120226E+00
                          0.9999999944652026E+00
                          0.9999999944178504E+00
                          0.9999999943701885E+00
                          0.9999999943222352E+00
                          0.9999999942739694E+00
                          0.9999999942253963E+00
                          0.9999999941765054E+00
                          0.9999999941118494E+00
                          0.9999999940778225E+00
                          0.9999999940280089E+00
                          0.9999999939778711E+00
                          0.9999999939274024E+00
                          0.9999999938766573E+00
                          0.9999999938256018E+00
                          0.9999999937670317E+00
                          0.9999999937224298E+00
                          0.9999999936704549E+00
                          0.9999999936180912E+00
                          0.9999999935654120E+00
                          0.9999999935122023E+00
                          0.9999999934590517E+00
                          0.9999999934054016E+00
                          0.9999999933512688E+00
                          0.9999999932966432E+00
                          0.9999999932424231E+00
                          0.9999999931871570E+00
                          0.9999999931321082E+00
                          0.9999999930764475E+00
                          0.9999999930204304E+00
                          0.9999999929641075E+00
                          0.9999999929074300E+00
                          0.9999999928504090E+00
                          0.9999999927930303E+00
                          0.9999999927353249E+00
                          0.9999999926772817E+00
                          0.9999999926183272E+00
                          0.9999999925601297E+00
                          0.9999999925010100E+00
                          0.9999999924411718E+00
                          0.9999999923817732E+00
                          0.9999999923216154E+00
                          0.9999999922598766E+00
                          0.9999999921996664E+00
                          0.9999999921390007E+00
                          0.9999999920774113E+00
                          0.9999999920154607E+00
                          0.9999999919531476E+00
                          0.9999999918904703E+00
                          0.9999999918274276E+00
                          0.9999999917640181E+00
                          0.9999999917002405E+00
                          0.9999999916360838E+00
                          0.9999999915715744E+00
                          0.9999999915066832E+00
                          0.9999999914414180E+00
                          0.9999999913757774E+00
                          0.9999999913097601E+00
                          0.9999999912433644E+00
                          0.9999999911765888E+00
                          0.9999999911094324E+00
                          0.9999999910003244E+00
                          0.9999999909739523E+00
                          0.9999999909056609E+00
                          0.9999999908366116E+00
                          0.9999999907628591E+00
                          0.9999999906984047E+00
                          0.9999999906285411E+00
                          0.9999999905582826E+00
                          0.9999999904876298E+00
                          0.9999999904165764E+00
                          0.9999999903451356E+00
                          0.9999999902730148E+00
                          0.9999999902009696E+00
                          0.9999999901262279E+00
                          0.9999999900539817E+00
                          0.9999999899818870E+00
                          0.9999999898775013E+00
                          0.9999999898337674E+00
                          0.9999999897590254E+00
                          0.9999999896839952E+00
                          0.9999999896085007E+00
                          0.9999999895325863E+00
                          0.9999999894562490E+00
                          0.9999999893785350E+00
                          0.9999999893023271E+00
                          0.9999999892247624E+00
                          0.9999999891437195E+00
                          0.9999999890682989E+00
                          0.9999999889894585E+00
                          0.9999999889102021E+00
                          0.9999999888304986E+00
                          0.9999999887503469E+00
                          0.9999999886697987E+00
                          0.9999999885886250E+00
                          0.9999999881306229E+00
                          0.9999999883581167E+00
                          0.9999999883432098E+00
                          0.9999999882602555E+00
                          0.9999999881769345E+00
                          0.9999999880936709E+00
                          0.9999999880095606E+00
                          0.9999999879251003E+00
                          0.9999999878401462E+00
                          0.9999999877547422E+00
                          0.9999999876688961E+00
                          0.9999999875825953E+00
                          0.9999999874937197E+00
                          0.9999999874055441E+00
                          0.9999999872933860E+00
                          0.9999999872328263E+00
                          0.9999999871442781E+00
                          0.9999999870552382E+00
                          0.9999999869657414E+00
                          0.9999999868757790E+00
                          0.9999999867853516E+00
                          0.9999999866944578E+00
                          0.9999999866029802E+00
                          0.9999999865112643E+00
                          0.9999999864189614E+00
                          0.9999999863261856E+00
                          0.9999999862329071E+00
                          0.9999999861392065E+00
                          0.9999999860450045E+00
                          0.9999999859503041E+00
                          0.9999999858551561E+00
                          0.9999999857595087E+00
                          0.9999999856633774E+00
                          0.9999999855667601E+00
                          0.9999999854696552E+00
                          0.9999999853720610E+00
                          0.9999999852671928E+00
                          0.9999999851751561E+00
                          0.9999999850763275E+00
                          0.9999999849767603E+00
                          0.9999999848766906E+00
                          0.9999999847761318E+00
                          0.9999999846750202E+00
                          0.9999999845735014E+00
                          0.9999999844714307E+00
                          0.9999999843684640E+00
                          0.9999999842656907E+00
                          0.9999999841548339E+00
                          0.9999999840580744E+00
                          0.9999999833678542E+00
                          0.9999999838483137E+00
                          0.9999999837426312E+00
                          0.9999999836365202E+00
                          0.9999999835298380E+00
                          0.9999999834226284E+00
                          0.9999999833149097E+00
                          0.9999999832066608E+00
                          0.9999999830978851E+00
                          0.9999999829885826E+00
                          0.9999999828787145E+00
                          0.9999999827683866E+00
                          0.9999999826574908E+00
                          0.9999999825460608E+00
                          0.9999999824340945E+00
                          0.9999999823215903E+00
                          0.9999999822085465E+00
                          0.9999999820949614E+00
                          0.9999999819807984E+00
                          0.9999999818661606E+00
                          0.9999999817268450E+00
                          0.9999999816322616E+00
                          0.9999999815188565E+00
                          0.9999999814019869E+00
                          0.9999999812845644E+00
                          0.9999999811665214E+00
                          0.9999999810480529E+00
                          0.9999999809289597E+00
                          0.9999999808093062E+00
                          0.9999999806890905E+00
                          0.9999999805683109E+00
                          0.9999999804469656E+00
                          0.9999999803250522E+00
                          0.9999999802025709E+00
                          0.9999999800795180E+00
                          0.9999999799558923E+00
                          0.9999999798316921E+00
                          0.9999999797069156E+00
                          0.9999999795815609E+00
                          0.9999999794556266E+00
                          0.9999999793291102E+00
                          0.9999999792020110E+00
                          0.9999999790743263E+00
                          0.9999999789460544E+00
                          0.9999999788171930E+00
                          0.9999999786877427E+00
                          0.9999999785576991E+00
                          0.9999999784270576E+00
                          0.9999999782946531E+00
                          0.9999999781639904E+00
                          0.9999999780315644E+00
                          0.9999999778985316E+00
                          0.9999999777648955E+00
                          0.9999999776306543E+00
                          0.9999999774958050E+00
                          0.9999999773603490E+00
                          0.9999999772242801E+00
                          0.9999999769236415E+00
                          0.9999999769503074E+00
                          0.9999999768123952E+00
                          0.9999999766738691E+00
                          0.9999999765347212E+00
                          0.9999999763949255E+00
                          0.9999999762545537E+00
                          0.9999999761135206E+00
                          0.9999999759718919E+00
                          0.9999999758296174E+00
                          0.9999999756866911E+00
                          0.9999999755197359E+00
                          0.9999999753989985E+00
                          0.9999999747669117E+00
                          0.9999999751087468E+00
                          0.9999999749625954E+00
                          0.9999999748158418E+00
                          0.9999999746685548E+00
                          0.9999999745205351E+00
                          0.9999999743718675E+00
                          0.9999999742225497E+00
                          0.9999999740725813E+00
                          0.9999999739219579E+00
                          0.9999999737706817E+00
                          0.9999999736183667E+00
                          0.9999999734647098E+00
                          0.9999999733127101E+00
                          0.9999999731572087E+00
                          0.9999999730043726E+00
                          0.9999999728491487E+00
                          0.9999999726920175E+00
                          0.9999999725355779E+00
                          0.9999999723793688E+00
                          0.9999999722214454E+00
                          0.9999999720628336E+00
                          0.9999999719000597E+00
                          0.9999999717435732E+00
                          0.9999999715829208E+00
                          0.9999999714215452E+00
                          0.9999999710457509E+00
                          0.9999999710968512E+00
                          0.9999999709334508E+00
                          0.9999999707685664E+00
                          0.9999999706045719E+00
                          0.9999999704390887E+00
                          0.9999999702729113E+00
                          0.9999999701060321E+00
                          0.9999999699384514E+00
                          0.9999999697701670E+00
                          0.9999999696011771E+00
                          0.9999999694314797E+00
                          0.9999999692610728E+00
                          0.9999999690899544E+00
                          0.9999999689181225E+00
                          0.9999999687455753E+00
                          0.9999999685721368E+00
                          0.9999999683983265E+00
                          0.9999999682140913E+00
                          0.9999999680481921E+00
                          0.9999999678720379E+00
                          0.9999999676951534E+00
                          0.9999999675174319E+00
                          0.9999999673392030E+00
                          0.9999999671428412E+00
                          0.9999999669802924E+00
                          0.9999999667997219E+00
                          0.9999999666184429E+00
                          0.9999999664327646E+00
                          0.9999999661896281E+00
                          0.9999999660701503E+00
                          0.9999999658858939E+00
                          0.9999999657008399E+00
                          0.9999999655151114E+00
                          0.9999999653285918E+00
                          0.9999999651413100E+00
                          0.9999999649532819E+00
                          0.9999999647644890E+00
                          0.9999999645749339E+00
                          0.9999999643846152E+00
                          0.9999999641935307E+00
                          0.9999999640016781E+00
                          0.9999999638090532E+00
                          0.9999999636140066E+00
                          0.9999999634214914E+00
                          0.9999999632265455E+00
                          0.9999999630307284E+00
                          0.9999999628343225E+00
                          0.9999999626370372E+00
                          0.9999999624389674E+00
                          0.9999999622401109E+00
                          0.9999999620404665E+00
                          0.9999999618400311E+00
                          0.9999999616388031E+00
                          0.9999999614367744E+00
                          0.9999999612339604E+00
                          0.9999999610303417E+00
                          0.9999999608259219E+00
                          0.9999999606206930E+00
                          0.9999999604146705E+00
                          0.9999999602078349E+00
                          0.9999999600001898E+00
                          0.9999999597917330E+00
                          0.9999999595824519E+00
                          0.9999999593723762E+00
                          0.9999999591614719E+00
                          0.9999999589497476E+00
                          0.9999999587372012E+00
                          0.9999999585238200E+00
                          0.9999999583096320E+00
                          0.9999999580946055E+00
                          0.9999999578787507E+00
                          0.9999999576620607E+00
                          0.9999999574445356E+00
                          0.9999999572258651E+00
                          0.9999999570069598E+00
                          0.9999999567869313E+00
                          0.9999999565622024E+00
                          0.9999999563442223E+00
                          0.9999999561217353E+00
                          0.9999999558983067E+00
                          0.9999999556740252E+00
                          0.9999999554481045E+00
                          0.9999999552228961E+00
                          0.9999999549960457E+00
                          0.9999999547615765E+00
                          0.9999999545397587E+00
                          0.9999999543103183E+00
                          0.9999999540799861E+00
                          0.9999999538488266E+00
                          0.9999999536159108E+00
                          0.9999999533837937E+00
                          0.9999999531499292E+00
                          0.9999999529153138E+00
                          0.9999999526798266E+00
                          0.9999999524433858E+00
                          0.9999999522060600E+00
                          0.9999999519678469E+00
                          0.9999999517287448E+00
                          0.9999999514887510E+00
                          0.9999999512478633E+00
                          0.9999999510060797E+00
                          0.9999999507633937E+00
                          0.9999999505198139E+00
                          0.9999999502753291E+00
                          0.9999999500299406E+00
                          0.9999999497834722E+00
                          0.9999999495364373E+00
                          0.9999999492883195E+00
                          0.9999999490392871E+00
                          0.9999999487888510E+00
                          0.9999999485384736E+00
                          0.9999999482865729E+00
                          0.9999999480339774E+00
                          0.9999999477803427E+00
                          0.9999999475257808E+00
                          0.9999999472702326E+00
                          0.9999999470138660E+00
                          0.9999999467565086E+00
                          0.9999999464982148E+00
                          0.9999999462389824E+00
                          0.9999999459788089E+00
                          0.9999999457176925E+00
                          0.9999999454556304E+00
                          0.9999999451926207E+00
                          0.9999999449286611E+00
                          0.9999999446637488E+00
                          0.9999999443978805E+00
                          0.9999999441310589E+00
                          0.9999999438632762E+00
                          0.9999999435945319E+00
                          0.9999999433248241E+00
                          0.9999999430541501E+00
                          0.9999999427825076E+00
                          0.9999999425098930E+00
                          0.9999999422361993E+00
                          0.9999999419617470E+00
                          0.9999999416861990E+00
                          0.9999999414096894E+00
                          0.9999999411321883E+00
                          0.9999999408536908E+00
                          0.9999999405742089E+00
                          0.9999999402937663E+00
                          0.9999999400122210E+00
                          0.9999999397298669E+00
                          0.9999999394464235E+00
                          0.9999999391618853E+00
                          0.9999999388765383E+00
                          0.9999999385900883E+00
                          0.9999999383026399E+00
                          0.9999999380119478E+00
                          0.9999999377247097E+00
                          0.9999999374342268E+00
                          0.9999999371427288E+00
                          0.9999999368502135E+00
                          0.9999999365566783E+00
                          0.9999999362621199E+00
                          0.9999999359665394E+00
                          0.9999999356699307E+00
                          0.9999999353722917E+00
                          0.9999999350735822E+00
                          0.9999999347739198E+00
                          0.9999999344731799E+00
                          0.9999999341714013E+00
                          0.9999999338685814E+00
                          0.9999999335647181E+00
                          0.9999999332598087E+00
                          0.9999999329538510E+00
                          0.9999999326468415E+00
                          0.9999999323387803E+00
                          0.9999999320296639E+00
                          0.9999999317193058E+00
                          0.9999999314079790E+00
                          0.9999999310959549E+00
                          0.9999999307825914E+00
                          0.9999999304681602E+00
                          0.9999999301526591E+00
                          0.9999999298360854E+00
                          0.9999999295184369E+00
                          0.9999999291997069E+00
                          0.9999999288799035E+00
                          0.9999999285590175E+00
                          0.9999999282370450E+00
                          0.9999999279139854E+00
                          0.9999999275898356E+00
                          0.9999999272645952E+00
                          0.9999999269382597E+00
                          0.9999999266108254E+00
                          0.9999999262822954E+00
                          0.9999999259526621E+00
                          0.9999999256218587E+00
                          0.9999999252900799E+00
                          0.9999999249571261E+00
                          0.9999999246230610E+00
                          0.9999999242878815E+00
                          0.9999999239515849E+00
                          0.9999999236141668E+00
                          0.9999999232756266E+00
                          0.9999999229359732E+00
                          0.9999999225951859E+00
                          0.9999999222532698E+00
                          0.9999999219102219E+00
                          0.9999999215655715E+00
                          0.9999999212207223E+00
                          0.9999999208742651E+00
                          0.9999999205261996E+00
                          0.9999999201779239E+00
                          0.9999999198280348E+00
                          0.9999999194769925E+00
                          0.9999999191248070E+00
                          0.9999999187714633E+00
                          0.9999999184169631E+00
                          0.9999999180613037E+00
                          0.9999999177044827E+00
                          0.9999999173464977E+00
                          0.9999999169873460E+00
                          0.9999999166270251E+00
                          0.9999999162655325E+00
                          0.9999999159028654E+00
                          0.9999999155390220E+00
                          0.9999999151739989E+00
                          0.9999999148077940E+00
                          0.9999999144404023E+00
                          0.9999999140718256E+00
                          0.9999999137020624E+00
                          0.9999999133311045E+00
                          0.9999999129589519E+00
                          0.9999999125855727E+00
                          0.9999999122110516E+00
                          0.9999999118352875E+00
                          0.9999999114583433E+00
                          0.9999999110801602E+00
                          0.9999999107008044E+00
                          0.9999999103202173E+00
                          0.9999999099384149E+00
                          0.9999999095553944E+00
                          0.9999999091711540E+00
                          0.9999999087856905E+00
                          0.9999999083990012E+00
                          0.9999999080110838E+00
                          0.9999999076219357E+00
                          0.9999999072315527E+00
                          0.9999999068399367E+00
                          0.9999999064470767E+00
                          0.9999999060529586E+00
                          0.9999999056576416E+00
                          0.9999999052610508E+00
                          0.9999999048632160E+00
                          0.9999999044641297E+00
                          0.9999999040637872E+00
                          0.9999999036621871E+00
                          0.9999999032592147E+00
                          0.9999999028552004E+00
                          0.9999999024498218E+00
                          0.9999999020431682E+00
                          0.9999999016352449E+00
                          0.9999999012260465E+00
                          0.9999999008155773E+00
                          0.9999999004038274E+00
                          0.9999998999907849E+00
                          0.9999998995764842E+00
                          0.9999998991608847E+00
                          0.9999998987439965E+00
                          0.9999998983258171E+00
                          0.9999998979060633E+00
                          0.9999998974855739E+00
                          0.9999998970635047E+00
                          0.9999998966401334E+00
                          0.9999998962154576E+00
                          0.9999998957894732E+00
                          0.9999998953621814E+00
                          0.9999998949335756E+00
                          0.9999998945036543E+00
                          0.9999998940724152E+00
                          0.9999998936398552E+00
                          0.9999998932059718E+00
                          0.9999998927707623E+00
                          0.9999998923342239E+00
                          0.9999998918963541E+00
                          0.9999998914571500E+00
                          0.9999998910166089E+00
                          0.9999998905747283E+00
                          0.9999998901315051E+00
                          0.9999998896869370E+00
                          0.9999998892410210E+00
                          0.9999998887937546E+00
                          0.9999998883451082E+00
                          0.9999998878950962E+00
                          0.9999998874438247E+00
                          0.9999998869911276E+00
                          0.9999998865360689E+00
                          0.9999998860816420E+00
                          0.9999998856248454E+00
                          0.9999998851666765E+00
                          0.9999998847071233E+00
                          0.9999998842462101E+00
                          0.9999998837839078E+00
                          0.9999998833202218E+00
                          0.9999998828543450E+00
                          0.9999998823886871E+00
                          0.9999998819208358E+00
                          0.9999998814515887E+00
                          0.9999998809809443E+00
                          0.9999998805088999E+00
                          0.9999998800354528E+00
                          0.9999998795606001E+00
                          0.9999998790843392E+00
                          0.9999998786066672E+00
                          0.9999998781275813E+00
                          0.9999998776470788E+00
                          0.9999998771651564E+00
                          0.9999998766818124E+00
                          0.9999998761970432E+00
                          0.9999998757108443E+00
                          0.9999998752232130E+00
                          0.9999998747341572E+00
                          0.9999998742436597E+00
                          0.9999998737517232E+00
                          0.9999998732583066E+00
                          0.9999998727635219E+00
                          0.9999998722672513E+00
                          0.9999998717695304E+00
                          0.9999998712703564E+00
                          0.9999998707697265E+00
                          0.9999998702676377E+00
                          0.9999998697640873E+00
                          0.9999998692590725E+00
                          0.9999998687525627E+00
                          0.9999998682446380E+00
                          0.9999998677352128E+00
                          0.9999998672243117E+00
                          0.9999998667119308E+00
                          0.9999998661980707E+00
                          0.9999998656827219E+00
                          0.9999998651658921E+00
                          0.9999998646475644E+00
                          0.9999998641277532E+00
                          0.9999998636064413E+00
                          0.9999998630836309E+00
                          0.9999998625593148E+00
                          0.9999998620335018E+00
                          0.9999998615061790E+00
                          0.9999998609773448E+00
                          0.9999998604469983E+00
                          0.9999998599151354E+00
                          0.9999998593817525E+00
                          0.9999998588468504E+00
                          0.9999998583102617E+00
                          0.9999998577724668E+00
                          0.9999998572236661E+00
                          0.9999998566919617E+00
                          0.9999998561494063E+00
                          0.9999998556053118E+00
                          0.9999998550596753E+00
                          0.9999998545124883E+00
                          0.9999998539637646E+00
                          0.9999998534134845E+00
                          0.9999998528616497E+00
                          0.9999998523082577E+00
                          0.9999998517533092E+00
                          0.9999998511966849E+00
                          0.9999998506387205E+00
                          0.9999998500790749E+00
                          0.9999998495178577E+00
                          0.9999998489550663E+00
                          0.9999998483906979E+00
                          0.9999998478247493E+00
                          0.9999998472572177E+00
                          0.9999998466880998E+00
                          0.9999998461173938E+00
                          0.9999998455450954E+00
                          0.9999998449712023E+00
                          0.9999998443956993E+00
                          0.9999998438186197E+00
                          0.9999998432399148E+00
                          0.9999998426596223E+00
                          0.9999998420777105E+00
                          0.9999998414941862E+00
                          0.9999998409090463E+00
                          0.9999998403222877E+00
                          0.9999998397339076E+00
                          0.9999998391438917E+00
                          0.9999998385522708E+00
                          0.9999998379590073E+00
                          0.9999998373641118E+00
                          0.9999998367675791E+00
                          0.9999998361694068E+00
                          0.9999998355695920E+00
                          0.9999998349681292E+00
                          0.9999998343650163E+00
                          0.9999998337602602E+00
                          0.9999998331534069E+00
                          0.9999998325457752E+00
                          0.9999998319360407E+00
                          0.9999998313246449E+00
                          0.9999998307115820E+00
                          0.9999998300968219E+00
                          0.9999998294804430E+00
                          0.9999998288623611E+00
                          0.9999998282426013E+00
                          0.9999998276211602E+00
                          0.9999998269980336E+00
                          0.9999998263732187E+00
                          0.9999998257467109E+00
                          0.9999998251185142E+00
                          0.9999998244886177E+00
                          0.9999998238570211E+00
                          0.9999998232237215E+00
                          0.9999998225887154E+00
                          0.9999998219520004E+00
                          0.9999998213135692E+00
                          0.9999998206734306E+00
                          0.9999998200315695E+00
                          0.9999998193879869E+00
                          0.9999998187426796E+00
                          0.9999998180956445E+00
                          0.9999998174468783E+00
                          0.9999998167963626E+00
                          0.9999998161441138E+00
                          0.9999998154901570E+00
                          0.9999998148344472E+00
                          0.9999998141769815E+00
                          0.9999998135177665E+00
                          0.9999998128567991E+00
                          0.9999998121940761E+00
                          0.9999998115295947E+00
                          0.9999998108633514E+00
                          0.9999998101953435E+00
                          0.9999998095255676E+00
                          0.9999998088540205E+00
                          0.9999998081806993E+00
                          0.9999998075056009E+00
                          0.9999998068287220E+00
                          0.9999998061500596E+00
                          0.9999998054695295E+00
                          0.9999998047873708E+00
                          0.9999998041033398E+00
                          0.9999998034175118E+00
                          0.9999998027298846E+00
                          0.9999998020404549E+00
                          0.9999998013492202E+00
                          0.9999998006561766E+00
                          0.9999997999613210E+00
                          0.9999997992646483E+00
                          0.9999997985661619E+00
                          0.9999997978658521E+00
                          0.9999997971637159E+00
                          0.9999997964595949E+00
                          0.9999997957531142E+00
                          0.9999997950456528E+00
                          0.9999997943368726E+00
                          0.9999997936255685E+00
                          0.9999997929124207E+00
                          0.9999997921974266E+00
                          0.9999997914805817E+00
                          0.9999997907618853E+00
                          0.9999997900413319E+00
                          0.9999997893189190E+00
                          0.9999997885946382E+00
                          0.9999997878685023E+00
                          0.9999997871404920E+00
                          0.9999997864106094E+00
                          0.9999997856788515E+00
                          0.9999997849451926E+00
                          0.9999997842096964E+00
                          0.9999997834722928E+00
                          0.9999997827329997E+00
                          0.9999997819918176E+00
                          0.9999997812487394E+00
                          0.9999997805037034E+00
                          0.9999997797568863E+00
                          0.9999997790081046E+00
                          0.9999997782574153E+00
                          0.9999997775048094E+00
                          0.9999997767502982E+00
                          0.9999997759938689E+00
                          0.9999997752355148E+00
                          0.9999997744752391E+00
                          0.9999997737130371E+00
                          0.9999997729488761E+00
                          0.9999997721828249E+00
                          0.9999997714148318E+00
                          0.9999997706448873E+00
                          0.9999997698729974E+00
                          0.9999997690989747E+00
                          0.9999997683233806E+00
                          0.9999997675456429E+00
                          0.9999997667659487E+00
                          0.9999997659842946E+00
                          0.9999997652006776E+00
                          0.9999997644150941E+00
                          0.9999997636275384E+00
                          0.9999997628380152E+00
                          0.9999997620465112E+00
                          0.9999997612530314E+00
                          0.9999997604575657E+00
                          0.9999997596600840E+00
                          0.9999997588606725E+00
                          0.9999997580592432E+00
                          0.9999997572558147E+00
                          0.9999997564503855E+00
                          0.9999997556429558E+00
                          0.9999997548335191E+00
                          0.9999997540220730E+00
                          0.9999997532086122E+00
                          0.9999997523931399E+00
                          0.9999997515756460E+00
                          0.9999997507561296E+00
                          0.9999997499345872E+00
                          0.9999997491110156E+00
                          0.9999997482854101E+00
                          0.9999997474577708E+00
                          0.9999997466280917E+00
                          0.9999997457963142E+00
                          0.9999997449626015E+00
                          0.9999997441267841E+00
                          0.9999997432889138E+00
                          0.9999997424489877E+00
                          0.9999997416070021E+00
                          0.9999997407629537E+00
                          0.9999997399168391E+00
                          0.9999997390686445E+00
                          0.9999997382183982E+00
                          0.9999997373660650E+00
                          0.9999997365116520E+00
                          0.9999997356551518E+00
                          0.9999997347965740E+00
                          0.9999997339359020E+00
                          0.9999997330731368E+00
                          0.9999997322082662E+00
                          0.9999997313411868E+00
                          0.9999997304722482E+00
                          0.9999997296010685E+00
                          0.9999997287277836E+00
                          0.9999997278523901E+00
                          0.9999997269748310E+00
                          0.9999997260952533E+00
                          0.9999997252134967E+00
                          0.9999997243293833E+00
                          0.9999997234435979E+00
                          0.9999997225554496E+00
                          0.9999997216650760E+00
                          0.9999997207727367E+00
                          0.9999997198781654E+00
                          0.9999997189814464E+00
                          0.9999997180825762E+00
                          0.9999997171815512E+00
                          0.9999997162783684E+00
                          0.9999997153730239E+00
                          0.9999997144655127E+00
                          0.9999997135558366E+00
                          0.9999997126439870E+00
                          0.9999997117299612E+00
                          0.9999997108137582E+00
                          0.9999997098953721E+00
                          0.9999997089748000E+00
                          0.9999997080520394E+00
                          0.9999997071270862E+00
                          0.9999997061999366E+00
                          0.9999997052705875E+00
                          0.9999997043390352E+00
                          0.9999997034052764E+00
                          0.9999997024693077E+00
                          0.9999997015307853E+00
                          0.9999997005907260E+00
                          0.9999996996481066E+00
                          0.9999996987032630E+00
                          0.9999996977561919E+00
                          0.9999996968068898E+00
                          0.9999996958529739E+00
                          0.9999996949015788E+00
                          0.9999996939455629E+00
                          0.9999996929873021E+00
                          0.9999996920267914E+00
                          0.9999996910640312E+00
                          0.9999996900990143E+00
                          0.9999996891317383E+00
                          0.9999996881621999E+00
                          0.9999996871903952E+00
                          0.9999996862163174E+00
                          0.9999996852399732E+00
                          0.9999996842613497E+00
                          0.9999996832804451E+00
                          0.9999996822972573E+00
                          0.9999996813117821E+00
                          0.9999996803240159E+00
                          0.9999996793339553E+00
                          0.9999996783415965E+00
                          0.9999996773469368E+00
                          0.9999996763499718E+00
                          0.9999996753506958E+00
                          0.9999996743491124E+00
                          0.9999996733452109E+00
                          0.9999996723389900E+00
                          0.9999996713304442E+00
                          0.9999996703195763E+00
                          0.9999996693063761E+00
                          0.9999996682908423E+00
                          0.9999996672729714E+00
                          0.9999996662527597E+00
                          0.9999996652302029E+00
                          0.9999996642052997E+00
                          0.9999996631780443E+00
                          0.9999996621484337E+00
                          0.9999996611164644E+00
                          0.9999996600821328E+00
                          0.9999996590454353E+00
                          0.9999996580063683E+00
                          0.9999996569649281E+00
                          0.9999996559211112E+00
                          0.9999996548749139E+00
                          0.9999996538263325E+00
                          0.9999996527753638E+00
                          0.9999996517220038E+00
                          0.9999996506662489E+00
                          0.9999996496080932E+00
                          0.9999996485475402E+00
                          0.9999996474845787E+00
                          0.9999996464192087E+00
                          0.9999996453514252E+00
                          0.9999996442812251E+00
                          0.9999996432086047E+00
                          0.9999996421335475E+00
                          0.9999996410560885E+00
                          0.9999996399761838E+00
                          0.9999996388938474E+00
                          0.9999996378090708E+00
                          0.9999996367218521E+00
                          0.9999996356321867E+00
                          0.9999996345400733E+00
                          0.9999996334455060E+00
                          0.9999996323484818E+00
                          0.9999996312489952E+00
                          0.9999996301470482E+00
                          0.9999996290426314E+00
                          0.9999996279357429E+00
                          0.9999996268263792E+00
                          0.9999996257145366E+00
                          0.9999996246002114E+00
                          0.9999996234833998E+00
                          0.9999996223640982E+00
                          0.9999996212422997E+00
                          0.9999996201180100E+00
                          0.9999996189908787E+00
                          0.9999996178619174E+00
                          0.9999996167292566E+00
                          0.9999996155957905E+00
                          0.9999996144589328E+00
                          0.9999996133195999E+00
                          0.9999996121777197E+00
                          0.9999996110333155E+00
                          0.9999996098863765E+00
                          0.9999996087369076E+00
                          0.9999996075848981E+00
                          0.9999996064303466E+00
                          0.9999996052732487E+00
                          0.9999996041136022E+00
                          0.9999996029513984E+00
                          0.9999996017866448E+00
                          0.9999996006193268E+00
                          0.9999995994494444E+00
                          0.9999995982769935E+00
                          0.9999995971019708E+00
                          0.9999995959243723E+00
                          0.9999995947441933E+00
                          0.9999995935614288E+00
                          0.9999995923760843E+00
                          0.9999995911881365E+00
                          0.9999995899976110E+00
                          0.9999995888044786E+00
                          0.9999995876087441E+00
                          0.9999995864104023E+00
                          0.9999995852094533E+00
                          0.9999995840058896E+00
                          0.9999995827997086E+00
                          0.9999995815909064E+00
                          0.9999995803794793E+00
                          0.9999995791654236E+00
                          0.9999995779487351E+00
                          0.9999995767294108E+00
                          0.9999995755074460E+00
                          0.9999995742828375E+00
                          0.9999995730555805E+00
                          0.9999995718256733E+00
                          0.9999995705931101E+00
                          0.9999995693578878E+00
                          0.9999995681200025E+00
                          0.9999995668794502E+00
                          0.9999995656362274E+00
                          0.9999995643903296E+00
                          0.9999995631417545E+00
                          0.9999995618904968E+00
                          0.9999995606365530E+00
                          0.9999995593799182E+00
                          0.9999995581205643E+00
                          0.9999995568585667E+00
                          0.9999995555938405E+00
                          0.9999995543264101E+00
                          0.9999995530562695E+00
                          0.9999995517834163E+00
                          0.9999995505078425E+00
                          0.9999995492295551E+00
                          0.9999995479485396E+00
                          0.9999995466647965E+00
                          0.9999995453783205E+00
                          0.9999995440891085E+00
                          0.9999995427971552E+00
                          0.9999995415024604E+00
                          0.9999995402050166E+00
                          0.9999995389048205E+00
                          0.9999995376018698E+00
                          0.9999995362961600E+00
                          0.9999995349876863E+00
                          0.9999995336764439E+00
                          0.9999995323624332E+00
                          0.9999995310456462E+00
                          0.9999995297260803E+00
                          0.9999995284037315E+00
                          0.9999995270785959E+00
                          0.9999995257506680E+00
                          0.9999995244199484E+00
                          0.9999995230864296E+00
                          0.9999995217501079E+00
                          0.9999995204109721E+00
                          0.9999995190690415E+00
                          0.9999995177242891E+00
                          0.9999995163767185E+00
                          0.9999995150263258E+00
                          0.9999995136731071E+00
                          0.9999995123170585E+00
                          0.9999995109581761E+00
                          0.9999995095964558E+00
                          0.9999995082318938E+00
                          0.9999995068644859E+00
                          0.9999995054942268E+00
                          0.9999995041211174E+00
                          0.9999995027451426E+00
                          0.9999995013663185E+00
                          0.9999994999846228E+00
                          0.9999994986000547E+00
                          0.9999994972126189E+00
                          0.9999994958223029E+00
                          0.9999994944291046E+00
                          0.9999994930330225E+00
                          0.9999994916340502E+00
                          0.9999994902321846E+00
                          0.9999994888274217E+00
                          0.9999994874197575E+00
                          0.9999994860091880E+00
                          0.9999994845957091E+00
                          0.9999994831793170E+00
                          0.9999994817600074E+00
                          0.9999994803377766E+00
                          0.9999994789126204E+00
                          0.9999994774845268E+00
                          0.9999994760535165E+00
                          0.9999994746195574E+00
                          0.9999994731826629E+00
                          0.9999994717428163E+00
                          0.9999994703000278E+00
                          0.9999994688542818E+00
                          0.9999994674055790E+00
                          0.9999994659539143E+00
                          0.9999994644992842E+00
                          0.9999994630416814E+00
                          0.9999994615811112E+00
                          0.9999994601175602E+00
                          0.9999994586510276E+00
                          0.9999994571815057E+00
                          0.9999994557090012E+00
                          0.9999994542334991E+00
                          0.9999994527549992E+00
                          0.9999994512734974E+00
                          0.9999994497889897E+00
                          0.9999994483014718E+00
                          0.9999994468109398E+00
                          0.9999994453173895E+00
                          0.9999994438208171E+00
                          0.9999994423212182E+00
                          0.9999994408185889E+00
                          0.9999994393129251E+00
                          0.9999994378042225E+00
                          0.9999994362924776E+00
                          0.9999994347776859E+00
                          0.9999994332598431E+00
                          0.9999994317389456E+00
                          0.9999994302149889E+00
                          0.9999994286879691E+00
                          0.9999994271578820E+00
                          0.9999994256247237E+00
                          0.9999994240884897E+00
                          0.9999994225491764E+00
                          0.9999994210067793E+00
                          0.9999994194612940E+00
                          0.9999994179127175E+00
                          0.9999994163610446E+00
                          0.9999994148062716E+00
                          0.9999994132483944E+00
                          0.9999994116874086E+00
                          0.9999994101233045E+00
                          0.9999994085560954E+00
                          0.9999994069857383E+00
                          0.9999994054122989E+00
                          0.9999994038356937E+00
                          0.9999994022559860E+00
                          0.9999994006731255E+00
                          0.9999993990871235E+00
                          0.9999993974979758E+00
                          0.9999993959056782E+00
                          0.9999993943102267E+00
                          0.9999993927116169E+00
                          0.9999993911098447E+00
                          0.9999993895049031E+00
                          0.9999993878967968E+00
                          0.9999993862855124E+00
                          0.9999993846710493E+00
                          0.9999993830534029E+00
                          0.9999993814325691E+00
                          0.9999993798085436E+00
                          0.9999993781813226E+00
                          0.9999993765508944E+00
                          0.9999993749172761E+00
                          0.9999993732804380E+00
                          0.9999993716403955E+00
                          0.9999993699971328E+00
                          0.9999993683506496E+00
                          0.9999993667009406E+00
                          0.9999993650480024E+00
                          0.9999993633918305E+00
                          0.9999993617324208E+00
                          0.9999993600697691E+00
                          0.9999993584038706E+00
                          0.9999993567347227E+00
                          0.9999993550623127E+00
                          0.9999993533866578E+00
                          0.9999993517077328E+00
                          0.9999993500255404E+00
                          0.9999993483400763E+00
                          0.9999993466513365E+00
                          0.9999993449593165E+00
                          0.9999993432640123E+00
                          0.9999993415654195E+00
                          0.9999993398635338E+00
                          0.9999993381583511E+00
                          0.9999993364498670E+00
                          0.9999993347380774E+00
                          0.9999993330229779E+00
                          0.9999993313045643E+00
                          0.9999993295828323E+00
                          0.9999993278577723E+00
                          0.9999993261293961E+00
                          0.9999993243976829E+00
                          0.9999993226626352E+00
                          0.9999993209242473E+00
                          0.9999993191825139E+00
                          0.9999993174374350E+00
                          0.9999993156890017E+00
                          0.9999993139372122E+00
                          0.9999993121820612E+00
                          0.9999993104235373E+00
                          0.9999993086616578E+00
                          0.9999993068963886E+00
                          0.9999993051277591E+00
                          0.9999993033557376E+00
                          0.9999993015803291E+00
                          0.9999992998015290E+00
                          0.9999992980193337E+00
                          0.9999992962337358E+00
                          0.9999992944447296E+00
                          0.9999992926523263E+00
                          0.9999992908565088E+00
                          0.9999992890572703E+00
                          0.9999992872546102E+00
                          0.9999992854485157E+00
                          0.9999992836390077E+00
                          0.9999992818260567E+00
                          0.9999992800096668E+00
                          0.9999992781898335E+00
                          0.9999992763665526E+00
                          0.9999992745398197E+00
                          0.9999992727096305E+00
                          0.9999992708759805E+00
                          0.9999992690388655E+00
                          0.9999992671982810E+00
                          0.9999992653542228E+00
                          0.9999992635066863E+00
                          0.9999992616556673E+00
                          0.9999992598011614E+00
                          0.9999992579431642E+00
                          0.9999992560816714E+00
                          0.9999992542166785E+00
                          0.9999992523481783E+00
                          0.9999992504761750E+00
                          0.9999992486006545E+00
                          0.9999992467216187E+00
                          0.9999992448390597E+00
                          0.9999992429529743E+00
                          0.9999992410633580E+00
                          0.9999992391702067E+00
                          0.9999992372735157E+00
                          0.9999992353732806E+00
                          0.9999992334694973E+00
                          0.9999992315621606E+00
                          0.9999992296512673E+00
                          0.9999992277368122E+00
                          0.9999992258187907E+00
                          0.9999992238971989E+00
                          0.9999992219720321E+00
                          0.9999992200432858E+00
                          0.9999992181109557E+00
                          0.9999992161750374E+00
                          0.9999992142355264E+00
                          0.9999992122924181E+00
                          0.9999992103457085E+00
                          0.9999992083953927E+00
                          0.9999992064414663E+00
                          0.9999992044839251E+00
                          0.9999992025227645E+00
                          0.9999992005579800E+00
                          0.9999991985895672E+00
                          0.9999991966175159E+00
                          0.9999991946418388E+00
                          0.9999991926625142E+00
                          0.9999991906795436E+00
                          0.9999991886929221E+00
                          0.9999991867026456E+00
                          0.9999991847087094E+00
                          0.9999991827111092E+00
                          0.9999991807098402E+00
                          0.9999991787048984E+00
                          0.9999991766962789E+00
                          0.9999991746839773E+00
                          0.9999991726679851E+00
                          0.9999991706483099E+00
                          0.9999991686249352E+00
                          0.9999991665978604E+00
                          0.9999991645670807E+00
                          0.9999991625325924E+00
                          0.9999991604943903E+00
                          0.9999991584524700E+00
                          0.9999991564068271E+00
                          0.9999991543574571E+00
                          0.9999991523043553E+00
                          0.9999991502475174E+00
                          0.9999991481869387E+00
                          0.9999991461226148E+00
                          0.9999991440545410E+00
                          0.9999991419827126E+00
                          0.9999991399071259E+00
                          0.9999991378277754E+00
                          0.9999991357446570E+00
                          0.9999991336577660E+00
                          0.9999991315670980E+00
                          0.9999991294726484E+00
                          0.9999991273744124E+00
                          0.9999991252723858E+00
                          0.9999991231665639E+00
                          0.9999991210569421E+00
                          0.9999991189435158E+00
                          0.9999991168262805E+00
                          0.9999991147052316E+00
                          0.9999991125803646E+00
                          0.9999991104516747E+00
                          0.9999991083191576E+00
                          0.9999991061828085E+00
                          0.9999991040426230E+00
                          0.9999991018985963E+00
                          0.9999990997507240E+00
                          0.9999990975990013E+00
                          0.9999990954434238E+00
                          0.9999990932839867E+00
                          0.9999990911206839E+00
                          0.9999990889535159E+00
                          0.9999990867824727E+00
                          0.9999990846075517E+00
                          0.9999990824287481E+00
                          0.9999990802460574E+00
                          0.9999990780594750E+00
                          0.9999990758689961E+00
                          0.9999990736746162E+00
                          0.9999990714763306E+00
                          0.9999990692741348E+00
                          0.9999990670680241E+00
                          0.9999990648579937E+00
                          0.9999990626440393E+00
                          0.9999990604261559E+00
                          0.9999990582043391E+00
                          0.9999990559785842E+00
                          0.9999990537488864E+00
                          0.9999990515152413E+00
                          0.9999990492776440E+00
                          0.9999990470360901E+00
                          0.9999990447905747E+00
                          0.9999990425410932E+00
                          0.9999990402876410E+00
                          0.9999990380302134E+00
                          0.9999990357688057E+00
                          0.9999990335034131E+00
                          0.9999990312340312E+00
                          0.9999990289606553E+00
                          0.9999990266832804E+00
                          0.9999990244019021E+00
                          0.9999990221165156E+00
                          0.9999990198271163E+00
                          0.9999990175336994E+00
                          0.9999990152362601E+00
                          0.9999990129347940E+00
                          0.9999990106292962E+00
                          0.9999990083197620E+00
                          0.9999990060061867E+00
                          0.9999990036885656E+00
                          0.9999990013668940E+00
                          0.9999989990411673E+00
                          0.9999989967113806E+00
                          0.9999989943775291E+00
                          0.9999989920396084E+00
                          0.9999989896976135E+00
                          0.9999989873515398E+00
                          0.9999989850013825E+00
                          0.9999989826471368E+00
                          0.9999989802887982E+00
                          0.9999989779263617E+00
                          0.9999989755598228E+00
                          0.9999989731891764E+00
                          0.9999989708144181E+00
                          0.9999989684355430E+00
                          0.9999989660525463E+00
                          0.9999989636654234E+00
                          0.9999989612741693E+00
                          0.9999989588787795E+00
                          0.9999989564792491E+00
                          0.9999989540755734E+00
                          0.9999989516677474E+00
                          0.9999989492557666E+00
                          0.9999989468396261E+00
                          0.9999989444193211E+00
                          0.9999989419948470E+00
                          0.9999989395661988E+00
                          0.9999989371333717E+00
                          0.9999989346963610E+00
                          0.9999989322551620E+00
                          0.9999989298097698E+00
                          0.9999989273601796E+00
                          0.9999989249063865E+00
                          0.9999989224483858E+00
                          0.9999989199861729E+00
                          0.9999989175197426E+00
                          0.9999989150490903E+00
                          0.9999989125742111E+00
                          0.9999989100951003E+00
                          0.9999989076117530E+00
                          0.9999989051241644E+00
                          0.9999989026323297E+00
                          0.9999989001362440E+00
                          0.9999988976359026E+00
                          0.9999988951313004E+00
                          0.9999988926224328E+00
                          0.9999988901092949E+00
                          0.9999988875918818E+00
                          0.9999988850701887E+00
                          0.9999988825442109E+00
                          0.9999988800139433E+00
                          0.9999988774793812E+00
                          0.9999988749405196E+00
                          0.9999988723973539E+00
                          0.9999988698498788E+00
                          0.9999988672980900E+00
                          0.9999988647419821E+00
                          0.9999988621815505E+00
                          0.9999988596167905E+00
                          0.9999988570476969E+00
                          0.9999988544742648E+00
                          0.9999988518964896E+00
                          0.9999988493143663E+00
                          0.9999988467278900E+00
                          0.9999988441370558E+00
                          0.9999988415418587E+00
                          0.9999988389422940E+00
                          0.9999988363383566E+00
                          0.9999988337300418E+00
                          0.9999988311173447E+00
                          0.9999988285002602E+00
                          0.9999988258787835E+00
                          0.9999988232529098E+00
                          0.9999988206226339E+00
                          0.9999988179879511E+00
                          0.9999988153488565E+00
                          0.9999988127053451E+00
                          0.9999988100574120E+00
                          0.9999988074050522E+00
                          0.9999988047482608E+00
                          0.9999988020870330E+00
                          0.9999987994213636E+00
                          0.9999987967512479E+00
                          0.9999987940766810E+00
                          0.9999987913976577E+00
                          0.9999987887141732E+00
                          0.9999987860262226E+00
                          0.9999987833338008E+00
                          0.9999987806369030E+00
                          0.9999987779355242E+00
                          0.9999987752296593E+00
                          0.9999987725193035E+00
                          0.9999987698044517E+00
                          0.9999987670850992E+00
                          0.9999987643612406E+00
                          0.9999987616328713E+00
                          0.9999987588999861E+00
                          0.9999987561625803E+00
                          0.9999987534206486E+00
                          0.9999987506741861E+00
                          0.9999987479231879E+00
                          0.9999987451676490E+00
                          0.9999987424075643E+00
                          0.9999987396429288E+00
                          0.9999987368737376E+00
                          0.9999987340999859E+00
                          0.9999987313216682E+00
                          0.9999987285387798E+00
                          0.9999987257513157E+00
                          0.9999987229592708E+00
                          0.9999987201626401E+00
                          0.9999987173614187E+00
                          0.9999987145556014E+00
                          0.9999987117451832E+00
                          0.9999987089301592E+00
                          0.9999987061105242E+00
                          0.9999987032862734E+00
                          0.9999987004574016E+00
                          0.9999986976239037E+00
                          0.9999986947857749E+00
                          0.9999986919430098E+00
                          0.9999986890956037E+00
                          0.9999986862435514E+00
                          0.9999986833868478E+00
                          0.9999986805254880E+00
                          0.9999986776594668E+00
                          0.9999986747887792E+00
                          0.9999986719134202E+00
                          0.9999986690333845E+00
                          0.9999986661486673E+00
                          0.9999986632592635E+00
                          0.9999986603651677E+00
                          0.9999986574663753E+00
                          0.9999986545628810E+00
                          0.9999986516546796E+00
                          0.9999986487417661E+00
                          0.9999986458241356E+00
                          0.9999986429017828E+00
                          0.9999986399747025E+00
                          0.9999986370428899E+00
                          0.9999986341063398E+00
                          0.9999986311650471E+00
                          0.9999986282190065E+00
                          0.9999986252682131E+00
                          0.9999986223126619E+00
                          0.9999986193523475E+00
                          0.9999986163872649E+00
                          0.9999986134174090E+00
                          0.9999986104427748E+00
                          0.9999986074633570E+00
                          0.9999986044791506E+00
                          0.9999986014901503E+00
                          0.9999985984963511E+00
                          0.9999985954977478E+00
                          0.9999985924943354E+00
                          0.9999985894861086E+00
                          0.9999985864730624E+00
                          0.9999985834551914E+00
                          0.9999985804324909E+00
                          0.9999985774049553E+00
                          0.9999985743725797E+00
                          0.9999985713353589E+00
                          0.9999985682932876E+00
                          0.9999985652463608E+00
                          0.9999985621945733E+00
                          0.9999985591379199E+00
                          0.9999985560763954E+00
                          0.9999985530099949E+00
                          0.9999985499387128E+00
                          0.9999985468625442E+00
                          0.9999985437814838E+00
                          0.9999985406955265E+00
                          0.9999985376046672E+00
                          0.9999985345089004E+00
                          0.9999985314082211E+00
                          0.9999985283026243E+00
                          0.9999985251921044E+00
                          0.9999985220766565E+00
                          0.9999985189562753E+00
                          0.9999985158309557E+00
                          0.9999985127006922E+00
                          0.9999985095654799E+00
                          0.9999985064253134E+00
                          0.9999985032801877E+00
                          0.9999985001300973E+00
                          0.9999984969750371E+00
                          0.9999984938150019E+00
                          0.9999984906499866E+00
                          0.9999984874799857E+00
                          0.9999984843049941E+00
                          0.9999984811250066E+00
                          0.9999984779400178E+00
                          0.9999984747500228E+00
                          0.9999984715550160E+00
                          0.9999984683549923E+00
                          0.9999984651499465E+00
                          0.9999984619398733E+00
                          0.9999984587247673E+00
                          0.9999984555046235E+00
                          0.9999984522794366E+00
                          0.9999984490492011E+00
                          0.9999984458139121E+00
                          0.9999984425735639E+00
                          0.9999984393281516E+00
                          0.9999984360776697E+00
                          0.9999984328221130E+00
                          0.9999984295614762E+00
                          0.9999984262957542E+00
                          0.9999984230249414E+00
                          0.9999984197490327E+00
                          0.9999984164680228E+00
                          0.9999984131819064E+00
                          0.9999984098906782E+00
                          0.9999984065943329E+00
                          0.9999984032928652E+00
                          0.9999983999862697E+00
                          0.9999983966745413E+00
                          0.9999983933576745E+00
                          0.9999983900356640E+00
                          0.9999983867085047E+00
                          0.9999983833761911E+00
                          0.9999983800387178E+00
                          0.9999983766960796E+00
                          0.9999983733482712E+00
                          0.9999983699952872E+00
                          0.9999983666371224E+00
                          0.9999983632737712E+00
                          0.9999983599052286E+00
                          0.9999983565314889E+00
                          0.9999983531525471E+00
                          0.9999983497683976E+00
                          0.9999983463790353E+00
                          0.9999983429844546E+00
                          0.9999983395846502E+00
                          0.9999983361796169E+00
                          0.9999983327693491E+00
                          0.9999983293538417E+00
                          0.9999983259330891E+00
                          0.9999983225070862E+00
                          0.9999983190758274E+00
                          0.9999983156393073E+00
                          0.9999983121975207E+00
                          0.9999983087504621E+00
                          0.9999983052981263E+00
                          0.9999983018405076E+00
                          0.9999982983776009E+00
                          0.9999982949094007E+00
                          0.9999982914359016E+00
                          0.9999982879570982E+00
                          0.9999982844729851E+00
                          0.9999982809835570E+00
                          0.9999982774888084E+00
                          0.9999982739887339E+00
                          0.9999982704833281E+00
                          0.9999982669725855E+00
                          0.9999982634565010E+00
                          0.9999982599350687E+00
                          0.9999982564082837E+00
                          0.9999982528761402E+00
                          0.9999982493386329E+00
                          0.9999982457957564E+00
                          0.9999982422475052E+00
                          0.9999982386938739E+00
                          0.9999982351348571E+00
                          0.9999982315704494E+00
                          0.9999982280006452E+00
                          0.9999982244254392E+00
                          0.9999982208448258E+00
                          0.9999982172587998E+00
                          0.9999982136673555E+00
                          0.9999982100704876E+00
                          0.9999982064681906E+00
                          0.9999982028604590E+00
                          0.9999981992472874E+00
                          0.9999981956286702E+00
                          0.9999981920046022E+00
                          0.9999981883750776E+00
                          0.9999981847400912E+00
                          0.9999981810996372E+00
                          0.9999981774537106E+00
                          0.9999981738023055E+00
