 Species molar concentration at each layer [mol/mol]
  0.9900E+00
  0.1000E-01
  0.0000E+00
  0.4311E-03
  0.9900E+00
  0.1000E-01
  0.0000E+00
  0.1932E-03
  0.9900E+00
  0.1000E-01
  0.0000E+00
  0.7946E-04
  0.9900E+00
  0.1000E-01
  0.0000E+00
  0.1753E-04
  0.9900E+00
  0.1000E-01
  0.0000E+00
  0.5837E-05
  0.9900E+00
  0.1000E-01
  0.0000E+00
  0.1966E-05
  0.9900E+00
  0.1000E-01
  0.0000E+00
  0.8614E-06
  0.9900E+00
  0.1000E-01
  0.0000E+00
  0.6077E-06
  0.9900E+00
  0.1000E-01
  0.0000E+00
  0.5018E-06
  0.9900E+00
  0.1000E-01
  0.0000E+00
  0.4849E-06
  0.9900E+00
  0.1000E-01
  0.0000E+00
  0.4849E-06
  0.9900E+00
  0.1000E-01
  0.0000E+00
  0.4849E-06
  0.9900E+00
  0.1000E-01
  0.0000E+00
  0.4849E-06
  0.9900E+00
  0.1000E-01
  0.0000E+00
  0.4849E-06
  0.9900E+00
  0.1000E-01
  0.0000E+00
  0.4849E-06
  0.9900E+00
  0.1000E-01
  0.0000E+00
  0.4849E-06
  0.9900E+00
  0.1000E-01
  0.0000E+00
  0.4849E-06
  0.9900E+00
  0.1000E-01
  0.0000E+00
  0.4849E-06
  0.9900E+00
  0.1000E-01
  0.0000E+00
  0.4849E-06
  0.9900E+00
  0.1000E-01
  0.0000E+00
  0.4849E-06
  0.9900E+00
  0.1000E-01
  0.0000E+00
  0.4849E-06
  0.9900E+00
  0.1000E-01
  0.0000E+00
  0.4849E-06
  0.9900E+00
  0.1000E-01
  0.0000E+00
  0.4849E-06
  0.9900E+00
  0.1000E-01
  0.0000E+00
  0.4849E-06
  0.9900E+00
  0.1000E-01
  0.0000E+00
  0.4849E-06
  0.9900E+00
  0.1000E-01
  0.0000E+00
  0.4849E-06
  0.9900E+00
  0.1000E-01
  0.0000E+00
  0.4849E-06
  0.9900E+00
  0.1000E-01
  0.0000E+00
  0.4849E-06
  0.9900E+00
  0.1000E-01
  0.0000E+00
  0.4849E-06
  0.9900E+00
  0.1000E-01
  0.0000E+00
  0.4849E-06
  0.9900E+00
  0.1000E-01
  0.0000E+00
  0.4849E-06
  0.9900E+00
  0.1000E-01
  0.0000E+00
  0.4849E-06
  0.9900E+00
  0.1000E-01
  0.0000E+00
  0.4849E-06
  0.9900E+00
  0.1000E-01
  0.0000E+00
  0.4849E-06
  0.9900E+00
  0.1000E-01
  0.0000E+00
  0.4849E-06
  0.9900E+00
  0.1000E-01
  0.0000E+00
  0.4849E-06
  0.9900E+00
  0.1000E-01
  0.0000E+00
  0.4849E-06
  0.9900E+00
  0.1000E-01
  0.0000E+00
  0.4849E-06
  0.9900E+00
  0.1000E-01
  0.0000E+00
  0.4849E-06
  0.9900E+00
  0.1000E-01
  0.0000E+00
  0.4849E-06
  0.9900E+00
  0.1000E-01
  0.0000E+00
  0.4849E-06
  0.9900E+00
  0.1000E-01
  0.0000E+00
  0.4849E-06
  0.9900E+00
  0.1000E-01
  0.0000E+00
  0.4849E-06
  0.9900E+00
  0.1000E-01
  0.0000E+00
  0.4849E-06
  0.9900E+00
  0.1000E-01
  0.0000E+00
  0.4849E-06
  0.9900E+00
  0.1000E-01
  0.0000E+00
  0.4849E-06
  0.9900E+00
  0.1000E-01
  0.0000E+00
  0.4849E-06
  0.9900E+00
  0.1000E-01
  0.0000E+00
  0.4849E-06
  0.9900E+00
  0.1000E-01
  0.0000E+00
  0.4849E-06
  0.9900E+00
  0.1000E-01
  0.0000E+00
  0.4849E-06
