 Downwards broadband flux at each level [W/m2]
      366.6634
      285.3970
      228.1413
      173.2059
      128.4239
       96.0784
       76.4259
       66.3336
       60.2362
       56.2077
       53.2396
       50.9350
       49.0704
       47.5416
       46.2510
       44.9350
       43.5019
       42.1129
       40.7705
       39.4277
       38.0331
       36.6604
       35.3200
       34.0196
       32.6900
       31.3671
       30.0228
       28.6959
       27.4015
       26.0681
       24.7219
       23.3556
       21.9901
       20.6086
       19.1844
       17.7515
       16.2947
       14.9048
       13.6174
       12.4005
       11.1401
        9.5879
        7.7692
        6.0283
        4.7346
        3.4184
        1.8571
        0.7450
        0.1494
        0.0109
        0.0000
