 Outgoing longwave flux vs. time [W/m2]
  0.1164E+03
  0.1242E+03
  0.1261E+03
  0.1282E+03
  0.1294E+03
  0.1308E+03
  0.1324E+03
  0.1335E+03
  0.1346E+03
  0.1358E+03
  0.1368E+03
  0.1377E+03
  0.1385E+03
  0.1392E+03
  0.1400E+03
  0.1406E+03
  0.1411E+03
  0.1416E+03
  0.1421E+03
  0.1426E+03
  0.1429E+03
  0.1433E+03
  0.1437E+03
  0.1441E+03
  0.1443E+03
  0.1446E+03
  0.1449E+03
  0.1451E+03
  0.1453E+03
  0.1456E+03
  0.1458E+03
  0.1459E+03
  0.1461E+03
  0.1462E+03
  0.1464E+03
  0.1464E+03
  0.1466E+03
  0.1467E+03
  0.1468E+03
  0.1469E+03
  0.1470E+03
  0.1471E+03
  0.1471E+03
  0.1472E+03
  0.1473E+03
  0.1474E+03
  0.1474E+03
  0.1475E+03
  0.1475E+03
  0.1475E+03
  0.1476E+03
  0.1476E+03
  0.1477E+03
  0.1477E+03
  0.1478E+03
  0.1478E+03
  0.1478E+03
  0.1479E+03
  0.1479E+03
  0.1479E+03
  0.1479E+03
  0.1480E+03
  0.1480E+03
  0.1481E+03
  0.1481E+03
  0.1481E+03
  0.1481E+03
  0.1481E+03
  0.1481E+03
  0.1481E+03
  0.1481E+03
  0.1481E+03
  0.1481E+03
  0.1481E+03
  0.1481E+03
  0.1481E+03
  0.1481E+03
  0.1481E+03
  0.1481E+03
  0.1481E+03
  0.1481E+03
  0.1481E+03
  0.1481E+03
  0.1481E+03
  0.1481E+03
  0.1481E+03
  0.1481E+03
  0.1481E+03
  0.1481E+03
  0.1481E+03
  0.1481E+03
  0.1481E+03
  0.1481E+03
  0.1481E+03
  0.1481E+03
  0.1481E+03
  0.1481E+03
  0.1482E+03
  0.1482E+03
  0.1482E+03
  0.1482E+03
  0.1482E+03
  0.1482E+03
  0.1482E+03
  0.1482E+03
  0.1482E+03
  0.1482E+03
  0.1482E+03
  0.1482E+03
  0.1482E+03
  0.1482E+03
  0.1482E+03
  0.1482E+03
  0.1482E+03
  0.1482E+03
  0.1482E+03
  0.1482E+03
  0.1481E+03
  0.1481E+03
  0.1481E+03
  0.1481E+03
  0.1481E+03
  0.1481E+03
  0.1481E+03
  0.1481E+03
  0.1481E+03
  0.1481E+03
  0.1480E+03
  0.1481E+03
  0.1480E+03
  0.1480E+03
  0.1480E+03
  0.1480E+03
  0.1480E+03
  0.1480E+03
  0.1480E+03
  0.1480E+03
  0.1480E+03
  0.1480E+03
  0.1480E+03
  0.1480E+03
  0.1480E+03
  0.1480E+03
  0.1480E+03
  0.1479E+03
  0.1479E+03
  0.1479E+03
  0.1479E+03
  0.1479E+03
  0.1479E+03
  0.1479E+03
  0.1479E+03
  0.1479E+03
  0.1479E+03
  0.1479E+03
  0.1479E+03
  0.1479E+03
  0.1479E+03
  0.1479E+03
  0.1479E+03
  0.1479E+03
  0.1479E+03
  0.1479E+03
  0.1479E+03
  0.1479E+03
  0.1479E+03
  0.1479E+03
  0.1479E+03
  0.1479E+03
  0.1479E+03
  0.1479E+03
  0.1479E+03
  0.1479E+03
  0.1479E+03
  0.1479E+03
  0.1479E+03
  0.1479E+03
  0.1479E+03
  0.1479E+03
  0.1479E+03
  0.1479E+03
  0.1479E+03
  0.1479E+03
  0.1479E+03
  0.1479E+03
  0.1479E+03
  0.1479E+03
  0.1479E+03
  0.1479E+03
  0.1479E+03
  0.1479E+03
  0.1479E+03
  0.1479E+03
  0.1479E+03
  0.1479E+03
  0.1479E+03
  0.1479E+03
  0.1479E+03
  0.1479E+03
  0.1479E+03
  0.1479E+03
  0.1479E+03
  0.1479E+03
  0.1479E+03
  0.1479E+03
  0.1479E+03
  0.1479E+03
  0.1479E+03
  0.1479E+03
  0.1479E+03
  0.1479E+03
  0.1479E+03
  0.1479E+03
  0.1479E+03
  0.1479E+03
  0.1479E+03
  0.1479E+03
  0.1479E+03
  0.1479E+03
  0.1479E+03
  0.1479E+03
  0.1479E+03
  0.1479E+03
  0.1479E+03
  0.1479E+03
  0.1479E+03
  0.1479E+03
  0.1479E+03
  0.1479E+03
  0.1479E+03
  0.1479E+03
  0.1479E+03
  0.1479E+03
  0.1479E+03
  0.1479E+03
  0.1479E+03
  0.1479E+03
  0.1479E+03
  0.1479E+03
  0.1479E+03
  0.1479E+03
  0.1479E+03
  0.1479E+03
  0.1479E+03
  0.1479E+03
  0.1479E+03
  0.1479E+03
  0.1479E+03
  0.1479E+03
  0.1479E+03
  0.1479E+03
  0.1479E+03
  0.1479E+03
  0.1479E+03
  0.1479E+03
  0.1479E+03
  0.1479E+03
  0.1479E+03
  0.1479E+03
  0.1479E+03
  0.1479E+03
  0.1479E+03
  0.1479E+03
  0.1479E+03
  0.1479E+03
  0.1479E+03
  0.1479E+03
  0.1479E+03
  0.1479E+03
  0.1479E+03
  0.1479E+03
  0.1479E+03
  0.1479E+03
  0.1479E+03
  0.1479E+03
  0.1479E+03
  0.1479E+03
  0.1479E+03
  0.1479E+03
  0.1479E+03
  0.1479E+03
  0.1479E+03
  0.1479E+03
  0.1479E+03
  0.1479E+03
  0.1479E+03
  0.1479E+03
  0.1479E+03
  0.1479E+03
  0.1479E+03
  0.1479E+03
  0.1479E+03
  0.1479E+03
  0.1479E+03
  0.1479E+03
  0.1479E+03
  0.1479E+03
  0.1479E+03
  0.1479E+03
  0.1479E+03
  0.1479E+03
  0.1479E+03
  0.1479E+03
  0.1479E+03
  0.1479E+03
  0.1479E+03
  0.1479E+03
  0.1479E+03
  0.1479E+03
  0.1479E+03
  0.1479E+03
  0.1479E+03
  0.1479E+03
  0.1479E+03
  0.1479E+03
  0.1479E+03
  0.1479E+03
  0.1479E+03
  0.1479E+03
  0.1479E+03
  0.1479E+03
  0.1479E+03
  0.1479E+03
  0.1479E+03
  0.1479E+03
  0.1479E+03
  0.1479E+03
  0.1479E+03
  0.1479E+03
  0.1479E+03
  0.1479E+03
  0.1479E+03
  0.1479E+03
  0.1479E+03
  0.1479E+03
  0.1479E+03
  0.1479E+03
  0.1479E+03
  0.1479E+03
  0.1479E+03
  0.1479E+03
  0.1479E+03
  0.1479E+03
  0.1479E+03
  0.1479E+03
  0.1479E+03
  0.1479E+03
  0.1479E+03
  0.1479E+03
  0.1479E+03
  0.1479E+03
  0.1479E+03
  0.1479E+03
  0.1479E+03
  0.1479E+03
  0.1479E+03
  0.1479E+03
  0.1479E+03
  0.1479E+03
  0.1479E+03
  0.1479E+03
  0.1479E+03
  0.1479E+03
  0.1479E+03
  0.1479E+03
  0.1479E+03
  0.1479E+03
  0.1479E+03
  0.1479E+03
  0.1479E+03
  0.1479E+03
  0.1479E+03
  0.1479E+03
  0.1479E+03
  0.1479E+03
  0.1479E+03
  0.1479E+03
  0.1479E+03
  0.1479E+03
  0.1479E+03
  0.1479E+03
  0.1479E+03
  0.1479E+03
  0.1479E+03
  0.1479E+03
  0.1479E+03
  0.1479E+03
  0.1479E+03
  0.1479E+03
  0.1479E+03
  0.1479E+03
  0.1479E+03
  0.1479E+03
  0.1479E+03
  0.1479E+03
  0.1479E+03
  0.1479E+03
  0.1479E+03
  0.1479E+03
  0.1479E+03
  0.1479E+03
  0.1479E+03
  0.1479E+03
  0.1479E+03
  0.1479E+03
  0.1479E+03
  0.1479E+03
  0.1479E+03
  0.1479E+03
  0.1479E+03
  0.1479E+03
  0.1479E+03
  0.1479E+03
  0.1479E+03
  0.1479E+03
  0.1479E+03
  0.1479E+03
  0.1479E+03
  0.1479E+03
  0.1479E+03
  0.1479E+03
  0.1479E+03
  0.1479E+03
  0.1479E+03
  0.1479E+03
  0.1479E+03
  0.1479E+03
  0.1479E+03
  0.1479E+03
  0.1479E+03
  0.1479E+03
  0.1479E+03
  0.1479E+03
  0.1479E+03
  0.1479E+03
  0.1479E+03
  0.1479E+03
  0.1479E+03
  0.1479E+03
  0.1479E+03
  0.1479E+03
  0.1479E+03
  0.1479E+03
  0.1479E+03
  0.1479E+03
  0.1479E+03
  0.1479E+03
  0.1479E+03
  0.1479E+03
  0.1479E+03
  0.1479E+03
  0.1479E+03
  0.1479E+03
  0.1479E+03
  0.1479E+03
  0.1479E+03
  0.1479E+03
  0.1479E+03
  0.1479E+03
  0.1479E+03
  0.1479E+03
  0.1479E+03
  0.1479E+03
  0.1479E+03
  0.1479E+03
  0.1479E+03
  0.1479E+03
  0.1479E+03
  0.1479E+03
  0.1479E+03
  0.1479E+03
  0.1479E+03
  0.1479E+03
  0.1479E+03
  0.1479E+03
  0.1479E+03
  0.1479E+03
  0.1479E+03
  0.1479E+03
  0.1479E+03
  0.1479E+03
  0.1479E+03
  0.1479E+03
  0.1479E+03
  0.1479E+03
  0.1479E+03
  0.1479E+03
  0.1479E+03
  0.1479E+03
  0.1479E+03
  0.1479E+03
  0.1479E+03
  0.1479E+03
  0.1479E+03
  0.1479E+03
  0.1479E+03
  0.1479E+03
  0.1479E+03
  0.1479E+03
  0.1479E+03
