 Spectral outgoing longwave flux [W/m2/cm^-1]
  0.6218E-05
  0.3115E-04
  0.7453E-04
  0.1355E-03
  0.2121E-03
  0.3074E-03
  0.4154E-03
  0.5373E-03
  0.6606E-03
  0.7962E-03
  0.9540E-03
  0.1115E-02
  0.1292E-02
  0.1480E-02
  0.1626E-02
  0.1920E-02
  0.2177E-02
  0.2442E-02
  0.2697E-02
  0.2936E-02
  0.3255E-02
  0.3589E-02
  0.3917E-02
  0.4239E-02
  0.4561E-02
  0.4880E-02
  0.5234E-02
  0.5618E-02
  0.5950E-02
  0.6191E-02
  0.6535E-02
  0.7174E-02
  0.7043E-02
  0.8083E-02
  0.8553E-02
  0.9014E-02
  0.9460E-02
  0.9794E-02
  0.1042E-01
  0.1091E-01
  0.1140E-01
  0.1188E-01
  0.1195E-01
  0.1273E-01
  0.1299E-01
  0.1201E-01
  0.1444E-01
  0.1500E-01
  0.1567E-01
  0.1559E-01
  0.1672E-01
  0.1736E-01
  0.1804E-01
  0.1856E-01
  0.1913E-01
  0.1976E-01
  0.2033E-01
  0.1973E-01
  0.2121E-01
  0.2209E-01
  0.2271E-01
  0.2356E-01
  0.2406E-01
  0.2199E-01
  0.2542E-01
  0.2520E-01
  0.2687E-01
  0.2755E-01
  0.2814E-01
  0.2844E-01
  0.2870E-01
  0.2984E-01
  0.3067E-01
  0.3018E-01
  0.3184E-01
  0.3294E-01
  0.3282E-01
  0.3438E-01
  0.3444E-01
  0.3518E-01
  0.3589E-01
  0.3726E-01
  0.3797E-01
  0.3750E-01
  0.3914E-01
  0.4031E-01
  0.4113E-01
  0.4171E-01
  0.4020E-01
  0.4314E-01
  0.4416E-01
  0.4500E-01
  0.4577E-01
  0.4647E-01
  0.4712E-01
  0.4712E-01
  0.4819E-01
  0.4813E-01
  0.4999E-01
  0.5075E-01
  0.5096E-01
  0.5004E-01
  0.5277E-01
  0.5378E-01
  0.5429E-01
  0.5331E-01
  0.5490E-01
  0.5679E-01
  0.5775E-01
  0.5855E-01
  0.5865E-01
  0.5480E-01
  0.5961E-01
  0.6161E-01
  0.6248E-01
  0.6320E-01
  0.6381E-01
  0.6397E-01
  0.6354E-01
  0.6395E-01
  0.6411E-01
  0.6686E-01
  0.6364E-01
  0.6901E-01
  0.7000E-01
  0.7036E-01
  0.7138E-01
  0.7254E-01
  0.7333E-01
  0.7403E-01
  0.7466E-01
  0.7557E-01
  0.7596E-01
  0.7659E-01
  0.7574E-01
  0.7588E-01
  0.7681E-01
  0.7907E-01
  0.6857E-01
  0.8087E-01
  0.7519E-01
  0.7947E-01
  0.8271E-01
  0.8420E-01
  0.8472E-01
  0.8589E-01
  0.8367E-01
  0.8696E-01
  0.8804E-01
  0.8814E-01
  0.8722E-01
  0.9005E-01
  0.9111E-01
  0.9190E-01
  0.9005E-01
  0.9311E-01
  0.9379E-01
  0.9427E-01
  0.9491E-01
  0.9517E-01
  0.9511E-01
  0.9165E-01
  0.9472E-01
  0.9733E-01
  0.9835E-01
  0.9838E-01
  0.9017E-01
  0.9996E-01
  0.1009E+00
  0.1023E+00
  0.1026E+00
  0.1025E+00
  0.1045E+00
  0.1053E+00
  0.1058E+00
  0.1059E+00
  0.1049E+00
  0.1053E+00
  0.1067E+00
  0.1081E+00
  0.1055E+00
  0.1069E+00
  0.1082E+00
  0.1106E+00
  0.1118E+00
  0.1128E+00
  0.1135E+00
  0.1145E+00
  0.1153E+00
  0.1160E+00
  0.1166E+00
  0.1171E+00
  0.1175E+00
  0.1177E+00
  0.1176E+00
  0.1165E+00
  0.1150E+00
  0.1172E+00
  0.1178E+00
  0.1200E+00
  0.1185E+00
  0.1206E+00
  0.1178E+00
  0.1204E+00
  0.1222E+00
  0.1240E+00
  0.1252E+00
  0.1263E+00
  0.1272E+00
  0.1279E+00
  0.1279E+00
  0.1283E+00
  0.1248E+00
  0.1289E+00
  0.1308E+00
  0.1317E+00
  0.1322E+00
  0.1322E+00
  0.1319E+00
  0.1309E+00
  0.1252E+00
  0.1300E+00
  0.1122E+00
  0.1313E+00
  0.1314E+00
  0.1166E+00
  0.1325E+00
  0.1351E+00
  0.1363E+00
  0.1363E+00
  0.1346E+00
  0.1325E+00
  0.1367E+00
  0.1397E+00
  0.1419E+00
  0.1431E+00
  0.1437E+00
  0.1441E+00
  0.1429E+00
  0.1420E+00
  0.1397E+00
  0.1377E+00
  0.1375E+00
  0.1414E+00
  0.1446E+00
  0.1476E+00
  0.1491E+00
  0.1487E+00
  0.1512E+00
  0.1508E+00
  0.1476E+00
  0.1341E+00
  0.1472E+00
  0.1516E+00
  0.1524E+00
  0.1512E+00
  0.1481E+00
  0.1444E+00
  0.1344E+00
  0.1441E+00
  0.1469E+00
  0.1438E+00
  0.1466E+00
  0.1523E+00
  0.1547E+00
  0.1536E+00
  0.1490E+00
  0.1428E+00
  0.1468E+00
  0.1533E+00
  0.1575E+00
  0.1555E+00
  0.1538E+00
  0.1609E+00
  0.1614E+00
  0.1641E+00
  0.1581E+00
  0.1648E+00
  0.1609E+00
  0.1426E+00
  0.1557E+00
  0.1529E+00
  0.1564E+00
  0.1531E+00
  0.1547E+00
  0.1317E+00
  0.1555E+00
  0.1658E+00
  0.1718E+00
  0.1750E+00
  0.1770E+00
  0.1781E+00
  0.1779E+00
  0.1754E+00
  0.1676E+00
  0.1502E+00
  0.1632E+00
  0.1732E+00
  0.1708E+00
  0.1596E+00
  0.1630E+00
  0.1771E+00
  0.1790E+00
  0.1838E+00
  0.1830E+00
  0.1797E+00
  0.1691E+00
  0.1478E+00
  0.1578E+00
  0.1755E+00
  0.1842E+00
  0.1879E+00
  0.1894E+00
  0.1882E+00
  0.1803E+00
  0.1744E+00
  0.1631E+00
  0.1521E+00
  0.1706E+00
  0.1791E+00
  0.1870E+00
  0.1939E+00
  0.1969E+00
  0.1985E+00
  0.1996E+00
  0.2007E+00
  0.2011E+00
  0.2011E+00
  0.2008E+00
  0.1993E+00
  0.1967E+00
  0.1919E+00
  0.1844E+00
  0.1705E+00
  0.1470E+00
  0.1466E+00
  0.1676E+00
  0.1820E+00
  0.1887E+00
  0.1940E+00
  0.1899E+00
  0.1988E+00
  0.2018E+00
  0.1972E+00
  0.1704E+00
  0.1962E+00
  0.2055E+00
  0.2076E+00
  0.2038E+00
  0.2078E+00
  0.2068E+00
  0.1997E+00
  0.1804E+00
  0.1645E+00
  0.1900E+00
  0.2050E+00
  0.2100E+00
  0.2113E+00
  0.2155E+00
  0.2157E+00
  0.2141E+00
  0.2089E+00
  0.2067E+00
  0.2028E+00
  0.1884E+00
  0.1652E+00
  0.1735E+00
  0.1966E+00
  0.2068E+00
  0.2138E+00
  0.2177E+00
  0.2196E+00
  0.2195E+00
  0.2177E+00
  0.2148E+00
  0.2097E+00
  0.1942E+00
  0.1626E+00
  0.1858E+00
  0.2065E+00
  0.2154E+00
  0.2204E+00
  0.2222E+00
  0.2212E+00
  0.2166E+00
  0.2050E+00
  0.1761E+00
  0.1875E+00
  0.2095E+00
  0.2210E+00
  0.2257E+00
  0.2265E+00
  0.2212E+00
  0.2138E+00
  0.2259E+00
  0.2308E+00
  0.2324E+00
  0.2325E+00
  0.2310E+00
  0.2259E+00
  0.2129E+00
  0.1842E+00
  0.2115E+00
  0.2141E+00
  0.1958E+00
  0.1808E+00
  0.2096E+00
  0.2224E+00
  0.2269E+00
  0.2288E+00
  0.2282E+00
  0.2232E+00
  0.2104E+00
  0.1973E+00
  0.2035E+00
  0.2010E+00
  0.2117E+00
  0.2130E+00
  0.2082E+00
  0.1949E+00
  0.1678E+00
  0.1884E+00
  0.1961E+00
  0.1987E+00
  0.1981E+00
  0.1945E+00
  0.1887E+00
  0.1879E+00
  0.1821E+00
  0.1906E+00
  0.1928E+00
  0.1895E+00
  0.1810E+00
  0.1718E+00
  0.1478E+00
  0.1326E+00
  0.1457E+00
  0.1637E+00
  0.1746E+00
  0.1710E+00
  0.1784E+00
  0.1811E+00
  0.1795E+00
  0.1733E+00
  0.1706E+00
  0.1757E+00
  0.1767E+00
  0.1728E+00
  0.1663E+00
  0.1643E+00
  0.1604E+00
  0.1564E+00
  0.1493E+00
  0.1432E+00
  0.1414E+00
  0.1358E+00
  0.1337E+00
  0.1305E+00
  0.1289E+00
  0.1267E+00
  0.1192E+00
  0.1253E+00
  0.1244E+00
  0.1203E+00
  0.1208E+00
  0.1202E+00
  0.1191E+00
  0.1199E+00
  0.1173E+00
  0.7161E-01
  0.1161E+00
  0.1161E+00
  0.1122E+00
  0.1104E+00
  0.1019E+00
  0.1086E+00
  0.1082E+00
  0.8535E-01
  0.9969E-01
  0.9888E-01
  0.9275E-01
  0.1053E+00
  0.1021E+00
  0.8974E-01
  0.9574E-01
  0.9300E-01
  0.1012E+00
  0.9820E-01
  0.8137E-01
  0.9260E-01
  0.9782E-01
  0.9520E-01
  0.9436E-01
  0.5208E-01
  0.8912E-01
  0.9441E-01
  0.8525E-01
  0.8059E-01
  0.8663E-01
  0.9167E-01
  0.8889E-01
  0.7327E-01
  0.7637E-01
  0.7606E-01
  0.8098E-01
  0.7185E-01
  0.6133E-01
  0.6415E-01
  0.4697E-01
  0.7226E-01
  0.6685E-01
  0.4242E-01
  0.6443E-01
  0.5770E-01
  0.6200E-01
  0.6305E-01
  0.5292E-01
  0.4021E-01
  0.3911E-01
  0.2566E-01
  0.5576E-01
  0.5094E-01
  0.4015E-01
  0.4338E-01
  0.5166E-01
  0.5279E-01
  0.5029E-01
  0.4271E-01
  0.3815E-01
  0.4327E-01
  0.5078E-01
  0.3652E-01
  0.3464E-01
  0.3558E-01
  0.3655E-01
  0.3558E-01
  0.4138E-01
  0.4725E-01
  0.4776E-01
  0.4016E-01
  0.3438E-01
  0.4064E-01
  0.4774E-01
  0.4803E-01
  0.4104E-01
  0.3354E-01
  0.4625E-01
  0.4885E-01
  0.4944E-01
  0.4002E-01
  0.4274E-01
  0.5290E-01
  0.5438E-01
  0.5150E-01
  0.3195E-01
  0.5507E-01
  0.5963E-01
  0.5886E-01
  0.5082E-01
  0.5780E-01
  0.6143E-01
  0.6676E-01
  0.6250E-01
  0.5901E-01
  0.7018E-01
  0.6257E-01
  0.7119E-01
  0.5536E-01
  0.6490E-01
  0.6647E-01
  0.6590E-01
  0.6927E-01
  0.5954E-01
  0.7212E-01
  0.6433E-01
  0.4444E-01
  0.5521E-01
  0.6063E-01
  0.7134E-01
  0.7280E-01
  0.7266E-01
  0.6900E-01
  0.3169E-01
  0.6781E-01
  0.7105E-01
  0.5957E-01
  0.6902E-01
  0.6050E-01
  0.6439E-01
  0.7048E-01
  0.6165E-01
  0.6851E-01
  0.6833E-01
  0.3965E-01
  0.7008E-01
  0.7368E-01
  0.7518E-01
  0.7480E-01
  0.7220E-01
  0.5524E-01
  0.6427E-01
  0.7643E-01
  0.7693E-01
  0.7662E-01
  0.7500E-01
  0.6931E-01
  0.7691E-01
  0.7791E-01
  0.7811E-01
  0.7828E-01
  0.7818E-01
  0.7783E-01
  0.7985E-01
  0.8235E-01
  0.8374E-01
  0.8527E-01
  0.8386E-01
  0.8917E-01
  0.9294E-01
  0.9379E-01
  0.9234E-01
  0.8798E-01
  0.9252E-01
  0.9457E-01
  0.9400E-01
  0.9094E-01
  0.8691E-01
  0.9312E-01
  0.9486E-01
  0.9233E-01
  0.8615E-01
  0.7753E-01
  0.7057E-01
  0.6984E-01
  0.7538E-01
  0.8170E-01
  0.8530E-01
  0.8479E-01
  0.8025E-01
  0.8118E-01
  0.8430E-01
  0.8561E-01
  0.8424E-01
  0.8082E-01
  0.8316E-01
  0.8911E-01
  0.9306E-01
  0.9414E-01
  0.9362E-01
  0.9881E-01
  0.1091E+00
  0.1176E+00
  0.1231E+00
  0.1293E+00
  0.1395E+00
  0.1545E+00
  0.1675E+00
  0.1773E+00
  0.1860E+00
  0.1954E+00
  0.2027E+00
  0.1939E+00
  0.1808E+00
  0.2104E+00
  0.2301E+00
  0.2412E+00
  0.2475E+00
  0.2510E+00
  0.2533E+00
  0.2548E+00
  0.2548E+00
  0.2510E+00
  0.2554E+00
  0.2581E+00
  0.2600E+00
  0.2608E+00
  0.2611E+00
  0.2610E+00
  0.2583E+00
  0.2539E+00
  0.2554E+00
  0.2477E+00
  0.2533E+00
  0.2582E+00
  0.2629E+00
  0.2649E+00
  0.2661E+00
  0.2672E+00
  0.2658E+00
  0.2596E+00
  0.2443E+00
  0.2407E+00
  0.2571E+00
  0.2650E+00
  0.2666E+00
  0.2647E+00
  0.2590E+00
  0.2624E+00
  0.2652E+00
  0.2654E+00
  0.2644E+00
  0.2625E+00
  0.2595E+00
  0.2605E+00
  0.2600E+00
  0.2581E+00
  0.2554E+00
  0.2544E+00
  0.2496E+00
  0.2442E+00
  0.2466E+00
  0.2463E+00
  0.2454E+00
  0.2446E+00
  0.2408E+00
  0.2375E+00
  0.2363E+00
  0.2319E+00
  0.2264E+00
  0.2265E+00
  0.2236E+00
  0.2187E+00
  0.2164E+00
  0.2150E+00
  0.2114E+00
  0.2093E+00
  0.2042E+00
  0.2048E+00
  0.2071E+00
  0.2044E+00
  0.2023E+00
  0.1967E+00
  0.1905E+00
  0.1852E+00
  0.1758E+00
  0.1740E+00
  0.1649E+00
  0.1604E+00
  0.1564E+00
  0.1438E+00
  0.1438E+00
  0.1312E+00
  0.1236E+00
  0.1208E+00
  0.1042E+00
  0.1032E+00
  0.9750E-01
  0.8278E-01
  0.8567E-01
  0.7947E-01
  0.6845E-01
  0.7204E-01
  0.6749E-01
  0.5703E-01
  0.6202E-01
  0.6043E-01
  0.5288E-01
  0.5482E-01
  0.5650E-01
  0.5285E-01
  0.4934E-01
  0.5412E-01
  0.5546E-01
  0.5383E-01
  0.5384E-01
  0.6250E-01
  0.7042E-01
  0.7921E-01
  0.8566E-01
  0.7584E-01
  0.6324E-01
  0.5287E-01
  0.4959E-01
  0.4883E-01
  0.4819E-01
  0.4750E-01
  0.4678E-01
  0.4619E-01
  0.4593E-01
  0.4611E-01
  0.4689E-01
  0.4842E-01
  0.5084E-01
  0.5438E-01
  0.5906E-01
  0.6514E-01
  0.7271E-01
  0.8176E-01
  0.9235E-01
  0.1040E+00
  0.1170E+00
  0.1318E+00
  0.1457E+00
  0.1601E+00
  0.1723E+00
  0.1815E+00
  0.1904E+00
  0.1950E+00
  0.1966E+00
  0.2006E+00
  0.2006E+00
  0.1994E+00
  0.2008E+00
  0.1998E+00
  0.1966E+00
  0.1969E+00
  0.1963E+00
  0.1902E+00
  0.1897E+00
  0.1883E+00
  0.1859E+00
  0.1785E+00
  0.1783E+00
  0.1733E+00
  0.1617E+00
  0.1576E+00
  0.1407E+00
  0.1364E+00
  0.1240E+00
  0.1135E+00
  0.1087E+00
  0.9177E-01
  0.9192E-01
  0.8107E-01
  0.7304E-01
  0.7263E-01
  0.5930E-01
  0.5957E-01
  0.5593E-01
  0.4554E-01
  0.4874E-01
  0.4397E-01
  0.3811E-01
  0.4072E-01
  0.3691E-01
  0.3299E-01
  0.3542E-01
  0.3332E-01
  0.2870E-01
  0.3200E-01
  0.3171E-01
  0.2872E-01
  0.2955E-01
  0.3099E-01
  0.3022E-01
  0.2727E-01
  0.3077E-01
  0.3338E-01
  0.3518E-01
  0.3814E-01
  0.4443E-01
  0.3992E-01
  0.3160E-01
  0.2937E-01
  0.2875E-01
  0.2820E-01
  0.2756E-01
  0.2689E-01
  0.2624E-01
  0.2567E-01
  0.2515E-01
  0.2455E-01
  0.2354E-01
  0.2276E-01
  0.2553E-01
  0.2791E-01
  0.3021E-01
  0.3301E-01
  0.3655E-01
  0.4100E-01
  0.4638E-01
  0.5279E-01
  0.6087E-01
  0.7088E-01
  0.8185E-01
  0.9353E-01
  0.1058E+00
  0.1177E+00
  0.1281E+00
  0.1359E+00
  0.1415E+00
  0.1507E+00
  0.1592E+00
  0.1619E+00
  0.1556E+00
  0.1569E+00
  0.1673E+00
  0.1678E+00
  0.1615E+00
  0.1650E+00
  0.1727E+00
  0.1759E+00
  0.1766E+00
  0.1752E+00
  0.1720E+00
  0.1627E+00
  0.1465E+00
  0.1600E+00
  0.1698E+00
  0.1727E+00
  0.1733E+00
  0.1728E+00
  0.1714E+00
  0.1691E+00
  0.1655E+00
  0.1592E+00
  0.1475E+00
  0.1277E+00
  0.1188E+00
  0.1311E+00
  0.1460E+00
  0.1562E+00
  0.1607E+00
  0.1627E+00
  0.1634E+00
  0.1628E+00
  0.1609E+00
  0.1564E+00
  0.1465E+00
  0.1399E+00
  0.1431E+00
  0.1418E+00
  0.1493E+00
  0.1542E+00
  0.1561E+00
  0.1563E+00
  0.1555E+00
  0.1540E+00
  0.1516E+00
  0.1466E+00
  0.1385E+00
  0.1268E+00
  0.1276E+00
  0.1357E+00
  0.1373E+00
  0.1339E+00
  0.1265E+00
  0.1134E+00
  0.9510E-01
  0.8791E-01
  0.1050E+00
  0.1191E+00
  0.1264E+00
  0.1301E+00
  0.1306E+00
  0.1296E+00
  0.1247E+00
  0.1147E+00
  0.9932E-01
  0.9302E-01
  0.1071E+00
  0.1180E+00
  0.1227E+00
  0.1250E+00
  0.1233E+00
  0.1219E+00
  0.1145E+00
  0.1012E+00
  0.9715E-01
  0.1102E+00
  0.1181E+00
  0.1213E+00
  0.1213E+00
  0.1189E+00
  0.1146E+00
  0.1120E+00
  0.1057E+00
  0.9567E-01
  0.8313E-01
  0.7894E-01
  0.8738E-01
  0.9326E-01
  0.9338E-01
  0.8674E-01
  0.7912E-01
  0.8214E-01
  0.8032E-01
  0.7446E-01
  0.6681E-01
  0.5588E-01
  0.5339E-01
  0.5575E-01
  0.5295E-01
  0.4225E-01
  0.3980E-01
  0.3385E-01
  0.2450E-01
  0.2207E-01
  0.1859E-01
  0.1443E-01
  0.1312E-01
  0.1276E-01
  0.1139E-01
  0.1050E-01
  0.1102E-01
  0.1067E-01
  0.8653E-02
  0.1041E-01
  0.1035E-01
  0.8446E-02
  0.1002E-01
  0.1021E-01
  0.9537E-02
  0.9766E-02
  0.1043E-01
  0.1060E-01
  0.1162E-01
  0.1309E-01
  0.1084E-01
  0.6608E-02
  0.9684E-02
  0.9630E-02
  0.8762E-02
  0.9121E-02
  0.9416E-02
  0.9098E-02
  0.8312E-02
  0.9320E-02
  0.9269E-02
  0.7559E-02
  0.9180E-02
  0.9568E-02
  0.9288E-02
  0.8862E-02
  0.1090E-01
  0.1173E-01
  0.9695E-02
  0.1517E-01
  0.1763E-01
  0.1801E-01
  0.2193E-01
  0.2725E-01
  0.3155E-01
  0.3706E-01
  0.4009E-01
  0.4338E-01
  0.4324E-01
  0.4516E-01
  0.5023E-01
  0.5204E-01
  0.5193E-01
  0.5244E-01
  0.5156E-01
  0.4936E-01
  0.4654E-01
  0.4240E-01
  0.4028E-01
  0.4190E-01
  0.3869E-01
  0.3003E-01
  0.2866E-01
  0.3053E-01
  0.3050E-01
  0.2656E-01
  0.2256E-01
  0.2295E-01
  0.2770E-01
  0.3168E-01
  0.3328E-01
  0.3416E-01
  0.3311E-01
  0.3209E-01
  0.3116E-01
  0.2876E-01
  0.2689E-01
  0.2607E-01
  0.2347E-01
  0.1849E-01
  0.1615E-01
  0.1467E-01
  0.1151E-01
  0.1046E-01
  0.9773E-02
  0.1006E-01
  0.9034E-02
  0.7543E-02
  0.6743E-02
  0.6913E-02
  0.6737E-02
  0.6108E-02
  0.6112E-02
  0.6374E-02
  0.6226E-02
  0.4473E-02
  0.6044E-02
  0.6136E-02
  0.5798E-02
  0.5583E-02
  0.6005E-02
  0.5969E-02
  0.1863E-02
  0.6634E-02
  0.7032E-02
  0.5860E-02
  0.5566E-02
  0.5815E-02
  0.5478E-02
  0.5362E-02
  0.5609E-02
  0.5401E-02
  0.5103E-02
  0.5497E-02
  0.5420E-02
  0.4995E-02
  0.5549E-02
  0.5448E-02
  0.4969E-02
  0.5668E-02
  0.5566E-02
  0.5170E-02
  0.6006E-02
  0.6072E-02
  0.6387E-02
  0.6939E-02
  0.6012E-02
  0.5804E-02
  0.6493E-02
  0.6602E-02
  0.6113E-02
  0.6399E-02
  0.8363E-02
  0.9533E-02
  0.9090E-02
  0.6314E-02
  0.9102E-02
  0.1061E-01
  0.1116E-01
  0.1087E-01
  0.1068E-01
  0.1022E-01
  0.1013E-01
  0.9267E-02
  0.7822E-02
  0.5889E-02
  0.4943E-02
  0.4696E-02
  0.6150E-02
  0.6825E-02
  0.4581E-02
  0.7003E-02
  0.8023E-02
  0.7881E-02
  0.6630E-02
  0.3877E-02
  0.6254E-02
  0.6905E-02
  0.6309E-02
  0.5545E-02
  0.4395E-02
  0.4325E-02
  0.5426E-02
  0.6444E-02
  0.7020E-02
  0.7236E-02
  0.7213E-02
  0.6952E-02
  0.6181E-02
  0.4956E-02
  0.5087E-02
  0.5904E-02
  0.5761E-02
  0.5261E-02
  0.4854E-02
  0.4193E-02
  0.3805E-02
  0.3680E-02
  0.3734E-02
  0.4083E-02
  0.4470E-02
  0.4405E-02
  0.3934E-02
  0.1513E-02
  0.3880E-02
  0.4337E-02
  0.4488E-02
  0.4198E-02
  0.3690E-02
  0.3387E-02
  0.3245E-02
  0.3915E-02
  0.2600E-02
  0.4318E-02
  0.4735E-02
  0.4775E-02
  0.4053E-02
  0.4609E-02
  0.4542E-02
  0.4212E-02
  0.3651E-02
  0.2450E-02
  0.3538E-02
  0.3016E-02
  0.3214E-02
  0.3683E-02
  0.3663E-02
  0.3372E-02
  0.2558E-02
  0.3202E-02
  0.2688E-02
  0.3188E-02
  0.3272E-02
  0.3258E-02
  0.3104E-02
  0.2855E-02
  0.2750E-02
  0.2683E-02
  0.2685E-02
  0.3045E-02
  0.3189E-02
  0.2926E-02
  0.3259E-02
  0.3027E-02
  0.2924E-02
  0.1859E-02
  0.2913E-02
  0.2785E-02
  0.2146E-02
  0.2510E-02
  0.2701E-02
  0.2740E-02
  0.2772E-02
  0.2774E-02
  0.2424E-02
  0.2903E-02
  0.2845E-02
  0.2662E-02
  0.2407E-02
  0.2630E-02
  0.2623E-02
  0.2517E-02
  0.2199E-02
  0.2225E-02
  0.2359E-02
  0.2149E-02
  0.2444E-02
  0.2409E-02
  0.2570E-02
  0.2650E-02
  0.2660E-02
  0.2568E-02
  0.2595E-02
  0.2514E-02
  0.2374E-02
  0.2309E-02
  0.2292E-02
  0.1705E-02
  0.1646E-02
  0.1968E-02
  0.2181E-02
  0.2285E-02
  0.2274E-02
  0.1407E-02
  0.2275E-02
  0.2269E-02
  0.2083E-02
  0.1617E-02
  0.2160E-02
  0.2199E-02
  0.2142E-02
  0.2018E-02
  0.8497E-03
  0.1983E-02
  0.2096E-02
  0.2187E-02
  0.2297E-02
  0.2405E-02
  0.2529E-02
  0.2617E-02
  0.2700E-02
  0.2747E-02
  0.2767E-02
  0.2700E-02
  0.2733E-02
  0.2683E-02
  0.2536E-02
  0.2351E-02
  0.2471E-02
  0.2708E-02
  0.2708E-02
  0.2625E-02
  0.2025E-02
  0.2411E-02
  0.2203E-02
  0.2450E-02
  0.2342E-02
  0.2053E-02
  0.2063E-02
  0.1837E-02
  0.2011E-02
  0.1910E-02
  0.1793E-02
  0.1690E-02
  0.1490E-02
  0.1527E-02
  0.1666E-02
  0.1722E-02
  0.1726E-02
  0.1611E-02
  0.1184E-02
  0.1645E-02
  0.1677E-02
  0.1513E-02
  0.1591E-02
  0.1693E-02
  0.1691E-02
  0.1629E-02
  0.1539E-02
  0.9660E-03
  0.1393E-02
  0.1256E-02
  0.1546E-02
  0.1593E-02
  0.1615E-02
  0.1534E-02
  0.1538E-02
  0.1443E-02
  0.1182E-02
  0.7438E-03
  0.1346E-02
  0.1411E-02
  0.1344E-02
  0.4496E-03
  0.1133E-02
  0.1309E-02
  0.1383E-02
  0.1419E-02
  0.1442E-02
  0.1438E-02
  0.1382E-02
  0.1221E-02
  0.1303E-02
  0.1387E-02
  0.1396E-02
  0.1342E-02
  0.1221E-02
  0.1191E-02
  0.1213E-02
  0.1285E-02
  0.1288E-02
  0.1098E-02
  0.1225E-02
  0.1303E-02
  0.1335E-02
  0.1272E-02
  0.1261E-02
  0.1189E-02
  0.1111E-02
  0.7243E-03
  0.1146E-02
  0.1203E-02
  0.1223E-02
  0.1158E-02
  0.1237E-02
  0.1211E-02
  0.1160E-02
  0.1077E-02
  0.9277E-03
  0.1044E-02
  0.1053E-02
  0.3376E-03
  0.7624E-03
  0.1086E-02
  0.1092E-02
  0.1054E-02
  0.8790E-03
  0.1061E-02
  0.1153E-02
  0.1137E-02
  0.1213E-02
  0.1206E-02
  0.1077E-02
  0.9606E-03
  0.1022E-02
  0.4673E-03
  0.6738E-03
  0.1028E-02
  0.1140E-02
  0.1227E-02
  0.1179E-02
  0.1329E-02
  0.1350E-02
  0.1323E-02
  0.1232E-02
  0.9479E-03
  0.1064E-02
  0.9628E-03
  0.8684E-03
  0.7947E-03
  0.9361E-03
  0.9604E-03
  0.8972E-03
  0.5977E-03
  0.9018E-03
  0.9867E-03
  0.9696E-03
  0.1121E-02
  0.1041E-02
  0.9285E-03
  0.5347E-03
  0.9908E-03
  0.8392E-03
  0.1083E-02
  0.1294E-02
  0.1308E-02
  0.1049E-02
  0.1026E-02
  0.1220E-02
  0.1139E-02
  0.8575E-03
  0.8391E-03
  0.1091E-02
  0.1227E-02
  0.1206E-02
  0.1019E-02
  0.8896E-03
  0.8094E-03
  0.6016E-03
  0.6387E-03
  0.7269E-03
  0.8052E-03
  0.8950E-03
  0.1062E-02
  0.1083E-02
  0.8695E-03
  0.8238E-03
  0.1173E-02
  0.1254E-02
  0.8278E-03
  0.1379E-02
  0.1344E-02
  0.1189E-02
  0.9443E-03
  0.7233E-03
  0.5866E-03
  0.6920E-03
  0.8636E-03
  0.9243E-03
  0.1059E-02
  0.8069E-03
  0.6385E-03
  0.9387E-03
  0.9986E-03
  0.1485E-02
  0.1493E-02
  0.1636E-02
  0.1488E-02
  0.1419E-02
  0.9372E-03
  0.8576E-03
  0.1358E-02
  0.1710E-02
  0.1864E-02
  0.1918E-02
  0.1533E-02
  0.1959E-02
  0.1861E-02
  0.1715E-02
  0.1457E-02
  0.1140E-02
  0.6440E-03
  0.8623E-03
  0.9181E-03
  0.6139E-03
  0.5083E-03
  0.6865E-03
  0.1055E-02
  0.1334E-02
  0.1420E-02
  0.1411E-02
  0.1126E-02
  0.1422E-02
  0.1336E-02
  0.1075E-02
  0.7283E-03
  0.5032E-03
  0.5154E-03
  0.7492E-03
  0.9601E-03
  0.1240E-02
  0.1515E-02
  0.1651E-02
  0.1688E-02
  0.1826E-02
  0.1878E-02
  0.1864E-02
  0.1783E-02
  0.1515E-02
  0.1641E-02
  0.1610E-02
  0.1529E-02
  0.1318E-02
  0.1010E-02
  0.6629E-03
  0.5554E-03
  0.5023E-03
  0.5109E-03
  0.7774E-03
  0.8113E-03
  0.8574E-03
  0.9399E-03
  0.1090E-02
  0.1083E-02
  0.9631E-03
  0.6160E-03
  0.4194E-03
  0.6982E-03
  0.6880E-03
  0.5769E-03
  0.6226E-03
  0.5197E-03
  0.4459E-03
  0.4383E-03
  0.5220E-03
  0.5069E-03
  0.4085E-03
  0.4082E-03
  0.3121E-03
  0.3117E-03
  0.3787E-03
  0.3796E-03
  0.3685E-03
  0.3286E-03
  0.3106E-03
  0.2759E-03
  0.3012E-03
  0.3302E-03
  0.3260E-03
  0.2966E-03
  0.2582E-03
  0.2069E-03
  0.2790E-03
  0.2943E-03
  0.2919E-03
  0.2684E-03
  0.1988E-03
  0.2198E-03
  0.2703E-03
  0.2810E-03
  0.2744E-03
  0.2386E-03
  0.1783E-03
  0.2717E-03
  0.2874E-03
  0.2845E-03
  0.2680E-03
  0.1389E-03
  0.1821E-03
  0.2334E-03
  0.2567E-03
  0.2826E-03
  0.2881E-03
  0.2841E-03
  0.2378E-03
  0.2840E-03
  0.3230E-03
  0.3559E-03
  0.3745E-03
  0.3098E-03
  0.3515E-03
  0.3516E-03
  0.3123E-03
  0.2560E-03
  0.2663E-03
  0.2912E-03
  0.2917E-03
  0.2696E-03
  0.2308E-03
  0.2962E-03
  0.3261E-03
  0.3137E-03
  0.2239E-03
  0.3650E-03
  0.4462E-03
  0.3646E-03
  0.4619E-03
  0.7437E-03
  0.1176E-02
  0.1443E-02
  0.1549E-02
  0.1838E-02
  0.2098E-02
  0.2519E-02
  0.2670E-02
  0.2822E-02
  0.2977E-02
  0.3031E-02
  0.2855E-02
  0.2674E-02
  0.2399E-02
  0.1855E-02
  0.1459E-02
  0.1544E-02
  0.9680E-03
  0.8184E-03
  0.1339E-02
  0.1769E-02
  0.1858E-02
  0.1856E-02
  0.1567E-02
  0.1623E-02
  0.1468E-02
  0.8087E-03
  0.7621E-03
  0.7584E-03
  0.5589E-03
  0.3746E-03
  0.2340E-03
  0.2769E-03
  0.2701E-03
  0.2288E-03
  0.1868E-03
  0.1809E-03
  0.1975E-03
  0.1983E-03
  0.1886E-03
  0.1546E-03
  0.1702E-03
  0.1832E-03
  0.1834E-03
  0.1743E-03
  0.1282E-03
  0.1657E-03
  0.1763E-03
  0.1748E-03
  0.8746E-04
  0.1273E-03
  0.1679E-03
  0.1670E-03
  0.1277E-03
  0.8549E-04
  0.1581E-03
  0.1174E-03
  0.1451E-03
  0.1441E-03
  0.1539E-03
  0.1328E-03
  0.1318E-03
  0.8850E-04
  0.1240E-03
  0.6119E-04
  0.1286E-03
  0.1152E-03
  0.7240E-04
  0.9219E-04
  0.1078E-03
  0.1088E-03
  0.1011E-03
  0.7811E-04
  0.6554E-04
  0.8972E-04
  0.9809E-04
  0.9413E-04
  0.7865E-04
  0.4167E-04
  0.8674E-04
  0.9475E-04
  0.9606E-04
  0.8518E-04
  0.3658E-04
  0.9347E-04
  0.7660E-04
  0.3157E-04
  0.4916E-04
  0.9515E-04
  0.9412E-04
  0.6739E-04
  0.7929E-04
  0.9933E-04
  0.1048E-03
  0.1009E-03
  0.7450E-04
  0.9664E-04
  0.1131E-03
  0.1145E-03
  0.8234E-04
  0.9066E-04
  0.1184E-03
  0.1200E-03
  0.1188E-03
  0.1201E-03
  0.8472E-04
  0.1050E-03
  0.1217E-03
  0.1226E-03
  0.1152E-03
  0.1087E-03
  0.1025E-03
  0.1188E-03
  0.1218E-03
  0.1133E-03
  0.1167E-03
  0.9326E-04
  0.1131E-03
  0.1194E-03
  0.1162E-03
  0.1152E-03
  0.8974E-04
  0.1130E-03
  0.1255E-03
  0.1296E-03
  0.1224E-03
  0.1012E-03
  0.9959E-04
  0.9225E-04
  0.1114E-03
  0.1449E-03
  0.2116E-03
  0.2775E-03
  0.2813E-03
  0.3357E-03
  0.5558E-03
  0.7755E-03
  0.1005E-02
  0.1232E-02
  0.1568E-02
  0.1896E-02
  0.2145E-02
  0.2354E-02
  0.2641E-02
  0.2759E-02
  0.2645E-02
  0.2355E-02
  0.2589E-02
  0.2871E-02
  0.2801E-02
  0.2932E-02
  0.3067E-02
  0.3037E-02
  0.2573E-02
  0.2618E-02
  0.2509E-02
  0.1814E-02
  0.2271E-02
  0.3429E-02
  0.4080E-02
  0.4349E-02
  0.4344E-02
  0.4629E-02
  0.4870E-02
  0.4970E-02
  0.5018E-02
  0.5005E-02
  0.4889E-02
  0.4717E-02
  0.4383E-02
  0.4424E-02
  0.4382E-02
  0.4080E-02
  0.3815E-02
  0.3555E-02
  0.3607E-02
  0.3463E-02
  0.3147E-02
  0.2941E-02
  0.2649E-02
  0.2277E-02
  0.2184E-02
  0.1877E-02
  0.1596E-02
  0.1410E-02
  0.1208E-02
  0.9387E-03
  0.8460E-03
  0.6594E-03
  0.4875E-03
  0.4104E-03
  0.3289E-03
  0.2311E-03
  0.1860E-03
  0.1384E-03
  0.1180E-03
  0.8979E-04
  0.8019E-04
  0.7478E-04
  0.6939E-04
  0.6717E-04
  0.6328E-04
  0.5871E-04
  0.6025E-04
  0.5891E-04
  0.4790E-04
  0.5251E-04
  0.4905E-04
  0.5063E-04
  0.2915E-04
  0.4532E-04
  0.4610E-04
  0.2587E-04
  0.4266E-04
  0.3524E-04
  0.1862E-04
  0.3272E-04
  0.3034E-04
  0.2961E-04
  0.2235E-04
  0.2056E-04
  0.2804E-04
  0.1928E-04
  0.2359E-04
  0.1942E-04
  0.1992E-04
  0.2089E-04
  0.7240E-05
  0.8806E-05
  0.1718E-04
  0.2597E-05
  0.6787E-05
  0.1105E-04
  0.2694E-05
  0.1163E-04
  0.8056E-05
  0.1547E-05
  0.8431E-05
  0.9341E-05
  0.4977E-05
  0.6421E-05
  0.8581E-05
  0.7196E-05
  0.3009E-06
  0.6725E-05
  0.7881E-05
  0.6598E-05
  0.1317E-05
  0.6978E-06
  0.7988E-05
  0.8140E-05
  0.4868E-05
  0.9213E-05
  0.7173E-05
  0.3884E-05
  0.1538E-05
  0.4571E-05
  0.5449E-05
  0.6266E-05
  0.6350E-05
  0.6153E-05
  0.7112E-06
  0.5187E-05
  0.4628E-05
  0.4419E-05
  0.4519E-05
  0.4805E-05
  0.5012E-05
  0.5737E-05
  0.7228E-05
  0.3344E-05
  0.3140E-05
  0.6974E-06
  0.2621E-05
  0.4125E-05
  0.1270E-05
  0.2491E-05
  0.2281E-05
  0.5166E-06
  0.2208E-05
  0.3170E-05
  0.1020E-05
  0.1624E-05
  0.1037E-05
  0.3462E-06
  0.1681E-05
  0.1503E-05
  0.3707E-06
  0.1304E-05
  0.1334E-05
  0.8967E-06
  0.1025E-05
  0.9567E-06
  0.8898E-06
  0.8675E-06
  0.1040E-05
  0.1012E-05
  0.8452E-06
  0.8432E-06
  0.8267E-06
  0.8500E-06
  0.9277E-07
  0.8048E-06
  0.1515E-05
  0.1589E-06
  0.8066E-06
  0.9054E-06
  0.9296E-06
  0.8723E-06
  0.7848E-06
  0.7483E-06
  0.2152E-06
  0.7219E-06
  0.7364E-06
  0.7584E-06
  0.7952E-06
  0.8352E-06
  0.8776E-06
  0.9201E-06
  0.9573E-06
  0.9625E-06
  0.8864E-06
  0.6931E-06
  0.7247E-06
  0.1721E-05
  0.2737E-05
  0.3161E-05
  0.2110E-05
  0.3633E-05
  0.4363E-05
  0.1542E-05
  0.5235E-05
  0.1893E-05
  0.6051E-05
  0.6683E-05
  0.7403E-05
  0.8191E-05
  0.9000E-05
  0.9779E-05
  0.1051E-04
  0.1122E-04
  0.1197E-04
  0.1287E-04
  0.1504E-04
  0.1635E-04
  0.1758E-04
  0.1861E-04
  0.1945E-04
  0.2118E-04
  0.2219E-04
  0.2336E-04
  0.3214E-04
  0.5283E-04
  0.1731E-03
  0.3621E-03
  0.5833E-03
  0.6604E-03
  0.5850E-03
  0.5982E-03
  0.6460E-03
  0.6203E-03
  0.5760E-03
  0.7020E-03
  0.7969E-03
  0.8773E-03
  0.9974E-03
  0.1249E-02
  0.1440E-02
  0.1400E-02
  0.1170E-02
  0.9484E-03
  0.7676E-03
  0.6255E-03
  0.5198E-03
  0.4396E-03
  0.4318E-03
  0.4279E-03
  0.4352E-03
  0.4526E-03
  0.4815E-03
  0.5230E-03
  0.5778E-03
  0.6480E-03
  0.7350E-03
  0.8408E-03
  0.9592E-03
  0.1089E-02
  0.1238E-02
  0.1392E-02
  0.1525E-02
  0.1651E-02
  0.1748E-02
  0.1844E-02
  0.1902E-02
  0.1940E-02
  0.1931E-02
  0.1880E-02
  0.1832E-02
  0.1718E-02
  0.1567E-02
  0.1427E-02
  0.1264E-02
  0.1053E-02
  0.9051E-03
  0.7669E-03
  0.6026E-03
  0.3566E-03
  0.3353E-03
  0.2624E-03
  0.1690E-03
  0.7109E-04
  0.8777E-04
  0.6743E-04
  0.3539E-04
  0.2744E-04
  0.3365E-04
  0.2781E-04
  0.9763E-05
  0.2631E-04
  0.3419E-04
  0.2974E-04
  0.4293E-04
  0.1118E-03
  0.1999E-03
  0.3366E-03
