  0.9977E+03
  0.3831E+03
  0.1363E+03
  0.2623E+02
  0.7688E+01
  0.2296E+01
  0.8986E+00
  0.5694E+00
  0.4245E+00
  0.3718E+00
  0.3424E+00
  0.3343E+00
  0.3302E+00
  0.3371E+00
  0.3476E+00
  0.3376E+00
  0.3184E+00
  0.3091E+00
  0.3002E+00
  0.2914E+00
  0.2747E+00
  0.2667E+00
  0.2588E+00
  0.2588E+00
  0.2512E+00
  0.2512E+00
  0.2438E+00
  0.2438E+00
  0.2438E+00
  0.2367E+00
  0.2297E+00
  0.2163E+00
  0.2035E+00
  0.1853E+00
  0.1627E+00
  0.1412E+00
  0.1170E+00
  0.1022E+00
  0.9353E-01
  0.9076E-01
  0.8614E-01
  0.6130E-01
  0.3214E-01
  0.1560E-01
  0.1251E-01
  0.6599E-02
  0.1313E-02
  0.3771E-03
  0.4313E-03
  0.6100E-05
