 Planetary albedo [cm2 / molecules of air]
          0.00000000E+00
          0.26423308E-12
          0.39113157E-11
          0.19288793E-10
          0.60164429E-10
          0.14572632E-09
          0.30058322E-09
          0.55476423E-09
          0.94371877E-09
          0.15083168E-08
          0.22948488E-08
          0.33550255E-08
          0.47459781E-08
          0.65302582E-08
          0.87758381E-08
          0.11556110E-07
          0.14949887E-07
          0.19041403E-07
          0.23920311E-07
          0.29681686E-07
          0.36426021E-07
          0.44259233E-07
          0.53292657E-07
          0.63643048E-07
          0.75432583E-07
          0.88788859E-07
          0.10384489E-06
          0.12073912E-06
          0.13961540E-06
          0.16062302E-06
          0.18391666E-06
          0.20965645E-06
          0.23800793E-06
          0.76734427E-03
          0.47747961E-01
          0.18786372E+00
          0.53282985E-01
          0.36489480E-04
          0.47291545E-06
          0.52463916E-06
          0.11217932E+00
          0.30278115E-04
          0.70545981E-06
          0.77501568E-06
          0.19528659E-01
          0.21755660E+00
          0.47218950E-01
          0.81059591E-03
          0.46688532E-01
          0.39407353E-05
          0.14160887E-05
          0.15327238E-05
          0.11600370E-04
          0.17874554E-05
          0.19261161E-05
          0.20726919E-05
          0.22274783E-05
          0.23907766E-05
          0.25628930E-05
          0.27441395E-05
          0.29348334E-05
          0.31352974E-05
          0.33458596E-05
          0.35668536E-05
          0.37986184E-05
          0.40414984E-05
          0.42958433E-05
          0.45620085E-05
          0.48403546E-05
          0.51312475E-05
          0.54350590E-05
          0.57521657E-05
          0.60829502E-05
          0.64278000E-05
          0.67871085E-05
          0.71612741E-05
          0.75507008E-05
          0.79557982E-05
          0.83769809E-05
          0.88146893E-05
          0.92692924E-05
          0.97412712E-05
          0.10231052E-04
          0.10739074E-04
          0.11265784E-04
          0.11811635E-04
          0.92580202E-03
          0.11087433E+00
          0.14048193E-04
          0.14195693E-04
          0.14844230E-04
          0.15514738E-04
          0.16207707E-04
          0.16923635E-04
          0.17663022E-04
          0.18426375E-04
          0.19214207E-04
          0.17369188E-01
          0.12591502E-01
          0.73076855E-02
          0.16181934E-02
          0.18574404E-01
          0.26220355E+00
          0.13826333E+00
          0.26461499E-04
          0.27493450E-04
          0.31654266E-01
          0.10554768E+00
          0.22906192E+00
          0.97848711E-01
          0.12442095E-01
          0.21078137E-01
          0.62861159E-01
          0.14433949E+00
          0.23561107E+00
          0.21947953E+00
          0.18137214E+00
          0.15006451E+00
          0.54247218E-01
          0.46154547E-04
          0.46923630E-04
          0.48474895E-04
          0.50096724E-04
          0.51758906E-04
          0.53462109E-04
          0.55207002E-04
          0.10159055E-03
          0.58824559E-04
          0.60698588E-04
          0.62617037E-04
          0.64580602E-04
          0.66589984E-04
          0.68645891E-04
          0.70749034E-04
          0.72900132E-04
          0.75099907E-04
          0.77349089E-04
          0.79648410E-04
          0.81998611E-04
          0.84400436E-04
          0.86854634E-04
          0.89361962E-04
          0.91923181E-04
          0.94539056E-04
          0.97210359E-04
          0.99937867E-04
          0.10272236E-03
          0.10556463E-03
          0.10846547E-03
          0.11142568E-03
          0.11444606E-03
          0.11752742E-03
          0.12067057E-03
          0.12387634E-03
          0.12714555E-03
          0.13047902E-03
          0.13387761E-03
          0.13734215E-03
          0.14087348E-03
          0.14447246E-03
          0.14813994E-03
          0.15187680E-03
          0.15642010E-03
          0.15956211E-03
          0.16351302E-03
          0.46181477E-02
          0.25855490E-02
          0.64010627E-01
          0.18871455E-01
          0.18970904E+00
          0.55370523E-01
          0.25891894E+00
          0.22200933E+00
          0.28705045E+00
          0.28527145E+00
          0.29293590E+00
          0.28979076E+00
          0.20997664E+00
          0.28890860E+00
          0.28948062E+00
          0.25734280E+00
          0.24969189E+00
          0.20289582E+00
          0.97769523E-01
          0.15704172E-01
          0.26498259E-03
          0.27047718E-03
          0.17653583E+00
          0.77243984E-01
          0.28837918E-03
          0.29449271E-03
          0.30073847E-03
          0.30708300E-03
          0.31352735E-03
          0.32007254E-03
          0.32671962E-03
          0.33346964E-03
          0.34032366E-03
          0.34728274E-03
          0.35434794E-03
          0.36152033E-03
          0.36880100E-03
          0.37619101E-03
          0.38369146E-03
          0.39130344E-03
          0.39902805E-03
          0.40686639E-03
          0.41481956E-03
          0.42288869E-03
          0.43107489E-03
          0.43937927E-03
          0.44780298E-03
          0.45634715E-03
          0.46501290E-03
          0.47380140E-03
          0.48271379E-03
          0.49175122E-03
          0.50091486E-03
          0.51020587E-03
          0.51962542E-03
          0.52917469E-03
          0.53885485E-03
          0.54866711E-03
          0.55949515E-03
          0.56869426E-03
          0.27387487E-02
          0.90720088E-01
          0.42267255E-01
          0.15928517E+00
          0.11353961E+00
          0.21308670E+00
          0.23798742E+00
          0.19515888E+00
          0.20757751E+00
          0.16015927E+00
          0.20800228E+00
          0.28454775E+00
          0.26478171E+00
          0.20119091E+00
          0.16948191E+00
          0.75624689E-01
          0.68203658E-01
          0.77484497E-03
          0.78739631E-03
          0.91724604E-03
          0.16145085E-01
          0.11566231E+00
          0.91957874E-03
          0.85415795E-03
          0.86800397E-03
          0.88201740E-03
          0.16513758E+00
          0.11631491E-02
          0.92507552E-03
          0.93977200E-03
          0.95474741E-03
          0.22945879E+00
          0.28260624E+00
          0.23865376E+00
          0.10164651E-02
          0.10319108E-02
          0.10689132E-02
          0.19758414E-01
          0.20612037E+00
          0.13347315E+00
          0.27875851E-01
          0.34106634E-01
          0.11473860E-02
          0.11677220E-02
          0.11960071E-02
          0.11995367E-02
          0.12175269E-02
          0.12354257E-02
          0.12537340E-02
          0.13528757E-02
          0.12907874E-02
          0.13096082E-02
          0.13286633E-02
          0.13479251E-02
          0.13673951E-02
          0.13870748E-02
          0.14069657E-02
          0.14270692E-02
          0.14473869E-02
          0.14679203E-02
          0.14886708E-02
          0.15096400E-02
          0.15308293E-02
          0.15522404E-02
          0.15738747E-02
          0.15957338E-02
          0.16178192E-02
          0.16401324E-02
          0.16626750E-02
          0.16854485E-02
          0.17084545E-02
          0.17316946E-02
          0.17551715E-02
          0.17801968E-02
          0.18199375E-02
          0.18352787E-02
          0.43835122E-02
          0.16321012E-01
          0.19100725E-02
          0.19264851E-02
          0.31840880E-01
          0.88723292E-01
          0.22170940E+00
          0.15174710E+00
          0.12813815E-01
          0.71480046E-01
          0.28230274E+00
          0.28959774E+00
          0.27356317E+00
          0.29263204E+00
          0.28918892E+00
          0.24257478E+00
          0.25041137E+00
          0.27800609E+00
          0.27225536E+00
          0.29200285E+00
          0.29219558E+00
          0.22308048E+00
          0.16959017E+00
          0.13342269E+00
          0.10135468E+00
          0.19101477E-01
          0.25769462E-02
          0.26085268E-02
          0.91146009E-01
          0.39064505E-02
          0.27050044E-02
          0.27377479E-02
          0.12022831E+00
          0.18352509E+00
          0.93647526E-01
          0.16110410E+00
          0.15890312E+00
          0.76331955E-01
          0.11611719E+00
          0.14563910E+00
          0.70784148E-01
          0.14193120E+00
          0.63556678E-01
          0.29316568E-01
          0.47881251E-02
          0.33007137E-02
          0.32652781E-02
          0.33029520E-02
          0.33409492E-02
          0.33792717E-02
          0.34180152E-02
          0.34568982E-02
          0.34962064E-02
          0.35358470E-02
          0.35758217E-02
          0.36161323E-02
          0.36567808E-02
          0.36977688E-02
          0.39483421E-02
          0.15304703E-01
          0.12235984E+00
          0.46581436E-01
          0.12731927E+00
          0.16893274E+00
          0.19985824E+00
          0.20103112E+00
          0.21162065E+00
          0.95882720E-01
          0.21500152E+00
          0.23579995E+00
          0.20642922E+00
          0.21587859E+00
          0.28031504E+00
          0.27309404E+00
          0.14433921E+00
          0.19796142E+00
          0.29028020E+00
          0.28271954E+00
          0.23245305E+00
          0.66625653E-01
          0.11820015E-01
          0.29089502E+00
          0.28759094E+00
          0.21720984E+00
          0.23373715E+00
          0.28457209E+00
          0.29163647E+00
          0.29124721E+00
          0.28403843E+00
          0.28929547E+00
          0.28928142E+00
          0.28721903E+00
          0.28721270E+00
          0.28476577E+00
          0.27856080E+00
          0.26217573E+00
          0.28667373E+00
          0.27772677E+00
          0.25295318E+00
          0.28289873E+00
          0.28362237E+00
          0.28369822E+00
          0.28356142E+00
          0.27692423E+00
          0.25345558E+00
          0.18375693E+00
          0.21787612E+00
          0.11036596E+00
          0.16193994E+00
          0.37399588E-01
          0.49380546E-01
          0.42105678E-01
          0.10688277E+00
          0.39084742E-01
          0.48841176E-01
          0.90551052E-02
          0.13306842E-01
          0.83402409E-02
          0.73161900E-02
          0.69817507E-02
          0.70476497E-02
          0.71395184E-02
          0.72361549E-02
          0.72491989E-02
          0.90923073E-02
          0.73859167E-02
          0.74549873E-02
          0.75245351E-02
          0.75945622E-02
          0.14782017E-01
          0.10125078E+00
          0.10514390E+00
          0.14159712E+00
          0.14469213E+00
          0.13629546E+00
          0.10796296E+00
          0.11888563E+00
          0.91303696E-01
          0.60247372E-01
          0.46284917E-01
          0.58718722E-01
          0.10549296E+00
          0.21537591E-01
          0.12187644E-01
          0.17686655E-01
          0.94114155E-01
          0.20284716E+00
          0.26840984E+00
          0.27210065E+00
          0.27104359E+00
          0.28023432E+00
          0.28425088E+00
          0.28074524E+00
          0.27998631E+00
          0.28367292E+00
          0.28373107E+00
          0.28342490E+00
          0.27277343E+00
          0.25102169E+00
          0.18331148E+00
          0.28444977E+00
          0.28407663E+00
          0.28402123E+00
          0.28390279E+00
          0.28254697E+00
          0.28124882E+00
          0.28033450E+00
          0.27061036E+00
          0.27613177E+00
          0.27572618E+00
          0.27691202E+00
          0.28049446E+00
          0.27649414E+00
          0.26618464E+00
          0.26436727E+00
          0.26278319E+00
          0.26227971E+00
          0.23439070E+00
          0.24452369E+00
          0.21541613E+00
          0.20453241E+00
          0.14597771E+00
          0.43429087E-01
          0.82985959E-01
          0.14452406E+00
          0.72284066E-01
          0.22674559E+00
          0.29438731E-01
          0.11453452E+00
          0.96520499E-01
          0.11160387E+00
          0.20701051E+00
          0.24342827E+00
          0.25205687E+00
          0.26950921E+00
          0.27073755E+00
          0.25153284E+00
          0.24311778E+00
          0.24844800E+00
          0.25904916E+00
          0.26555846E+00
          0.20950595E+00
          0.27002575E+00
          0.23809469E+00
          0.25766808E+00
          0.25197247E+00
          0.23702889E+00
          0.26631034E+00
          0.27462170E+00
          0.26840675E+00
          0.22592205E+00
          0.27701932E+00
          0.27672226E+00
          0.27658017E+00
          0.27666344E+00
          0.27652873E+00
          0.27634430E+00
          0.27619381E+00
          0.27605863E+00
          0.27591171E+00
          0.27573987E+00
          0.27557743E+00
          0.27541152E+00
          0.27519387E+00
          0.27498928E+00
          0.27485041E+00
          0.27447706E+00
          0.27444834E+00
          0.27418433E+00
          0.27404666E+00
          0.27387947E+00
          0.27366370E+00
          0.27331150E+00
          0.27297670E+00
          0.27260455E+00
          0.27222804E+00
          0.27104808E+00
          0.27079968E+00
          0.26417477E+00
          0.26445138E+00
          0.26080275E+00
          0.25156814E+00
          0.21404287E+00
          0.24260978E+00
          0.17634818E+00
          0.19412418E+00
          0.18833472E+00
          0.12603274E+00
          0.14494135E+00
          0.10724806E+00
          0.44705590E-01
          0.44246317E-01
          0.13719109E+00
          0.21491491E+00
          0.31115684E-01
          0.57094596E-01
          0.11615522E+00
          0.22572596E+00
          0.24050076E+00
          0.25207179E+00
          0.26105688E+00
          0.25624522E+00
          0.25256008E+00
          0.25561704E+00
          0.25308045E+00
          0.24395620E+00
          0.24676426E+00
          0.23922167E+00
          0.21218474E+00
          0.22134752E+00
          0.20197649E+00
          0.19890480E+00
          0.25591170E+00
          0.23048456E+00
          0.20579154E+00
          0.18663856E+00
          0.22946196E+00
          0.25957751E+00
          0.26264069E+00
          0.26346870E+00
          0.26407770E+00
          0.26232565E+00
          0.26331256E+00
          0.26287651E+00
          0.26328582E+00
          0.26280258E+00
          0.26318534E+00
          0.26274472E+00
          0.26273599E+00
          0.26268892E+00
          0.26250994E+00
          0.26231317E+00
          0.26210290E+00
          0.26189800E+00
          0.26168080E+00
          0.26147821E+00
          0.26122780E+00
          0.26035863E+00
          0.26038254E+00
          0.25977054E+00
          0.25980317E+00
          0.25961558E+00
          0.25803297E+00
          0.25882560E+00
          0.25758999E+00
          0.25645205E+00
          0.25354091E+00
          0.24551723E+00
          0.24476710E+00
          0.23330755E+00
          0.24843766E+00
          0.24713402E+00
          0.23425951E+00
          0.24558622E+00
          0.24788980E+00
          0.23482572E+00
          0.22976401E+00
          0.23895016E+00
          0.25075109E+00
          0.25309981E+00
          0.25472374E+00
          0.25286081E+00
          0.25423794E+00
          0.25424230E+00
          0.25409915E+00
          0.25385589E+00
          0.25334276E+00
          0.25352069E+00
          0.25315814E+00
          0.25223840E+00
          0.25186639E+00
          0.24664295E+00
          0.25135389E+00
          0.25238385E+00
          0.24849244E+00
          0.24920668E+00
          0.24995021E+00
          0.25059868E+00
          0.25168287E+00
          0.25173079E+00
          0.25146288E+00
          0.25132964E+00
          0.25108761E+00
          0.25081034E+00
          0.25065768E+00
          0.25041930E+00
          0.25021318E+00
          0.24998505E+00
          0.24975045E+00
          0.24952062E+00
          0.24929702E+00
          0.24902669E+00
          0.24883309E+00
          0.24859721E+00
          0.24833974E+00
          0.24807212E+00
          0.24783068E+00
          0.24760266E+00
          0.24736169E+00
          0.24695741E+00
          0.24673727E+00
          0.24637990E+00
          0.24555180E+00
          0.24418690E+00
          0.24456265E+00
          0.24235627E+00
          0.23656472E+00
          0.24001883E+00
          0.23418727E+00
          0.23498812E+00
          0.22663243E+00
          0.21387075E+00
          0.22975830E+00
          0.23260989E+00
          0.21811994E+00
          0.22235816E+00
          0.22124060E+00
          0.21915296E+00
          0.20240880E+00
          0.23301910E+00
          0.23875342E+00
          0.23955289E+00
          0.24025943E+00
          0.24076927E+00
          0.24067364E+00
          0.24079683E+00
          0.24031026E+00
          0.24027316E+00
          0.24004270E+00
          0.23981431E+00
          0.23958818E+00
          0.23823625E+00
          0.23767038E+00
          0.23660393E+00
          0.23756227E+00
          0.23449890E+00
          0.23697101E+00
          0.23605432E+00
          0.23318538E+00
          0.23715637E+00
          0.23412742E+00
          0.23206322E+00
          0.23199049E+00
          0.23585703E+00
          0.23657254E+00
          0.23639397E+00
          0.23627092E+00
          0.23600862E+00
          0.23586957E+00
          0.23553129E+00
          0.23535367E+00
          0.23517160E+00
          0.23493723E+00
          0.23467466E+00
          0.23454122E+00
          0.23432944E+00
          0.23411268E+00
          0.23389250E+00
          0.23367147E+00
          0.23343472E+00
          0.23318268E+00
          0.23297326E+00
          0.23276575E+00
          0.23251910E+00
          0.23221698E+00
          0.23187359E+00
          0.23151317E+00
          0.23108720E+00
          0.23105230E+00
          0.23083616E+00
          0.22912316E+00
          0.22866529E+00
          0.22955401E+00
          0.22951826E+00
          0.22829321E+00
          0.22838392E+00
          0.22647235E+00
          0.22744718E+00
          0.22642874E+00
          0.22840448E+00
          0.22859186E+00
          0.22835913E+00
          0.22832392E+00
          0.22821678E+00
          0.22796395E+00
          0.22778971E+00
          0.22755762E+00
          0.22738597E+00
          0.22714871E+00
          0.22697405E+00
          0.22675745E+00
          0.22652573E+00
          0.22630175E+00
          0.22607807E+00
          0.22590517E+00
          0.22564022E+00
          0.22548571E+00
          0.22530452E+00
          0.22487611E+00
          0.22495937E+00
          0.22449910E+00
          0.22410934E+00
          0.22423454E+00
          0.22414470E+00
          0.22402877E+00
          0.22384426E+00
          0.22365210E+00
          0.22346773E+00
          0.22327764E+00
          0.22308448E+00
          0.22289416E+00
          0.22270530E+00
          0.22251756E+00
          0.22232844E+00
          0.22214481E+00
          0.22194727E+00
          0.22177832E+00
          0.22153961E+00
          0.22133410E+00
          0.22114914E+00
          0.22088273E+00
          0.21946979E+00
          0.22026612E+00
          0.22000850E+00
          0.21922407E+00
          0.21870428E+00
          0.21658051E+00
          0.21682381E+00
          0.21599324E+00
          0.21678917E+00
          0.21740372E+00
          0.21774162E+00
          0.21454720E+00
          0.21539520E+00
          0.21774244E+00
          0.21805108E+00
          0.21772203E+00
          0.21788028E+00
          0.21785519E+00
          0.21782313E+00
          0.21772043E+00
          0.21759779E+00
          0.21747302E+00
          0.21732723E+00
          0.21717556E+00
          0.21703193E+00
          0.21688770E+00
          0.21673366E+00
          0.21657090E+00
          0.21644468E+00
          0.21626075E+00
          0.21609828E+00
          0.21599375E+00
          0.21576708E+00
          0.21564661E+00
          0.21556844E+00
          0.21525715E+00
          0.21530381E+00
          0.21503488E+00
          0.21477241E+00
          0.21476409E+00
          0.21475643E+00
          0.21441400E+00
          0.21424164E+00
          0.21436751E+00
          0.21434967E+00
          0.21428215E+00
          0.21409928E+00
          0.21405661E+00
          0.21395614E+00
          0.21384592E+00
          0.21373905E+00
          0.21363455E+00
          0.21352618E+00
          0.21342531E+00
          0.21332375E+00
          0.21322370E+00
          0.21310005E+00
          0.21302247E+00
          0.21291658E+00
          0.21281899E+00
          0.21270658E+00
          0.21258367E+00
          0.21245556E+00
          0.21235317E+00
          0.21228824E+00
          0.21227506E+00
          0.21214169E+00
          0.21204303E+00
          0.21186010E+00
          0.21133298E+00
          0.21178065E+00
          0.21167963E+00
          0.21177687E+00
          0.21169171E+00
          0.21160872E+00
          0.21158609E+00
          0.21153828E+00
          0.21149963E+00
          0.21143667E+00
          0.21138757E+00
          0.21133310E+00
          0.21128348E+00
          0.21123401E+00
          0.21118708E+00
          0.21114152E+00
          0.21109667E+00
          0.21105575E+00
          0.21101295E+00
          0.21097563E+00
          0.21093692E+00
          0.21090826E+00
          0.21087570E+00
          0.21083673E+00
          0.21079981E+00
          0.21078050E+00
          0.21074266E+00
          0.21072894E+00
          0.21071815E+00
          0.21068821E+00
          0.21068839E+00
          0.21065551E+00
          0.21062899E+00
          0.21065869E+00
          0.21065508E+00
          0.21065642E+00
          0.21065690E+00
          0.21063894E+00
          0.21064540E+00
          0.21064957E+00
          0.21065035E+00
          0.21065047E+00
          0.21063896E+00
          0.21053347E+00
          0.21062577E+00
          0.21060384E+00
          0.21034695E+00
          0.21054480E+00
          0.21058060E+00
          0.21030329E+00
          0.21071998E+00
          0.21050511E+00
          0.20914590E+00
          0.21069780E+00
          0.21039349E+00
          0.21090116E+00
          0.21103456E+00
          0.21110932E+00
          0.21114379E+00
          0.21119165E+00
          0.21127557E+00
          0.21133289E+00
          0.21138556E+00
          0.21145212E+00
          0.21151380E+00
          0.21157881E+00
          0.21164565E+00
          0.21171441E+00
          0.21178554E+00
          0.21185893E+00
          0.21193478E+00
          0.21201258E+00
          0.21209299E+00
          0.21217591E+00
          0.21225982E+00
          0.21234709E+00
          0.21243736E+00
          0.21252335E+00
          0.21262336E+00
          0.21272334E+00
          0.21281449E+00
          0.21291490E+00
          0.21302477E+00
          0.21313393E+00
          0.21323733E+00
          0.21335097E+00
          0.21346866E+00
          0.21356677E+00
          0.21370754E+00
          0.21383072E+00
          0.21395271E+00
          0.21408647E+00
          0.21421636E+00
          0.21434714E+00
          0.21448248E+00
          0.21462019E+00
          0.21475954E+00
          0.21490019E+00
          0.21504257E+00
          0.21518907E+00
          0.21533194E+00
          0.21548531E+00
          0.21563344E+00
          0.21577016E+00
          0.21594623E+00
          0.21609888E+00
          0.21625024E+00
          0.21643899E+00
          0.21659431E+00
          0.21677976E+00
          0.21695257E+00
          0.21713969E+00
          0.21732068E+00
          0.21750464E+00
          0.21770004E+00
          0.21788706E+00
          0.21807537E+00
          0.21826977E+00
          0.21846540E+00
          0.21866437E+00
          0.21886446E+00
          0.21906574E+00
          0.21927122E+00
          0.21947783E+00
          0.21968964E+00
          0.21990472E+00
          0.22012050E+00
          0.22033862E+00
          0.22055928E+00
          0.22078240E+00
          0.22100810E+00
          0.22123624E+00
          0.22146705E+00
          0.22170015E+00
          0.22193622E+00
          0.22217435E+00
          0.22241451E+00
          0.22265835E+00
          0.22290217E+00
          0.22315196E+00
          0.22340062E+00
          0.22365482E+00
          0.22391039E+00
          0.22416618E+00
          0.22442712E+00
          0.22466261E+00
          0.22493206E+00
          0.22521203E+00
          0.22542751E+00
          0.22569567E+00
          0.22602351E+00
          0.22620599E+00
          0.22657702E+00
          0.22687116E+00
          0.22716545E+00
          0.22731605E+00
          0.22772726E+00
          0.22799728E+00
          0.22834762E+00
          0.22865168E+00
          0.22895557E+00
          0.22925642E+00
          0.22956789E+00
          0.22987989E+00
          0.23019181E+00
          0.23050597E+00
          0.23082310E+00
          0.23114265E+00
          0.23146451E+00
          0.23178868E+00
          0.23211528E+00
          0.23244426E+00
          0.23277598E+00
          0.23311007E+00
          0.23344666E+00
          0.23378565E+00
          0.23412709E+00
          0.23447098E+00
          0.23481732E+00
          0.23516606E+00
          0.23551723E+00
          0.23587076E+00
          0.23622694E+00
          0.23658536E+00
          0.23694597E+00
          0.23730956E+00
          0.23767399E+00
          0.23804310E+00
          0.23841362E+00
          0.23878619E+00
          0.23916014E+00
          0.23953943E+00
          0.23991775E+00
          0.24030125E+00
          0.24068612E+00
          0.24107259E+00
          0.24146108E+00
          0.24185363E+00
          0.24224843E+00
          0.24264581E+00
          0.24304482E+00
          0.24344579E+00
          0.24384764E+00
          0.24425543E+00
          0.24465977E+00
          0.24507168E+00
          0.24547850E+00
          0.24589960E+00
          0.24631666E+00
          0.24673731E+00
          0.24715821E+00
          0.24756523E+00
          0.24800790E+00
          0.24843960E+00
          0.24887028E+00
          0.24930375E+00
          0.24973958E+00
          0.25017612E+00
          0.25061686E+00
          0.25105854E+00
          0.25150267E+00
          0.25194944E+00
          0.25239817E+00
          0.25284894E+00
          0.25330179E+00
          0.25375648E+00
          0.25421427E+00
          0.25467398E+00
          0.25513526E+00
          0.25559905E+00
          0.25606520E+00
          0.25653307E+00
          0.25700310E+00
          0.25747545E+00
          0.25794964E+00
          0.25842553E+00
          0.25890431E+00
          0.25938485E+00
          0.25986674E+00
          0.26035143E+00
          0.26083761E+00
          0.26132436E+00
          0.26181519E+00
          0.26230826E+00
          0.26280171E+00
          0.26329638E+00
          0.26379119E+00
          0.26429303E+00
          0.26479553E+00
          0.26530284E+00
          0.26580956E+00
          0.26631520E+00
          0.26681137E+00
          0.26733786E+00
          0.26785836E+00
          0.26837682E+00
          0.26889688E+00
          0.26941726E+00
          0.26993946E+00
          0.27046430E+00
          0.27099028E+00
          0.27151814E+00
          0.27204774E+00
          0.27257934E+00
          0.27311267E+00
          0.27364779E+00
          0.27418477E+00
          0.27472360E+00
          0.27526419E+00
          0.27580657E+00
          0.27635077E+00
          0.27689671E+00
          0.27744444E+00
          0.27799384E+00
          0.27854509E+00
          0.27909810E+00
          0.27965283E+00
          0.28020925E+00
          0.28076733E+00
          0.28132722E+00
          0.28188870E+00
          0.28245194E+00
          0.28301685E+00
          0.28358339E+00
          0.28415159E+00
          0.28472142E+00
          0.28529285E+00
          0.28586599E+00
          0.28644074E+00
          0.28701706E+00
          0.28759486E+00
          0.28817419E+00
          0.28875546E+00
          0.28933788E+00
          0.28992199E+00
          0.29050786E+00
          0.29109446E+00
          0.29168380E+00
          0.29227357E+00
          0.29286307E+00
          0.29345957E+00
          0.29405435E+00
          0.29465062E+00
          0.29524875E+00
          0.29584786E+00
          0.29644822E+00
          0.29705045E+00
          0.29765432E+00
          0.29825870E+00
          0.29886584E+00
          0.29947388E+00
          0.30008329E+00
          0.30069392E+00
          0.30130597E+00
          0.30191933E+00
          0.30253405E+00
          0.30315010E+00
          0.30376748E+00
          0.30438619E+00
          0.30500621E+00
          0.30562753E+00
          0.30625015E+00
          0.30687410E+00
          0.30749924E+00
          0.30812571E+00
          0.30875338E+00
          0.30938212E+00
          0.31001250E+00
          0.31064359E+00
          0.31127656E+00
          0.31190948E+00
          0.31254507E+00
          0.31318148E+00
          0.31381871E+00
          0.31445707E+00
          0.31509516E+00
          0.31573693E+00
          0.31637944E+00
          0.31702236E+00
          0.31766723E+00
          0.31831221E+00
          0.31895874E+00
          0.31960398E+00
          0.32025539E+00
          0.32090431E+00
          0.32155635E+00
          0.32220818E+00
          0.32286103E+00
          0.32351499E+00
          0.32417015E+00
          0.32482613E+00
          0.32548312E+00
          0.32614104E+00
          0.32680004E+00
          0.32746000E+00
          0.32812093E+00
          0.32878281E+00
          0.32944560E+00
          0.33010940E+00
          0.33077412E+00
          0.33143969E+00
          0.33210628E+00
          0.33277375E+00
          0.33344209E+00
          0.33411131E+00
          0.33478141E+00
          0.33545237E+00
          0.33612420E+00
          0.33679687E+00
          0.33747037E+00
          0.33814471E+00
          0.33881989E+00
          0.33949586E+00
          0.34017265E+00
          0.34085023E+00
          0.34152860E+00
          0.34220774E+00
          0.34288765E+00
          0.34356832E+00
          0.34424973E+00
          0.34493190E+00
          0.34561478E+00
          0.34629839E+00
          0.34698274E+00
          0.34766771E+00
          0.34835350E+00
          0.34903988E+00
          0.34972697E+00
          0.35041475E+00
          0.35110320E+00
          0.35179234E+00
          0.35248210E+00
          0.35317246E+00
          0.35386320E+00
          0.35455516E+00
          0.35524744E+00
          0.35594035E+00
          0.35663373E+00
          0.35732775E+00
          0.35802250E+00
          0.35871767E+00
          0.35941351E+00
          0.36010984E+00
          0.36080671E+00
          0.36150412E+00
          0.36220206E+00
          0.36290053E+00
          0.36359951E+00
          0.36429900E+00
          0.36499899E+00
          0.36569948E+00
          0.36640042E+00
          0.36710188E+00
          0.36780377E+00
          0.36850614E+00
          0.36920894E+00
          0.36991220E+00
          0.37061587E+00
          0.37131994E+00
          0.37202439E+00
          0.37272947E+00
          0.37343492E+00
          0.37414062E+00
          0.37484686E+00
          0.37555334E+00
          0.37626023E+00
          0.37696711E+00
          0.37767515E+00
          0.37838305E+00
          0.37909177E+00
          0.37980047E+00
          0.38050946E+00
          0.38121887E+00
          0.38192861E+00
          0.38263861E+00
          0.38334891E+00
          0.38405944E+00
          0.38477039E+00
          0.38548161E+00
          0.38619307E+00
          0.38690479E+00
          0.38761678E+00
          0.38832903E+00
          0.38904152E+00
          0.38975426E+00
          0.39046724E+00
          0.39118044E+00
          0.39189386E+00
          0.39260751E+00
          0.39332136E+00
          0.39403541E+00
          0.39474966E+00
          0.39546410E+00
          0.39617873E+00
          0.39689354E+00
          0.39760851E+00
          0.39832364E+00
          0.39903894E+00
          0.39975438E+00
          0.40046997E+00
          0.40118571E+00
          0.40190157E+00
          0.40261756E+00
          0.40333367E+00
          0.40404989E+00
          0.40476622E+00
          0.40548266E+00
          0.40619920E+00
          0.40691580E+00
          0.40763253E+00
          0.40834929E+00
          0.40906616E+00
          0.40978308E+00
          0.41050006E+00
          0.41121711E+00
          0.41193419E+00
          0.41265136E+00
          0.41336854E+00
          0.41408573E+00
          0.41480298E+00
          0.41552024E+00
          0.41623751E+00
          0.41695479E+00
          0.41767208E+00
          0.41838937E+00
          0.41910665E+00
          0.41982392E+00
          0.42054117E+00
          0.42125841E+00
          0.42197561E+00
          0.42269278E+00
          0.42340992E+00
          0.42412701E+00
          0.42484405E+00
          0.42556105E+00
          0.42627798E+00
          0.42699485E+00
          0.42771163E+00
          0.42842838E+00
          0.42914501E+00
          0.42986158E+00
          0.43057805E+00
          0.43129443E+00
          0.43201070E+00
          0.43272690E+00
          0.43344300E+00
          0.43415897E+00
          0.43487482E+00
          0.43559055E+00
          0.43630616E+00
          0.43702163E+00
          0.43773696E+00
          0.43845215E+00
          0.43916720E+00
          0.43988210E+00
          0.44059685E+00
          0.44131144E+00
          0.44202586E+00
          0.44274012E+00
          0.44345420E+00
          0.44416811E+00
          0.44488184E+00
          0.44559539E+00
          0.44630875E+00
          0.44702191E+00
          0.44773488E+00
          0.44844765E+00
          0.44916021E+00
          0.44987256E+00
          0.45058470E+00
          0.45129661E+00
          0.45200831E+00
          0.45271977E+00
          0.45343102E+00
          0.45414203E+00
          0.45485280E+00
          0.45556333E+00
          0.45627361E+00
          0.45698364E+00
          0.45769342E+00
          0.45840294E+00
          0.45911220E+00
          0.45982120E+00
          0.46052993E+00
          0.46123838E+00
          0.46194656E+00
          0.46265446E+00
          0.46336207E+00
          0.46406940E+00
          0.46477644E+00
          0.46548318E+00
          0.46618963E+00
          0.46689578E+00
          0.46760162E+00
          0.46830715E+00
          0.46901238E+00
          0.46971728E+00
          0.47042187E+00
          0.47112613E+00
          0.47183008E+00
          0.47253369E+00
          0.47323697E+00
          0.47393991E+00
          0.47464252E+00
          0.47534478E+00
          0.47604670E+00
          0.47674827E+00
          0.47744949E+00
          0.47815036E+00
          0.47885087E+00
          0.47955102E+00
          0.48025080E+00
          0.48095022E+00
          0.48164927E+00
          0.48234794E+00
          0.48304624E+00
          0.48374416E+00
          0.48444170E+00
          0.48513885E+00
          0.48583562E+00
          0.48653199E+00
          0.48722797E+00
          0.48792356E+00
          0.48861874E+00
          0.48931353E+00
          0.49000790E+00
          0.49070188E+00
          0.49139544E+00
          0.49208858E+00
          0.49278131E+00
          0.49347362E+00
          0.49416552E+00
          0.49485698E+00
          0.49554802E+00
          0.49623863E+00
          0.49692881E+00
          0.49761856E+00
          0.49830786E+00
          0.49899673E+00
          0.49968516E+00
          0.50037314E+00
          0.50106067E+00
          0.50174776E+00
          0.50243439E+00
          0.50312056E+00
          0.50380628E+00
          0.50449154E+00
          0.50517634E+00
          0.50586068E+00
          0.50654455E+00
          0.50722794E+00
          0.50791087E+00
          0.50859333E+00
          0.50927530E+00
          0.50995680E+00
          0.51063782E+00
          0.51131836E+00
          0.51199841E+00
          0.51267798E+00
          0.51335705E+00
          0.51403564E+00
          0.51471373E+00
          0.51539132E+00
          0.51606842E+00
          0.51674502E+00
          0.51742111E+00
          0.51809670E+00
          0.51877179E+00
          0.51944636E+00
          0.52012043E+00
          0.52079398E+00
          0.52146702E+00
          0.52213954E+00
          0.52281155E+00
          0.52348303E+00
          0.52415399E+00
          0.52482443E+00
          0.52549434E+00
          0.52616372E+00
          0.52683257E+00
          0.52750089E+00
          0.52816868E+00
          0.52883593E+00
          0.52950265E+00
          0.53016882E+00
          0.53083446E+00
          0.53149955E+00
          0.53216409E+00
          0.53282809E+00
          0.53349155E+00
          0.53415445E+00
          0.53481680E+00
          0.53547860E+00
          0.53613984E+00
          0.53680053E+00
          0.53746065E+00
          0.53812022E+00
          0.53877923E+00
          0.53943767E+00
          0.54009555E+00
          0.54075286E+00
          0.54140960E+00
          0.54206577E+00
          0.54272138E+00
          0.54337641E+00
          0.54403086E+00
          0.54468474E+00
          0.54533804E+00
          0.54599077E+00
          0.54664291E+00
          0.54729447E+00
          0.54794545E+00
          0.54859584E+00
          0.54924565E+00
          0.54989487E+00
          0.55054349E+00
          0.55119153E+00
          0.55183898E+00
          0.55248584E+00
          0.55313209E+00
          0.55377776E+00
          0.55442282E+00
          0.55506729E+00
          0.55571116E+00
          0.55635442E+00
          0.55699709E+00
          0.55763915E+00
          0.55828060E+00
          0.55892145E+00
          0.55956169E+00
          0.56020132E+00
          0.56084034E+00
          0.56147875E+00
          0.56211654E+00
          0.56275372E+00
          0.56339029E+00
          0.56402624E+00
          0.56466157E+00
          0.56529629E+00
          0.56593038E+00
          0.56656386E+00
          0.56719671E+00
          0.56782893E+00
          0.56846054E+00
          0.56909152E+00
          0.56972187E+00
          0.57035159E+00
          0.57098069E+00
          0.57160915E+00
          0.57223699E+00
          0.57286419E+00
          0.57349076E+00
          0.57411669E+00
          0.57474199E+00
          0.57536666E+00
          0.57599069E+00
          0.57661408E+00
          0.57723683E+00
          0.57785894E+00
          0.57848041E+00
          0.57910124E+00
          0.57972142E+00
          0.58034096E+00
          0.58095986E+00
          0.58157811E+00
          0.58219572E+00
          0.58281268E+00
          0.58342899E+00
          0.58404465E+00
          0.58465966E+00
          0.58527402E+00
          0.58588772E+00
          0.58650078E+00
          0.58711318E+00
          0.58772493E+00
          0.58833602E+00
          0.58894646E+00
          0.58955624E+00
          0.59016537E+00
          0.59077383E+00
          0.59138164E+00
          0.59198879E+00
          0.59259527E+00
          0.59320110E+00
          0.59380626E+00
          0.59441076E+00
          0.59501460E+00
          0.59561778E+00
          0.59622029E+00
          0.59682213E+00
          0.59742331E+00
          0.59802382E+00
          0.59862366E+00
          0.59922284E+00
          0.59982134E+00
          0.60041918E+00
          0.60101635E+00
          0.60161284E+00
          0.60220867E+00
          0.60280382E+00
          0.60339830E+00
          0.60399211E+00
          0.60458525E+00
          0.60517771E+00
          0.60576949E+00
          0.60636060E+00
          0.60695103E+00
          0.60754079E+00
          0.60812987E+00
          0.60871827E+00
          0.60930600E+00
          0.60989304E+00
          0.61047941E+00
          0.61106510E+00
          0.61165011E+00
          0.61223443E+00
          0.61281808E+00
          0.61340104E+00
          0.61398332E+00
          0.61456492E+00
          0.61514584E+00
          0.61572607E+00
          0.61630562E+00
          0.61688448E+00
          0.61746266E+00
          0.61804016E+00
          0.61861697E+00
          0.61919309E+00
          0.61976853E+00
          0.62034328E+00
          0.62091734E+00
          0.62149072E+00
          0.62206341E+00
          0.62263541E+00
          0.62320672E+00
          0.62377734E+00
          0.62434728E+00
          0.62491652E+00
          0.62548507E+00
          0.62605294E+00
          0.62662011E+00
          0.62718659E+00
          0.62775238E+00
          0.62831748E+00
          0.62888189E+00
          0.62944561E+00
          0.63000863E+00
          0.63057096E+00
          0.63113260E+00
          0.63169355E+00
          0.63225380E+00
          0.63281336E+00
          0.63337222E+00
          0.63393039E+00
          0.63448787E+00
          0.63504465E+00
          0.63560074E+00
          0.63615613E+00
          0.63671083E+00
          0.63726483E+00
          0.63781814E+00
          0.63837075E+00
          0.63892267E+00
          0.63947389E+00
          0.64002441E+00
          0.64057424E+00
          0.64112337E+00
          0.64167180E+00
          0.64221954E+00
          0.64276658E+00
          0.64331293E+00
          0.64385857E+00
          0.64440352E+00
          0.64494777E+00
          0.64549133E+00
          0.64603419E+00
          0.64657635E+00
          0.64711781E+00
          0.64765857E+00
          0.64819864E+00
          0.64873801E+00
          0.64927668E+00
          0.64981465E+00
          0.65035193E+00
          0.65088850E+00
          0.65142438E+00
          0.65195956E+00
          0.65249404E+00
          0.65302783E+00
          0.65356091E+00
          0.65409330E+00
          0.65462499E+00
          0.65515598E+00
          0.65568627E+00
          0.65621587E+00
          0.65674476E+00
          0.65727296E+00
          0.65780046E+00
          0.65832726E+00
          0.65885336E+00
          0.65937877E+00
          0.65990348E+00
          0.66042748E+00
          0.66095080E+00
          0.66147341E+00
          0.66199532E+00
          0.66251654E+00
          0.66303706E+00
          0.66355688E+00
          0.66407601E+00
          0.66459443E+00
          0.66511216E+00
          0.66562919E+00
          0.66614553E+00
          0.66666117E+00
          0.66717611E+00
          0.66769035E+00
          0.66820390E+00
          0.66871675E+00
          0.66922891E+00
          0.66974036E+00
          0.67025113E+00
          0.67076119E+00
          0.67127056E+00
          0.67177924E+00
          0.67228721E+00
          0.67279450E+00
          0.67330109E+00
          0.67380698E+00
          0.67431218E+00
          0.67481668E+00
          0.67532049E+00
          0.67582360E+00
          0.67632602E+00
          0.67682775E+00
          0.67732878E+00
          0.67782912E+00
          0.67832877E+00
          0.67882772E+00
          0.67932598E+00
          0.67982355E+00
          0.68032042E+00
          0.68081660E+00
          0.68131209E+00
          0.68180689E+00
          0.68230100E+00
          0.68279442E+00
          0.68328714E+00
          0.68377917E+00
          0.68427052E+00
          0.68476117E+00
          0.68525114E+00
          0.68574041E+00
          0.68622899E+00
          0.68671689E+00
          0.68720410E+00
          0.68769061E+00
          0.68817644E+00
          0.68866159E+00
          0.68914604E+00
          0.68962981E+00
          0.69011289E+00
          0.69059528E+00
          0.69107699E+00
          0.69155801E+00
          0.69203834E+00
          0.69251799E+00
          0.69299695E+00
          0.69347523E+00
          0.69395283E+00
          0.69442974E+00
          0.69490597E+00
          0.69538151E+00
          0.69585637E+00
          0.69633055E+00
          0.69680404E+00
          0.69727686E+00
          0.69774899E+00
          0.69822044E+00
          0.69869121E+00
          0.69916130E+00
          0.69963071E+00
          0.70009944E+00
          0.70056749E+00
          0.70103486E+00
          0.70150155E+00
          0.70196756E+00
          0.70243290E+00
          0.70289756E+00
          0.70336154E+00
          0.70382484E+00
          0.70428747E+00
          0.70474942E+00
          0.70521070E+00
          0.70567130E+00
          0.70613123E+00
          0.70659049E+00
          0.70704907E+00
          0.70750697E+00
          0.70796421E+00
          0.70842077E+00
          0.70887666E+00
          0.70933188E+00
          0.70978643E+00
          0.71024030E+00
          0.71069351E+00
          0.71114605E+00
          0.71159791E+00
          0.71204911E+00
          0.71249964E+00
          0.71294951E+00
          0.71339870E+00
          0.71384723E+00
          0.71429509E+00
          0.71474229E+00
          0.71518882E+00
          0.71563468E+00
          0.71607988E+00
          0.71652442E+00
          0.71696829E+00
          0.71741150E+00
          0.71785405E+00
          0.71829594E+00
          0.71873716E+00
          0.71917772E+00
          0.71961763E+00
          0.72005687E+00
          0.72049545E+00
          0.72093338E+00
          0.72137064E+00
          0.72180725E+00
          0.72224320E+00
          0.72267849E+00
          0.72311313E+00
          0.72354711E+00
          0.72398043E+00
          0.72441310E+00
          0.72484512E+00
          0.72527648E+00
          0.72570719E+00
          0.72613725E+00
          0.72656665E+00
          0.72699540E+00
          0.72742351E+00
          0.72785096E+00
          0.72827776E+00
          0.72870391E+00
          0.72912941E+00
          0.72955427E+00
          0.72997847E+00
          0.73040203E+00
          0.73082495E+00
          0.73124721E+00
          0.73166883E+00
          0.73208981E+00
          0.73251014E+00
          0.73292983E+00
          0.73334888E+00
          0.73376728E+00
          0.73418504E+00
          0.73460216E+00
          0.73501864E+00
          0.73543448E+00
          0.73584968E+00
          0.73626424E+00
          0.73667816E+00
          0.73709144E+00
          0.73750409E+00
          0.73791609E+00
          0.73832747E+00
          0.73873820E+00
          0.73914831E+00
          0.73955778E+00
          0.73996661E+00
          0.74037481E+00
          0.74078238E+00
          0.74118932E+00
          0.74159562E+00
          0.74200130E+00
          0.74240634E+00
          0.74281076E+00
          0.74321455E+00
          0.74361771E+00
          0.74402024E+00
          0.74442214E+00
          0.74482342E+00
          0.74522407E+00
          0.74562410E+00
          0.74602350E+00
          0.74642228E+00
          0.74682044E+00
          0.74721797E+00
          0.74761488E+00
          0.74801117E+00
          0.74840684E+00
          0.74880189E+00
          0.74919632E+00
          0.74959014E+00
          0.74998333E+00
          0.75037591E+00
          0.75076787E+00
          0.75115921E+00
          0.75154994E+00
          0.75194005E+00
          0.75232955E+00
          0.75271844E+00
          0.75310671E+00
          0.75349437E+00
          0.75388142E+00
          0.75426786E+00
          0.75465369E+00
          0.75503891E+00
          0.75542352E+00
          0.75580752E+00
          0.75619091E+00
          0.75657370E+00
          0.75695588E+00
          0.75733746E+00
          0.75771843E+00
          0.75809879E+00
          0.75847856E+00
          0.75885772E+00
          0.75923627E+00
          0.75961423E+00
          0.75999159E+00
          0.76036834E+00
          0.76074450E+00
          0.76112006E+00
          0.76149501E+00
          0.76186938E+00
          0.76224314E+00
          0.76261631E+00
          0.76298888E+00
          0.76336086E+00
          0.76373225E+00
          0.76410304E+00
          0.76447324E+00
          0.76484285E+00
          0.76521186E+00
          0.76558029E+00
          0.76594812E+00
          0.76631537E+00
          0.76668203E+00
          0.76704809E+00
          0.76741358E+00
          0.76777847E+00
          0.76814278E+00
          0.76850651E+00
          0.76886965E+00
          0.76923221E+00
          0.76959418E+00
          0.76995558E+00
          0.77031639E+00
          0.77067662E+00
          0.77103627E+00
          0.77139534E+00
          0.77175383E+00
          0.77211174E+00
          0.77246908E+00
          0.77282584E+00
          0.77318203E+00
          0.77353763E+00
          0.77389267E+00
          0.77424713E+00
          0.77460102E+00
          0.77495433E+00
          0.77530708E+00
          0.77565925E+00
          0.77601085E+00
          0.77636189E+00
          0.77671235E+00
          0.77706225E+00
          0.77741158E+00
          0.77776034E+00
          0.77810853E+00
          0.77845617E+00
          0.77880323E+00
          0.77914974E+00
          0.77949568E+00
          0.77984105E+00
          0.78018587E+00
          0.78053012E+00
          0.78087382E+00
          0.78121695E+00
          0.78155953E+00
          0.78190155E+00
          0.78224301E+00
          0.78258391E+00
          0.78292426E+00
