 tau_sw_i
                          0.7062087637914561E-13
                          0.1089371553842600E-10
                          0.1214503794028092E-10
                          0.1165689363494237E-09
                          0.3466880800000401E-09
                          0.1735063797754471E-09
                          0.1006312824118962E-08
                          0.3931335915518021E-09
                          0.6736222204888311E-10
                          0.6578948280244663E-09
                          0.1313606273455459E-10
                          0.1398096805373805E-07
                          0.4398742625252560E-07
                          0.1541520207081780E-11
                          0.5457621541600256E-12
                          0.1244389773831894E-10
                          0.4100696908703379E-13
                          0.5963052563399179E-11
                          0.2138682863092003E-13
                          0.1840296961796154E-12
                          0.6883450069772183E-13
                          0.4103518057837467E-12
                          0.2025422587326383E-11
                          0.5947298091244417E-10
                          0.3426191404350253E-08
                          0.9367772099325138E-08
                          0.6983641919565233E-06
                          0.4218027072200104E-05
                          0.2888335953519859E-07
                          0.4195581716102071E-08
                          0.8108802348761425E-08
                          0.2984705364738738E-12
                          0.1966063891375680E-11
                          0.1447132620989762E-12
                          0.2038145948867671E-11
                          0.1623547764961926E-12
                          0.1826757536269447E-12
                          0.2107536969454118E-12
                          0.1089668967501775E-11
                          0.4627947465109663E-12
                          0.2757255929832190E-12
                          0.3122664859946003E-12
                          0.7633648404933333E-12
                          0.1077796521694769E-11
                          0.4035848106010909E-12
                          0.4379318726617929E-12
                          0.6968453595773504E-12
                          0.5213265028117179E-12
                          0.5681934528160220E-12
                          0.1098825525514140E-11
                          0.2721518522118808E-10
                          0.1804150055357735E-10
                          0.7467471636330158E-07
                          0.2268063061111343E-11
                          0.1623757179463694E-10
                          0.1800627526964069E-09
                          0.2288608989352421E-11
                          0.1332261627496859E-11
                          0.2019694197127713E-11
                          0.4242268880739779E-11
                          0.4998663628717374E-11
                          0.4530566146974983E-11
                          0.1007692578524339E-10
                          0.1299036496056358E-09
                          0.2996321762017608E-11
                          0.9681668790546146E-11
                          0.9904499008791074E-10
                          0.7391856335144302E-11
                          0.1819565805039658E-10
                          0.5812755789596173E-11
                          0.5393009987463341E-11
                          0.3864241723631086E-11
                          0.3476691571953992E-11
                          0.1072100190908393E-09
                          0.4208752832103557E-11
                          0.1795370221986591E-07
                          0.5193710112201137E-04
                          0.8727284997350355E-10
                          0.1392115699217295E-10
                          0.5129266398037562E-11
                          0.6080832691274267E-11
                          0.4285555347539771E-08
                          0.4318727835188985E-08
                          0.1284567142594103E-05
                          0.2264244640687441E-05
                          0.8883229617243876E-11
                          0.5889017871891616E-11
                          0.6114289747962523E-11
                          0.6467115798642332E-11
                          0.5628761004054203E-10
                          0.2146421019804773E-07
                          0.2972856144673749E-03
                          0.5117780852587650E-02
                          0.2683992989789191E-04
                          0.5478505072383809E-04
                          0.8498372585231081E-06
                          0.8819098478817412E-10
                          0.9475278221164116E-11
                          0.9905527105071297E-11
                          0.3622023459151237E-10
                          0.1361072846207903E-09
                          0.1329378820459766E-10
                          0.1256242859888820E-10
                          0.8514089315635556E-07
                          0.6415176923685720E-10
                          0.9422961173600580E-10
                          0.1487530806862405E-10
                          0.1421795528700001E-10
                          0.1465555669842382E-10
                          0.1525281024203915E-10
                          0.1792566831858202E-10
                          0.1748098994423129E-10
                          0.1680238758184025E-10
                          0.1739697808214096E-10
                          0.1802530305120959E-10
                          0.1863893001684871E-10
                          0.1930092774080644E-10
                          0.1996867517340957E-10
                          0.2126701334446173E-10
                          0.3937155917801316E-10
                          0.3784697087933752E-08
                          0.2334934601267322E-10
                          0.2392860036585289E-10
                          0.1381584020424510E-07
                          0.3202113166747882E-10
                          0.2054185317436320E-08
                          0.2729032039135703E-10
                          0.2863480197844537E-10
                          0.3015949696531477E-10
                          0.3189915753315479E-10
                          0.3047662430158482E-10
                          0.3160384881099855E-10
                          0.3356553861015125E-10
                          0.2217812701484390E-07
                          0.2684253633049230E-08
                          0.3591985875892737E-10
                          0.1607785995556787E-09
                          0.5864348113929777E-09
                          0.4136164789113237E-10
                          0.6628295858319324E-10
                          0.9540384255217107E-09
                          0.4709471951920081E-08
                          0.8194892403282234E-05
                          0.1846833680247691E-07
                          0.5056922687311856E-06
                          0.9103235688612159E-06
                          0.6018163025944548E-08
                          0.5813457544616172E-04
                          0.5160376830166690E-06
                          0.2834965344045153E-05
                          0.1079582531914233E-08
                          0.7087864036739045E-10
                          0.1425905234788986E-09
                          0.7206620248871230E-10
                          0.2211281166195348E-07
                          0.6323968591045884E-10
                          0.6451459189274284E-10
                          0.6514223182659570E-10
                          0.7184245351212377E-10
                          0.7012160588309390E-10
                          0.1077651406021698E-07
                          0.8804683190705503E-10
                          0.7337178163246979E-10
                          0.7519774010676216E-10
                          0.7728541828582366E-10
                          0.7896022017678975E-10
                          0.2920961366183906E-06
                          0.8288842585310889E-10
                          0.8533786394492085E-10
                          0.8689005699143577E-10
                          0.8896434035597676E-10
                          0.9107565821099869E-10
                          0.9322425801702632E-10
                          0.9541457065489936E-10
                          0.1047965345325522E-09
                          0.1098661135037816E-09
                          0.1022081236581807E-09
                          0.3012588605841760E-05
                          0.1070613288436452E-09
                          0.1655874268131677E-09
                          0.1162148239244995E-09
                          0.1145132205445020E-09
                          0.1171352419928514E-09
                          0.6458204892388843E-08
                          0.1232390907552113E-09
                          0.1932820783926108E-09
                          0.7192260781620781E-04
                          0.1637626969767328E-09
                          0.1334176802448480E-09
                          0.1648306987134297E-09
                          0.2098468519635091E-09
                          0.3315028356537695E-09
                          0.2102018631256411E-09
                          0.6469048283511363E-08
                          0.5139335848520353E-09
                          0.1254035990398992E-07
                          0.3069671132030522E-08
                          0.2236760491860645E-04
                          0.1481927121143890E-07
                          0.1054912209217204E-07
                          0.4160615394192471E-07
                          0.1864579862372209E-09
                          0.2005494592401099E-09
                          0.8811372265377244E-09
                          0.5831582828301389E-06
                          0.6333637021566143E-09
                          0.1920846451130959E-09
                          0.1961344269974981E-09
                          0.2394757581154694E-09
                          0.2051523905235232E-09
                          0.2100922253415633E-09
                          0.2121308221164785E-09
                          0.2458544854782229E-09
                          0.2694043222799851E-09
                          0.2258140931068573E-09
                          0.2292009911878676E-09
                          0.4718896064814877E-08
                          0.3062936012915036E-09
                          0.2406255626133763E-09
                          0.2450405991437302E-09
                          0.2495619773930112E-09
                          0.2621013671470686E-09
                          0.2587825456538112E-09
                          0.2633568730340312E-09
                          0.2681218222968792E-09
                          0.2729358545710424E-09
                          0.3245827743521823E-09
                          0.2852971091556044E-09
                          0.2877785369819777E-09
                          0.2928607195863062E-09
                          0.2980055404461582E-09
                          0.3034882196210092E-09
                          0.3085301182300967E-09
                          0.3157162735766791E-09
                          0.3194338831976869E-09
                          0.1215337735556628E-08
                          0.3303892228688207E-09
                          0.3361844975958249E-09
                          0.4127521571386944E-08
                          0.5391531827688304E-09
                          0.3536301559481551E-09
                          0.1831941062797737E-07
                          0.3675631787235921E-09
                          0.3968434498004550E-09
                          0.3797528730896362E-09
                          0.3857735633094450E-09
                          0.4159835781955308E-09
                          0.8266366253030443E-08
                          0.4333235154616787E-09
                          0.5033952750289404E-09
                          0.4551680908160004E-09
                          0.4279742161878479E-09
                          0.8174975050620081E-09
                          0.6454376470175040E-07
                          0.6363205534352796E-09
                          0.4516188673968044E-09
                          0.4574963520058322E-09
                          0.4645393714322279E-09
                          0.4796081149331271E-09
                          0.4845970703964145E-09
                          0.5339949969453189E-09
                          0.4998494495429019E-09
                          0.5030584769613696E-09
                          0.5095335036689796E-09
                          0.5176591573183612E-09
                          0.5251419954989479E-09
                          0.5945175511365376E-09
                          0.6218875527543923E-09
                          0.1203660992362935E-08
                          0.5579224783911781E-09
                          0.6034180400897144E-09
                          0.6138552004410655E-09
                          0.5884068355949636E-09
                          0.5917165944298142E-09
                          0.1503975409399886E-08
                          0.4847143469284701E-08
                          0.6508492957582040E-09
                          0.7273075003002624E-09
                          0.9887198366822464E-09
                          0.1395524941510370E-08
                          0.6605607965505429E-09
                          0.6762497099177013E-09
                          0.6895303178219287E-09
                          0.6835116000449596E-09
                          0.6935575892764800E-09
                          0.7040701594584818E-09
                          0.7126146108466179E-09
                          0.6202263038532371E-08
                          0.7346638966068603E-09
                          0.7435897931648949E-09
                          0.7572127541551098E-09
                          0.7640651922547044E-09
                          0.4067255965279852E-08
                          0.7864417476596878E-09
                          0.8254654689435610E-09
                          0.8066154206778671E-09
                          0.8706005993934724E-09
                          0.8285382964378122E-09
                          0.8413109658288624E-09
                          0.8542503651789742E-09
                          0.8628540017411672E-09
                          0.8740199564067393E-09
                          0.8856940860599316E-09
                          0.9009049421608072E-09
                          0.9162548919048736E-09
                          0.9219268585743012E-09
                          0.9432576892015405E-09
                          0.9457838933311163E-09
                          0.9582591902839296E-09
                          0.1074480536546574E-08
                          0.9851251216831091E-09
                          0.9960441071287505E-09
                          0.1008912754899398E-08
                          0.1021903848240411E-08
                          0.1035037746099442E-08
                          0.1048310969876390E-08
                          0.1062103101316445E-08
                          0.1077408389781969E-08
                          0.1089971143218584E-08
                          0.1102649407611988E-08
                          0.1117914043007256E-08
                          0.1130455046483907E-08
                          0.1146152577153194E-08
                          0.1590889900146420E-08
                          0.1217117033902094E-08
                          0.1685946135033465E-08
                          0.1202717685671974E-08
                          0.1384275250508713E-08
                          0.6103231268380387E-04
                          0.1249247002644347E-08
                          0.1264107343459519E-08
                          0.1287325216119383E-08
                          0.1375959216856572E-08
                          0.1309229949365834E-08
                          0.1325052932646790E-08
                          0.1343353669273852E-08
                          0.1357244357695128E-08
                          0.1373208320812004E-08
                          0.1389581073915492E-08
                          0.1406149297176401E-08
                          0.1422757073557658E-08
                          0.1440881278894217E-08
                          0.1456526466858418E-08
                          0.1473695965166632E-08
                          0.1490892840287195E-08
                          0.1508310855043971E-08
                          0.1525909078835952E-08
                          0.2486405404718753E-08
                          0.9886076791605600E-08
                          0.1591597905021907E-08
                          0.1598017917725185E-08
                          0.1615999717218224E-08
                          0.1634734714071931E-08
                          0.2183410791547757E-05
                          0.1687451299400780E-08
                          0.1690964035582286E-08
                          0.1710117353297714E-08
                          0.1730509665799655E-08
                          0.1458842564413749E-07
                          0.1768443174074389E-08
                          0.1788216105427724E-08
                          0.1808192339689654E-08
                          0.1965558183890236E-08
                          0.1849500519249640E-08
                          0.1872110382522492E-08
                          0.1889617298186974E-08
                          0.1910415274791462E-08
                          0.1931364597117545E-08
                          0.1952527982723494E-08
                          0.1973804734482037E-08
                          0.2069792146509022E-08
                          0.2016949955696773E-08
                          0.2053429618460340E-08
                          0.2060789055966056E-08
                          0.2082977701989221E-08
                          0.2195231352002250E-08
                          0.2136680137916851E-08
                          0.2151237888627540E-08
                          0.2173521585692500E-08
                          0.2196633833698515E-08
                          0.2220358975227736E-08
                          0.2250330445450953E-08
                          0.2267048086575650E-08
                          0.2290800198687786E-08
                          0.2314946863998875E-08
                          0.2339082911238559E-08
                          0.2363416234030929E-08
                          0.2387997094688117E-08
                          0.2412772464665528E-08
                          0.2437740192589656E-08
                          0.2462901111694612E-08
                          0.2489347432159978E-08
                          0.2513806865306275E-08
                          0.2539553976352845E-08
                          0.2566973525165167E-08
                          0.2591640198095075E-08
                          0.2617982381371753E-08
                          0.2644523526468640E-08
                          0.2671269818590654E-08
                          0.2698588047175301E-08
                          0.2725361163290780E-08
                          0.2752714577755742E-08
                          0.2780277218339528E-08
                          0.2808042376547709E-08
                          0.2836010511536332E-08
                          0.2864192458225873E-08
                          0.2892582162080987E-08
                          0.2921188135898142E-08
                          0.2950081431443913E-08
                          0.2979020859527505E-08
                          0.6218997437875049E-08
                          0.3039228104426500E-08
                          0.3067387875633860E-08
                          0.3103099511781802E-08
                          0.3127980211641196E-08
                          0.3158372223219098E-08
                          0.3191393220655779E-08
                          0.3223851979941682E-08
                          0.3249996606859650E-08
                          0.3281230821820112E-08
                          0.3313158500562966E-08
                          0.3344344058212102E-08
                          0.3575998051786073E-08
                          0.3486030590967490E-08
                          0.5670337814514076E-08
                          0.3473577155737834E-08
                          0.3506232026264717E-08
                          0.3542317107792911E-08
                          0.3807458169025362E-08
                          0.6809135670908541E-08
                          0.1493207710359573E-07
                          0.6065640667413297E-08
                          0.3976275440862797E-08
                          0.4160145883720802E-08
                          0.3964381591296593E-08
                          0.3811775120193633E-08
                          0.3846943441953782E-08
                          0.3882357039739092E-08
                          0.3918027843745859E-08
                          0.3953978706718784E-08
                          0.3990057939758240E-08
                          0.4026499673676382E-08
                          0.4063108101377581E-08
                          0.4099989924359282E-08
                          0.4137131384165896E-08
                          0.4183528890074586E-08
                          0.4212169216543128E-08
                          0.4250069017556616E-08
                          0.4288252947283317E-08
                          0.4326637598556527E-08
                          0.4365307701159180E-08
                          0.4404236513782950E-08
                          0.4443425172426170E-08
                          0.4482874717875358E-08
                          0.4522586266963166E-08
                          0.4563286176532057E-08
                          0.4602807536563969E-08
                          0.4643306711938708E-08
                          0.4684105807343188E-08
                          0.4725146117224518E-08
                          0.4766546455049871E-08
                          0.4808004022853623E-08
                          0.4849854368457023E-08
                          0.4891977332216601E-08
                          0.4934374060728166E-08
                          0.4977045979694271E-08
                          0.5019994910811186E-08
                          0.5063219083707492E-08
                          0.5106937253785856E-08
                          0.5150506402776702E-08
                          0.5194570872165723E-08
                          0.5238923528736404E-08
                          0.5283547363719320E-08
                          0.5328461961769460E-08
                          0.5373662476193862E-08
                          0.5419158800335805E-08
                          0.5479325691596716E-08
                          0.5510990012530330E-08
                          0.5557345010882922E-08
                          0.5604001578364949E-08
                          0.5650966182565148E-08
                          0.5698187918523344E-08
                          0.5745698605214111E-08
                          0.5800202045635311E-08
                          0.5841707162394979E-08
                          0.5890073369567327E-08
                          0.5938801346803482E-08
                          0.5987822887034467E-08
                          0.6037338161706406E-08
                          0.6086798455771135E-08
                          0.6136723495249078E-08
                          0.6187097787945365E-08
                          0.6237930595884392E-08
                          0.6288386158129750E-08
                          0.6339814911421713E-08
                          0.6391041709302730E-08
                          0.6442837789116662E-08
                          0.6494965467963140E-08
                          0.6547377822093466E-08
                          0.6600120053935478E-08
                          0.6653181965848699E-08
                          0.6706576728010247E-08
                          0.6760275576349324E-08
                          0.6814288733978713E-08
                          0.6869149921428266E-08
                          0.6923306677715497E-08
                          0.6978321498870721E-08
                          0.7034005166273905E-08
                          0.7089279588361283E-08
                          0.7145260510088113E-08
                          0.7202712673003014E-08
                          0.7258742295091679E-08
                          0.7315195911110705E-08
                          0.7372508995011488E-08
                          0.7430158249657480E-08
                          0.7488144923123389E-08
                          0.7546470431887078E-08
                          0.7605135897820706E-08
                          0.7664142760897678E-08
                          0.7723492283942820E-08
                          0.7783194417102447E-08
                          0.7843224840605358E-08
                          0.7903610481368901E-08
                          0.7964344138334079E-08
                          0.8025427147014011E-08
                          0.8086860842371569E-08
                          0.8148646565608277E-08
                          0.8210785809784658E-08
                          0.8273279485297186E-08
                          0.8374811836940717E-08
                          0.8399352868196210E-08
                          0.8462902663932717E-08
                          0.8527157737798170E-08
                          0.8595789517031074E-08
                          0.8655768715707517E-08
                          0.8720781629305968E-08
                          0.8786161885013792E-08
                          0.8851909173391609E-08
                          0.8918029213164894E-08
                          0.8984509692140949E-08
                          0.9051623104006616E-08
                          0.9118665998277474E-08
                          0.9188218292216296E-08
                          0.9255448351098735E-08
                          0.9322537289702528E-08
                          0.9419675339796023E-08
                          0.9460372698176543E-08
                          0.9529925262048415E-08
                          0.9599745963087633E-08
                          0.9669998786332865E-08
                          0.9740642220620866E-08
                          0.9811679259665054E-08
                          0.9883997507403531E-08
                          0.9954914137297391E-08
                          0.1002709341694876E-07
                          0.1010250941328638E-07
                          0.1017269338802453E-07
                          0.1024605972246125E-07
                          0.1031981315701417E-07
                          0.1039398282613368E-07
                          0.1046856938012796E-07
                          0.1054352502224482E-07
                          0.1061906254047552E-07
                          0.1104526482391003E-07
                          0.1083356636578052E-07
                          0.1084743821693417E-07
                          0.1092463288987047E-07
                          0.1100216873723087E-07
                          0.1107965119831549E-07
                          0.1115792150546734E-07
                          0.1123651766927624E-07
                          0.1131557313513739E-07
                          0.1139504739755194E-07
                          0.1147493314192699E-07
                          0.1155524186408244E-07
                          0.1163794672162720E-07
                          0.1172000008805352E-07
                          0.1182437081262659E-07
                          0.1188072573709895E-07
                          0.1196312592803601E-07
                          0.1204598363858776E-07
                          0.1212926642489542E-07
                          0.1221298263761286E-07
                          0.1229713144043429E-07
                          0.1238171437918528E-07
                          0.1246684058625997E-07
                          0.1255218844033154E-07
                          0.1263808259252572E-07
                          0.1272441683074917E-07
                          0.1281121881623937E-07
                          0.1289841355199550E-07
                          0.1298607500708408E-07
                          0.1307420008485785E-07
                          0.1316274177867803E-07
                          0.1325174828687743E-07
                          0.1334120496457423E-07
                          0.1343111404178248E-07
                          0.1352147679616790E-07
                          0.1361229473835116E-07
                          0.1370988183962823E-07
                          0.1379552823760545E-07
                          0.1388749502900022E-07
                          0.1398014904992712E-07
                          0.1407327072244398E-07
                          0.1416684751090403E-07
                          0.1426093880411822E-07
                          0.1435540904290733E-07
                          0.1445039276916481E-07
                          0.1454621018311393E-07
                          0.1464184781759153E-07
                          0.1474500756636209E-07
                          0.1483504892550960E-07
                          0.1547734592881523E-07
                          0.1503024556817088E-07
                          0.1512859038988790E-07
                          0.1522733388288241E-07
                          0.1532660894615133E-07
                          0.1542637482106071E-07
                          0.1552661437813918E-07
                          0.1562734733043977E-07
                          0.1572857060685899E-07
                          0.1583028404361966E-07
                          0.1593252378528468E-07
                          0.1603519132664988E-07
                          0.1613838752459344E-07
                          0.1624208067992531E-07
                          0.1634627299927363E-07
                          0.1645096582196375E-07
                          0.1655616080028315E-07
                          0.1666185943171738E-07
                          0.1676809591366834E-07
                          0.1687477424954627E-07
                          0.1700441684032325E-07
                          0.1709243325657715E-07
                          0.1719796442704332E-07
                          0.1730671951993676E-07
                          0.1741598924470241E-07
                          0.1752583619823946E-07
                          0.1763607925250263E-07
                          0.1774690354821200E-07
                          0.1785824935368389E-07
                          0.1797011826510432E-07
                          0.1808251194829977E-07
                          0.1819543203425297E-07
                          0.1830888070419364E-07
                          0.1842285796623514E-07
                          0.1853736710683597E-07
                          0.1865240922699088E-07
                          0.1876798597824970E-07
                          0.1888409902276878E-07
                          0.1900075000076239E-07
                          0.1911794056930730E-07
                          0.1923567265524972E-07
                          0.1935394717257825E-07
                          0.1947276653242797E-07
                          0.1959213216868784E-07
                          0.1971204650807309E-07
                          0.1983250885786715E-07
                          0.1995352329993684E-07
                          0.2007509418220346E-07
                          0.2019830548117927E-07
                          0.2031989609870534E-07
                          0.2044312753744185E-07
                          0.2056692364259004E-07
                          0.2069128118578010E-07
                          0.2081620174840727E-07
                          0.2094168819714308E-07
                          0.2106773926846690E-07
                          0.2119436062193022E-07
                          0.2147412538118485E-07
                          0.2144931093735120E-07
                          0.2157764766745879E-07
                          0.2170655567564029E-07
                          0.2183604231809917E-07
                          0.2196613163309350E-07
                          0.2209675720307169E-07
                          0.2222799809147871E-07
                          0.2235979327078677E-07
                          0.2249218941338577E-07
                          0.2262519208879589E-07
                          0.2278055533910135E-07
                          0.2289290966696656E-07
                          0.2348110952657739E-07
                          0.2316300869377507E-07
                          0.2329901250963900E-07
                          0.2343557677849237E-07
                          0.2357263731651924E-07
                          0.2371037981154556E-07
                          0.2384872516177194E-07
                          0.2398767550778658E-07
                          0.2412723128620784E-07
                          0.2426739668760758E-07
                          0.2440816949711314E-07
                          0.2454990906144689E-07
                          0.2469289725028538E-07
                          0.2483434342622147E-07
                          0.2497904800308587E-07
                          0.2512127245789421E-07
                          0.2526571891061266E-07
                          0.2541194018649791E-07
                          0.2555751781493273E-07
                          0.2570288107203354E-07
                          0.2584983956312086E-07
                          0.2599743869056310E-07
                          0.2614891087114406E-07
                          0.2629453225354543E-07
                          0.2644403031095824E-07
                          0.2659420128357645E-07
                          0.2694390351983761E-07
                          0.2689635121418772E-07
                          0.2704840638210454E-07
                          0.2720184262615091E-07
                          0.2735445067509043E-07
                          0.2750844409810253E-07
                          0.2766308345683346E-07
                          0.2781837591956128E-07
                          0.2797432121701131E-07
                          0.2813092129080361E-07
                          0.2828817796464874E-07
                          0.2844609296098912E-07
                          0.2860466824630520E-07
                          0.2876390557338105E-07
                          0.2892380685118334E-07
                          0.2908437383623307E-07
                          0.2924577019018804E-07
                          0.2940751251600405E-07
                          0.2957895590310783E-07
                          0.2973333647445681E-07
                          0.2989725992665273E-07
                          0.3006186303784296E-07
                          0.3022724504059885E-07
                          0.3039309911926139E-07
                          0.3057582725114313E-07
                          0.3072708998492730E-07
                          0.3089512312209686E-07
                          0.3106381556100792E-07
                          0.3123660203018369E-07
                          0.3146285712095129E-07
                          0.3157403931679026E-07
                          0.3174550247889293E-07
                          0.3191770779191177E-07
                          0.3209054091158155E-07
                          0.3226411006377242E-07
                          0.3243838865716275E-07
                          0.3261336150581840E-07
                          0.3278904618437265E-07
                          0.3296544015722625E-07
                          0.3314254466396424E-07
                          0.3332036193394537E-07
                          0.3349889382048953E-07
                          0.3367814443887450E-07
                          0.3385964862444910E-07
                          0.3403879706394301E-07
                          0.3422020755140007E-07
                          0.3440242877308648E-07
                          0.3458519783172627E-07
                          0.3476878531511703E-07
                          0.3495310268582999E-07
                          0.3513815227202637E-07
                          0.3532393496606789E-07
                          0.3551045374849146E-07
                          0.3569771020186536E-07
                          0.3588571173705904E-07
                          0.3607444390532382E-07
                          0.3626392505233159E-07
                          0.3645415164679999E-07
                          0.3664513115708100E-07
                          0.3683684904205150E-07
                          0.3702932374663188E-07
                          0.3722255173790206E-07
                          0.3741653497735709E-07
                          0.3761128527573727E-07
                          0.3780677506583433E-07
                          0.3800303587328323E-07
                          0.3820005980229363E-07
                          0.3839784877628978E-07
                          0.3859641457696397E-07
                          0.3879573107252645E-07
                          0.3899582789764340E-07
                          0.3919669543461856E-07
                          0.3939834024839168E-07
                          0.3960076220609559E-07
                          0.3980425011692114E-07
                          0.4000795646130505E-07
                          0.4021270795532592E-07
                          0.4042183347447275E-07
                          0.4062467882287245E-07
                          0.4083171815689968E-07
                          0.4103963369470152E-07
                          0.4124834299811223E-07
                          0.4145857762747064E-07
                          0.4166814937138623E-07
                          0.4187924919865669E-07
                          0.4209743869236065E-07
                          0.4230385544799904E-07
                          0.4251736526393712E-07
                          0.4273170511249799E-07
                          0.4294681480694269E-07
                          0.4316355890842412E-07
                          0.4337955974193203E-07
                          0.4359718650552007E-07
                          0.4381551207958058E-07
                          0.4403464911645580E-07
                          0.4425467342300525E-07
                          0.4447552123294543E-07
                          0.4469719484287471E-07
                          0.4491969558182777E-07
                          0.4514302624101422E-07
                          0.4536718861265774E-07
                          0.4559218477841534E-07
                          0.4581802074958760E-07
                          0.4604468821839606E-07
                          0.4627219809419386E-07
                          0.4650054883955499E-07
                          0.4672990449493902E-07
                          0.4695978724220578E-07
                          0.4719067791675344E-07
                          0.4742241947224279E-07
                          0.4765546734112189E-07
                          0.4788846060125147E-07
                          0.4812287145987687E-07
                          0.4835792880737617E-07
                          0.4859395310618449E-07
                          0.4883084041213496E-07
                          0.4906864546948862E-07
                          0.4930721205122096E-07
                          0.4954670069182015E-07
                          0.4978706069625604E-07
                          0.5002829417102118E-07
                          0.5027040332242472E-07
                          0.5051338996831169E-07
                          0.5075725652614637E-07
                          0.5100200501726603E-07
                          0.5124763756368829E-07
                          0.5149415646420464E-07
                          0.5174156503443312E-07
                          0.5198986082336299E-07
                          0.5223905088707524E-07
                          0.5248913572303769E-07
                          0.5274011729548276E-07
                          0.5299199792076004E-07
                          0.5324477976219937E-07
                          0.5349846622316771E-07
                          0.5375315699262052E-07
                          0.5400855350553159E-07
                          0.5426496972700948E-07
                          0.5452228081767326E-07
                          0.5478051458386568E-07
                          0.5503967539889108E-07
                          0.5529975240156336E-07
                          0.5556072343349531E-07
                          0.5582272045943882E-07
                          0.5608547027075380E-07
                          0.5634923366771319E-07
                          0.5661401582538737E-07
                          0.5687955079233524E-07
                          0.5714611207126255E-07
                          0.5741360244756570E-07
                          0.5768411128173079E-07
                          0.5795140585234691E-07
                          0.5822172005225802E-07
                          0.5849297880498895E-07
                          0.5876518431481301E-07
                          0.5903833878400159E-07
                          0.5931244553316806E-07
                          0.5958750340721355E-07
                          0.5986351797550492E-07
                          0.6014049140096209E-07
                          0.6041846094583813E-07
                          0.6069731724371959E-07
                          0.6097717623557231E-07
                          0.6125800188245124E-07
                          0.6153979641943067E-07
                          0.6182256202787097E-07
                          0.6210630098216028E-07
                          0.6239101549655896E-07
                          0.6267670881726003E-07
                          0.6296338083408641E-07
                          0.6325103475479404E-07
                          0.6353984405289021E-07
                          0.6382955485275266E-07
                          0.6411991462246234E-07
                          0.6441152074681982E-07
                          0.6470412046221971E-07
                          0.6499771579948724E-07
                          0.6529230914430502E-07
                          0.6558790282887209E-07
                          0.6588450278644783E-07
                          0.6618210169429255E-07
                          0.6648070805231737E-07
                          0.6678032543890956E-07
                          0.6708095443231620E-07
                          0.6738259792197981E-07
                          0.6768525638880982E-07
                          0.6798893379982695E-07
                          0.6829363375508038E-07
                          0.6859935333634297E-07
                          0.6890609968614957E-07
                          0.6921393480508105E-07
                          0.6952267761720894E-07
                          0.6983251388532594E-07
                          0.7014338426574078E-07
                          0.7045529158832505E-07
                          0.7076823857644592E-07
                          0.7108222911479006E-07
                          0.7139726393049104E-07
                          0.7171333459423233E-07
                          0.7203046042850058E-07
                          0.7234863668029927E-07
                          0.7266786614043171E-07
                          0.7298858693080055E-07
                          0.7330949260924287E-07
                          0.7363189469466265E-07
                          0.7395579343941594E-07
                          0.7427988769820346E-07
                          0.7460548341128953E-07
                          0.7493215223429800E-07
                          0.7525988487168692E-07
                          0.7558869533516844E-07
                          0.7591858197927893E-07
                          0.7624954726062479E-07
                          0.7658159358435571E-07
                          0.7691472302161272E-07
                          0.7724893820582466E-07
                          0.7758424139984897E-07
                          0.7792063496246000E-07
                          0.7825812151441198E-07
                          0.7859670264116959E-07
                          0.7893638148935521E-07
                          0.7927716016249618E-07
                          0.7961904330533869E-07
                          0.7996202894098374E-07
                          0.8030611893638395E-07
                          0.8065132062197350E-07
                          0.8099763406568492E-07
                          0.8134508878868198E-07
                          0.8169360629531958E-07
                          0.8204328046498215E-07
                          0.8239405268553687E-07
                          0.8274597790396792E-07
                          0.8309899438018548E-07
                          0.8345315671058404E-07
                          0.8380844989703675E-07
                          0.8416487661306585E-07
                          0.8452243846764405E-07
                          0.8488113867064218E-07
                          0.8524097937647844E-07
                          0.8560196295642652E-07
                          0.8596409187865883E-07
                          0.8632736988467688E-07
                          0.8669179538058647E-07
                          0.8705737841068314E-07
                          0.8742413216766705E-07
                          0.8779200170867046E-07
                          0.8816105650671578E-07
                          0.8853126900664003E-07
                          0.8890264597969774E-07
                          0.8927519194937664E-07
                          0.8964890840218265E-07
                          0.9002390160753184E-07
                          0.9039986459588003E-07
                          0.9077709696328802E-07
                          0.9115551598652769E-07
                          0.9153511649375416E-07
                          0.9191590342705414E-07
                          0.9229787314327660E-07
                          0.9268103455221131E-07
                          0.9306539880930625E-07
                          0.9345093391193238E-07
                          0.9383767759942170E-07
                          0.9422562045547141E-07
                          0.9461476491906290E-07
                          0.9500537462300856E-07
                          0.9539666867203270E-07
                          0.9578943291981358E-07
                          0.9618340872991354E-07
                          0.9657859858932549E-07
                          0.9697500620229343E-07
                          0.9737263042810189E-07
                          0.9777147739788951E-07
                          0.9817154839932237E-07
                          0.9857284593414308E-07
                          0.9897537250666215E-07
                          0.9937913062373215E-07
                          0.9978412279477053E-07
                          0.1001903515961924E-06
                          0.1005978193491688E-06
                          0.1010065288103482E-06
                          0.1014164822961900E-06
                          0.1018276824700545E-06
                          0.1022401318738104E-06
                          0.1026538328302645E-06
                          0.1030687881708838E-06
                          0.1034850000799705E-06
                          0.1039024961232991E-06
                          0.1043212630647498E-06
                          0.1047412019757449E-06
                          0.1051624676267048E-06
                          0.1055859308283197E-06
                          0.1060088060944543E-06
                          0.1064338864513723E-06
                          0.1068602439550415E-06
                          0.1072878895666612E-06
                          0.1077168007439627E-06
                          0.1081470046590492E-06
                          0.1085784961602464E-06
                          0.1090120262945322E-06
                          0.1094453528517917E-06
                          0.1098807203906720E-06
                          0.1103173869322678E-06
                          0.1107553536768560E-06
                          0.1111946231950162E-06
                          0.1116351980677736E-06
                          0.1120770808778583E-06
                          0.1125202742639094E-06
                          0.1129647806590250E-06
                          0.1134106028095396E-06
                          0.1138577432574443E-06
                          0.1143062049480473E-06
                          0.1147559894327819E-06
                          0.1152071003604194E-06
                          0.1156595416911758E-06
                          0.1161133158482301E-06
                          0.1165684157577560E-06
                          0.1170248571257528E-06
                          0.1174826376320677E-06
                          0.1179417954662652E-06
                          0.1184022265293756E-06
                          0.1188640401623702E-06
                          0.1193272034162646E-06
                          0.1197917189183154E-06
                          0.1202575892973008E-06
                          0.1207248171850456E-06
                          0.1211934052169996E-06
                          0.1216633560298950E-06
                          0.1221346979130946E-06
                          0.1226073565595904E-06
                          0.1230814115642865E-06
                          0.1235568399221655E-06
                          0.1240336454459467E-06
                          0.1245118273064070E-06
                          0.1249913945488727E-06
                          0.1254723399464535E-06
                          0.1259546793355404E-06
                          0.1264383991088028E-06
                          0.1269235154205411E-06
                          0.1274100262591086E-06
                          0.1278979381839402E-06
                          0.1283872431521427E-06
                          0.1288779529840962E-06
                          0.1293700693865888E-06
                          0.1298635930642149E-06
                          0.1303585277912479E-06
                          0.1308548770445448E-06
                          0.1313526400474768E-06
                          0.1318519723816352E-06
                          0.1323524273096393E-06
                          0.1328631238752731E-06
                          0.1333579111270252E-06
                          0.1338627959946333E-06
                          0.1343691131044952E-06
                          0.1348768651630897E-06
                          0.1353860600222511E-06
                          0.1358966849641595E-06
                          0.1364087581264237E-06
                          0.1369222781830284E-06
                          0.1374372472484287E-06
                          0.1379536647406605E-06
                          0.1384716417033797E-06
                          0.1389908656751396E-06
                          0.1395116541423041E-06
                          0.1400339050662356E-06
                          0.1405576209371996E-06
                          0.1410828043285287E-06
                          0.1416094581298220E-06
                          0.1421375850395792E-06
                          0.1426671881208077E-06
                          0.1431982691227682E-06
                          0.1437308319176609E-06
                          0.1442648785846000E-06
                          0.1448004234863506E-06
                          0.1453374354466015E-06
                          0.1458759599843984E-06
                          0.1464159617710171E-06
                          0.1469574703907995E-06
                          0.1475004796709561E-06
                          0.1480449923812628E-06
                          0.1485910112944643E-06
                          0.1491385391850319E-06
                          0.1496875893330963E-06
                          0.1502381330119198E-06
                          0.1507902052987050E-06
                          0.1513437961138373E-06
                          0.1518989106076263E-06
                          0.1524555507879149E-06
                          0.1530137194750667E-06
                          0.1535734217240828E-06
                          0.1541346594957365E-06
                          0.1546974263697601E-06
                          0.1552621448196702E-06
                          0.1558275877267803E-06
                          0.1563949872992783E-06
                          0.1569639329020430E-06
                          0.1575344297045340E-06
                          0.1581065060447706E-06
                          0.1586800888433983E-06
                          0.1592552562250853E-06
                          0.1598319851401398E-06
                          0.1604102784653468E-06
                          0.1609901404474604E-06
                          0.1615715733180439E-06
                          0.1621545817286057E-06
                          0.1627391617546276E-06
                          0.1633253234427037E-06
                          0.1639130671529056E-06
                          0.1645023957334266E-06
                          0.1650933122889878E-06
                          0.1656858191760408E-06
                          0.1662799230138487E-06
                          0.1668756157357297E-06
                          0.1674729113869613E-06
                          0.1680718090472546E-06
                          0.1686723115558382E-06
                          0.1692744219102377E-06
                          0.1698781432735206E-06
                          0.1704834925800565E-06
                          0.1710904547123490E-06
                          0.1716990061395712E-06
                          0.1723091890068158E-06
                          0.1729210057999602E-06
                          0.1735344504281573E-06
                          0.1741495257763618E-06
                          0.1747662347996201E-06
                          0.1753845801848265E-06
                          0.1760045650275719E-06
                          0.1766261921552316E-06
                          0.1772494644654158E-06
                          0.1778743848583667E-06
                          0.1785009562366403E-06
                          0.1791291815082046E-06
                          0.1797590635732878E-06
                          0.1803906053655297E-06
                          0.1810238851176958E-06
                          0.1816586803905696E-06
                          0.1822952180854634E-06
                          0.1829334278590040E-06
                          0.1835733119477437E-06
                          0.1842148734872336E-06
                          0.1848581146455929E-06
                          0.1855030391753774E-06
                          0.1861496497242868E-06
                          0.1867979513107830E-06
                          0.1874479406106040E-06
                          0.1880996268345044E-06
                          0.1887530126035418E-06
                          0.1894082453335754E-06
                          0.1900656739250862E-06
                          0.1907240150594068E-06
                          0.1913835835626153E-06
                          0.1920455006995196E-06
                          0.1927091335210606E-06
                          0.1933744843764771E-06
                          0.1940415575544152E-06
                          0.1947103537354498E-06
                          0.1953808779597142E-06
                          0.1960531325085126E-06
                          0.1967271253438760E-06
                          0.1974028444791885E-06
                          0.1980803078576462E-06
                          0.1987595134720236E-06
                          0.1994404643084577E-06
                          0.2001231840975616E-06
                          0.2008076135948576E-06
                          0.2014938180444268E-06
                          0.2021817807870535E-06
                          0.2028715014422580E-06
                          0.2035629865384141E-06
                          0.2042562935121187E-06
                          0.2049512579399182E-06
                          0.2056480504898241E-06
                          0.2063466182450765E-06
                          0.2070469694719505E-06
                          0.2077490937801609E-06
                          0.2084530029217839E-06
                          0.2091587033814628E-06
                          0.2098661918096882E-06
                          0.2105754729943851E-06
                          0.2112865769924212E-06
                          0.2119994400597322E-06
                          0.2127141102649695E-06
                          0.2134305961751642E-06
                          0.2141488925146037E-06
                          0.2148691736381225E-06
                          0.2155909170413503E-06
                          0.2163146551635597E-06
                          0.2170402139503397E-06
                          0.2177675964503125E-06
                          0.2184968057205355E-06
                          0.2192278449092850E-06
                          0.2199607194032137E-06
                          0.2206954247179903E-06
                          0.2214319733067942E-06
                          0.2221703606067374E-06
                          0.2229105958694546E-06
                          0.2236527070706249E-06
                          0.2243966142102351E-06
                          0.2251423989485043E-06
                          0.2258900441520612E-06
                          0.2266395510848448E-06
                          0.2273909197316111E-06
                          0.2281441559405680E-06
                          0.2288992621173056E-06
                          0.2296562429710341E-06
                          0.2304150957912891E-06
                          0.2311758297449224E-06
                          0.2319384458637608E-06
                          0.2327029472499046E-06
                          0.2334693370073987E-06
                          0.2342376194101395E-06
                          0.2350077944671915E-06
                          0.2357798675935214E-06
                          0.2365538934732553E-06
                          0.2373297202064830E-06
                          0.2381075055313544E-06
                          0.2388872010314946E-06
                          0.2396688098315259E-06
                          0.2404523350563595E-06
                          0.2412377798393956E-06
                          0.2420251473122722E-06
                          0.2428144504518580E-06
                          0.2436056628701202E-06
                          0.2443988172330186E-06
                          0.2451939069514790E-06
                          0.2459909390093431E-06
                          0.2467899043790540E-06
                          0.2475908186071838E-06
                          0.2483936806763688E-06
                          0.2491985019703949E-06
                          0.2500053787138558E-06
                          0.2508139855394265E-06
                          0.2516246778465845E-06
                          0.2524373291987860E-06
                          0.2532519428327446E-06
                          0.2540685716549719E-06
                          0.2548870787639596E-06
                          0.2557076137815639E-06
                          0.2565303416631384E-06
                          0.2573546256971132E-06
                          0.2581811085385350E-06
                          0.2590096620128587E-06
                          0.2598400448694110E-06
                          0.2606725046703913E-06
                          0.2615069631491846E-06
                          0.2623434233882572E-06
                          0.2631818886978420E-06
                          0.2640223622425042E-06
                          0.2648648472260248E-06
                          0.2657093485196009E-06
                          0.2665558643396792E-06
                          0.2674044028906732E-06
                          0.2682549665356003E-06
                          0.2691075560526001E-06
                          0.2699621771904642E-06
                          0.2708188325906484E-06
                          0.2716775244891572E-06
                          0.2725382567836783E-06
                          0.2734010329397440E-06
                          0.2742658559646140E-06
                          0.2751327290563740E-06
                          0.2760016554833293E-06
                          0.2768726384801284E-06
                          0.2777459978524613E-06
                          0.2786207874458988E-06
                          0.2794979592742498E-06
                          0.2803772009745599E-06
                          0.2812585154762253E-06
                          0.2821419060409650E-06
                          0.2830295901267792E-06
                          0.2839149283976975E-06
                          0.2848045666495794E-06
                          0.2856962940410457E-06
                          0.2865901148993540E-06
                          0.2874860292108221E-06
                          0.2883840435320756E-06
                          0.2892841600440450E-06
                          0.2901863820250547E-06
                          0.2910907127604562E-06
                          0.2919971589045269E-06
                          0.2929057140087473E-06
                          0.2938163902918882E-06
                          0.2947291891688863E-06
                          0.2956441126593243E-06
                          0.2965611649265661E-06
                          0.2974803489800710E-06
                          0.2984016681214654E-06
                          0.2993251259693319E-06
                          0.3002507248826060E-06
                          0.3011784692122926E-06
                          0.3021083639462130E-06
                          0.3030404058564335E-06
                          0.3039746049892424E-06
                          0.3049109623890669E-06
                          0.3058494833934526E-06
                          0.3067901652806540E-06
                          0.3077330174192704E-06
                          0.3086780411293307E-06
                          0.3096252397383590E-06
                          0.3105746165843818E-06
                          0.3115261758068894E-06
                          0.3124799183269505E-06
                          0.3134358499077792E-06
                          0.3143939730864061E-06
                          0.3153542912099699E-06
                          0.3163168076281426E-06
                          0.3172815257032500E-06
                          0.3182484487672411E-06
                          0.3192175801854222E-06
                          0.3201889233298956E-06
                          0.3211624815556708E-06
                          0.3221382583931927E-06
                          0.3231162567137782E-06
                          0.3240964804494897E-06
                          0.3250789327083124E-06
                          0.3260636191124788E-06
                          0.3270505362623092E-06
                          0.3280396948108300E-06
                          0.3290310946261707E-06
                          0.3300247403157295E-06
                          0.3310206348510051E-06
                          0.3320187816233746E-06
                          0.3330191959356056E-06
                          0.3340218454536344E-06
                          0.3350267707827006E-06
                          0.3360339589818796E-06
                          0.3370434178879083E-06
                          0.3380551494231967E-06
                          0.3390691576335189E-06
                          0.3400854440361178E-06
                          0.3411040139410082E-06
                          0.3421248701893917E-06
                          0.3431480178390270E-06
                          0.3441734550243820E-06
                          0.3452011905608326E-06
                          0.3462312260860598E-06
                          0.3472635650127447E-06
                          0.3482982107729384E-06
                          0.3493351667994550E-06
                          0.3503744365283844E-06
                          0.3514160234005784E-06
                          0.3524599337977760E-06
                          0.3535061623410777E-06
                          0.3545550353255511E-06
                          0.3556056111840961E-06
                          0.3566596297016601E-06
                          0.3577143975336578E-06
                          0.3587723216145752E-06
                          0.3598325490355320E-06
                          0.3608951468208982E-06
                          0.3619600933758129E-06
                          0.3630273987011571E-06
                          0.3640970582816412E-06
                          0.3651690821225060E-06
                          0.3662434715209397E-06
                          0.3673202304032231E-06
                          0.3683993609025476E-06
                          0.3694808712519039E-06
                          0.3705647543291218E-06
                          0.3716510237771810E-06
                          0.3727396795322589E-06
                          0.3738307255177831E-06
                          0.3749241646023492E-06
                          0.3760200008139738E-06
                          0.3771182383020187E-06
                          0.3782188817605409E-06
                          0.3793219261142607E-06
                          0.3804273929418067E-06
                          0.3815352586232866E-06
                          0.3826455501008830E-06
                          0.3837582630805391E-06
                          0.3848734022512545E-06
                          0.3859909676222609E-06
                          0.3871109662274701E-06
                          0.3882334004237541E-06
                          0.3893582737446802E-06
                          0.3904855897034623E-06
                          0.3916153518517153E-06
                          0.3927475639014072E-06
                          0.3938822288457317E-06
                          0.3950193508490801E-06
                          0.3961589330402482E-06
                          0.3973009797978718E-06
                          0.3984454927956614E-06
                          0.3995924774677659E-06
                          0.4007419365134040E-06
                          0.4018938737465114E-06
                          0.4030482926356715E-06
                          0.4042051967478887E-06
                          0.4053645902073056E-06
                          0.4065264748954694E-06
                          0.4076908560754127E-06
                          0.4088577367318749E-06
                          0.4100271215892122E-06
                          0.4111990368472854E-06
                          0.4123734121828984E-06
                          0.4135503267243365E-06
                          0.4147297576527615E-06
                          0.4159117105803670E-06
                          0.4170961877770312E-06
                          0.4182831967370571E-06
                          0.4194727308390690E-06
                          0.4206648036608892E-06
                          0.4218594147273591E-06
                          0.4230565688639144E-06
                          0.4242562691342191E-06
                          0.4254585203263195E-06
                          0.4266633226118497E-06
                          0.4278706831391198E-06
                          0.4290806048048110E-06
                          0.4302930898479608E-06
                          0.4315081424010226E-06
                          0.4327257669758457E-06
                          0.4339459680419178E-06
                          0.4351687450930703E-06
                          0.4363941057460957E-06
                          0.4376220524357621E-06
                          0.4388525887618425E-06
                          0.4400857183524579E-06
                          0.4413214463857006E-06
                          0.4425597722279115E-06
                          0.4438007030978026E-06
                          0.4450442421692875E-06
                          0.4462903999805486E-06
                          0.4475391584324101E-06
                          0.4487905428832124E-06
                          0.4500445498282931E-06
                          0.4513011828917198E-06
                          0.4525604457532224E-06
                          0.4538223420305366E-06
                          0.4550868754415447E-06
                          0.4563540496413600E-06
                          0.4576238683068015E-06
                          0.4588963351061220E-06
                          0.4601714552990689E-06
                          0.4614492278480466E-06
                          0.4627296669195559E-06
                          0.4640127573301770E-06
                          0.4652985200676776E-06
                          0.4665869557780982E-06
                          0.4678780599965116E-06
                          0.4691718445765182E-06
                          0.4704683111159300E-06
                          0.4717674614725814E-06
                          0.4730693011942256E-06
                          0.4743738333731342E-06
                          0.4756810617198661E-06
                          0.4769909899470920E-06
                          0.4783036217679216E-06
                          0.4796189609016041E-06
                          0.4809370110675498E-06
                          0.4822577759883970E-06
                          0.4835812594328905E-06
                          0.4849074651562769E-06
                          0.4862364044193793E-06
                          0.4875680577639555E-06
                          0.4889024551705536E-06
                          0.4902395841498091E-06
                          0.4915794602403695E-06
                          0.4929220740790329E-06
                          0.4942674400073341E-06
                          0.4956155575320070E-06
                          0.4969664311454780E-06
                          0.4983200644138675E-06
                          0.4996764639741109E-06
                          0.5010356248506947E-06
                          0.5023975595465730E-06
                          0.5037622689067509E-06
                          0.5051297599211340E-06
                          0.5065000266468132E-06
                          0.5078730825933471E-06
                          0.5092489282823273E-06
                          0.5106275674899703E-06
                          0.5120090039950438E-06
                          0.5133932415787630E-06
                          0.5147802840251397E-06
                          0.5161701351205822E-06
                          0.5175627986536202E-06
                          0.5189582784163489E-06
                          0.5203565782026326E-06
                          0.5217577018090531E-06
                          0.5231616532296638E-06
                          0.5245684357936078E-06
                          0.5259780535540997E-06
                          0.5273905106049879E-06
                          0.5288058102048636E-06
                          0.5302239566141615E-06
                          0.5316449534725899E-06
                          0.5330688046508588E-06
                          0.5344955138834648E-06
                          0.5359250850701548E-06
                          0.5373575220047335E-06
                          0.5387928285263253E-06
                          0.5402310087300026E-06
                          0.5416720656097825E-06
                          0.5431160038512926E-06
                          0.5445628270064119E-06
                          0.5460125389151902E-06
                          0.5474651434427740E-06
                          0.5489206498132649E-06
                          0.5503790456022582E-06
                          0.5518403708024117E-06
                          0.5533045643493028E-06
                          0.5547717038960370E-06
                          0.5562417304830816E-06
                          0.5577146909690858E-06
                          0.5591905748831092E-06
                          0.5606693860924093E-06
                          0.5621511284635513E-06
                          0.5636358058696235E-06
                          0.5651234221823841E-06
                          0.5666139812776776E-06
                          0.5681074897984033E-06
                          0.5696039433317866E-06
                          0.5711033541268407E-06
                          0.5726057230893920E-06
                          0.5741110543524205E-06
                          0.5756193516489219E-06
                          0.5771306190144826E-06
                          0.5786448601495679E-06
                          0.5801620855730694E-06
                          0.5816822797715013E-06
                          0.5832054702689012E-06
                          0.5847316424981011E-06
                          0.5862608115497874E-06
                          0.5877929773038099E-06
                          0.5893281450235635E-06
                          0.5908663177787697E-06
                          0.5924074996495572E-06
                          0.5939516945049601E-06
                          0.5954989062933571E-06
                          0.5970491394499938E-06
                          0.5986023962259325E-06
                          0.6001586888379295E-06
                          0.6017180009766134E-06
                          0.6032803562321623E-06
                          0.6048457519996212E-06
                          0.6064141922099005E-06
                          0.6079856808192040E-06
                          0.6095602217704760E-06
                          0.6111378190299277E-06
                          0.6127184765009151E-06
                          0.6143021981874879E-06
                          0.6158889880308194E-06
                          0.6174788499909984E-06
                          0.6190717880322802E-06
                          0.6206678061680038E-06
                          0.6222669082119276E-06
                          0.6238690982913012E-06
                          0.6254743853573362E-06
                          0.6270827584010734E-06
                          0.6286942367387088E-06
                          0.6303088179321125E-06
                          0.6319265076039869E-06
                          0.6335473103049720E-06
                          0.6351712264061676E-06
                          0.6367982638816715E-06
                          0.6384284245940363E-06
                          0.6400617134418322E-06
                          0.6416981409412091E-06
                          0.6433376911214415E-06
                          0.6449803955439781E-06
                          0.6466262270393751E-06
                          0.6482752150329135E-06
                          0.6499273548813724E-06
                          0.6515826508252098E-06
                          0.6532411062004707E-06
                          0.6549027279128200E-06
                          0.6565675214485193E-06
                          0.6582354760987030E-06
                          0.6599066078725317E-06
                          0.6615809232515523E-06
                          0.6632584226289185E-06
                          0.6649391178452445E-06
                          0.6666229896692509E-06
                          0.6683100654296331E-06
                          0.6700003412973846E-06
                          0.6716938214421464E-06
                          0.6733905098580839E-06
                          0.6750904106085476E-06
                          0.6767935277369267E-06
                          0.6784998653023790E-06
                          0.6802094273603919E-06
                          0.6819222179708034E-06
                          0.6836382411971287E-06
                          0.6853575011001969E-06
                          0.6870800017513272E-06
                          0.6888057472191533E-06
                          0.6905347415978389E-06
                          0.6922669888970883E-06
                          0.6940024932598492E-06
                          0.6957412613674139E-06
                          0.6974832894335710E-06
                          0.6992285904493265E-06
                          0.7009771627687764E-06
                          0.7027290135930311E-06
                          0.7044841459787216E-06
                          0.7062425640517256E-06
                          0.7080042718147488E-06
                          0.7097692734649571E-06
                          0.7115375730730693E-06
                          0.7133091747447289E-06
                          0.7150840828278102E-06
                          0.7168623007141343E-06
                          0.7186438332376881E-06
                          0.7204286842695719E-06
                          0.7222168579333488E-06
                          0.7240083583482994E-06
                          0.7258031896379695E-06
                          0.7276013559284488E-06
                          0.7294028613638343E-06
                          0.7312077100290092E-06
                          0.7330159062354642E-06
                          0.7348274537098364E-06
                          0.7366423569853082E-06
                          0.7384606200736094E-06
                          0.7402822471132005E-06
                          0.7421072422577674E-06
                          0.7439356096496033E-06
                          0.7457673534454346E-06
                          0.7476024831204390E-06
                          0.7494409868631810E-06
                          0.7512828848011021E-06
                          0.7531281757733814E-06
                          0.7549768639444438E-06
                          0.7568289534933451E-06
                          0.7586844485531096E-06
                          0.7605433533323639E-06
                          0.7624056721326823E-06
                          0.7642714087138016E-06
                          0.7661405676728773E-06
                          0.7680131530530714E-06
                          0.7698891728033044E-06
                          0.7717686198186867E-06
                          0.7736515095814505E-06
                          0.7755378425200228E-06
                          0.7774276229539278E-06
                          0.7793208547072477E-06
                          0.7812175423537103E-06
                          0.7831176899715050E-06
                          0.7850213017659024E-06
                          0.7869283819447311E-06
                          0.7888389347183617E-06
                          0.7907529642997320E-06
                          0.7926704749169694E-06
                          0.7945914707502017E-06
                          0.7965159560579365E-06
                          0.7984439353471184E-06
                          0.8003754119541311E-06
                          0.8023103909965623E-06
                          0.8042488764087756E-06
                          0.8061908724243555E-06
                          0.8081363832785698E-06
                          0.8100854132105393E-06
                          0.8120379664610794E-06
                          0.8139940473524384E-06
                          0.8159536598947361E-06
                          0.8179168085726815E-06
                          0.8198834975588417E-06
                          0.8218537311070151E-06
                          0.8238275134735541E-06
                          0.8258048489173611E-06
                          0.8277857418146275E-06
                          0.8297701960851864E-06
                          0.8317582163397702E-06
                          0.8337498067327810E-06
                          0.8357449715374899E-06
                          0.8377437150233605E-06
                          0.8397460414719349E-06
                          0.8417519551609634E-06
                          0.8437614603723523E-06
                          0.8457745630384235E-06
                          0.8477912625024588E-06
                          0.8498115679977587E-06
                          0.8518354821685095E-06
                          0.8538630093093706E-06
                          0.8558941537175598E-06
                          0.8579289196928446E-06
                          0.8599673115375488E-06
                          0.8620093335565500E-06
                          0.8640549900572789E-06
                          0.8661042853497204E-06
                          0.8681572237464148E-06
                          0.8702138095624544E-06
                          0.8722740471154870E-06
                          0.8743379407257133E-06
                          0.8764054947158894E-06
                          0.8784767134113227E-06
                          0.8805516011398785E-06
                          0.8826301622319737E-06
                          0.8847124010205776E-06
                          0.8867983218412181E-06
                          0.8888879290319739E-06
                          0.8909812269334762E-06
                          0.8930782198889151E-06
                          0.8951789122440306E-06
                          0.8972833083471177E-06
                          0.8993914125490254E-06
                          0.9015032292031587E-06
                          0.9036187626654731E-06
                          0.9057380172944812E-06
                          0.9078609974512471E-06
                          0.9099877074993914E-06
                          0.9121181518050864E-06
                          0.9142523347370593E-06
                          0.9163902606665930E-06
                          0.9185319339675217E-06
                          0.9206773590162341E-06
                          0.9228265401916749E-06
                          0.9249794818753410E-06
                          0.9271361884512838E-06
                          0.9292966643061082E-06
                          0.9314609138289729E-06
                          0.9336289414115937E-06
                          0.9358007514482355E-06
                          0.9379763483357215E-06
                          0.9401557364734250E-06
                          0.9423389202632776E-06
                          0.9445259041097625E-06
                          0.9467166924199146E-06
                          0.9489112896033287E-06
                          0.9511097000721479E-06
                          0.9533119282410729E-06
                          0.9555179785273551E-06
                          0.9577278553508045E-06
                          0.9599415631337812E-06
                          0.9621591063012006E-06
                          0.9643804892805327E-06
                          0.9666057165018009E-06
                          0.9688347923975822E-06
                          0.9710677214030075E-06
                          0.9733045079557636E-06
                          0.9755451564960895E-06
                          0.9777896714667788E-06
                          0.9800380573131773E-06
                          0.9822903184831894E-06
                          0.9845464594272685E-06
                          0.9868064845984246E-06
                          0.9890703984522211E-06
                          0.9913382054467764E-06
                          0.9936099100427606E-06
                          0.9958855167033993E-06
                          0.9981650298944733E-06
                          0.1000448454084316E-05
                          0.1002735793743814E-05
                          0.1005027053346409E-05
                          0.1007322237368096E-05
                          0.1009621350287426E-05
                          0.1011924396585502E-05
                          0.1014231380745980E-05
                          0.1016542307255074E-05
                          0.1018857180601548E-05
                          0.1021176005276722E-05
                          0.1023498785774470E-05
                          0.1025825526591218E-05
                          0.1028156232225950E-05
                          0.1030490907180200E-05
                          0.1032829555958057E-05
                          0.1035172183066167E-05
                          0.1037518793013726E-05
                          0.1039869390312484E-05
                          0.1042223979476749E-05
                          0.1044582565023380E-05
                          0.1046945151471791E-05
                          0.1049311743343948E-05
                          0.1051682345164374E-05
                          0.1054056961460145E-05
                          0.1056435596760889E-05
                          0.1058818255598792E-05
                          0.1061204942508589E-05
                          0.1063595662027574E-05
                          0.1065990418695591E-05
                          0.1068389217055040E-05
                          0.1070792061650875E-05
                          0.1073198957030604E-05
                          0.1075609907744288E-05
                          0.1078024918344543E-05
                          0.1080443993386538E-05
                          0.1082867137427998E-05
                          0.1085294355029200E-05
                          0.1087725650752975E-05
                          0.1090161029164710E-05
                          0.1092600494832345E-05
                          0.1095044052326371E-05
                          0.1097491706219838E-05
                          0.1099943461088347E-05
                          0.1102399321510054E-05
                          0.1104859292065670E-05
                          0.1107323377338456E-05
                          0.1109791581914232E-05
                          0.1112263910381368E-05
                          0.1114740367330791E-05
                          0.1117220957355981E-05
                          0.1119705685052970E-05
                          0.1122194555020348E-05
                          0.1124687571859256E-05
                          0.1127184740173389E-05
                          0.1129686064568997E-05
                          0.1132191549654884E-05
                          0.1134701200042408E-05
                          0.1137215020345481E-05
                          0.1139733015180567E-05
                          0.1142255189166688E-05
                          0.1144781546925417E-05
                          0.1147312093080882E-05
                          0.1149846832259765E-05
                          0.1152385769091301E-05
                          0.1154928908207281E-05
                          0.1157476254242047E-05
                          0.1160027811832499E-05
                          0.1162583585618087E-05
                          0.1165143580240818E-05
                          0.1167707800345252E-05
                          0.1170276250578501E-05
                          0.1172848935590235E-05
                          0.1175425860032675E-05
                          0.1178007028560597E-05
                          0.1180592445831331E-05
                          0.1183182116504761E-05
                          0.1185776045243324E-05
                          0.1188374236712013E-05
                          0.1190976695578373E-05
                          0.1193583426512503E-05
                          0.1196194434187060E-05
                          0.1198809723277250E-05
                          0.1201429298460834E-05
                          0.1204053164418129E-05
                          0.1206681325832005E-05
                          0.1209313787387887E-05
                          0.1211950553773751E-05
                          0.1214591629680129E-05
                          0.1217237019800107E-05
                          0.1219886728829327E-05
                          0.1222540761465981E-05
                          0.1225199122410817E-05
                          0.1227861816367138E-05
                          0.1230528848040799E-05
                          0.1233200222140210E-05
                          0.1235875943376335E-05
                          0.1238556016462693E-05
                          0.1241240446115355E-05
                          0.1243929237052947E-05
                          0.1246622393996651E-05
                          0.1249319921670197E-05
                          0.1252021824799877E-05
                          0.1254728108114529E-05
                          0.1257438776345554E-05
                          0.1260153834226897E-05
                          0.1262873286495066E-05
                          0.1265597137889117E-05
                          0.1268325393150661E-05
                          0.1271058057023867E-05
                          0.1273795134255452E-05
                          0.1276536629594693E-05
                          0.1279282547793416E-05
                          0.1282032893606003E-05
                          0.1284787671789391E-05
                          0.1287546887103070E-05
                          0.1290310544309084E-05
                          0.1293078648172030E-05
                          0.1295851203459061E-05
                          0.1298628214939884E-05
                          0.1301409687386758E-05
                          0.1304195625574497E-05
                          0.1306986034280469E-05
                          0.1309780918284597E-05
                          0.1312580282369356E-05
                          0.1315384131319777E-05
                          0.1318192469923443E-05
                          0.1321005302970494E-05
                          0.1323822635253621E-05
                          0.1326644471568069E-05
                          0.1329470816711641E-05
                          0.1332301675484689E-05
                          0.1335137052690121E-05
                          0.1337976953133400E-05
                          0.1340821381622541E-05
                          0.1343670342968117E-05
                          0.1346523841983249E-05
                          0.1349381883483616E-05
                          0.1352244472287451E-05
                          0.1355111613215539E-05
                          0.1357983311091224E-05
                          0.1360859570740394E-05
                          0.1363740396991502E-05
                          0.1366625794675548E-05
                          0.1369515768626088E-05
                          0.1372410323679234E-05
                          0.1375309464673648E-05
                          0.1378213196450552E-05
                          0.1381121523853712E-05
                          0.1384034451729461E-05
                          0.1386951984926675E-05
                          0.1389874128296790E-05
                          0.1392800886693791E-05
                          0.1395732264974224E-05
                          0.1398668267997186E-05
                          0.1401608900624324E-05
                          0.1404554167719844E-05
                          0.1407504074150503E-05
                          0.1410458624785615E-05
                          0.1413417824497044E-05
                          0.1416381678159213E-05
                          0.1419350190649094E-05
                          0.1422323366846217E-05
                          0.1425301211632664E-05
                          0.1428283729893071E-05
                          0.1431270926514628E-05
                          0.1434262806387079E-05
                          0.1437259374402723E-05
                          0.1440260635456412E-05
                          0.1443266594445553E-05
                          0.1446277256270105E-05
                          0.1449292625832583E-05
                          0.1452312708038057E-05
                          0.1455337507794147E-05
                          0.1458367030011029E-05
                          0.1461401279601436E-05
                          0.1464440261480650E-05
                          0.1467483980566510E-05
                          0.1470532441779410E-05
                          0.1473585650042294E-05
                          0.1476643610280663E-05
                          0.1479706327422573E-05
                          0.1482773806398631E-05
                          0.1485846052141998E-05
                          0.1488923069588394E-05
                          0.1492004863676086E-05
                          0.1495091439345900E-05
                          0.1498182801541214E-05
                          0.1501278955207961E-05
                          0.1504379905294627E-05
                          0.1507485656752252E-05
                          0.1510596214534431E-05
                          0.1513711583597312E-05
                          0.1516831768899599E-05
                          0.1519956775402547E-05
                          0.1523086608069964E-05
                          0.1526221271868220E-05
                          0.1529360771766229E-05
                          0.1532505112735466E-05
                          0.1535654299749956E-05
                          0.1538808337786279E-05
                          0.1541967231823572E-05
                          0.1545130986843522E-05
                          0.1548299607830369E-05
                          0.1551473099770915E-05
                          0.1554651467654506E-05
                          0.1557834716473047E-05
                          0.1561022851220999E-05
                          0.1564215876895373E-05
                          0.1567413798495734E-05
                          0.1570616621024205E-05
                          0.1573824349485459E-05
                          0.1577036988886726E-05
                          0.1580254544237786E-05
                          0.1583477020550978E-05
                          0.1586704422841192E-05
                          0.1589936756125872E-05
                          0.1593174025425015E-05
                          0.1596416235761178E-05
                          0.1599663392159464E-05
                          0.1602915499647534E-05
                          0.1606172563255603E-05
                          0.1609434588016440E-05
                          0.1612701578965367E-05
                          0.1615973541140262E-05
                          0.1619250479581552E-05
                          0.1622532399332225E-05
                          0.1625819305437820E-05
                          0.1629111202946427E-05
                          0.1632408096908693E-05
                          0.1635709992377821E-05
                          0.1639016894409563E-05
                          0.1642328808062229E-05
                          0.1645645738396684E-05
                          0.1648967690476338E-05
                          0.1652294669367166E-05
                          0.1655626680137694E-05
                          0.1658963727858998E-05
                          0.1662305817604712E-05
                          0.1665652954451022E-05
                          0.1669005143476669E-05
                          0.1672362389762948E-05
                          0.1675724698393706E-05
                          0.1679092074455349E-05
                          0.1682464523036830E-05
                          0.1685842049229660E-05
                          0.1689224658127908E-05
                          0.1692612354828188E-05
                          0.1696005144429675E-05
                          0.1699403032034095E-05
