 Longwave optical depth [dimless]
  0.2358E+02
  0.2718E+02
  0.3177E+02
  0.3784E+02
  0.4584E+02
  0.5497E+02
  0.7179E+02
  0.9186E+02
  0.1866E+03
  0.2852E+03
  0.3766E+03
  0.5370E+03
  0.7794E+03
  0.1198E+04
  0.1633E+04
  0.1377E+04
  0.1083E+04
  0.1049E+04
  0.1233E+04
  0.1550E+04
  0.1496E+04
  0.1317E+04
  0.1333E+04
  0.1519E+04
  0.2012E+04
  0.2710E+04
  0.3577E+04
  0.4861E+04
  0.7393E+04
  0.9315E+04
  0.9870E+04
  0.8630E+04
  0.6766E+04
  0.5011E+04
  0.4268E+04
  0.4345E+04
  0.5239E+04
  0.6092E+04
  0.5452E+04
  0.5369E+04
  0.6344E+04
  0.8676E+04
  0.1306E+05
  0.1992E+05
  0.2497E+05
  0.2308E+05
  0.1659E+05
  0.1246E+05
  0.1078E+05
  0.1091E+05
  0.1060E+05
  0.9305E+04
  0.8242E+04
  0.8848E+04
  0.1024E+05
  0.1130E+05
  0.1432E+05
  0.1961E+05
  0.2225E+05
  0.2168E+05
  0.1926E+05
  0.1669E+05
  0.1836E+05
  0.2041E+05
  0.1871E+05
  0.1800E+05
  0.1616E+05
  0.1699E+05
  0.2277E+05
  0.3603E+05
  0.4208E+05
  0.3319E+05
  0.3126E+05
  0.3569E+05
  0.3139E+05
  0.2582E+05
  0.2658E+05
  0.2877E+05
  0.3905E+05
  0.5344E+05
  0.5241E+05
  0.3436E+05
  0.2979E+05
  0.3289E+05
  0.2958E+05
  0.2231E+05
  0.1836E+05
  0.1800E+05
  0.2023E+05
  0.1680E+05
  0.1328E+05
  0.1245E+05
  0.1372E+05
  0.1707E+05
  0.2214E+05
  0.3281E+05
  0.4465E+05
  0.4922E+05
  0.3283E+05
  0.2899E+05
  0.3780E+05
  0.4342E+05
  0.3211E+05
  0.2653E+05
  0.3110E+05
  0.4013E+05
  0.3441E+05
  0.2447E+05
  0.2149E+05
  0.2630E+05
  0.4643E+05
  0.4982E+05
  0.3339E+05
  0.2250E+05
  0.1800E+05
  0.1810E+05
  0.2198E+05
  0.3187E+05
  0.5404E+05
  0.8215E+05
  0.8755E+05
  0.5982E+05
  0.4676E+05
  0.3251E+05
  0.2841E+05
  0.3988E+05
  0.3537E+05
  0.1890E+05
  0.1374E+05
  0.1204E+05
  0.1196E+05
  0.1346E+05
  0.1762E+05
  0.2204E+05
  0.3018E+05
  0.4942E+05
  0.4952E+05
  0.3366E+05
  0.2879E+05
  0.2719E+05
  0.4160E+05
  0.3225E+05
  0.2410E+05
  0.1778E+05
  0.1905E+05
  0.1529E+05
  0.1127E+05
  0.1006E+05
  0.1087E+05
  0.1428E+05
  0.1607E+05
  0.1212E+05
  0.1028E+05
  0.1171E+05
  0.1944E+05
  0.2130E+05
  0.1400E+05
  0.1550E+05
  0.1823E+05
  0.2716E+05
  0.5233E+05
  0.1090E+06
  0.9216E+05
  0.4489E+05
  0.3089E+05
  0.3409E+05
  0.4122E+05
  0.2767E+05
  0.1806E+05
  0.1954E+05
  0.1541E+05
  0.1412E+05
  0.9756E+04
  0.8697E+04
  0.9189E+04
  0.1168E+05
  0.1700E+05
  0.1976E+05
  0.2055E+05
  0.2420E+05
  0.3790E+05
  0.5535E+05
  0.4571E+05
  0.2251E+05
  0.1626E+05
  0.9858E+04
  0.7155E+04
  0.5671E+04
  0.4915E+04
  0.4553E+04
  0.4484E+04
  0.4680E+04
  0.5293E+04
  0.6679E+04
  0.9836E+04
  0.1544E+05
  0.2005E+05
  0.2744E+05
  0.2761E+05
  0.1833E+05
  0.1699E+05
  0.2866E+05
  0.7641E+05
  0.5487E+05
  0.1978E+05
  0.1018E+05
  0.6507E+04
  0.4831E+04
  0.4003E+04
  0.3659E+04
  0.3739E+04
  0.4562E+04
  0.5967E+04
  0.5136E+04
  0.3643E+04
  0.3221E+04
  0.3299E+04
  0.3788E+04
  0.4622E+04
  0.6876E+04
  0.1184E+05
  0.2488E+05
  0.4163E+05
  0.2282E+05
  0.1830E+05
  0.1898E+05
  0.1140E+05
  0.6872E+04
  0.5158E+04
  0.5349E+04
  0.7540E+04
  0.8753E+04
  0.5698E+04
  0.3609E+04
  0.2741E+04
  0.2443E+04
  0.2480E+04
  0.2894E+04
  0.3827E+04
  0.5662E+04
  0.1164E+05
  0.3475E+05
  0.4186E+05
  0.1112E+05
  0.4907E+04
  0.2940E+04
  0.2166E+04
  0.1811E+04
  0.1657E+04
  0.1696E+04
  0.2066E+04
  0.2786E+04
  0.2353E+04
  0.1782E+04
  0.1710E+04
  0.2003E+04
  0.2858E+04
  0.5051E+04
  0.9236E+04
  0.7839E+04
  0.7289E+04
  0.1729E+05
  0.1058E+05
  0.3961E+04
  0.2416E+04
  0.2144E+04
  0.2676E+04
  0.3885E+04
  0.3218E+04
  0.2003E+04
  0.1598E+04
  0.1729E+04
  0.1773E+04
  0.1538E+04
  0.1467E+04
  0.1225E+04
  0.1274E+04
  0.1652E+04
  0.3589E+04
  0.1616E+05
  0.6733E+04
  0.7155E+04
  0.4642E+04
  0.4796E+04
  0.3035E+04
  0.2939E+04
  0.2103E+04
  0.1263E+04
  0.8515E+03
  0.6764E+03
  0.5869E+03
  0.5459E+03
  0.5509E+03
  0.6335E+03
  0.8837E+03
  0.1312E+04
  0.1129E+04
  0.1095E+04
  0.2284E+04
  0.5240E+04
  0.3344E+04
  0.1399E+04
  0.7263E+03
  0.5381E+03
  0.5042E+03
  0.5836E+03
  0.8896E+03
  0.1175E+04
  0.8942E+03
  0.5669E+03
  0.4336E+03
  0.4029E+03
  0.4256E+03
  0.5714E+03
  0.1519E+04
  0.2087E+04
  0.1557E+04
  0.2186E+04
  0.2361E+04
  0.1550E+04
  0.8300E+03
  0.4629E+03
  0.3407E+03
  0.2884E+03
  0.2599E+03
  0.2415E+03
  0.2347E+03
  0.2369E+03
  0.2475E+03
  0.2766E+03
  0.3330E+03
  0.4487E+03
  0.7045E+03
  0.1371E+04
  0.2584E+04
  0.2554E+04
  0.1375E+04
  0.9192E+03
  0.7441E+03
  0.4937E+03
  0.3842E+03
  0.2712E+03
  0.2320E+03
  0.2345E+03
  0.2603E+03
  0.2215E+03
  0.1943E+03
  0.2061E+03
  0.4488E+03
  0.2493E+03
  0.1910E+03
  0.2259E+03
  0.3352E+03
  0.4237E+03
  0.4882E+03
  0.2565E+03
  0.2244E+03
  0.2273E+03
  0.1578E+03
  0.1537E+03
  0.1806E+03
  0.2420E+03
  0.2702E+03
  0.3120E+03
  0.5246E+03
  0.1028E+04
  0.8821E+03
  0.4173E+03
  0.3187E+03
  0.2018E+03
  0.1472E+03
  0.1317E+03
  0.1338E+03
  0.1694E+03
  0.2002E+03
  0.2140E+03
  0.3572E+03
  0.6193E+03
  0.4282E+03
  0.2250E+03
  0.1776E+03
  0.1249E+03
  0.1072E+03
  0.1078E+03
  0.1251E+03
  0.1660E+03
  0.2548E+03
  0.2273E+03
  0.1725E+03
  0.1068E+03
  0.9058E+02
  0.9289E+02
  0.1181E+03
  0.1342E+03
  0.9901E+02
  0.8050E+02
  0.7330E+02
  0.7405E+02
  0.8262E+02
  0.1109E+03
  0.2067E+03
  0.3726E+03
  0.2088E+03
  0.1570E+03
  0.2053E+03
  0.2343E+03
  0.1394E+03
  0.1006E+03
  0.8738E+02
  0.7785E+02
  0.8301E+02
  0.1103E+03
  0.1768E+03
  0.2542E+03
  0.2177E+03
  0.1942E+03
  0.1181E+03
  0.9416E+02
  0.1082E+03
  0.1952E+03
  0.3683E+03
  0.1666E+03
  0.8875E+02
  0.6492E+02
  0.5548E+02
  0.5134E+02
  0.5195E+02
  0.5773E+02
  0.6813E+02
  0.5973E+02
  0.5102E+02
  0.5217E+02
  0.5752E+02
  0.6311E+02
  0.8810E+02
  0.1365E+03
  0.1403E+03
  0.1068E+03
  0.8242E+02
  0.8996E+02
  0.6320E+02
  0.5002E+02
  0.5039E+02
  0.5359E+02
  0.4726E+02
  0.4394E+02
  0.4267E+02
  0.4412E+02
  0.4822E+02
  0.5541E+02
  0.6372E+02
  0.7073E+02
  0.9289E+02
  0.1268E+03
  0.1301E+03
  0.1311E+03
  0.1237E+03
  0.1290E+03
  0.1515E+03
  0.2031E+03
  0.3189E+03
  0.2775E+03
  0.2954E+03
  0.3756E+03
  0.4688E+03
  0.5161E+03
  0.5926E+03
  0.7131E+03
  0.8612E+03
  0.1081E+04
  0.1260E+04
  0.1487E+04
  0.1822E+04
  0.2270E+04
  0.2843E+04
  0.3321E+04
  0.4143E+04
  0.5106E+04
  0.5238E+04
  0.5554E+04
  0.5690E+04
  0.6022E+04
  0.6693E+04
  0.7737E+04
  0.7928E+04
  0.7828E+04
  0.7961E+04
  0.8492E+04
  0.9552E+04
  0.9830E+04
  0.1141E+05
  0.1638E+05
  0.3128E+05
  0.7142E+05
  0.5362E+05
  0.2379E+05
  0.1624E+05
  0.1469E+05
  0.1517E+05
  0.1728E+05
  0.2069E+05
  0.2559E+05
  0.3145E+05
  0.3756E+05
  0.4483E+05
  0.5590E+05
  0.6850E+05
  0.8369E+05
  0.1110E+06
  0.1264E+06
  0.1636E+06
  0.2441E+06
  0.2553E+06
  0.2961E+06
  0.3588E+06
  0.4442E+06
  0.6087E+06
  0.9208E+06
  0.1060E+07
  0.8822E+06
  0.9062E+06
  0.1087E+07
  0.1580E+07
  0.1515E+07
  0.1264E+07
  0.1212E+07
  0.1303E+07
  0.1592E+07
  0.1804E+07
  0.1432E+07
  0.1503E+07
  0.2159E+07
  0.4510E+07
  0.1948E+08
  0.1049E+08
  0.4323E+07
  0.2582E+07
  0.1863E+07
  0.1660E+07
  0.1818E+07
  0.2901E+07
  0.1943E+07
  0.1563E+07
  0.1500E+07
  0.1707E+07
  0.2334E+07
  0.1330E+07
  0.1073E+07
  0.1018E+07
  0.1130E+07
  0.9255E+06
  0.6476E+06
  0.5388E+06
  0.5045E+06
  0.5685E+06
  0.3172E+06
  0.2425E+06
  0.2059E+06
  0.1859E+06
  0.1383E+06
  0.1023E+06
  0.8293E+05
  0.6981E+05
  0.5588E+05
  0.4233E+05
  0.3511E+05
  0.2894E+05
  0.2424E+05
  0.1981E+05
  0.1742E+05
  0.1588E+05
  0.1434E+05
  0.1451E+05
  0.1837E+05
  0.3198E+05
  0.6778E+05
  0.6421E+05
  0.2550E+05
  0.1354E+05
  0.9527E+04
  0.8161E+04
  0.8059E+04
  0.9597E+04
  0.8315E+04
  0.8015E+04
  0.7937E+04
  0.8052E+04
  0.8348E+04
  0.7777E+04
  0.6929E+04
  0.6366E+04
  0.6153E+04
  0.6301E+04
  0.5765E+04
  0.4238E+04
  0.3396E+04
  0.2732E+04
  0.2320E+04
  0.1978E+04
  0.1670E+04
  0.1323E+04
  0.1062E+04
  0.8630E+03
  0.7160E+03
  0.5973E+03
  0.4954E+03
  0.3874E+03
  0.3043E+03
  0.2469E+03
  0.2007E+03
  0.1643E+03
  0.1338E+03
  0.1079E+03
  0.8647E+02
  0.7324E+02
  0.6240E+02
  0.5429E+02
  0.4506E+02
  0.3798E+02
  0.3418E+02
  0.3142E+02
  0.2923E+02
  0.2631E+02
  0.2418E+02
  0.2268E+02
  0.2196E+02
  0.2189E+02
  0.2132E+02
  0.2100E+02
  0.2345E+02
  0.3192E+02
  0.5677E+02
  0.1271E+03
  0.1413E+03
  0.6966E+02
  0.3974E+02
  0.3005E+02
  0.2601E+02
  0.2666E+02
  0.2386E+02
  0.2230E+02
  0.2189E+02
  0.2203E+02
  0.2124E+02
  0.2016E+02
  0.1866E+02
  0.1732E+02
  0.1602E+02
  0.1488E+02
  0.1343E+02
  0.1199E+02
  0.1048E+02
  0.9136E+01
  0.7847E+01
  0.6747E+01
  0.5704E+01
  0.4866E+01
  0.4248E+01
  0.3772E+01
  0.3455E+01
  0.3293E+01
  0.3742E+01
  0.4051E+01
  0.2893E+01
  0.2191E+01
  0.1847E+01
  0.1664E+01
  0.1563E+01
  0.1496E+01
  0.1455E+01
  0.1479E+01
  0.1660E+01
  0.1461E+01
  0.1346E+01
  0.1281E+01
  0.1247E+01
  0.1235E+01
  0.1253E+01
  0.1372E+01
  0.1539E+01
  0.1495E+01
  0.1871E+01
  0.1622E+01
  0.1373E+01
  0.1171E+01
  0.1074E+01
  0.1044E+01
  0.9886E+00
  0.9884E+00
  0.1077E+01
  0.1307E+01
  0.1395E+01
  0.1124E+01
  0.9463E+00
  0.9080E+00
  0.9495E+00
  0.1078E+01
  0.9689E+00
  0.8767E+00
  0.8505E+00
  0.8543E+00
  0.8870E+00
  0.9416E+00
  0.8980E+00
  0.8884E+00
  0.9077E+00
  0.9662E+00
  0.9612E+00
  0.1037E+01
  0.1160E+01
  0.1074E+01
  0.1001E+01
  0.9916E+00
  0.9727E+00
  0.9918E+00
  0.1025E+01
  0.1049E+01
  0.1101E+01
  0.1152E+01
  0.1164E+01
  0.1212E+01
  0.1274E+01
  0.1314E+01
  0.1368E+01
  0.1510E+01
  0.1541E+01
  0.1761E+01
  0.1712E+01
  0.1595E+01
  0.1629E+01
  0.1680E+01
  0.1789E+01
  0.1919E+01
  0.2039E+01
  0.2292E+01
  0.2382E+01
  0.2707E+01
  0.2953E+01
  0.3097E+01
  0.3594E+01
  0.3717E+01
  0.4321E+01
  0.4898E+01
  0.5370E+01
  0.6579E+01
  0.7199E+01
  0.8112E+01
  0.9720E+01
  0.1027E+02
  0.1157E+02
  0.1342E+02
  0.1388E+02
  0.1527E+02
  0.1732E+02
  0.1753E+02
  0.1843E+02
  0.2024E+02
  0.2038E+02
  0.2015E+02
  0.2065E+02
  0.2056E+02
  0.1898E+02
  0.1768E+02
  0.1642E+02
  0.1443E+02
  0.1175E+02
  0.9392E+01
  0.7550E+01
  0.6881E+01
  0.8212E+01
  0.1086E+02
  0.1412E+02
  0.1724E+02
  0.1992E+02
  0.2215E+02
  0.2395E+02
  0.2526E+02
  0.2597E+02
  0.2601E+02
  0.2535E+02
  0.2410E+02
  0.2228E+02
  0.2012E+02
  0.1773E+02
  0.1529E+02
  0.1288E+02
  0.1061E+02
  0.8566E+01
  0.6780E+01
  0.5291E+01
  0.4067E+01
  0.3085E+01
  0.2350E+01
  0.1788E+01
  0.1391E+01
  0.1121E+01
  0.9235E+00
  0.8084E+00
  0.7543E+00
  0.6877E+00
  0.6595E+00
  0.6446E+00
  0.6344E+00
  0.6341E+00
  0.6448E+00
  0.6576E+00
  0.6788E+00
  0.7990E+00
  0.8004E+00
  0.8184E+00
  0.9168E+00
  0.1100E+01
  0.1047E+01
  0.1175E+01
  0.1404E+01
  0.1507E+01
  0.1935E+01
  0.2160E+01
  0.2643E+01
  0.3176E+01
  0.3590E+01
  0.4635E+01
  0.5076E+01
  0.6129E+01
  0.7190E+01
  0.7797E+01
  0.9741E+01
  0.1061E+02
  0.1199E+02
  0.1463E+02
  0.1533E+02
  0.1765E+02
  0.2058E+02
  0.2119E+02
  0.2406E+02
  0.2718E+02
  0.2741E+02
  0.2989E+02
  0.3310E+02
  0.3250E+02
  0.3314E+02
  0.3509E+02
  0.3403E+02
  0.3196E+02
  0.3087E+02
  0.2929E+02
  0.2530E+02
  0.2136E+02
  0.1772E+02
  0.1441E+02
  0.1256E+02
  0.1434E+02
  0.1920E+02
  0.2379E+02
  0.2850E+02
  0.3306E+02
  0.3732E+02
  0.4106E+02
  0.4414E+02
  0.4606E+02
  0.4655E+02
  0.4592E+02
  0.4424E+02
  0.4153E+02
  0.3787E+02
  0.3377E+02
  0.2951E+02
  0.2520E+02
  0.2106E+02
  0.1724E+02
  0.1387E+02
  0.1102E+02
  0.8693E+01
  0.6558E+01
  0.4889E+01
  0.3647E+01
  0.2727E+01
  0.2080E+01
  0.1674E+01
  0.1450E+01
  0.1298E+01
  0.9995E+00
  0.7611E+00
  0.7295E+00
  0.1003E+01
  0.9723E+00
  0.6217E+00
  0.5949E+00
  0.7504E+00
  0.6474E+00
  0.4512E+00
  0.3711E+00
  0.3483E+00
  0.3709E+00
  0.4391E+00
  0.6817E+00
  0.1217E+01
  0.7340E+00
  0.4425E+00
  0.3570E+00
  0.3312E+00
  0.3294E+00
  0.3503E+00
  0.3922E+00
  0.4712E+00
  0.6393E+00
  0.1058E+01
  0.2212E+01
  0.2977E+01
  0.1872E+01
  0.1038E+01
  0.6422E+00
  0.4928E+00
  0.4228E+00
  0.3922E+00
  0.3930E+00
  0.4287E+00
  0.5397E+00
  0.8443E+00
  0.1086E+01
  0.9421E+00
  0.9648E+00
  0.6828E+00
  0.5137E+00
  0.4428E+00
  0.4239E+00
  0.4305E+00
  0.4560E+00
  0.5058E+00
  0.6396E+00
  0.9024E+00
  0.1363E+01
  0.1321E+01
  0.9772E+00
  0.9106E+00
  0.1048E+01
  0.1435E+01
  0.2477E+01
  0.5251E+01
  0.6736E+01
  0.3338E+01
  0.1796E+01
  0.1271E+01
  0.1053E+01
  0.1006E+01
  0.1045E+01
  0.1291E+01
  0.1966E+01
  0.3652E+01
  0.4560E+01
  0.2574E+01
  0.1569E+01
  0.1226E+01
  0.1082E+01
  0.1133E+01
  0.1199E+01
  0.1626E+01
  0.2721E+01
  0.3099E+01
  0.1839E+01
  0.1277E+01
  0.1076E+01
  0.1043E+01
  0.1133E+01
  0.1326E+01
  0.1488E+01
  0.1934E+01
  0.2993E+01
  0.5151E+01
  0.6370E+01
  0.4156E+01
  0.2834E+01
  0.2562E+01
  0.3145E+01
  0.3986E+01
  0.3267E+01
  0.3052E+01
  0.3378E+01
  0.4936E+01
  0.7983E+01
  0.6354E+01
  0.3990E+01
  0.3193E+01
  0.3138E+01
  0.3155E+01
  0.3430E+01
  0.4030E+01
  0.4497E+01
  0.5374E+01
  0.6526E+01
  0.7665E+01
  0.8625E+01
  0.1042E+02
  0.1381E+02
  0.1725E+02
  0.1783E+02
  0.1801E+02
  0.1469E+02
  0.1478E+02
  0.1794E+02
  0.1520E+02
  0.1456E+02
  0.1527E+02
  0.1407E+02
  0.1306E+02
  0.1476E+02
  0.2015E+02
  0.3086E+02
  0.2959E+02
  0.2415E+02
  0.2012E+02
  0.2175E+02
  0.2819E+02
  0.3025E+02
  0.3511E+02
  0.4300E+02
  0.5268E+02
  0.4750E+02
  0.3017E+02
  0.2393E+02
  0.1751E+02
  0.1493E+02
  0.1457E+02
  0.1534E+02
  0.1342E+02
  0.1179E+02
  0.1288E+02
  0.1325E+02
  0.1677E+02
  0.2789E+02
  0.2617E+02
  0.1703E+02
  0.1363E+02
  0.9250E+01
  0.8365E+01
  0.9305E+01
  0.1388E+02
  0.1228E+02
  0.8992E+01
  0.8465E+01
  0.8731E+01
  0.9416E+01
  0.1066E+02
  0.1329E+02
  0.1737E+02
  0.2467E+02
  0.2963E+02
  0.2822E+02
  0.4012E+02
  0.8672E+02
  0.8255E+02
  0.8619E+02
  0.8453E+02
  0.1155E+03
  0.1295E+03
  0.1144E+03
  0.8249E+02
  0.4763E+02
  0.3701E+02
  0.3038E+02
  0.2868E+02
  0.2812E+02
  0.2980E+02
  0.3346E+02
  0.3507E+02
  0.4016E+02
  0.5101E+02
  0.7873E+02
  0.1870E+03
  0.2458E+03
  0.3817E+03
  0.3624E+03
  0.2449E+03
  0.1269E+03
  0.8493E+02
  0.6847E+02
  0.6546E+02
  0.7116E+02
  0.8939E+02
  0.9618E+02
  0.8654E+02
  0.8717E+02
  0.1045E+03
  0.1343E+03
  0.1191E+03
  0.1277E+03
  0.1619E+03
  0.2732E+03
  0.6960E+03
  0.6319E+03
  0.6781E+03
  0.3031E+03
  0.2083E+03
  0.2297E+03
  0.3068E+03
  0.2671E+03
  0.2826E+03
  0.4338E+03
  0.7046E+03
  0.6377E+03
  0.4305E+03
  0.3241E+03
  0.2768E+03
  0.2301E+03
  0.2049E+03
  0.2146E+03
  0.2529E+03
  0.3574E+03
  0.7015E+03
  0.1680E+04
  0.8467E+03
  0.4772E+03
  0.4718E+03
  0.6342E+03
  0.1234E+04
  0.1693E+04
  0.1207E+04
  0.1166E+04
  0.1222E+04
  0.1060E+04
  0.6701E+03
  0.5345E+03
  0.5954E+03
  0.7380E+03
  0.5778E+03
  0.4177E+03
  0.3656E+03
  0.3843E+03
  0.4128E+03
  0.4407E+03
  0.4771E+03
  0.6303E+03
  0.1041E+04
  0.2091E+04
  0.3061E+04
  0.3503E+04
  0.1706E+04
  0.1120E+04
  0.1087E+04
  0.8934E+03
  0.7057E+03
  0.7174E+03
  0.9173E+03
  0.1201E+04
  0.1028E+04
  0.9888E+03
  0.1171E+04
  0.1734E+04
  0.3414E+04
  0.3143E+04
  0.1635E+04
  0.1034E+04
  0.8181E+03
  0.7338E+03
  0.7295E+03
  0.7971E+03
  0.9956E+03
  0.1403E+04
  0.1430E+04
  0.1193E+04
  0.1279E+04
  0.1591E+04
  0.2052E+04
  0.3584E+04
  0.6476E+04
  0.6840E+04
  0.4630E+04
  0.2932E+04
  0.2083E+04
  0.1929E+04
  0.2342E+04
  0.2885E+04
  0.2313E+04
  0.1811E+04
  0.1765E+04
  0.2198E+04
  0.3384E+04
  0.4576E+04
  0.4653E+04
  0.3247E+04
  0.2950E+04
  0.2040E+04
  0.1484E+04
  0.1342E+04
  0.1394E+04
  0.1334E+04
  0.1355E+04
  0.1566E+04
  0.2068E+04
  0.2646E+04
  0.2924E+04
  0.3446E+04
  0.3127E+04
  0.2484E+04
  0.2545E+04
  0.3529E+04
  0.5194E+04
  0.4482E+04
  0.4026E+04
  0.3385E+04
  0.3068E+04
  0.3393E+04
  0.4559E+04
  0.7146E+04
  0.9372E+04
  0.8854E+04
  0.6369E+04
  0.4772E+04
  0.3733E+04
  0.3576E+04
  0.3198E+04
  0.3571E+04
  0.4354E+04
  0.5022E+04
  0.4934E+04
  0.6186E+04
  0.7732E+04
  0.6741E+04
  0.5311E+04
  0.4976E+04
  0.4545E+04
  0.3859E+04
  0.3474E+04
  0.3168E+04
  0.3387E+04
  0.4194E+04
  0.5149E+04
  0.4848E+04
  0.5026E+04
  0.6773E+04
  0.1011E+05
  0.1148E+05
  0.1022E+05
  0.8589E+04
  0.6472E+04
  0.5427E+04
  0.4277E+04
  0.3415E+04
  0.3242E+04
  0.3427E+04
  0.3476E+04
  0.3981E+04
  0.5265E+04
  0.6272E+04
  0.7302E+04
  0.1023E+05
  0.1243E+05
  0.1177E+05
  0.8489E+04
  0.5488E+04
  0.4244E+04
  0.3812E+04
  0.3401E+04
  0.3444E+04
  0.4173E+04
  0.4621E+04
  0.3844E+04
  0.3475E+04
  0.3997E+04
  0.5646E+04
  0.7338E+04
  0.5552E+04
  0.3535E+04
  0.2455E+04
  0.1914E+04
  0.1616E+04
  0.1386E+04
  0.1260E+04
  0.1156E+04
  0.1105E+04
  0.1079E+04
  0.1066E+04
  0.1052E+04
  0.1084E+04
  0.1116E+04
  0.1118E+04
  0.1071E+04
  0.1019E+04
  0.1009E+04
  0.1026E+04
  0.1078E+04
  0.1094E+04
  0.1127E+04
  0.1132E+04
  0.1212E+04
  0.1332E+04
  0.1441E+04
  0.1543E+04
  0.1660E+04
  0.1945E+04
  0.2594E+04
  0.3952E+04
  0.6061E+04
  0.5912E+04
  0.3975E+04
  0.2966E+04
  0.2820E+04
  0.3299E+04
  0.3681E+04
  0.3039E+04
  0.2672E+04
  0.2823E+04
  0.2695E+04
  0.2433E+04
  0.2527E+04
  0.3081E+04
  0.4423E+04
  0.6584E+04
  0.6708E+04
  0.5009E+04
  0.3673E+04
  0.2986E+04
  0.2801E+04
  0.2962E+04
  0.3646E+04
  0.5268E+04
  0.6880E+04
  0.6561E+04
  0.6043E+04
  0.6450E+04
  0.9231E+04
  0.1373E+05
  0.1304E+05
  0.8784E+04
  0.5501E+04
  0.3873E+04
  0.3158E+04
  0.3005E+04
  0.3273E+04
  0.3878E+04
  0.3591E+04
  0.2985E+04
  0.2933E+04
  0.3506E+04
  0.4674E+04
  0.4972E+04
  0.4415E+04
  0.3942E+04
  0.4150E+04
  0.5321E+04
  0.4731E+04
  0.3462E+04
  0.3108E+04
  0.3412E+04
  0.4103E+04
  0.5891E+04
  0.8904E+04
  0.1057E+05
  0.6935E+04
  0.4490E+04
  0.3618E+04
  0.3283E+04
  0.3153E+04
  0.3474E+04
  0.4728E+04
  0.7870E+04
  0.1019E+05
  0.7853E+04
  0.7979E+04
  0.1023E+05
  0.8846E+04
  0.5713E+04
  0.4579E+04
  0.4284E+04
  0.3850E+04
  0.3099E+04
  0.2479E+04
  0.2299E+04
  0.2220E+04
  0.2445E+04
  0.3380E+04
  0.4886E+04
  0.5892E+04
  0.8008E+04
  0.5875E+04
  0.3498E+04
  0.2285E+04
  0.1847E+04
  0.1703E+04
  0.1467E+04
  0.1366E+04
  0.1453E+04
  0.1748E+04
  0.2312E+04
  0.2866E+04
  0.4918E+04
  0.8222E+04
  0.6464E+04
  0.3825E+04
  0.2873E+04
  0.3053E+04
  0.3443E+04
  0.2612E+04
  0.2112E+04
  0.1944E+04
  0.1715E+04
  0.1793E+04
  0.2095E+04
  0.2361E+04
  0.2676E+04
  0.4739E+04
  0.2462E+04
  0.1410E+04
  0.1289E+04
  0.1676E+04
  0.1711E+04
  0.1349E+04
  0.1427E+04
  0.2025E+04
  0.2027E+04
  0.1371E+04
  0.1101E+04
  0.1180E+04
  0.2120E+04
  0.2863E+04
  0.2405E+04
  0.3714E+04
  0.4924E+04
  0.3635E+04
  0.2166E+04
  0.1510E+04
  0.1094E+04
  0.9953E+03
  0.1095E+04
  0.1091E+04
  0.8172E+03
  0.8089E+03
  0.1970E+04
  0.7790E+03
  0.7116E+03
  0.8805E+03
  0.1366E+04
  0.2199E+04
  0.2842E+04
  0.2160E+04
  0.1374E+04
  0.1111E+04
  0.9166E+03
  0.1046E+04
  0.1184E+04
  0.1427E+04
  0.9696E+03
  0.5593E+03
  0.4344E+03
  0.4127E+03
  0.4905E+03
  0.5126E+03
  0.6473E+03
  0.6719E+03
  0.4974E+03
  0.3564E+03
  0.2960E+03
  0.2798E+03
  0.5719E+03
  0.2695E+03
  0.2894E+03
  0.3416E+03
  0.4864E+03
  0.6855E+03
  0.1115E+04
  0.9942E+03
  0.8972E+03
  0.1249E+04
  0.1633E+04
  0.1142E+04
  0.6566E+03
  0.4759E+03
  0.3852E+03
  0.3923E+03
  0.4213E+03
  0.3925E+03
  0.4401E+03
  0.6407E+03
  0.1231E+04
  0.2565E+04
  0.2390E+04
  0.1131E+04
  0.7126E+03
  0.5022E+03
  0.3168E+03
  0.2386E+03
  0.2009E+03
  0.1765E+03
  0.1606E+03
  0.1514E+03
  0.1564E+03
  0.1666E+03
  0.1644E+03
  0.1935E+03
  0.1924E+03
  0.2399E+03
  0.3543E+03
  0.5878E+03
  0.9451E+03
  0.1364E+04
  0.1198E+04
  0.5842E+03
  0.3147E+03
  0.2050E+03
  0.1536E+03
  0.1266E+03
  0.1104E+03
  0.1035E+03
  0.1009E+03
  0.9877E+02
  0.1059E+03
  0.1280E+03
  0.1519E+03
  0.1693E+03
  0.2402E+03
  0.4315E+03
  0.5230E+03
  0.3062E+03
  0.2043E+03
  0.2049E+03
  0.2691E+03
  0.2076E+03
  0.1436E+03
  0.1133E+03
  0.1076E+03
  0.1159E+03
  0.1325E+03
  0.1572E+03
  0.1857E+03
  0.2050E+03
  0.2579E+03
  0.3088E+03
  0.3554E+03
  0.3439E+03
  0.3550E+03
  0.3194E+03
  0.3523E+03
  0.5115E+03
  0.1117E+04
  0.1145E+04
  0.5923E+03
  0.4376E+03
  0.4784E+03
  0.4341E+03
  0.3026E+03
  0.2539E+03
  0.1577E+03
  0.1312E+03
  0.1409E+03
  0.2239E+03
  0.8111E+03
  0.5239E+03
  0.2267E+03
  0.1343E+03
  0.1017E+03
  0.1013E+03
  0.1355E+03
  0.2600E+03
  0.5219E+03
  0.3105E+03
  0.1783E+03
  0.1392E+03
  0.9138E+02
  0.5934E+02
  0.4557E+02
  0.4035E+02
  0.4240E+02
  0.4748E+02
  0.5662E+02
  0.4711E+02
  0.4113E+02
  0.4043E+02
  0.3888E+02
  0.4290E+02
  0.4217E+02
  0.4939E+02
  0.7143E+02
  0.1372E+03
  0.1957E+03
  0.9689E+02
  0.4661E+02
  0.2916E+02
  0.2170E+02
  0.1825E+02
  0.1670E+02
  0.1599E+02
  0.1423E+02
  0.1299E+02
  0.1274E+02
  0.1311E+02
  0.1366E+02
  0.1560E+02
  0.1967E+02
  0.2897E+02
  0.5265E+02
  0.7644E+02
  0.8282E+02
  0.2192E+03
  0.2666E+03
  0.8841E+02
  0.4137E+02
  0.2671E+02
  0.2311E+02
  0.2464E+02
  0.1997E+02
  0.1503E+02
  0.1354E+02
  0.1297E+02
  0.1317E+02
  0.1511E+02
  0.1910E+02
  0.2143E+02
  0.2013E+02
  0.1927E+02
  0.2197E+02
  0.3005E+02
  0.4673E+02
  0.1058E+03
  0.1153E+03
  0.6993E+02
  0.5319E+02
  0.4096E+02
  0.3476E+02
  0.3301E+02
  0.3438E+02
  0.4607E+02
  0.3717E+02
  0.3182E+02
  0.3167E+02
  0.3712E+02
  0.4390E+02
  0.4620E+02
  0.5888E+02
  0.9526E+02
  0.2065E+03
  0.1212E+03
  0.1382E+03
  0.1835E+03
  0.1881E+03
  0.2123E+03
  0.2554E+03
  0.3292E+03
  0.4504E+03
  0.4829E+03
  0.5536E+03
  0.6181E+03
  0.7725E+03
  0.1125E+04
  0.1136E+04
  0.1086E+04
  0.1129E+04
  0.1295E+04
  0.1727E+04
  0.1987E+04
  0.1532E+04
  0.1388E+04
  0.1472E+04
  0.1669E+04
  0.2103E+04
  0.1245E+04
  0.9934E+03
  0.9238E+03
  0.9845E+03
  0.1256E+04
  0.1491E+04
  0.4005E+04
  0.9230E+04
  0.2891E+04
  0.1285E+04
  0.8227E+03
  0.7530E+03
  0.5841E+03
  0.4058E+03
  0.3240E+03
  0.2883E+03
  0.2967E+03
  0.2201E+03
  0.1620E+03
  0.1891E+03
  0.2700E+03
  0.1453E+03
  0.8127E+02
  0.5917E+02
  0.4923E+02
  0.4540E+02
  0.4774E+02
  0.3930E+02
  0.3720E+02
  0.3847E+02
  0.4287E+02
  0.4711E+02
  0.4431E+02
  0.4146E+02
  0.4073E+02
  0.4253E+02
  0.4339E+02
  0.4778E+02
  0.3887E+02
  0.3410E+02
  0.3142E+02
  0.2969E+02
  0.2955E+02
  0.2493E+02
  0.2227E+02
  0.2183E+02
  0.2465E+02
  0.3733E+02
  0.8061E+02
  0.1004E+03
  0.3887E+02
  0.1941E+02
  0.1257E+02
  0.1065E+02
  0.1750E+02
  0.8785E+01
  0.7235E+01
  0.5929E+01
  0.4313E+01
  0.3606E+01
  0.3214E+01
  0.3365E+01
  0.3087E+01
  0.2703E+01
  0.2234E+01
  0.2018E+01
  0.2162E+01
  0.2769E+01
  0.2178E+01
  0.1811E+01
  0.1816E+01
  0.1713E+01
  0.1619E+01
  0.1726E+01
  0.2875E+01
  0.2642E+01
  0.2339E+01
  0.2705E+01
  0.2180E+01
  0.1362E+01
  0.1018E+01
  0.9255E+00
  0.9552E+00
  0.8049E+00
  0.6822E+00
  0.6352E+00
  0.6097E+00
  0.6102E+00
  0.6544E+00
  0.7422E+00
  0.9154E+00
  0.8598E+00
  0.8506E+00
  0.1007E+01
  0.1241E+01
  0.1394E+01
  0.1187E+01
  0.1249E+01
  0.1421E+01
  0.1601E+01
  0.1865E+01
  0.2213E+01
  0.2374E+01
  0.2844E+01
  0.3368E+01
  0.4101E+01
  0.4659E+01
  0.5749E+01
  0.6695E+01
  0.8993E+01
  0.1033E+02
  0.1262E+02
  0.1534E+02
  0.1977E+02
  0.2439E+02
  0.3221E+02
  0.3874E+02
  0.5237E+02
  0.6369E+02
  0.8380E+02
  0.1088E+03
  0.1362E+03
  0.1816E+03
  0.2211E+03
  0.3034E+03
  0.3727E+03
  0.5048E+03
  0.6085E+03
  0.8378E+03
  0.9928E+03
  0.1307E+04
  0.1642E+04
  0.1992E+04
  0.2802E+04
  0.3088E+04
  0.4278E+04
  0.5097E+04
  0.6271E+04
  0.8318E+04
  0.9176E+04
  0.1313E+05
  0.1439E+05
  0.1730E+05
  0.2420E+05
  0.2448E+05
  0.3373E+05
  0.3923E+05
  0.4225E+05
  0.6890E+05
  0.6245E+05
  0.7073E+05
  0.1329E+06
  0.9582E+05
  0.1119E+06
  0.2077E+06
  0.1427E+06
  0.1609E+06
  0.3578E+06
  0.2062E+06
  0.2066E+06
  0.3182E+06
  0.2983E+06
  0.2441E+06
  0.2844E+06
  0.7767E+06
  0.2837E+06
  0.2405E+06
  0.2608E+06
  0.4797E+06
  0.1948E+06
  0.1356E+06
  0.1100E+06
  0.9986E+05
  0.1280E+06
  0.1848E+06
  0.2955E+06
  0.4712E+06
  0.3884E+06
  0.3838E+06
  0.3917E+06
  0.4177E+06
  0.4388E+06
  0.4772E+06
  0.4913E+06
  0.5161E+06
  0.5381E+06
  0.5360E+06
  0.5979E+06
  0.5988E+06
  0.7138E+06
  0.7682E+06
  0.9106E+06
  0.1152E+07
  0.1228E+07
  0.1765E+07
  0.1847E+07
  0.2249E+07
  0.3099E+07
  0.3088E+07
  0.4243E+07
  0.4874E+07
  0.5103E+07
  0.8420E+07
  0.7497E+07
  0.8323E+07
  0.1970E+08
  0.1126E+08
  0.1257E+08
  0.3018E+08
  0.1640E+08
  0.1722E+08
  0.2989E+08
  0.2339E+08
  0.2124E+08
  0.2859E+08
  0.3539E+08
  0.2461E+08
  0.2484E+08
  0.3487E+08
  0.2925E+08
  0.2030E+08
  0.1792E+08
  0.1814E+08
  0.1505E+08
  0.8106E+07
  0.1160E+08
  0.1639E+08
  0.1870E+08
  0.2173E+08
  0.2617E+08
  0.3270E+08
  0.4268E+08
  0.7556E+08
  0.4678E+08
  0.3894E+08
  0.3412E+08
  0.3020E+08
  0.2662E+08
  0.2318E+08
  0.1984E+08
  0.1669E+08
  0.1381E+08
  0.1131E+08
  0.9351E+07
  0.6957E+07
  0.4778E+07
  0.3404E+07
  0.2449E+07
  0.1778E+07
  0.1236E+07
  0.8599E+06
  0.6079E+06
  0.4246E+06
  0.3170E+06
  0.2298E+06
  0.1682E+06
  0.1237E+06
  0.9099E+05
  0.6664E+05
  0.4842E+05
  0.3479E+05
  0.2467E+05
  0.1723E+05
  0.1186E+05
  0.6221E+04
  0.4062E+04
  0.2609E+04
  0.1647E+04
  0.1023E+04
  0.4334E+03
  0.2553E+03
  0.1482E+03
  0.5533E+02
  0.3109E+02
  0.1157E+02
  0.5222E+01
  0.3133E+01
  0.2590E+01
  0.2633E+01
  0.2572E+01
  0.2448E+01
  0.2447E+01
  0.2423E+01
  0.2133E+01
  0.1884E+01
  0.1654E+01
  0.1386E+01
  0.1068E+01
  0.8707E+00
  0.8987E+00
  0.1149E+01
  0.1489E+01
  0.1867E+01
  0.2254E+01
  0.2616E+01
  0.2932E+01
  0.3086E+01
  0.3173E+01
  0.3180E+01
  0.3115E+01
  0.2981E+01
  0.2789E+01
  0.2554E+01
  0.2286E+01
  0.2003E+01
  0.1718E+01
  0.1447E+01
  0.1199E+01
  0.9720E+00
  0.7769E+00
  0.6235E+00
  0.4994E+00
  0.4070E+00
  0.3326E+00
  0.2852E+00
  0.2558E+00
  0.2491E+00
  0.2638E+00
  0.2837E+00
  0.3347E+00
  0.4097E+00
  0.4925E+00
  0.5996E+00
  0.7539E+00
  0.8964E+00
  0.1057E+01
  0.1282E+01
  0.1736E+01
  0.1848E+01
  0.2112E+01
  0.2550E+01
  0.3403E+01
  0.3285E+01
  0.3613E+01
  0.4386E+01
  0.4774E+01
  0.4526E+01
  0.4785E+01
  0.6677E+01
  0.4755E+01
  0.4289E+01
  0.4337E+01
  0.3748E+01
  0.2671E+01
  0.2054E+01
  0.1553E+01
