 tauray
                          0.7694265840996822E-18
                          0.3522593826019196E-12
                          0.5215135583029566E-11
                          0.2571844146416181E-10
                          0.8021922993714656E-10
                          0.1943017947308273E-09
                          0.4007776703917434E-09
                          0.7396856322841296E-09
                          0.1258291696589916E-08
                          0.2011089120308728E-08
                          0.3059798401257890E-08
                          0.4473367278072420E-08
                          0.6327970730205026E-08
                          0.8707010977926120E-08
                          0.1170111748232380E-07
                          0.1540814694530388E-07
                          0.1993318330958983E-07
                          0.2538853775872288E-07
                          0.3189374871706189E-07
                          0.3957558184978345E-07
                          0.4856803006288182E-07
                          0.5901231350316901E-07
                          0.7105687955827469E-07
                          0.8485740285664609E-07
                          0.1005767852675485E-06
                          0.1183851559010645E-06
                          0.1384598711080947E-06
                          0.1609855144803570E-06
                          0.1861538968503876E-06
                          0.2141640562915395E-06
                          0.2452222581179845E-06
                          0.2795419948847114E-06
                          0.3173439863875266E-06
                          0.3588561796630543E-06
                          0.4043137489887371E-06
                          0.4539590958828343E-06
                          0.5080418491044231E-06
                          0.5668188646533991E-06
                          0.6305542257704755E-06
                          0.6995192429371813E-06
                          0.7739924538758659E-06
                          0.8542596235496947E-06
                          0.9406137441626523E-06
                          0.1033355035159538E-05
                          0.1132790943225972E-05
                          0.1239236142288391E-05
                          0.1353012533514050E-05
                          0.1474449245311019E-05
                          0.1603882633328190E-05
                          0.1741656280455269E-05
                          0.1888120996822783E-05
                          0.2043634819802072E-05
                          0.2208563014005297E-05
                          0.2383278071285441E-05
                          0.2568159710736292E-05
                          0.2763594878692469E-05
                          0.2969977748729403E-05
                          0.3187709721663342E-05
                          0.3417199425551353E-05
                          0.3658862715691318E-05
                          0.3913122674621947E-05
                          0.4180409612122747E-05
                          0.4461161065214066E-05
                          0.4755821798157056E-05
                          0.5064843802453694E-05
                          0.5388686296846759E-05
                          0.5727815727319871E-05
                          0.6082705767097450E-05
                          0.6453837316644737E-05
                          0.6841698503667803E-05
                          0.7246784683113520E-05
                          0.7669598437169592E-05
                          0.8110649575264522E-05
                          0.8570455134067647E-05
                          0.9049539377489122E-05
                          0.9548433796679908E-05
                          0.1006767711003180E-04
                          0.1060781526317738E-04
                          0.1116940142899008E-04
                          0.1175299600758416E-04
                          0.1235916662631464E-04
                          0.1298848813977742E-04
                          0.1364154262980918E-04
                          0.1431891940548743E-04
                          0.1502121500313051E-04
                          0.1574903318629755E-04
                          0.1650298494578851E-04
                          0.1728368849964418E-04
                          0.1809176929314613E-04
                          0.1892785999881682E-04
                          0.1979260051641946E-04
                          0.2068663797295810E-04
                          0.2161062672267761E-04
                          0.2256522834706366E-04
                          0.2355111165484278E-04
                          0.2456895268198229E-04
                          0.2561943469169030E-04
                          0.2670324817441579E-04
                          0.2782109084784855E-04
                          0.2897366765691913E-04
                          0.3016169077379899E-04
                          0.3138587959790033E-04
                          0.3264696075587618E-04
                          0.3394566810162041E-04
                          0.3528274271626774E-04
                          0.3665893290819362E-04
                          0.3807499421301440E-04
                          0.3953168939358717E-04
                          0.4102978844000991E-04
                          0.4257006856962145E-04
                          0.4415331422700128E-04
                          0.4578031708396981E-04
                          0.4745187603958833E-04
                          0.4916879722015882E-04
                          0.5093189397922418E-04
                          0.5274198689756808E-04
                          0.5459990378321494E-04
                          0.5650647967143021E-04
                          0.5846255682471987E-04
                          0.6046898473283097E-04
                          0.6252662011275123E-04
                          0.6463632690870926E-04
                          0.6679897629217443E-04
                          0.6901544666185692E-04
                          0.7128662364370785E-04
                          0.7361340009091904E-04
                          0.7599667608392316E-04
                          0.7843735893039368E-04
                          0.8093636316524493E-04
                          0.8349461055063201E-04
                          0.8611303007595087E-04
                          0.8879255795783828E-04
                          0.9153413764017173E-04
                          0.9433871979406974E-04
                          0.9720726231789152E-04
                          0.1001407303372370E-03
                          0.1031400962049470E-03
                          0.1062063395011035E-03
                          0.1093404470330285E-03
                          0.1125434128352856E-03
                          0.1158162381696790E-03
                          0.1191599315252534E-03
                          0.1225755086182946E-03
                          0.1260639923923293E-03
                          0.1296264130181248E-03
                          0.1332638078936893E-03
                          0.1369772216442719E-03
                          0.1407677061223623E-03
                          0.1446363204076912E-03
                          0.1485841308072301E-03
                          0.1526122108551915E-03
                          0.1567216413130281E-03
                          0.1609135101694343E-03
                          0.1651889126403445E-03
                          0.1695489511689344E-03
                          0.1739947354256202E-03
                          0.1785273823080594E-03
                          0.1831480159411499E-03
                          0.1878577676770303E-03
                          0.1926577760950807E-03
                          0.1975491870019212E-03
                          0.2025331534314133E-03
                          0.2076108356446590E-03
                          0.2127834011300012E-03
                          0.2180520246030237E-03
                          0.2234178880065511E-03
                          0.2288821805106486E-03
                          0.2344460985126226E-03
                          0.2401108456370200E-03
                          0.2458776327356285E-03
                          0.2517476778874772E-03
                          0.2577222063988350E-03
                          0.2638024508032128E-03
                          0.2699896508613613E-03
                          0.2762850535612724E-03
                          0.2826899131181789E-03
                          0.2892054909745545E-03
                          0.2958330558001133E-03
                          0.3025738834918108E-03
                          0.3094292571738428E-03
                          0.3164004671976461E-03
                          0.3234888111418985E-03
                          0.3306955938125186E-03
                          0.3380221272426651E-03
                          0.3454697306927384E-03
                          0.3530397306503800E-03
                          0.3607334608304707E-03
                          0.3685522621751333E-03
                          0.3764974828537316E-03
                          0.3845704782628696E-03
                          0.3927726110263921E-03
                          0.4011052509953847E-03
                          0.4095697752481747E-03
                          0.4181675680903291E-03
                          0.4269000210546566E-03
                          0.4357685329012058E-03
                          0.4447745096172668E-03
                          0.4539193644173700E-03
                          0.4632045177432875E-03
                          0.4726313972640317E-03
                          0.4822014378758551E-03
                          0.4919160817022526E-03
                          0.5017767780939582E-03
                          0.5117849836289479E-03
                          0.5219421621124380E-03
                          0.5322497845768856E-03
                          0.5427093292819893E-03
                          0.5533222817146882E-03
                          0.5640901345891612E-03
                          0.5750143878468289E-03
                          0.5860965486563532E-03
                          0.5973381314136367E-03
                          0.6087406577418212E-03
                          0.6203056564912910E-03
                          0.6320346637396705E-03
                          0.6439292227918260E-03
                          0.6559908841798632E-03
                          0.6682212056631287E-03
                          0.6806217522282110E-03
                          0.6931940960889388E-03
                          0.7059398166863813E-03
                          0.7188605006888485E-03
                          0.7319577419918936E-03
                          0.7452331417183065E-03
                          0.7586883082181205E-03
                          0.7723248570686093E-03
                          0.7861444110742875E-03
                          0.8001486002669101E-03
                          0.8143390619054730E-03
                          0.8287174404762140E-03
                          0.8432853876926098E-03
                          0.8580445624953796E-03
                          0.8729966310524825E-03
                          0.8881432667591186E-03
                          0.9034861502377291E-03
                          0.9190269693379953E-03
                          0.9347674191368401E-03
                          0.9507092019384273E-03
                          0.9668540272741609E-03
                          0.9832036119026856E-03
                          0.9997596798098877E-03
                          0.1016523962208894E-02
                          0.1033498197540071E-02
                          0.1050684131471030E-02
                          0.1068083516896615E-02
                          0.1085698113938921E-02
                          0.1103529689947277E-02
                          0.1121580019498254E-02
                          0.1139850884395664E-02
                          0.1158344073670561E-02
                          0.1177061383581240E-02
                          0.1196004617613235E-02
                          0.1215175586479322E-02
                          0.1234576108119517E-02
                          0.1254208007701076E-02
                          0.1274073117618501E-02
                          0.1294173277493528E-02
                          0.1314510334175138E-02
                          0.1335086141739549E-02
                          0.1355902561490226E-02
                          0.1376961461957869E-02
                          0.1398264718900423E-02
                          0.1419814215303070E-02
                          0.1441611841378236E-02
                          0.1463659494565585E-02
                          0.1485959079532026E-02
                          0.1508512508171702E-02
                          0.1531321699606005E-02
                          0.1554388580183561E-02
                          0.1577715083480242E-02
                          0.1601303150299156E-02
                          0.1625154728670655E-02
                          0.1649271773852332E-02
                          0.1673656248329019E-02
                          0.1698310121812792E-02
                          0.1723235371242961E-02
                          0.1748433980786084E-02
                          0.1773907941835959E-02
                          0.1799659253013619E-02
                          0.1825689920167345E-02
                          0.1852001956372653E-02
                          0.1878597381932305E-02
                          0.1905478224376299E-02
                          0.1932646518461877E-02
                          0.1960104306173522E-02
                          0.1987853636722954E-02
                          0.2015896566549138E-02
                          0.2044235159318279E-02
                          0.2072871485923823E-02
                          0.2101807624486452E-02
                          0.2131045660354097E-02
                          0.2160587686101923E-02
                          0.2190435801532339E-02
                          0.2220592113674995E-02
                          0.2251058736786780E-02
                          0.2281837792351826E-02
                          0.2312931409081503E-02
                          0.2344341722914426E-02
                          0.2376070877016446E-02
                          0.2408121021780657E-02
                          0.2440494314827396E-02
                          0.2473192921004237E-02
                          0.2506219012385998E-02
                          0.2539574768274736E-02
                          0.2573262375199748E-02
                          0.2607284026917574E-02
                          0.2641641924411993E-02
                          0.2676338275894028E-02
                          0.2711375296801938E-02
                          0.2746755209801227E-02
                          0.2782480244784638E-02
                          0.2818552638872152E-02
                          0.2854974636410998E-02
                          0.2891748488975639E-02
                          0.2928876455367782E-02
                          0.2966360801616376E-02
                          0.3004203800977605E-02
                          0.3042407733934900E-02
                          0.3080974888198933E-02
                          0.3119907558707609E-02
                          0.3159208047626087E-02
                          0.3198878664346750E-02
                          0.3238921725489240E-02
                          0.3279339554900423E-02
                          0.3320134483654417E-02
                          0.3361308850052580E-02
                          0.3402864999623507E-02
                          0.3444805285123028E-02
                          0.3487132066534230E-02
                          0.3529847711067431E-02
                          0.3572954593160185E-02
                          0.3616455094477295E-02
                          0.3660351603910804E-02
                          0.3704646517579988E-02
                          0.3749342238831379E-02
                          0.3794441178238732E-02
                          0.3839945753603058E-02
                          0.3885858389952594E-02
                          0.3932181519542835E-02
                          0.3978917581856502E-02
                          0.4026069023603565E-02
                          0.4073638298721230E-02
                          0.4121627868373950E-02
                          0.4170040200953413E-02
                          0.4218877772078550E-02
                          0.4268143064595534E-02
                          0.4317838568577773E-02
                          0.4367966781325930E-02
                          0.4418530207367888E-02
                          0.4469531358458789E-02
                          0.4520972753581005E-02
                          0.4572856918944156E-02
                          0.4625186387985099E-02
                          0.4677963701367934E-02
                          0.4731191406983992E-02
                          0.4784872059951862E-02
                          0.4839008222617358E-02
                          0.4893602464553548E-02
                          0.4948657362560730E-02
                          0.5004175500666449E-02
                          0.5060159470125485E-02
                          0.5116611869419870E-02
                          0.5173535304258862E-02
                          0.5230932387578973E-02
                          0.5288805739543947E-02
                          0.5347157987544776E-02
                          0.5405991766199686E-02
                          0.5465309717354147E-02
                          0.5525114490080870E-02
                          0.5585408740679803E-02
                          0.5646195132678149E-02
                          0.5707476336830329E-02
                          0.5769255031118022E-02
                          0.5831533900750138E-02
                          0.5894315638162842E-02
                          0.5957602943019519E-02
                          0.6021398522210811E-02
                          0.6085705089854604E-02
                          0.6150525367296003E-02
                          0.6215862083107379E-02
                          0.6281717973088323E-02
                          0.6348095780265681E-02
                          0.6414998254893537E-02
                          0.6482428154453208E-02
                          0.6550388243653260E-02
                          0.6618881294429501E-02
                          0.6687910085944969E-02
                          0.6757477404589964E-02
                          0.6827586043981993E-02
                          0.6898238804965841E-02
                          0.6969438495613512E-02
                          0.7041187931224246E-02
                          0.7113489934324549E-02
                          0.7186347334668135E-02
                          0.7259762969235985E-02
                          0.7333739682236315E-02
                          0.7408280325104570E-02
                          0.7483387756503456E-02
                          0.7559064842322892E-02
                          0.7635314455680070E-02
                          0.7712139476919390E-02
                          0.7789542793612525E-02
                          0.7867527300558366E-02
                          0.7946095899783052E-02
                          0.8025251500539968E-02
                          0.8104997019309730E-02
                          0.8185335379800197E-02
                          0.8266269512946477E-02
                          0.8347802356910915E-02
                          0.8429936857083081E-02
                          0.8512675966079826E-02
                          0.8596022643745193E-02
                          0.8679979857150489E-02
                          0.8764550580594272E-02
                          0.8849737795602330E-02
                          0.8935544490927688E-02
                          0.9021973662550611E-02
                          0.9109028313678619E-02
                          0.9196711454746461E-02
                          0.9285026103416123E-02
                          0.9373975284576841E-02
                          0.9463562030345095E-02
                          0.9553789380064589E-02
                          0.9644660380306291E-02
                          0.9736178084868388E-02
                          0.9828345554776314E-02
                          0.9921165858282765E-02
                          0.1001464207086763E-01
                          0.1010877727523810E-01
                          0.1020357456132856E-01
                          0.1029903702630065E-01
                          0.1039516777454326E-01
                          0.1049196991767251E-01
                          0.1058944657453175E-01
                          0.1068760087119161E-01
                          0.1078643594094991E-01
                          0.1088595492433176E-01
                          0.1098616096908945E-01
                          0.1108705723020260E-01
                          0.1118864686987798E-01
                          0.1129093305754965E-01
                          0.1139391896987890E-01
                          0.1149760779075426E-01
                          0.1160200271129151E-01
                          0.1170710692983365E-01
                          0.1181292365195095E-01
                          0.1191945609044088E-01
                          0.1202670746532820E-01
                          0.1213468100386487E-01
                          0.1224337994053011E-01
                          0.1235280751703039E-01
                          0.1246296698229939E-01
                          0.1257386159249806E-01
                          0.1268549461101458E-01
                          0.1279786930846437E-01
                          0.1291098896269008E-01
                          0.1302485685876163E-01
                          0.1313947628897615E-01
                          0.1325485055285804E-01
                          0.1337098295715890E-01
                          0.1348787681585762E-01
                          0.1360553545016031E-01
                          0.1372396218850028E-01
                          0.1384316036653816E-01
                          0.1396313332716175E-01
                          0.1408388442048614E-01
                          0.1420541700385363E-01
                          0.1432773444183378E-01
                          0.1445084010622337E-01
                          0.1457473737604644E-01
                          0.1469942963755427E-01
                          0.1482492028422535E-01
                          0.1495121271676547E-01
                          0.1507831034310762E-01
                          0.1520621657841200E-01
                          0.1533493484506613E-01
                          0.1546446857268472E-01
                          0.1559482119810972E-01
                          0.1572599616541034E-01
                          0.1585799692588301E-01
                          0.1599082693805141E-01
                          0.1612448966766648E-01
                          0.1625898858770638E-01
                          0.1639432717837650E-01
                          0.1653050892710949E-01
                          0.1666753732856524E-01
                          0.1680541588463089E-01
                          0.1694414810442080E-01
                          0.1708373750427658E-01
                          0.1722418760776705E-01
                          0.1736550194568833E-01
                          0.1750768405606376E-01
                          0.1765073748414389E-01
                          0.1779466578240653E-01
                          0.1793947251055676E-01
                          0.1808516123552684E-01
                          0.1823173553147634E-01
                          0.1837919897979201E-01
                          0.1852755516908788E-01
                          0.1867680769520522E-01
                          0.1882696016121249E-01
                          0.1897801617740544E-01
                          0.1912997936130709E-01
                          0.1928285333766763E-01
                          0.1943664173846452E-01
                          0.1959134820290246E-01
                          0.1974697637741341E-01
                          0.1990352991565654E-01
                          0.2006101247851827E-01
                          0.2021942773411230E-01
                          0.2037877935777948E-01
                          0.2053907103208802E-01
                          0.2070030644683327E-01
                          0.2086248929903785E-01
                          0.2102562329295166E-01
                          0.2118971214005179E-01
                          0.2135475955904262E-01
                          0.2152076927585571E-01
                          0.2168774502364990E-01
                          0.2185569054281128E-01
                          0.2202460958095313E-01
                          0.2219450589291605E-01
                          0.2236538324076783E-01
                          0.2253724539380346E-01
                          0.2271009612854527E-01
                          0.2288393922874276E-01
                          0.2305877848537270E-01
                          0.2323461769663906E-01
                          0.2341146066797312E-01
                          0.2358931121203334E-01
                          0.2376817314870544E-01
                          0.2394805030510239E-01
                          0.2412894651556439E-01
                          0.2431086562165892E-01
                          0.2449381147218061E-01
                          0.2467778792315144E-01
                          0.2486279883782052E-01
                          0.2504884808666431E-01
                          0.2523593954738644E-01
                          0.2542407710491780E-01
                          0.2561326465141653E-01
                          0.2580350608626799E-01
                          0.2599480531608479E-01
                          0.2618716625470680E-01
                          0.2638059282320111E-01
                          0.2657508894986202E-01
                          0.2677065857021116E-01
                          0.2696730562699733E-01
                          0.2716503407019657E-01
                          0.2736384785701221E-01
                          0.2756375095187476E-01
                          0.2776474732644199E-01
                          0.2796684095959896E-01
                          0.2817003583745790E-01
                          0.2837433595335834E-01
                          0.2857974530786700E-01
                          0.2878626790877788E-01
                          0.2899390777111218E-01
                          0.2920266891711840E-01
                          0.2941255537627224E-01
                          0.2962357118527660E-01
                          0.2983572038806174E-01
                          0.3004900703578504E-01
                          0.3026343518683119E-01
                          0.3047900890681210E-01
                          0.3069573226856693E-01
                          0.3091360935216204E-01
                          0.3113264424489110E-01
                          0.3135284104127494E-01
                          0.3157420384306173E-01
                          0.3179673675922681E-01
                          0.3202044390597273E-01
                          0.3224532940672938E-01
                          0.3247139739215381E-01
                          0.3269865200013036E-01
                          0.3292709737577059E-01
                          0.3315673767141329E-01
                          0.3338757704662448E-01
                          0.3361961966819745E-01
                          0.3385286971015278E-01
                          0.3408733135373819E-01
                          0.3432300878742866E-01
                          0.3455990620692646E-01
                          0.3479802781516111E-01
                          0.3503737782228927E-01
                          0.3527796044569494E-01
                          0.3551977990998936E-01
                          0.3576284044701095E-01
                          0.3600714629582536E-01
                          0.3625270170272560E-01
                          0.3649951092123180E-01
                          0.3674757821209138E-01
                          0.3699690784327898E-01
                          0.3724750408999652E-01
                          0.3749937123467311E-01
                          0.3775251356696514E-01
                          0.3800693538375622E-01
                          0.3826264098915720E-01
                          0.3851963469450621E-01
                          0.3877792081836858E-01
                          0.3903750368653686E-01
                          0.3929838763203092E-01
                          0.3956057699509776E-01
                          0.3982407612321173E-01
                          0.4008888937107438E-01
                          0.4035502110061442E-01
                          0.4062247568098799E-01
                          0.4089125748857828E-01
                          0.4116137090699579E-01
                          0.4143282032707830E-01
                          0.4170561014689079E-01
                          0.4197974477172548E-01
                          0.4225522861410186E-01
                          0.4253206609376662E-01
                          0.4281026163769374E-01
                          0.4308981968008437E-01
                          0.4337074466236696E-01
                          0.4365304103319720E-01
                          0.4393671324845799E-01
                          0.4422176577125953E-01
                          0.4450820307193913E-01
                          0.4479602962806148E-01
                          0.4508524992441848E-01
                          0.4537586845302924E-01
                          0.4566788971314004E-01
                          0.4596131821122457E-01
                          0.4625615846098365E-01
                          0.4655241498334535E-01
                          0.4685009230646502E-01
                          0.4714919496572519E-01
                          0.4744972750373566E-01
                          0.4775169447033353E-01
                          0.4805510042258302E-01
                          0.4835994992477572E-01
                          0.4866624754843032E-01
                          0.4897399787229292E-01
                          0.4928320548233668E-01
                          0.4959387497176213E-01
                          0.4990601094099707E-01
                          0.5021961799769638E-01
                          0.5053470075674230E-01
                          0.5085126384024428E-01
                          0.5116931187753902E-01
                          0.5148884950519046E-01
                          0.5180988136698975E-01
                          0.5213241211395535E-01
                          0.5245644640433292E-01
                          0.5278198890359528E-01
                          0.5310904428444266E-01
                          0.5343761722680242E-01
                          0.5376771241782915E-01
                          0.5409933455190467E-01
                          0.5443248833063823E-01
                          0.5476717846286605E-01
                          0.5510340966465171E-01
                          0.5544118665928614E-01
                          0.5578051417728729E-01
                          0.5612139695640055E-01
                          0.5646383974159838E-01
                          0.5680784728508070E-01
                          0.5715342434627442E-01
                          0.5750057569183385E-01
                          0.5784930609564052E-01
                          0.5819962033880317E-01
                          0.5855152320965781E-01
                          0.5890501950376759E-01
                          0.5926011402392307E-01
                          0.5961681158014195E-01
                          0.5997511698966918E-01
                          0.6033503507697694E-01
                          0.6069657067376469E-01
                          0.6105972861895910E-01
                          0.6142451375871407E-01
                          0.6179093094641080E-01
                          0.6215898504265766E-01
                          0.6252868091529035E-01
                          0.6290002343937159E-01
                          0.6327301749719166E-01
                          0.6364766797826793E-01
                          0.6402397977934492E-01
                          0.6440195780439453E-01
                          0.6478160696461582E-01
                          0.6516293217843508E-01
                          0.6554593837150598E-01
                          0.6593063047670926E-01
                          0.6631701343415299E-01
                          0.6670509219117240E-01
                          0.6709487170233012E-01
                          0.6748635692941587E-01
                          0.6787955284144667E-01
                          0.6827446441466677E-01
                          0.6867109663254767E-01
                          0.6906945448578809E-01
                          0.6946954297231403E-01
                          0.6987136709727866E-01
                          0.7027493187306250E-01
                          0.7068024231927325E-01
                          0.7108730346274582E-01
                          0.7149612033754234E-01
                          0.7190669798495231E-01
                          0.7231904145349241E-01
                          0.7273315579890642E-01
                          0.7314904608416563E-01
                          0.7356671737946832E-01
                          0.7398617476224015E-01
                          0.7440742331713401E-01
                          0.7483046813602993E-01
                          0.7525531431803535E-01
                          0.7568196696948488E-01
                          0.7611043120394022E-01
                          0.7654071214219056E-01
                          0.7697281491225212E-01
                          0.7740674464936849E-01
                          0.7784250649601052E-01
                          0.7828010560187613E-01
                          0.7871954712389068E-01
                          0.7916083622620664E-01
                          0.7960397808020385E-01
                          0.8004897786448915E-01
                          0.8049584076489695E-01
                          0.8094457197448861E-01
                          0.8139517669355287E-01
                          0.8184766012960572E-01
                          0.8230202749739035E-01
                          0.8275828401887726E-01
                          0.8321643492326398E-01
                          0.8367648544697559E-01
                          0.8413844083366410E-01
                          0.8460230633420909E-01
                          0.8506808720671713E-01
                          0.8553578871652204E-01
                          0.8600541613618509E-01
                          0.8647697474549446E-01
                          0.8695046983146588E-01
                          0.8742590668834226E-01
                          0.8790329061759351E-01
                          0.8838262692791717E-01
                          0.8886392093523759E-01
                          0.8934717796270680E-01
                          0.8983240334070372E-01
                          0.9031960240683469E-01
                          0.9080878050593319E-01
                          0.9129994299005999E-01
                          0.9179309521850323E-01
                          0.9228824255777811E-01
                          0.9278539038162707E-01
                          0.9328454407101998E-01
                          0.9378570901415360E-01
                          0.9428889060645242E-01
                          0.9479409425056766E-01
                          0.9530132535637820E-01
                          0.9581058934098988E-01
                          0.9632189162873588E-01
                          0.9683523765117674E-01
                          0.9735063284710006E-01
                          0.9786808266252064E-01
                          0.9838759255068079E-01
                          0.9890916797204979E-01
                          0.9943281439432439E-01
                          0.9995853729242835E-01
                          0.1004863421485127E+00
                          0.1010162344519561E+00
                          0.1015482196993639E+00
                          0.1020823033945688E+00
                          0.1026184910486312E+00
                          0.1031567881798383E+00
                          0.1036972003137046E+00
                          0.1042397329829719E+00
                          0.1047843917276093E+00
                          0.1053311820948130E+00
                          0.1058801096390066E+00
                          0.1064311799218408E+00
                          0.1069843985121936E+00
                          0.1075397709861703E+00
                          0.1080973029271033E+00
                          0.1086569999255524E+00
                          0.1092188675793046E+00
                          0.1097829114933739E+00
                          0.1103491372800020E+00
                          0.1109175505586574E+00
                          0.1114881569560361E+00
                          0.1120609621060613E+00
                          0.1126359716498833E+00
                          0.1132131912358799E+00
                          0.1137926265196559E+00
                          0.1143742831640434E+00
                          0.1149581668391019E+00
                          0.1155442832221179E+00
                          0.1161326379976053E+00
                          0.1167232368573051E+00
                          0.1173160855001858E+00
                          0.1179111896324429E+00
                          0.1185085549674993E+00
                          0.1191081872260048E+00
                          0.1197100921358368E+00
                          0.1203142754321001E+00
                          0.1209207428571262E+00
                          0.1215295001604742E+00
                          0.1221405530989305E+00
                          0.1227539074365082E+00
                          0.1233695689444486E+00
                          0.1239875434012193E+00
                          0.1246078365925156E+00
                          0.1252304543112600E+00
                          0.1258554023576022E+00
                          0.1264826865389191E+00
                          0.1271123126698151E+00
                          0.1277442865721213E+00
                          0.1283786140748967E+00
                          0.1290153010144269E+00
                          0.1296543532342252E+00
                          0.1302957765850321E+00
                          0.1309395769248150E+00
                          0.1315857601187691E+00
                          0.1322343320393162E+00
                          0.1328852985661058E+00
                          0.1335386655860143E+00
                          0.1341944389931460E+00
                          0.1348526246888314E+00
                          0.1355132285816293E+00
                          0.1361762565873250E+00
                          0.1368417146289314E+00
                          0.1375096086366885E+00
                          0.1381799445480635E+00
                          0.1388527283077511E+00
                          0.1395279658676729E+00
                          0.1402056631869781E+00
                          0.1408858262320428E+00
                          0.1415684609764706E+00
                          0.1422535734010919E+00
                          0.1429411694939651E+00
                          0.1436312552503752E+00
                          0.1443238366728345E+00
                          0.1450189197710831E+00
                          0.1457165105620875E+00
                          0.1464166150700422E+00
                          0.1471192393263684E+00
                          0.1478243893697150E+00
                          0.1485320712459575E+00
                          0.1492422910081995E+00
                          0.1499550547167711E+00
                          0.1506703684392298E+00
                          0.1513882382503606E+00
                          0.1521086702321758E+00
                          0.1528316704739143E+00
                          0.1535572450720431E+00
                          0.1542854001302559E+00
                          0.1550161417594736E+00
                          0.1557494760778447E+00
                          0.1564854092107446E+00
                          0.1572239472907763E+00
                          0.1579650964577695E+00
                          0.1587088628587818E+00
                          0.1594552526480974E+00
                          0.1602042719872284E+00
                          0.1609559270449133E+00
                          0.1617102239971188E+00
                          0.1624671690270382E+00
                          0.1632267683250922E+00
                          0.1639890280889287E+00
                          0.1647539545234228E+00
                          0.1655215538406773E+00
                          0.1662918322600216E+00
                          0.1670647960080126E+00
                          0.1678404513184346E+00
                          0.1686188044322989E+00
                          0.1693998615978440E+00
                          0.1701836290705362E+00
                          0.1709701131130682E+00
                          0.1717593199953606E+00
                          0.1725512559945608E+00
                          0.1733459273950437E+00
                          0.1741433404884117E+00
                          0.1749435015734937E+00
                          0.1757464169563464E+00
                          0.1765520929502536E+00
                          0.1773605358757265E+00
                          0.1781717520605032E+00
                          0.1789857478395494E+00
                          0.1798025295550576E+00
                          0.1806221035564481E+00
                          0.1814444762003679E+00
                          0.1822696538506918E+00
                          0.1830976428785211E+00
                          0.1839284496621853E+00
                          0.1847620805872401E+00
                          0.1855985420464693E+00
                          0.1864378404398833E+00
                          0.1872799821747204E+00
                          0.1881249736654456E+00
                          0.1889728213337511E+00
                          0.1898235316085570E+00
                          0.1906771109260098E+00
                          0.1915335657294839E+00
                          0.1923929024695806E+00
                          0.1932551276041284E+00
                          0.1941202475981834E+00
                          0.1949882689240286E+00
                          0.1958591980611742E+00
                          0.1967330414963580E+00
                          0.1976098057235446E+00
                          0.1984894972439262E+00
                          0.1993721225659223E+00
                          0.2002576882051791E+00
                          0.2011462006845705E+00
                          0.2020376665341975E+00
                          0.2029320922913887E+00
                          0.2038294845006991E+00
                          0.2047298497139119E+00
                          0.2056331944900367E+00
                          0.2065395253953112E+00
                          0.2074488490031993E+00
                          0.2083611718943930E+00
                          0.2092765006568116E+00
                          0.2101948418856008E+00
                          0.2111162021831341E+00
                          0.2120405881590124E+00
                          0.2129680064300635E+00
                          0.2138984636203425E+00
                          0.2148319663611319E+00
                          0.2157685212909415E+00
                          0.2167081350555078E+00
                          0.2176508143077951E+00
                          0.2185965657079948E+00
                          0.2195453959235256E+00
                          0.2204973116290330E+00
                          0.2214523195063906E+00
                          0.2224104262446982E+00
                          0.2233716385402839E+00
                          0.2243359630967019E+00
                          0.2253034066247348E+00
                          0.2262739758423915E+00
                          0.2272476774749089E+00
                          0.2282245182547504E+00
                          0.2292045049216073E+00
                          0.2301876442223976E+00
                          0.2311739429112671E+00
                          0.2321634077495882E+00
                          0.2331560455059610E+00
                          0.2341518629562130E+00
                          0.2351508668833983E+00
                          0.2361530640777988E+00
                          0.2371584613369232E+00
                          0.2381670654655080E+00
                          0.2391788832755163E+00
                          0.2401939215861391E+00
                          0.2412121872237939E+00
                          0.2422336870221264E+00
                          0.2432584278220083E+00
                          0.2442864164715398E+00
                          0.2453176598260475E+00
                          0.2463521647480856E+00
                          0.2473899381074352E+00
                          0.2484309867811053E+00
                          0.2494753176533315E+00
                          0.2505229376155768E+00
                          0.2515738535665317E+00
                          0.2526280724121135E+00
                          0.2536856010654672E+00
                          0.2547464464469649E+00
                          0.2558106154842057E+00
                          0.2568781151120163E+00
                          0.2579489522724501E+00
                          0.2590231339147885E+00
                          0.2601006669955395E+00
                          0.2611815584784387E+00
                          0.2622658153344485E+00
                          0.2633534445417594E+00
                          0.2644444530857883E+00
                          0.2655388479591797E+00
                          0.2666366361618051E+00
                          0.2677378247007638E+00
                          0.2688424205903815E+00
                          0.2699504308522117E+00
                          0.2710618625150356E+00
                          0.2721767226148606E+00
                          0.2732950181949217E+00
                          0.2744167563056814E+00
                          0.2755419440048295E+00
                          0.2766705883572828E+00
                          0.2778026964351854E+00
                          0.2789382753179084E+00
                          0.2800773320920507E+00
                          0.2812198738514376E+00
                          0.2823659076971227E+00
                          0.2835154407373862E+00
                          0.2846684800877353E+00
                          0.2858250328709052E+00
                          0.2869851062168575E+00
                          0.2881487072627820E+00
                          0.2893158431530946E+00
                          0.2904865210394394E+00
                          0.2916607480806874E+00
                          0.2928385314429366E+00
                          0.2940198782995125E+00
                          0.2952047958309681E+00
                          0.2963932912250830E+00
                          0.2975853716768646E+00
                          0.2987810443885471E+00
                          0.2999803165695923E+00
                          0.3011831954366891E+00
                          0.3023896882137538E+00
                          0.3035998021319297E+00
                          0.3048135444295875E+00
                          0.3060309223523244E+00
                          0.3072519431529668E+00
                          0.3084766140915658E+00
                          0.3097049424354015E+00
                          0.3109369354589809E+00
                          0.3121726004440378E+00
                          0.3134119446795335E+00
                          0.3146549754616571E+00
                          0.3159017000938237E+00
                          0.3171521258866769E+00
                          0.3184062601580863E+00
                          0.3196641102331501E+00
                          0.3209256834441927E+00
                          0.3221909871307660E+00
                          0.3234600286396498E+00
                          0.3247328153248499E+00
                          0.3260093545476007E+00
                          0.3272896536763626E+00
                          0.3285737200868238E+00
                          0.3298615611619002E+00
                          0.3311531842917340E+00
                          0.3324485968736955E+00
                          0.3337478063123818E+00
                          0.3350508200196173E+00
                          0.3363576454144533E+00
                          0.3376682899231691E+00
                          0.3389827609792709E+00
                          0.3403010660234916E+00
                          0.3416232125037923E+00
                          0.3429492078753605E+00
                          0.3442790596006114E+00
                          0.3456127751491878E+00
                          0.3469503619979584E+00
                          0.3482918276310205E+00
                          0.3496371795396985E+00
                          0.3509864252225433E+00
                          0.3523395721853332E+00
                          0.3536966279410745E+00
                          0.3550576000099998E+00
                          0.3564224959195697E+00
                          0.3577913232044713E+00
                          0.3591640894066199E+00
                          0.3605408020751569E+00
                          0.3619214687664520E+00
                          0.3633060970441013E+00
                          0.3646946944789287E+00
                          0.3660872686489852E+00
                          0.3674838271395489E+00
                          0.3688843775431253E+00
                          0.3702889274594469E+00
                          0.3716974844954739E+00
                          0.3731100562653930E+00
                          0.3745266503906188E+00
                          0.3759472744997935E+00
                          0.3773719362287852E+00
                          0.3788006432206902E+00
                          0.3802334031258321E+00
                          0.3816702236017612E+00
                          0.3831111123132557E+00
                          0.3845560769323203E+00
                          0.3860051251381874E+00
                          0.3874582646173166E+00
                          0.3889155030633950E+00
                          0.3903768481773365E+00
                          0.3918423076672818E+00
                          0.3933118892486002E+00
                          0.3947856006438872E+00
                          0.3962634495829658E+00
                          0.3977454438028860E+00
                          0.3992315910479254E+00
                          0.4007218990695892E+00
                          0.4022163756266086E+00
                          0.4037150284849433E+00
                          0.4052178654177800E+00
                          0.4067248942055320E+00
                          0.4082361226358398E+00
                          0.4097515585035725E+00
                          0.4112712096108249E+00
                          0.4127950837669199E+00
                          0.4143231887884071E+00
                          0.4158555324990638E+00
                          0.4173921227298948E+00
                          0.4189329673191309E+00
                          0.4204780741122318E+00
                          0.4220274509618830E+00
                          0.4235811057279982E+00
                          0.4251390462777179E+00
                          0.4267012804854096E+00
                          0.4282678162326685E+00
                          0.4298386614083173E+00
                          0.4314138239084050E+00
                          0.4329933116362090E+00
                          0.4345771325022326E+00
                          0.4361652944242073E+00
                          0.4377578053270922E+00
                          0.4393546731430722E+00
                          0.4409559058115610E+00
                          0.4425615112791983E+00
                          0.4441714974998520E+00
                          0.4457858724346163E+00
                          0.4474046440518137E+00
                          0.4490278203269929E+00
                          0.4506554092429305E+00
                          0.4522874187896305E+00
                          0.4539238569643234E+00
                          0.4555647317714678E+00
                          0.4572100512227485E+00
                          0.4588598233370786E+00
                          0.4605140561405978E+00
                          0.4621727576666730E+00
                          0.4638359359558992E+00
                          0.4655035990560977E+00
                          0.4671757550223168E+00
                          0.4688524119168331E+00
                          0.4705335778091501E+00
                          0.4722192607759980E+00
                          0.4739094689013349E+00
                          0.4756042102763454E+00
                          0.4773034929994423E+00
                          0.4790073251762647E+00
                          0.4807157149196795E+00
                          0.4824286703497810E+00
                          0.4841461995938904E+00
                          0.4858683107865555E+00
                          0.4875950120695531E+00
                          0.4893263115918851E+00
                          0.4910622175097826E+00
                          0.4928027379867023E+00
                          0.4945478811933295E+00
                          0.4962976553075760E+00
                          0.4980520685145807E+00
                          0.4998111290067104E+00
                          0.5015748449835585E+00
                          0.5033432246519458E+00
                          0.5051162762259209E+00
                          0.5068940079267589E+00
                          0.5086764279829623E+00
                          0.5104635446302610E+00
                          0.5122553661116122E+00
                          0.5140519006772000E+00
                          0.5158531565844365E+00
                          0.5176591420979600E+00
                          0.5194698654896374E+00
                          0.5212853350385609E+00
                          0.5231055590310516E+00
                          0.5249305457606571E+00
                          0.5267603035281526E+00
                          0.5285948406415408E+00
                          0.5304341654160503E+00
                          0.5322782861741384E+00
                          0.5341272112454895E+00
                          0.5359809489670138E+00
                          0.5378395076828504E+00
                          0.5397028957443650E+00
                          0.5415711215101502E+00
                          0.5434441933460267E+00
                          0.5453221196250416E+00
                          0.5472049087274700E+00
                          0.5490925690408132E+00
                          0.5509851089598011E+00
                          0.5528825368863892E+00
                          0.5547848612297618E+00
                          0.5566920904063296E+00
                          0.5586042328397309E+00
                          0.5605212969608306E+00
                          0.5624432912077221E+00
                          0.5643702240257240E+00
                          0.5663021038673846E+00
                          0.5682389391924777E+00
                          0.5701807384680049E+00
                          0.5721275101681953E+00
                          0.5740792627745042E+00
                          0.5760360047756155E+00
                          0.5779977446674398E+00
                          0.5799644909531146E+00
                          0.5819362521430053E+00
                          0.5839130367547037E+00
                          0.5858948533130290E+00
                          0.5878817103500289E+00
                          0.5898736164049766E+00
                          0.5918705800243741E+00
                          0.5938726097619484E+00
                          0.5958797141786568E+00
                          0.5978919018426815E+00
                          0.5999091813294324E+00
                          0.6019315612215473E+00
                          0.6039590501088915E+00
                          0.6059916565885558E+00
                          0.6080293892648601E+00
                          0.6100722567493502E+00
                          0.6121202676607997E+00
                          0.6141734306252101E+00
                          0.6162317542758088E+00
                          0.6182952472530523E+00
                          0.6203639182046222E+00
                          0.6224377757854285E+00
                          0.6245168286576080E+00
                          0.6266010854905254E+00
                          0.6286905549607719E+00
                          0.6307852457521668E+00
                          0.6328851665557568E+00
                          0.6349903260698132E+00
                          0.6371007329998379E+00
                          0.6392163960585584E+00
                          0.6413373239659299E+00
                          0.6434635254491342E+00
                          0.6455950092425805E+00
                          0.6477317840879068E+00
                          0.6498738587339760E+00
                          0.6520212419368788E+00
                          0.6541739424599352E+00
                          0.6563319690736896E+00
                          0.6584953305559160E+00
                          0.6606640356916135E+00
                          0.6628380932730102E+00
                          0.6650175120995605E+00
                          0.6672023009779463E+00
                          0.6693924687220770E+00
                          0.6715880241530877E+00
                          0.6737889760993440E+00
                          0.6759953333964355E+00
                          0.6782071048871805E+00
                          0.6804242994216240E+00
                          0.6826469258570399E+00
                          0.6848749930579265E+00
                          0.6871085098960114E+00
                          0.6893474852502489E+00
                          0.6915919280068207E+00
                          0.6938418470591354E+00
                          0.6960972513078290E+00
                          0.6983581496607647E+00
                          0.7006245510330328E+00
                          0.7028964643469521E+00
                          0.7051738985320662E+00
                          0.7074568625251486E+00
                          0.7097453652701980E+00
                          0.7120394157184409E+00
                          0.7143390228283321E+00
                          0.7166441955655515E+00
                          0.7189549429030082E+00
                          0.7212712738208389E+00
                          0.7235931973064048E+00
                          0.7259207223542967E+00
                          0.7282538579663326E+00
                          0.7305926131515563E+00
                          0.7329369969262404E+00
                          0.7352870183138835E+00
                          0.7376426863452118E+00
                          0.7400040100581792E+00
                          0.7423709984979663E+00
                          0.7447436607169818E+00
                          0.7471220057748603E+00
                          0.7495060427384649E+00
                          0.7518957806818849E+00
                          0.7542912286864376E+00
                          0.7566923958406671E+00
                          0.7590992912403448E+00
                          0.7615119239884700E+00
                          0.7639303031952688E+00
                          0.7663544379781940E+00
                          0.7687843374619261E+00
                          0.7712200107783721E+00
                          0.7736614670666685E+00
                          0.7761087154731771E+00
                          0.7785617651514861E+00
                          0.7810206252624132E+00
                          0.7834853049740029E+00
                          0.7859558134615252E+00
                          0.7884321599074787E+00
                          0.7909143535015900E+00
                          0.7934024034408111E+00
                          0.7958963189293221E+00
                          0.7983961091785309E+00
                          0.8009017834070720E+00
                          0.8034133508408067E+00
                          0.8059308207128252E+00
                          0.8084542022634420E+00
                          0.8109835047402028E+00
                          0.8135187373978768E+00
                          0.8160599094984633E+00
                          0.8186070303111863E+00
                          0.8211601091124996E+00
                          0.8237191551860825E+00
                          0.8262841778228414E+00
                          0.8288551863209114E+00
                          0.8314321899856536E+00
                          0.8340151981296567E+00
                          0.8366042200727366E+00
                          0.8391992651419377E+00
                          0.8418003426715290E+00
                          0.8444074620030085E+00
                          0.8470206324851013E+00
                          0.8496398634737602E+00
                          0.8522651643321641E+00
                          0.8548965444307193E+00
                          0.8575340131470597E+00
                          0.8601775798660478E+00
                          0.8628272539797701E+00
                          0.8654830448875436E+00
                          0.8681449619959114E+00
                          0.8708130147186419E+00
                          0.8734872124767332E+00
                          0.8761675646984114E+00
                          0.8788540808191267E+00
                          0.8815467702815586E+00
                          0.8842456425356136E+00
                          0.8869507070384246E+00
                          0.8896619732543531E+00
                          0.8923794506549868E+00
                          0.8951031487191417E+00
                          0.8978330769328594E+00
                          0.9005692447894103E+00
                          0.9033116617892911E+00
                          0.9060603374402257E+00
                          0.9088152812571665E+00
                          0.9115765027622910E+00
                          0.9143440114850061E+00
                          0.9171178169619447E+00
                          0.9198979287369677E+00
                          0.9226843563611620E+00
                          0.9254771093928433E+00
                          0.9282761973975527E+00
                          0.9310816299480609E+00
                          0.9338934166243641E+00
                          0.9367115670136864E+00
                          0.9395360907104778E+00
                          0.9423669973164182E+00
                          0.9452042964404119E+00
                          0.9480479976985929E+00
                          0.9508981107143204E+00
                          0.9537546451181822E+00
                          0.9566176105479927E+00
                          0.9594870166487939E+00
                          0.9623628730728547E+00
                          0.9652451894796715E+00
                          0.9681339755359676E+00
                          0.9710292409156949E+00
                          0.9739309953000298E+00
                          0.9768392483773785E+00
                          0.9797540098433728E+00
                          0.9826752894008738E+00
                          0.9856030967599672E+00
                          0.9885374416379678E+00
                          0.9914783337594165E+00
                          0.9944257828560833E+00
                          0.9973797986669626E+00
                          0.1000340390938279E+01
                          0.1003307569423481E+01
                          0.1006281343883249E+01
                          0.1009261724085486E+01
                          0.1012248719805324E+01
                          0.1015242340825123E+01
                          0.1018242596934470E+01
                          0.1021249497930179E+01
                          0.1024263053616290E+01
                          0.1027283273804072E+01
                          0.1030310168312020E+01
                          0.1033343746965859E+01
                          0.1036384019598537E+01
                          0.1039430996050230E+01
                          0.1042484686168347E+01
                          0.1045545099807515E+01
                          0.1048612246829597E+01
                          0.1051686137103677E+01
                          0.1054766780506069E+01
                          0.1057854186920314E+01
                          0.1060948366237179E+01
                          0.1064049328354661E+01
                          0.1067157083177981E+01
                          0.1070271640619590E+01
                          0.1073393010599164E+01
                          0.1076521203043608E+01
                          0.1079656227887051E+01
                          0.1082798095070856E+01
                          0.1085946814543606E+01
                          0.1089102396261114E+01
                          0.1092264850186422E+01
                          0.1095434186289796E+01
                          0.1098610414548732E+01
                          0.1101793544947953E+01
                          0.1104983587479407E+01
                          0.1108180552142270E+01
                          0.1111384448942946E+01
                          0.1114595287895068E+01
                          0.1117813079019494E+01
                          0.1121037832344307E+01
                          0.1124269557904824E+01
                          0.1127508265743580E+01
                          0.1130753965910347E+01
                          0.1134006668462116E+01
                          0.1137266383463112E+01
                          0.1140533120984782E+01
                          0.1143806891105801E+01
                          0.1147087703912075E+01
                          0.1150375569496735E+01
                          0.1153670497960137E+01
                          0.1156972499409867E+01
                          0.1160281583960738E+01
                          0.1163597761734789E+01
                          0.1166921042861287E+01
                          0.1170251437476727E+01
                          0.1173588955724830E+01
                          0.1176933607756544E+01
                          0.1180285403730046E+01
                          0.1183644353810739E+01
                          0.1187010468171252E+01
                          0.1190383756991445E+01
                          0.1193764230458400E+01
                          0.1197151898766433E+01
                          0.1200546772117079E+01
                          0.1203948860719108E+01
                          0.1207358174788512E+01
                          0.1210774724548512E+01
                          0.1214198520229558E+01
                          0.1217629572069324E+01
                          0.1221067890312714E+01
                          0.1224513485211856E+01
                          0.1227966367026109E+01
                          0.1231426546022059E+01
                          0.1234894032473514E+01
                          0.1238368836661516E+01
                          0.1241850968874329E+01
                          0.1245340439407450E+01
                          0.1248837258563595E+01
                          0.1252341436652717E+01
                          0.1255852983991986E+01
                          0.1259371910905808E+01
                          0.1262898227725814E+01
                          0.1266431944790856E+01
                          0.1269973072447023E+01
                          0.1273521621047623E+01
                          0.1277077600953196E+01
                          0.1280641022531508E+01
                          0.1284211896157553E+01
                          0.1287790232213550E+01
                          0.1291376041088947E+01
                          0.1294969333180420E+01
                          0.1298570118891869E+01
                          0.1302178408634424E+01
                          0.1305794212826443E+01
                          0.1309417541893508E+01
                          0.1313048406268432E+01
                          0.1316686816391251E+01
                          0.1320332782709233E+01
                          0.1323986315676869E+01
                          0.1327647425755879E+01
                          0.1331316123415212E+01
                          0.1334992419131041E+01
                          0.1338676323386768E+01
                          0.1342367846673023E+01
                          0.1346066999487660E+01
                          0.1349773792335764E+01
                          0.1353488235729646E+01
                          0.1357210340188844E+01
                          0.1360940116240122E+01
                          0.1364677574417474E+01
                          0.1368422725262119E+01
                          0.1372175579322503E+01
                          0.1375936147154301E+01
                          0.1379704439320415E+01
                          0.1383480466390973E+01
                          0.1387264238943331E+01
                          0.1391055767562071E+01
                          0.1394855062839006E+01
                          0.1398662135373171E+01
                          0.1402476995770831E+01
                          0.1406299654645480E+01
                          0.1410130122617836E+01
                          0.1413968410315846E+01
                          0.1417814528374685E+01
                          0.1421668487436752E+01
                          0.1425530298151675E+01
                          0.1429399971176311E+01
                          0.1433277517174743E+01
                          0.1437162946818279E+01
                          0.1441056270785459E+01
                          0.1444957499762045E+01
                          0.1448866644441031E+01
                          0.1452783715522634E+01
                          0.1456708723714302E+01
                          0.1460641679730708E+01
                          0.1464582594293751E+01
                          0.1468531478132560E+01
                          0.1472488341983491E+01
                          0.1476453196590126E+01
                          0.1480426052703274E+01
                          0.1484406921080972E+01
                          0.1488395812488485E+01
                          0.1492392737698304E+01
                          0.1496397707490148E+01
                          0.1500410732650961E+01
                          0.1504431823974919E+01
                          0.1508460992263419E+01
                          0.1512498248325092E+01
                          0.1516543602975791E+01
                          0.1520597067038600E+01
                          0.1524658651343824E+01
                          0.1528728366729003E+01
                          0.1532806224038900E+01
                          0.1536892234125507E+01
                          0.1540986407848041E+01
                          0.1545088756072948E+01
                          0.1549199289673900E+01
                          0.1553318019531799E+01
                          0.1557444956534770E+01
                          0.1561580111578168E+01
                          0.1565723495564576E+01
                          0.1569875119403800E+01
                          0.1574034994012880E+01
                          0.1578203130316077E+01
                          0.1582379539244884E+01
                          0.1586564231738017E+01
                          0.1590757218741420E+01
                          0.1594958511208267E+01
                          0.1599168120098960E+01
                          0.1603386056381120E+01
                          0.1607612331029607E+01
                          0.1611846955026500E+01
                          0.1616089939361107E+01
                          0.1620341295029964E+01
                          0.1624601033036834E+01
                          0.1628869164392709E+01
                          0.1633145700115805E+01
                          0.1637430651231568E+01
                          0.1641724028772668E+01
                          0.1646025843779006E+01
                          0.1650336107297709E+01
                          0.1654654830383129E+01
                          0.1658982024096849E+01
                          0.1663317699507675E+01
                          0.1667661867691646E+01
                          0.1672014539732021E+01
                          0.1676375726719290E+01
                          0.1680745439751174E+01
                          0.1685123689932614E+01
                          0.1689510488375783E+01
                          0.1693905846200080E+01
                          0.1698309774532130E+01
                          0.1702722284505789E+01
                          0.1707143387262136E+01
                          0.1711573093949477E+01
                          0.1716011415723351E+01
                          0.1720458363746519E+01
                          0.1724913949188969E+01
                          0.1729378183227919E+01
                          0.1733851077047814E+01
                          0.1738332641840325E+01
                          0.1742822888804348E+01
                          0.1747321829146013E+01
                          0.1751829474078672E+01
                          0.1756345834822901E+01
                          0.1760870922606514E+01
                          0.1765404748664541E+01
                          0.1769947324239247E+01
                          0.1774498660580118E+01
                          0.1779058768943873E+01
                          0.1783627660594457E+01
                          0.1788205346803039E+01
                          0.1792791838848019E+01
                          0.1797387148015018E+01
                          0.1801991285596893E+01
                          0.1806604262893723E+01
                          0.1811226091212817E+01
                          0.1815856781868705E+01
                          0.1820496346183150E+01
                          0.1825144795485144E+01
                          0.1829802141110902E+01
                          0.1834468394403864E+01
                          0.1839143566714706E+01
                          0.1843827669401322E+01
                          0.1848520713828840E+01
                          0.1853222711369610E+01
                          0.1857933673403211E+01
                          0.1862653611316452E+01
                          0.1867382536503365E+01
                          0.1872120460365214E+01
                          0.1876867394310487E+01
                          0.1881623349754899E+01
                          0.1886388338121392E+01
                          0.1891162370840137E+01
                          0.1895945459348533E+01
                          0.1900737615091205E+01
                          0.1905538849520001E+01
                          0.1910349174094005E+01
                          0.1915168600279520E+01
                          0.1919997139550083E+01
                          0.1924834803386453E+01
                          0.1929681603276618E+01
                          0.1934537550715794E+01
                          0.1939402657206423E+01
                          0.1944276934258177E+01
                          0.1949160393387952E+01
                          0.1954053046119872E+01
                          0.1958954903985289E+01
                          0.1963865978522781E+01
                          0.1968786281278155E+01
                          0.1973715823804445E+01
                          0.1978654617661912E+01
                          0.1983602674418041E+01
                          0.1988560005647551E+01
                          0.1993526622932382E+01
                          0.1998502537861702E+01
                          0.2003487762031912E+01
                          0.2008482307046634E+01
                          0.2013486184516719E+01
                          0.2018499406060245E+01
                          0.2023521983302520E+01
                          0.2028553927876075E+01
                          0.2033595251420671E+01
                          0.2038645965583295E+01
                          0.2043706082018164E+01
                          0.2048775612386716E+01
                          0.2053854568357626E+01
                          0.2058942961606783E+01
                          0.2064040803817317E+01
                          0.2069148106679576E+01
                          0.2074264881891140E+01
                          0.2079391141156813E+01
                          0.2084526896188628E+01
                          0.2089672158705844E+01
                          0.2094826940434950E+01
                          0.2099991253109661E+01
                          0.2105165108470916E+01
                          0.2110348518266886E+01
                          0.2115541494252965E+01
                          0.2120744048191779E+01
                          0.2125956191853178E+01
                          0.2131177937014238E+01
                          0.2136409295459264E+01
                          0.2141650278979792E+01
                          0.2146900899374578E+01
                          0.2152161168449610E+01
                          0.2157431098018103E+01
                          0.2162710699900497E+01
                          0.2167999985924462E+01
                          0.2173298967924891E+01
                          0.2178607657743910E+01
                          0.2183926067230868E+01
                          0.2189254208242342E+01
                          0.2194592092642138E+01
                          0.2199939732301289E+01
                          0.2205297139098050E+01
                          0.2210664324917912E+01
                          0.2216041301653584E+01
                          0.2221428081205012E+01
                          0.2226824675479362E+01
                          0.2232231096391027E+01
                          0.2237647355861635E+01
                          0.2243073465820033E+01
                          0.2248509438202297E+01
                          0.2253955284951730E+01
                          0.2259411018018870E+01
                          0.2264876649361471E+01
                          0.2270352190944521E+01
                          0.2275837654740230E+01
                          0.2281333052728044E+01
                          0.2286838396894627E+01
                          0.2292353699233873E+01
                          0.2297878971746909E+01
                          0.2303414226442082E+01
                          0.2308959475334967E+01
                          0.2314514730448372E+01
                          0.2320080003812325E+01
                          0.2325655307464086E+01
                          0.2331240653448139E+01
                          0.2336836053816200E+01
                          0.2342441520627209E+01
                          0.2348057065947331E+01
                          0.2353682701849960E+01
                          0.2359318440415722E+01
                          0.2364964293732464E+01
                          0.2370620273895264E+01
                          0.2376286393006420E+01
                          0.2381962663175472E+01
                          0.2387649096519171E+01
                          0.2393345705161505E+01
                          0.2399052501233687E+01
                          0.2404769496874157E+01
                          0.2410496704228582E+01
                          0.2416234135449853E+01
                          0.2421981802698097E+01
                          0.2427739718140660E+01
                          0.2433507893952118E+01
                          0.2439286342314275E+01
                          0.2445075075416163E+01
                          0.2450874105454036E+01
                          0.2456683444631383E+01
                          0.2462503105158915E+01
                          0.2468333099254571E+01
                          0.2474173439143518E+01
                          0.2480024137058151E+01
                          0.2485885205238088E+01
                          0.2491756655930181E+01
                          0.2497638501388506E+01
                          0.2503530753874362E+01
                          0.2509433425656283E+01
                          0.2515346529010027E+01
                          0.2521270076218573E+01
                          0.2527204079572142E+01
                          0.2533148551368166E+01
                          0.2539103503911314E+01
                          0.2545068949513478E+01
                          0.2551044900493782E+01
                          0.2557031369178572E+01
                          0.2563028367901425E+01
                          0.2569035909003140E+01
                          0.2575054004831752E+01
                          0.2581082667742514E+01
                          0.2587121910097911E+01
                          0.2593171744267657E+01
                          0.2599232182628690E+01
                          0.2605303237565172E+01
                          0.2611384921468503E+01
                          0.2617477246737301E+01
                          0.2623580225777412E+01
                          0.2629693871001914E+01
                          0.2635818194831104E+01
                          0.2641953209692517E+01
                          0.2648098928020908E+01
                          0.2654255362258261E+01
                          0.2660422524853785E+01
                          0.2666600428263922E+01
                          0.2672789084952339E+01
                          0.2678988507389922E+01
                          0.2685198708054798E+01
                          0.2691419699432312E+01
                          0.2697651494015040E+01
                          0.2703894104302778E+01
                          0.2710147542802563E+01
                          0.2716411822028650E+01
                          0.2722686954502517E+01
                          0.2728972952752882E+01
                          0.2735269829315679E+01
                          0.2741577596734076E+01
                          0.2747896267558461E+01
                          0.2754225854346459E+01
                          0.2760566369662915E+01
                          0.2766917826079903E+01
                          0.2773280236176723E+01
                          0.2779653612539910E+01
                          0.2786037967763213E+01
                          0.2792433314447619E+01
                          0.2798839665201336E+01
                          0.2805257032639806E+01
                          0.2811685429385691E+01
                          0.2818124868068882E+01
                          0.2824575361326502E+01
                          0.2831036921802897E+01
                          0.2837509562149641E+01
                          0.2843993295025533E+01
                          0.2850488133096601E+01
                          0.2856994089036105E+01
                          0.2863511175524525E+01
                          0.2870039405249569E+01
                          0.2876578790906181E+01
                          0.2883129345196521E+01
                          0.2889691080829980E+01
                          0.2896264010523182E+01
                          0.2902848146999969E+01
                          0.2909443502991417E+01
                          0.2916050091235825E+01
                          0.2922667924478720E+01
                          0.2929297015472864E+01
                          0.2935937376978234E+01
                          0.2942589021762037E+01
                          0.2949251962598717E+01
                          0.2955926212269935E+01
                          0.2962611783564584E+01
                          0.2969308689278780E+01
                          0.2976016942215872E+01
                          0.2982736555186432E+01
                          0.2989467541008259E+01
                          0.2996209912506385E+01
                          0.3002963682513062E+01
                          0.3009728863867773E+01
                          0.3016505469417227E+01
                          0.3023293512015359E+01
                          0.3030093004523337E+01
                          0.3036903959809551E+01
                          0.3043726390749615E+01
                          0.3050560310226381E+01
                          0.3057405731129918E+01
                          0.3064262666357531E+01
                          0.3071131128813740E+01
                          0.3078011131410306E+01
                          0.3084902687066208E+01
                          0.3091805808707657E+01
                          0.3098720509268084E+01
                          0.3105646801688160E+01
                          0.3112584698915771E+01
                          0.3119534213906037E+01
                          0.3126495359621305E+01
                          0.3133468149031144E+01
                          0.3140452595112357E+01
                          0.3147448710848967E+01
                          0.3154456509232233E+01
                          0.3161476003260634E+01
                          0.3168507205939877E+01
                          0.3175550130282903E+01
                          0.3182604789309873E+01
                          0.3189671196048177E+01
                          0.3196749363532433E+01
                          0.3203839304804482E+01
                          0.3210941032913404E+01
                          0.3218054560915494E+01
                          0.3225179901874278E+01
                          0.3232317068860513E+01
                          0.3239466074952178E+01
                          0.3246626933234480E+01
                          0.3253799656799860E+01
                          0.3260984258747976E+01
                          0.3268180752185721E+01
                          0.3275389150227209E+01
                          0.3282609465993788E+01
                          0.3289841712614030E+01
                          0.3297085903223732E+01
                          0.3304342050965923E+01
                          0.3311610168990850E+01
                          0.3318890270456003E+01
                          0.3326182368526082E+01
                          0.3333486476373029E+01
                          0.3340802607176004E+01
                          0.3348130774121398E+01
                          0.3355470990402822E+01
                          0.3362823269221128E+01
                          0.3370187623784386E+01
                          0.3377564067307889E+01
                          0.3384952613014171E+01
                          0.3392353274132981E+01
                          0.3399766063901300E+01
                          0.3407190995563333E+01
                          0.3414628082370521E+01
                          0.3422077337581524E+01
                          0.3429538774462229E+01
                          0.3437012406285755E+01
                          0.3444498246332442E+01
                          0.3451996307889868E+01
                          0.3459506604252827E+01
                          0.3467029148723343E+01
                          0.3474563954610674E+01
                          0.3482111035231298E+01
                          0.3489670403908919E+01
                          0.3497242073974477E+01
                          0.3504826058766132E+01
                          0.3512422371629271E+01
                          0.3520031025916513E+01
                          0.3527652034987701E+01
                          0.3535285412209904E+01
                          0.3542931170957425E+01
                          0.3550589324611780E+01
                          0.3558259886561732E+01
                          0.3565942870203253E+01
                          0.3573638288939558E+01
                          0.3581346156181074E+01
                          0.3589066485345463E+01
                          0.3596799289857619E+01
                          0.3604544583149651E+01
                          0.3612302378660910E+01
                          0.3620072689837962E+01
                          0.3627855530134604E+01
                          0.3635650913011860E+01
                          0.3643458851937989E+01
                          0.3651279360388465E+01
                          0.3659112451845993E+01
                          0.3666958139800512E+01
                          0.3674816437749181E+01
                          0.3682687359196389E+01
                          0.3690570917653749E+01
                          0.3698467126640104E+01
                          0.3706375999681530E+01
                          0.3714297550311319E+01
                          0.3722231792069996E+01
                          0.3730178738505312E+01
                          0.3738138403172252E+01
                          0.3746110799633017E+01
                          0.3754095941457038E+01
                          0.3762093842220984E+01
                          0.3770104515508738E+01
                          0.3778127974911416E+01
                          0.3786164234027358E+01
                          0.3794213306462138E+01
                          0.3802275205828554E+01
                          0.3810349945746626E+01
                          0.3818437539843603E+01
                          0.3826538001753973E+01
                          0.3834651345119434E+01
                          0.3842777583588926E+01
                          0.3850916730818601E+01
                          0.3859068800471855E+01
                          0.3867233806219299E+01
                          0.3875411761738771E+01
                          0.3883602680715350E+01
                          0.3891806576841323E+01
                          0.3900023463816225E+01
                          0.3908253355346796E+01
                          0.3916496265147021E+01
                          0.3924752206938103E+01
                          0.3933021194448477E+01
                          0.3941303241413797E+01
                          0.3949598361576957E+01
                          0.3957906568688075E+01
                          0.3966227876504482E+01
                          0.3974562298790755E+01
                          0.3982909849318688E+01
                          0.3991270541867306E+01
                          0.3999644390222853E+01
                          0.4008031408178817E+01
                          0.4016431609535895E+01
                          0.4024845008102027E+01
                          0.4033271617692368E+01
                          0.4041711452129308E+01
                          0.4050164525242458E+01
                          0.4058630850868657E+01
                          0.4067110442851982E+01
                          0.4075603315043724E+01
                          0.4084109481302406E+01
                          0.4092628955493778E+01
                          0.4101161751490818E+01
                          0.4109707883173736E+01
                          0.4118267364429959E+01
                          0.4126840209154143E+01
                          0.4135426431248183E+01
                          0.4144026044621189E+01
                          0.4152639063189499E+01
                          0.4161265500876687E+01
                          0.4169905371613548E+01
                          0.4178558689338098E+01
                          0.4187225467995597E+01
                          0.4195905721538516E+01
                          0.4204599463926558E+01
                          0.4213306709126662E+01
                          0.4222027471112983E+01
                          0.4230761763866907E+01
                          0.4239509601377045E+01
                          0.4248270997639242E+01
                          0.4257045966656566E+01
                          0.4265834522439311E+01
                          0.4274636679004997E+01
                          0.4283452450378379E+01
                          0.4292281850591430E+01
                          0.4301124893683357E+01
                          0.4309981593700585E+01
                          0.4318851964696786E+01
                          0.4327736020732830E+01
                          0.4336633775876842E+01
                          0.4345545244204157E+01
                          0.4354470439797341E+01
                          0.4363409376746197E+01
                          0.4372362069147740E+01
                          0.4381328531106218E+01
                          0.4390308776733116E+01
                          0.4399302820147131E+01
                          0.4408310675474194E+01
                          0.4417332356847469E+01
                          0.4426367878407340E+01
                          0.4435417254301414E+01
                          0.4444480498684537E+01
                          0.4453557625718771E+01
                          0.4462648649573418E+01
                          0.4471753584424992E+01
                          0.4480872444457248E+01
                          0.4490005243861161E+01
                          0.4499151996834933E+01
                          0.4508312717583993E+01
                          0.4517487420321004E+01
                          0.4526676119265850E+01
                          0.4535878828645640E+01
                          0.4545095562694717E+01
                          0.4554326335654645E+01
                          0.4563571161774222E+01
                          0.4572830055309469E+01
                          0.4582103030523628E+01
                          0.4591390101687184E+01
                          0.4600691283077838E+01
                          0.4610006588980518E+01
                          0.4619336033687378E+01
                          0.4628679631497813E+01
                          0.4638037396718425E+01
                          0.4647409343663061E+01
                          0.4656795486652789E+01
                          0.4666195840015891E+01
                          0.4675610418087897E+01
                          0.4685039235211556E+01
                          0.4694482305736842E+01
                          0.4703939644020957E+01
                          0.4713411264428331E+01
                          0.4722897181330620E+01
                          0.4732397409106714E+01
                          0.4741911962142718E+01
                          0.4751440854831976E+01
                          0.4760984101575053E+01
                          0.4770541716779738E+01
                          0.4780113714861060E+01
                          0.4789700110241260E+01
                          0.4799300917349818E+01
                          0.4808916150623435E+01
