 Adiabat temperature at each layer [K]
    280.0856
    265.3097
    251.8114
    239.6344
    228.6999
    218.8635
    209.9699
    201.8722
    194.4388
    187.5543
    181.1201
    175.0525
    169.2816
    163.7494
    158.4083
    153.2196
    149.9961
    149.9961
    149.9961
    149.9961
    149.9961
    149.9961
    149.9961
    149.9961
    149.9961
    149.9961
    149.9961
    149.9961
    149.9961
    149.9961
    149.9961
    149.9961
    149.9961
    149.9961
    149.9961
    149.9961
    149.9961
    149.9961
    149.9961
    149.9961
    149.9961
    149.9961
    149.9961
    149.9961
    149.9961
    149.9961
    149.9961
    149.9961
    149.9961
    149.9961
