 Adiabat temperature at each level [K]
    287.5664
    272.6977
    258.5606
    245.7229
    234.1671
    223.7817
    214.4167
    205.9211
    198.1555
    190.9965
    184.3372
    178.0863
    172.1671
    166.5155
    161.0789
    155.8139
    151.6078
    149.9961
    149.9961
    149.9961
    149.9961
    149.9961
    149.9961
    149.9961
    149.9961
    149.9961
    149.9961
    149.9961
    149.9961
    149.9961
    149.9961
    149.9961
    149.9961
    149.9961
    149.9961
    149.9961
    149.9961
    149.9961
    149.9961
    149.9961
    149.9961
    149.9961
    149.9961
    149.9961
    149.9961
    149.9961
    149.9961
    149.9961
    149.9961
    149.9961
    149.9961
