 Longwave heating rate [K/s]
 -0.1288E-01
 -0.1010E-01
 -0.8370E-02
 -0.6514E-02
 -0.4366E-02
 -0.2248E-02
 -0.1476E-02
 -0.1466E-02
 -0.1608E-02
 -0.1502E-02
 -0.1548E-02
 -0.1664E-02
 -0.1655E-02
 -0.1794E-02
 -0.1874E-02
 -0.2131E-02
 -0.2362E-02
 -0.2630E-02
 -0.2928E-02
 -0.3216E-02
 -0.3433E-02
 -0.3648E-02
 -0.3839E-02
 -0.4077E-02
 -0.4159E-02
 -0.4200E-02
 -0.4191E-02
 -0.4110E-02
 -0.4001E-02
 -0.3858E-02
 -0.4291E-02
 -0.4686E-02
 -0.6127E-02
 -0.8079E-02
 -0.1017E-01
 -0.1241E-01
 -0.1392E-01
 -0.1453E-01
 -0.1432E-01
 -0.1447E-01
 -0.1647E-01
 -0.1889E-01
 -0.2066E-01
 -0.2532E-01
 -0.3243E-01
 -0.3151E-01
 -0.2456E-01
 -0.1838E-01
 -0.5908E-01
 -0.1265E+00
