 Rayleigh Transmission
                          0.9999999999999777E+00
                          0.9999999999965618E+00
                          0.9999999999961667E+00
                          0.9999999999632087E+00
                          0.9999999998905789E+00
                          0.9999999999452377E+00
                          0.9999999996823885E+00
                          0.9999999998759195E+00
                          0.9999999999787357E+00
                          0.9999999997923519E+00
                          0.9999999999958451E+00
                          0.9999999955873609E+00
                          0.9999999854778543E+00
                          0.9999999999994880E+00
                          0.9999999999997935E+00
                          0.9999999999960275E+00
                          0.9999999999999287E+00
                          0.9999999999980432E+00
                          0.9999999999998999E+00
                          0.9999999999998288E+00
                          0.9999999999998367E+00
                          0.9999999999996992E+00
                          0.9999999999991878E+00
                          0.9999999999819900E+00
                          0.9999999989572833E+00
                          0.9999999972075481E+00
                          0.9999997918478905E+00
                          0.9999987427883468E+00
                          0.9999999913906787E+00
                          0.9999999987488718E+00
                          0.9999999975824676E+00
                          0.9999999999990907E+00
                          0.9999999999984817E+00
                          0.9999999999989039E+00
                          0.9999999999981800E+00
                          0.9999999999986195E+00
                          0.9999999999984548E+00
                          0.9999999999982739E+00
                          0.9999999999978250E+00
                          0.9999999999978094E+00
                          0.9999999999976467E+00
                          0.9999999999974002E+00
                          0.9999999999970124E+00
                          0.9999999999966466E+00
                          0.9999999999965556E+00
                          0.9999999999962331E+00
                          0.9999999999958182E+00
                          0.9999999999955180E+00
                          0.9999999999951242E+00
                          0.9999999999945618E+00
                          0.9999999999863478E+00
                          0.9999999999885468E+00
                          0.9999999766928815E+00
                          0.9999999999923236E+00
                          0.9999999999876241E+00
                          0.9999999999364234E+00
                          0.9999999999906002E+00
                          0.9999999999902454E+00
                          0.9999999999893564E+00
                          0.9999999999879473E+00
                          0.9999999999869641E+00
                          0.9999999999863292E+00
                          0.9999999999836748E+00
                          0.9999999999450742E+00
                          0.9999999999842236E+00
                          0.9999999999811654E+00
                          0.9999999999519676E+00
                          0.9999999999798560E+00
                          0.9999999999753593E+00
                          0.9999999999781318E+00
                          0.9999999999770781E+00
                          0.9999999999763226E+00
                          0.9999999999751529E+00
                          0.9999999999414390E+00
                          0.9999999999721888E+00
                          0.9999999943699646E+00
                          0.9999837937669647E+00
                          0.9999999999428603E+00
                          0.9999999999630752E+00
                          0.9999999999639789E+00
                          0.9999999999619212E+00
                          0.9999999986269039E+00
                          0.9999999986727558E+00
                          0.9999996170839225E+00
                          0.9999992934740431E+00
                          0.9999999999511353E+00
                          0.9999999999498189E+00
                          0.9999999999474609E+00
                          0.9999999999449839E+00
                          0.9999999999276624E+00
                          0.9999999935444273E+00
                          0.9999111430794466E+00
                          0.9984044277349451E+00
                          0.9999920001837579E+00
                          0.9999831440646531E+00
                          0.9999997466309075E+00
                          0.9999999998985377E+00
                          0.9999999999188187E+00
                          0.9999999999154103E+00
                          0.9999999999041318E+00
                          0.9999999998709267E+00
                          0.9999999999039401E+00
                          0.9999999999004575E+00
                          0.9999999733367277E+00
                          0.9999999998773467E+00
                          0.9999999998643435E+00
                          0.9999999998838403E+00
                          0.9999999998797542E+00
                          0.9999999998752312E+00
                          0.9999999998705376E+00
                          0.9999999998650914E+00
                          0.9999999998604420E+00
                          0.9999999998557507E+00
                          0.9999999998505351E+00
                          0.9999999998451737E+00
                          0.9999999998396802E+00
                          0.9999999998340310E+00
                          0.9999999998282375E+00
                          0.9999999998220915E+00
                          0.9999999998105762E+00
                          0.9999999986363469E+00
                          0.9999999998033696E+00
                          0.9999999997968514E+00
                          0.9999999952335050E+00
                          0.9999999997811551E+00
                          0.9999999991434164E+00
                          0.9999999997688638E+00
                          0.9999999997612867E+00
                          0.9999999997535135E+00
                          0.9999999997454465E+00
                          0.9999999997382285E+00
                          0.9999999997300294E+00
                          0.9999999997213962E+00
                          0.9999999927975907E+00
                          0.9999999989146987E+00
                          0.9999999996954438E+00
                          0.9999999996454132E+00
                          0.9999999995058976E+00
                          0.9999999996668255E+00
                          0.9999999996500000E+00
                          0.9999999993757815E+00
                          0.9999999981922881E+00
                          0.9999974432717718E+00
                          0.9999999941254856E+00
                          0.9999998488939650E+00
                          0.9999997282676490E+00
                          0.9999999978042577E+00
                          0.9999818608526260E+00
                          0.9999998457667115E+00
                          0.9999991451382340E+00
                          0.9999999992253569E+00
                          0.9999999995187303E+00
                          0.9999999994838874E+00
                          0.9999999994935796E+00
                          0.9999999926034753E+00
                          0.9999999994705578E+00
                          0.9999999994568836E+00
                          0.9999999994431534E+00
                          0.9999999994272477E+00
                          0.9999999994137710E+00
                          0.9999999960594496E+00
                          0.9999999993792802E+00
                          0.9999999993689247E+00
                          0.9999999993532023E+00
                          0.9999999993371127E+00
                          0.9999999993208752E+00
                          0.9999999081873324E+00
                          0.9999999992873435E+00
                          0.9999999992699771E+00
                          0.9999999992526067E+00
                          0.9999999992347637E+00
                          0.9999999992166029E+00
                          0.9999999991981209E+00
                          0.9999999991793125E+00
                          0.9999999991578117E+00
                          0.9999999991375988E+00
                          0.9999999991209013E+00
                          0.9999990591206981E+00
                          0.9999999990802252E+00
                          0.9999999990418814E+00
                          0.9999999990368678E+00
                          0.9999999990166338E+00
                          0.9999999989947016E+00
                          0.9999999969946813E+00
                          0.9999999989495330E+00
                          0.9999999989064414E+00
                          0.9999775574542176E+00
                          0.9999999988692621E+00
                          0.9999999988554523E+00
                          0.9999999988221249E+00
                          0.9999999987849147E+00
                          0.9999999987221670E+00
                          0.9999999987355203E+00
                          0.9999999968249020E+00
                          0.9999999985941309E+00
                          0.9999999949833347E+00
                          0.9999999977799322E+00
                          0.9999930195449162E+00
                          0.9999999942233501E+00
                          0.9999999954647423E+00
                          0.9999999858207944E+00
                          0.9999999985009514E+00
                          0.9999999984678248E+00
                          0.9999999982353203E+00
                          0.9999998246538240E+00
                          0.9999999982492839E+00
                          0.9999999983502397E+00
                          0.9999999983178809E+00
                          0.9999999982720881E+00
                          0.9999999982515229E+00
                          0.9999999982175433E+00
                          0.9999999981839592E+00
                          0.9999999981404467E+00
                          0.9999999980994516E+00
                          0.9999999980780314E+00
                          0.9999999980421322E+00
                          0.9999999965235039E+00
                          0.9999999979466694E+00
                          0.9999999979310845E+00
                          0.9999999978928772E+00
                          0.9999999978541287E+00
                          0.9999999978122180E+00
                          0.9999999977750336E+00
                          0.9999999977347176E+00
                          0.9999999976938149E+00
                          0.9999999976523654E+00
                          0.9999999975949090E+00
                          0.9999999975670008E+00
                          0.9999999975246565E+00
                          0.9999999974809504E+00
                          0.9999999974366691E+00
                          0.9999999973917225E+00
                          0.9999999973463486E+00
                          0.9999999972997708E+00
                          0.9999999972536312E+00
                          0.9999999969286056E+00
                          0.9999999971585749E+00
                          0.9999999971100668E+00
                          0.9999999958798285E+00
                          0.9999999969515848E+00
                          0.9999999969609370E+00
                          0.9999999913065487E+00
                          0.9999999968577830E+00
                          0.9999999967983776E+00
                          0.9999999967526644E+00
                          0.9999999966991815E+00
                          0.9999999966375158E+00
                          0.9999999941351355E+00
                          0.9999999965261017E+00
                          0.9999999964508111E+00
                          0.9999999964104048E+00
                          0.9999999963629236E+00
                          0.9999999961781227E+00
                          0.9999999762726660E+00
                          0.9999999961300269E+00
                          0.9999999961267947E+00
                          0.9999999960660616E+00
                          0.9999999960042860E+00
                          0.9999999959393150E+00
                          0.9999999958768195E+00
                          0.9999999957991617E+00
                          0.9999999957479830E+00
                          0.9999999956838015E+00
                          0.9999999956179116E+00
                          0.9999999955507892E+00
                          0.9999999954831291E+00
                          0.9999999953954218E+00
                          0.9999999953211784E+00
                          0.9999999950709616E+00
                          0.9999999952041124E+00
                          0.9999999951213366E+00
                          0.9999999950470061E+00
                          0.9999999949849568E+00
                          0.9999999949125059E+00
                          0.9999999945556580E+00
                          0.9999999933627914E+00
                          0.9999999946746363E+00
                          0.9999999945779223E+00
                          0.9999999944232223E+00
                          0.9999999942268105E+00
                          0.9999999943685288E+00
                          0.9999999942855461E+00
                          0.9999999942025907E+00
                          0.9999999941251650E+00
                          0.9999999940416008E+00
                          0.9999999939570343E+00
                          0.9999999938722152E+00
                          0.9999999920763776E+00
                          0.9999999936984264E+00
                          0.9999999936108798E+00
                          0.9999999935209350E+00
                          0.9999999934323061E+00
                          0.9999999923147653E+00
                          0.9999999932495469E+00
                          0.9999999931480087E+00
                          0.9999999930638306E+00
                          0.9999999929521862E+00
                          0.9999999928738906E+00
                          0.9999999927769789E+00
                          0.9999999926790571E+00
                          0.9999999925815091E+00
                          0.9999999924822380E+00
                          0.9999999923818482E+00
                          0.9999999922794363E+00
                          0.9999999921760095E+00
                          0.9999999920744868E+00
                          0.9999999919671635E+00
                          0.9999999918647458E+00
                          0.9999999917582160E+00
                          0.9999999916197252E+00
                          0.9999999915415395E+00
                          0.9999999914324563E+00
                          0.9999999913217451E+00
                          0.9999999912099652E+00
                          0.9999999910971036E+00
                          0.9999999909831542E+00
                          0.9999999908679909E+00
                          0.9999999907513020E+00
                          0.9999999906344011E+00
                          0.9999999905163961E+00
                          0.9999999903965037E+00
                          0.9999999902763783E+00
                          0.9999999901541820E+00
                          0.9999999898970287E+00
                          0.9999999898941313E+00
                          0.9999999896272376E+00
                          0.9999999896562694E+00
                          0.9999999894790867E+00
                          0.9999809469420630E+00
                          0.9999999892697689E+00
                          0.9999999891388383E+00
                          0.9999999890043000E+00
                          0.9999999888490735E+00
                          0.9999999887389844E+00
                          0.9999999886031126E+00
                          0.9999999884652446E+00
                          0.9999999883276481E+00
                          0.9999999881881739E+00
                          0.9999999880473649E+00
                          0.9999999879052853E+00
                          0.9999999877619763E+00
                          0.9999999876169462E+00
                          0.9999999874715064E+00
                          0.9999999873243285E+00
                          0.9999999871758964E+00
                          0.9999999870261421E+00
                          0.9999999868750723E+00
                          0.9999999864285286E+00
                          0.9999999838185866E+00
                          0.9999999864101582E+00
                          0.9999999862575030E+00
                          0.9999999860999027E+00
                          0.9999999859407592E+00
                          0.9999992649097332E+00
                          0.9999999856134976E+00
                          0.9999999854554283E+00
                          0.9999999852908638E+00
                          0.9999999851245711E+00
                          0.9999999809509595E+00
                          0.9999999847888195E+00
                          0.9999999846186477E+00
                          0.9999999844470407E+00
                          0.9999999842311890E+00
                          0.9999999840992410E+00
                          0.9999999839226105E+00
                          0.9999999837462664E+00
                          0.9999999835674274E+00
                          0.9999999833871229E+00
                          0.9999999832053255E+00
                          0.9999999830220588E+00
                          0.9999999828140405E+00
                          0.9999999826510081E+00
                          0.9999999824583806E+00
                          0.9999999822739112E+00
                          0.9999999820830732E+00
                          0.9999999818632527E+00
                          0.9999999816940421E+00
                          0.9999999815011006E+00
                          0.9999999813042727E+00
                          0.9999999811056619E+00
                          0.9999999809053454E+00
                          0.9999999807016354E+00
                          0.9999999805003338E+00
                          0.9999999802953927E+00
                          0.9999999800887758E+00
                          0.9999999798805982E+00
                          0.9999999796707897E+00
                          0.9999999794593273E+00
                          0.9999999792462183E+00
                          0.9999999790314554E+00
                          0.9999999788150301E+00
                          0.9999999785965732E+00
                          0.9999999783771576E+00
                          0.9999999781556932E+00
                          0.9999999779320446E+00
                          0.9999999777076655E+00
                          0.9999999774810844E+00
                          0.9999999772527810E+00
                          0.9999999770227447E+00
                          0.9999999767908460E+00
                          0.9999999765574454E+00
                          0.9999999763221629E+00
                          0.9999999760851124E+00
                          0.9999999758462877E+00
                          0.9999999756056803E+00
                          0.9999999753632779E+00
                          0.9999999751190740E+00
                          0.9999999748730573E+00
                          0.9999999746251956E+00
                          0.9999999743755600E+00
                          0.9999999730632063E+00
                          0.9999999738702372E+00
                          0.9999999736155037E+00
                          0.9999999733565098E+00
                          0.9999999730992923E+00
                          0.9999999728384433E+00
                          0.9999999725749064E+00
                          0.9999999723097270E+00
                          0.9999999720447961E+00
                          0.9999999717763387E+00
                          0.9999999715058029E+00
                          0.9999999712336372E+00
                          0.9999999708933697E+00
                          0.9999999706588917E+00
                          0.9999999696682743E+00
                          0.9999999701247005E+00
                          0.9999999698426050E+00
                          0.9999999695574544E+00
                          0.9999999691947001E+00
                          0.9999999679258570E+00
                          0.9999999649629766E+00
                          0.9999999676114860E+00
                          0.9999999680188740E+00
                          0.9999999676808963E+00
                          0.9999999674544523E+00
                          0.9999999672125206E+00
                          0.9999999669100132E+00
                          0.9999999666054167E+00
                          0.9999999662987178E+00
                          0.9999999659899016E+00
                          0.9999999656790028E+00
                          0.9999999653659419E+00
                          0.9999999650507702E+00
                          0.9999999647334445E+00
                          0.9999999644139600E+00
                          0.9999999640895002E+00
                          0.9999999637684843E+00
                          0.9999999634424732E+00
                          0.9999999631142574E+00
                          0.9999999627838551E+00
                          0.9999999624512286E+00
                          0.9999999621163773E+00
                          0.9999999617792915E+00
                          0.9999999614399612E+00
                          0.9999999610983763E+00
                          0.9999999607543009E+00
                          0.9999999604084010E+00
                          0.9999999600599948E+00
                          0.9999999597092840E+00
                          0.9999999593562767E+00
                          0.9999999590009276E+00
                          0.9999999586433174E+00
                          0.9999999582833362E+00
                          0.9999999579210100E+00
                          0.9999999575563289E+00
                          0.9999999571892823E+00
                          0.9999999568198599E+00
                          0.9999999564480525E+00
                          0.9999999560737819E+00
                          0.9999999556972389E+00
                          0.9999999553182124E+00
                          0.9999999549367571E+00
                          0.9999999545528686E+00
                          0.9999999541665305E+00
                          0.9999999537777344E+00
                          0.9999999533864674E+00
                          0.9999999529879691E+00
                          0.9999999525964948E+00
                          0.9999999521977629E+00
                          0.9999999517965178E+00
                          0.9999999513927472E+00
                          0.9999999509864579E+00
                          0.9999999505776280E+00
                          0.9999999501640341E+00
                          0.9999999497522700E+00
                          0.9999999493357644E+00
                          0.9999999489166546E+00
                          0.9999999484949523E+00
                          0.9999999480705816E+00
                          0.9999999476437131E+00
                          0.9999999472141650E+00
                          0.9999999467819320E+00
                          0.9999999463470013E+00
                          0.9999999459096370E+00
                          0.9999999454693841E+00
                          0.9999999450266198E+00
                          0.9999999445810790E+00
                          0.9999999441328298E+00
                          0.9999999436818769E+00
                          0.9999999432281953E+00
                          0.9999999427717775E+00
                          0.9999999423126089E+00
                          0.9999999418506881E+00
                          0.9999999413860010E+00
                          0.9999999409183611E+00
                          0.9999999404482706E+00
                          0.9999999399752025E+00
                          0.9999999394992207E+00
                          0.9999999390206342E+00
                          0.9999999385391004E+00
                          0.9999999380543437E+00
                          0.9999999375673260E+00
                          0.9999999370773758E+00
                          0.9999999365843893E+00
                          0.9999999360885118E+00
                          0.9999999355897317E+00
                          0.9999999350880378E+00
                          0.9999999345834188E+00
                          0.9999999340758635E+00
                          0.9999999335653603E+00
                          0.9999999330518952E+00
                          0.9999999325354649E+00
                          0.9999999320160499E+00
                          0.9999999314936413E+00
                          0.9999999309682278E+00
                          0.9999999304397977E+00
                          0.9999999299083397E+00
                          0.9999999293738421E+00
                          0.9999999288362934E+00
                          0.9999999282829009E+00
                          0.9999999277519908E+00
                          0.9999999272052245E+00
                          0.9999999266552464E+00
                          0.9999999261008324E+00
                          0.9999999255462763E+00
                          0.9999999249870445E+00
                          0.9999999244246678E+00
                          0.9999999238591347E+00
                          0.9999999232904322E+00
                          0.9999999227185529E+00
                          0.9999999221433955E+00
                          0.9999999215651808E+00
                          0.9999999209830452E+00
                          0.9999999203985753E+00
                          0.9999999198110339E+00
                          0.9999999192109620E+00
                          0.9999999186253558E+00
                          0.9999999180275887E+00
                          0.9999999174265723E+00
                          0.9999999168222407E+00
                          0.9999999162145961E+00
                          0.9999999156036259E+00
                          0.9999999149890252E+00
                          0.9999999143716687E+00
                          0.9999999137506641E+00
                          0.9999999131253549E+00
                          0.9999999124985069E+00
                          0.9999999118673493E+00
                          0.9999999112327850E+00
                          0.9999999105947944E+00
                          0.9999999099533653E+00
                          0.9999999093085014E+00
                          0.9999999086601205E+00
                          0.9999999078925416E+00
                          0.9999999073323801E+00
                          0.9999999066943284E+00
                          0.9999999060319823E+00
                          0.9999999053661395E+00
                          0.9999999046969180E+00
                          0.9999999040240281E+00
                          0.9999999033476104E+00
                          0.9999999026676086E+00
                          0.9999999019840243E+00
                          0.9999999012968478E+00
                          0.9999999006060630E+00
                          0.9999998999110066E+00
                          0.9999998992126716E+00
                          0.9999998985034587E+00
                          0.9999998978065932E+00
                          0.9999998970975932E+00
                          0.9999998963849005E+00
                          0.9999998956685137E+00
                          0.9999998949484178E+00
                          0.9999998942246007E+00
                          0.9999998934970497E+00
                          0.9999998927657162E+00
                          0.9999998920306944E+00
                          0.9999998912918645E+00
                          0.9999998905492492E+00
                          0.9999998898028271E+00
                          0.9999998890526103E+00
                          0.9999998882985620E+00
                          0.9999998875406708E+00
                          0.9999998867789398E+00
                          0.9999998860133403E+00
                          0.9999998852438650E+00
                          0.9999998844705003E+00
                          0.9999998836932331E+00
                          0.9999998829120507E+00
                          0.9999998821248540E+00
                          0.9999998813378164E+00
                          0.9999998805448792E+00
                          0.9999998797479035E+00
                          0.9999998789469450E+00
                          0.9999998781419950E+00
                          0.9999998773330219E+00
                          0.9999998765200554E+00
                          0.9999998757030406E+00
                          0.9999998748818583E+00
                          0.9999998740568302E+00
                          0.9999998732253990E+00
                          0.9999998723943713E+00
                          0.9999998713769319E+00
                          0.9999998707154782E+00
                          0.9999998698698372E+00
                          0.9999998690200821E+00
                          0.9999998681661557E+00
                          0.9999998673080588E+00
                          0.9999998664457838E+00
                          0.9999998655793113E+00
                          0.9999998647086291E+00
                          0.9999998638337243E+00
                          0.9999998629545724E+00
                          0.9999998620711910E+00
                          0.9999998611835355E+00
                          0.9999998602916025E+00
                          0.9999998593953781E+00
                          0.9999998584948486E+00
                          0.9999998575900003E+00
                          0.9999998566808195E+00
                          0.9999998557672815E+00
                          0.9999998548494048E+00
                          0.9999998539197347E+00
                          0.9999998529995983E+00
                          0.9999998520694424E+00
                          0.9999998511339752E+00
                          0.9999998501940783E+00
                          0.9999998492497177E+00
                          0.9999998483009399E+00
                          0.9999998473476701E+00
                          0.9999998463899147E+00
                          0.9999998454276594E+00
                          0.9999998444608904E+00
                          0.9999998434895936E+00
                          0.9999998425137545E+00
                          0.9999998415333595E+00
                          0.9999998405483942E+00
                          0.9999998395588443E+00
                          0.9999998385646958E+00
                          0.9999998375659342E+00
                          0.9999998365625455E+00
                          0.9999998355545154E+00
                          0.9999998345418295E+00
                          0.9999998335244737E+00
                          0.9999998325024334E+00
                          0.9999998314756945E+00
                          0.9999998304442421E+00
                          0.9999998294080626E+00
                          0.9999998283671411E+00
                          0.9999998273214620E+00
                          0.9999998262706533E+00
                          0.9999998252157786E+00
                          0.9999998241557462E+00
                          0.9999998230908977E+00
                          0.9999998220212204E+00
                          0.9999998209466995E+00
                          0.9999998198673202E+00
                          0.9999998187830688E+00
                          0.9999998176939292E+00
                          0.9999998165522813E+00
                          0.9999998155009305E+00
                          0.9999998143970407E+00
                          0.9999998132882058E+00
                          0.9999998121744094E+00
                          0.9999998110556292E+00
                          0.9999998099318731E+00
                          0.9999998088031007E+00
                          0.9999998076693177E+00
                          0.9999998065304947E+00
                          0.9999998053866151E+00
                          0.9999998042304775E+00
                          0.9999998030836654E+00
                          0.9999998017830677E+00
                          0.9999998007603328E+00
                          0.9999997995909667E+00
                          0.9999997984164732E+00
                          0.9999997972368591E+00
                          0.9999997960520483E+00
                          0.9999997948620527E+00
                          0.9999997936668570E+00
                          0.9999997924664464E+00
                          0.9999997912608052E+00
                          0.9999997900499193E+00
                          0.9999997888336555E+00
                          0.9999997876119060E+00
                          0.9999997863855782E+00
                          0.9999997851530712E+00
                          0.9999997839162665E+00
                          0.9999997826735959E+00
                          0.9999997814251922E+00
                          0.9999997801718398E+00
                          0.9999997789133820E+00
                          0.9999997776492062E+00
                          0.9999997763796130E+00
                          0.9999997751035195E+00
                          0.9999997738241236E+00
                          0.9999997725381965E+00
                          0.9999997712467819E+00
                          0.9999997698878182E+00
                          0.9999997686474995E+00
                          0.9999997673395769E+00
                          0.9999997660258728E+00
                          0.9999997647071023E+00
                          0.9999997633825188E+00
                          0.9999997620523519E+00
                          0.9999997607165838E+00
                          0.9999997593751997E+00
                          0.9999997580281837E+00
                          0.9999997566755202E+00
                          0.9999997553171935E+00
                          0.9999997539531876E+00
                          0.9999997525834868E+00
                          0.9999997512080754E+00
                          0.9999997498269374E+00
                          0.9999997484400034E+00
                          0.9999997470474180E+00
                          0.9999997456460749E+00
                          0.9999997442448015E+00
                          0.9999997428347921E+00
                          0.9999997414189596E+00
                          0.9999997399972559E+00
                          0.9999997385697669E+00
                          0.9999997371310578E+00
                          0.9999997356970849E+00
                          0.9999997342518953E+00
                          0.9999997328007967E+00
                          0.9999997313427018E+00
                          0.9999997298610921E+00
                          0.9999997284118286E+00
                          0.9999997269368945E+00
                          0.9999997254559463E+00
                          0.9999997239690059E+00
                          0.9999997224760223E+00
                          0.9999997209769883E+00
                          0.9999997194718934E+00
                          0.9999997179607160E+00
                          0.9999997164434412E+00
                          0.9999997149200529E+00
                          0.9999997133905345E+00
                          0.9999997118548698E+00
                          0.9999997103130414E+00
                          0.9999997087645265E+00
                          0.9999997072108321E+00
                          0.9999997056504165E+00
                          0.9999997040837436E+00
                          0.9999997025108841E+00
                          0.9999997009317327E+00
                          0.9999996993463028E+00
                          0.9999996977545775E+00
                          0.9999996961565407E+00
                          0.9999996945521752E+00
                          0.9999996929414645E+00
                          0.9999996913243901E+00
                          0.9999996897009407E+00
                          0.9999996880710941E+00
                          0.9999996864348353E+00
                          0.9999996847921456E+00
                          0.9999996831430139E+00
                          0.9999996814874178E+00
                          0.9999996798253421E+00
                          0.9999996781567702E+00
                          0.9999996764816816E+00
                          0.9999996748000695E+00
                          0.9999996731119069E+00
                          0.9999996714171802E+00
                          0.9999996697158723E+00
                          0.9999996680079631E+00
                          0.9999996662934448E+00
                          0.9999996645722913E+00
                          0.9999996628444893E+00
                          0.9999996611100200E+00
                          0.9999996593688671E+00
                          0.9999996576209189E+00
                          0.9999996558664386E+00
                          0.9999996541051367E+00
                          0.9999996523358966E+00
                          0.9999996505622222E+00
                          0.9999996487806359E+00
                          0.9999996469922174E+00
                          0.9999996451969775E+00
                          0.9999996433946575E+00
                          0.9999996415859639E+00
                          0.9999996397701562E+00
                          0.9999996379453798E+00
                          0.9999996361178505E+00
                          0.9999996342813180E+00
                          0.9999996324378349E+00
                          0.9999996305874043E+00
                          0.9999996287297236E+00
                          0.9999996268655618E+00
                          0.9999996249941189E+00
                          0.9999996231156846E+00
                          0.9999996212302047E+00
                          0.9999996193376373E+00
                          0.9999996174379863E+00
                          0.9999996155312341E+00
                          0.9999996136173632E+00
                          0.9999996116963559E+00
                          0.9999996097681942E+00
                          0.9999996078328606E+00
                          0.9999996058903360E+00
                          0.9999996039406059E+00
                          0.9999996019836498E+00
                          0.9999996000194510E+00
                          0.9999995980479379E+00
                          0.9999995960692515E+00
                          0.9999995940832156E+00
                          0.9999995920898649E+00
                          0.9999995900890315E+00
                          0.9999995880811480E+00
                          0.9999995860657106E+00
                          0.9999995840429567E+00
                          0.9999995820127633E+00
                          0.9999995799751471E+00
                          0.9999995779300729E+00
                          0.9999995758775747E+00
                          0.9999995738175822E+00
                          0.9999995717500946E+00
                          0.9999995696750937E+00
                          0.9999995675925616E+00
                          0.9999995655024798E+00
                          0.9999995634048302E+00
                          0.9999995612995946E+00
                          0.9999995591867546E+00
                          0.9999995570662920E+00
                          0.9999995549381879E+00
                          0.9999995528024258E+00
                          0.9999995506589854E+00
                          0.9999995485078490E+00
                          0.9999995463489982E+00
                          0.9999995441824147E+00
                          0.9999995420080798E+00
                          0.9999995398259748E+00
                          0.9999995376360489E+00
                          0.9999995354383829E+00
                          0.9999995332328555E+00
                          0.9999995310194898E+00
                          0.9999995287982588E+00
                          0.9999995265691434E+00
                          0.9999995243321290E+00
                          0.9999995220872052E+00
                          0.9999995198343103E+00
                          0.9999995175735168E+00
                          0.9999995153047204E+00
                          0.9999995130279014E+00
                          0.9999995107431295E+00
                          0.9999995084502966E+00
                          0.9999995061494165E+00
                          0.9999995038397809E+00
                          0.9999995015234309E+00
                          0.9999994991982886E+00
                          0.9999994968650217E+00
                          0.9999994945236111E+00
                          0.9999994921740379E+00
                          0.9999994898162829E+00
                          0.9999994874503281E+00
                          0.9999994850761534E+00
                          0.9999994826937399E+00
                          0.9999994803030570E+00
                          0.9999994779041224E+00
                          0.9999994754968794E+00
                          0.9999994730813216E+00
                          0.9999994706574300E+00
                          0.9999994682251854E+00
                          0.9999994657845684E+00
                          0.9999994633355602E+00
                          0.9999994608781410E+00
                          0.9999994584122923E+00
                          0.9999994559379947E+00
                          0.9999994534551722E+00
                          0.9999994509638901E+00
                          0.9999994484642134E+00
                          0.9999994459559262E+00
                          0.9999994434390931E+00
                          0.9999994409136950E+00
                          0.9999994383797123E+00
                          0.9999994358371257E+00
                          0.9999994332859143E+00
                          0.9999994307260622E+00
                          0.9999994281575475E+00
                          0.9999994255803503E+00
                          0.9999994229944517E+00
                          0.9999994203998318E+00
                          0.9999994177964718E+00
                          0.9999994151843514E+00
                          0.9999994125634506E+00
                          0.9999994099337515E+00
                          0.9999994072952326E+00
                          0.9999994046478548E+00
                          0.9999994019916586E+00
                          0.9999993993265640E+00
                          0.9999993966525714E+00
                          0.9999993939696609E+00
                          0.9999993912778126E+00
                          0.9999993885770060E+00
                          0.9999993858672219E+00
                          0.9999993831484439E+00
                          0.9999993804206466E+00
                          0.9999993776838123E+00
                          0.9999993749379210E+00
                          0.9999993721828088E+00
                          0.9999993694188879E+00
                          0.9999993666457060E+00
                          0.9999993638632435E+00
                          0.9999993610719113E+00
                          0.9999993582712584E+00
                          0.9999993554614072E+00
                          0.9999993526423412E+00
                          0.9999993498140366E+00
                          0.9999993469764745E+00
                          0.9999993441296346E+00
                          0.9999993412734969E+00
                          0.9999993384080410E+00
                          0.9999993355332467E+00
                          0.9999993326490938E+00
                          0.9999993297555619E+00
                          0.9999993268526308E+00
                          0.9999993239402802E+00
                          0.9999993210184895E+00
                          0.9999993180872386E+00
                          0.9999993151465063E+00
                          0.9999993121962735E+00
                          0.9999993092365199E+00
                          0.9999993062672236E+00
                          0.9999993032883647E+00
                          0.9999993002999138E+00
                          0.9999992973018771E+00
                          0.9999992942942038E+00
                          0.9999992912768935E+00
                          0.9999992882499081E+00
                          0.9999992852132484E+00
                          0.9999992821668764E+00
                          0.9999992791107771E+00
                          0.9999992760449300E+00
                          0.9999992729693143E+00
                          0.9999992698839093E+00
                          0.9999992667886942E+00
                          0.9999992636836482E+00
                          0.9999992605687507E+00
                          0.9999992574439802E+00
                          0.9999992543093172E+00
                          0.9999992511647385E+00
                          0.9999992480102197E+00
                          0.9999992448457585E+00
                          0.9999992416713123E+00
                          0.9999992384868697E+00
                          0.9999992352924083E+00
                          0.9999992320879066E+00
                          0.9999992288733438E+00
                          0.9999992256486647E+00
                          0.9999992224139503E+00
                          0.9999992191690814E+00
                          0.9999992159140650E+00
                          0.9999992126488827E+00
                          0.9999992093735123E+00
                          0.9999992060879347E+00
                          0.9999992027921266E+00
                          0.9999991994860640E+00
                          0.9999991961697370E+00
                          0.9999991928431126E+00
                          0.9999991895061735E+00
                          0.9999991861588985E+00
                          0.9999991828011799E+00
                          0.9999991794332552E+00
                          0.9999991760548443E+00
                          0.9999991726660120E+00
                          0.9999991692667369E+00
                          0.9999991658569972E+00
                          0.9999991624367726E+00
                          0.9999991590060404E+00
                          0.9999991555647796E+00
                          0.9999991521129686E+00
                          0.9999991486505859E+00
                          0.9999991451776100E+00
                          0.9999991416940192E+00
                          0.9999991381997919E+00
                          0.9999991346949065E+00
                          0.9999991311793414E+00
                          0.9999991276530749E+00
                          0.9999991241160852E+00
                          0.9999991205683507E+00
                          0.9999991170098497E+00
                          0.9999991134405602E+00
                          0.9999991098604608E+00
                          0.9999991062695213E+00
                          0.9999991026677250E+00
                          0.9999990990550836E+00
                          0.9999990954315250E+00
                          0.9999990917967404E+00
                          0.9999990881516290E+00
                          0.9999990844952470E+00
                          0.9999990808278798E+00
                          0.9999990771495028E+00
                          0.9999990734601020E+00
                          0.9999990697596475E+00
                          0.9999990660481196E+00
                          0.9999990623252490E+00
                          0.9999990585917555E+00
                          0.9999990548468760E+00
                          0.9999990510908344E+00
                          0.9999990473236090E+00
                          0.9999990435451777E+00
                          0.9999990397555182E+00
                          0.9999990359546083E+00
                          0.9999990321424258E+00
                          0.9999990283189484E+00
                          0.9999990244841539E+00
                          0.9999990206380198E+00
                          0.9999990167805239E+00
                          0.9999990129116439E+00
                          0.9999990090313574E+00
                          0.9999990051396414E+00
                          0.9999990012364735E+00
                          0.9999989973218344E+00
                          0.9999989933956974E+00
                          0.9999989894580418E+00
                          0.9999989855088330E+00
                          0.9999989815480841E+00
                          0.9999989775757370E+00
                          0.9999989735917810E+00
                          0.9999989695961935E+00
                          0.9999989655889518E+00
                          0.9999989615700334E+00
                          0.9999989575394157E+00
                          0.9999989534970757E+00
                          0.9999989494429825E+00
                          0.9999989453771386E+00
                          0.9999989412994961E+00
                          0.9999989372100404E+00
                          0.9999989331087484E+00
                          0.9999989289955987E+00
                          0.9999989248705660E+00
                          0.9999989207336308E+00
                          0.9999989165847661E+00
                          0.9999989124239541E+00
                          0.9999989082511674E+00
                          0.9999989040663849E+00
                          0.9999988998695820E+00
                          0.9999988956607395E+00
                          0.9999988914398312E+00
                          0.9999988872068346E+00
                          0.9999988829617270E+00
                          0.9999988787044851E+00
                          0.9999988744350856E+00
                          0.9999988701535065E+00
                          0.9999988658596741E+00
                          0.9999988615537138E+00
                          0.9999988572325901E+00
                          0.9999988529049214E+00
                          0.9999988485620923E+00
                          0.9999988442069436E+00
                          0.9999988398394521E+00
                          0.9999988354595927E+00
                          0.9999988310673472E+00
                          0.9999988266626872E+00
                          0.9999988222455907E+00
                          0.9999988178160344E+00
                          0.9999988133739961E+00
                          0.9999988089194164E+00
                          0.9999988044523762E+00
                          0.9999987999727480E+00
                          0.9999987954805427E+00
                          0.9999987909757372E+00
                          0.9999987864583078E+00
                          0.9999987819282308E+00
                          0.9999987773854828E+00
                          0.9999987728300401E+00
                          0.9999987682618793E+00
                          0.9999987636809765E+00
                          0.9999987590873081E+00
                          0.9999987544808466E+00
                          0.9999987498615797E+00
                          0.9999987452294693E+00
                          0.9999987405845043E+00
                          0.9999987359266520E+00
                          0.9999987312558917E+00
                          0.9999987265721995E+00
                          0.9999987218755515E+00
                          0.9999987171659238E+00
                          0.9999987124432892E+00
                          0.9999987077076340E+00
                          0.9999987029589238E+00
                          0.9999986981971387E+00
                          0.9999986934222541E+00
                          0.9999986886342462E+00
                          0.9999986838330909E+00
                          0.9999986790187635E+00
                          0.9999986741912402E+00
                          0.9999986693504999E+00
                          0.9999986644963798E+00
                          0.9999986596292623E+00
                          0.9999986547487169E+00
                          0.9999986498548560E+00
                          0.9999986449476548E+00
                          0.9999986400270804E+00
                          0.9999986350931339E+00
                          0.9999986301457660E+00
                          0.9999986251849610E+00
                          0.9999986202106944E+00
                          0.9999986152229418E+00
                          0.9999986102216787E+00
                          0.9999986052068802E+00
                          0.9999986001785243E+00
                          0.9999985951365838E+00
                          0.9999985900810356E+00
                          0.9999985850118549E+00
                          0.9999985799290173E+00
                          0.9999985748324983E+00
                          0.9999985697222722E+00
                          0.9999985645983180E+00
                          0.9999985594606076E+00
                          0.9999985543091174E+00
                          0.9999985491438230E+00
                          0.9999985439646998E+00
                          0.9999985387717227E+00
                          0.9999985335648626E+00
                          0.9999985283441007E+00
                          0.9999985231094211E+00
                          0.9999985178607859E+00
                          0.9999985125981704E+00
                          0.9999985073215530E+00
                          0.9999985020309089E+00
                          0.9999984967262131E+00
                          0.9999984914074408E+00
                          0.9999984860745671E+00
                          0.9999984807275671E+00
                          0.9999984753664160E+00
                          0.9999984699910887E+00
                          0.9999984646015602E+00
                          0.9999984591978056E+00
                          0.9999984537798000E+00
                          0.9999984483475182E+00
                          0.9999984429009102E+00
                          0.9999984374400256E+00
                          0.9999984319647651E+00
                          0.9999984264751278E+00
                          0.9999984209710889E+00
                          0.9999984154526231E+00
                          0.9999984099197056E+00
                          0.9999984043723107E+00
                          0.9999983988104133E+00
                          0.9999983932339875E+00
                          0.9999983876430102E+00
                          0.9999983820374538E+00
                          0.9999983764172934E+00
                          0.9999983707824556E+00
                          0.9999983651328009E+00
                          0.9999983594687289E+00
                          0.9999983537901111E+00
                          0.9999983480965527E+00
                          0.9999983423882383E+00
                          0.9999983366651425E+00
                          0.9999983309272394E+00
                          0.9999983251745044E+00
                          0.9999983194069112E+00
                          0.9999983136244344E+00
                          0.9999983078270467E+00
                          0.9999983020147277E+00
                          0.9999982961874466E+00
                          0.9999982903451795E+00
                          0.9999982844879007E+00
                          0.9999982786155778E+00
                          0.9999982727282053E+00
                          0.9999982668257372E+00
                          0.9999982609081541E+00
                          0.9999982549754315E+00
                          0.9999982490275422E+00
                          0.9999982430644425E+00
                          0.9999982370861619E+00
                          0.9999982310926190E+00
                          0.9999982250838065E+00
                          0.9999982190596969E+00
                          0.9999982130202685E+00
                          0.9999982069654924E+00
                          0.9999982008953416E+00
                          0.9999981948097922E+00
                          0.9999981887088175E+00
                          0.9999981825923827E+00
                          0.9999981764604836E+00
                          0.9999981703130795E+00
                          0.9999981641501421E+00
                          0.9999981579716483E+00
                          0.9999981517775152E+00
                          0.9999981455678904E+00
                          0.9999981393425725E+00
                          0.9999981331015941E+00
                          0.9999981268449289E+00
                          0.9999981205725507E+00
                          0.9999981142844329E+00
                          0.9999981079805487E+00
                          0.9999981016608740E+00
                          0.9999980953253796E+00
                          0.9999980889740415E+00
                          0.9999980826068314E+00
                          0.9999980762237145E+00
                          0.9999980698246920E+00
                          0.9999980634097112E+00
                          0.9999980569787525E+00
                          0.9999980505317899E+00
                          0.9999980440687980E+00
                          0.9999980375897493E+00
                          0.9999980310946173E+00
                          0.9999980245833751E+00
                          0.9999980180559979E+00
                          0.9999980115124569E+00
                          0.9999980049527265E+00
                          0.9999979983767797E+00
                          0.9999979917845899E+00
                          0.9999979851761300E+00
                          0.9999979785513743E+00
                          0.9999979719102952E+00
                          0.9999979652528488E+00
                          0.9999979585790597E+00
                          0.9999979518888499E+00
                          0.9999979451822095E+00
                          0.9999979384591118E+00
                          0.9999979317195297E+00
                          0.9999979249634363E+00
                          0.9999979181908047E+00
                          0.9999979114016049E+00
                          0.9999979045958193E+00
                          0.9999978977734113E+00
                          0.9999978909343571E+00
                          0.9999978840786283E+00
                          0.9999978772062019E+00
                          0.9999978703170468E+00
                          0.9999978634111371E+00
                          0.9999978564884430E+00
                          0.9999978495489065E+00
                          0.9999978425926092E+00
                          0.9999978356194072E+00
                          0.9999978286293163E+00
                          0.9999978216223092E+00
                          0.9999978145983422E+00
                          0.9999978075574342E+00
                          0.9999978004995096E+00
                          0.9999977934244875E+00
                          0.9999977863325520E+00
                          0.9999977792234644E+00
                          0.9999977720972408E+00
                          0.9999977649539346E+00
                          0.9999977577934374E+00
                          0.9999977506157486E+00
                          0.9999977434208409E+00
                          0.9999977362086868E+00
                          0.9999977289792588E+00
                          0.9999977217325290E+00
                          0.9999977144684696E+00
                          0.9999977071870546E+00
                          0.9999976998882546E+00
                          0.9999976925720423E+00
                          0.9999976852383909E+00
                          0.9999976778872718E+00
                          0.9999976705186574E+00
                          0.9999976631325205E+00
                          0.9999976557288329E+00
                          0.9999976483075669E+00
                          0.9999976408686947E+00
                          0.9999976334121885E+00
                          0.9999976259380206E+00
                          0.9999976184461628E+00
                          0.9999976109364828E+00
                          0.9999976034092664E+00
                          0.9999975958641721E+00
                          0.9999975883012765E+00
                          0.9999975807205513E+00
                          0.9999975731219688E+00
                          0.9999975655047694E+00
                          0.9999975578711195E+00
                          0.9999975502187968E+00
                          0.9999975425485043E+00
                          0.9999975348602138E+00
                          0.9999975271538981E+00
                          0.9999975194295281E+00
                          0.9999975116870760E+00
                          0.9999975039265134E+00
                          0.9999974961478123E+00
                          0.9999974883509433E+00
                          0.9999974805358812E+00
                          0.9999974727025949E+00
                          0.9999974648510568E+00
                          0.9999974569812388E+00
                          0.9999974490931123E+00
                          0.9999974411866491E+00
                          0.9999974332618208E+00
                          0.9999974253185988E+00
                          0.9999974173569551E+00
                          0.9999974093768608E+00
                          0.9999974013782869E+00
                          0.9999973933612070E+00
                          0.9999973853255903E+00
                          0.9999973772714092E+00
                          0.9999973691986344E+00
                          0.9999973611072391E+00
                          0.9999973529971931E+00
                          0.9999973448684680E+00
                          0.9999973367210353E+00
                          0.9999973285548664E+00
                          0.9999973203699323E+00
                          0.9999973121662050E+00
                          0.9999973039436550E+00
                          0.9999972957022539E+00
                          0.9999972874419727E+00
                          0.9999972791627828E+00
                          0.9999972708646552E+00
                          0.9999972625475610E+00
                          0.9999972542114716E+00
                          0.9999972458563579E+00
                          0.9999972374821909E+00
                          0.9999972290889417E+00
                          0.9999972206765817E+00
                          0.9999972122450814E+00
                          0.9999972037944120E+00
                          0.9999971953245438E+00
                          0.9999971868354498E+00
                          0.9999971783270988E+00
                          0.9999971697994626E+00
                          0.9999971612525118E+00
                          0.9999971526862175E+00
                          0.9999971441005502E+00
                          0.9999971354954771E+00
                          0.9999971268709807E+00
                          0.9999971182270195E+00
                          0.9999971095635696E+00
                          0.9999971008806002E+00
                          0.9999970921780826E+00
                          0.9999970834559874E+00
                          0.9999970747142856E+00
                          0.9999970659529474E+00
                          0.9999970571719434E+00
                          0.9999970483712439E+00
                          0.9999970395508212E+00
                          0.9999970307106439E+00
                          0.9999970218506833E+00
                          0.9999970129709097E+00
                          0.9999970040712938E+00
                          0.9999969951518060E+00
                          0.9999969862124166E+00
                          0.9999969772530962E+00
                          0.9999969682738142E+00
                          0.9999969592745438E+00
                          0.9999969502551487E+00
                          0.9999969412159115E+00
                          0.9999969321562289E+00
                          0.9999969230769621E+00
                          0.9999969139772873E+00
                          0.9999969048574576E+00
                          0.9999968957174223E+00
                          0.9999968865571600E+00
                          0.9999968773766384E+00
                          0.9999968681758307E+00
                          0.9999968589547046E+00
                          0.9999968497132309E+00
                          0.9999968404513797E+00
                          0.9999968311691214E+00
                          0.9999968218664246E+00
                          0.9999968125432627E+00
                          0.9999968031996024E+00
                          0.9999967938354148E+00
                          0.9999967844506699E+00
                          0.9999967750453376E+00
                          0.9999967656193878E+00
                          0.9999967561727900E+00
                          0.9999967467055140E+00
                          0.9999967372175321E+00
                          0.9999967277088084E+00
                          0.9999967181793217E+00
                          0.9999967086290339E+00
                          0.9999966990579173E+00
                          0.9999966894659414E+00
                          0.9999966798530771E+00
                          0.9999966702192927E+00
                          0.9999966605645585E+00
                          0.9999966508888440E+00
                          0.9999966411921190E+00
                          0.9999966314743529E+00
                          0.9999966217355154E+00
                          0.9999966119755761E+00
                          0.9999966021945044E+00
                          0.9999965923922699E+00
                          0.9999965825688419E+00
                          0.9999965727241905E+00
                          0.9999965628582845E+00
                          0.9999965529710936E+00
                          0.9999965430625871E+00
                          0.9999965331327345E+00
                          0.9999965231815051E+00
                          0.9999965132088681E+00
                          0.9999965032147933E+00
                          0.9999964931992494E+00
                          0.9999964831622061E+00
                          0.9999964731036322E+00
                          0.9999964630234892E+00
                          0.9999964529217710E+00
                          0.9999964427984217E+00
                          0.9999964326534193E+00
                          0.9999964224867322E+00
                          0.9999964122983299E+00
                          0.9999964020881804E+00
                          0.9999963918562560E+00
                          0.9999963816025225E+00
                          0.9999963713269503E+00
                          0.9999963610295080E+00
                          0.9999963507101647E+00
                          0.9999963403688890E+00
                          0.9999963300056511E+00
                          0.9999963196204187E+00
                          0.9999963092131608E+00
                          0.9999962987838470E+00
                          0.9999962883324458E+00
                          0.9999962778589258E+00
                          0.9999962673632554E+00
                          0.9999962568454051E+00
                          0.9999962463053420E+00
                          0.9999962357430354E+00
                          0.9999962251584540E+00
                          0.9999962145515666E+00
                          0.9999962039223413E+00
                          0.9999961932707482E+00
                          0.9999961825967547E+00
                          0.9999961719003297E+00
                          0.9999961611814394E+00
                          0.9999961504400596E+00
                          0.9999961396761516E+00
                          0.9999961288896865E+00
                          0.9999961180806327E+00
                          0.9999961072489586E+00
                          0.9999960963946328E+00
                          0.9999960855176238E+00
                          0.9999960746178997E+00
                          0.9999960636954293E+00
                          0.9999960527501807E+00
                          0.9999960417821218E+00
                          0.9999960307912225E+00
                          0.9999960197774477E+00
                          0.9999960087407719E+00
                          0.9999959976811575E+00
                          0.9999959865985740E+00
                          0.9999959754929922E+00
                          0.9999959643643777E+00
                          0.9999959532126992E+00
                          0.9999959420379255E+00
                          0.9999959308400241E+00
                          0.9999959196189636E+00
                          0.9999959083747118E+00
                          0.9999958971072368E+00
                          0.9999958858165067E+00
                          0.9999958745024895E+00
                          0.9999958631651532E+00
                          0.9999958518044659E+00
                          0.9999958404203954E+00
                          0.9999958290129097E+00
                          0.9999958175819742E+00
                          0.9999958061275643E+00
                          0.9999957946496396E+00
                          0.9999957831481729E+00
                          0.9999957716231284E+00
                          0.9999957600744781E+00
                          0.9999957485021862E+00
                          0.9999957369062221E+00
                          0.9999957252865531E+00
                          0.9999957136431471E+00
                          0.9999957019759709E+00
                          0.9999956902849948E+00
                          0.9999956785701837E+00
                          0.9999956668315062E+00
                          0.9999956550689290E+00
                          0.9999956432824226E+00
                          0.9999956314719515E+00
                          0.9999956196374844E+00
                          0.9999956077789887E+00
                          0.9999955958964318E+00
                          0.9999955839897814E+00
                          0.9999955720590048E+00
                          0.9999955601040695E+00
                          0.9999955481249430E+00
                          0.9999955361215924E+00
                          0.9999955240939854E+00
                          0.9999955120420891E+00
                          0.9999954999658709E+00
                          0.9999954878652981E+00
                          0.9999954757403381E+00
                          0.9999954635909580E+00
                          0.9999954514171251E+00
                          0.9999954392188065E+00
                          0.9999954269959695E+00
                          0.9999954147485813E+00
                          0.9999954024766091E+00
                          0.9999953901800198E+00
                          0.9999953778587807E+00
                          0.9999953655128586E+00
                          0.9999953531422209E+00
                          0.9999953407468345E+00
                          0.9999953283266665E+00
                          0.9999953158816837E+00
                          0.9999953034118532E+00
                          0.9999952909171418E+00
                          0.9999952783975149E+00
                          0.9999952658529446E+00
                          0.9999952532833859E+00
                          0.9999952406888271E+00
                          0.9999952280692106E+00
                          0.9999952154245241E+00
                          0.9999952027547201E+00
                          0.9999951900597701E+00
                          0.9999951773396408E+00
                          0.9999951645942992E+00
                          0.9999951518237116E+00
                          0.9999951390278450E+00
                          0.9999951262066659E+00
                          0.9999951133601400E+00
                          0.9999951004882369E+00
                          0.9999950875909202E+00
                          0.9999950746681575E+00
                          0.9999950617199154E+00
                          0.9999950487461603E+00
                          0.9999950357468588E+00
                          0.9999950227219774E+00
                          0.9999950096714804E+00
                          0.9999949965953405E+00
                          0.9999949834935167E+00
                          0.9999949703659811E+00
                          0.9999949572126965E+00
                          0.9999949440336308E+00
                          0.9999949308287496E+00
                          0.9999949175980195E+00
                          0.9999949043414070E+00
                          0.9999948910588782E+00
                          0.9999948777503994E+00
                          0.9999948644159365E+00
                          0.9999948510554565E+00
                          0.9999948376689227E+00
                          0.9999948242563079E+00
                          0.9999948108175719E+00
                          0.9999947973526828E+00
                          0.9999947838616069E+00
                          0.9999947703443101E+00
                          0.9999947568007584E+00
                          0.9999947432309180E+00
                          0.9999947296347549E+00
                          0.9999947160122349E+00
                          0.9999947023633241E+00
                          0.9999946886879884E+00
                          0.9999946749861937E+00
                          0.9999946612579059E+00
                          0.9999946475030910E+00
                          0.9999946337217146E+00
                          0.9999946199137412E+00
                          0.9999946060791411E+00
                          0.9999945922178755E+00
                          0.9999945783299120E+00
                          0.9999945644152158E+00
                          0.9999945504737525E+00
                          0.9999945365054891E+00
                          0.9999945225103897E+00
                          0.9999945084884209E+00
                          0.9999944944395479E+00
                          0.9999944803637342E+00
                          0.9999944662609519E+00
                          0.9999944521311576E+00
                          0.9999944379743270E+00
                          0.9999944237904174E+00
                          0.9999944095793970E+00
                          0.9999943953412312E+00
                          0.9999943810758858E+00
                          0.9999943667833252E+00
                          0.9999943524635144E+00
                          0.9999943381164236E+00
                          0.9999943237420141E+00
                          0.9999943093402506E+00
                          0.9999942949110996E+00
                          0.9999942804545238E+00
                          0.9999942659704960E+00
                          0.9999942514589741E+00
                          0.9999942369199257E+00
                          0.9999942223533160E+00
                          0.9999942077591103E+00
                          0.9999941931372736E+00
                          0.9999941784877712E+00
                          0.9999941638105682E+00
                          0.9999941491056296E+00
                          0.9999941343729206E+00
                          0.9999941196124063E+00
                          0.9999941048240515E+00
                          0.9999940900078215E+00
                          0.9999940751636811E+00
                          0.9999940602915953E+00
                          0.9999940453915291E+00
                          0.9999940304634475E+00
                          0.9999940155073144E+00
                          0.9999940005230974E+00
                          0.9999939855107582E+00
                          0.9999939704702638E+00
                          0.9999939554015779E+00
                          0.9999939403046656E+00
                          0.9999939251794916E+00
                          0.9999939100260209E+00
                          0.9999938948442180E+00
                          0.9999938796340476E+00
                          0.9999938643954746E+00
                          0.9999938491284633E+00
                          0.9999938338329789E+00
                          0.9999938185089856E+00
                          0.9999938031564480E+00
                          0.9999937877753308E+00
                          0.9999937723655985E+00
                          0.9999937569272157E+00
                          0.9999937414601469E+00
                          0.9999937259643565E+00
                          0.9999937104398090E+00
                          0.9999936948864689E+00
                          0.9999936793043006E+00
                          0.9999936636932685E+00
                          0.9999936480533369E+00
                          0.9999936323844704E+00
                          0.9999936166866330E+00
                          0.9999936009597892E+00
                          0.9999935852039032E+00
                          0.9999935694189377E+00
                          0.9999935536048620E+00
                          0.9999935377616351E+00
                          0.9999935218892232E+00
                          0.9999935059875901E+00
                          0.9999934900567002E+00
                          0.9999934740965176E+00
                          0.9999934581070065E+00
                          0.9999934420881307E+00
                          0.9999934260398545E+00
                          0.9999934099621420E+00
                          0.9999933938549571E+00
                          0.9999933777182626E+00
                          0.9999933615520262E+00
                          0.9999933453562081E+00
                          0.9999933291307737E+00
                          0.9999933128756865E+00
                          0.9999932965909109E+00
                          0.9999932802764103E+00
                          0.9999932639321488E+00
                          0.9999932475580903E+00
                          0.9999932311541985E+00
                          0.9999932147204370E+00
                          0.9999931982567699E+00
                          0.9999931817631608E+00
                          0.9999931652395734E+00
                          0.9999931486859713E+00
                          0.9999931321023183E+00
                          0.9999931154885783E+00
                          0.9999930988447144E+00
                          0.9999930821706906E+00
                          0.9999930654664704E+00
                          0.9999930487320172E+00
                          0.9999930319672948E+00
                          0.9999930151722666E+00
                          0.9999929983468960E+00
                          0.9999929814911467E+00
                          0.9999929646049820E+00
                          0.9999929476883653E+00
                          0.9999929307412602E+00
                          0.9999929137636299E+00
                          0.9999928967554378E+00
                          0.9999928797166473E+00
                          0.9999928626472218E+00
                          0.9999928455471244E+00
                          0.9999928284163185E+00
                          0.9999928112547675E+00
                          0.9999927940624344E+00
                          0.9999927768392824E+00
                          0.9999927595852749E+00
                          0.9999927423003749E+00
                          0.9999927249845452E+00
                          0.9999927076377504E+00
                          0.9999926902599519E+00
                          0.9999926728511135E+00
                          0.9999926554111982E+00
                          0.9999926379401690E+00
                          0.9999926204379890E+00
                          0.9999926029046210E+00
                          0.9999925853400282E+00
                          0.9999925677441736E+00
                          0.9999925501170198E+00
                          0.9999925324585299E+00
                          0.9999925147686669E+00
                          0.9999924970473935E+00
                          0.9999924792946726E+00
                          0.9999924615104669E+00
                          0.9999924436947395E+00
                          0.9999924258474528E+00
                          0.9999924079685699E+00
                          0.9999923900580533E+00
                          0.9999923721158658E+00
                          0.9999923541419701E+00
                          0.9999923361363287E+00
                          0.9999923180989044E+00
                          0.9999923000296599E+00
                          0.9999922819285576E+00
                          0.9999922637955602E+00
                          0.9999922456306302E+00
                          0.9999922274337302E+00
                          0.9999922092048227E+00
                          0.9999921909438700E+00
                          0.9999921726508348E+00
                          0.9999921543256796E+00
                          0.9999921359683667E+00
                          0.9999921175788583E+00
                          0.9999920991571172E+00
                          0.9999920807031054E+00
                          0.9999920622167854E+00
                          0.9999920436981196E+00
                          0.9999920251470700E+00
                          0.9999920065635992E+00
                          0.9999919879476692E+00
                          0.9999919692992424E+00
                          0.9999919506182808E+00
                          0.9999919319047469E+00
                          0.9999919131586026E+00
                          0.9999918943798101E+00
                          0.9999918755683315E+00
                          0.9999918567241289E+00
                          0.9999918378471645E+00
                          0.9999918189374002E+00
                          0.9999917999947980E+00
                          0.9999917810193201E+00
                          0.9999917620109282E+00
                          0.9999917429695846E+00
                          0.9999917238952510E+00
                          0.9999917047878893E+00
                          0.9999916856474617E+00
                          0.9999916664739297E+00
                          0.9999916472672553E+00
                          0.9999916280274004E+00
                          0.9999916087543267E+00
                          0.9999915894479962E+00
                          0.9999915701083703E+00
                          0.9999915507354110E+00
                          0.9999915313290800E+00
                          0.9999915118893390E+00
                          0.9999914924161496E+00
                          0.9999914729094734E+00
                          0.9999914533692723E+00
                          0.9999914337955077E+00
                          0.9999914141881412E+00
                          0.9999913945471344E+00
                          0.9999913748724488E+00
                          0.9999913551640460E+00
                          0.9999913354218876E+00
                          0.9999913156459348E+00
                          0.9999912958361492E+00
                          0.9999912759924924E+00
                          0.9999912561149255E+00
                          0.9999912362034100E+00
                          0.9999912162579074E+00
                          0.9999911962783791E+00
                          0.9999911762647862E+00
                          0.9999911562170900E+00
                          0.9999911361352519E+00
                          0.9999911160192332E+00
                          0.9999910958689950E+00
                          0.9999910756844987E+00
                          0.9999910554657053E+00
                          0.9999910352125762E+00
                          0.9999910149250723E+00
                          0.9999909946031548E+00
                          0.9999909742467848E+00
                          0.9999909538559235E+00
                          0.9999909334305319E+00
                          0.9999909129705710E+00
                          0.9999908924760019E+00
                          0.9999908719467855E+00
                          0.9999908513828828E+00
                          0.9999908307842548E+00
                          0.9999908101508623E+00
                          0.9999907894826664E+00
                          0.9999907687796279E+00
                          0.9999907480417076E+00
                          0.9999907272688665E+00
                          0.9999907064610652E+00
                          0.9999906856182648E+00
                          0.9999906647404257E+00
                          0.9999906438275090E+00
                          0.9999906228794753E+00
                          0.9999906018962852E+00
                          0.9999905808778995E+00
                          0.9999905598242789E+00
                          0.9999905387353839E+00
                          0.9999905176111753E+00
                          0.9999904964516135E+00
                          0.9999904752566594E+00
                          0.9999904540262732E+00
                          0.9999904327604157E+00
                          0.9999904114590472E+00
                          0.9999903901221284E+00
                          0.9999903687496196E+00
                          0.9999903473414813E+00
                          0.9999903258976740E+00
                          0.9999903044181579E+00
                          0.9999902829028937E+00
                          0.9999902613518415E+00
                          0.9999902397649618E+00
                          0.9999902181422148E+00
                          0.9999901964835608E+00
                          0.9999901747889600E+00
                          0.9999901530583729E+00
                          0.9999901312917595E+00
                          0.9999901094890802E+00
                          0.9999900876502950E+00
                          0.9999900657753641E+00
                          0.9999900438642476E+00
                          0.9999900219169058E+00
                          0.9999899999332986E+00
                          0.9999899779133863E+00
                          0.9999899558571287E+00
                          0.9999899337644860E+00
                          0.9999899116354181E+00
                          0.9999898894698850E+00
                          0.9999898672678468E+00
                          0.9999898450292632E+00
                          0.9999898227540944E+00
                          0.9999898004423001E+00
                          0.9999897780938403E+00
                          0.9999897557086747E+00
                          0.9999897332867632E+00
                          0.9999897108280656E+00
                          0.9999896883325419E+00
                          0.9999896658001516E+00
                          0.9999896432308545E+00
                          0.9999896206246103E+00
                          0.9999895979813789E+00
                          0.9999895753011196E+00
                          0.9999895525837925E+00
                          0.9999895298293571E+00
                          0.9999895070377728E+00
                          0.9999894842089992E+00
                          0.9999894613429962E+00
                          0.9999894384397231E+00
                          0.9999894154991394E+00
                          0.9999893925212048E+00
                          0.9999893695058786E+00
                          0.9999893464531202E+00
                          0.9999893233628893E+00
                          0.9999893002351451E+00
                          0.9999892770698470E+00
                          0.9999892538669545E+00
                          0.9999892306264269E+00
                          0.9999892073482235E+00
                          0.9999891840323035E+00
                          0.9999891606786264E+00
                          0.9999891372871513E+00
                          0.9999891138578376E+00
                          0.9999890903906443E+00
                          0.9999890668855308E+00
                          0.9999890433424561E+00
                          0.9999890197613794E+00
                          0.9999889961422600E+00
                          0.9999889724850568E+00
                          0.9999889487897289E+00
                          0.9999889250562355E+00
                          0.9999889012845355E+00
                          0.9999888774745881E+00
                          0.9999888536263520E+00
                          0.9999888297397865E+00
                          0.9999888058148504E+00
                          0.9999887818515026E+00
                          0.9999887578497021E+00
                          0.9999887338094077E+00
                          0.9999887097305783E+00
                          0.9999886856131727E+00
                          0.9999886614571498E+00
                          0.9999886372624684E+00
                          0.9999886130290873E+00
                          0.9999885887569652E+00
                          0.9999885644460608E+00
                          0.9999885400963328E+00
                          0.9999885157077399E+00
                          0.9999884912802410E+00
                          0.9999884668137945E+00
                          0.9999884423083590E+00
                          0.9999884177638932E+00
                          0.9999883931803558E+00
                          0.9999883685577051E+00
                          0.9999883438958997E+00
                          0.9999883191948984E+00
                          0.9999882944546593E+00
                          0.9999882696751411E+00
                          0.9999882448563022E+00
                          0.9999882199981009E+00
                          0.9999881951004959E+00
                          0.9999881701634453E+00
                          0.9999881451869076E+00
                          0.9999881201708412E+00
                          0.9999880951152041E+00
                          0.9999880700199549E+00
                          0.9999880448850519E+00
                          0.9999880197104531E+00
                          0.9999879944961170E+00
                          0.9999879692420016E+00
                          0.9999879439480652E+00
                          0.9999879186142659E+00
                          0.9999878932405619E+00
                          0.9999878678269113E+00
                          0.9999878423732721E+00
                          0.9999878168796025E+00
                          0.9999877913458606E+00
                          0.9999877657720042E+00
                          0.9999877401579916E+00
                          0.9999877145037805E+00
                          0.9999876888093292E+00
                          0.9999876630745953E+00
                          0.9999876372995369E+00
                          0.9999876114841120E+00
                          0.9999875856282782E+00
                          0.9999875597319935E+00
                          0.9999875337952159E+00
                          0.9999875078179029E+00
                          0.9999874818000125E+00
                          0.9999874557415024E+00
                          0.9999874296423304E+00
                          0.9999874035024542E+00
                          0.9999873773218314E+00
                          0.9999873511004199E+00
                          0.9999873248381771E+00
                          0.9999872985350609E+00
                          0.9999872721910287E+00
                          0.9999872458060380E+00
                          0.9999872193800468E+00
                          0.9999871929130123E+00
                          0.9999871664048920E+00
                          0.9999871398556437E+00
                          0.9999871132652246E+00
                          0.9999870866335923E+00
                          0.9999870599607041E+00
                          0.9999870332465177E+00
                          0.9999870064909903E+00
                          0.9999869796940791E+00
                          0.9999869528557418E+00
                          0.9999869259759355E+00
                          0.9999868990546176E+00
                          0.9999868720917453E+00
                          0.9999868450872760E+00
                          0.9999868180411668E+00
                          0.9999867909533751E+00
                          0.9999867638238578E+00
                          0.9999867366525723E+00
                          0.9999867094394758E+00
                          0.9999866821845252E+00
                          0.9999866548876779E+00
                          0.9999866275488908E+00
                          0.9999866001681210E+00
                          0.9999865727453255E+00
                          0.9999865452804614E+00
                          0.9999865177734857E+00
                          0.9999864902243553E+00
                          0.9999864626330272E+00
                          0.9999864349994583E+00
                          0.9999864073236056E+00
                          0.9999863796054258E+00
                          0.9999863518448761E+00
                          0.9999863240419130E+00
                          0.9999862961964936E+00
                          0.9999862683085745E+00
                          0.9999862403781126E+00
                          0.9999862124050645E+00
                          0.9999861843893871E+00
                          0.9999861563310372E+00
                          0.9999861282299711E+00
                          0.9999861000861460E+00
                          0.9999860718995180E+00
                          0.9999860436700442E+00
                          0.9999860153976809E+00
                          0.9999859870823850E+00
                          0.9999859587241126E+00
                          0.9999859303228206E+00
                          0.9999859018784654E+00
                          0.9999858733910034E+00
                          0.9999858448603912E+00
                          0.9999858162865852E+00
                          0.9999857876695419E+00
                          0.9999857590092177E+00
                          0.9999857303055689E+00
                          0.9999857015585519E+00
                          0.9999856727681231E+00
                          0.9999856439342387E+00
                          0.9999856150568551E+00
                          0.9999855861359285E+00
                          0.9999855571714151E+00
                          0.9999855281632714E+00
                          0.9999854991114533E+00
                          0.9999854700159172E+00
                          0.9999854408766191E+00
                          0.9999854116935153E+00
                          0.9999853824665618E+00
