 Downwards broadband flux at each level [W/m2]
      102.9415
       77.6599
       58.3408
       43.8746
       33.4357
       26.3189
       21.9474
       19.2968
       17.4635
       15.9800
       14.7785
       13.8042
       12.9612
       12.2556
       11.6644
       11.1872
       10.7919
       10.4512
       10.1497
        9.8642
        9.5678
        9.2294
        8.8272
        8.3821
        7.8968
        7.3852
        6.8656
        6.3520
        5.8613
        5.4109
        5.0262
        4.6894
        4.3964
        4.1063
        3.7727
        3.3802
        2.9280
        2.4430
        1.9672
        1.5438
        1.1916
        0.8942
        0.6397
        0.4351
        0.2745
        0.1516
        0.0778
        0.0378
        0.0154
        0.0039
        0.0000
