 Upwards broadband flux at each level [W/m2]
      184.0776
      174.9736
      166.4814
      159.7119
      154.4330
      150.3101
      147.2805
      145.4007
      144.2413
      143.4128
      142.7559
      142.2838
      141.9269
      141.6586
      141.4979
      141.4309
      141.4626
      141.5563
      141.6997
      141.8705
      142.0365
      142.1536
      142.1982
      142.1870
      142.1264
      142.0134
      141.8636
      141.6879
      141.5000
      141.3180
      141.1680
      141.0667
      141.0046
      140.9839
      140.9651
      140.9212
      140.8397
      140.7130
      140.5560
      140.3964
      140.2644
      140.1697
      140.0985
      140.0467
      140.0231
      140.0212
      140.0217
      140.0139
      140.0018
      139.9985
      139.9981
