 Spectral outgoing longwave flux [W/m2/cm^-1]
  0.6187E-05
  0.3117E-04
  0.7502E-04
  0.1373E-03
  0.2167E-03
  0.3158E-03
  0.4310E-03
  0.5629E-03
  0.7082E-03
  0.8700E-03
  0.1050E-02
  0.1225E-02
  0.1442E-02
  0.1639E-02
  0.1573E-02
  0.2106E-02
  0.2401E-02
  0.2684E-02
  0.2952E-02
  0.3045E-02
  0.3506E-02
  0.3885E-02
  0.4219E-02
  0.4544E-02
  0.4862E-02
  0.5078E-02
  0.5447E-02
  0.5860E-02
  0.5995E-02
  0.5999E-02
  0.6283E-02
  0.7197E-02
  0.6899E-02
  0.8249E-02
  0.8715E-02
  0.9149E-02
  0.9499E-02
  0.9451E-02
  0.1043E-01
  0.1092E-01
  0.1139E-01
  0.1179E-01
  0.1140E-01
  0.1235E-01
  0.1242E-01
  0.1194E-01
  0.1401E-01
  0.1431E-01
  0.1525E-01
  0.1479E-01
  0.1612E-01
  0.1678E-01
  0.1746E-01
  0.1768E-01
  0.1837E-01
  0.1900E-01
  0.1952E-01
  0.1903E-01
  0.2010E-01
  0.2103E-01
  0.2161E-01
  0.2240E-01
  0.2284E-01
  0.2166E-01
  0.2399E-01
  0.2378E-01
  0.2562E-01
  0.2627E-01
  0.2677E-01
  0.2692E-01
  0.2709E-01
  0.2816E-01
  0.2920E-01
  0.2863E-01
  0.3025E-01
  0.3133E-01
  0.3063E-01
  0.3269E-01
  0.3263E-01
  0.3323E-01
  0.3380E-01
  0.3536E-01
  0.3606E-01
  0.3523E-01
  0.3675E-01
  0.3819E-01
  0.3931E-01
  0.3993E-01
  0.3815E-01
  0.4135E-01
  0.4251E-01
  0.4337E-01
  0.4408E-01
  0.4459E-01
  0.4517E-01
  0.4448E-01
  0.4586E-01
  0.4515E-01
  0.4810E-01
  0.4903E-01
  0.4877E-01
  0.4695E-01
  0.5021E-01
  0.5246E-01
  0.5247E-01
  0.5031E-01
  0.5158E-01
  0.5573E-01
  0.5679E-01
  0.5758E-01
  0.5591E-01
  0.5284E-01
  0.5675E-01
  0.6109E-01
  0.6255E-01
  0.6341E-01
  0.6404E-01
  0.6323E-01
  0.6075E-01
  0.6071E-01
  0.6011E-01
  0.6537E-01
  0.6025E-01
  0.6918E-01
  0.7056E-01
  0.6848E-01
  0.7064E-01
  0.7436E-01
  0.7610E-01
  0.7706E-01
  0.7800E-01
  0.7905E-01
  0.7673E-01
  0.7800E-01
  0.7498E-01
  0.7253E-01
  0.7388E-01
  0.8061E-01
  0.6711E-01
  0.8384E-01
  0.7127E-01
  0.7506E-01
  0.8307E-01
  0.8940E-01
  0.8540E-01
  0.9091E-01
  0.8006E-01
  0.9399E-01
  0.9534E-01
  0.9268E-01
  0.8495E-01
  0.9777E-01
  0.1006E+00
  0.1011E+00
  0.8194E-01
  0.9791E-01
  0.9829E-01
  0.9782E-01
  0.1037E+00
  0.1022E+00
  0.9782E-01
  0.8428E-01
  0.9127E-01
  0.1021E+00
  0.1056E+00
  0.1020E+00
  0.8568E-01
  0.1055E+00
  0.1065E+00
  0.1100E+00
  0.1080E+00
  0.1049E+00
  0.1188E+00
  0.1214E+00
  0.1218E+00
  0.1197E+00
  0.1091E+00
  0.1084E+00
  0.1049E+00
  0.1174E+00
  0.1001E+00
  0.1036E+00
  0.1080E+00
  0.1218E+00
  0.1228E+00
  0.1276E+00
  0.1245E+00
  0.1365E+00
  0.1385E+00
  0.1399E+00
  0.1409E+00
  0.1415E+00
  0.1413E+00
  0.1401E+00
  0.1358E+00
  0.1240E+00
  0.1161E+00
  0.1198E+00
  0.1199E+00
  0.1336E+00
  0.1202E+00
  0.1327E+00
  0.1111E+00
  0.1237E+00
  0.1315E+00
  0.1443E+00
  0.1511E+00
  0.1546E+00
  0.1568E+00
  0.1580E+00
  0.1553E+00
  0.1547E+00
  0.1232E+00
  0.1531E+00
  0.1614E+00
  0.1638E+00
  0.1644E+00
  0.1634E+00
  0.1626E+00
  0.1578E+00
  0.1214E+00
  0.1414E+00
  0.1067E+00
  0.1430E+00
  0.1441E+00
  0.1087E+00
  0.1485E+00
  0.1472E+00
  0.1668E+00
  0.1673E+00
  0.1550E+00
  0.1353E+00
  0.1587E+00
  0.1746E+00
  0.1787E+00
  0.1801E+00
  0.1804E+00
  0.1795E+00
  0.1517E+00
  0.1735E+00
  0.1628E+00
  0.1462E+00
  0.1421E+00
  0.1653E+00
  0.1729E+00
  0.1856E+00
  0.1878E+00
  0.1841E+00
  0.1915E+00
  0.1914E+00
  0.1875E+00
  0.1326E+00
  0.1842E+00
  0.1936E+00
  0.1952E+00
  0.1943E+00
  0.1899E+00
  0.1792E+00
  0.1233E+00
  0.1710E+00
  0.1805E+00
  0.1505E+00
  0.1683E+00
  0.1909E+00
  0.1975E+00
  0.1988E+00
  0.1926E+00
  0.1543E+00
  0.1815E+00
  0.1986E+00
  0.2034E+00
  0.1947E+00
  0.1846E+00
  0.2019E+00
  0.1872E+00
  0.2079E+00
  0.1956E+00
  0.2076E+00
  0.1957E+00
  0.1222E+00
  0.1862E+00
  0.1741E+00
  0.1846E+00
  0.1659E+00
  0.1988E+00
  0.1190E+00
  0.1565E+00
  0.2122E+00
  0.2168E+00
  0.2179E+00
  0.2196E+00
  0.2206E+00
  0.2209E+00
  0.2204E+00
  0.2159E+00
  0.1709E+00
  0.2127E+00
  0.2178E+00
  0.2095E+00
  0.1810E+00
  0.1768E+00
  0.2167E+00
  0.1865E+00
  0.2251E+00
  0.2240E+00
  0.2249E+00
  0.2065E+00
  0.1441E+00
  0.2098E+00
  0.2259E+00
  0.2283E+00
  0.2206E+00
  0.2292E+00
  0.2282E+00
  0.2196E+00
  0.2135E+00
  0.1954E+00
  0.1349E+00
  0.2032E+00
  0.2136E+00
  0.2246E+00
  0.2312E+00
  0.2327E+00
  0.2332E+00
  0.2336E+00
  0.2343E+00
  0.2346E+00
  0.2348E+00
  0.2350E+00
  0.2348E+00
  0.2345E+00
  0.2312E+00
  0.2305E+00
  0.2147E+00
  0.1344E+00
  0.1419E+00
  0.2196E+00
  0.2276E+00
  0.2254E+00
  0.2315E+00
  0.2270E+00
  0.2365E+00
  0.2373E+00
  0.2371E+00
  0.1900E+00
  0.2370E+00
  0.2385E+00
  0.2016E+00
  0.2342E+00
  0.2384E+00
  0.2391E+00
  0.2385E+00
  0.2321E+00
  0.1973E+00
  0.2139E+00
  0.2385E+00
  0.2373E+00
  0.2352E+00
  0.2402E+00
  0.2395E+00
  0.2398E+00
  0.2348E+00
  0.2358E+00
  0.2381E+00
  0.2331E+00
  0.2032E+00
  0.2180E+00
  0.2366E+00
  0.2379E+00
  0.2402E+00
  0.2378E+00
  0.2411E+00
  0.2401E+00
  0.2398E+00
  0.2370E+00
  0.2394E+00
  0.2357E+00
  0.1802E+00
  0.2239E+00
  0.2393E+00
  0.2402E+00
  0.2410E+00
  0.2412E+00
  0.2411E+00
  0.2212E+00
  0.2395E+00
  0.2216E+00
  0.2340E+00
  0.2287E+00
  0.2408E+00
  0.2410E+00
  0.2406E+00
  0.2391E+00
  0.2212E+00
  0.2402E+00
  0.2407E+00
  0.2407E+00
  0.2402E+00
  0.2403E+00
  0.2391E+00
  0.2373E+00
  0.1552E+00
  0.2365E+00
  0.2381E+00
  0.2347E+00
  0.2195E+00
  0.2333E+00
  0.2381E+00
  0.2374E+00
  0.2365E+00
  0.2384E+00
  0.2372E+00
  0.2334E+00
  0.2244E+00
  0.2319E+00
  0.2006E+00
  0.2346E+00
  0.2368E+00
  0.2364E+00
  0.2328E+00
  0.1682E+00
  0.2049E+00
  0.2325E+00
  0.2349E+00
  0.2353E+00
  0.2334E+00
  0.2081E+00
  0.2260E+00
  0.2157E+00
  0.2336E+00
  0.2335E+00
  0.2278E+00
  0.2020E+00
  0.2314E+00
  0.2250E+00
  0.1158E+00
  0.1803E+00
  0.2176E+00
  0.2280E+00
  0.1650E+00
  0.2252E+00
  0.2241E+00
  0.2280E+00
  0.2149E+00
  0.1816E+00
  0.2216E+00
  0.2261E+00
  0.2180E+00
  0.1917E+00
  0.2158E+00
  0.2024E+00
  0.2082E+00
  0.1942E+00
  0.1694E+00
  0.1984E+00
  0.1644E+00
  0.1938E+00
  0.1722E+00
  0.1900E+00
  0.1355E+00
  0.9903E-01
  0.1770E+00
  0.1710E+00
  0.1167E+00
  0.1051E+00
  0.1116E+00
  0.1305E+00
  0.1313E+00
  0.1033E+00
  0.7017E-01
  0.9883E-01
  0.1090E+00
  0.8725E-01
  0.8565E-01
  0.8248E-01
  0.8597E-01
  0.8455E-01
  0.7836E-01
  0.8161E-01
  0.8146E-01
  0.8090E-01
  0.8348E-01
  0.8068E-01
  0.8045E-01
  0.8043E-01
  0.7884E-01
  0.8028E-01
  0.7908E-01
  0.7547E-01
  0.7877E-01
  0.7832E-01
  0.7809E-01
  0.7781E-01
  0.5204E-01
  0.7793E-01
  0.7695E-01
  0.7654E-01
  0.7411E-01
  0.7653E-01
  0.7608E-01
  0.7619E-01
  0.6887E-01
  0.7094E-01
  0.7065E-01
  0.7350E-01
  0.6749E-01
  0.5957E-01
  0.6207E-01
  0.4651E-01
  0.6753E-01
  0.6344E-01
  0.4185E-01
  0.6152E-01
  0.5634E-01
  0.5963E-01
  0.6033E-01
  0.5211E-01
  0.3960E-01
  0.3834E-01
  0.2232E-01
  0.5450E-01
  0.5021E-01
  0.3959E-01
  0.4293E-01
  0.5080E-01
  0.5178E-01
  0.4953E-01
  0.4228E-01
  0.3754E-01
  0.4283E-01
  0.4988E-01
  0.3576E-01
  0.3412E-01
  0.3473E-01
  0.3590E-01
  0.3477E-01
  0.4095E-01
  0.4655E-01
  0.4700E-01
  0.3973E-01
  0.3348E-01
  0.4021E-01
  0.4690E-01
  0.4714E-01
  0.4061E-01
  0.3267E-01
  0.4549E-01
  0.4773E-01
  0.4819E-01
  0.3959E-01
  0.4219E-01
  0.5072E-01
  0.5175E-01
  0.4957E-01
  0.3109E-01
  0.5208E-01
  0.5541E-01
  0.5479E-01
  0.4880E-01
  0.5390E-01
  0.5639E-01
  0.5910E-01
  0.5694E-01
  0.5458E-01
  0.5899E-01
  0.5665E-01
  0.5825E-01
  0.5169E-01
  0.5583E-01
  0.5757E-01
  0.5701E-01
  0.5723E-01
  0.5388E-01
  0.5610E-01
  0.5619E-01
  0.4313E-01
  0.5123E-01
  0.5429E-01
  0.5479E-01
  0.5540E-01
  0.5542E-01
  0.5417E-01
  0.3133E-01
  0.5378E-01
  0.5390E-01
  0.5215E-01
  0.5288E-01
  0.5293E-01
  0.5303E-01
  0.5266E-01
  0.5043E-01
  0.5177E-01
  0.5109E-01
  0.3861E-01
  0.5130E-01
  0.5538E-01
  0.6249E-01
  0.6003E-01
  0.5202E-01
  0.4911E-01
  0.4948E-01
  0.7434E-01
  0.8642E-01
  0.8005E-01
  0.5697E-01
  0.4801E-01
  0.8009E-01
  0.1125E+00
  0.1236E+00
  0.1264E+00
  0.1047E+00
  0.6739E-01
  0.8927E-01
  0.1372E+00
  0.1467E+00
  0.1328E+00
  0.8427E-01
  0.1433E+00
  0.1268E+00
  0.1548E+00
  0.1475E+00
  0.8444E-01
  0.1207E+00
  0.1518E+00
  0.1517E+00
  0.1441E+00
  0.9016E-01
  0.1496E+00
  0.1487E+00
  0.1499E+00
  0.1495E+00
  0.1337E+00
  0.1070E+00
  0.6738E-01
  0.1312E+00
  0.1488E+00
  0.1487E+00
  0.1476E+00
  0.1063E+00
  0.1304E+00
  0.1472E+00
  0.1492E+00
  0.1437E+00
  0.1115E+00
  0.1262E+00
  0.1465E+00
  0.1481E+00
  0.1458E+00
  0.1265E+00
  0.1290E+00
  0.1464E+00
  0.1477E+00
  0.1469E+00
  0.1383E+00
  0.1356E+00
  0.1462E+00
  0.1469E+00
  0.1465E+00
  0.1433E+00
  0.1416E+00
  0.1455E+00
  0.1450E+00
  0.1353E+00
  0.1419E+00
  0.1431E+00
  0.1435E+00
  0.1430E+00
  0.1428E+00
  0.1413E+00
  0.1418E+00
  0.1413E+00
  0.1400E+00
  0.1401E+00
  0.1400E+00
  0.1397E+00
  0.1392E+00
  0.1385E+00
  0.1383E+00
  0.1381E+00
  0.1371E+00
  0.1371E+00
  0.1354E+00
  0.1363E+00
  0.1358E+00
  0.1347E+00
  0.1343E+00
  0.1343E+00
  0.1342E+00
  0.1337E+00
  0.1329E+00
  0.1317E+00
  0.1318E+00
  0.1320E+00
  0.1316E+00
  0.1312E+00
  0.1308E+00
  0.1301E+00
  0.1298E+00
  0.1295E+00
  0.1291E+00
  0.1286E+00
  0.1282E+00
  0.1272E+00
  0.1274E+00
  0.1268E+00
  0.1258E+00
  0.1260E+00
  0.1254E+00
  0.1234E+00
  0.1246E+00
  0.1241E+00
  0.1230E+00
  0.1232E+00
  0.1231E+00
  0.1224E+00
  0.1220E+00
  0.1218E+00
  0.1213E+00
  0.1179E+00
  0.1206E+00
  0.1198E+00
  0.1188E+00
  0.1187E+00
  0.1174E+00
  0.1177E+00
  0.1179E+00
  0.1153E+00
  0.1168E+00
  0.1166E+00
  0.1152E+00
  0.1158E+00
  0.1092E+00
  0.1149E+00
  0.1079E+00
  0.1115E+00
  0.1121E+00
  0.1126E+00
  0.1097E+00
  0.1122E+00
  0.1056E+00
  0.1111E+00
  0.1064E+00
  0.1075E+00
  0.1095E+00
  0.9031E-01
  0.1077E+00
  0.1079E+00
  0.6527E-01
  0.1013E+00
  0.1051E+00
  0.7337E-01
  0.1049E+00
  0.1030E+00
  0.4270E-01
  0.1024E+00
  0.1022E+00
  0.6731E-01
  0.9757E-01
  0.1009E+00
  0.9567E-01
  0.5909E-01
  0.9888E-01
  0.9958E-01
  0.9260E-01
  0.6382E-01
  0.9880E-01
  0.9965E-01
  0.9961E-01
  0.1004E+00
  0.9966E-01
  0.9593E-01
  0.6058E-01
  0.7561E-01
  0.9097E-01
  0.9349E-01
  0.9314E-01
  0.9228E-01
  0.8993E-01
  0.8602E-01
  0.8039E-01
  0.7379E-01
  0.6904E-01
  0.6945E-01
  0.7542E-01
  0.8306E-01
  0.8853E-01
  0.9141E-01
  0.9226E-01
  0.9280E-01
  0.9204E-01
  0.8112E-01
  0.9180E-01
  0.9108E-01
  0.9167E-01
  0.9190E-01
  0.9138E-01
  0.9130E-01
  0.9098E-01
  0.9051E-01
  0.9045E-01
  0.9006E-01
  0.8917E-01
  0.8939E-01
  0.8904E-01
  0.8640E-01
  0.8834E-01
  0.8802E-01
  0.8744E-01
  0.8661E-01
  0.8516E-01
  0.8669E-01
  0.8612E-01
  0.8510E-01
  0.8561E-01
  0.8487E-01
  0.8463E-01
  0.7399E-01
  0.8418E-01
  0.8328E-01
  0.8298E-01
  0.8281E-01
  0.5426E-01
  0.8105E-01
  0.7705E-01
  0.7662E-01
  0.7788E-01
  0.6212E-01
  0.7560E-01
  0.7826E-01
  0.4641E-01
  0.7761E-01
  0.7544E-01
  0.5946E-01
  0.7558E-01
  0.7238E-01
  0.5337E-01
  0.7401E-01
  0.7132E-01
  0.2355E-01
  0.7107E-01
  0.7110E-01
  0.4604E-01
  0.6266E-01
  0.7077E-01
  0.6758E-01
  0.2357E-01
  0.6518E-01
  0.6854E-01
  0.6964E-01
  0.6428E-01
  0.7191E-01
  0.7033E-01
  0.3848E-01
  0.5391E-01
  0.6459E-01
  0.6605E-01
  0.6528E-01
  0.6337E-01
  0.5804E-01
  0.4825E-01
  0.3276E-01
  0.2003E-01
  0.1426E-01
  0.1371E-01
  0.1587E-01
  0.2696E-01
  0.4575E-01
  0.5807E-01
  0.6302E-01
  0.6452E-01
  0.6435E-01
  0.6131E-01
  0.5647E-01
  0.6203E-01
  0.6578E-01
  0.6348E-01
  0.6628E-01
  0.6393E-01
  0.6474E-01
  0.6556E-01
  0.6531E-01
  0.6517E-01
  0.6495E-01
  0.6473E-01
  0.6444E-01
  0.6421E-01
  0.6396E-01
  0.6370E-01
  0.6339E-01
  0.6317E-01
  0.6291E-01
  0.6265E-01
  0.6239E-01
  0.6213E-01
  0.6187E-01
  0.6161E-01
  0.6095E-01
  0.6109E-01
  0.6084E-01
  0.6058E-01
  0.6033E-01
  0.6008E-01
  0.5982E-01
  0.5956E-01
  0.5932E-01
  0.5907E-01
  0.5881E-01
  0.5853E-01
  0.5812E-01
  0.5729E-01
  0.5782E-01
  0.5758E-01
  0.5734E-01
  0.5710E-01
  0.5685E-01
  0.5661E-01
  0.5637E-01
  0.5613E-01
  0.5588E-01
  0.5561E-01
  0.5539E-01
  0.5480E-01
  0.5494E-01
  0.5470E-01
  0.5447E-01
  0.5424E-01
  0.5400E-01
  0.5377E-01
  0.5354E-01
  0.5331E-01
  0.5306E-01
  0.5271E-01
  0.5254E-01
  0.5239E-01
  0.5217E-01
  0.5194E-01
  0.5171E-01
  0.5148E-01
  0.5094E-01
  0.5050E-01
  0.5080E-01
  0.5060E-01
  0.5033E-01
  0.5016E-01
  0.4993E-01
  0.4973E-01
  0.4951E-01
  0.4929E-01
  0.4902E-01
  0.4847E-01
  0.4863E-01
  0.4843E-01
  0.4813E-01
  0.4801E-01
  0.4777E-01
  0.4759E-01
  0.4736E-01
  0.4713E-01
  0.4681E-01
  0.4674E-01
  0.4655E-01
  0.4634E-01
  0.4613E-01
  0.4593E-01
  0.4563E-01
  0.4551E-01
  0.4525E-01
  0.4509E-01
  0.4419E-01
  0.4237E-01
  0.4445E-01
  0.4414E-01
  0.4407E-01
  0.4362E-01
  0.4188E-01
  0.4348E-01
  0.4305E-01
  0.4193E-01
  0.4283E-01
  0.4122E-01
  0.3958E-01
  0.4203E-01
  0.4196E-01
  0.3715E-01
  0.4126E-01
  0.4119E-01
  0.3750E-01
  0.4016E-01
  0.3981E-01
  0.3766E-01
  0.3845E-01
  0.3939E-01
  0.3765E-01
  0.3361E-01
  0.3788E-01
  0.3725E-01
  0.1895E-01
  0.3661E-01
  0.3706E-01
  0.1911E-01
  0.3476E-01
  0.3638E-01
  0.3216E-01
  0.3386E-01
  0.3706E-01
  0.3622E-01
  0.3337E-01
  0.3593E-01
  0.3610E-01
  0.1482E-01
  0.3521E-01
  0.3525E-01
  0.2753E-01
  0.3224E-01
  0.3366E-01
  0.2813E-01
  0.2384E-01
  0.3289E-01
  0.3362E-01
  0.1683E-01
  0.3286E-01
  0.3411E-01
  0.3183E-01
  0.2807E-01
  0.3366E-01
  0.3364E-01
  0.2248E-01
  0.3335E-01
  0.3330E-01
  0.2361E-01
  0.3204E-01
  0.3325E-01
  0.3315E-01
  0.3242E-01
  0.3282E-01
  0.3276E-01
  0.3269E-01
  0.3212E-01
  0.3252E-01
  0.3239E-01
  0.3195E-01
  0.3207E-01
  0.3196E-01
  0.3169E-01
  0.3157E-01
  0.3130E-01
  0.3068E-01
  0.3111E-01
  0.3090E-01
  0.2175E-01
  0.2059E-01
  0.2835E-01
  0.2952E-01
  0.2874E-01
  0.2461E-01
  0.2455E-01
  0.2912E-01
  0.2952E-01
  0.2924E-01
  0.2922E-01
  0.2803E-01
  0.2906E-01
  0.2874E-01
  0.2411E-01
  0.2850E-01
  0.2836E-01
  0.2784E-01
  0.2574E-01
  0.2669E-01
  0.2673E-01
  0.1464E-01
  0.2122E-01
  0.2366E-01
  0.2656E-01
  0.2649E-01
  0.2464E-01
  0.2290E-01
  0.2549E-01
  0.2524E-01
  0.2068E-01
  0.2243E-01
  0.2436E-01
  0.2434E-01
  0.5510E-02
  0.2342E-01
  0.2441E-01
  0.2134E-01
  0.1968E-01
  0.9288E-02
  0.1647E-01
  0.4473E-02
  0.2346E-01
  0.2381E-01
  0.2169E-01
  0.6955E-02
  0.2206E-01
  0.2068E-01
  0.1796E-01
  0.9539E-02
  0.1129E-01
  0.1663E-01
  0.2109E-01
  0.1990E-01
  0.1547E-01
  0.2195E-01
  0.2122E-01
  0.1646E-01
  0.2168E-01
  0.1820E-01
  0.7789E-02
  0.1965E-01
  0.1881E-01
  0.1987E-01
  0.2069E-01
  0.1601E-01
  0.1232E-01
  0.1448E-01
  0.1564E-01
  0.1401E-01
  0.1533E-01
  0.1924E-01
  0.2025E-01
  0.1929E-01
  0.6704E-02
  0.1867E-01
  0.2003E-01
  0.1998E-01
  0.1504E-01
  0.1961E-01
  0.1916E-01
  0.1960E-01
  0.1803E-01
  0.1004E-01
  0.9835E-02
  0.1003E-01
  0.8651E-02
  0.1627E-01
  0.1734E-01
  0.5472E-02
  0.1623E-01
  0.1811E-01
  0.1809E-01
  0.1665E-01
  0.3573E-02
  0.1637E-01
  0.1690E-01
  0.1245E-01
  0.1523E-01
  0.9073E-02
  0.9003E-02
  0.1525E-01
  0.1648E-01
  0.1708E-01
  0.1719E-01
  0.1713E-01
  0.1669E-01
  0.1527E-01
  0.1156E-01
  0.1266E-01
  0.1570E-01
  0.1532E-01
  0.1329E-01
  0.1410E-01
  0.1065E-01
  0.7065E-02
  0.6096E-02
  0.7166E-02
  0.1121E-01
  0.1380E-01
  0.1383E-01
  0.1183E-01
  0.1297E-02
  0.1165E-01
  0.1352E-01
  0.1390E-01
  0.1281E-01
  0.9105E-02
  0.5412E-02
  0.3447E-02
  0.1116E-01
  0.1864E-02
  0.1240E-01
  0.1374E-01
  0.1373E-01
  0.6060E-02
  0.1331E-01
  0.1359E-01
  0.1265E-01
  0.6079E-02
  0.1851E-02
  0.9884E-02
  0.2847E-02
  0.6295E-02
  0.1148E-01
  0.1166E-01
  0.9858E-02
  0.1959E-02
  0.8557E-02
  0.3125E-02
  0.9315E-02
  0.8907E-02
  0.1025E-01
  0.9204E-02
  0.5480E-02
  0.4197E-02
  0.3237E-02
  0.2916E-02
  0.5090E-02
  0.9426E-02
  0.3421E-02
  0.1005E-01
  0.4293E-02
  0.5861E-02
  0.1263E-02
  0.8180E-02
  0.5001E-02
  0.1526E-02
  0.3773E-02
  0.5008E-02
  0.4961E-02
  0.6785E-02
  0.3576E-02
  0.2962E-02
  0.9449E-02
  0.8523E-02
  0.7224E-02
  0.3540E-02
  0.7184E-02
  0.7914E-02
  0.6660E-02
  0.2811E-02
  0.2992E-02
  0.4509E-02
  0.2568E-02
  0.4384E-02
  0.3840E-02
  0.7347E-02
  0.8748E-02
  0.8550E-02
  0.5292E-02
  0.8072E-02
  0.7881E-02
  0.5463E-02
  0.4720E-02
  0.5783E-02
  0.1331E-02
  0.1126E-02
  0.2125E-02
  0.4676E-02
  0.6924E-02
  0.7082E-02
  0.1022E-02
  0.7460E-02
  0.7731E-02
  0.4437E-02
  0.1311E-02
  0.6778E-02
  0.7679E-02
  0.7166E-02
  0.5127E-02
  0.7004E-03
  0.4589E-02
  0.7147E-02
  0.8180E-02
  0.8618E-02
  0.8022E-02
  0.8954E-02
  0.9061E-02
  0.9096E-02
  0.9022E-02
  0.9031E-02
  0.7656E-02
  0.8713E-02
  0.8701E-02
  0.8442E-02
  0.7298E-02
  0.5179E-02
  0.8686E-02
  0.8748E-02
  0.8640E-02
  0.3684E-02
  0.8082E-02
  0.6974E-02
  0.8349E-02
  0.8005E-02
  0.5199E-02
  0.7360E-02
  0.5064E-02
  0.7681E-02
  0.7439E-02
  0.6869E-02
  0.5477E-02
  0.2373E-02
  0.2857E-02
  0.5542E-02
  0.6395E-02
  0.6312E-02
  0.3882E-02
  0.9314E-03
  0.5620E-02
  0.6227E-02
  0.3566E-02
  0.5231E-02
  0.6561E-02
  0.6548E-02
  0.6104E-02
  0.4888E-02
  0.6535E-03
  0.2369E-02
  0.1396E-02
  0.5217E-02
  0.5652E-02
  0.6104E-02
  0.2916E-02
  0.5536E-02
  0.3983E-02
  0.1151E-02
  0.5503E-03
  0.2867E-02
  0.4369E-02
  0.3326E-02
  0.3859E-03
  0.1282E-02
  0.2484E-02
  0.4359E-02
  0.4975E-02
  0.5553E-02
  0.5581E-02
  0.4454E-02
  0.2322E-02
  0.3889E-02
  0.5290E-02
  0.5379E-02
  0.4749E-02
  0.2683E-02
  0.2484E-02
  0.2562E-02
  0.3448E-02
  0.4415E-02
  0.1549E-02
  0.3262E-02
  0.4752E-02
  0.5001E-02
  0.2393E-02
  0.4135E-02
  0.3270E-02
  0.1923E-02
  0.4521E-03
  0.3200E-02
  0.4183E-02
  0.3491E-02
  0.2621E-02
  0.4640E-02
  0.4334E-02
  0.3747E-02
  0.2421E-02
  0.9413E-03
  0.1772E-02
  0.2730E-02
  0.2888E-03
  0.6581E-03
  0.3448E-02
  0.3484E-02
  0.2659E-02
  0.1086E-02
  0.3165E-02
  0.4596E-02
  0.3323E-02
  0.4632E-02
  0.4456E-02
  0.3053E-02
  0.1674E-02
  0.2985E-02
  0.3446E-03
  0.4818E-03
  0.3709E-02
  0.4427E-02
  0.4632E-02
  0.2913E-02
  0.4809E-02
  0.4796E-02
  0.4444E-02
  0.4503E-02
  0.1542E-02
  0.3912E-02
  0.2967E-02
  0.1441E-02
  0.1067E-02
  0.3348E-02
  0.3178E-02
  0.3186E-02
  0.4196E-03
  0.3466E-02
  0.3681E-02
  0.1397E-02
  0.3901E-02
  0.3193E-02
  0.2649E-02
  0.3769E-03
  0.3356E-02
  0.1493E-02
  0.3616E-02
  0.4175E-02
  0.4306E-02
  0.3245E-02
  0.3135E-02
  0.2958E-02
  0.4040E-02
  0.2526E-02
  0.2423E-02
  0.3967E-02
  0.4227E-02
  0.4195E-02
  0.3546E-02
  0.2996E-02
  0.3353E-02
  0.6568E-03
  0.9008E-03
  0.2334E-02
  0.3232E-02
  0.3265E-02
  0.3988E-02
  0.3766E-02
  0.3308E-02
  0.2869E-02
  0.3946E-02
  0.3652E-02
  0.9455E-03
  0.4026E-02
  0.4038E-02
  0.3695E-02
  0.2940E-02
  0.1742E-02
  0.8313E-03
  0.2552E-02
  0.3125E-02
  0.1520E-02
  0.3670E-02
  0.3137E-02
  0.1700E-02
  0.2692E-02
  0.1053E-02
  0.3801E-02
  0.3375E-02
  0.3844E-02
  0.3305E-02
  0.3259E-02
  0.3053E-02
  0.2734E-02
  0.2584E-02
  0.3757E-02
  0.3778E-02
  0.3694E-02
  0.1595E-02
  0.3743E-02
  0.3709E-02
  0.3610E-02
  0.3452E-02
  0.3305E-02
  0.1376E-02
  0.2868E-02
  0.3191E-02
  0.2144E-02
  0.8745E-03
  0.2692E-02
  0.3283E-02
  0.3388E-02
  0.3103E-02
  0.3281E-02
  0.2134E-02
  0.3318E-02
  0.3320E-02
  0.3201E-02
  0.2765E-02
  0.1396E-02
  0.1689E-02
  0.2787E-02
  0.2424E-02
  0.3039E-02
  0.3223E-02
  0.2999E-02
  0.2533E-02
  0.3231E-02
  0.3228E-02
  0.2996E-02
  0.3156E-02
  0.2029E-02
  0.2931E-02
  0.3099E-02
  0.3099E-02
  0.3037E-02
  0.2815E-02
  0.1563E-02
  0.1892E-02
  0.1581E-02
  0.1797E-02
  0.2648E-02
  0.2400E-02
  0.2731E-02
  0.2682E-02
  0.2900E-02
  0.2915E-02
  0.2822E-02
  0.2342E-02
  0.1892E-02
  0.2740E-02
  0.2664E-02
  0.2320E-02
  0.2716E-02
  0.1870E-02
  0.2152E-02
  0.1480E-02
  0.2572E-02
  0.2606E-02
  0.2019E-02
  0.1580E-02
  0.3040E-03
  0.1273E-02
  0.2280E-02
  0.2298E-02
  0.2343E-02
  0.1751E-02
  0.7509E-03
  0.3144E-03
  0.1091E-02
  0.1809E-02
  0.1837E-02
  0.4223E-03
  0.4257E-03
  0.1206E-03
  0.1097E-02
  0.1602E-02
  0.1577E-02
  0.8705E-03
  0.1267E-03
  0.2950E-03
  0.1395E-02
  0.8882E-03
  0.1438E-02
  0.8727E-03
  0.1177E-03
  0.1754E-02
  0.2061E-02
  0.2025E-02
  0.1717E-02
  0.9731E-04
  0.1073E-03
  0.7577E-03
  0.1536E-02
  0.2054E-02
  0.2108E-02
  0.2094E-02
  0.1323E-02
  0.5069E-03
  0.2027E-02
  0.1975E-02
  0.1541E-02
  0.1746E-02
  0.2131E-02
  0.2130E-02
  0.2033E-02
  0.1676E-02
  0.1878E-02
  0.1175E-02
  0.1804E-02
  0.1883E-02
  0.9803E-03
  0.1955E-02
  0.1228E-02
  0.1949E-02
  0.5688E-03
  0.1910E-02
  0.9774E-03
  0.3439E-03
  0.1667E-02
  0.1878E-02
  0.1954E-02
  0.1947E-02
  0.1886E-02
  0.1872E-02
  0.1637E-02
  0.1913E-02
  0.1885E-02
  0.1855E-02
  0.1880E-02
  0.1876E-02
  0.1838E-02
  0.1820E-02
  0.1831E-02
  0.1790E-02
  0.1588E-02
  0.1758E-02
  0.1680E-02
  0.1097E-02
  0.1711E-02
  0.1734E-02
  0.1666E-02
  0.1732E-02
  0.1609E-02
  0.1702E-02
  0.1700E-02
  0.1025E-02
  0.1537E-02
  0.1674E-02
  0.1642E-02
  0.1549E-02
  0.1225E-02
  0.1592E-02
  0.1611E-02
  0.1578E-02
  0.1267E-02
  0.1233E-02
  0.1468E-02
  0.1475E-02
  0.1406E-02
  0.7671E-03
  0.1234E-02
  0.1458E-02
  0.1359E-02
  0.1214E-02
  0.4116E-03
  0.1278E-02
  0.1401E-02
  0.1361E-02
  0.4630E-03
  0.3047E-03
  0.1129E-02
  0.1132E-02
  0.6699E-03
  0.5851E-04
  0.8456E-03
  0.5426E-04
  0.4172E-03
  0.7632E-03
  0.8910E-03
  0.5968E-03
  0.1846E-03
  0.4886E-04
  0.2198E-03
  0.1364E-03
  0.3816E-03
  0.1511E-03
  0.4730E-04
  0.5006E-04
  0.1548E-03
  0.2079E-03
  0.1115E-03
  0.4584E-04
  0.4446E-04
  0.6750E-04
  0.1579E-03
  0.1143E-03
  0.4551E-04
  0.3318E-04
  0.6891E-04
  0.7812E-04
  0.2302E-03
  0.8815E-04
  0.2977E-04
  0.1908E-03
  0.4396E-04
  0.2632E-04
  0.3613E-04
  0.1627E-03
  0.2743E-03
  0.3998E-04
  0.7640E-04
  0.3393E-03
  0.5147E-03
  0.5111E-03
  0.5158E-04
  0.4074E-03
  0.8476E-03
  0.7146E-03
  0.3901E-04
  0.1779E-03
  0.5722E-03
  0.8747E-03
  0.8215E-03
  0.8916E-03
  0.1909E-03
  0.1202E-03
  0.8323E-03
  0.9199E-03
  0.7565E-03
  0.4072E-03
  0.1200E-03
  0.7554E-03
  0.8990E-03
  0.5673E-03
  0.7267E-03
  0.1055E-03
  0.7375E-03
  0.8812E-03
  0.5222E-03
  0.8420E-03
  0.1506E-03
  0.7953E-03
  0.8909E-03
  0.9021E-03
  0.8794E-03
  0.4600E-03
  0.3904E-03
  0.3199E-03
  0.8127E-03
  0.8957E-03
  0.9138E-03
  0.9098E-03
  0.8201E-03
  0.7637E-03
  0.9038E-03
  0.8977E-03
  0.8876E-03
  0.8813E-03
  0.8639E-03
  0.8861E-03
  0.8731E-03
  0.8466E-03
  0.8727E-03
  0.8681E-03
  0.8538E-03
  0.8375E-03
  0.8342E-03
  0.8457E-03
  0.8202E-03
  0.8311E-03
  0.8332E-03
  0.8190E-03
  0.8183E-03
  0.8002E-03
  0.8093E-03
  0.7503E-03
  0.8036E-03
  0.7920E-03
  0.7965E-03
  0.7956E-03
  0.7807E-03
  0.7814E-03
  0.7640E-03
  0.7752E-03
  0.7686E-03
  0.7667E-03
  0.7612E-03
  0.7596E-03
  0.7430E-03
  0.7354E-03
  0.7460E-03
  0.7357E-03
  0.7363E-03
  0.7284E-03
  0.7025E-03
  0.7141E-03
  0.6540E-03
  0.7057E-03
  0.7023E-03
  0.6332E-03
  0.6981E-03
  0.6910E-03
  0.6577E-03
  0.6698E-03
  0.6394E-03
  0.6011E-03
  0.6658E-03
  0.6013E-03
  0.3180E-03
  0.4768E-03
  0.5807E-03
  0.2348E-03
  0.3684E-03
  0.4493E-03
  0.3872E-03
  0.2582E-03
  0.3096E-03
  0.4298E-03
  0.2899E-03
  0.2565E-03
  0.1180E-03
  0.1166E-03
  0.1823E-03
  0.1701E-03
  0.1714E-04
  0.6301E-04
  0.1818E-04
  0.5708E-04
  0.1556E-04
  0.3127E-04
  0.2390E-04
  0.1493E-04
  0.2697E-04
  0.1446E-04
  0.1337E-04
  0.1403E-04
  0.1418E-04
  0.1429E-04
  0.1441E-04
  0.1383E-04
  0.1394E-04
  0.1335E-04
  0.1403E-04
  0.1328E-04
  0.1337E-04
  0.1352E-04
  0.6457E-05
  0.7478E-05
  0.1221E-04
  0.2505E-05
  0.6123E-05
  0.8831E-05
  0.2600E-05
  0.9154E-05
  0.6887E-05
  0.1439E-05
  0.7090E-05
  0.7652E-05
  0.4646E-05
  0.5738E-05
  0.7126E-05
  0.6231E-05
  0.1754E-06
  0.5897E-05
  0.6625E-05
  0.5789E-05
  0.1237E-05
  0.6194E-06
  0.6771E-05
  0.6873E-05
  0.4505E-05
  0.7374E-05
  0.6069E-05
  0.3667E-05
  0.1461E-05
  0.4234E-05
  0.4889E-05
  0.5429E-05
  0.5470E-05
  0.5332E-05
  0.6532E-06
  0.4660E-05
  0.4240E-05
  0.4072E-05
  0.4144E-05
  0.4353E-05
  0.4495E-05
  0.4974E-05
  0.5907E-05
  0.3159E-05
  0.3219E-05
  0.6450E-06
  0.2508E-05
  0.3791E-05
  0.1205E-05
  0.2386E-05
  0.2191E-05
  0.4579E-06
  0.2122E-05
  0.2986E-05
  0.9460E-06
  0.1565E-05
  0.9687E-06
  0.2430E-06
  0.1620E-05
  0.1448E-05
  0.3402E-06
  0.1250E-05
  0.1280E-05
  0.8319E-06
  0.9647E-06
  0.8931E-06
  0.8160E-06
  0.7947E-06
  0.9838E-06
  0.9556E-06
  0.7777E-06
  0.7711E-06
  0.7647E-06
  0.7856E-06
  0.8179E-07
  0.7443E-06
  0.1460E-05
  0.9201E-07
  0.7437E-06
  0.8528E-06
  0.8788E-06
  0.8197E-06
  0.7256E-06
  0.6913E-06
  0.1047E-06
  0.6819E-06
  0.6736E-06
  0.7031E-06
  0.7444E-06
  0.7872E-06
  0.8320E-06
  0.8765E-06
  0.9149E-06
  0.9207E-06
  0.8436E-06
  0.6394E-06
  0.6763E-06
  0.1643E-05
  0.2502E-05
  0.2806E-05
  0.1985E-05
  0.3104E-05
  0.3555E-05
  0.1477E-05
  0.4084E-05
  0.1799E-05
  0.4544E-05
  0.4866E-05
  0.5179E-05
  0.5442E-05
  0.5604E-05
  0.5640E-05
  0.5574E-05
  0.5495E-05
  0.5577E-05
  0.6172E-05
  0.1100E-04
  0.1978E-04
  0.3678E-04
  0.6446E-04
  0.1003E-03
  0.1311E-03
  0.1954E-03
  0.2175E-03
  0.1582E-03
  0.2461E-03
  0.2505E-03
  0.1489E-03
  0.2497E-03
  0.2491E-03
  0.2321E-03
  0.2418E-03
  0.2447E-03
  0.2412E-03
  0.1347E-03
  0.2390E-03
  0.2392E-03
  0.2364E-03
  0.1886E-03
  0.2344E-03
  0.2344E-03
  0.2302E-03
  0.2305E-03
  0.2294E-03
  0.2274E-03
  0.2237E-03
  0.2073E-03
  0.1250E-03
  0.2049E-03
  0.2144E-03
  0.2155E-03
  0.2160E-03
  0.2152E-03
  0.2142E-03
  0.2131E-03
  0.2107E-03
  0.2096E-03
  0.2072E-03
  0.1987E-03
  0.1904E-03
  0.2063E-03
  0.2062E-03
  0.2045E-03
  0.2015E-03
  0.2024E-03
  0.2020E-03
  0.1985E-03
  0.1998E-03
  0.1975E-03
  0.1958E-03
  0.1959E-03
  0.1943E-03
  0.1923E-03
  0.1923E-03
  0.1910E-03
  0.1845E-03
  0.1866E-03
  0.1871E-03
  0.1846E-03
  0.1539E-03
  0.1813E-03
  0.1805E-03
  0.1770E-03
  0.1392E-03
  0.1757E-03
  0.1758E-03
  0.1626E-03
  0.1604E-03
  0.1720E-03
  0.1689E-03
  0.8118E-04
  0.1664E-03
  0.1681E-03
  0.1584E-03
  0.1571E-03
  0.1667E-03
  0.1653E-03
  0.1548E-03
