 Spectral outgoing shortwave flux [W/m2/cm^-1]
  0.0000E+00
  0.2544E-06
  0.6389E-07
  0.5592E-15
  0.1745E-14
  0.4543E-14
  0.1195E-13
  0.2992E-13
  0.6648E-13
  0.1342E-12
  0.2524E-12
  0.4421E-12
  0.7655E-12
  0.1519E-07
  0.1954E-09
  0.2791E-11
  0.2091E-04
  0.1036E-05
  0.5332E-04
  0.5281E-04
  0.5200E-04
  0.2686E-05
  0.2410E-04
  0.3525E-10
  0.4519E-10
  0.5796E-10
  0.7268E-10
  0.9100E-10
  0.1132E-09
  0.1390E-09
  0.1696E-09
  0.1203E-03
  0.5912E-04
  0.1702E-03
  0.2073E-03
  0.2245E-03
  0.2385E-03
  0.2403E-03
  0.1004E-03
  0.1961E-03
  0.2915E-03
  0.2985E-03
  0.2195E-03
  0.1709E-03
  0.3308E-03
  0.3690E-03
  0.3578E-03
  0.3950E-03
  0.4136E-03
  0.4189E-03
  0.3761E-03
  0.3998E-03
  0.4719E-03
  0.4814E-03
  0.4052E-03
  0.2659E-03
  0.3118E-03
  0.3159E-03
  0.5129E-04
  0.1919E-07
  0.2352E-07
  0.1521E-05
  0.3371E-04
  0.1338E-07
  0.3052E-03
  0.2550E-04
  0.1602E-07
  0.1258E-04
  0.3162E-07
  0.1749E-03
  0.4291E-07
  0.2584E-03
  0.1386E-03
  0.2850E-03
  0.6910E-03
  0.6919E-03
  0.9628E-05
  0.4636E-03
  0.6772E-03
  0.7255E-03
  0.7999E-03
  0.2175E-03
  0.4844E-07
  0.5065E-07
  0.3646E-04
  0.6660E-03
  0.8761E-03
  0.8943E-03
  0.8260E-03
  0.1010E-06
  0.8206E-07
  0.9280E-07
  0.1095E-06
  0.1188E-06
  0.1369E-06
  0.1448E-06
  0.6721E-05
  0.1480E-02
  0.1448E-02
  0.1497E-02
  0.1262E-02
  0.1565E-02
  0.1606E-02
  0.1551E-02
  0.1176E-02
  0.1023E-02
  0.1679E-02
  0.1752E-02
  0.1783E-02
  0.1784E-02
  0.1792E-02
  0.1750E-02
  0.1886E-02
  0.1868E-02
  0.1954E-02
  0.2012E-02
  0.1978E-02
  0.2055E-02
  0.2045E-02
  0.2043E-02
  0.2035E-02
  0.2106E-02
  0.2059E-02
  0.1541E-02
  0.8398E-03
  0.1939E-02
  0.2145E-02
  0.1635E-02
  0.2233E-02
  0.3108E-03
  0.2330E-02
  0.2179E-02
  0.2296E-02
  0.7814E-03
  0.1535E-05
  0.1891E-02
  0.2171E-02
  0.1851E-02
  0.1877E-02
  0.9725E-03
  0.1207E-05
  0.2056E-05
  0.1204E-05
  0.1239E-05
  0.1307E-05
  0.1420E-05
  0.1415E-05
  0.1493E-05
  0.1404E-05
  0.1453E-05
  0.1425E-05
  0.6414E-05
  0.1483E-05
  0.2545E-05
  0.1722E-05
  0.6915E-03
  0.3607E-04
  0.1023E-02
  0.7552E-04
  0.1720E-02
  0.1452E-02
  0.1976E-02
  0.2650E-02
  0.2476E-02
  0.2552E-02
  0.2481E-02
  0.2659E-02
  0.2707E-02
  0.2498E-02
  0.2847E-02
  0.2669E-02
  0.3203E-02
  0.2902E-02
  0.3440E-02
  0.3182E-02
  0.3880E-02
  0.3908E-02
  0.3544E-02
  0.3992E-02
  0.3945E-02
  0.4011E-02
  0.4044E-02
  0.4042E-02
  0.4066E-02
  0.4013E-02
  0.2872E-02
  0.3432E-03
  0.4203E-02
  0.4204E-02
  0.3698E-02
  0.2636E-02
  0.2040E-02
  0.7849E-04
  0.7486E-05
  0.4782E-03
  0.7954E-05
  0.8950E-05
  0.2258E-03
  0.8630E-05
  0.8863E-05
  0.9033E-05
  0.3810E-02
  0.3207E-02
  0.1297E-04
  0.1000E-04
  0.1001E-04
  0.3873E-02
  0.3094E-02
  0.3667E-02
  0.3035E-02
  0.2336E-02
  0.4067E-02
  0.2352E-02
  0.4373E-03
  0.6717E-04
  0.2528E-02
  0.6574E-03
  0.1378E-04
  0.4390E-02
  0.4582E-02
  0.1052E-02
  0.4989E-02
  0.4448E-02
  0.5291E-02
  0.4869E-02
  0.5087E-02
  0.5297E-02
  0.5086E-02
  0.5168E-02
  0.5287E-02
  0.5196E-02
  0.5049E-02
  0.5339E-02
  0.5340E-02
  0.4672E-02
  0.5241E-02
  0.5376E-02
  0.4970E-02
  0.5304E-02
  0.5201E-02
  0.4980E-02
  0.5074E-02
  0.5113E-02
  0.4859E-02
  0.4671E-02
  0.5175E-02
  0.4875E-02
  0.4432E-02
  0.3404E-02
  0.2903E-02
  0.2725E-02
  0.4874E-02
  0.4395E-02
  0.2260E-04
  0.1551E-02
  0.4610E-02
  0.4711E-02
  0.4673E-02
  0.4853E-02
  0.4535E-02
  0.4334E-02
  0.4030E-02
  0.4584E-02
  0.4435E-02
  0.4271E-02
  0.4518E-02
  0.4118E-02
  0.3224E-02
  0.4189E-02
  0.3839E-02
  0.2562E-02
  0.4053E-02
  0.4523E-03
  0.3825E-02
  0.3743E-02
  0.3782E-02
  0.3308E-02
  0.5520E-03
  0.3094E-03
  0.8159E-04
  0.2134E-02
  0.3429E-02
  0.7274E-03
  0.3161E-02
  0.4736E-03
  0.3440E-02
  0.3490E-02
  0.2293E-02
  0.1041E-02
  0.2106E-02
  0.1472E-02
  0.3454E-02
  0.2317E-02
  0.1659E-02
  0.3485E-04
  0.1811E-02
  0.2698E-02
  0.3172E-02
  0.3470E-02
  0.3190E-02
  0.2823E-02
  0.3585E-02
  0.3647E-02
  0.3416E-02
  0.3379E-02
  0.3377E-02
  0.3557E-02
  0.3585E-02
  0.3550E-02
  0.2634E-02
  0.3282E-02
  0.3374E-02
  0.3368E-02
  0.3454E-02
  0.3366E-02
  0.3325E-02
  0.3349E-02
  0.3326E-02
  0.3226E-02
  0.3167E-02
  0.3353E-02
  0.3227E-02
  0.3270E-02
  0.3225E-02
  0.3209E-02
  0.3181E-02
  0.3183E-02
  0.1207E-02
  0.4558E-04
  0.3192E-02
  0.2987E-02
  0.2863E-02
  0.1598E-02
  0.3038E-02
  0.2905E-02
  0.3104E-02
  0.2957E-02
  0.3106E-02
  0.2989E-02
  0.2932E-02
  0.3020E-02
  0.3004E-02
  0.2942E-02
  0.2975E-02
  0.2911E-02
  0.2901E-02
  0.2921E-02
  0.7214E-03
  0.2707E-02
  0.2641E-03
  0.2375E-02
  0.2790E-02
  0.2689E-02
  0.4897E-03
  0.2557E-02
  0.2559E-02
  0.2590E-02
  0.2688E-02
  0.2418E-02
  0.2681E-02
  0.2668E-02
  0.2674E-02
  0.2553E-02
  0.2544E-02
  0.2642E-02
  0.2700E-02
  0.2695E-02
  0.2602E-02
  0.2656E-02
  0.2615E-02
  0.2633E-02
  0.2605E-02
  0.2601E-02
  0.2557E-02
  0.2671E-02
  0.2360E-02
  0.2647E-02
  0.2606E-02
  0.2562E-02
  0.2582E-02
  0.2580E-02
  0.2378E-02
  0.2554E-02
  0.2520E-02
  0.2493E-02
  0.2481E-02
  0.2487E-02
  0.2469E-02
  0.2484E-02
  0.2457E-02
  0.2490E-02
  0.2431E-02
  0.2397E-02
  0.2409E-02
  0.2364E-02
  0.2391E-02
  0.2364E-02
  0.2339E-02
  0.2324E-02
  0.2341E-02
  0.2296E-02
  0.2306E-02
  0.2280E-02
  0.2264E-02
  0.2321E-02
  0.2344E-02
  0.2274E-02
  0.2283E-02
  0.2232E-02
  0.2179E-02
  0.2128E-02
  0.2072E-02
  0.2140E-02
  0.2145E-02
  0.2075E-02
  0.2158E-02
  0.2119E-02
  0.2160E-02
  0.2120E-02
  0.2015E-02
  0.2082E-02
  0.2003E-02
  0.2003E-02
  0.1972E-02
  0.1938E-02
  0.1860E-02
  0.1782E-02
  0.1906E-02
  0.1966E-02
  0.1612E-02
  0.1752E-02
  0.1908E-02
  0.1890E-02
  0.1919E-02
  0.1885E-02
  0.2005E-02
  0.1934E-02
  0.1975E-02
  0.2051E-02
  0.2005E-02
  0.1933E-02
  0.1955E-02
  0.1945E-02
  0.1819E-02
  0.1847E-02
  0.1799E-02
  0.1908E-02
  0.1799E-02
  0.1850E-02
  0.1840E-02
  0.1793E-02
  0.1767E-02
  0.1888E-02
  0.1848E-02
  0.1816E-02
  0.1851E-02
  0.1774E-02
  0.1829E-02
  0.1774E-02
  0.1757E-02
  0.1603E-02
  0.1550E-02
  0.1705E-02
  0.1718E-02
  0.1630E-02
  0.1613E-02
  0.1536E-02
  0.1587E-02
  0.1328E-02
  0.1383E-02
  0.1354E-02
  0.1468E-02
  0.1416E-02
  0.1406E-02
  0.1432E-02
  0.1603E-02
  0.1531E-02
  0.1525E-02
  0.1547E-02
  0.1558E-02
  0.1503E-02
  0.1500E-02
  0.1599E-02
  0.1603E-02
  0.1609E-02
  0.1576E-02
  0.1613E-02
  0.1457E-02
  0.1494E-02
  0.1573E-02
  0.1578E-02
  0.1526E-02
  0.1492E-02
  0.1433E-02
  0.1430E-02
  0.1375E-02
  0.1503E-02
  0.1431E-02
  0.1449E-02
  0.1434E-02
  0.1342E-02
  0.1374E-02
  0.1367E-02
  0.1272E-02
  0.1302E-02
  0.1208E-02
  0.1274E-02
  0.1293E-02
  0.1255E-02
  0.1203E-02
  0.1129E-02
  0.1222E-02
  0.1186E-02
  0.1126E-02
  0.1157E-02
  0.1075E-02
  0.1036E-02
  0.1148E-02
  0.1048E-02
  0.1022E-02
  0.1068E-02
  0.9745E-03
  0.1155E-02
  0.1148E-02
  0.1168E-02
  0.1151E-02
  0.1218E-02
  0.1270E-02
  0.1330E-02
  0.1325E-02
  0.1318E-02
  0.1302E-02
  0.1261E-02
  0.1243E-02
  0.1256E-02
  0.1201E-02
  0.1203E-02
  0.1195E-02
  0.1197E-02
  0.1152E-02
  0.1153E-02
  0.1118E-02
  0.1201E-02
  0.1016E-02
  0.1053E-02
  0.1049E-02
  0.9485E-03
  0.9190E-03
  0.8921E-03
  0.8398E-03
  0.8191E-03
  0.7838E-03
  0.6466E-03
  0.5867E-03
  0.5577E-03
  0.4807E-03
  0.5699E-03
  0.5567E-03
  0.4872E-03
  0.4025E-03
  0.3807E-03
  0.4476E-03
  0.4914E-03
  0.4111E-03
  0.4695E-03
  0.5000E-03
  0.4563E-03
  0.5667E-03
  0.5657E-03
  0.5091E-03
  0.4447E-03
  0.3834E-03
  0.4283E-03
  0.3640E-03
  0.3049E-03
  0.2988E-03
  0.2544E-03
  0.3513E-03
  0.4711E-03
  0.4332E-03
  0.4063E-03
  0.4637E-03
  0.4441E-03
  0.4026E-03
  0.4413E-03
  0.4104E-03
  0.3617E-03
  0.3652E-03
  0.3507E-03
  0.3148E-03
  0.3640E-03
  0.3558E-03
  0.2991E-03
  0.3285E-03
  0.2954E-03
  0.3038E-03
  0.3287E-03
  0.3595E-03
  0.2889E-03
  0.3694E-03
  0.3027E-03
  0.2791E-03
  0.3425E-03
  0.2786E-03
  0.2663E-03
  0.2867E-03
  0.2510E-03
  0.2128E-03
  0.2019E-03
  0.1804E-03
  0.1602E-03
  0.1529E-03
  0.1519E-03
  0.1327E-03
  0.1265E-03
  0.1258E-03
  0.1325E-03
  0.1714E-03
  0.2791E-03
  0.2410E-03
  0.2328E-03
  0.2107E-03
  0.1747E-03
  0.1733E-03
  0.1763E-03
  0.1468E-03
  0.1404E-03
  0.1558E-03
  0.1510E-03
  0.1321E-03
  0.1828E-03
  0.2129E-03
  0.1839E-03
  0.1816E-03
  0.1473E-03
  0.1525E-03
  0.1476E-03
  0.1248E-03
  0.1229E-03
  0.1303E-03
  0.1208E-03
  0.1096E-03
  0.1573E-03
  0.1637E-03
  0.1905E-03
  0.1984E-03
  0.1831E-03
  0.1758E-03
  0.1732E-03
  0.1912E-03
  0.2264E-03
  0.1950E-03
  0.2691E-03
  0.2588E-03
  0.2527E-03
  0.2327E-03
  0.2089E-03
  0.2298E-03
  0.2168E-03
  0.2062E-03
  0.2073E-03
  0.2329E-03
  0.2143E-03
  0.1943E-03
  0.2546E-03
  0.2665E-03
  0.2830E-03
  0.2436E-03
  0.2639E-03
  0.2450E-03
  0.2391E-03
  0.2137E-03
  0.2343E-03
  0.2331E-03
  0.2294E-03
  0.2051E-03
  0.2371E-03
  0.2373E-03
  0.2592E-03
  0.2639E-03
  0.2866E-03
  0.3028E-03
  0.2915E-03
  0.3200E-03
  0.3800E-03
  0.3576E-03
  0.3600E-03
  0.3242E-03
  0.3376E-03
  0.3357E-03
  0.2890E-03
  0.2239E-03
  0.3021E-03
  0.2561E-03
  0.2330E-03
  0.2221E-03
  0.2447E-03
  0.2468E-03
  0.2194E-03
  0.2600E-03
  0.2270E-03
  0.2098E-03
  0.2680E-03
  0.2411E-03
  0.2241E-03
  0.1874E-03
  0.1536E-03
  0.1895E-03
  0.1414E-03
  0.1506E-03
  0.1777E-03
  0.1709E-03
  0.1623E-03
  0.1663E-03
  0.1503E-03
  0.1711E-03
  0.1717E-03
  0.1945E-03
  0.1770E-03
  0.1516E-03
  0.2151E-03
  0.2396E-03
  0.2027E-03
  0.1996E-03
  0.2112E-03
  0.1541E-03
  0.1499E-03
  0.1691E-03
  0.1875E-03
  0.1796E-03
  0.1437E-03
  0.1365E-03
  0.1557E-03
  0.1121E-03
  0.1781E-03
  0.2045E-03
  0.1641E-03
  0.2194E-03
  0.2172E-03
  0.1502E-03
  0.1937E-03
  0.1607E-03
  0.1801E-03
  0.2180E-03
  0.1747E-03
  0.1981E-03
  0.2362E-03
  0.2167E-03
  0.1797E-03
  0.1980E-03
  0.1257E-03
  0.1983E-03
  0.2266E-03
  0.2569E-03
  0.2126E-03
  0.2169E-03
  0.2272E-03
  0.2145E-03
  0.1135E-03
  0.1120E-03
  0.1808E-03
  0.1278E-03
  0.1277E-03
  0.1915E-03
  0.1704E-03
  0.1584E-03
  0.1447E-03
  0.9384E-04
  0.9444E-04
  0.1156E-03
  0.7588E-04
  0.7021E-04
  0.7139E-04
  0.4025E-04
  0.1190E-03
  0.1545E-03
  0.8732E-04
  0.1286E-03
  0.1151E-03
  0.9741E-04
  0.9139E-04
  0.1148E-03
  0.9627E-04
  0.1287E-03
  0.9765E-04
  0.8854E-04
  0.9852E-04
  0.1015E-03
  0.9418E-04
  0.1053E-03
  0.1204E-03
  0.8685E-04
  0.1401E-03
  0.9706E-04
  0.1174E-03
  0.1098E-03
  0.8161E-04
  0.7016E-04
  0.8064E-04
  0.8924E-04
  0.1092E-03
  0.9875E-04
  0.8252E-04
  0.8049E-04
  0.9250E-04
  0.7132E-04
  0.8482E-04
  0.1837E-03
  0.2047E-03
  0.1571E-03
  0.1905E-03
  0.1931E-03
  0.1436E-03
  0.2075E-03
  0.1815E-03
  0.1702E-03
  0.1729E-03
  0.1474E-03
  0.1170E-03
  0.1196E-03
  0.1023E-03
  0.1066E-03
  0.1151E-03
  0.1011E-03
  0.9168E-04
  0.1074E-03
  0.1025E-03
  0.9949E-04
  0.9184E-04
  0.8051E-04
  0.8215E-04
  0.4704E-04
  0.7395E-04
  0.8159E-04
  0.9782E-04
  0.9609E-04
  0.8469E-04
  0.1062E-03
  0.7398E-04
  0.6218E-04
  0.1072E-03
  0.1396E-03
  0.1547E-03
  0.1020E-03
  0.1403E-03
  0.8398E-04
  0.1179E-03
  0.1295E-03
  0.1436E-03
  0.9130E-04
  0.1244E-03
  0.1444E-03
  0.1111E-03
  0.1203E-03
  0.7561E-04
  0.9921E-04
  0.8249E-04
  0.1155E-03
  0.1438E-03
  0.1050E-03
  0.6350E-04
  0.9212E-04
  0.8201E-04
  0.7077E-04
  0.9897E-04
  0.1096E-03
  0.1133E-03
  0.1272E-03
  0.7010E-04
  0.6965E-04
  0.8355E-04
  0.8725E-04
  0.9763E-04
  0.7490E-04
  0.1118E-03
  0.1099E-03
  0.9901E-04
  0.1179E-03
  0.8468E-04
  0.5922E-04
  0.8756E-04
  0.7650E-04
  0.8238E-04
  0.4942E-04
  0.7627E-04
  0.1024E-03
  0.9664E-04
  0.1090E-03
  0.1119E-03
  0.8042E-04
  0.7352E-04
  0.8520E-04
  0.6680E-04
  0.7648E-04
  0.4606E-04
  0.7564E-04
  0.5395E-04
  0.3244E-04
  0.6238E-04
  0.8384E-04
  0.7320E-04
  0.3479E-04
  0.6896E-04
  0.4437E-04
  0.5792E-04
  0.6454E-04
  0.6995E-04
  0.3214E-04
  0.5943E-04
  0.6968E-04
  0.4700E-04
  0.3668E-04
  0.3020E-04
  0.5113E-04
  0.4932E-04
  0.7285E-04
  0.8924E-04
  0.6409E-04
  0.5675E-04
  0.7651E-04
  0.5125E-04
  0.4567E-04
  0.7451E-04
  0.5471E-04
  0.3243E-04
  0.4897E-04
  0.5286E-04
  0.4164E-04
  0.2298E-04
  0.3198E-04
  0.2532E-04
  0.3068E-04
  0.1526E-04
  0.2789E-04
  0.2911E-04
  0.1174E-04
  0.2268E-04
  0.4049E-04
  0.3528E-04
  0.1750E-04
  0.1537E-04
  0.3836E-04
  0.4728E-04
  0.2533E-04
  0.1543E-04
  0.9868E-05
  0.6291E-05
  0.1949E-04
  0.1805E-04
  0.3114E-04
  0.5583E-04
  0.1389E-04
  0.2572E-04
  0.4018E-04
  0.2797E-04
  0.4564E-04
  0.4216E-04
  0.2385E-04
  0.2851E-04
  0.2218E-04
  0.2673E-04
  0.4658E-04
  0.3947E-04
  0.1880E-04
  0.3842E-04
  0.2599E-04
  0.1981E-04
  0.1634E-04
  0.3681E-04
  0.4865E-04
  0.2206E-04
  0.2981E-04
  0.2575E-04
  0.4019E-04
  0.2448E-04
  0.3199E-04
  0.2746E-04
  0.4226E-04
  0.4185E-04
  0.2925E-04
  0.1819E-04
  0.2458E-04
  0.2039E-04
  0.2057E-04
  0.2056E-04
  0.1794E-04
  0.2182E-04
  0.1982E-04
  0.1169E-04
  0.2105E-04
  0.1914E-04
  0.4592E-05
  0.1409E-04
  0.1966E-04
  0.3264E-04
  0.4004E-04
  0.3112E-04
  0.2756E-04
  0.2152E-04
  0.2084E-04
  0.2160E-04
  0.2684E-04
  0.1679E-04
  0.1514E-04
  0.8568E-05
  0.9098E-05
  0.5237E-05
  0.1755E-05
  0.3783E-05
  0.3539E-05
  0.5599E-05
  0.1031E-04
  0.6276E-05
  0.5256E-05
  0.4422E-05
  0.3461E-05
  0.1083E-05
  0.1895E-05
  0.4122E-05
  0.3627E-05
  0.5280E-05
  0.9757E-05
  0.9643E-05
  0.3660E-05
  0.6941E-05
  0.2680E-05
  0.4703E-05
  0.6945E-05
  0.3429E-05
  0.4312E-05
  0.3991E-05
  0.3447E-05
  0.7320E-05
  0.8022E-05
  0.3972E-05
  0.2782E-05
  0.1739E-05
  0.5111E-05
  0.6237E-05
  0.6914E-05
  0.7250E-05
  0.3960E-05
  0.4586E-05
  0.4233E-05
  0.4117E-05
  0.1535E-05
  0.2143E-05
  0.4088E-05
  0.7759E-05
  0.1267E-04
  0.7603E-05
  0.1193E-04
  0.3725E-05
  0.7567E-05
  0.9015E-05
  0.4117E-05
  0.1471E-04
  0.1163E-04
  0.8502E-05
  0.8803E-05
  0.8327E-05
  0.4088E-05
  0.5070E-05
  0.2996E-05
  0.6219E-05
  0.4036E-05
  0.1406E-05
  0.1192E-05
  0.2246E-05
  0.1627E-05
  0.1162E-05
  0.2161E-05
  0.2569E-05
  0.2896E-05
  0.9153E-06
  0.1555E-05
  0.3949E-05
  0.5266E-05
  0.2245E-05
  0.2125E-05
  0.9860E-05
  0.8765E-05
  0.4836E-05
  0.1033E-04
  0.2332E-05
  0.5551E-05
  0.2501E-05
  0.4485E-05
  0.4801E-05
  0.3790E-05
  0.8705E-05
  0.6723E-05
  0.8785E-05
  0.4636E-05
  0.4664E-05
  0.3544E-05
  0.2847E-05
  0.3744E-05
  0.6775E-05
  0.3693E-05
  0.3609E-05
  0.2837E-05
  0.7924E-05
  0.4484E-05
  0.2383E-05
  0.3261E-05
  0.3142E-05
  0.2570E-05
  0.1694E-05
  0.1564E-05
  0.3657E-05
  0.2919E-05
  0.1098E-05
  0.2114E-05
  0.1570E-05
  0.1797E-05
  0.9251E-06
  0.1046E-05
  0.2459E-05
  0.2436E-05
  0.2531E-05
  0.1996E-05
  0.3488E-05
  0.4404E-05
  0.2072E-05
  0.5196E-05
  0.4338E-05
  0.1980E-05
  0.5453E-05
  0.8858E-05
  0.2608E-05
  0.3813E-05
  0.4144E-05
  0.2354E-05
  0.9188E-06
  0.2260E-05
  0.2707E-05
  0.1275E-05
  0.2173E-05
  0.3842E-05
  0.4103E-05
  0.2820E-05
  0.1587E-05
  0.9283E-06
  0.2021E-05
  0.9003E-06
  0.2864E-05
  0.1867E-05
  0.3961E-05
  0.2467E-05
  0.5972E-06
  0.1823E-05
  0.2059E-05
  0.9543E-06
  0.1137E-05
  0.1493E-05
  0.1397E-05
  0.2074E-05
  0.1709E-05
  0.1353E-05
  0.7946E-06
  0.5751E-06
  0.6878E-06
  0.1402E-05
  0.1384E-05
  0.2433E-05
  0.2532E-05
  0.2343E-05
  0.1508E-05
  0.2432E-05
  0.1378E-05
  0.4276E-06
  0.2211E-05
  0.1921E-05
  0.1353E-05
  0.2019E-05
  0.1500E-05
  0.2422E-05
  0.8825E-06
  0.1291E-05
  0.2555E-05
  0.1447E-05
  0.1832E-05
  0.1548E-05
  0.1584E-05
  0.9470E-06
  0.8220E-06
  0.1155E-05
  0.1728E-05
  0.7594E-06
  0.1173E-05
  0.1119E-05
  0.2241E-05
  0.1061E-05
  0.1502E-05
  0.1999E-05
  0.1199E-05
  0.2094E-05
  0.1659E-05
  0.1084E-05
  0.1418E-05
  0.1306E-05
  0.1032E-05
  0.1063E-05
  0.1527E-05
  0.6842E-06
  0.8135E-06
  0.1340E-05
  0.2265E-05
  0.1165E-05
  0.4313E-06
  0.3931E-05
  0.2149E-05
  0.1656E-05
  0.2272E-05
  0.1724E-05
  0.1500E-05
  0.9653E-06
  0.1183E-05
  0.1256E-05
  0.1345E-05
  0.6262E-06
  0.6845E-06
  0.1440E-05
  0.1096E-05
  0.1491E-05
  0.6493E-06
  0.8986E-06
  0.1269E-05
  0.7377E-06
  0.4044E-06
  0.6145E-06
  0.7642E-06
  0.6128E-06
  0.7024E-06
  0.6598E-06
  0.6690E-06
  0.6797E-06
  0.5982E-06
  0.4465E-06
  0.5300E-06
  0.2844E-06
  0.9986E-06
  0.4999E-06
  0.4694E-06
  0.5306E-06
  0.7062E-06
  0.5611E-06
  0.5038E-06
  0.3791E-06
  0.5303E-06
  0.6506E-06
  0.1715E-06
  0.4386E-06
  0.7364E-06
  0.1877E-06
  0.4554E-06
  0.8980E-06
  0.6740E-06
  0.1027E-05
  0.4095E-06
  0.5536E-06
  0.4182E-06
  0.6819E-06
  0.2932E-06
  0.1997E-06
  0.9152E-06
  0.5754E-06
  0.5894E-06
  0.7239E-06
  0.5602E-06
  0.2324E-06
  0.2049E-06
  0.2839E-06
  0.7535E-06
  0.3826E-06
  0.2001E-06
  0.2397E-06
  0.4420E-06
  0.4240E-06
  0.3814E-06
  0.3216E-06
  0.2748E-06
  0.2314E-06
  0.3481E-06
  0.3768E-06
  0.3901E-06
  0.2532E-06
  0.2460E-06
  0.1496E-06
  0.3662E-06
  0.2370E-06
  0.1444E-06
  0.1981E-06
  0.2160E-06
  0.3542E-06
  0.2262E-06
  0.1376E-06
  0.1941E-06
  0.2264E-06
  0.1819E-06
  0.2331E-06
  0.5106E-06
  0.6088E-07
  0.2182E-06
  0.1772E-06
  0.1596E-06
  0.1141E-06
  0.9077E-07
  0.1786E-06
  0.1726E-06
  0.1137E-06
  0.1608E-06
  0.1691E-06
  0.1043E-06
  0.1357E-06
  0.9371E-07
  0.1573E-06
  0.1820E-06
  0.1519E-06
  0.1383E-06
  0.5226E-07
  0.1181E-06
  0.3666E-07
  0.4194E-07
  0.1018E-06
  0.1228E-06
  0.1290E-06
  0.1243E-06
  0.6198E-07
  0.1440E-06
  0.9456E-07
  0.6585E-07
  0.9969E-07
  0.1248E-06
  0.6507E-07
  0.1207E-06
  0.1018E-06
  0.2995E-07
  0.6197E-07
  0.6332E-07
  0.1306E-06
  0.9174E-07
  0.8790E-07
  0.7193E-07
  0.5699E-07
  0.6829E-07
  0.4114E-07
  0.5749E-07
  0.1186E-06
  0.1466E-06
  0.1113E-06
  0.6282E-07
  0.5804E-07
  0.9104E-07
  0.6130E-07
  0.4501E-07
  0.8425E-07
  0.4548E-07
  0.6654E-07
  0.1036E-06
  0.5630E-07
  0.8701E-07
  0.8653E-07
  0.9071E-07
  0.4095E-07
  0.7220E-07
  0.6012E-07
  0.6218E-07
  0.7755E-07
  0.9241E-07
  0.9477E-07
  0.5626E-07
  0.3871E-07
  0.4646E-07
  0.5854E-07
  0.5369E-07
  0.5378E-07
  0.4346E-07
  0.6730E-07
  0.9892E-07
  0.4028E-07
  0.5447E-07
  0.7202E-07
  0.4486E-07
  0.4351E-07
  0.5403E-07
  0.4440E-07
  0.5048E-07
  0.3232E-07
  0.3369E-07
  0.2118E-07
  0.3843E-07
  0.2873E-07
  0.4454E-07
  0.2708E-07
  0.3616E-07
  0.2719E-07
  0.1787E-07
  0.2152E-07
  0.1163E-07
  0.1510E-08
  0.4125E-08
  0.1232E-07
  0.1685E-07
  0.2547E-07
  0.3263E-07
  0.2184E-07
  0.2526E-07
  0.3641E-07
  0.2299E-07
  0.2793E-07
  0.3801E-07
  0.5145E-07
  0.3018E-07
  0.2443E-07
  0.2425E-07
  0.2528E-07
  0.3076E-07
  0.2694E-07
  0.2223E-07
  0.3130E-07
  0.2094E-07
  0.2253E-07
  0.2384E-07
  0.2462E-07
  0.1926E-07
  0.2058E-07
  0.1311E-07
  0.1876E-07
  0.4333E-08
  0.1983E-07
  0.2066E-07
  0.1892E-07
  0.1281E-07
  0.1158E-07
  0.2287E-07
  0.9259E-08
  0.1102E-07
  0.1001E-07
  0.2590E-07
  0.3035E-07
  0.1414E-07
  0.4994E-08
  0.1557E-07
  0.1600E-07
  0.1863E-07
  0.1287E-07
  0.4979E-08
  0.1150E-07
  0.5907E-08
  0.1732E-07
  0.1633E-07
  0.9247E-08
  0.1178E-07
  0.1520E-07
  0.1212E-07
  0.1267E-07
  0.1176E-07
  0.9918E-08
  0.6502E-08
  0.1295E-07
  0.6759E-08
  0.1175E-07
  0.8526E-08
  0.1185E-07
  0.1612E-07
  0.8131E-08
  0.8536E-08
  0.3382E-08
  0.2412E-08
  0.9881E-08
  0.5027E-08
  0.1061E-07
  0.4886E-08
  0.1506E-07
  0.8977E-08
  0.5336E-08
  0.7206E-08
  0.8250E-08
  0.6220E-08
  0.3482E-08
  0.3787E-08
  0.1616E-08
  0.5548E-08
  0.8172E-08
  0.9954E-08
  0.6946E-08
  0.6444E-08
  0.1312E-07
  0.7664E-08
  0.6169E-08
  0.2707E-08
  0.7537E-08
  0.6035E-08
  0.2011E-08
  0.6177E-08
  0.2569E-08
  0.5736E-08
  0.3176E-08
  0.6582E-08
  0.4797E-08
  0.3616E-08
  0.5912E-08
  0.4924E-08
  0.4485E-08
  0.1349E-07
  0.2273E-08
  0.9389E-08
  0.1898E-08
  0.1287E-08
  0.6223E-08
  0.6320E-08
  0.6964E-08
  0.6148E-08
  0.5735E-08
  0.9998E-08
  0.6402E-08
  0.7668E-08
  0.3103E-08
  0.6413E-08
  0.4949E-08
  0.4015E-08
  0.6785E-08
  0.2911E-08
  0.7016E-08
  0.5068E-08
  0.2888E-08
  0.1727E-08
  0.9499E-09
  0.1327E-08
  0.3792E-08
  0.2536E-08
  0.4332E-08
  0.1458E-08
  0.2651E-08
  0.4528E-08
  0.2103E-08
  0.3148E-08
  0.3065E-08
  0.6123E-09
  0.3355E-09
  0.3020E-08
  0.1357E-09
  0.5168E-09
  0.7875E-09
  0.1117E-08
  0.2681E-08
  0.1158E-08
  0.1580E-08
  0.3360E-08
  0.3306E-08
  0.2785E-08
  0.1785E-08
  0.6100E-09
  0.2064E-08
  0.4663E-09
  0.1179E-09
  0.3331E-09
  0.7997E-09
  0.1975E-08
  0.1917E-08
  0.2446E-08
  0.2013E-08
  0.2616E-08
  0.3310E-08
  0.4143E-08
  0.1209E-08
  0.1506E-08
  0.3753E-08
  0.2550E-08
  0.1134E-08
  0.2651E-08
  0.2368E-08
  0.3216E-08
  0.2020E-08
  0.1435E-08
  0.1223E-08
  0.6045E-09
  0.1168E-08
  0.1344E-08
  0.6692E-09
  0.9838E-09
  0.1334E-08
  0.4498E-09
  0.3481E-09
  0.1042E-08
  0.9475E-09
  0.4425E-09
  0.5137E-09
  0.1051E-08
  0.4117E-09
  0.1132E-09
  0.6625E-09
  0.4039E-09
  0.7056E-09
  0.8010E-09
  0.8702E-09
  0.6950E-09
  0.1059E-08
  0.2165E-09
  0.3430E-09
  0.2718E-09
  0.3903E-09
  0.3535E-09
  0.2478E-09
  0.1319E-09
  0.1327E-09
  0.2457E-09
  0.2790E-09
  0.9502E-10
  0.8555E-09
  0.9390E-09
  0.1360E-08
  0.8911E-09
  0.1293E-08
  0.5802E-09
  0.4869E-09
  0.2440E-09
  0.1020E-08
  0.3280E-09
  0.5452E-09
  0.1675E-09
  0.2375E-09
  0.3417E-09
  0.6409E-10
  0.3627E-09
  0.2763E-09
  0.1099E-08
  0.5304E-09
  0.8444E-09
  0.8973E-09
  0.7180E-09
  0.7636E-09
  0.1097E-08
  0.5355E-09
  0.6881E-09
  0.4084E-09
  0.8053E-09
  0.5982E-09
  0.2813E-09
  0.3106E-09
  0.1576E-09
  0.5385E-09
  0.1404E-08
  0.5798E-09
  0.7499E-09
  0.3035E-09
  0.1704E-09
  0.2248E-10
  0.1276E-10
  0.2595E-10
  0.3131E-10
  0.3383E-11
  0.9020E-10
  0.6569E-10
  0.4941E-10
  0.4253E-09
  0.2212E-09
  0.3179E-09
  0.5777E-10
  0.5715E-09
  0.5653E-09
  0.7919E-10
  0.1944E-09
  0.2130E-09
  0.1793E-09
  0.3292E-09
  0.6777E-10
  0.2186E-10
  0.5541E-10
  0.5378E-10
  0.1183E-09
  0.3516E-10
  0.1017E-09
  0.4441E-09
  0.1240E-09
  0.9174E-09
  0.1585E-09
  0.2456E-09
  0.1860E-10
  0.1857E-09
  0.1990E-09
  0.1222E-10
  0.1008E-10
  0.2185E-10
  0.1090E-10
  0.4452E-10
  0.1780E-10
  0.3123E-11
  0.2608E-10
  0.3714E-09
  0.2003E-09
  0.4360E-10
  0.1038E-09
  0.1974E-10
  0.2343E-10
  0.2323E-10
  0.4073E-10
  0.1105E-10
  0.2059E-10
  0.1556E-10
  0.6984E-11
  0.3980E-11
  0.1747E-11
  0.1964E-10
  0.7737E-10
  0.1857E-09
  0.2598E-09
  0.1200E-09
  0.3272E-10
  0.9739E-10
  0.4712E-10
  0.3676E-10
  0.3891E-10
  0.1741E-09
  0.6225E-10
  0.5572E-10
  0.8908E-10
  0.9572E-10
  0.8552E-10
  0.3729E-10
  0.1479E-09
  0.5151E-10
  0.1430E-09
  0.1218E-09
  0.3002E-09
  0.6296E-10
  0.1147E-09
  0.4830E-10
  0.1040E-09
  0.2055E-10
  0.4051E-11
  0.2957E-10
  0.4513E-11
  0.4261E-11
  0.4595E-11
  0.9778E-12
  0.2612E-12
  0.2876E-10
  0.1781E-09
  0.2370E-10
  0.4588E-10
  0.9002E-10
  0.5179E-10
  0.1807E-10
  0.3190E-10
  0.2306E-10
  0.4699E-10
  0.1271E-10
  0.1198E-10
  0.3920E-11
  0.2675E-10
  0.3388E-11
  0.9522E-11
  0.1112E-10
  0.1649E-10
  0.5243E-10
  0.1143E-10
  0.1316E-10
  0.4462E-10
  0.4365E-10
  0.1097E-11
  0.1239E-10
  0.2319E-10
  0.1889E-10
  0.5786E-10
  0.6105E-11
  0.2979E-11
  0.3539E-11
  0.2094E-11
  0.1016E-11
  0.8506E-10
  0.7780E-10
  0.5723E-10
  0.7471E-10
  0.5148E-10
  0.4729E-10
  0.3507E-10
  0.1698E-10
  0.7062E-11
  0.6162E-11
  0.2009E-11
  0.1124E-10
  0.2287E-11
  0.5925E-11
  0.9417E-11
  0.1416E-10
  0.4052E-10
  0.2581E-10
  0.2032E-10
  0.1178E-10
  0.4415E-11
  0.1146E-10
  0.8628E-11
  0.5292E-11
  0.2532E-10
  0.1724E-10
  0.9486E-11
  0.5535E-12
  0.4383E-12
  0.2064E-12
  0.5339E-11
  0.6947E-12
  0.8098E-11
  0.1801E-10
  0.6044E-11
  0.5327E-11
  0.3619E-11
  0.1405E-10
  0.2526E-11
  0.3419E-11
  0.8027E-11
  0.1253E-11
  0.4040E-11
  0.7017E-11
  0.1530E-11
  0.2769E-12
  0.4401E-12
  0.4968E-10
  0.1401E-10
  0.5191E-11
  0.3490E-11
  0.3859E-11
  0.4984E-11
  0.1308E-10
  0.1207E-10
  0.1599E-11
  0.6841E-12
  0.6306E-12
  0.2096E-10
  0.2951E-11
  0.7194E-12
  0.1183E-11
  0.1240E-11
  0.1056E-12
  0.3969E-11
  0.1269E-10
  0.1122E-10
  0.1792E-10
  0.6543E-11
  0.9643E-12
  0.2421E-11
  0.3725E-11
  0.8210E-11
  0.4034E-11
  0.6112E-12
  0.2451E-11
  0.3356E-11
  0.1308E-11
  0.7979E-11
  0.1393E-12
  0.3278E-11
  0.1944E-10
  0.2289E-10
  0.1308E-10
  0.6221E-11
  0.3633E-11
  0.2877E-11
  0.3160E-11
  0.4211E-11
  0.1517E-12
  0.3577E-13
  0.7024E-12
  0.1414E-11
  0.1418E-11
  0.6169E-11
  0.3257E-12
  0.1436E-11
  0.1651E-10
  0.2411E-11
  0.3556E-12
  0.5083E-12
  0.7179E-12
  0.6285E-11
  0.1212E-11
  0.2185E-11
  0.2310E-11
  0.1662E-11
  0.5409E-12
  0.2499E-12
  0.1788E-11
  0.1194E-10
  0.6105E-12
  0.3710E-11
  0.1766E-11
  0.2029E-12
  0.8574E-13
  0.5081E-12
  0.1161E-11
  0.1878E-11
  0.1293E-11
  0.9179E-12
  0.1291E-10
  0.2605E-11
  0.3286E-11
  0.1792E-11
  0.4448E-12
  0.3642E-12
  0.1384E-12
  0.4379E-11
  0.3685E-11
  0.1201E-10
  0.1866E-11
  0.2325E-11
  0.1172E-11
  0.1057E-11
  0.3790E-12
  0.1288E-11
  0.1736E-11
  0.5629E-12
  0.3508E-11
  0.3245E-11
  0.3644E-11
  0.9453E-12
  0.5832E-12
  0.2513E-11
  0.1307E-11
  0.1224E-11
  0.6358E-11
  0.1959E-11
  0.5789E-12
  0.5794E-12
  0.1639E-11
  0.1335E-11
  0.1791E-11
  0.2239E-11
  0.1491E-11
  0.7472E-12
  0.7828E-12
  0.2520E-11
  0.6911E-12
  0.8496E-12
  0.6745E-12
  0.4138E-12
  0.3178E-12
  0.4484E-12
  0.2820E-12
  0.4946E-12
  0.4961E-12
  0.5296E-12
  0.5605E-12
  0.1732E-11
  0.1231E-11
  0.1760E-11
  0.5710E-12
  0.1067E-11
  0.1636E-11
  0.1300E-11
  0.1359E-11
  0.8330E-12
  0.6030E-12
  0.3944E-12
  0.6999E-12
  0.9812E-12
  0.2952E-12
  0.5435E-12
  0.7270E-12
  0.9136E-12
  0.6608E-12
  0.6580E-12
  0.8519E-12
  0.2397E-12
  0.7938E-12
  0.9850E-12
  0.8569E-12
  0.4071E-12
  0.8567E-12
  0.1380E-11
  0.1098E-11
  0.3603E-12
  0.5078E-12
  0.2422E-12
  0.2215E-12
  0.5387E-12
  0.4719E-12
  0.3100E-12
  0.5390E-12
  0.7248E-12
  0.7481E-12
  0.3625E-12
  0.9569E-12
  0.3061E-12
  0.2085E-12
  0.8042E-12
  0.8150E-12
  0.8968E-12
  0.3161E-12
  0.6092E-12
  0.1176E-11
  0.8011E-12
  0.3029E-12
  0.5289E-12
  0.4808E-12
  0.5864E-12
  0.1265E-12
  0.6004E-12
  0.9615E-12
  0.3277E-12
  0.3741E-11
