 tauray
                          0.8392792882897948E-18
                          0.3842393933782249E-12
                          0.5688593779978865E-11
                          0.2805330059296216E-10
                          0.8750196522983845E-10
                          0.2119415618917473E-09
                          0.4371624335834582E-09
                          0.8068382921133691E-09
                          0.1372526218093508E-08
                          0.2193666660939530E-08
                          0.3337583438870726E-08
                          0.4879483738910013E-08
                          0.6902458116883929E-08
                          0.9497480497422656E-08
                          0.1276340817395998E-07
                          0.1680698180873336E-07
                          0.2174282543278385E-07
                          0.2769344644595615E-07
                          0.3478923561689856E-07
                          0.4316846708306305E-07
                          0.5297729835070518E-07
                          0.6436977029488420E-07
                          0.7750780715946292E-07
                          0.9256121655710771E-07
                          0.1097076894692889E-06
                          0.1291328002462800E-06
                          0.1510300066071586E-06
                          0.1756006496398053E-06
                          0.2030539538009052E-06
                          0.2336070269159460E-06
                          0.2674848601792201E-06
                          0.3049203281538228E-06
                          0.3461541887716531E-06
                          0.3914350833334137E-06
                          0.4410195365086115E-06
                          0.4951719563355561E-06
                          0.5541646342213609E-06
                          0.6182777449419438E-06
                          0.6877993466420259E-06
                          0.7630253808351304E-06
                          0.8442596724035869E-06
                          0.9318139295985263E-06
                          0.1026007744039885E-05
                          0.1127168590716401E-05
                          0.1235631827985617E-05
                          0.1351740697573880E-05
                          0.1475846324576340E-05
                          0.1608307717456949E-05
                          0.1749491768048467E-05
                          0.1899773251552452E-05
                          0.2059534826539271E-05
                          0.2229167034948090E-05
                          0.2409068302086881E-05
                          0.2599644936632422E-05
                          0.2801311130630287E-05
                          0.3014488959494862E-05
                          0.3239608382009335E-05
                          0.3477107240325692E-05
                          0.3727431259964728E-05
                          0.3991034049816039E-05
                          0.4268377102138031E-05
                          0.4559929792557899E-05
                          0.4866169380071658E-05
                          0.5187581007044119E-05
                          0.5524657699208902E-05
                          0.5877900365668409E-05
                          0.6247817798893882E-05
                          0.6634926674725334E-05
                          0.7039751552371599E-05
                          0.7462824874410313E-05
                          0.7904686966787913E-05
                          0.8365886038819641E-05
                          0.8846978183189532E-05
                          0.9348527375950440E-05
                          0.9871105476524021E-05
                          0.1041529222770072E-04
                          0.1098167525563981E-04
                          0.1157085006986934E-04
                          0.1218342006328617E-04
                          0.1281999651215600E-04
                          0.1348119857611327E-04
                          0.1416765329816128E-04
                          0.1487999560467211E-04
                          0.1561886830538663E-04
                          0.1638492209341454E-04
                          0.1717881554523433E-04
                          0.1800121512069327E-04
                          0.1885279516300750E-04
                          0.1973423789876189E-04
                          0.2064623343791016E-04
                          0.2158947977377483E-04
                          0.2256468278304720E-04
                          0.2357255622578738E-04
                          0.2461382174542430E-04
                          0.2568920886875567E-04
                          0.2679945500594806E-04
                          0.2794530545053674E-04
                          0.2912751337942589E-04
                          0.3034683985288844E-04
                          0.3160405381456611E-04
                          0.3289993209146950E-04
                          0.3423525939397790E-04
                          0.3561082831583950E-04
                          0.3702743933417121E-04
                          0.3848590080945887E-04
                          0.3998702898555697E-04
                          0.4153164798968892E-04
                          0.4312058983244686E-04
                          0.4475469440779177E-04
                          0.4643480949305350E-04
                          0.4816179074893054E-04
                          0.4993650171949029E-04
                          0.5175981383216898E-04
                          0.5363260639777156E-04
                          0.5555576661047188E-04
                          0.5753018954781250E-04
                          0.5955677817070479E-04
                          0.6163644332342908E-04
                          0.6377010373363424E-04
                          0.6595868601233816E-04
                          0.6820312465392746E-04
                          0.7050436203615755E-04
                          0.7286334842015264E-04
                          0.7528104195040573E-04
                          0.7775840865477877E-04
                          0.8029642244450229E-04
                          0.8289606511417577E-04
                          0.8555832634176743E-04
                          0.8828420368861437E-04
                          0.9107470259942241E-04
                          0.9393083640226616E-04
                          0.9685362630858915E-04
                          0.9984410141320353E-04
                          0.1029032986942905E-03
                          0.1060322630133999E-03
                          0.1092320471154504E-03
                          0.1125037116287294E-03
                          0.1158483250648933E-03
                          0.1192669638189670E-03
                          0.1227607121693446E-03
                          0.1263306622777887E-03
                          0.1299779141894308E-03
                          0.1337035758327712E-03
                          0.1375087630196789E-03
                          0.1413945994453920E-03
                          0.1453622166885171E-03
                          0.1494127542110296E-03
                          0.1535473593582740E-03
                          0.1577671873589634E-03
                          0.1620734013251796E-03
                          0.1664671722523736E-03
                          0.1709496790193645E-03
                          0.1755221083883410E-03
                          0.1801856550048602E-03
                          0.1849415213978479E-03
                          0.1897909179795988E-03
                          0.1947350630457767E-03
                          0.1997751827754137E-03
                          0.2049125112309110E-03
                          0.2101482903580387E-03
                          0.2154837699859355E-03
                          0.2209202078271090E-03
                          0.2264588694774354E-03
                          0.2321010284161601E-03
                          0.2378479660058968E-03
                          0.2437009714926286E-03
                          0.2496613420057068E-03
                          0.2557303825578520E-03
                          0.2619094060451532E-03
                          0.2681997332470685E-03
                          0.2746026928264248E-03
                          0.2811196213294175E-03
                          0.2877518631856114E-03
                          0.2945007707079393E-03
                          0.3013677040927033E-03
                          0.3083540314195743E-03
                          0.3154611286515919E-03
                          0.3226903796351645E-03
                          0.3300431761000693E-03
                          0.3375209176594524E-03
                          0.3451250118098287E-03
                          0.3528568739310817E-03
                          0.3607179272864641E-03
                          0.3687096030225966E-03
                          0.3768333401694695E-03
                          0.3850905856404424E-03
                          0.3934827942322419E-03
                          0.4020114286249646E-03
                          0.4106779593820762E-03
                          0.4194838649504111E-03
                          0.4284306316601713E-03
                          0.4375197537249285E-03
                          0.4467527332416239E-03
                          0.4561310801905665E-03
                          0.4656563124354344E-03
                          0.4753299557232741E-03
                          0.4851535436845017E-03
                          0.4951286178329013E-03
                          0.5052567275656269E-03
                          0.5155394301632003E-03
                          0.5259782907895119E-03
                          0.5365748824918222E-03
                          0.5473307862007590E-03
                          0.5582475907303202E-03
                          0.5693268927778715E-03
                          0.5805702969241477E-03
                          0.5919794156332530E-03
                          0.6035558692526604E-03
                          0.6153012860132100E-03
                          0.6272173020291122E-03
                          0.6393055612979469E-03
                          0.6515677157006615E-03
                          0.6640054250015720E-03
                          0.6766203568483640E-03
                          0.6894141867720911E-03
                          0.7023885981871778E-03
                          0.7155452823914147E-03
                          0.7288859385659623E-03
                          0.7424122737753504E-03
                          0.7561260029674774E-03
                          0.7700288489736094E-03
                          0.7841225425083822E-03
                          0.7984088221698024E-03
                          0.8128894344392413E-03
                          0.8275661336814417E-03
                          0.8424406821445144E-03
                          0.8575148499599395E-03
                          0.8727904151425656E-03
                          0.8882691635906097E-03
                          0.9039528890856588E-03
                          0.9198433932926670E-03
                          0.9359424857599587E-03
                          0.9522519839192266E-03
                          0.9687737130855318E-03
                          0.9855095064573048E-03
                          0.1002461205116344E-02
                          0.1019630658027818E-02
                          0.1037019722040264E-02
                          0.1054630261885586E-02
                          0.1072464150179058E-02
                          0.1090523267419325E-02
                          0.1108809501988398E-02
                          0.1127324750151657E-02
                          0.1146070916057852E-02
                          0.1165049911739100E-02
                          0.1184263657110891E-02
                          0.1203714079972079E-02
                          0.1223403116004889E-02
                          0.1243332708774912E-02
                          0.1263504809731115E-02
                          0.1283921378205825E-02
                          0.1304584381414745E-02
                          0.1325495794456942E-02
                          0.1346657600314854E-02
                          0.1368071789854285E-02
                          0.1389740361824414E-02
                          0.1411665322857783E-02
                          0.1433848687470305E-02
                          0.1456292478061260E-02
                          0.1478998724913301E-02
                          0.1501969466192445E-02
                          0.1525206747948081E-02
                          0.1548712624112965E-02
                          0.1572489156503225E-02
                          0.1596538414818350E-02
                          0.1620862476641210E-02
                          0.1645463427438031E-02
                          0.1670343360558417E-02
                          0.1695504377235337E-02
                          0.1720948586585128E-02
                          0.1746678105607499E-02
                          0.1772695059185525E-02
                          0.1799001580085650E-02
                          0.1825599808957689E-02
                          0.1852491894334826E-02
                          0.1879679992633608E-02
                          0.1907166268153957E-02
                          0.1934952893079163E-02
                          0.1963042047475883E-02
                          0.1991435919294141E-02
                          0.2020136704367335E-02
                          0.2049146606412229E-02
                          0.2078467837028953E-02
                          0.2108102615701011E-02
                          0.2138053169795274E-02
                          0.2168321734561979E-02
                          0.2198910553134735E-02
                          0.2229821876530519E-02
                          0.2261057963649678E-02
                          0.2292621081275924E-02
                          0.2324513504076341E-02
                          0.2356737514601382E-02
                          0.2389295403284867E-02
                          0.2422189468443985E-02
                          0.2455422016279296E-02
                          0.2488995360874727E-02
                          0.2522911824197572E-02
                          0.2557173736098499E-02
                          0.2591783434311540E-02
                          0.2626743264454096E-02
                          0.2662055580026941E-02
                          0.2697722742414213E-02
                          0.2733747120883422E-02
                          0.2770131092585446E-02
                          0.2806877042554530E-02
                          0.2843987363708292E-02
                          0.2881464456847712E-02
                          0.2919310730657147E-02
                          0.2957528601704316E-02
                          0.2996120494440312E-02
                          0.3035088841199592E-02
                          0.3074436082199983E-02
                          0.3114164665542686E-02
                          0.3154277047212263E-02
                          0.3194775691076651E-02
                          0.3235663068887153E-02
                          0.3276941660278438E-02
                          0.3318613952768551E-02
                          0.3360682441758901E-02
                          0.3403149630534263E-02
                          0.3446018030262791E-02
                          0.3489290159995993E-02
                          0.3532968546668761E-02
                          0.3577055725099342E-02
                          0.3621554237989366E-02
                          0.3666466635923821E-02
                          0.3711795477371068E-02
                          0.3757543328682830E-02
                          0.3803712764094212E-02
                          0.3850306365723683E-02
                          0.3897326723573069E-02
                          0.3944776435527581E-02
                          0.3992658107355791E-02
                          0.4040974352709637E-02
                          0.4089727793124436E-02
                          0.4138921058018860E-02
                          0.4188556784694964E-02
                          0.4238637618338158E-02
                          0.4289166212017234E-02
                          0.4340145226684345E-02
                          0.4391577331175013E-02
                          0.4443465202208128E-02
                          0.4495811524385958E-02
                          0.4548618990194128E-02
                          0.4601890300001636E-02
                          0.4655628162060852E-02
                          0.4709835292507509E-02
                          0.4764514415360719E-02
                          0.4819668262522947E-02
                          0.4875299573780040E-02
                          0.4931411096801206E-02
                          0.4988005587139032E-02
                          0.5045085808229463E-02
                          0.5102654531391822E-02
                          0.5160714535828784E-02
                          0.5219268608626414E-02
                          0.5278319544754132E-02
                          0.5337870147064735E-02
                          0.5397923226294381E-02
                          0.5458481601062604E-02
                          0.5519548097872300E-02
                          0.5581125551109740E-02
                          0.5643216803044561E-02
                          0.5705824703829766E-02
                          0.5768952111501731E-02
                          0.5832601891980203E-02
                          0.5896776919068291E-02
                          0.5961480074452478E-02
                          0.6026714247702610E-02
                          0.6092482336271907E-02
                          0.6158787245496966E-02
                          0.6225631888597729E-02
                          0.6293019186677529E-02
                          0.6360952068723055E-02
                          0.6429433471604378E-02
                          0.6498466340074919E-02
                          0.6568053626771484E-02
                          0.6638198292214249E-02
                          0.6708903304806739E-02
                          0.6780171640835873E-02
                          0.6852006284471915E-02
                          0.6924410227768513E-02
                          0.6997386470662687E-02
                          0.7070938020974812E-02
                          0.7145067894408637E-02
                          0.7219779114551289E-02
                          0.7295074712873249E-02
                          0.7370957728728387E-02
                          0.7447431209353909E-02
                          0.7524498209870426E-02
                          0.7602161793281899E-02
                          0.7680425030475652E-02
                          0.7759291000222397E-02
                          0.7838762789176196E-02
                          0.7918843491874486E-02
                          0.7999536210738085E-02
                          0.8080844056071158E-02
                          0.8162770146061267E-02
                          0.8245317606779302E-02
                          0.8328489572179571E-02
                          0.8412289184099701E-02
                          0.8496719592260732E-02
                          0.8581783954267043E-02
                          0.8667485435606397E-02
                          0.8753827209649919E-02
                          0.8840812457652107E-02
                          0.8928444368750817E-02
                          0.9016726139967296E-02
                          0.9105660976206135E-02
                          0.9195252090255299E-02
                          0.9285502702786155E-02
                          0.9376416042353383E-02
                          0.9467995345395067E-02
                          0.9560243856232661E-02
                          0.9653164827070976E-02
                          0.9746761517998196E-02
                          0.9841037196985869E-02
                          0.9935995139888925E-02
                          0.1003163863044565E-01
                          0.1012797096027770E-01
                          0.1022499542889010E-01
                          0.1032271534367126E-01
                          0.1042113401989293E-01
                          0.1052025478071026E-01
                          0.1062008095716174E-01
                          0.1072061588816923E-01
                          0.1082186292053801E-01
                          0.1092382540895664E-01
                          0.1102650671599714E-01
                          0.1112991021211484E-01
                          0.1123403927564845E-01
                          0.1133889729282006E-01
                          0.1144448765773513E-01
                          0.1155081377238248E-01
                          0.1165787904663429E-01
                          0.1176568689824613E-01
                          0.1187424075285693E-01
                          0.1198354404398896E-01
                          0.1209360021304794E-01
                          0.1220441270932285E-01
                          0.1231598498998613E-01
                          0.1242832052009354E-01
                          0.1254142277258422E-01
                          0.1265529522828067E-01
                          0.1276994137588880E-01
                          0.1288536471199783E-01
                          0.1300156874108038E-01
                          0.1311855697549245E-01
                          0.1323633293547338E-01
                          0.1335490014914590E-01
                          0.1347426215251610E-01
                          0.1359442248947344E-01
                          0.1371538471179075E-01
                          0.1383715237912422E-01
                          0.1395972905901344E-01
                          0.1408311832688132E-01
                          0.1420732376603418E-01
                          0.1433234896766169E-01
                          0.1445819753083689E-01
                          0.1458487306251618E-01
                          0.1471237917753936E-01
                          0.1484071949862959E-01
                          0.1496989765639334E-01
                          0.1509991728932054E-01
                          0.1523078204378443E-01
                          0.1536249557404163E-01
                          0.1549506154223214E-01
                          0.1562848361837931E-01
                          0.1576276548038988E-01
                          0.1589791081405395E-01
                          0.1603392331304499E-01
                          0.1617080667891981E-01
                          0.1630856462111865E-01
                          0.1644720085696509E-01
                          0.1658671911166602E-01
                          0.1672712311831181E-01
                          0.1686841661787612E-01
                          0.1701060335921598E-01
                          0.1715368709907183E-01
                          0.1729767160206746E-01
                          0.1744256064071001E-01
                          0.1758835799539002E-01
                          0.1773506745438137E-01
                          0.1788269281384133E-01
                          0.1803123787781053E-01
                          0.1818070645821296E-01
                          0.1833110237485601E-01
                          0.1848242945543040E-01
                          0.1863469153551026E-01
                          0.1878789245855302E-01
                          0.1894203607589956E-01
                          0.1909712624677410E-01
                          0.1925316683828419E-01
                          0.1941016172542080E-01
                          0.1956811479105825E-01
                          0.1972702992595420E-01
                          0.1988691102874976E-01
                          0.2004776200596931E-01
                          0.2020958677202066E-01
                          0.2037238924919500E-01
                          0.2053617336766681E-01
                          0.2070094306549401E-01
                          0.2086670228861788E-01
                          0.2103345499086306E-01
                          0.2120120513393756E-01
                          0.2136995668743273E-01
                          0.2153971362882334E-01
                          0.2171047994346750E-01
                          0.2188225962460667E-01
                          0.2205505667336574E-01
                          0.2222887509875289E-01
                          0.2240371891765976E-01
                          0.2257959215486125E-01
                          0.2275649884301571E-01
                          0.2293444302266484E-01
                          0.2311342874223371E-01
                          0.2329346005803074E-01
                          0.2347454103424774E-01
                          0.2365667574295988E-01
                          0.2383986826412569E-01
                          0.2402412268558707E-01
                          0.2420944310306933E-01
                          0.2439583362018110E-01
                          0.2458329834841437E-01
                          0.2477184140714456E-01
                          0.2496146692363040E-01
                          0.2515217903301402E-01
                          0.2534398187832091E-01
                          0.2553687961045992E-01
                          0.2573087638822329E-01
                          0.2592597637828660E-01
                          0.2612218375520882E-01
                          0.2631950270143229E-01
                          0.2651793740728274E-01
                          0.2671749207096917E-01
                          0.2691817089858410E-01
                          0.2711997810410326E-01
                          0.2732291790938589E-01
                          0.2752699454417450E-01
                          0.2773221224609504E-01
                          0.2793857526065677E-01
                          0.2814608784125234E-01
                          0.2835475424915778E-01
                          0.2856457875353248E-01
                          0.2877556563141920E-01
                          0.2898771916774405E-01
                          0.2920104365531656E-01
                          0.2941554339482959E-01
                          0.2963122269485935E-01
                          0.2984808587186548E-01
                          0.3006613725019091E-01
                          0.3028538116206198E-01
                          0.3050582194758844E-01
                          0.3072746395476336E-01
                          0.3095031153946316E-01
                          0.3117436906544769E-01
                          0.3139964090436011E-01
                          0.3162613143572698E-01
                          0.3185384504695822E-01
                          0.3208278613334714E-01
                          0.3231295909807035E-01
                          0.3254436835218794E-01
                          0.3277701831464329E-01
                          0.3301091341226314E-01
                          0.3324605807975767E-01
                          0.3348245675972034E-01
                          0.3372011390262805E-01
                          0.3395903396684103E-01
                          0.3419922141860288E-01
                          0.3444068073204061E-01
                          0.3468341638916458E-01
                          0.3492743287986842E-01
                          0.3517273470192931E-01
                          0.3541932636100765E-01
                          0.3566721237064730E-01
                          0.3591639725227545E-01
                          0.3616688553520264E-01
                          0.3641868175662279E-01
                          0.3667179046161319E-01
                          0.3692621620313458E-01
                          0.3718196354203095E-01
                          0.3743903704702969E-01
                          0.3769744129474156E-01
                          0.3795718086966077E-01
                          0.3821826036416478E-01
                          0.3848068437851445E-01
                          0.3874445752085411E-01
                          0.3900958440721132E-01
                          0.3927606966149705E-01
                          0.3954391791550570E-01
                          0.3981313380891497E-01
                          0.4008372198928597E-01
                          0.4035568711206314E-01
                          0.4062903384057433E-01
                          0.4090376684603073E-01
                          0.4117989080752689E-01
                          0.4145741041204078E-01
                          0.4173633035443368E-01
                          0.4201665533745029E-01
                          0.4229839007171866E-01
                          0.4258153927575016E-01
                          0.4286610767593961E-01
                          0.4315210000656513E-01
                          0.4343952100978826E-01
                          0.4372837543565389E-01
                          0.4401866804209022E-01
                          0.4431040359490899E-01
                          0.4460358686780510E-01
                          0.4489822264235691E-01
                          0.4519431570802621E-01
                          0.4549187086215806E-01
                          0.4579089290998095E-01
                          0.4609138666460670E-01
                          0.4639335694703053E-01
                          0.4669680858613103E-01
                          0.4700174641867010E-01
                          0.4730817528929306E-01
                          0.4761610005052864E-01
                          0.4792552556278885E-01
                          0.4823645669436915E-01
                          0.4854889832144827E-01
                          0.4886285532808839E-01
                          0.4917833260623506E-01
                          0.4949533505571719E-01
                          0.4981386758424694E-01
                          0.5013393510742005E-01
                          0.5045554254871547E-01
                          0.5077869483949560E-01
                          0.5110339691900619E-01
                          0.5142965373437628E-01
                          0.5175747024061841E-01
                          0.5208685140062840E-01
                          0.5241780218518545E-01
                          0.5275032757295219E-01
                          0.5308443255047449E-01
                          0.5342012211218178E-01
                          0.5375740126038663E-01
                          0.5409627500528517E-01
                          0.5443674836495688E-01
                          0.5477882636536447E-01
                          0.5512251404035410E-01
                          0.5546781643165535E-01
                          0.5581473858888109E-01
                          0.5616328556952761E-01
                          0.5651346243897452E-01
                          0.5686527427048487E-01
                          0.5721872614520505E-01
                          0.5757382315216472E-01
                          0.5793057038827706E-01
                          0.5828897295833860E-01
                          0.5864903597502909E-01
                          0.5901076455891174E-01
                          0.5937416383843330E-01
                          0.5973923894992360E-01
                          0.6010599503759594E-01
                          0.6047443725354713E-01
                          0.6084457075775714E-01
                          0.6121640071808946E-01
                          0.6158993231029083E-01
                          0.6196517071799155E-01
                          0.6234212113270501E-01
                          0.6272078875382819E-01
                          0.6310117878864138E-01
                          0.6348329645230821E-01
                          0.6386714696787575E-01
                          0.6425273556627424E-01
                          0.6464006748631755E-01
                          0.6502914797470280E-01
                          0.6541998228601044E-01
                          0.6581257568270434E-01
                          0.6620693343513176E-01
                          0.6660306082152326E-01
                          0.6700096312799278E-01
                          0.6740064564853776E-01
                          0.6780211368503880E-01
                          0.6820537254726007E-01
                          0.6861042755284885E-01
                          0.6901728402733608E-01
                          0.6942594730413597E-01
                          0.6983642272454596E-01
                          0.7024871563774705E-01
                          0.7066283140080347E-01
                          0.7107877537866288E-01
                          0.7149655294415634E-01
                          0.7191616947799824E-01
                          0.7233763036878631E-01
                          0.7276094101300165E-01
                          0.7318610681500883E-01
                          0.7361313318705569E-01
                          0.7404202554927344E-01
                          0.7447278932967674E-01
                          0.7490542996416354E-01
                          0.7533995289651514E-01
                          0.7577636357839630E-01
                          0.7621466746935505E-01
                          0.7665487003682288E-01
                          0.7709697675611464E-01
                          0.7754099311042847E-01
                          0.7798692459084589E-01
                          0.7843477669633188E-01
                          0.7888455493373478E-01
                          0.7933626481778608E-01
                          0.7978991187110100E-01
                          0.8024550162417785E-01
                          0.8070303961539838E-01
                          0.8116253139102776E-01
                          0.8162398250521445E-01
                          0.8208739851999040E-01
                          0.8255278500527087E-01
                          0.8302014753885434E-01
                          0.8348949170642296E-01
                          0.8396082310154189E-01
                          0.8443414732565999E-01
                          0.8490946998810932E-01
                          0.8538679670610529E-01
                          0.8586613310474676E-01
                          0.8634748481701589E-01
                          0.8683085748377836E-01
                          0.8731625675378291E-01
                          0.8780368828366203E-01
                          0.8829315773793125E-01
                          0.8878467078898965E-01
                          0.8927823311711967E-01
                          0.8977385041048705E-01
                          0.9027152836514100E-01
                          0.9077127268501387E-01
                          0.9127308908192172E-01
                          0.9177698327556365E-01
                          0.9228296099352246E-01
                          0.9279102797126404E-01
                          0.9330118995213765E-01
                          0.9381345268737623E-01
                          0.9432782193609564E-01
                          0.9484430346529549E-01
                          0.9536290304985864E-01
                          0.9588362647255114E-01
                          0.9640647952402273E-01
                          0.9693146800280618E-01
                          0.9745859771531798E-01
                          0.9798787447585766E-01
                          0.9851930410660834E-01
                          0.9905289243763638E-01
                          0.9958864530689153E-01
                          0.1001265685602071E+00
                          0.1006666680512995E+00
                          0.1012089496417686E+00
                          0.1017534192010977E+00
                          0.1023000826066534E+00
                          0.1028489457436858E+00
                          0.1034000145053280E+00
                          0.1039532947925971E+00
                          0.1045087925143929E+00
                          0.1050665135874990E+00
                          0.1056264639365822E+00
                          0.1061886494941929E+00
                          0.1067530762007643E+00
                          0.1073197500046136E+00
                          0.1078886768619410E+00
                          0.1084598627368304E+00
                          0.1090333136012487E+00
                          0.1096090354350462E+00
                          0.1101870342259568E+00
                          0.1107673159695978E+00
                          0.1113498866694694E+00
                          0.1119347523369559E+00
                          0.1125219189913243E+00
                          0.1131113926597253E+00
                          0.1137031793771928E+00
                          0.1142972851866444E+00
                          0.1148937161388806E+00
                          0.1154924782925857E+00
                          0.1160935777143270E+00
                          0.1166970204785555E+00
                          0.1173028126676054E+00
                          0.1179109603716942E+00
                          0.1185214696889228E+00
                          0.1191343467252758E+00
                          0.1197495975946206E+00
                          0.1203672284187083E+00
                          0.1209872453271734E+00
                          0.1216096544575338E+00
                          0.1222344619551905E+00
                          0.1228616739734280E+00
                          0.1234912966734144E+00
                          0.1241233362242009E+00
                          0.1247577988027220E+00
                          0.1253946905937959E+00
                          0.1260340177901239E+00
                          0.1266757865922907E+00
                          0.1273200032087644E+00
                          0.1279666738558967E+00
                          0.1286158047579222E+00
                          0.1292674021469593E+00
                          0.1299214722630094E+00
                          0.1305780213539575E+00
                          0.1312370556755722E+00
                          0.1318985814915049E+00
                          0.1325626050732907E+00
                          0.1332291327003483E+00
                          0.1338981706599791E+00
                          0.1345697252473686E+00
                          0.1352438027655852E+00
                          0.1359204095255808E+00
                          0.1365995518461907E+00
                          0.1372812360541336E+00
                          0.1379654684840114E+00
                          0.1386522554783097E+00
                          0.1393416033873970E+00
                          0.1400335185695256E+00
                          0.1407280073908309E+00
                          0.1414250762253317E+00
                          0.1421247314549306E+00
                          0.1428269794694126E+00
                          0.1435318266664473E+00
                          0.1442392794515865E+00
                          0.1449493442382662E+00
                          0.1456620274478053E+00
                          0.1463773355094066E+00
                          0.1470952748601554E+00
                          0.1478158519450213E+00
                          0.1485390732168566E+00
                          0.1492649451363974E+00
                          0.1499934741722628E+00
                          0.1507246668009556E+00
                          0.1514585295068618E+00
                          0.1521950687822506E+00
                          0.1529342911272752E+00
                          0.1536762030499713E+00
                          0.1544208110662586E+00
                          0.1551681216999399E+00
                          0.1559181414827015E+00
                          0.1566708769541129E+00
                          0.1574263346616271E+00
                          0.1581845211605807E+00
                          0.1589454430141930E+00
                          0.1597091067935674E+00
                          0.1604755190776901E+00
                          0.1612446864534313E+00
                          0.1620166155155436E+00
                          0.1627913128666642E+00
                          0.1635687851173127E+00
                          0.1643490388858923E+00
                          0.1651320807986897E+00
                          0.1659179174898752E+00
                          0.1667065556015018E+00
                          0.1674980017835065E+00
                          0.1682922626937096E+00
                          0.1690893449978143E+00
                          0.1698892553694077E+00
                          0.1706920004899598E+00
                          0.1714975870488245E+00
                          0.1723060217432386E+00
                          0.1731173112783224E+00
                          0.1739314623670798E+00
                          0.1747484817303978E+00
                          0.1755683760970468E+00
                          0.1763911522036808E+00
                          0.1772168167948367E+00
                          0.1780453766229354E+00
                          0.1788768384482806E+00
                          0.1797112090390595E+00
                          0.1805484951713432E+00
                          0.1813887036290855E+00
                          0.1822318412041236E+00
                          0.1830779146961787E+00
                          0.1839269309128545E+00
                          0.1847788966696387E+00
                          0.1856338187899025E+00
                          0.1864917041048996E+00
                          0.1873525594537680E+00
                          0.1882163916835285E+00
                          0.1890832076490854E+00
                          0.1899530142132269E+00
                          0.1908258182466236E+00
                          0.1917016266278300E+00
                          0.1925804462432840E+00
                          0.1934622839873072E+00
                          0.1943471467621035E+00
                          0.1952350414777614E+00
                          0.1961259750522517E+00
                          0.1970199544114296E+00
                          0.1979169864890327E+00
                          0.1988170782266828E+00
                          0.1997202365738843E+00
                          0.2006264684880258E+00
                          0.2015357809343783E+00
                          0.2024481808860971E+00
                          0.2033636753242203E+00
                          0.2042822712376694E+00
                          0.2052039756232498E+00
                          0.2061287954856494E+00
                          0.2070567378374403E+00
                          0.2079878096990773E+00
                          0.2089220180988990E+00
                          0.2098593700731274E+00
                          0.2107998726658675E+00
                          0.2117435329291080E+00
                          0.2126903579227208E+00
                          0.2136403547144611E+00
                          0.2145935303799678E+00
                          0.2155498920027627E+00
                          0.2165094466742514E+00
                          0.2174722014937229E+00
                          0.2184381635683490E+00
                          0.2194073400131852E+00
                          0.2203797379511705E+00
                          0.2213553645131274E+00
                          0.2223342268377612E+00
                          0.2233163320716613E+00
                          0.2243016873692995E+00
                          0.2252902998930322E+00
                          0.2262821768130979E+00
                          0.2272773253076193E+00
                          0.2282757525626026E+00
                          0.2292774657719366E+00
                          0.2302824721373939E+00
                          0.2312907788686306E+00
                          0.2323023931831861E+00
                          0.2333173223064828E+00
                          0.2343355734718270E+00
                          0.2353571539204081E+00
                          0.2363820709012989E+00
                          0.2374103316714554E+00
                          0.2384419434957173E+00
                          0.2394769136468076E+00
                          0.2405152494053323E+00
                          0.2415569580597813E+00
                          0.2426020469065274E+00
                          0.2436505232498272E+00
                          0.2447023944018202E+00
                          0.2457576676825297E+00
                          0.2468163504198620E+00
                          0.2478784499496073E+00
                          0.2489439736154384E+00
                          0.2500129287689123E+00
                          0.2510853227694686E+00
                          0.2521611629844309E+00
                          0.2532404567890056E+00
                          0.2543232115662831E+00
                          0.2554094347072368E+00
                          0.2564991336107232E+00
                          0.2575923156834830E+00
                          0.2586889883401390E+00
                          0.2597891590031989E+00
                          0.2608928351030523E+00
                          0.2620000240779735E+00
                          0.2631107333741188E+00
                          0.2642249704455293E+00
                          0.2653427427541282E+00
                          0.2664640577697230E+00
                          0.2675889229700040E+00
                          0.2687173458405450E+00
                          0.2698493338748034E+00
                          0.2709848945741197E+00
                          0.2721240354477181E+00
                          0.2732667640127055E+00
                          0.2744130877940730E+00
                          0.2755630143246943E+00
                          0.2767165511453272E+00
                          0.2778737058046125E+00
                          0.2790344858590741E+00
                          0.2801988988731200E+00
                          0.2813669524190405E+00
                          0.2825386540770105E+00
                          0.2837140114350872E+00
                          0.2848930320892118E+00
                          0.2860757236432087E+00
                          0.2872620937087856E+00
                          0.2884521499055339E+00
                          0.2896458998609279E+00
                          0.2908433512103253E+00
                          0.2920445115969676E+00
                          0.2932493886719792E+00
                          0.2944579900943681E+00
                          0.2956703235310261E+00
                          0.2968863966567274E+00
                          0.2981062171541301E+00
                          0.2993297927137756E+00
                          0.3005571310340891E+00
                          0.3017882398213787E+00
                          0.3030231267898359E+00
                          0.3042617996615354E+00
                          0.3055042661664358E+00
                          0.3067505340423783E+00
                          0.3080006110350885E+00
                          0.3092545048981747E+00
                          0.3105122233931283E+00
                          0.3117737742893248E+00
                          0.3130391653640225E+00
                          0.3143084044023636E+00
                          0.3155814991973728E+00
                          0.3168584575499592E+00
                          0.3181392872689145E+00
                          0.3194239961709143E+00
                          0.3207125920805171E+00
                          0.3220050828301652E+00
                          0.3233014762601835E+00
                          0.3246017802187817E+00
                          0.3259060025620513E+00
                          0.3272141511539681E+00
                          0.3285262338663911E+00
                          0.3298422585790627E+00
                          0.3311622331796084E+00
                          0.3324861655635374E+00
                          0.3338140636342413E+00
                          0.3351459353029975E+00
                          0.3364817884889636E+00
                          0.3378216311191827E+00
                          0.3391654711285810E+00
                          0.3405133164599670E+00
                          0.3418651750640339E+00
                          0.3432210548993578E+00
                          0.3445809639323977E+00
                          0.3459449101374967E+00
                          0.3473129014968802E+00
                          0.3486849460006584E+00
                          0.3500610516468238E+00
                          0.3514412264412524E+00
                          0.3528254783977044E+00
                          0.3542138155378221E+00
                          0.3556062458911323E+00
                          0.3570027774950445E+00
                          0.3584034183948515E+00
                          0.3598081766437300E+00
                          0.3612170603027395E+00
                          0.3626300774408235E+00
                          0.3640472361348084E+00
                          0.3654685444694043E+00
                          0.3668940105372038E+00
                          0.3683236424386840E+00
                          0.3697574482822053E+00
                          0.3711954361840101E+00
                          0.3726376142682261E+00
                          0.3740839906668625E+00
                          0.3755345735198135E+00
                          0.3769893709748558E+00
                          0.3784483911876492E+00
                          0.3799116423217375E+00
                          0.3813791325485482E+00
                          0.3828508700473910E+00
                          0.3843268630054595E+00
                          0.3858071196178312E+00
                          0.3872916480874660E+00
                          0.3887804566252084E+00
                          0.3902735534497848E+00
                          0.3917709467878063E+00
                          0.3932726448737663E+00
                          0.3947786559500428E+00
                          0.3962889882668955E+00
                          0.3978036500824690E+00
                          0.3993226496627908E+00
                          0.4008459952817712E+00
                          0.4023736952212048E+00
                          0.4039057577707684E+00
                          0.4054421912280236E+00
                          0.4069830038984140E+00
                          0.4085282040952673E+00
                          0.4100778001397952E+00
                          0.4116318003610912E+00
                          0.4131902130961330E+00
                          0.4147530466897821E+00
                          0.4163203094947825E+00
                          0.4178920098717625E+00
                          0.4194681561892328E+00
                          0.4210487568235880E+00
                          0.4226338201591061E+00
                          0.4242233545879488E+00
                          0.4258173685101603E+00
                          0.4274158703336683E+00
                          0.4290188684742847E+00
                          0.4306263713557043E+00
                          0.4322383874095050E+00
                          0.4338549250751480E+00
                          0.4354759927999785E+00
                          0.4371015990392249E+00
                          0.4387317522559984E+00
                          0.4403664609212941E+00
                          0.4420057335139906E+00
                          0.4436495785208495E+00
                          0.4452980044365152E+00
                          0.4469510197635171E+00
                          0.4486086330122664E+00
                          0.4502708527010587E+00
                          0.4519376873560720E+00
                          0.4536091455113684E+00
                          0.4552852357088937E+00
                          0.4569659664984759E+00
                          0.4586513464378275E+00
                          0.4603413840925434E+00
                          0.4620360880361029E+00
                          0.4637354668498678E+00
                          0.4654395291230834E+00
                          0.4671482834528788E+00
                          0.4688617384442664E+00
                          0.4705799027101416E+00
                          0.4723027848712835E+00
                          0.4740303935563541E+00
                          0.4757627374018993E+00
                          0.4774998250523486E+00
                          0.4792416651600138E+00
                          0.4809882663850912E+00
                          0.4827396373956596E+00
                          0.4844957868676819E+00
                          0.4862567234850035E+00
                          0.4880224559393545E+00
                          0.4897929929303467E+00
                          0.4915683431654764E+00
                          0.4933485153601236E+00
                          0.4951335182375503E+00
                          0.4969233605289031E+00
                          0.4987180509732110E+00
                          0.5005175983173875E+00
                          0.5023220113162284E+00
                          0.5041312987324132E+00
                          0.5059454693365054E+00
                          0.5077645319069513E+00
                          0.5095884952300799E+00
                          0.5114173681001049E+00
                          0.5132511593191226E+00
                          0.5150898776971129E+00
                          0.5169335320519389E+00
                          0.5187821312093470E+00
                          0.5206356840029676E+00
                          0.5224941992743136E+00
                          0.5243576858727814E+00
                          0.5262261526556520E+00
                          0.5280996084880881E+00
                          0.5299780622431364E+00
                          0.5318615228017275E+00
                          0.5337499990526742E+00
                          0.5356434998926740E+00
                          0.5375420342263069E+00
                          0.5394456109660365E+00
                          0.5413542390322102E+00
                          0.5432679273530576E+00
                          0.5451866848646931E+00
                          0.5471105205111134E+00
                          0.5490394432441990E+00
                          0.5509734620237141E+00
                          0.5529125858173055E+00
                          0.5548568236005039E+00
                          0.5568061843567230E+00
                          0.5587606770772603E+00
                          0.5607203107612965E+00
                          0.5626850944158959E+00
                          0.5646550370560054E+00
                          0.5666301477044564E+00
                          0.5686104353919623E+00
                          0.5705959091571211E+00
                          0.5725865780464133E+00
                          0.5745824511142035E+00
                          0.5765835374227396E+00
                          0.5785898460421519E+00
                          0.5806013860504552E+00
                          0.5826181665335475E+00
                          0.5846401965852090E+00
                          0.5866674853071050E+00
                          0.5887000418087829E+00
                          0.5907378752076738E+00
                          0.5927809946290927E+00
                          0.5948294092062374E+00
                          0.5968831280801893E+00
                          0.5989421603999127E+00
                          0.6010065153222561E+00
                          0.6030762020119504E+00
                          0.6051512296416109E+00
                          0.6072316073917357E+00
                          0.6093173444507061E+00
                          0.6114084500147868E+00
                          0.6135049332881266E+00
                          0.6156068034827564E+00
                          0.6177140698185922E+00
                          0.6198267415234316E+00
                          0.6219448278329567E+00
                          0.6240683379907326E+00
                          0.6261972812482072E+00
                          0.6283316668647128E+00
                          0.6304715041074648E+00
                          0.6326168022515616E+00
                          0.6347675705799853E+00
                          0.6369238183836010E+00
                          0.6390855549611570E+00
                          0.6412527896192861E+00
                          0.6434255316725034E+00
                          0.6456037904432080E+00
                          0.6477875752616812E+00
                          0.6499768954660896E+00
                          0.6521717604024811E+00
                          0.6543721794247885E+00
                          0.6565781618948275E+00
                          0.6587897171822975E+00
                          0.6610068546647802E+00
                          0.6632295837277417E+00
                          0.6654579137645305E+00
                          0.6676918541763794E+00
                          0.6699314143724046E+00
                          0.6721766037696048E+00
                          0.6744274317928636E+00
                          0.6766839078749461E+00
                          0.6789460414565016E+00
                          0.6812138419860628E+00
                          0.6834873189200459E+00
                          0.6857664817227501E+00
                          0.6880513398663587E+00
                          0.6903419028309384E+00
                          0.6926381801044372E+00
                          0.6949401811826889E+00
                          0.6972479155694097E+00
                          0.6995613927761994E+00
                          0.7018806223225407E+00
                          0.7042056137357996E+00
                          0.7065363765512270E+00
                          0.7088729203119553E+00
                          0.7112152545690004E+00
                          0.7135633888812632E+00
                          0.7159173328155265E+00
                          0.7182770959464574E+00
                          0.7206426878566048E+00
                          0.7230141181364030E+00
                          0.7253913963841683E+00
                          0.7277745322061008E+00
                          0.7301635352162842E+00
                          0.7325584150366838E+00
                          0.7349591812971523E+00
                          0.7373658436354217E+00
                          0.7397784116971091E+00
                          0.7421968951357146E+00
                          0.7446213036126230E+00
                          0.7470516467970997E+00
                          0.7494879343662958E+00
                          0.7519301760052455E+00
                          0.7543783814068651E+00
                          0.7568325602719558E+00
                          0.7592927223092010E+00
                          0.7617588772351680E+00
                          0.7642310347743074E+00
                          0.7667092046589540E+00
                          0.7691933966293236E+00
                          0.7716836204335186E+00
                          0.7741798858275220E+00
                          0.7766822025752010E+00
                          0.7791905804483078E+00
                          0.7817050292264746E+00
                          0.7842255586972201E+00
                          0.7867521786559459E+00
                          0.7892848989059349E+00
                          0.7918237292583553E+00
                          0.7943686795322585E+00
                          0.7969197595545787E+00
                          0.7994769791601337E+00
                          0.8020403481916247E+00
                          0.8046098764996354E+00
                          0.8071855739426346E+00
                          0.8097674503869731E+00
                          0.8123555157068859E+00
                          0.8149497797844903E+00
                          0.8175502525097887E+00
                          0.8201569437806646E+00
                          0.8227698635028871E+00
                          0.8253890215901067E+00
                          0.8280144279638588E+00
                          0.8306460925535616E+00
                          0.8332840252965170E+00
                          0.8359282361379097E+00
                          0.8385787350308076E+00
                          0.8412355319361617E+00
                          0.8438986368228089E+00
                          0.8465680596674666E+00
                          0.8492438104547362E+00
                          0.8519258991771032E+00
                          0.8546143358349368E+00
                          0.8573091304364876E+00
                          0.8600102929978912E+00
                          0.8627178335431674E+00
                          0.8654317621042172E+00
                          0.8681520887208254E+00
                          0.8708788234406618E+00
                          0.8736119763192781E+00
                          0.8763515574201096E+00
                          0.8790975768144760E+00
                          0.8818500445815772E+00
                          0.8846089708085015E+00
                          0.8873743655902162E+00
                          0.8901462390295743E+00
                          0.8929246012373108E+00
                          0.8957094623320456E+00
                          0.8985008324402811E+00
                          0.9012987216964018E+00
                          0.9041031402426782E+00
                          0.9069140982292621E+00
                          0.9097316058141894E+00
                          0.9125556731633796E+00
                          0.9153863104506361E+00
                          0.9182235278576439E+00
                          0.9210673355739719E+00
                          0.9239177437970735E+00
                          0.9267747627322855E+00
                          0.9296384025928266E+00
                          0.9325086735997992E+00
                          0.9353855859821897E+00
                          0.9382691499768691E+00
                          0.9411593758285880E+00
                          0.9440562737899845E+00
                          0.9469598541215783E+00
                          0.9498701270917711E+00
                          0.9527871029768494E+00
                          0.9557107920609850E+00
                          0.9586412046362295E+00
                          0.9615783510025194E+00
                          0.9645222414676752E+00
                          0.9674728863473990E+00
                          0.9704302959652786E+00
                          0.9733944806527834E+00
                          0.9763654507492677E+00
                          0.9793432166019672E+00
                          0.9823277885660024E+00
                          0.9853191770043771E+00
                          0.9883173922879773E+00
                          0.9913224447955742E+00
                          0.9943343449138199E+00
                          0.9973531030372528E+00
                          0.1000378729568293E+01
                          0.1003411234917243E+01
                          0.1006450629502292E+01
                          0.1009496923749509E+01
                          0.1012550128092847E+01
                          0.1015610252974145E+01
                          0.1018677308843123E+01
                          0.1021751306157385E+01
                          0.1024832255382417E+01
                          0.1027920166991591E+01
                          0.1031015051466160E+01
                          0.1034116919295262E+01
                          0.1037225780975917E+01
                          0.1040341647013031E+01
                          0.1043464527919389E+01
                          0.1046594434215664E+01
                          0.1049731376430409E+01
                          0.1052875365100062E+01
                          0.1056026410768944E+01
                          0.1059184523989259E+01
                          0.1062349715321096E+01
                          0.1065521995332424E+01
                          0.1068701374599097E+01
                          0.1071887863704857E+01
                          0.1075081473241320E+01
                          0.1078282213807994E+01
                          0.1081490096012265E+01
                          0.1084705130469407E+01
                          0.1087927327802571E+01
                          0.1091156698642797E+01
                          0.1094393253629006E+01
                          0.1097637003408003E+01
                          0.1100887958634477E+01
                          0.1104146129970997E+01
                          0.1107411528088020E+01
                          0.1110684163663884E+01
                          0.1113964047384810E+01
                          0.1117251189944902E+01
                          0.1120545602046151E+01
                          0.1123847294398426E+01
                          0.1127156277719485E+01
                          0.1130472562734963E+01
                          0.1133796160178384E+01
                          0.1137127080791153E+01
                          0.1140465335322557E+01
                          0.1143810934529771E+01
                          0.1147163889177848E+01
                          0.1150524210039727E+01
                          0.1153891907896229E+01
                          0.1157266993536061E+01
                          0.1160649477755812E+01
                          0.1164039371359952E+01
                          0.1167436685160839E+01
                          0.1170841429978711E+01
                          0.1174253616641689E+01
                          0.1177673255985780E+01
                          0.1181100358854873E+01
                          0.1184534936100740E+01
                          0.1187976998583035E+01
                          0.1191426557169300E+01
                          0.1194883622734956E+01
                          0.1198348206163309E+01
                          0.1201820318345548E+01
                          0.1205299970180746E+01
                          0.1208787172575859E+01
                          0.1212281936445724E+01
                          0.1215784272713067E+01
                          0.1219294192308493E+01
                          0.1222811706170490E+01
                          0.1226336825245433E+01
                          0.1229869560487576E+01
                          0.1233409922859059E+01
                          0.1236957923329906E+01
                          0.1240513572878023E+01
                          0.1244076882489199E+01
                          0.1247647863157106E+01
                          0.1251226525883302E+01
                          0.1254812881677227E+01
                          0.1258406941556202E+01
                          0.1262008716545435E+01
                          0.1265618217678016E+01
                          0.1269235455994918E+01
                          0.1272860442544996E+01
                          0.1276493188384992E+01
                          0.1280133704579529E+01
                          0.1283782002201112E+01
                          0.1287438092330134E+01
                          0.1291101986054865E+01
                          0.1294773694471465E+01
                          0.1298453228683972E+01
                          0.1302140599804309E+01
                          0.1305835818952286E+01
                          0.1309538897255589E+01
                          0.1313249845849796E+01
                          0.1316968675878360E+01
                          0.1320695398492623E+01
                          0.1324430024851810E+01
                          0.1328172566123027E+01
                          0.1331923033481264E+01
                          0.1335681438109395E+01
                          0.1339447791198177E+01
                          0.1343222103946253E+01
                          0.1347004387560143E+01
                          0.1350794653254258E+01
                          0.1354592912250885E+01
                          0.1358399175780202E+01
                          0.1362213455080263E+01
                          0.1366035761397011E+01
                          0.1369866105984269E+01
                          0.1373704500103745E+01
                          0.1377550955025030E+01
                          0.1381405482025597E+01
                          0.1385268092390807E+01
                          0.1389138797413896E+01
                          0.1393017608395992E+01
                          0.1396904536646102E+01
                          0.1400799593481116E+01
                          0.1404702790225810E+01
                          0.1408614138212842E+01
                          0.1412533648782752E+01
                          0.1416461333283964E+01
                          0.1420397203072787E+01
                          0.1424341269513413E+01
                          0.1428293543977915E+01
                          0.1432254037846252E+01
                          0.1436222762506265E+01
                          0.1440199729353680E+01
                          0.1444184949792105E+01
                          0.1448178435233028E+01
                          0.1452180197095830E+01
                          0.1456190246807764E+01
                          0.1460208595803975E+01
                          0.1464235255527486E+01
                          0.1468270237429206E+01
                          0.1472313552967925E+01
                          0.1476365213610321E+01
                          0.1480425230830952E+01
                          0.1484493616112259E+01
                          0.1488570380944568E+01
                          0.1492655536826086E+01
                          0.1496749095262905E+01
                          0.1500851067769003E+01
                          0.1504961465866236E+01
                          0.1509080301084348E+01
                          0.1513207584960962E+01
                          0.1517343329041588E+01
                          0.1521487544879619E+01
                          0.1525640244036331E+01
                          0.1529801438080880E+01
                          0.1533971138590310E+01
                          0.1538149357149547E+01
                          0.1542336105351401E+01
                          0.1546531394796564E+01
                          0.1550735237093608E+01
                          0.1554947643858996E+01
                          0.1559168626717070E+01
                          0.1563398197300055E+01
                          0.1567636367248060E+01
                          0.1571883148209078E+01
                          0.1576138551838986E+01
                          0.1580402589801541E+01
                          0.1584675273768389E+01
                          0.1588956615419053E+01
                          0.1593246626440945E+01
                          0.1597545318529355E+01
                          0.1601852703387461E+01
                          0.1606168792726322E+01
                          0.1610493598264881E+01
                          0.1614827131729964E+01
                          0.1619169404856281E+01
                          0.1623520429386425E+01
                          0.1627880217070873E+01
                          0.1632248779667984E+01
                          0.1636626128944001E+01
                          0.1641012276673051E+01
                          0.1645407234637141E+01
                          0.1649811014626170E+01
                          0.1654223628437910E+01
                          0.1658645087878024E+01
                          0.1663075404760051E+01
                          0.1667514590905423E+01
                          0.1671962658143445E+01
                          0.1676419618311314E+01
                          0.1680885483254107E+01
                          0.1685360264824783E+01
                          0.1689843974884183E+01
                          0.1694336625301039E+01
                          0.1698838227951958E+01
                          0.1703348794721433E+01
                          0.1707868337501844E+01
                          0.1712396868193448E+01
                          0.1716934398704391E+01
                          0.1721480940950700E+01
                          0.1726036506856286E+01
                          0.1730601108352941E+01
                          0.1735174757380344E+01
                          0.1739757465886053E+01
                          0.1744349245825517E+01
                          0.1748950109162057E+01
                          0.1753560067866889E+01
                          0.1758179133919104E+01
                          0.1762807319305680E+01
                          0.1767444636021479E+01
                          0.1772091096069243E+01
                          0.1776746711459603E+01
                          0.1781411494211067E+01
                          0.1786085456350029E+01
                          0.1790768609910769E+01
                          0.1795460966935447E+01
                          0.1800162539474107E+01
                          0.1804873339584677E+01
                          0.1809593379332969E+01
                          0.1814322670792675E+01
                          0.1819061226045377E+01
                          0.1823809057180533E+01
                          0.1828566176295487E+01
                          0.1833332595495469E+01
                          0.1838108326893590E+01
                          0.1842893382610845E+01
                          0.1847687774776111E+01
                          0.1852491515526149E+01
                          0.1857304617005606E+01
                          0.1862127091367010E+01
                          0.1866958950770769E+01
                          0.1871800207385182E+01
                          0.1876650873386426E+01
                          0.1881510960958562E+01
                          0.1886380482293535E+01
                          0.1891259449591175E+01
                          0.1896147875059194E+01
                          0.1901045770913183E+01
                          0.1905953149376625E+01
                          0.1910870022680881E+01
                          0.1915796403065193E+01
                          0.1920732302776695E+01
                          0.1925677734070394E+01
                          0.1930632709209190E+01
                          0.1935597240463856E+01
                          0.1940571340113058E+01
                          0.1945555020443342E+01
                          0.1950548293749135E+01
                          0.1955551172332751E+01
                          0.1960563668504382E+01
                          0.1965585794582110E+01
                          0.1970617562891897E+01
                          0.1975658985767590E+01
                          0.1980710075550914E+01
                          0.1985770844591483E+01
                          0.1990841305246796E+01
                          0.1995921469882229E+01
                          0.2001011350871044E+01
                          0.2006110960594389E+01
                          0.2011220311441293E+01
                          0.2016339415808667E+01
                          0.2021468286101310E+01
                          0.2026606934731896E+01
                          0.2031755374120993E+01
                          0.2036913616697044E+01
                          0.2042081674896381E+01
                          0.2047259561163215E+01
                          0.2052447287949643E+01
                          0.2057644867715644E+01
                          0.2062852312929080E+01
                          0.2068069636065700E+01
                          0.2073296849609134E+01
                          0.2078533966050890E+01
                          0.2083780997890369E+01
                          0.2089037957634848E+01
                          0.2094304857799495E+01
                          0.2099581710907351E+01
                          0.2104868529489348E+01
                          0.2110165326084299E+01
                          0.2115472113238901E+01
                          0.2120788903507735E+01
                          0.2126115709453263E+01
                          0.2131452543645832E+01
                          0.2136799418663673E+01
                          0.2142156347092897E+01
                          0.2147523341527503E+01
                          0.2152900414569371E+01
                          0.2158287578828264E+01
                          0.2163684846921829E+01
                          0.2169092231475598E+01
                          0.2174509745122983E+01
                          0.2179937400505279E+01
                          0.2185375210271672E+01
                          0.2190823187079222E+01
                          0.2196281343592875E+01
                          0.2201749692485464E+01
                          0.2207228246437702E+01
                          0.2212717018138187E+01
                          0.2218216020283400E+01
                          0.2223725265577702E+01
                          0.2229244766733344E+01
                          0.2234774536470454E+01
                          0.2240314587517050E+01
                          0.2245864932609023E+01
                          0.2251425584490160E+01
                          0.2256996555912121E+01
                          0.2262577859634457E+01
                          0.2268169508424598E+01
                          0.2273771515057858E+01
                          0.2279383892317432E+01
                          0.2285006652994405E+01
                          0.2290639809887741E+01
                          0.2296283375804287E+01
                          0.2301937363558773E+01
                          0.2307601785973814E+01
                          0.2313276655879909E+01
                          0.2318961986115439E+01
                          0.2324657789526669E+01
                          0.2330364078967744E+01
                          0.2336080867300700E+01
                          0.2341808167395447E+01
                          0.2347545992129787E+01
                          0.2353294354389401E+01
                          0.2359053267067853E+01
                          0.2364822743066591E+01
                          0.2370602795294945E+01
                          0.2376393436670134E+01
                          0.2382194680117254E+01
                          0.2388006538569285E+01
                          0.2393829024967095E+01
                          0.2399662152259433E+01
                          0.2405505933402928E+01
                          0.2411360381362096E+01
                          0.2417225509109334E+01
                          0.2423101329624930E+01
                          0.2428987855897042E+01
                          0.2434885100921721E+01
                          0.2440793077702901E+01
                          0.2446711799252398E+01
                          0.2452641278589907E+01
                          0.2458581528743012E+01
                          0.2464532562747179E+01
                          0.2470494393645757E+01
                          0.2476467034489979E+01
                          0.2482450498338955E+01
                          0.2488444798259692E+01
                          0.2494449947327068E+01
                          0.2500465958623847E+01
                          0.2506492845240681E+01
                          0.2512530620276105E+01
                          0.2518579296836527E+01
                          0.2524638888036255E+01
                          0.2530709406997466E+01
                          0.2536790866850227E+01
                          0.2542883280732487E+01
                          0.2548986661790080E+01
                          0.2555101023176723E+01
                          0.2561226378054013E+01
                          0.2567362739591429E+01
                          0.2573510120966346E+01
                          0.2579668535364009E+01
                          0.2585837995977553E+01
                          0.2592018516007986E+01
                          0.2598210108664219E+01
                          0.2604412787163028E+01
                          0.2610626564729081E+01
                          0.2616851454594929E+01
                          0.2623087470001005E+01
                          0.2629334624195624E+01
                          0.2635592930434983E+01
                          0.2641862401983171E+01
                          0.2648143052112153E+01
                          0.2654434894101775E+01
                          0.2660737941239776E+01
                          0.2667052206821770E+01
                          0.2673377704151255E+01
                          0.2679714446539617E+01
                          0.2686062447306123E+01
                          0.2692421719777924E+01
                          0.2698792277290050E+01
                          0.2705174133185421E+01
                          0.2711567300814834E+01
                          0.2717971793536976E+01
                          0.2724387624718412E+01
                          0.2730814807733591E+01
                          0.2737253355964851E+01
                          0.2743703282802408E+01
                          0.2750164601644357E+01
                          0.2756637325896690E+01
                          0.2763121468973270E+01
                          0.2769617044295847E+01
                          0.2776124065294055E+01
                          0.2782642545405413E+01
                          0.2789172498075321E+01
                          0.2795713936757064E+01
                          0.2802266874911804E+01
                          0.2808831326008600E+01
                          0.2815407303524381E+01
                          0.2821994820943964E+01
                          0.2828593891760054E+01
                          0.2835204529473233E+01
                          0.2841826747591966E+01
                          0.2848460559632608E+01
                          0.2855105979119394E+01
                          0.2861763019584438E+01
                          0.2868431694567743E+01
                          0.2875112017617191E+01
                          0.2881804002288554E+01
                          0.2888507662145481E+01
                          0.2895223010759507E+01
                          0.2901950061710047E+01
                          0.2908688828584408E+01
                          0.2915439324977772E+01
                          0.2922201564493204E+01
                          0.2928975560741661E+01
                          0.2935761327341975E+01
                          0.2942558877920864E+01
                          0.2949368226112926E+01
                          0.2956189385560653E+01
                          0.2963022369914410E+01
                          0.2969867192832447E+01
                          0.2976723867980902E+01
                          0.2983592409033792E+01
                          0.2990472829673018E+01
                          0.2997365143588364E+01
                          0.3004269364477503E+01
                          0.3011185506045983E+01
                          0.3018113582007241E+01
                          0.3025053606082592E+01
                          0.3032005592001244E+01
                          0.3038969553500278E+01
                          0.3045945504324664E+01
                          0.3052933458227252E+01
                          0.3059933428968782E+01
                          0.3066945430317870E+01
                          0.3073969476051016E+01
                          0.3081005579952610E+01
                          0.3088053755814919E+01
                          0.3095114017438096E+01
                          0.3102186378630173E+01
                          0.3109270853207070E+01
                          0.3116367454992595E+01
                          0.3123476197818428E+01
                          0.3130597095524139E+01
                          0.3137730161957183E+01
                          0.3144875410972894E+01
                          0.3152032856434490E+01
                          0.3159202512213078E+01
                          0.3166384392187639E+01
                          0.3173578510245046E+01
                          0.3180784880280048E+01
                          0.3188003516195283E+01
                          0.3195234431901273E+01
                          0.3202477641316418E+01
                          0.3209733158367001E+01
                          0.3217000996987197E+01
                          0.3224281171119058E+01
                          0.3231573694712520E+01
                          0.3238878581725400E+01
                          0.3246195846123404E+01
                          0.3253525501880118E+01
                          0.3260867562977008E+01
                          0.3268222043403433E+01
                          0.3275588957156627E+01
                          0.3282968318241710E+01
                          0.3290360140671684E+01
                          0.3297764438467435E+01
                          0.3305181225657735E+01
                          0.3312610516279238E+01
                          0.3320052324376477E+01
                          0.3327506664001876E+01
                          0.3334973549215736E+01
                          0.3342452994086249E+01
                          0.3349945012689476E+01
                          0.3357449619109378E+01
                          0.3364966827437789E+01
                          0.3372496651774430E+01
                          0.3380039106226902E+01
                          0.3387594204910696E+01
                          0.3395161961949180E+01
                          0.3402742391473609E+01
                          0.3410335507623122E+01
                          0.3417941324544736E+01
                          0.3425559856393356E+01
                          0.3433191117331767E+01
                          0.3440835121530645E+01
                          0.3448491883168540E+01
                          0.3456161416431887E+01
                          0.3463843735515014E+01
                          0.3471538854620121E+01
                          0.3479246787957295E+01
                          0.3486967549744507E+01
                          0.3494701154207609E+01
                          0.3502447615580344E+01
                          0.3510206948104329E+01
                          0.3517979166029067E+01
                          0.3525764283611951E+01
                          0.3533562315118250E+01
                          0.3541373274821113E+01
                          0.3549197177001586E+01
                          0.3557034035948584E+01
                          0.3564883865958916E+01
                          0.3572746681337264E+01
                          0.3580622496396207E+01
                          0.3588511325456195E+01
                          0.3596413182845566E+01
                          0.3604328082900542E+01
                          0.3612256039965224E+01
                          0.3620197068391608E+01
                          0.3628151182539557E+01
                          0.3636118396776833E+01
                          0.3644098725479072E+01
                          0.3652092183029795E+01
                          0.3660098783820402E+01
                          0.3668118542250191E+01
                          0.3676151472726327E+01
                          0.3684197589663864E+01
                          0.3692256907485747E+01
                          0.3700329440622793E+01
                          0.3708415203513708E+01
                          0.3716514210605078E+01
                          0.3724626476351379E+01
                          0.3732752015214967E+01
                          0.3740890841666078E+01
                          0.3749042970182832E+01
                          0.3757208415251235E+01
                          0.3765387191365181E+01
                          0.3773579313026438E+01
                          0.3781784794744659E+01
                          0.3790003651037388E+01
                          0.3798235896430046E+01
                          0.3806481545455934E+01
                          0.3814740612656247E+01
                          0.3823013112580055E+01
                          0.3831299059784312E+01
                          0.3839598468833859E+01
                          0.3847911354301420E+01
                          0.3856237730767597E+01
                          0.3864577612820884E+01
                          0.3872931015057644E+01
                          0.3881297952082144E+01
                          0.3889678438506516E+01
                          0.3898072488950789E+01
                          0.3906480118042864E+01
                          0.3914901340418529E+01
                          0.3923336170721462E+01
                          0.3931784623603212E+01
                          0.3940246713723227E+01
                          0.3948722455748825E+01
                          0.3957211864355213E+01
                          0.3965714954225477E+01
                          0.3974231740050599E+01
                          0.3982762236529428E+01
                          0.3991306458368702E+01
                          0.3999864420283051E+01
                          0.4008436136994979E+01
                          0.4017021623234873E+01
                          0.4025620893741007E+01
                          0.4034233963259538E+01
                          0.4042860846544509E+01
                          0.4051501558357840E+01
                          0.4060156113469336E+01
                          0.4068824526656690E+01
                          0.4077506812705476E+01
                          0.4086202986409150E+01
                          0.4094913062569047E+01
                          0.4103637055994398E+01
                          0.4112374981502309E+01
                          0.4121126853917766E+01
                          0.4129892688073642E+01
                          0.4138672498810699E+01
                          0.4147466300977578E+01
                          0.4156274109430796E+01
                          0.4165095939034762E+01
                          0.4173931804661770E+01
                          0.4182781721191991E+01
                          0.4191645703513486E+01
                          0.4200523766522189E+01
                          0.4209415925121930E+01
                          0.4218322194224413E+01
                          0.4227242588749228E+01
                          0.4236177123623853E+01
                          0.4245125813783638E+01
                          0.4254088674171836E+01
                          0.4263065719739558E+01
                          0.4272056965445819E+01
                          0.4281062426257509E+01
                          0.4290082117149400E+01
                          0.4299116053104148E+01
                          0.4308164249112299E+01
                          0.4317226720172279E+01
                          0.4326303481290387E+01
                          0.4335394547480821E+01
                          0.4344499933765654E+01
                          0.4353619655174843E+01
                          0.4362753726746225E+01
                          0.4371902163525533E+01
                          0.4381064980566368E+01
                          0.4390242192930227E+01
                          0.4399433815686481E+01
                          0.4408639863912390E+01
                          0.4417860352693094E+01
                          0.4427095297121613E+01
                          0.4436344712298865E+01
                          0.4445608613333636E+01
                          0.4454887015342600E+01
                          0.4464179933450317E+01
                          0.4473487382789227E+01
                          0.4482809378499660E+01
                          0.4492145935729819E+01
                          0.4501497069635791E+01
                          0.4510862795381565E+01
                          0.4520243128138990E+01
                          0.4529638083087806E+01
                          0.4539047675415645E+01
                          0.4548471920318014E+01
                          0.4557910832998297E+01
                          0.4567364428667781E+01
                          0.4576832722545618E+01
                          0.4586315729858849E+01
                          0.4595813465842404E+01
                          0.4605325945739089E+01
                          0.4614853184799598E+01
                          0.4624395198282501E+01
                          0.4633952001454264E+01
                          0.4643523609589226E+01
                          0.4653110037969612E+01
                          0.4662711301885530E+01
                          0.4672327416634977E+01
                          0.4681958397523826E+01
                          0.4691604259865835E+01
                          0.4701265018982643E+01
                          0.4710940690203789E+01
                          0.4720631288866665E+01
                          0.4730336830316576E+01
                          0.4740057329906694E+01
                          0.4749792802998073E+01
                          0.4759543264959667E+01
                          0.4769308731168294E+01
                          0.4779089217008661E+01
                          0.4788884737873370E+01
                          0.4798695309162890E+01
                          0.4808520946285582E+01
                          0.4818361664657692E+01
                          0.4828217479703344E+01
                          0.4838088406854546E+01
                          0.4847974461551193E+01
                          0.4857875659241057E+01
                          0.4867792015379806E+01
                          0.4877723545430974E+01
                          0.4887670264865996E+01
                          0.4897632189164177E+01
                          0.4907609333812712E+01
                          0.4917601714306672E+01
                          0.4927609346149025E+01
                          0.4937632244850612E+01
                          0.4947670425930157E+01
                          0.4957723904914273E+01
                          0.4967792697337449E+01
                          0.4977876818742066E+01
                          0.4987976284678385E+01
                          0.4998091110704542E+01
                          0.5008221312386572E+01
                          0.5018366905298387E+01
                          0.5028527905021772E+01
                          0.5038704327146406E+01
                          0.5048896187269856E+01
                          0.5059103500997557E+01
                          0.5069326283942842E+01
                          0.5079564551726925E+01
                          0.5089818319978886E+01
                          0.5100087604335714E+01
                          0.5110372420442268E+01
                          0.5120672783951290E+01
                          0.5130988710523409E+01
                          0.5141320215827133E+01
                          0.5151667315538854E+01
                          0.5162030025342858E+01
                          0.5172408360931299E+01
                          0.5182802338004223E+01
                          0.5193211972269557E+01
                          0.5203637279443109E+01
                          0.5214078275248580E+01
                          0.5224534975417541E+01
                          0.5235007395689460E+01
                          0.5245495551811677E+01
