 Adiabat temperature at each level [K]
    238.7082
    230.5120
    222.6109
    215.1790
    208.2038
    201.6557
    195.4978
    189.6911
    184.1969
    178.9784
    174.0009
    169.2323
    164.6432
    160.2071
    155.9001
    151.8875
    149.9990
    149.9990
    149.9990
    149.9990
    149.9990
    149.9990
    149.9990
    149.9990
    149.9990
    149.9990
    149.9990
    149.9990
    149.9990
    149.9990
    149.9990
    149.9990
    149.9990
    149.9990
    149.9990
    149.9990
    149.9990
    149.9990
    149.9990
    149.9990
    149.9990
    149.9990
    149.9990
    149.9990
    149.9990
    149.9990
    149.9990
    149.9990
    149.9990
    149.9990
    149.9990
