 Flux gradient shortwave
      -12.2245
       -9.8101
       -7.0583
       -4.0514
       -2.2577
       -1.4158
       -1.1865
       -1.0504
       -0.9383
       -0.8579
       -0.7957
       -0.7434
       -0.6982
       -0.6583
       -0.6231
       -0.5926
       -0.5659
       -0.5414
       -0.5206
       -0.5034
       -0.4901
       -0.4811
       -0.4779
       -0.4824
       -0.4959
       -0.5172
       -0.5419
       -0.5632
       -0.5745
       -0.5715
       -0.5529
       -0.5200
       -0.4762
       -0.4262
       -0.3787
       -0.3543
       -0.3810
       -0.4570
       -0.5342
       -0.5593
       -0.5088
       -0.4024
       -0.3140
       -0.2701
       -0.2081
       -0.1909
       -0.1395
       -0.0586
       -0.0136
       -0.0026
