 Flux gradient longwave
       20.7252
       16.8205
       13.5705
        9.4436
        5.0173
        1.4167
        1.1580
        1.0914
        0.9220
        0.8551
        0.7892
        0.7281
        0.7195
        0.6516
        0.6165
        0.5867
        0.5587
        0.5353
        0.5230
        0.5182
        0.4651
        0.5013
        0.4544
        0.4922
        0.4842
        0.5193
        0.5203
        0.5742
        0.5800
        0.5814
        0.5362
        0.5227
        0.4666
        0.4252
        0.3804
        0.3543
        0.3892
        0.4492
        0.5324
        0.5566
        0.5086
        0.4024
        0.3141
        0.2704
        0.2081
        0.1899
        0.1396
        0.0588
        0.0134
        0.0104
