 Shortwave heating rate [K/s]
  0.1963E-02
  0.1844E-02
  0.1547E-02
  0.1031E-02
  0.6637E-03
  0.4782E-03
  0.4578E-03
  0.4605E-03
  0.4646E-03
  0.4771E-03
  0.4942E-03
  0.5130E-03
  0.5327E-03
  0.5529E-03
  0.5737E-03
  0.5963E-03
  0.6203E-03
  0.6452E-03
  0.6733E-03
  0.7058E-03
  0.7445E-03
  0.7918E-03
  0.8525E-03
  0.9336E-03
  0.1043E-02
  0.1184E-02
  0.1354E-02
  0.1541E-02
  0.1727E-02
  0.1894E-02
  0.2031E-02
  0.2128E-02
  0.2183E-02
  0.2205E-02
  0.2228E-02
  0.2392E-02
  0.2982E-02
  0.4199E-02
  0.5844E-02
  0.7410E-02
  0.8336E-02
  0.8362E-02
  0.8554E-02
  0.1007E-01
  0.1125E-01
  0.1630E-01
  0.2153E-01
  0.2089E-01
  0.1975E-01
  0.1947E-01
