 Longwave heating rate [K/s]
 -0.3327E-02
 -0.3162E-02
 -0.2975E-02
 -0.2403E-02
 -0.1475E-02
 -0.4785E-03
 -0.4468E-03
 -0.4785E-03
 -0.4565E-03
 -0.4755E-03
 -0.4902E-03
 -0.5025E-03
 -0.5490E-03
 -0.5472E-03
 -0.5677E-03
 -0.5903E-03
 -0.6125E-03
 -0.6379E-03
 -0.6764E-03
 -0.7265E-03
 -0.7065E-03
 -0.8250E-03
 -0.8106E-03
 -0.9527E-03
 -0.1018E-02
 -0.1189E-02
 -0.1300E-02
 -0.1571E-02
 -0.1743E-02
 -0.1927E-02
 -0.1969E-02
 -0.2139E-02
 -0.2139E-02
 -0.2200E-02
 -0.2238E-02
 -0.2392E-02
 -0.3047E-02
 -0.4128E-02
 -0.5825E-02
 -0.7375E-02
 -0.8333E-02
 -0.8362E-02
 -0.8556E-02
 -0.1008E-01
 -0.1125E-01
 -0.1621E-01
 -0.2154E-01
 -0.2098E-01
 -0.1947E-01
 -0.7618E-01
