 Species molar concentration at each layer [mol/mol]
  0.9900E+00
  0.1000E-01
  0.4011E-03
  0.9900E+00
  0.1000E-01
  0.1486E-03
  0.9900E+00
  0.1000E-01
  0.5204E-04
  0.9900E+00
  0.1000E-01
  0.1764E-04
  0.9900E+00
  0.1000E-01
  0.5853E-05
  0.9900E+00
  0.1000E-01
  0.2036E-05
  0.9900E+00
  0.1000E-01
  0.1410E-05
  0.9900E+00
  0.1000E-01
  0.1198E-05
  0.9900E+00
  0.1000E-01
  0.1061E-05
  0.9900E+00
  0.1000E-01
  0.1026E-05
  0.9900E+00
  0.1000E-01
  0.1026E-05
  0.9900E+00
  0.1000E-01
  0.1026E-05
  0.9900E+00
  0.1000E-01
  0.1026E-05
  0.9900E+00
  0.1000E-01
  0.1026E-05
  0.9900E+00
  0.1000E-01
  0.1026E-05
  0.9900E+00
  0.1000E-01
  0.1026E-05
  0.9900E+00
  0.1000E-01
  0.1026E-05
  0.9900E+00
  0.1000E-01
  0.1026E-05
  0.9900E+00
  0.1000E-01
  0.1026E-05
  0.9900E+00
  0.1000E-01
  0.1026E-05
  0.9900E+00
  0.1000E-01
  0.1026E-05
  0.9900E+00
  0.1000E-01
  0.1026E-05
  0.9900E+00
  0.1000E-01
  0.1026E-05
  0.9900E+00
  0.1000E-01
  0.1026E-05
  0.9900E+00
  0.1000E-01
  0.1026E-05
  0.9900E+00
  0.1000E-01
  0.1026E-05
  0.9900E+00
  0.1000E-01
  0.1026E-05
  0.9900E+00
  0.1000E-01
  0.1026E-05
  0.9900E+00
  0.1000E-01
  0.1026E-05
  0.9900E+00
  0.1000E-01
  0.1026E-05
  0.9900E+00
  0.1000E-01
  0.1026E-05
  0.9900E+00
  0.1000E-01
  0.1026E-05
  0.9900E+00
  0.1000E-01
  0.1026E-05
  0.9900E+00
  0.1000E-01
  0.1026E-05
  0.9900E+00
  0.1000E-01
  0.1026E-05
  0.9900E+00
  0.1000E-01
  0.1026E-05
  0.9900E+00
  0.1000E-01
  0.1026E-05
  0.9900E+00
  0.1000E-01
  0.1026E-05
  0.9900E+00
  0.1000E-01
  0.1026E-05
  0.9900E+00
  0.1000E-01
  0.1026E-05
  0.9900E+00
  0.1000E-01
  0.1026E-05
  0.9900E+00
  0.1000E-01
  0.1026E-05
  0.9900E+00
  0.1000E-01
  0.1026E-05
  0.9900E+00
  0.1000E-01
  0.1026E-05
  0.9900E+00
  0.1000E-01
  0.1026E-05
  0.9900E+00
  0.1000E-01
  0.1026E-05
  0.9900E+00
  0.1000E-01
  0.1026E-05
  0.9900E+00
  0.1000E-01
  0.1026E-05
  0.9900E+00
  0.1000E-01
  0.1026E-05
  0.9900E+00
  0.1000E-01
  0.1026E-05
