 Downwards broadband flux at each level [W/m2]
      171.9205
      130.6693
       95.5800
       68.0741
       48.4401
       36.1545
       30.4219
       27.1679
       24.7775
       22.9605
       21.5162
       20.3246
       19.3662
       18.5286
       17.7957
       17.1575
       16.5582
       15.9542
       15.3472
       14.7548
       14.1544
       13.6216
       13.0997
       12.6297
       12.1798
       11.7431
       11.2872
       10.8191
       10.2825
        9.6586
        8.9506
        8.2192
        7.4727
        6.7511
        6.0875
        5.5072
        5.0301
        4.5994
        4.1382
        3.5681
        2.8924
        2.1886
        1.5680
        1.0814
        0.6980
        0.4238
        0.2291
        0.1106
        0.0487
        0.0162
        0.0000
