 height of levels
  0.0000E+00
  0.5967E+04
  0.1150E+05
  0.1664E+05
  0.2141E+05
  0.2585E+05
  0.3000E+05
  0.3399E+05
  0.3785E+05
  0.4161E+05
  0.4530E+05
  0.4893E+05
  0.5253E+05
  0.5611E+05
  0.5970E+05
  0.6330E+05
  0.6693E+05
  0.7061E+05
  0.7433E+05
  0.7812E+05
  0.8199E+05
  0.8594E+05
  0.9001E+05
  0.9419E+05
  0.9850E+05
  0.1030E+06
  0.1076E+06
  0.1124E+06
  0.1175E+06
  0.1227E+06
  0.1282E+06
  0.1339E+06
  0.1399E+06
  0.1462E+06
  0.1527E+06
  0.1596E+06
  0.1670E+06
  0.1748E+06
  0.1832E+06
  0.1923E+06
  0.2022E+06
  0.2128E+06
  0.2243E+06
  0.2369E+06
  0.2508E+06
  0.2665E+06
  0.2847E+06
  0.3063E+06
  0.3308E+06
  0.3477E+06
  0.3540E+06
