 Outgoing longwave flux vs. time [W/m2]
  0.1613E+03
  0.1629E+03
  0.1614E+03
  0.1598E+03
  0.1582E+03
  0.1568E+03
  0.1554E+03
  0.1542E+03
  0.1531E+03
  0.1521E+03
  0.1511E+03
  0.1503E+03
  0.1495E+03
  0.1488E+03
  0.1481E+03
  0.1475E+03
  0.1470E+03
  0.1465E+03
  0.1460E+03
  0.1455E+03
  0.1451E+03
  0.1448E+03
  0.1444E+03
  0.1441E+03
  0.1438E+03
  0.1436E+03
  0.1433E+03
  0.1431E+03
  0.1429E+03
  0.1427E+03
  0.1425E+03
  0.1424E+03
  0.1422E+03
  0.1421E+03
  0.1419E+03
  0.1418E+03
  0.1416E+03
  0.1415E+03
  0.1414E+03
  0.1413E+03
  0.1412E+03
  0.1411E+03
  0.1411E+03
  0.1409E+03
  0.1409E+03
  0.1408E+03
  0.1407E+03
  0.1407E+03
  0.1406E+03
  0.1406E+03
  0.1405E+03
  0.1405E+03
  0.1405E+03
  0.1404E+03
  0.1404E+03
  0.1403E+03
  0.1403E+03
  0.1403E+03
  0.1403E+03
  0.1402E+03
  0.1402E+03
  0.1402E+03
  0.1402E+03
  0.1402E+03
  0.1402E+03
  0.1401E+03
  0.1401E+03
  0.1401E+03
  0.1401E+03
  0.1401E+03
  0.1401E+03
  0.1401E+03
  0.1401E+03
  0.1401E+03
  0.1401E+03
  0.1401E+03
  0.1401E+03
  0.1401E+03
  0.1401E+03
  0.1400E+03
  0.1400E+03
  0.1400E+03
  0.1400E+03
  0.1400E+03
  0.1400E+03
  0.1400E+03
  0.1400E+03
  0.1400E+03
  0.1400E+03
  0.1400E+03
  0.1400E+03
  0.1400E+03
  0.1400E+03
  0.1400E+03
  0.1400E+03
  0.1400E+03
  0.1400E+03
  0.1400E+03
  0.1400E+03
  0.1400E+03
  0.1400E+03
  0.1400E+03
  0.1400E+03
  0.1400E+03
  0.1400E+03
  0.1400E+03
  0.1400E+03
  0.1400E+03
  0.1400E+03
  0.1400E+03
  0.1400E+03
  0.1400E+03
  0.1400E+03
  0.1400E+03
  0.1400E+03
  0.1400E+03
  0.1400E+03
  0.1400E+03
  0.1400E+03
  0.1400E+03
  0.1400E+03
  0.1400E+03
  0.1400E+03
  0.1400E+03
  0.1400E+03
  0.1400E+03
  0.1400E+03
  0.1400E+03
  0.1400E+03
  0.1400E+03
  0.1400E+03
  0.1400E+03
  0.1400E+03
  0.1400E+03
  0.1400E+03
  0.1400E+03
  0.1400E+03
  0.1400E+03
  0.1400E+03
  0.1400E+03
  0.1400E+03
  0.1400E+03
  0.1400E+03
  0.1400E+03
  0.1400E+03
  0.1400E+03
  0.1400E+03
  0.1400E+03
  0.1400E+03
  0.1400E+03
  0.1400E+03
  0.1400E+03
  0.1400E+03
  0.1400E+03
  0.1400E+03
  0.1400E+03
  0.1400E+03
  0.1400E+03
  0.1400E+03
  0.1400E+03
  0.1400E+03
  0.1400E+03
  0.1400E+03
  0.1400E+03
  0.1400E+03
  0.1400E+03
  0.1400E+03
  0.1400E+03
  0.1400E+03
  0.1400E+03
  0.1400E+03
  0.1400E+03
  0.1400E+03
  0.1400E+03
  0.1400E+03
  0.1400E+03
  0.1400E+03
  0.1400E+03
  0.1400E+03
  0.1400E+03
  0.1400E+03
  0.1400E+03
  0.1400E+03
  0.1400E+03
  0.1400E+03
  0.1400E+03
  0.1400E+03
  0.1400E+03
  0.1400E+03
  0.1400E+03
  0.1400E+03
  0.1400E+03
  0.1400E+03
  0.1400E+03
  0.1400E+03
  0.1400E+03
  0.1400E+03
  0.1400E+03
  0.1400E+03
  0.1400E+03
  0.1400E+03
  0.1400E+03
  0.1400E+03
  0.1400E+03
  0.1400E+03
  0.1400E+03
  0.1400E+03
  0.1400E+03
  0.1400E+03
  0.1400E+03
  0.1400E+03
  0.1400E+03
  0.1400E+03
  0.1400E+03
  0.1400E+03
  0.1400E+03
  0.1400E+03
  0.1400E+03
  0.1400E+03
  0.1400E+03
  0.1400E+03
  0.1400E+03
  0.1400E+03
  0.1400E+03
  0.1400E+03
  0.1400E+03
  0.1400E+03
  0.1400E+03
  0.1400E+03
  0.1400E+03
  0.1400E+03
  0.1400E+03
  0.1400E+03
  0.1400E+03
  0.1400E+03
  0.1400E+03
  0.1400E+03
  0.1400E+03
  0.1400E+03
  0.1400E+03
  0.1400E+03
  0.1400E+03
  0.1400E+03
  0.1400E+03
  0.1400E+03
  0.1400E+03
  0.1400E+03
  0.1400E+03
  0.1400E+03
  0.1400E+03
  0.1400E+03
  0.1400E+03
  0.1400E+03
  0.1400E+03
  0.1400E+03
  0.1400E+03
  0.1400E+03
  0.1400E+03
  0.1400E+03
  0.1400E+03
  0.1400E+03
  0.1400E+03
  0.1400E+03
  0.1400E+03
  0.1400E+03
  0.1400E+03
  0.1400E+03
  0.1400E+03
  0.1400E+03
  0.1400E+03
  0.1400E+03
  0.1400E+03
  0.1400E+03
  0.1400E+03
  0.1400E+03
  0.1400E+03
  0.1400E+03
  0.1400E+03
  0.1400E+03
  0.1400E+03
  0.1400E+03
  0.1400E+03
  0.1400E+03
  0.1400E+03
  0.1400E+03
  0.1400E+03
  0.1400E+03
  0.1400E+03
  0.1400E+03
  0.1400E+03
  0.1400E+03
  0.1400E+03
  0.1400E+03
  0.1400E+03
  0.1400E+03
  0.1400E+03
  0.1400E+03
  0.1400E+03
  0.1400E+03
  0.1400E+03
