 Spectral outgoing shortwave flux [W/m2/cm^-1]
  0.0000E+00
  0.8467E-18
  0.1256E-16
  0.6193E-16
  0.1932E-15
  0.5031E-15
  0.1323E-14
  0.3314E-14
  0.7362E-14
  0.1486E-13
  0.2782E-13
  0.4896E-13
  0.8247E-13
  0.1327E-12
  0.2060E-12
  0.3091E-12
  0.4848E-10
  0.6509E-12
  0.3940E-05
  0.7731E-06
  0.1566E-06
  0.2276E-11
  0.5942E-07
  0.3900E-11
  0.5004E-11
  0.6419E-11
  0.8049E-11
  0.1008E-10
  0.1254E-10
  0.1540E-10
  0.1879E-10
  0.1995E-04
  0.3841E-06
  0.8002E-04
  0.1822E-03
  0.2099E-03
  0.2279E-03
  0.1880E-03
  0.1547E-05
  0.4113E-04
  0.2869E-03
  0.2554E-03
  0.3958E-04
  0.8834E-05
  0.1407E-03
  0.3680E-03
  0.1197E-03
  0.3602E-03
  0.4049E-03
  0.3261E-03
  0.1292E-03
  0.1305E-03
  0.4094E-03
  0.2869E-03
  0.4008E-04
  0.1175E-06
  0.1047E-06
  0.4695E-07
  0.9124E-09
  0.9844E-09
  0.1092E-08
  0.1204E-08
  0.1308E-08
  0.1482E-08
  0.3052E-08
  0.1710E-08
  0.1774E-08
  0.1961E-08
  0.2044E-08
  0.2475E-08
  0.2555E-08
  0.2726E-08
  0.2818E-08
  0.3137E-08
  0.4683E-04
  0.5272E-04
  0.3969E-08
  0.1169E-04
  0.2391E-03
  0.3237E-03
  0.5520E-03
  0.1383E-07
  0.5365E-08
  0.5609E-08
  0.6088E-08
  0.1754E-03
  0.6905E-03
  0.8210E-03
  0.4807E-03
  0.8131E-08
  0.9088E-08
  0.1028E-07
  0.1213E-07
  0.1315E-07
  0.1516E-07
  0.1604E-07
  0.1684E-07
  0.1388E-02
  0.1230E-02
  0.1265E-02
  0.3693E-03
  0.1404E-02
  0.1539E-02
  0.1235E-02
  0.1888E-03
  0.7609E-04
  0.1500E-02
  0.1631E-02
  0.1736E-02
  0.1720E-02
  0.1564E-02
  0.7024E-03
  0.1765E-02
  0.1442E-02
  0.1945E-02
  0.1950E-02
  0.1855E-02
  0.2038E-02
  0.2013E-02
  0.1214E-02
  0.1669E-02
  0.1474E-02
  0.1250E-02
  0.9872E-05
  0.7360E-07
  0.1968E-03
  0.1003E-02
  0.8987E-05
  0.1645E-02
  0.8861E-07
  0.1314E-02
  0.5175E-03
  0.1283E-02
  0.1030E-06
  0.1087E-06
  0.7597E-04
  0.5351E-03
  0.2166E-04
  0.3874E-03
  0.7619E-05
  0.1336E-06
  0.1390E-06
  0.1334E-06
  0.1372E-06
  0.1448E-06
  0.1573E-06
  0.1567E-06
  0.1654E-06
  0.1554E-06
  0.1609E-06
  0.1578E-06
  0.1615E-06
  0.1642E-06
  0.1860E-06
  0.1907E-06
  0.1851E-06
  0.1845E-06
  0.2011E-06
  0.1695E-06
  0.7216E-03
  0.5231E-04
  0.8187E-03
  0.2140E-02
  0.1844E-02
  0.2104E-02
  0.2344E-02
  0.2029E-02
  0.2664E-02
  0.2388E-02
  0.2834E-02
  0.2592E-02
  0.3197E-02
  0.2848E-02
  0.3433E-02
  0.3173E-02
  0.3871E-02
  0.3906E-02
  0.2260E-02
  0.3984E-02
  0.3943E-02
  0.3986E-02
  0.3988E-02
  0.3799E-02
  0.3909E-02
  0.3561E-02
  0.4178E-03
  0.6910E-06
  0.3872E-02
  0.3921E-02
  0.1943E-02
  0.2174E-03
  0.7495E-04
  0.7952E-06
  0.8293E-06
  0.8426E-06
  0.8811E-06
  0.9017E-06
  0.9154E-06
  0.9560E-06
  0.9818E-06
  0.1001E-05
  0.1661E-02
  0.6261E-03
  0.1111E-05
  0.1108E-05
  0.1108E-05
  0.6125E-03
  0.6056E-05
  0.4250E-04
  0.3483E-05
  0.1361E-05
  0.2665E-03
  0.1774E-05
  0.1392E-05
  0.1436E-05
  0.1554E-05
  0.1483E-05
  0.1527E-05
  0.4033E-03
  0.6411E-03
  0.1662E-05
  0.2620E-02
  0.6233E-03
  0.4160E-02
  0.2971E-02
  0.4028E-02
  0.5163E-02
  0.3632E-02
  0.5133E-02
  0.5253E-02
  0.5167E-02
  0.5036E-02
  0.5303E-02
  0.5053E-02
  0.4622E-02
  0.4946E-02
  0.5368E-02
  0.4930E-02
  0.5019E-02
  0.4864E-02
  0.4738E-02
  0.4690E-02
  0.4227E-02
  0.3705E-02
  0.3291E-02
  0.4749E-02
  0.4246E-02
  0.3128E-02
  0.3372E-03
  0.2359E-03
  0.2127E-03
  0.4393E-02
  0.3036E-02
  0.2504E-05
  0.6022E-05
  0.3154E-02
  0.4658E-02
  0.4673E-02
  0.4789E-02
  0.3396E-02
  0.2986E-02
  0.1976E-02
  0.3951E-02
  0.4390E-02
  0.3720E-02
  0.3952E-02
  0.3220E-02
  0.5405E-03
  0.3040E-02
  0.1714E-02
  0.1330E-03
  0.3571E-02
  0.3073E-05
  0.3389E-02
  0.2493E-02
  0.2578E-02
  0.8989E-03
  0.3260E-05
  0.3323E-05
  0.3267E-05
  0.3610E-05
  0.7036E-03
  0.3335E-05
  0.1812E-03
  0.3407E-05
  0.5085E-03
  0.9493E-03
  0.5542E-05
  0.3738E-05
  0.3938E-05
  0.3768E-05
  0.6132E-03
  0.5267E-05
  0.3762E-05
  0.3866E-05
  0.3931E-05
  0.2192E-04
  0.2151E-03
  0.2545E-02
  0.5031E-03
  0.5975E-04
  0.3089E-02
  0.3468E-02
  0.2050E-02
  0.2316E-02
  0.2126E-02
  0.3499E-02
  0.3578E-02
  0.3390E-02
  0.6951E-03
  0.3188E-02
  0.3359E-02
  0.3369E-02
  0.3448E-02
  0.3372E-02
  0.3325E-02
  0.3316E-02
  0.3321E-02
  0.3229E-02
  0.3156E-02
  0.3360E-02
  0.3232E-02
  0.3197E-02
  0.3153E-02
  0.3015E-02
  0.2905E-02
  0.3092E-02
  0.1181E-04
  0.5047E-05
  0.3082E-02
  0.1521E-02
  0.1856E-02
  0.5630E-04
  0.2550E-02
  0.2880E-02
  0.3038E-02
  0.2937E-02
  0.3095E-02
  0.2634E-02
  0.2898E-02
  0.2961E-02
  0.2427E-02
  0.2722E-02
  0.2931E-02
  0.2730E-02
  0.2737E-02
  0.2094E-02
  0.5811E-05
  0.6725E-03
  0.5769E-05
  0.1489E-03
  0.2485E-02
  0.1157E-02
  0.5868E-05
  0.5952E-03
  0.1288E-02
  0.8967E-03
  0.2026E-02
  0.3469E-03
  0.2419E-02
  0.2487E-02
  0.2186E-02
  0.1920E-02
  0.2480E-02
  0.2619E-02
  0.2685E-02
  0.2696E-02
  0.2585E-02
  0.1640E-02
  0.2612E-02
  0.2637E-02
  0.2528E-02
  0.1811E-02
  0.2553E-02
  0.2679E-02
  0.1546E-02
  0.2594E-02
  0.2611E-02
  0.2569E-02
  0.2584E-02
  0.2538E-02
  0.1599E-02
  0.2565E-02
  0.2529E-02
  0.2478E-02
  0.2486E-02
  0.2498E-02
  0.2480E-02
  0.2496E-02
  0.2465E-02
  0.2501E-02
  0.2441E-02
  0.2409E-02
  0.2420E-02
  0.2373E-02
  0.2399E-02
  0.2356E-02
  0.2350E-02
  0.2243E-02
  0.2281E-02
  0.2307E-02
  0.2316E-02
  0.2287E-02
  0.2276E-02
  0.2331E-02
  0.2286E-02
  0.2148E-02
  0.2286E-02
  0.2173E-02
  0.2169E-02
  0.1898E-02
  0.1928E-02
  0.2023E-02
  0.2107E-02
  0.1868E-02
  0.1983E-02
  0.1929E-02
  0.2000E-02
  0.2000E-02
  0.8316E-03
  0.1710E-02
  0.8714E-03
  0.1023E-02
  0.1822E-02
  0.9394E-03
  0.6297E-03
  0.3057E-03
  0.1408E-02
  0.1063E-02
  0.6347E-04
  0.4092E-03
  0.1252E-02
  0.1681E-02
  0.1834E-02
  0.1747E-02
  0.1988E-02
  0.1916E-02
  0.1874E-02
  0.1836E-02
  0.1984E-02
  0.1906E-02
  0.1101E-02
  0.1713E-02
  0.1742E-02
  0.1737E-02
  0.1643E-02
  0.1900E-02
  0.1803E-02
  0.1861E-02
  0.1850E-02
  0.1804E-02
  0.1780E-02
  0.1903E-02
  0.1858E-02
  0.1827E-02
  0.1865E-02
  0.1786E-02
  0.1844E-02
  0.1782E-02
  0.1769E-02
  0.1603E-02
  0.1563E-02
  0.1719E-02
  0.1732E-02
  0.1644E-02
  0.1626E-02
  0.1549E-02
  0.1600E-02
  0.1310E-02
  0.1394E-02
  0.1363E-02
  0.1480E-02
  0.1428E-02
  0.1417E-02
  0.1443E-02
  0.1612E-02
  0.1540E-02
  0.1536E-02
  0.1555E-02
  0.1564E-02
  0.1421E-02
  0.1507E-02
  0.1604E-02
  0.1342E-02
  0.1582E-02
  0.1569E-02
  0.1562E-02
  0.1462E-02
  0.1408E-02
  0.1528E-02
  0.1569E-02
  0.1478E-02
  0.1366E-02
  0.1442E-02
  0.1359E-02
  0.1388E-02
  0.1517E-02
  0.1441E-02
  0.1457E-02
  0.1447E-02
  0.1352E-02
  0.1387E-02
  0.1349E-02
  0.1282E-02
  0.1295E-02
  0.1220E-02
  0.1285E-02
  0.1279E-02
  0.1267E-02
  0.1216E-02
  0.1137E-02
  0.1211E-02
  0.1199E-02
  0.1138E-02
  0.1169E-02
  0.1086E-02
  0.1047E-02
  0.1161E-02
  0.1059E-02
  0.1033E-02
  0.1080E-02
  0.9851E-03
  0.1168E-02
  0.1160E-02
  0.1181E-02
  0.1163E-02
  0.1232E-02
  0.1284E-02
  0.1345E-02
  0.1339E-02
  0.1333E-02
  0.1317E-02
  0.1275E-02
  0.1256E-02
  0.1270E-02
  0.1215E-02
  0.1216E-02
  0.1208E-02
  0.1211E-02
  0.1164E-02
  0.1153E-02
  0.1129E-02
  0.1208E-02
  0.8157E-03
  0.1064E-02
  0.1040E-02
  0.9563E-03
  0.9263E-03
  0.8599E-03
  0.8354E-03
  0.8199E-03
  0.6828E-03
  0.5631E-03
  0.5360E-03
  0.5624E-03
  0.8463E-04
  0.5659E-03
  0.5442E-03
  0.4899E-03
  0.3989E-03
  0.3839E-03
  0.4515E-03
  0.4948E-03
  0.4037E-03
  0.4625E-03
  0.5048E-03
  0.4593E-03
  0.5720E-03
  0.5715E-03
  0.5127E-03
  0.4484E-03
  0.3845E-03
  0.4312E-03
  0.3680E-03
  0.3080E-03
  0.2541E-03
  0.2562E-03
  0.3324E-03
  0.4764E-03
  0.4381E-03
  0.4109E-03
  0.4690E-03
  0.4491E-03
  0.4071E-03
  0.4462E-03
  0.4150E-03
  0.3658E-03
  0.3693E-03
  0.3546E-03
  0.3182E-03
  0.3681E-03
  0.3598E-03
  0.3024E-03
  0.3321E-03
  0.2987E-03
  0.3072E-03
  0.3323E-03
  0.3635E-03
  0.2920E-03
  0.3729E-03
  0.3058E-03
  0.2821E-03
  0.3462E-03
  0.2801E-03
  0.2691E-03
  0.2897E-03
  0.2536E-03
  0.2150E-03
  0.2022E-03
  0.1821E-03
  0.1602E-03
  0.1543E-03
  0.1472E-03
  0.1337E-03
  0.1276E-03
  0.1270E-03
  0.1332E-03
  0.1727E-03
  0.2815E-03
  0.2432E-03
  0.2348E-03
  0.2127E-03
  0.1758E-03
  0.1747E-03
  0.1778E-03
  0.1482E-03
  0.1415E-03
  0.1572E-03
  0.1523E-03
  0.1332E-03
  0.1843E-03
  0.2147E-03
  0.1821E-03
  0.1831E-03
  0.1485E-03
  0.1536E-03
  0.1487E-03
  0.1258E-03
  0.1238E-03
  0.1313E-03
  0.1217E-03
  0.1104E-03
  0.1584E-03
  0.1648E-03
  0.1918E-03
  0.1998E-03
  0.1843E-03
  0.1769E-03
  0.1743E-03
  0.1924E-03
  0.2277E-03
  0.1961E-03
  0.2707E-03
  0.2603E-03
  0.2540E-03
  0.2339E-03
  0.2100E-03
  0.2310E-03
  0.2179E-03
  0.2071E-03
  0.2081E-03
  0.2338E-03
  0.2151E-03
  0.1951E-03
  0.2547E-03
  0.2674E-03
  0.2837E-03
  0.2431E-03
  0.2644E-03
  0.2449E-03
  0.2390E-03
  0.2079E-03
  0.2340E-03
  0.2329E-03
  0.2296E-03
  0.2042E-03
  0.2369E-03
  0.2331E-03
  0.2546E-03
  0.2611E-03
  0.2793E-03
  0.3026E-03
  0.2913E-03
  0.3197E-03
  0.3796E-03
  0.3572E-03
  0.3595E-03
  0.3237E-03
  0.3370E-03
  0.3349E-03
  0.2883E-03
  0.2233E-03
  0.3011E-03
  0.2551E-03
  0.2318E-03
  0.2209E-03
  0.2433E-03
  0.2457E-03
  0.2183E-03
  0.2580E-03
  0.2257E-03
  0.2085E-03
  0.2662E-03
  0.2391E-03
  0.2226E-03
  0.1861E-03
  0.1525E-03
  0.1880E-03
  0.1403E-03
  0.1494E-03
  0.1762E-03
  0.1693E-03
  0.1608E-03
  0.1647E-03
  0.1489E-03
  0.1694E-03
  0.1699E-03
  0.1923E-03
  0.1750E-03
  0.1498E-03
  0.2125E-03
  0.2366E-03
  0.2001E-03
  0.1970E-03
  0.2083E-03
  0.1519E-03
  0.1476E-03
  0.1665E-03
  0.1845E-03
  0.1768E-03
  0.1414E-03
  0.1342E-03
  0.1529E-03
  0.1101E-03
  0.1748E-03
  0.2007E-03
  0.1609E-03
  0.2137E-03
  0.2126E-03
  0.1471E-03
  0.1896E-03
  0.1574E-03
  0.1762E-03
  0.2131E-03
  0.1708E-03
  0.1935E-03
  0.2306E-03
  0.2114E-03
  0.1753E-03
  0.1930E-03
  0.1225E-03
  0.1931E-03
  0.2206E-03
  0.2499E-03
  0.2067E-03
  0.2108E-03
  0.2206E-03
  0.2082E-03
  0.1101E-03
  0.1086E-03
  0.1752E-03
  0.1238E-03
  0.1236E-03
  0.1852E-03
  0.1648E-03
  0.1531E-03
  0.1398E-03
  0.9057E-04
  0.9110E-04
  0.1115E-03
  0.7311E-04
  0.6760E-04
  0.6869E-04
  0.3871E-04
  0.1143E-03
  0.1484E-03
  0.8381E-04
  0.1234E-03
  0.1103E-03
  0.9330E-04
  0.8747E-04
  0.1098E-03
  0.9180E-04
  0.1229E-03
  0.9320E-04
  0.8438E-04
  0.9388E-04
  0.9635E-04
  0.8961E-04
  0.1001E-03
  0.1143E-03
  0.8246E-04
  0.1329E-03
  0.9199E-04
  0.1111E-03
  0.1040E-03
  0.7721E-04
  0.6632E-04
  0.7615E-04
  0.8422E-04
  0.1030E-03
  0.9306E-04
  0.7771E-04
  0.7574E-04
  0.8697E-04
  0.6700E-04
  0.7962E-04
  0.1722E-03
  0.1918E-03
  0.1471E-03
  0.1782E-03
  0.1805E-03
  0.1341E-03
  0.1936E-03
  0.1692E-03
  0.1585E-03
  0.1610E-03
  0.1370E-03
  0.1087E-03
  0.1110E-03
  0.9481E-04
  0.9876E-04
  0.1066E-03
  0.9347E-04
  0.8469E-04
  0.9909E-04
  0.9455E-04
  0.9166E-04
  0.8453E-04
  0.7403E-04
  0.7546E-04
  0.4317E-04
  0.6779E-04
  0.7473E-04
  0.8950E-04
  0.8783E-04
  0.7734E-04
  0.9689E-04
  0.6742E-04
  0.5660E-04
  0.9749E-04
  0.1268E-03
  0.1403E-03
  0.9247E-04
  0.1270E-03
  0.7597E-04
  0.1065E-03
  0.1169E-03
  0.1295E-03
  0.8223E-04
  0.1119E-03
  0.1298E-03
  0.9969E-04
  0.1078E-03
  0.6772E-04
  0.8876E-04
  0.7372E-04
  0.1030E-03
  0.1282E-03
  0.9351E-04
  0.5649E-04
  0.8185E-04
  0.7279E-04
  0.6273E-04
  0.8763E-04
  0.9688E-04
  0.1001E-03
  0.1122E-03
  0.6176E-04
  0.6130E-04
  0.7343E-04
  0.7660E-04
  0.8560E-04
  0.6559E-04
  0.9778E-04
  0.9597E-04
  0.8637E-04
  0.1027E-03
  0.7368E-04
  0.5146E-04
  0.7599E-04
  0.6631E-04
  0.7131E-04
  0.4271E-04
  0.6585E-04
  0.8828E-04
  0.8321E-04
  0.9373E-04
  0.9611E-04
  0.6896E-04
  0.6297E-04
  0.7287E-04
  0.5705E-04
  0.6523E-04
  0.3923E-04
  0.6433E-04
  0.4582E-04
  0.2751E-04
  0.5282E-04
  0.7091E-04
  0.6172E-04
  0.2934E-04
  0.5807E-04
  0.3725E-04
  0.4863E-04
  0.5404E-04
  0.5857E-04
  0.2687E-04
  0.4961E-04
  0.5808E-04
  0.3912E-04
  0.3049E-04
  0.2506E-04
  0.4236E-04
  0.4080E-04
  0.6018E-04
  0.7360E-04
  0.5278E-04
  0.4667E-04
  0.6282E-04
  0.4201E-04
  0.3738E-04
  0.6089E-04
  0.4464E-04
  0.2642E-04
  0.3983E-04
  0.4292E-04
  0.3376E-04
  0.1860E-04
  0.2584E-04
  0.2043E-04
  0.2471E-04
  0.1228E-04
  0.2240E-04
  0.2334E-04
  0.9392E-05
  0.1812E-04
  0.3229E-04
  0.2809E-04
  0.1391E-04
  0.1220E-04
  0.3040E-04
  0.3740E-04
  0.2000E-04
  0.1216E-04
  0.7766E-05
  0.4942E-05
  0.1528E-04
  0.1413E-04
  0.2434E-04
  0.4356E-04
  0.1082E-04
  0.2000E-04
  0.3118E-04
  0.2167E-04
  0.3530E-04
  0.3255E-04
  0.1838E-04
  0.2193E-04
  0.1703E-04
  0.2049E-04
  0.3564E-04
  0.3015E-04
  0.1434E-04
  0.2924E-04
  0.1974E-04
  0.1502E-04
  0.1237E-04
  0.2781E-04
  0.3669E-04
  0.1660E-04
  0.2240E-04
  0.1931E-04
  0.3009E-04
  0.1829E-04
  0.2386E-04
  0.2044E-04
  0.3140E-04
  0.3103E-04
  0.2165E-04
  0.1344E-04
  0.1812E-04
  0.1501E-04
  0.1511E-04
  0.1507E-04
  0.1313E-04
  0.1594E-04
  0.1445E-04
  0.8507E-05
  0.1529E-04
  0.1387E-04
  0.3321E-05
  0.1017E-04
  0.1416E-04
  0.2347E-04
  0.2873E-04
  0.2228E-04
  0.1970E-04
  0.1535E-04
  0.1484E-04
  0.1535E-04
  0.1904E-04
  0.1187E-04
  0.1069E-04
  0.6040E-05
  0.6400E-05
  0.3675E-05
  0.1230E-05
  0.2645E-05
  0.2470E-05
  0.3899E-05
  0.7166E-05
  0.4353E-05
  0.3638E-05
  0.3055E-05
  0.2386E-05
  0.7453E-06
  0.1301E-05
  0.2824E-05
  0.2479E-05
  0.3602E-05
  0.6643E-05
  0.6552E-05
  0.2481E-05
  0.4696E-05
  0.1810E-05
  0.3169E-05
  0.4669E-05
  0.2301E-05
  0.2887E-05
  0.2667E-05
  0.2298E-05
  0.4870E-05
  0.5326E-05
  0.2632E-05
  0.1839E-05
  0.1147E-05
  0.3365E-05
  0.4097E-05
  0.4532E-05
  0.4743E-05
  0.2585E-05
  0.2987E-05
  0.2751E-05
  0.2670E-05
  0.9935E-06
  0.1383E-05
  0.2634E-05
  0.4988E-05
  0.8128E-05
  0.4867E-05
  0.7623E-05
  0.2374E-05
  0.4813E-05
  0.5721E-05
  0.2607E-05
  0.9292E-05
  0.7331E-05
  0.5348E-05
  0.5526E-05
  0.5216E-05
  0.2555E-05
  0.3161E-05
  0.1864E-05
  0.3861E-05
  0.2500E-05
  0.8694E-06
  0.7350E-06
  0.1382E-05
  0.9989E-06
  0.7117E-06
  0.1321E-05
  0.1567E-05
  0.1762E-05
  0.5558E-06
  0.9422E-06
  0.2387E-05
  0.3177E-05
  0.1351E-05
  0.1276E-05
  0.5908E-05
  0.5240E-05
  0.2885E-05
  0.6147E-05
  0.1385E-05
  0.3289E-05
  0.1479E-05
  0.2646E-05
  0.2826E-05
  0.2226E-05
  0.5101E-05
  0.3931E-05
  0.5125E-05
  0.2698E-05
  0.2708E-05
  0.2054E-05
  0.1646E-05
  0.2160E-05
  0.3899E-05
  0.2121E-05
  0.2068E-05
  0.1622E-05
  0.4519E-05
  0.2551E-05
  0.1353E-05
  0.1847E-05
  0.1776E-05
  0.1449E-05
  0.9530E-06
  0.8782E-06
  0.2048E-05
  0.1631E-05
  0.6124E-06
  0.1176E-05
  0.8715E-06
  0.9954E-06
  0.5112E-06
  0.5766E-06
  0.1353E-05
  0.1337E-05
  0.1386E-05
  0.1090E-05
  0.1902E-05
  0.2395E-05
  0.1124E-05
  0.2814E-05
  0.2344E-05
  0.1067E-05
  0.2933E-05
  0.4753E-05
  0.1396E-05
  0.2037E-05
  0.2209E-05
  0.1252E-05
  0.4875E-06
  0.1197E-05
  0.1430E-05
  0.6720E-06
  0.1143E-05
  0.2016E-05
  0.2148E-05
  0.1473E-05
  0.8269E-06
  0.4827E-06
  0.1049E-05
  0.4660E-06
  0.1479E-05
  0.9619E-06
  0.2036E-05
  0.1265E-05
  0.3057E-06
  0.9312E-06
  0.1049E-05
  0.4852E-06
  0.5770E-06
  0.7556E-06
  0.7054E-06
  0.1045E-05
  0.8593E-06
  0.6787E-06
  0.3977E-06
  0.2872E-06
  0.3427E-06
  0.6970E-06
  0.6864E-06
  0.1204E-05
  0.1251E-05
  0.1155E-05
  0.7413E-06
  0.1193E-05
  0.6744E-06
  0.2089E-06
  0.1078E-05
  0.9342E-06
  0.6565E-06
  0.9774E-06
  0.7247E-06
  0.1168E-05
  0.4244E-06
  0.6194E-06
  0.1224E-05
  0.6913E-06
  0.8737E-06
  0.7364E-06
  0.7521E-06
  0.4486E-06
  0.3885E-06
  0.5446E-06
  0.8133E-06
  0.3566E-06
  0.5494E-06
  0.5231E-06
  0.1045E-05
  0.4940E-06
  0.6976E-06
  0.9264E-06
  0.5547E-06
  0.9666E-06
  0.7642E-06
  0.4981E-06
  0.6500E-06
  0.5974E-06
  0.4714E-06
  0.4844E-06
  0.6942E-06
  0.3104E-06
  0.3683E-06
  0.6053E-06
  0.1021E-05
  0.5242E-06
  0.1936E-06
  0.1761E-05
  0.9607E-06
  0.7388E-06
  0.1011E-05
  0.7660E-06
  0.6649E-06
  0.4270E-06
  0.5221E-06
  0.5532E-06
  0.5913E-06
  0.2747E-06
  0.2997E-06
  0.6291E-06
  0.4779E-06
  0.6488E-06
  0.2819E-06
  0.3893E-06
  0.5487E-06
  0.3183E-06
  0.1742E-06
  0.2641E-06
  0.3277E-06
  0.2623E-06
  0.3000E-06
  0.2812E-06
  0.2846E-06
  0.2886E-06
  0.2535E-06
  0.1888E-06
  0.2237E-06
  0.1198E-06
  0.4197E-06
  0.2097E-06
  0.1965E-06
  0.2217E-06
  0.2944E-06
  0.2335E-06
  0.2092E-06
  0.1571E-06
  0.2194E-06
  0.2686E-06
  0.7065E-07
  0.1804E-06
  0.3023E-06
  0.7689E-07
  0.1862E-06
  0.3664E-06
  0.2745E-06
  0.4175E-06
  0.1661E-06
  0.2242E-06
  0.1690E-06
  0.2751E-06
  0.1181E-06
  0.8025E-07
  0.3671E-06
  0.2303E-06
  0.2355E-06
  0.2887E-06
  0.2230E-06
  0.9234E-07
  0.8125E-07
  0.1124E-06
  0.2977E-06
  0.1509E-06
  0.7877E-07
  0.9417E-07
  0.1733E-06
  0.1660E-06
  0.1490E-06
  0.1255E-06
  0.1070E-06
  0.8993E-07
  0.1351E-06
  0.1459E-06
  0.1508E-06
  0.9769E-07
  0.9474E-07
  0.5753E-07
  0.1406E-06
  0.9079E-07
  0.5522E-07
  0.7563E-07
  0.8229E-07
  0.1347E-06
  0.8591E-07
  0.5214E-07
  0.7343E-07
  0.8552E-07
  0.6858E-07
  0.8776E-07
  0.1919E-06
  0.2284E-07
  0.8170E-07
  0.6624E-07
  0.5958E-07
  0.4251E-07
  0.3377E-07
  0.6631E-07
  0.6399E-07
  0.4209E-07
  0.5940E-07
  0.6239E-07
  0.3842E-07
  0.4989E-07
  0.3440E-07
  0.5765E-07
  0.6659E-07
  0.5549E-07
  0.5044E-07
  0.1903E-07
  0.4294E-07
  0.1330E-07
  0.1520E-07
  0.3683E-07
  0.4436E-07
  0.4653E-07
  0.4477E-07
  0.2228E-07
  0.5168E-07
  0.3389E-07
  0.2356E-07
  0.3561E-07
  0.4452E-07
  0.2317E-07
  0.4292E-07
  0.3613E-07
  0.1062E-07
  0.2194E-07
  0.2238E-07
  0.4609E-07
  0.3233E-07
  0.3093E-07
  0.2527E-07
  0.1999E-07
  0.2392E-07
  0.1439E-07
  0.2008E-07
  0.4138E-07
  0.5107E-07
  0.3870E-07
  0.2181E-07
  0.2013E-07
  0.3152E-07
  0.2120E-07
  0.1554E-07
  0.2905E-07
  0.1566E-07
  0.2288E-07
  0.3557E-07
  0.1930E-07
  0.2979E-07
  0.2959E-07
  0.3098E-07
  0.1397E-07
  0.2459E-07
  0.2045E-07
  0.2112E-07
  0.2630E-07
  0.3130E-07
  0.3206E-07
  0.1901E-07
  0.1306E-07
  0.1565E-07
  0.1970E-07
  0.1804E-07
  0.1805E-07
  0.1457E-07
  0.2253E-07
  0.3308E-07
  0.1345E-07
  0.1817E-07
  0.2399E-07
  0.1493E-07
  0.1446E-07
  0.1793E-07
  0.1472E-07
  0.1671E-07
  0.1069E-07
  0.1113E-07
  0.6986E-08
  0.1266E-07
  0.9454E-08
  0.1464E-07
  0.8890E-08
  0.1186E-07
  0.8908E-08
  0.5848E-08
  0.7034E-08
  0.3796E-08
  0.4924E-09
  0.1343E-08
  0.4008E-08
  0.5477E-08
  0.8267E-08
  0.1058E-07
  0.7073E-08
  0.8173E-08
  0.1177E-07
  0.7424E-08
  0.9006E-08
  0.1225E-07
  0.1656E-07
  0.9701E-08
  0.7845E-08
  0.7779E-08
  0.8101E-08
  0.9848E-08
  0.8618E-08
  0.7102E-08
  0.9992E-08
  0.6677E-08
  0.7178E-08
  0.7587E-08
  0.7826E-08
  0.6117E-08
  0.6532E-08
  0.4157E-08
  0.5941E-08
  0.1371E-08
  0.6267E-08
  0.6526E-08
  0.5970E-08
  0.4038E-08
  0.3646E-08
  0.7196E-08
  0.2911E-08
  0.3463E-08
  0.3141E-08
  0.8121E-08
  0.9507E-08
  0.4424E-08
  0.1562E-08
  0.4866E-08
  0.4996E-08
  0.5810E-08
  0.4012E-08
  0.1551E-08
  0.3578E-08
  0.1837E-08
  0.5381E-08
  0.5067E-08
  0.2868E-08
  0.3650E-08
  0.4707E-08
  0.3751E-08
  0.3917E-08
  0.3634E-08
  0.3062E-08
  0.2006E-08
  0.3991E-08
  0.2082E-08
  0.3617E-08
  0.2622E-08
  0.3641E-08
  0.4950E-08
  0.2495E-08
  0.2618E-08
  0.1037E-08
  0.7388E-09
  0.3024E-08
  0.1537E-08
  0.3242E-08
  0.1492E-08
  0.4596E-08
  0.2738E-08
  0.1627E-08
  0.2195E-08
  0.2512E-08
  0.1893E-08
  0.1059E-08
  0.1151E-08
  0.4908E-09
  0.1684E-08
  0.2479E-08
  0.3018E-08
  0.2104E-08
  0.1951E-08
  0.3969E-08
  0.2318E-08
  0.1865E-08
  0.8178E-09
  0.2276E-08
  0.1821E-08
  0.6066E-09
  0.1862E-08
  0.7741E-09
  0.1728E-08
  0.9560E-09
  0.1981E-08
  0.1443E-08
  0.1087E-08
  0.1776E-08
  0.1479E-08
  0.1346E-08
  0.4047E-08
  0.6817E-09
  0.2814E-08
  0.5687E-09
  0.3855E-09
  0.1863E-08
  0.1891E-08
  0.2083E-08
  0.1838E-08
  0.1714E-08
  0.2987E-08
  0.1912E-08
  0.2289E-08
  0.9259E-09
  0.1913E-08
  0.1476E-08
  0.1197E-08
  0.2021E-08
  0.8671E-09
  0.2089E-08
  0.1508E-08
  0.8592E-09
  0.5137E-09
  0.2824E-09
  0.3946E-09
  0.1127E-08
  0.7534E-09
  0.1286E-08
  0.4327E-09
  0.7869E-09
  0.1344E-08
  0.6239E-09
  0.9335E-09
  0.9086E-09
  0.1815E-09
  0.9940E-10
  0.8947E-09
  0.4020E-10
  0.1530E-09
  0.2331E-09
  0.3307E-09
  0.7932E-09
  0.3427E-09
  0.4673E-09
  0.9935E-09
  0.9775E-09
  0.8232E-09
  0.5275E-09
  0.1803E-09
  0.6099E-09
  0.1377E-09
  0.3482E-10
  0.9838E-10
  0.2361E-09
  0.5831E-09
  0.5657E-09
  0.7220E-09
  0.5941E-09
  0.7718E-09
  0.9765E-09
  0.1222E-08
  0.3565E-09
  0.4441E-09
  0.1107E-08
  0.7520E-09
  0.3345E-09
  0.7816E-09
  0.6980E-09
  0.9479E-09
  0.5954E-09
  0.4230E-09
  0.3606E-09
  0.1782E-09
  0.3443E-09
  0.3961E-09
  0.1972E-09
  0.2899E-09
  0.3932E-09
  0.1326E-09
  0.1026E-09
  0.3071E-09
  0.2792E-09
  0.1304E-09
  0.1514E-09
  0.3096E-09
  0.1213E-09
  0.3335E-10
  0.1952E-09
  0.1190E-09
  0.2080E-09
  0.2361E-09
  0.2565E-09
  0.2049E-09
  0.3121E-09
  0.6382E-10
  0.1011E-09
  0.8014E-10
  0.1151E-09
  0.1043E-09
  0.7309E-10
  0.3892E-10
  0.3916E-10
  0.7248E-10
  0.8231E-10
  0.2804E-10
  0.2525E-09
  0.2772E-09
  0.4016E-09
  0.2631E-09
  0.3818E-09
  0.1713E-09
  0.1438E-09
  0.7207E-10
  0.3013E-09
  0.9692E-10
  0.1611E-09
  0.4951E-10
  0.7022E-10
  0.1011E-09
  0.1896E-10
  0.1073E-09
  0.8177E-10
  0.3254E-09
  0.1570E-09
  0.2500E-09
  0.2657E-09
  0.2127E-09
  0.2262E-09
  0.3252E-09
  0.1587E-09
  0.2040E-09
  0.1211E-09
  0.2389E-09
  0.1775E-09
  0.8349E-10
  0.9220E-10
  0.4679E-10
  0.1599E-09
  0.4170E-09
  0.1723E-09
  0.2229E-09
  0.9024E-10
  0.5067E-10
  0.6688E-11
  0.3796E-11
  0.7727E-11
  0.9325E-11
  0.1008E-11
  0.2688E-10
  0.1958E-10
  0.1473E-10
  0.1269E-09
  0.6601E-10
  0.9488E-10
  0.1725E-10
  0.1707E-09
  0.1689E-09
  0.2367E-10
  0.5813E-10
  0.6371E-10
  0.5366E-10
  0.9853E-10
  0.2029E-10
  0.6549E-11
  0.1661E-10
  0.1612E-10
  0.3548E-10
  0.1055E-10
  0.3053E-10
  0.1334E-09
  0.3725E-10
  0.2757E-09
  0.4764E-10
  0.7387E-10
  0.5596E-11
  0.5589E-10
  0.5992E-10
  0.3680E-11
  0.3039E-11
  0.6589E-11
  0.3289E-11
  0.1343E-10
  0.5373E-11
  0.9434E-12
  0.7881E-11
  0.1123E-09
  0.6058E-10
  0.1320E-10
  0.3143E-10
  0.5980E-11
  0.7102E-11
  0.7043E-11
  0.1235E-10
  0.3353E-11
  0.6252E-11
  0.4727E-11
  0.2123E-11
  0.1210E-11
  0.5315E-12
  0.5977E-11
  0.2356E-10
  0.5658E-10
  0.7922E-10
  0.3660E-10
  0.9984E-11
  0.2974E-10
  0.1440E-10
  0.1124E-10
  0.1190E-10
  0.5328E-10
  0.1906E-10
  0.1707E-10
  0.2730E-10
  0.2935E-10
  0.2624E-10
  0.1145E-10
  0.4544E-10
  0.1583E-10
  0.4397E-10
  0.3749E-10
  0.9242E-10
  0.1939E-10
  0.3535E-10
  0.1490E-10
  0.3209E-10
  0.6346E-11
  0.1252E-11
  0.9142E-11
  0.1396E-11
  0.1319E-11
  0.1423E-11
  0.3030E-12
  0.8100E-13
  0.8923E-11
  0.5529E-10
  0.7362E-11
  0.1426E-10
  0.2800E-10
  0.1612E-10
  0.5627E-11
  0.9941E-11
  0.7191E-11
  0.1466E-10
  0.3969E-11
  0.3741E-11
  0.1225E-11
  0.8367E-11
  0.1060E-11
  0.2982E-11
  0.3486E-11
  0.5172E-11
  0.1645E-10
  0.3590E-11
  0.4136E-11
  0.1403E-10
  0.1374E-10
  0.3454E-12
  0.3903E-11
  0.7313E-11
  0.5961E-11
  0.1827E-10
  0.1929E-11
  0.9418E-12
  0.1119E-11
  0.6630E-12
  0.3218E-12
  0.2697E-10
  0.2468E-10
  0.1817E-10
  0.2373E-10
  0.1637E-10
  0.1505E-10
  0.1117E-10
  0.5410E-11
  0.2251E-11
  0.1966E-11
  0.6415E-12
  0.3590E-11
  0.7311E-12
  0.1896E-11
  0.3015E-11
  0.4538E-11
  0.1299E-10
  0.8281E-11
  0.6524E-11
  0.3786E-11
  0.1420E-11
  0.3689E-11
  0.2779E-11
  0.1706E-11
  0.8169E-11
  0.5565E-11
  0.3064E-11
  0.1789E-12
  0.1418E-12
  0.6681E-13
  0.1730E-11
  0.2253E-12
  0.2628E-11
  0.5849E-11
  0.1964E-11
  0.1733E-11
  0.1178E-11
  0.4578E-11
  0.8235E-12
  0.1115E-11
  0.2621E-11
  0.4093E-12
  0.1321E-11
  0.2296E-11
  0.5012E-12
  0.9077E-13
  0.1444E-12
  0.1631E-10
  0.4603E-11
  0.1707E-11
  0.1148E-11
  0.1271E-11
  0.1642E-11
  0.4314E-11
  0.3983E-11
  0.5281E-12
  0.2262E-12
  0.2087E-12
  0.6943E-11
  0.9779E-12
  0.2386E-12
  0.3927E-12
  0.4120E-12
  0.3512E-13
  0.1321E-11
  0.4225E-11
  0.3739E-11
  0.5978E-11
  0.2184E-11
  0.3222E-12
  0.8097E-12
  0.1247E-11
  0.2750E-11
  0.1352E-11
  0.2050E-12
  0.8229E-12
  0.1128E-11
  0.4398E-12
  0.2686E-11
  0.4693E-13
  0.1105E-11
  0.6558E-11
  0.7729E-11
  0.4420E-11
  0.2105E-11
  0.1230E-11
  0.9749E-12
  0.1072E-11
  0.1429E-11
  0.5153E-13
  0.1216E-13
  0.2390E-12
  0.4816E-12
  0.4832E-12
  0.2104E-11
  0.1112E-12
  0.4906E-12
  0.5645E-11
  0.8253E-12
  0.1218E-12
  0.1743E-12
  0.2464E-12
  0.2159E-11
  0.4165E-12
  0.7517E-12
  0.7953E-12
  0.5728E-12
  0.1866E-12
  0.8627E-13
  0.6178E-12
  0.4129E-11
  0.2113E-12
  0.1285E-11
  0.6123E-12
  0.7042E-13
  0.2978E-13
  0.1766E-12
  0.4039E-12
  0.6538E-12
  0.4506E-12
  0.3202E-12
  0.4507E-11
  0.9101E-12
  0.1149E-11
  0.6275E-12
  0.1558E-12
  0.1277E-12
  0.4857E-13
  0.1538E-11
  0.1296E-11
  0.4227E-11
  0.6572E-12
  0.8196E-12
  0.4136E-12
  0.3734E-12
  0.1339E-12
  0.4556E-12
  0.6147E-12
  0.1995E-12
  0.1244E-11
  0.1152E-11
  0.1295E-11
  0.3362E-12
  0.2076E-12
  0.8953E-12
  0.4662E-12
  0.4368E-12
  0.2271E-11
  0.7005E-12
  0.2072E-12
  0.2075E-12
  0.5876E-12
  0.4790E-12
  0.6433E-12
  0.8049E-12
  0.5363E-12
  0.2691E-12
  0.2821E-12
  0.9090E-12
  0.2495E-12
  0.3070E-12
  0.2440E-12
  0.1498E-12
  0.1151E-12
  0.1626E-12
  0.1024E-12
  0.1797E-12
  0.1804E-12
  0.1928E-12
  0.2042E-12
  0.6315E-12
  0.4494E-12
  0.6428E-12
  0.2088E-12
  0.3905E-12
  0.5994E-12
  0.4764E-12
  0.4986E-12
  0.3059E-12
  0.2217E-12
  0.1451E-12
  0.2577E-12
  0.3616E-12
  0.1089E-12
  0.2007E-12
  0.2687E-12
  0.3380E-12
  0.2447E-12
  0.2438E-12
  0.3160E-12
  0.8900E-13
  0.2950E-12
  0.3663E-12
  0.3190E-12
  0.1517E-12
  0.3195E-12
  0.5152E-12
  0.4103E-12
  0.1347E-12
  0.1901E-12
  0.9073E-13
  0.8304E-13
  0.2022E-12
  0.1773E-12
  0.1165E-12
  0.2028E-12
  0.2730E-12
  0.2820E-12
  0.1368E-12
  0.3614E-12
  0.1157E-12
  0.7889E-13
  0.3046E-12
  0.3089E-12
  0.3403E-12
  0.1200E-12
  0.2316E-12
  0.4476E-12
  0.3051E-12
  0.1155E-12
  0.2018E-12
  0.1836E-12
  0.2241E-12
  0.4838E-13
  0.2299E-12
  0.3685E-12
  0.1257E-12
  0.1436E-11
