 tau_sw_i
                          0.2652218447474946E-12
                          0.4091257161824816E-10
                          0.4561228603325687E-10
                          0.4377947219732274E-09
                          0.1302049246904235E-08
                          0.6516328097397716E-09
                          0.3779380766729716E-08
                          0.1476542290964392E-08
                          0.2529924157551769E-09
                          0.2470876951792101E-08
                          0.4933394436661351E-10
                          0.5250859660283381E-07
                          0.1728223109595616E-06
                          0.5783769130249573E-11
                          0.2041977860179118E-11
                          0.4672897538543848E-10
                          0.1406484731704660E-12
                          0.2238263855238261E-10
                          0.5871270010997482E-13
                          0.3560421161380024E-12
                          0.1517651987032822E-12
                          0.1148679957178680E-11
                          0.3601229590187465E-11
                          0.1059626532866563E-09
                          0.6208028540606583E-08
                          0.1662722612977593E-07
                          0.1239528730463124E-05
                          0.7486538483443216E-05
                          0.5126685872681803E-07
                          0.7447150665724716E-08
                          0.1439361417012091E-07
                          0.5380846313240456E-12
                          0.3505945085704169E-11
                          0.2674907831100492E-12
                          0.3785560208257188E-11
                          0.3015145395208839E-12
                          0.3391694212557301E-12
                          0.3907464949626469E-12
                          0.1952756990698300E-11
                          0.8420364473612365E-12
                          0.5121429333084916E-12
                          0.5794996675275197E-12
                          0.1382649014161283E-11
                          0.1943522485728371E-11
                          0.7536556344038027E-12
                          0.8137256764361045E-12
                          0.1709884468546150E-11
                          0.9692011573861189E-12
                          0.1055728282468449E-11
                          0.2004023577051281E-11
                          0.4836879028234483E-10
                          0.3255628997428824E-10
                          0.1387695234701458E-06
                          0.4153842099689597E-11
                          0.2892858579742763E-10
                          0.3307773691109583E-09
                          0.4455444532768094E-11
                          0.2863979823855892E-11
                          0.5293858802079647E-11
                          0.1347937247205408E-10
                          0.1614952482911153E-10
                          0.1421221532448940E-10
                          0.3582758184494909E-10
                          0.4846822693834819E-09
                          0.7856827012918818E-11
                          0.3274739979597502E-10
                          0.3681365682877996E-09
                          0.2367184018571205E-10
                          0.6400917609442044E-10
                          0.1724305516100185E-10
                          0.1539520637991145E-10
                          0.9369760407408152E-11
                          0.7596073360136295E-11
                          0.2004222323152824E-09
                          0.7937445664744798E-11
                          0.3335980736687167E-07
                          0.9650683030853985E-04
                          0.1552349561623088E-09
                          0.2504991701870832E-10
                          0.9495241910717693E-11
                          0.1115996862714992E-10
                          0.7953231214285907E-08
                          0.7665880546513549E-08
                          0.2279964176892184E-05
                          0.4207319962617827E-05
                          0.1625179912032176E-10
                          0.1093797115954038E-10
                          0.1136056757841212E-10
                          0.1201435641637695E-10
                          0.1017836045148339E-09
                          0.3809836898720574E-07
                          0.5291591062953664E-03
                          0.9509738035833906E-02
                          0.4763868173332412E-04
                          0.1003902204729620E-03
                          0.1508421903231353E-05
                          0.1572901613195215E-09
                          0.1760277671118527E-10
                          0.1839949012855908E-10
                          0.6543419039632653E-10
                          0.2424622579729697E-09
                          0.2451937572202717E-10
                          0.2325696458837764E-10
                          0.1582011993864692E-06
                          0.1149002510336583E-09
                          0.1683260250007795E-09
                          0.2752807043369647E-10
                          0.2691153295694683E-10
                          0.2749589576719491E-10
                          0.2832633829645062E-10
                          0.3346693467630172E-10
                          0.3366861748241924E-10
                          0.3122689142293327E-10
                          0.3235925102957246E-10
                          0.3354808837840211E-10
                          0.3463382082120360E-10
                          0.3587270286342882E-10
                          0.3710383695936889E-10
                          0.4074242695252487E-10
                          0.7323748533571322E-10
                          0.7030092100771798E-08
                          0.4340150868075627E-10
                          0.4505225423011424E-10
                          0.5427185154551304E-07
                          0.7243933074310737E-10
                          0.3817028898229696E-08
                          0.5068014805966656E-10
                          0.5476396937277975E-10
                          0.5594396972406667E-10
                          0.6380115051400001E-10
                          0.5668997800124657E-10
                          0.5881424358747068E-10
                          0.6231139039960705E-10
                          0.4205011834233778E-07
                          0.4767158138847246E-08
                          0.6674023912684327E-10
                          0.5564184680915860E-09
                          0.1089861481258497E-08
                          0.7675311519317539E-10
                          0.1209923418332254E-09
                          0.1698504279379590E-08
                          0.8689682269352029E-08
                          0.1522494861510363E-04
                          0.3278496277360076E-07
                          0.8975588749883397E-06
                          0.1615838486702139E-05
                          0.1069231876265453E-07
                          0.1080227005175833E-03
                          0.9159382003788873E-06
                          0.5088367222011915E-05
                          0.2480736563594593E-08
                          0.1575931514372427E-09
                          0.4194779198242302E-09
                          0.1571025115346763E-09
                          0.4115072760572216E-07
                          0.1199167770060592E-09
                          0.1223202846182481E-09
                          0.1218056048962222E-09
                          0.1438189037967422E-09
                          0.1301496802151225E-09
                          0.2002172101621506E-07
                          0.1640922616479135E-09
                          0.1363401136226884E-09
                          0.1397302220843464E-09
                          0.1440776248112902E-09
                          0.1467301558099446E-09
                          0.5427474289488466E-06
                          0.1540304877827658E-09
                          0.1594784017778560E-09
                          0.1614503156753522E-09
                          0.1653049137350082E-09
                          0.1692280363707563E-09
                          0.1732200758180512E-09
                          0.1772894895113173E-09
                          0.2095605274532871E-09
                          0.2041450280531022E-09
                          0.1899121131156914E-09
                          0.5597683854609792E-05
                          0.1989300040144787E-09
                          0.3076838714565778E-09
                          0.2159231878387014E-09
                          0.2127604264443937E-09
                          0.2176564787526602E-09
                          0.1200053198881571E-07
                          0.2288944496580188E-09
                          0.3534455416404056E-09
                          0.1336399467250619E-03
                          0.3042463911092346E-09
                          0.2478733144839278E-09
                          0.3055134513366567E-09
                          0.3840053692426114E-09
                          0.6123366460378185E-09
                          0.3851335399126286E-09
                          0.1161292161481252E-07
                          0.9249151591376937E-09
                          0.2227280105906015E-07
                          0.5461408853810070E-08
                          0.4156236035952960E-04
                          0.2631958771688412E-07
                          0.1876367726608813E-07
                          0.7602844280156444E-07
                          0.3454854235840600E-09
                          0.3707284976307890E-09
                          0.1598038763441071E-08
                          0.1035054675483464E-05
                          0.1140583781099383E-08
                          0.3569051430285052E-09
                          0.3653694951887144E-09
                          0.5271579058115753E-09
                          0.3816165389886624E-09
                          0.3918811210346385E-09
                          0.3946103875323253E-09
                          0.4550105625289650E-09
                          0.5016412832428298E-09
                          0.4237708570097101E-09
                          0.4289652645673223E-09
                          0.1807235840353085E-07
                          0.7022439041806267E-09
                          0.4473021158208409E-09
                          0.4554531588108567E-09
                          0.4638865513995478E-09
                          0.5037351672008811E-09
                          0.4810727879539492E-09
                          0.4893456293022464E-09
                          0.4982190243264505E-09
                          0.5071556197878997E-09
                          0.6999311753792133E-09
                          0.5301186498614726E-09
                          0.5347208202665654E-09
                          0.5441637802037326E-09
                          0.5537234731885002E-09
                          0.5639107541062148E-09
                          0.5732772151874356E-09
                          0.5864247401111005E-09
                          0.5935288754677722E-09
                          0.2258089445680737E-08
                          0.6138929974137625E-09
                          0.6246580416240650E-09
                          0.7669560101829071E-08
                          0.1001578618066987E-08
                          0.6570525389385231E-09
                          0.3403665270639867E-07
                          0.6827739017469294E-09
                          0.7367331783226487E-09
                          0.7054229326989787E-09
                          0.7166308679604538E-09
                          0.7727922490825298E-09
                          0.1535940866700547E-07
                          0.8028294338233408E-09
                          0.9283840042362078E-09
                          0.8424849011999618E-09
                          0.7947760528323675E-09
                          0.2316206720979279E-08
                          0.1197592921610727E-06
                          0.1166365054373005E-08
                          0.8390392560671325E-09
                          0.8500638743041435E-09
                          0.8631587824564687E-09
                          0.8911238264893072E-09
                          0.9001476290194615E-09
                          0.1066064416294240E-08
                          0.9283681037293955E-09
                          0.9347050713786834E-09
                          0.9467627833301106E-09
                          0.9618637276213533E-09
                          0.9757976207803124E-09
                          0.1104657858695600E-08
                          0.1148839711984502E-08
                          0.2236631955378377E-08
                          0.1036746532838376E-08
                          0.1118145328160484E-08
                          0.1219365176811196E-08
                          0.1103786371177347E-08
                          0.1100021517183932E-08
                          0.2794646527847201E-08
                          0.1765692299296669E-07
                          0.1261820806055715E-08
                          0.1343440508630197E-08
                          0.1821491161738616E-08
                          0.2530660533404639E-08
                          0.1236399937962069E-08
                          0.1282206499548744E-08
                          0.1314678927770865E-08
                          0.1271143016377278E-08
                          0.1290375656072115E-08
                          0.1308317352925711E-08
                          0.1324557388133433E-08
                          0.1152913422273310E-07
                          0.1369128543601256E-08
                          0.1383249665003297E-08
                          0.1415176344350114E-08
                          0.1419937531926646E-08
                          0.7555937641241903E-08
                          0.1463188708668591E-08
                          0.1590421402250559E-08
                          0.1499214613929600E-08
                          0.1685558071954262E-08
                          0.1539545887767479E-08
                          0.1563125007722566E-08
                          0.1589349955781309E-08
                          0.1604027589623518E-08
                          0.1624042867827970E-08
                          0.1645704691092871E-08
                          0.1673692094603168E-08
                          0.1701918940876806E-08
                          0.1713009553289068E-08
                          0.1753933577170914E-08
                          0.1757359028558438E-08
                          0.1780534162447313E-08
                          0.1989980264855642E-08
                          0.1830431117313692E-08
                          0.1850746784438640E-08
                          0.1874667392569246E-08
                          0.1898797328259045E-08
                          0.1923200261696391E-08
                          0.1947884278677774E-08
                          0.1973964868809308E-08
                          0.2001922771614298E-08
                          0.2025272241555957E-08
                          0.2048822726277503E-08
                          0.2077193272002322E-08
                          0.2100495471761650E-08
                          0.2129633252891305E-08
                          0.2955972086311698E-08
                          0.2261504669878366E-08
                          0.3132642257332009E-08
                          0.2234751736474238E-08
                          0.2558230205080788E-08
                          0.1134022857682641E-03
                          0.2321180017877748E-08
                          0.2351053099022794E-08
                          0.2391203423371423E-08
                          0.2549816408722961E-08
                          0.2432748040050400E-08
                          0.2462258152133942E-08
                          0.2501165726681856E-08
                          0.2522435293296340E-08
                          0.2551557084343134E-08
                          0.2581983899493437E-08
                          0.2612764107374357E-08
                          0.2643623287114785E-08
                          0.2680019536205213E-08
                          0.2706369670754487E-08
                          0.2738272111120445E-08
                          0.2770226636425565E-08
                          0.2802608259628350E-08
                          0.2835293748752533E-08
                          0.4622888306332447E-08
                          0.3563047131956397E-07
                          0.2980359611799978E-08
                          0.2969978048824685E-08
                          0.3002712986304956E-08
                          0.3037985511632570E-08
                          0.8580960757699617E-05
                          0.3167450140164533E-08
                          0.3142085983268641E-08
                          0.3177718098548202E-08
                          0.3215472360924106E-08
                          0.2723405301492046E-07
                          0.3285946097557702E-08
                          0.3322736565459138E-08
                          0.3359909575967037E-08
                          0.3652200404062471E-08
                          0.3438549387207187E-08
                          0.3485036322796053E-08
                          0.3511097346087104E-08
                          0.3549756761560250E-08
                          0.3588666861514458E-08
                          0.3628045722628592E-08
                          0.3667522552784065E-08
                          0.3845869968763338E-08
                          0.3747691644926162E-08
                          0.3845823481072588E-08
                          0.3829147100004524E-08
                          0.3870375544836388E-08
                          0.4075374782233997E-08
                          0.3970124999813253E-08
                          0.3998514018189913E-08
                          0.4038614823439300E-08
                          0.4081558564229989E-08
                          0.4125603526132292E-08
                          0.4180751597256310E-08
                          0.4212553608016182E-08
                          0.4256530725300691E-08
                          0.4301386760885976E-08
                          0.4346239561410947E-08
                          0.4391458289695906E-08
                          0.4437132204106854E-08
                          0.4483167267098839E-08
                          0.4529559847384381E-08
                          0.4576311204499723E-08
                          0.4627713526399832E-08
                          0.4670899089282692E-08
                          0.4718739781164230E-08
                          0.4772743046896275E-08
                          0.4815521247759010E-08
                          0.4864468716660324E-08
                          0.4913783430830333E-08
                          0.4963486500687803E-08
                          0.5015019546522033E-08
                          0.5063987680167125E-08
                          0.5114812988195391E-08
                          0.5166034548494880E-08
                          0.5217626191733072E-08
                          0.5269584967135124E-08
                          0.5321951723297853E-08
                          0.5374701111355780E-08
                          0.5427860913638042E-08
                          0.5481714538343626E-08
                          0.5535312673613747E-08
                          0.1821330522019926E-07
                          0.5647198755087540E-08
                          0.5699517388168057E-08
                          0.5777952776450402E-08
                          0.5813353126710279E-08
                          0.5869968099343533E-08
                          0.5936461722513190E-08
                          0.6000284364390602E-08
                          0.6038829210938297E-08
                          0.6096911232327022E-08
                          0.6156548146828580E-08
                          0.6214222422274887E-08
                          0.7058956655685011E-08
                          0.6479859851559363E-08
                          0.1515950127860571E-07
                          0.6454976746488461E-08
                          0.6515362548848728E-08
                          0.6588773479881409E-08
                          0.7562281733862904E-08
                          0.1929430230320021E-07
                          0.5116187243459685E-07
                          0.1623095363361176E-07
                          0.7945219563208346E-08
                          0.7729950126784192E-08
                          0.7366131209713941E-08
                          0.7082653078523047E-08
                          0.7147998114783306E-08
                          0.7213804771364068E-08
                          0.7280115074580197E-08
                          0.7346874918527066E-08
                          0.7413921060321328E-08
                          0.7481724552675452E-08
                          0.7549682558222685E-08
                          0.7618193856289030E-08
                          0.7687204584693554E-08
                          0.7773419053625491E-08
                          0.7826622773548076E-08
                          0.7897044024169599E-08
                          0.7968051725970848E-08
                          0.8039316076470995E-08
                          0.8111168801695892E-08
                          0.8183502360538817E-08
                          0.8256318864966585E-08
                          0.8329620005163624E-08
                          0.8403407789187970E-08
                          0.8479032260580216E-08
                          0.8552480145449556E-08
                          0.8627718018416249E-08
                          0.8703524448157109E-08
                          0.8779781257548854E-08
                          0.8856699452785935E-08
                          0.8933741811767254E-08
                          0.9011503846647061E-08
                          0.9089772437181452E-08
                          0.9168549704014320E-08
                          0.9247838692951487E-08
                          0.9327644151083879E-08
                          0.9407956649813622E-08
                          0.9489193816680592E-08
                          0.9570144776446736E-08
                          0.9652021016867461E-08
                          0.9734445120131087E-08
                          0.9817347868483361E-08
                          0.9900803768465965E-08
                          0.9984791264885512E-08
                          0.1006932701180933E-07
                          0.1021098584910571E-07
                          0.1023995958210176E-07
                          0.1032609091191346E-07
                          0.1041280275635245E-07
                          0.1050011549099393E-07
                          0.1058778910202437E-07
                          0.1067607041415213E-07
                          0.1079118965621426E-07
                          0.1085458465516052E-07
                          0.1094433467784681E-07
                          0.1103488288141529E-07
                          0.1112596094903959E-07
                          0.1121835071742889E-07
                          0.1130989472866452E-07
                          0.1140263338767160E-07
                          0.1149650162227846E-07
                          0.1159152797296022E-07
                          0.1168443668633540E-07
                          0.1178053158055778E-07
                          0.1187518321221024E-07
                          0.1197142289338150E-07
                          0.1206831459760242E-07
                          0.1216566869170367E-07
                          0.1226366882279996E-07
                          0.1236226332472333E-07
                          0.1246147566212099E-07
                          0.1256126153796851E-07
                          0.1266161651958964E-07
                          0.1276462082171869E-07
                          0.1286418195843298E-07
                          0.1296643221209622E-07
                          0.1306983819501974E-07
                          0.1317257682834380E-07
                          0.1327659297293612E-07
                          0.1338569547929413E-07
                          0.1348740960095263E-07
                          0.1359234959918370E-07
                          0.1369884292146974E-07
                          0.1380596088696787E-07
                          0.1391370578541777E-07
                          0.1402208028148434E-07
                          0.1413108645585150E-07
                          0.1424072709322306E-07
                          0.1435100420763019E-07
                          0.1446195430309409E-07
                          0.1457347900724896E-07
                          0.1468568143497000E-07
                          0.1479853051076582E-07
                          0.1491202871808200E-07
                          0.1502617853294969E-07
                          0.1514098244990690E-07
                          0.1525644323304895E-07
                          0.1537256264557330E-07
                          0.1564142953649885E-07
                          0.1560685298215254E-07
                          0.1572490102292963E-07
                          0.1584497527235775E-07
                          0.1598150793947761E-07
                          0.1608326867513945E-07
                          0.1620406536758642E-07
                          0.1632554830295127E-07
                          0.1644771342937842E-07
                          0.1657058038847325E-07
                          0.1669409792390810E-07
                          0.1681933464501451E-07
                          0.1694352163150737E-07
                          0.1707680025215927E-07
                          0.1720014855628036E-07
                          0.1732220366351179E-07
                          0.1750268222974906E-07
                          0.1757829821228887E-07
                          0.1770765866407650E-07
                          0.1783727966957698E-07
                          0.1796780640490263E-07
                          0.1809907017380552E-07
                          0.1823107641890240E-07
                          0.1836731980342934E-07
                          0.1849723457664477E-07
                          0.1863132856466370E-07
                          0.1877724234645051E-07
                          0.1890192713353954E-07
                          0.1903818059492461E-07
                          0.1917522247984478E-07
                          0.1931303923639888E-07
                          0.1945166285794753E-07
                          0.1959090592837290E-07
                          0.1973160379914317E-07
                          0.2125018542849877E-07
                          0.2025988157836291E-07
                          0.2015560141532319E-07
                          0.2029945137542050E-07
                          0.2044379439974471E-07
                          0.2058707596833612E-07
                          0.2073260068393161E-07
                          0.2087854920069656E-07
                          0.2102544297747524E-07
                          0.2117311997274101E-07
                          0.2132154834992397E-07
                          0.2147077008427996E-07
                          0.2162853341513980E-07
                          0.2178287336554486E-07
                          0.2202407707773828E-07
                          0.2207560681216082E-07
                          0.2222865827490400E-07
                          0.2238262073218407E-07
                          0.2253736354893401E-07
                          0.2269291648310401E-07
                          0.2284927317227836E-07
                          0.2300643660250032E-07
                          0.2316483271987774E-07
                          0.2332319402707002E-07
                          0.2348279376199110E-07
                          0.2364321122718952E-07
                          0.2380455208176355E-07
                          0.2396651834187967E-07
                          0.2412939770974608E-07
                          0.2429317487801943E-07
                          0.2445766191329097E-07
                          0.2462304516341151E-07
                          0.2478926391048010E-07
                          0.2495632377112957E-07
                          0.2512422660830774E-07
                          0.2529297523277115E-07
                          0.2548739154239886E-07
                          0.2563344573935625E-07
                          0.2580432429391958E-07
                          0.2597648452696705E-07
                          0.2614952302631532E-07
                          0.2632338853913222E-07
                          0.2649821925221356E-07
                          0.2667375432144457E-07
                          0.2685024337726895E-07
                          0.2702903365647772E-07
                          0.2720613892315527E-07
                          0.2741183739554404E-07
                          0.2756497246132462E-07
                          0.2988841695956188E-07
                          0.2792769538059149E-07
                          0.2811050168709252E-07
                          0.2829387600384036E-07
                          0.2847833964110335E-07
                          0.2866372757251218E-07
                          0.2884996964418145E-07
                          0.2903714011846656E-07
                          0.2922522366016280E-07
                          0.2941421634298689E-07
                          0.2960418796905892E-07
                          0.2979495501459970E-07
                          0.2998670366835166E-07
                          0.3017937501260990E-07
                          0.3037297440017688E-07
                          0.3056750381683828E-07
                          0.3076296641052174E-07
                          0.3095936476406217E-07
                          0.3115682999274983E-07
                          0.3135498133205789E-07
                          0.3164236634146056E-07
                          0.3176503258470505E-07
                          0.3195550038054151E-07
                          0.3215757892443917E-07
                          0.3236061167560221E-07
                          0.3256484539052716E-07
                          0.3276956049454146E-07
                          0.3297548286205668E-07
                          0.3318237428079258E-07
                          0.3339023764059998E-07
                          0.3359907609852193E-07
                          0.3380889266927538E-07
                          0.3401969134579926E-07
                          0.3423147229374029E-07
                          0.3444424147894409E-07
                          0.3465800099177301E-07
                          0.3487275390171137E-07
                          0.3508850331197220E-07
                          0.3530525222460620E-07
                          0.3552300376570880E-07
                          0.3574176149791677E-07
                          0.3596152712164912E-07
                          0.3618230511534653E-07
                          0.3640409814280698E-07
                          0.3662691150178186E-07
                          0.3685074154815104E-07
                          0.3707559821974239E-07
                          0.3730149590894394E-07
                          0.3753269330162528E-07
                          0.3775636466013842E-07
                          0.3798533078812448E-07
                          0.3821535606342302E-07
                          0.3844642462421406E-07
                          0.3867853918085653E-07
                          0.3891170747678752E-07
                          0.3914592099804450E-07
                          0.3938119855124468E-07
                          0.3990102161025576E-07
                          0.3985491857930691E-07
                          0.4009338407916779E-07
                          0.4033290436348142E-07
                          0.4057350317038963E-07
                          0.4081527204888596E-07
                          0.4105794615847892E-07
                          0.4130183301502061E-07
                          0.4154668843278982E-07
                          0.4179269332481890E-07
                          0.4203986590298625E-07
                          0.4237373507943131E-07
                          0.4253727583845805E-07
                          0.4363018560140156E-07
                          0.4303913612726374E-07
                          0.4329196700304636E-07
                          0.4354576231146216E-07
                          0.4380026609180313E-07
                          0.4405620512994089E-07
                          0.4431326432757455E-07
                          0.4457144862273936E-07
                          0.4483075608684917E-07
                          0.4509119938232951E-07
                          0.4535276667615541E-07
                          0.4561686659334127E-07
                          0.4588460409912493E-07
                          0.4614500284063814E-07
                          0.4641693392577148E-07
                          0.4667783075468844E-07
                          0.4694617734061437E-07
                          0.4722021176979045E-07
                          0.4749042162275035E-07
                          0.4775849084341513E-07
                          0.4803153074049881E-07
                          0.4830578434087576E-07
                          0.4859395680244699E-07
                          0.4885781317112623E-07
                          0.4913559517175661E-07
                          0.4941470285268299E-07
                          0.5006440089300520E-07
                          0.4997605173839995E-07
                          0.5025858503799702E-07
                          0.5054521325392190E-07
                          0.5082724659719691E-07
                          0.5111338422677744E-07
                          0.5140071516989219E-07
                          0.5168926383346237E-07
                          0.5197902537332079E-07
                          0.5227000362953030E-07
                          0.5256220199557493E-07
                          0.5285562342409256E-07
                          0.5315027184788308E-07
                          0.5344615034777502E-07
                          0.5374326261332969E-07
                          0.5404161172929520E-07
                          0.5434183734618474E-07
                          0.5464203503447837E-07
                          0.5497898285531806E-07
                          0.5524744792118423E-07
                          0.5555203369120877E-07
                          0.5585788804512179E-07
                          0.5616539734360523E-07
                          0.5647335142048687E-07
                          0.5684623326793755E-07
                          0.5709398526283583E-07
                          0.5740624971092042E-07
                          0.5771967955129058E-07
                          0.5804066202457396E-07
                          0.5858465527792530E-07
                          0.5866767196991577E-07
                          0.5898624947495477E-07
                          0.5930629855268416E-07
                          0.5962736575818424E-07
                          0.5994987270564474E-07
                          0.6027371091582463E-07
                          0.6059881674856004E-07
                          0.6092525536383196E-07
                          0.6125301284627185E-07
                          0.6158209013168941E-07
                          0.6191249202273130E-07
                          0.6224422182107977E-07
                          0.6257729182437150E-07
                          0.6291773252884840E-07
                          0.6324741744705049E-07
                          0.6358449847901605E-07
                          0.6392326548743413E-07
                          0.6426268082779426E-07
                          0.6460380438516595E-07
                          0.6494628406126996E-07
                          0.6529012499843016E-07
                          0.6563532668922684E-07
                          0.6598189683845382E-07
                          0.6632983764466897E-07
                          0.6667917421445221E-07
                          0.6702984571856542E-07
                          0.6738192023118765E-07
                          0.6773537984106305E-07
                          0.6809024985178996E-07
                          0.6844646904022688E-07
                          0.6880410586727999E-07
                          0.6916314237736311E-07
                          0.6952358221251116E-07
                          0.6988546773416850E-07
                          0.7024868647363726E-07
                          0.7061335827148347E-07
                          0.7097944802819623E-07
                          0.7134695924816574E-07
                          0.7171593406280432E-07
                          0.7208626566280062E-07
                          0.7245806644685747E-07
                          0.7283129448443555E-07
                          0.7320597146426832E-07
                          0.7358209273517391E-07
                          0.7396078972322753E-07
                          0.7433872595137139E-07
                          0.7471914781606049E-07
                          0.7511513914289914E-07
                          0.7548480706129525E-07
                          0.7586932818460861E-07
                          0.7625565411686215E-07
                          0.7664345643798850E-07
                          0.7703560734920310E-07
                          0.7742349908560192E-07
                          0.7781574187914929E-07
                          0.7823419767175532E-07
                          0.7860470180503536E-07
                          0.7900142387521493E-07
                          0.7939973562310465E-07
                          0.7979939618773980E-07
                          0.8020380053590893E-07
                          0.8060359618344656E-07
                          0.8100809382881952E-07
                          0.8141364411242059E-07
                          0.8182068569242654E-07
                          0.8222951237859174E-07
                          0.8263986921156172E-07
                          0.8305176096534864E-07
                          0.8346518860448916E-07
                          0.8388015883684510E-07
                          0.8429667443802975E-07
                          0.8471473931533587E-07
                          0.8513437281948226E-07
                          0.8555553800524798E-07
                          0.8597827346653498E-07
                          0.8640256886290283E-07
                          0.8682906484479123E-07
                          0.8725587847798697E-07
                          0.8768489593756842E-07
                          0.8811549544841550E-07
                          0.8854946330751174E-07
                          0.8898144445772120E-07
                          0.8941722283051155E-07
                          0.8985376232064297E-07
                          0.9029231853958740E-07
                          0.9073247845900748E-07
                          0.9117445297092329E-07
                          0.9161762346008000E-07
                          0.9206261674299232E-07
                          0.9250922913098308E-07
                          0.9295746452465364E-07
                          0.9340732721765800E-07
                          0.9385881996890818E-07
                          0.9431194789005802E-07
                          0.9476671452985378E-07
                          0.9522312382761901E-07
                          0.9568118041238138E-07
                          0.9614089290603268E-07
                          0.9660224725125969E-07
                          0.9706526676644885E-07
                          0.9752994897675092E-07
                          0.9799629716957685E-07
                          0.9846431601102539E-07
                          0.9893400956049123E-07
                          0.9940538674776997E-07
                          0.9987883506662084E-07
                          0.1003531761746047E-06
                          0.1008296400346928E-06
                          0.1013077313364068E-06
                          0.1017875549308576E-06
                          0.1022691235284069E-06
                          0.1027523899385603E-06
                          0.1032372625346780E-06
                          0.1037242556855399E-06
                          0.1042122907034587E-06
                          0.1047023884601667E-06
                          0.1051945647936443E-06
                          0.1056877695416914E-06
                          0.1061830735076754E-06
                          0.1066800899365028E-06
                          0.1071870291426796E-06
                          0.1076793810954653E-06
                          0.1081816513304917E-06
                          0.1086856766242448E-06
                          0.1091914610858383E-06
                          0.1096990088112240E-06
                          0.1102083282881171E-06
                          0.1107194104015603E-06
                          0.1112322724701938E-06
                          0.1117469184139366E-06
                          0.1122634901519127E-06
                          0.1127815530813072E-06
                          0.1133015584596649E-06
                          0.1138233599835302E-06
                          0.1143469618302320E-06
                          0.1148723679604884E-06
                          0.1153995826954982E-06
                          0.1159286101149257E-06
                          0.1164594583504199E-06
                          0.1169921223314013E-06
                          0.1175266100283406E-06
                          0.1180635988298402E-06
                          0.1186020859666943E-06
                          0.1191410738183117E-06
                          0.1196829065233682E-06
                          0.1202265856016176E-06
                          0.1207721143719158E-06
                          0.1213194975266148E-06
                          0.1218687395533153E-06
                          0.1224198590904027E-06
                          0.1229728226512036E-06
                          0.1235276589549889E-06
                          0.1240843773651824E-06
                          0.1246429754441471E-06
                          0.1252034598361826E-06
                          0.1257658277101286E-06
                          0.1263300899363792E-06
                          0.1268962559374365E-06
                          0.1274643095013967E-06
                          0.1280342739682670E-06
                          0.1286063883445996E-06
                          0.1291799359823400E-06
                          0.1297556424124317E-06
                          0.1303332696568903E-06
                          0.1309128239790690E-06
                          0.1314943113120526E-06
                          0.1320777422456330E-06
                          0.1326631147424024E-06
                          0.1332503909441237E-06
                          0.1338396419843953E-06
                          0.1344308443882764E-06
                          0.1350240043222404E-06
                          0.1356208395069876E-06
                          0.1362162086811286E-06
                          0.1368152634271754E-06
                          0.1374179999584211E-06
                          0.1380192976778303E-06
                          0.1386242863637290E-06
                          0.1392312770345145E-06
                          0.1398402282931020E-06
                          0.1404511903764675E-06
                          0.1410641519554736E-06
                          0.1416791178241979E-06
                          0.1422960925691089E-06
                          0.1429150794580774E-06
                          0.1435360839645528E-06
                          0.1441591100996270E-06
                          0.1447841622462368E-06
                          0.1454112458120354E-06
                          0.1460403621289561E-06
                          0.1466715186615275E-06
                          0.1473047187682789E-06
                          0.1479399757931538E-06
                          0.1485772770404085E-06
                          0.1492166249229022E-06
                          0.1498580433279849E-06
                          0.1505015275839385E-06
                          0.1511471888162665E-06
                          0.1517947134509376E-06
                          0.1524444656428485E-06
                          0.1530962099839566E-06
                          0.1537501575454789E-06
                          0.1544060606142862E-06
                          0.1550641288692580E-06
                          0.1557242983626108E-06
                          0.1563865746186615E-06
                          0.1570509589718610E-06
                          0.1577174590456075E-06
                          0.1583860783081779E-06
                          0.1590568210750517E-06
                          0.1597296920374997E-06
                          0.1604047008878797E-06
                          0.1610818363358997E-06
                          0.1617611328441055E-06
                          0.1624426372493152E-06
                          0.1631261284896020E-06
                          0.1638118746704185E-06
                          0.1644997624008432E-06
                          0.1651898132559123E-06
                          0.1658820399504642E-06
                          0.1665764432674746E-06
                          0.1672734359541083E-06
                          0.1679718060238066E-06
                          0.1686727263141362E-06
                          0.1693758664967562E-06
                          0.1700812011446976E-06
                          0.1707887445912784E-06
                          0.1714984774095576E-06
                          0.1722104295221779E-06
                          0.1729246396757557E-06
                          0.1736409769264072E-06
                          0.1743595845299971E-06
                          0.1750804203349714E-06
                          0.1758034887960209E-06
                          0.1765298212892160E-06
                          0.1772563424506040E-06
                          0.1779861368432845E-06
                          0.1787181824394976E-06
                          0.1794524838564630E-06
                          0.1801890504914240E-06
                          0.1809278726878333E-06
                          0.1816689693743876E-06
                          0.1824123404314847E-06
                          0.1831579905075937E-06
                          0.1839059242559809E-06
                          0.1846561463346142E-06
                          0.1854086614062465E-06
                          0.1861634743917686E-06
                          0.1869205892031667E-06
                          0.1876800114594105E-06
                          0.1884417450433520E-06
                          0.1892057951964748E-06
                          0.1899721666776373E-06
                          0.1907408633784573E-06
                          0.1915118911857846E-06
                          0.1922852534362125E-06
                          0.1930610532536386E-06
                          0.1938392333415459E-06
                          0.1946193994583807E-06
                          0.1954021548609428E-06
                          0.1961909179810356E-06
                          0.1969747319876925E-06
                          0.1977645727874722E-06
                          0.1985567867378997E-06
                          0.1993514116043838E-06
                          0.2001483535494816E-06
                          0.2009477140001019E-06
                          0.2017494674187321E-06
                          0.2025565614260383E-06
                          0.2033601748510274E-06
                          0.2041691274412877E-06
                          0.2049804965769699E-06
                          0.2057942816319290E-06
                          0.2066104873677669E-06
                          0.2074291185804844E-06
                          0.2082501800675925E-06
                          0.2090736768409293E-06
                          0.2098996130989888E-06
                          0.2107279942665981E-06
                          0.2115588249597947E-06
                          0.2123921113751063E-06
                          0.2132278542232998E-06
                          0.2140660624561909E-06
                          0.2149067462447522E-06
                          0.2157499097116338E-06
                          0.2165955196333644E-06
                          0.2174436323473107E-06
                          0.2182942333101521E-06
                          0.2191474672436659E-06
                          0.2200029194372211E-06
                          0.2208610143436353E-06
                          0.2217216169777200E-06
                          0.2225847322219232E-06
                          0.2234503649593820E-06
                          0.2243185200799080E-06
                          0.2251892024822781E-06
                          0.2260624170650076E-06
                          0.2269382695821056E-06
                          0.2278164623947850E-06
                          0.2286973029691106E-06
                          0.2295806953644712E-06
                          0.2304666490766675E-06
                          0.2313551553447981E-06
                          0.2322462442272667E-06
                          0.2331398818000651E-06
                          0.2340361248105361E-06
                          0.2349349142370478E-06
                          0.2358363080675698E-06
                          0.2367402928603549E-06
                          0.2376468888693565E-06
                          0.2385560589286071E-06
                          0.2394678439646574E-06
                          0.2403822451353284E-06
                          0.2412992596524056E-06
                          0.2422188967915781E-06
                          0.2431411646538538E-06
                          0.2440660546115055E-06
                          0.2449941727937133E-06
                          0.2459237571526218E-06
                          0.2468906551595971E-06
                          0.2477920444404110E-06
                          0.2487301699141857E-06
                          0.2496709566341179E-06
                          0.2506144096298919E-06
                          0.2515605541559437E-06
                          0.2525093345880812E-06
                          0.2534608166103720E-06
                          0.2544149893765957E-06
                          0.2553718555631220E-06
                          0.2563314072383285E-06
                          0.2572940753422309E-06
                          0.2582586257215212E-06
                          0.2592263009737517E-06
                          0.2601966942507959E-06
                          0.2611698096741586E-06
                          0.2621456516864288E-06
                          0.2631242259685209E-06
                          0.2641055374444102E-06
                          0.2650895924670021E-06
                          0.2660763922169046E-06
                          0.2670659462175279E-06
                          0.2680582569365159E-06
                          0.2690533751319783E-06
                          0.2700511725112168E-06
                          0.2710518223182873E-06
                          0.2720551799240955E-06
                          0.2730613559117655E-06
                          0.2740703202734876E-06
                          0.2750820781554827E-06
                          0.2760966347103355E-06
                          0.2771139950921373E-06
                          0.2781342057566179E-06
                          0.2791571479884419E-06
                          0.2801829539360624E-06
                          0.2812115781918680E-06
                          0.2822430352248057E-06
                          0.2832773271429381E-06
                          0.2843144592437403E-06
                          0.2853544456054500E-06
                          0.2863972881344749E-06
                          0.2874429557813508E-06
                          0.2884931037681664E-06
                          0.2895429016308325E-06
                          0.2905971882012628E-06
                          0.2916543431578659E-06
                          0.2927143810067761E-06
                          0.2937774073124560E-06
                          0.2948431289066666E-06
                          0.2959118471035042E-06
                          0.2969834654235117E-06
                          0.2980579893180159E-06
                          0.2991354296173096E-06
                          0.3002157892247861E-06
                          0.3012990805529951E-06
                          0.3023852822898943E-06
                          0.3034744280494478E-06
                          0.3045665133552128E-06
                          0.3056615435081327E-06
                          0.3067595248124802E-06
                          0.3078604606251434E-06
                          0.3089643710581150E-06
                          0.3100712184766755E-06
                          0.3111810521793085E-06
                          0.3122938626185068E-06
                          0.3134096550228822E-06
                          0.3145284352381167E-06
                          0.3156502097556246E-06
                          0.3167750392060627E-06
                          0.3179028581953036E-06
                          0.3190335682481686E-06
                          0.3201673290996061E-06
                          0.3213041445515227E-06
                          0.3224439846800876E-06
                          0.3235868548460213E-06
                          0.3247327606803636E-06
                          0.3258817067545443E-06
                          0.3270336992415838E-06
                          0.3281887432546549E-06
                          0.3293468441777816E-06
                          0.3305080074000291E-06
                          0.3316722383142918E-06
                          0.3328395423294090E-06
                          0.3340099248185174E-06
                          0.3351833912808176E-06
                          0.3363602432625409E-06
                          0.3375396001576171E-06
                          0.3387223480191634E-06
                          0.3399082042233221E-06
                          0.3410971715021909E-06
                          0.3422892561168203E-06
                          0.3434844605196914E-06
                          0.3446827933871481E-06
                          0.3458842590467508E-06
                          0.3470888711419381E-06
                          0.3482966105087277E-06
                          0.3495075072629114E-06
                          0.3507215656058358E-06
                          0.3519393590253827E-06
                          0.3531622531177506E-06
                          0.3543851962685653E-06
                          0.3556094201131986E-06
                          0.3568393269275014E-06
                          0.3580724220521705E-06
                          0.3593087085823199E-06
                          0.3605481972337954E-06
                          0.3617908845305870E-06
                          0.3630367841324166E-06
                          0.3642858988465239E-06
                          0.3655382538098469E-06
                          0.3667937957218892E-06
                          0.3680525889519573E-06
                          0.3693146194249674E-06
                          0.3705798926929025E-06
                          0.3718484958624683E-06
                          0.3731201898063393E-06
                          0.3743952248368169E-06
                          0.3756735292463583E-06
                          0.3769550953235918E-06
                          0.3782399425161780E-06
                          0.3795282904251170E-06
                          0.3808194863457580E-06
                          0.3821141950672379E-06
                          0.3834122022920995E-06
                          0.3847135342744895E-06
                          0.3860181439088730E-06
                          0.3873260711451575E-06
                          0.3886373352162932E-06
                          0.3899519166840832E-06
                          0.3912698281006410E-06
                          0.3925911813616439E-06
                          0.3939157195617304E-06
                          0.3952436254006036E-06
                          0.3965749262691070E-06
                          0.3979095951242347E-06
                          0.3992483111669225E-06
                          0.4005890137704528E-06
                          0.4019337899971176E-06
                          0.4032819492002034E-06
                          0.4046334970400410E-06
                          0.4059884392043365E-06
                          0.4073467817344747E-06
                          0.4087085394668806E-06
                          0.4100736884231357E-06
                          0.4114422712124964E-06
                          0.4128142635372985E-06
                          0.4141896954085918E-06
                          0.4155686704503203E-06
                          0.4169508677510057E-06
                          0.4183366019961413E-06
                          0.4197257994377831E-06
                          0.4211184586554399E-06
                          0.4225145731939640E-06
                          0.4239141596464016E-06
                          0.4253172210650488E-06
                          0.4267237695542757E-06
                          0.4281337880408053E-06
                          0.4295473061444817E-06
                          0.4309643214952189E-06
                          0.4323848398573481E-06
                          0.4338088669975616E-06
                          0.4352364132767271E-06
                          0.4366674722824836E-06
                          0.4381020588513785E-06
                          0.4395403815241011E-06
                          0.4409818366186277E-06
                          0.4424270378379457E-06
                          0.4438757883510811E-06
                          0.4453280939633409E-06
                          0.4467839604757030E-06
                          0.4482433937173412E-06
                          0.4497063995051700E-06
                          0.4511730223589065E-06
                          0.4526431520235826E-06
                          0.4541169104191249E-06
                          0.4555942651227531E-06
                          0.4570752370706558E-06
                          0.4585597842414814E-06
                          0.4600479612270407E-06
                          0.4615397574892914E-06
                          0.4630352112429088E-06
                          0.4645346942596864E-06
                          0.4660369207528879E-06
                          0.4675432814751730E-06
                          0.4690532727531968E-06
                          0.4705669007453589E-06
                          0.4720843668847298E-06
                          0.4736051263455649E-06
                          0.4751297607997480E-06
                          0.4766589122056668E-06
                          0.4781900706352874E-06
                          0.4797257561865960E-06
                          0.4812654583146384E-06
                          0.4828082218915096E-06
                          0.4843550136303374E-06
                          0.4859055191906419E-06
                          0.4874597440635814E-06
                          0.4890176946305863E-06
                          0.4905793766950292E-06
                          0.4921447962092024E-06
                          0.4937139656759259E-06
                          0.4952868714279489E-06
                          0.4968635390628822E-06
                          0.4984439712061067E-06
                          0.5000281642465215E-06
                          0.5016161341108420E-06
                          0.5032078845034155E-06
                          0.5048034175290935E-06
                          0.5064027418206637E-06
                          0.5080058643066910E-06
                          0.5096127901084623E-06
                          0.5112235250923459E-06
                          0.5128380753954096E-06
                          0.5144564470170099E-06
                          0.5160798906170988E-06
                          0.5177046794624415E-06
                          0.5193345498603119E-06
                          0.5209682669511901E-06
                          0.5226058355078941E-06
                          0.5242472616045345E-06
                          0.5259012568529823E-06
                          0.5275417106531083E-06
                          0.5291947454769509E-06
                          0.5308516622010333E-06
                          0.5325124710622564E-06
                          0.5341771652250107E-06
                          0.5358457636811188E-06
                          0.5375182682130017E-06
                          0.5391946849124039E-06
                          0.5408750198934372E-06
                          0.5425592925105353E-06
                          0.5442474705965287E-06
                          0.5459395953731269E-06
                          0.5476356655794577E-06
                          0.5493356823263586E-06
                          0.5510396551483695E-06
                          0.5527475890377605E-06
                          0.5544594901302550E-06
                          0.5561753658024801E-06
                          0.5578952184731294E-06
                          0.5596190583879491E-06
                          0.5613468982910804E-06
                          0.5630787186194527E-06
                          0.5648145519950537E-06
                          0.5665543956418909E-06
                          0.5682982636580276E-06
                          0.5700461384491640E-06
                          0.5717980499518966E-06
                          0.5735539964524996E-06
                          0.5753139841249952E-06
                          0.5770780191793711E-06
                          0.5788461109715186E-06
                          0.5806182561978480E-06
                          0.5823944705878113E-06
                          0.5841747571808626E-06
                          0.5859591221963387E-06
                          0.5877475718582431E-06
                          0.5895401124350380E-06
                          0.5913367500704426E-06
                          0.5931374910340485E-06
                          0.5949423416168670E-06
                          0.5967513080374032E-06
                          0.5985643971986152E-06
                          0.6003816134067192E-06
                          0.6022029651330867E-06
                          0.6040284576038617E-06
                          0.6058581059252267E-06
                          0.6076918897257014E-06
                          0.6095298438820174E-06
                          0.6113719608593912E-06
                          0.6132182517532887E-06
                          0.6150687212213641E-06
                          0.6169233755668351E-06
                          0.6187822679196786E-06
                          0.6206452641107881E-06
                          0.6225125167413355E-06
                          0.6243839678795238E-06
                          0.6262596412800287E-06
                          0.6281395374388437E-06
                          0.6300236651949499E-06
                          0.6319120234406205E-06
                          0.6338046259750404E-06
                          0.6357014768853406E-06
                          0.6376025889684012E-06
                          0.6395079477946911E-06
                          0.6414175809247983E-06
                          0.6433314876925774E-06
                          0.6452496744055929E-06
                          0.6471721474422657E-06
                          0.6490989131787259E-06
                          0.6510299779986738E-06
                          0.6529653482992365E-06
                          0.6549050420351810E-06
                          0.6568490309157752E-06
                          0.6587985906780911E-06
                          0.6607500122422828E-06
                          0.6627101286888722E-06
                          0.6646683435688294E-06
                          0.6666341129320182E-06
                          0.6686040762647281E-06
                          0.6705784899082134E-06
                          0.6725572617731935E-06
                          0.6745404239912157E-06
                          0.6765279516140579E-06
                          0.6785198767797141E-06
                          0.6805161973827673E-06
                          0.6825169216494975E-06
                          0.6845220507509055E-06
                          0.6865316098354465E-06
                          0.6885455636741888E-06
                          0.6905639586754163E-06
                          0.6925867873510062E-06
                          0.6946140578842204E-06
                          0.6966457743057288E-06
                          0.6986819451994332E-06
                          0.7007225796210926E-06
                          0.7027676887626611E-06
                          0.7048172454001789E-06
                          0.7068713271006635E-06
                          0.7089298337183693E-06
                          0.7109928638966265E-06
                          0.7130603934624852E-06
                          0.7151324335563341E-06
                          0.7172089769134562E-06
                          0.7192900438833641E-06
                          0.7213756364211026E-06
                          0.7234657611027903E-06
                          0.7255604244200554E-06
                          0.7276596330089294E-06
                          0.7297633941314744E-06
                          0.7318717122181398E-06
                          0.7339845962990619E-06
                          0.7361020513272755E-06
                          0.7382240871646230E-06
                          0.7403507030325493E-06
                          0.7424819129323072E-06
                          0.7446177201067666E-06
                          0.7467581321763363E-06
                          0.7489031553982698E-06
                          0.7510527964114748E-06
                          0.7532070640399347E-06
                          0.7553659582857227E-06
                          0.7575294924394186E-06
                          0.7596976708304292E-06
                          0.7618705046207152E-06
                          0.7640480894026901E-06
                          0.7662301412661430E-06
                          0.7684169638897170E-06
                          0.7706084601243122E-06
                          0.7728046445969031E-06
                          0.7750055187881901E-06
                          0.7772111047150234E-06
                          0.7794213688884690E-06
                          0.7816363572341274E-06
                          0.7838560604184921E-06
                          0.7860804899435401E-06
                          0.7883096503791671E-06
                          0.7905435530698440E-06
                          0.7927821912039630E-06
                          0.7950255853954351E-06
                          0.7972737395364884E-06
                          0.7995266549282486E-06
                          0.8017843403108788E-06
                          0.8040468059112069E-06
                          0.8063140617841039E-06
                          0.8085860984162594E-06
                          0.8108629382258865E-06
                          0.8131445832525756E-06
                          0.8154310401100153E-06
                          0.8177223155186736E-06
                          0.8200184222875916E-06
                          0.8223193503705970E-06
                          0.8246251205890738E-06
                          0.8269357378564881E-06
                          0.8292512360347086E-06
                          0.8315715363878106E-06
                          0.8338967310350294E-06
                          0.8362267986106121E-06
                          0.8385617457712878E-06
                          0.8409015793873468E-06
                          0.8432463060800367E-06
                          0.8455959328590464E-06
                          0.8479504664819900E-06
                          0.8503099137865203E-06
                          0.8526742815713320E-06
                          0.8550435828870499E-06
                          0.8574178060198358E-06
                          0.8597969990284704E-06
                          0.8621810945711672E-06
                          0.8645701675154205E-06
                          0.8669642127456644E-06
                          0.8693632050462225E-06
                          0.8717671833558298E-06
                          0.8741761462850684E-06
                          0.8765900934617261E-06
                          0.8790090390157831E-06
                          0.8814329874178084E-06
                          0.8838619455639689E-06
                          0.8862959203534393E-06
                          0.8887349186818227E-06
                          0.8911789474635661E-06
                          0.8936280136084568E-06
                          0.8960821240336685E-06
                          0.8985412858323774E-06
                          0.9010055060393639E-06
                          0.9034748211937034E-06
                          0.9059491470513843E-06
                          0.9084285937412736E-06
                          0.9109131044076153E-06
                          0.9134027323879484E-06
                          0.9158974331074895E-06
                          0.9183972551858961E-06
                          0.9209021889118086E-06
                          0.9234122441707194E-06
                          0.9259274272008471E-06
                          0.9284477563090384E-06
                          0.9309732041387162E-06
                          0.9335038120502865E-06
                          0.9360395755618328E-06
                          0.9385805143465080E-06
                          0.9411265972238694E-06
                          0.9436778694899685E-06
                          0.9462343253704244E-06
                          0.9487959718818522E-06
                          0.9513628160456011E-06
                          0.9539348648873646E-06
                          0.9565121254384964E-06
                          0.9590946047345275E-06
                          0.9616823098140064E-06
                          0.9642752477241828E-06
                          0.9668734255139998E-06
                          0.9694768502377836E-06
                          0.9720855297209749E-06
                          0.9746994691693700E-06
                          0.9773186766305552E-06
                          0.9799431603063530E-06
                          0.9825729251093537E-06
                          0.9852079798858842E-06
                          0.9878483310364021E-06
                          0.9904939858643043E-06
                          0.9931449511321409E-06
                          0.9958012342468933E-06
                          0.9984628421937064E-06
                          0.1001129782130611E-05
                          0.1003802062216683E-05
                          0.1006479686276569E-05
                          0.1009162664780697E-05
                          0.1011851003736525E-05
                          0.1014544710279242E-05
                          0.1017243791637424E-05
                          0.1019948276104118E-05
                          0.1022658106851721E-05
                          0.1025373433134342E-05
                          0.1028094006878950E-05
                          0.1030820125396161E-05
                          0.1033551548877462E-05
                          0.1036288453550410E-05
                          0.1039030790236504E-05
                          0.1041778566124976E-05
                          0.1044531788396988E-05
                          0.1047290464254087E-05
                          0.1050054600887284E-05
                          0.1052824205498361E-05
                          0.1055599296163173E-05
                          0.1058379847484116E-05
                          0.1061165899568321E-05
                          0.1063957447918973E-05
                          0.1066754500722396E-05
                          0.1069557064586944E-05
                          0.1072365147305382E-05
                          0.1075178755347597E-05
                          0.1077997921985778E-05
                          0.1080822578136863E-05
                          0.1083652823921127E-05
                          0.1086488593963999E-05
                          0.1089329939492491E-05
                          0.1092176851922981E-05
                          0.1095029343833320E-05
                          0.1097887419171049E-05
                          0.1100751085851126E-05
                          0.1103620350953199E-05
                          0.1106495221863674E-05
                          0.1109375707877768E-05
                          0.1112261809697827E-05
                          0.1115153567203176E-05
                          0.1118050908111533E-05
                          0.1120953917008438E-05
                          0.1123862575482707E-05
                          0.1126776890814938E-05
                          0.1129696870379849E-05
                          0.1132622521494757E-05
                          0.1135553851563160E-05
                          0.1138490867736122E-05
                          0.1141433577555312E-05
                          0.1144381988309899E-05
                          0.1147336107358115E-05
                          0.1150295942069283E-05
                          0.1153261500000422E-05
                          0.1156232787918524E-05
                          0.1159209813817906E-05
                          0.1162192604653616E-05
                          0.1165181108899163E-05
                          0.1168175394250523E-05
                          0.1171175442867827E-05
                          0.1174181268598680E-05
                          0.1177192881070238E-05
                          0.1180210273471511E-05
                          0.1183233468879189E-05
                          0.1186262466335776E-05
                          0.1189297276815144E-05
                          0.1192337933372266E-05
                          0.1195384364919636E-05
                          0.1198436687243992E-05
                          0.1201494785218694E-05
                          0.1204558766220824E-05
                          0.1207628603677724E-05
                          0.1210704305938757E-05
                          0.1213785877792061E-05
                          0.1216873338055269E-05
                          0.1219966699959986E-05
                          0.1223065913057784E-05
                          0.1226171031942886E-05
                          0.1229282073744114E-05
                          0.1232399031647244E-05
                          0.1235521943840399E-05
                          0.1238650726342641E-05
                          0.1241785478225173E-05
                          0.1244926176052772E-05
                          0.1248072827832808E-05
                          0.1251225440877436E-05
                          0.1254384022765522E-05
                          0.1257548580992163E-05
                          0.1260719123109147E-05
                          0.1263895656648556E-05
                          0.1267078189154254E-05
                          0.1270266728179289E-05
                          0.1273461281260834E-05
                          0.1276661855972028E-05
                          0.1279868459870138E-05
                          0.1283081100607536E-05
                          0.1286299785499191E-05
                          0.1289524522378685E-05
                          0.1292755329054091E-05
                          0.1295992182173918E-05
                          0.1299235124343114E-05
                          0.1302484140614351E-05
                          0.1305739250818378E-05
                          0.1309000458485955E-05
                          0.1312267771346461E-05
                          0.1315541196639717E-05
                          0.1318820742364786E-05
                          0.1322106416018295E-05
                          0.1325398225228891E-05
                          0.1328696178572290E-05
                          0.1332000280860028E-05
                          0.1335310542568465E-05
                          0.1338626970382921E-05
                          0.1341949571976006E-05
                          0.1345278354998209E-05
                          0.1348613327111483E-05
                          0.1351954495982497E-05
                          0.1355301869343408E-05
                          0.1358655454688293E-05
                          0.1362015260396865E-05
                          0.1365381292544044E-05
                          0.1368753560370615E-05
                          0.1372132071061829E-05
                          0.1375516832295909E-05
                          0.1378907851805659E-05
                          0.1382305137273781E-05
                          0.1385708696434431E-05
                          0.1389118557927090E-05
                          0.1392534666693117E-05
                          0.1395957093243025E-05
                          0.1399385824382728E-05
                          0.1402820867850172E-05
                          0.1406262231435526E-05
                          0.1409709922742701E-05
                          0.1413163949667527E-05
                          0.1416624320465983E-05
                          0.1420091041258479E-05
                          0.1423564121452498E-05
                          0.1427043568272162E-05
                          0.1430529404292709E-05
                          0.1434021592896382E-05
                          0.1437520186266866E-05
                          0.1441025177394865E-05
                          0.1444536574564589E-05
                          0.1448054384106997E-05
                          0.1451578615295156E-05
                          0.1455109275448517E-05
                          0.1458646372380884E-05
                          0.1462189913910821E-05
                          0.1465739907861594E-05
                          0.1469296362061259E-05
                          0.1472859284392302E-05
                          0.1476428682543196E-05
                          0.1480004564505279E-05
                          0.1483586939241433E-05
                          0.1487175811106707E-05
                          0.1490771191454382E-05
                          0.1494373086980118E-05
                          0.1497981505550778E-05
                          0.1501596455034561E-05
                          0.1505217943309506E-05
                          0.1508845978255026E-05
                          0.1512480568065410E-05
                          0.1516121719702433E-05
                          0.1519769441988554E-05
                          0.1523423742513660E-05
                          0.1527084629181730E-05
                          0.1530752109901485E-05
                          0.1534426192586375E-05
                          0.1538106885605711E-05
                          0.1541794195529205E-05
                          0.1545488131637742E-05
                          0.1549188701412713E-05
                          0.1552895912797586E-05
                          0.1556609773715555E-05
                          0.1560330292132018E-05
                          0.1564057475992160E-05
                          0.1567791333252214E-05
                          0.1571531878352009E-05
                          0.1575279099820135E-05
                          0.1579033025064190E-05
                          0.1582793655580248E-05
                          0.1586560999348204E-05
                          0.1590335064352710E-05
                          0.1594115858583156E-05
                          0.1597903390033679E-05
                          0.1601697666703162E-05
                          0.1605498696595234E-05
                          0.1609306487718268E-05
                          0.1613121048085387E-05
                          0.1616942385714452E-05
                          0.1620770508628077E-05
                          0.1624605424853618E-05
                          0.1628447142423176E-05
                          0.1632295669373598E-05
                          0.1636151013746480E-05
                          0.1640013183588160E-05
                          0.1643882186949719E-05
                          0.1647758031886992E-05
                          0.1651640726460554E-05
                          0.1655530278735722E-05
                          0.1659426696782568E-05
                          0.1663329988675902E-05
                          0.1667240162495282E-05
                          0.1671157226325011E-05
                          0.1675081188254140E-05
                          0.1679012056376462E-05
                          0.1682949838790519E-05
                          0.1686894543599595E-05
                          0.1690846178911725E-05
                          0.1694804752839682E-05
                          0.1698770273500989E-05
                          0.1702742749017919E-05
                          0.1706722187517483E-05
                          0.1710708597131438E-05
                          0.1714701985996293E-05
                          0.1718702362253298E-05
                          0.1722709734048448E-05
                          0.1726724109532486E-05
                          0.1730745496860896E-05
                          0.1734773904193917E-05
                          0.1738809339696523E-05
                          0.1742851811538441E-05
                          0.1746901327894138E-05
                          0.1750957896942832E-05
                          0.1755021526868485E-05
                          0.1759092225859798E-05
                          0.1763170002110230E-05
                          0.1767254863817974E-05
                          0.1771346819185977E-05
                          0.1775445876421923E-05
                          0.1779552043738252E-05
                          0.1783665329352141E-05
                          0.1787785741485516E-05
                          0.1791913288365051E-05
                          0.1796047978222159E-05
                          0.1800189819293005E-05
                          0.1804338819818495E-05
                          0.1808494988044286E-05
                          0.1812658332220775E-05
                          0.1816828860603107E-05
                          0.1821006581451172E-05
                          0.1825191503029608E-05
                          0.1829383633607795E-05
                          0.1833582981459861E-05
                          0.1837789554864677E-05
                          0.1842003362105865E-05
                          0.1846224411471787E-05
                          0.1850452711255550E-05
                          0.1854688269755013E-05
                          0.1858931095272777E-05
                          0.1863181196116186E-05
                          0.1867438580597334E-05
                          0.1871703257033055E-05
                          0.1875975233744937E-05
                          0.1880254519059305E-05
                          0.1884541121307234E-05
                          0.1888835048824546E-05
                          0.1893136309951805E-05
                          0.1897444913034321E-05
                          0.1901760866422154E-05
                          0.1906084178470103E-05
                          0.1910414857537718E-05
                          0.1914752911989290E-05
                          0.1919098350193860E-05
                          0.1923451180525213E-05
                          0.1927811411361879E-05
                          0.1932179051087131E-05
                          0.1936554108088994E-05
                          0.1940936590760234E-05
                          0.1945326507498364E-05
                          0.1949723866705640E-05
                          0.1954128676789068E-05
                          0.1958540946160397E-05
                          0.1962960683236120E-05
                          0.1967387896437482E-05
                          0.1971822594190465E-05
                          0.1976264784925803E-05
                          0.1980714477078973E-05
                          0.1985171679090194E-05
                          0.1989636399404440E-05
                          0.1994108646471424E-05
                          0.1998588428745602E-05
                          0.2003075754686184E-05
                          0.2007570632757117E-05
                          0.2012073071427103E-05
                          0.2016583079169576E-05
                          0.2021100664462731E-05
                          0.2025625835789498E-05
                          0.2030158601637555E-05
                          0.2034698970499327E-05
                          0.2039246950871985E-05
                          0.2043802551257443E-05
                          0.2048365780162365E-05
                          0.2052936646098156E-05
                          0.2057515157580968E-05
                          0.2062101323131700E-05
                          0.2066695151275992E-05
                          0.2071296650544240E-05
                          0.2075905829471573E-05
                          0.2080522696597872E-05
                          0.2085147260467766E-05
                          0.2089779529630624E-05
                          0.2094419512640564E-05
                          0.2099067218056449E-05
                          0.2103722654441884E-05
                          0.2108385830365227E-05
                          0.2113056754399576E-05
                          0.2117735435122774E-05
                          0.2122421881117416E-05
                          0.2127116100970836E-05
                          0.2131818103275114E-05
                          0.2136527896627081E-05
                          0.2141245489628307E-05
                          0.2145970890885113E-05
                          0.2150704109008560E-05
                          0.2155445152614461E-05
                          0.2160194030323370E-05
                          0.2164950750760588E-05
                          0.2169715322556162E-05
                          0.2174487754344881E-05
                          0.2179268054766288E-05
                          0.2184056232464662E-05
                          0.2188852296089036E-05
                          0.2193656254293181E-05
                          0.2198468115735619E-05
                          0.2203287889079612E-05
                          0.2208115582993177E-05
                          0.2212951206149068E-05
                          0.2217794767224786E-05
                          0.2222646274902582E-05
                          0.2227505737869448E-05
                          0.2232373164817123E-05
                          0.2237248564442093E-05
                          0.2242131945445587E-05
                          0.2247023316533583E-05
                          0.2251922686416800E-05
                          0.2256830063810708E-05
                          0.2261745457435515E-05
                          0.2266668876016186E-05
                          0.2271600328282420E-05
                          0.2276539822968667E-05
                          0.2281487368814125E-05
                          0.2286442974562733E-05
                          0.2291406648963177E-05
                          0.2296378400768888E-05
                          0.2301358238738047E-05
                          0.2306346171633573E-05
                          0.2311342208223136E-05
                          0.2316346357279154E-05
                          0.2321358627578780E-05
                          0.2326379027903927E-05
                          0.2331407567041237E-05
                          0.2336444253782116E-05
                          0.2341489096922699E-05
                          0.2346542105263880E-05
                          0.2351603287611288E-05
                          0.2356672652775302E-05
                          0.2361750209571050E-05
                          0.2366835966818396E-05
                          0.2371929933341964E-05
                          0.2377032117971109E-05
                          0.2382142529539941E-05
                          0.2387261176887309E-05
                          0.2392388068856817E-05
                          0.2397523214296805E-05
                          0.2402666622060361E-05
                          0.2407818301005322E-05
                          0.2412978259994271E-05
                          0.2418146507894530E-05
                          0.2423323053578171E-05
                          0.2428507905922011E-05
                          0.2433701073807616E-05
                          0.2438902566121293E-05
                          0.2444112391754095E-05
                          0.2449330559601822E-05
                          0.2454557078565019E-05
                          0.2459791957548978E-05
                          0.2465035205463733E-05
                          0.2470286831224070E-05
                          0.2475546843749513E-05
                          0.2480815251964337E-05
                          0.2486092064797560E-05
                          0.2491377291182946E-05
                          0.2496670940059007E-05
                          0.2501973020368997E-05
                          0.2507283541060914E-05
                          0.2512602511087511E-05
                          0.2517929939406275E-05
                          0.2523265834979450E-05
                          0.2528610206774013E-05
                          0.2533963063761696E-05
                          0.2539324414918972E-05
                          0.2544694269227064E-05
                          0.2550072635671936E-05
                          0.2555459523244298E-05
                          0.2560854940939614E-05
                          0.2566258897758078E-05
                          0.2571671402704643E-05
                          0.2577092464789001E-05
                          0.2582522093025594E-05
                          0.2587960296433602E-05
                          0.2593407084036959E-05
                          0.2598862464864343E-05
                          0.2604326447949172E-05
                          0.2609799042329616E-05
                          0.2615280257048587E-05
                          0.2620770101153743E-05
                          0.2626268583697487E-05
                          0.2631775713736972E-05
                          0.2637291500334089E-05
                          0.2642815952555484E-05
                          0.2648349079472541E-05
                          0.2653890890161393E-05
                          0.2659441393702915E-05
                          0.2665000599182731E-05
                          0.2670568515691213E-05
                          0.2676145152323473E-05
                          0.2681730518179371E-05
                          0.2687324622363512E-05
                          0.2692927473985249E-05
                          0.2698539082158678E-05
                          0.2704159456002642E-05
                          0.2709788604640725E-05
                          0.2715426537201268E-05
                          0.2721073262817345E-05
                          0.2726728790626780E-05
                          0.2732393129772147E-05
                          0.2738066289400760E-05
                          0.2743748278664679E-05
                          0.2749439106720715E-05
                          0.2755138782730419E-05
                          0.2760847315860086E-05
                          0.2766564715280766E-05
                          0.2772290990168243E-05
                          0.2778026149703057E-05
                          0.2783770203070483E-05
                          0.2789523159460551E-05
                          0.2795285028068033E-05
                          0.2801055818092445E-05
                          0.2806835538738050E-05
                          0.2812624199213858E-05
                          0.2818421808733624E-05
                          0.2824228376515845E-05
                          0.2830043911783764E-05
                          0.2835868423765382E-05
                          0.2841701921693424E-05
                          0.2847544414805380E-05
                          0.2853395912343476E-05
                          0.2859256423554681E-05
                          0.2865125957690720E-05
                          0.2871004524008055E-05
                          0.2876892131767892E-05
                          0.2882788790236196E-05
                          0.2888694508683661E-05
                          0.2894609296385735E-05
                          0.2900533162622613E-05
                          0.2906466116679233E-05
                          0.2912408167845274E-05
                          0.2918359325415170E-05
                          0.2924319598688093E-05
                          0.2930288996967968E-05
                          0.2936267529563453E-05
                          0.2942255205787967E-05
                          0.2948252034959666E-05
                          0.2954258026401452E-05
                          0.2960273189440968E-05
                          0.2966297533410616E-05
                          0.2972331067647533E-05
                          0.2978373801493602E-05
                          0.2984425744295456E-05
                          0.2990486905404469E-05
                          0.2996557294176767E-05
                          0.3002636919973216E-05
                          0.3008725792159424E-05
                          0.3014823920105756E-05
                          0.3020931313187316E-05
                          0.3027047980783952E-05
                          0.3033173932280256E-05
                          0.3039309177065576E-05
                          0.3045453724533993E-05
                          0.3051607584084343E-05
                          0.3057770765120205E-05
                          0.3063943277049895E-05
                          0.3070125129286489E-05
                          0.3076316331247800E-05
                          0.3082516892356387E-05
                          0.3088726822039558E-05
                          0.3094946129729362E-05
                          0.3101174824862595E-05
                          0.3107412916880805E-05
                          0.3113660415230274E-05
                          0.3119917329362040E-05
                          0.3126183668731881E-05
                          0.3132459442800319E-05
                          0.3138744661032630E-05
                          0.3145039332898825E-05
                          0.3151343467873670E-05
                          0.3157657075436671E-05
