 Longwave optical depth [dimless]
  0.1064E+00
  0.1854E+02
  0.2755E+02
  0.4010E+03
  0.1380E+04
  0.6151E+03
  0.4186E+04
  0.1077E+05
  0.4426E+03
  0.4680E+04
  0.1593E+03
  0.3165E+04
  0.1408E+03
  0.4934E+02
  0.8006E+02
  0.2136E+04
  0.5004E+01
  0.2440E+02
  0.9151E+00
  0.1529E+01
  0.2144E+01
  0.2072E+02
  0.2566E+01
  0.5958E+02
  0.3451E+03
  0.6263E+03
  0.1334E+05
  0.6179E+05
  0.2772E+04
  0.1912E+03
  0.1062E+04
  0.7162E+00
  0.2146E+01
  0.2897E+00
  0.4539E-01
  0.2378E-01
  0.1584E-01
  0.8930E-01
  0.1762E+01
  0.6205E+00
  0.5533E-02
  0.5582E-01
  0.6823E+00
  0.1221E+01
  0.2871E+00
  0.8431E-03
  0.3679E+00
  0.2830E-01
  0.6644E-02
  0.8246E-01
  0.3931E+00
  0.4024E+00
  0.4766E-01
  0.1703E+00
  0.8389E+00
  0.2960E+01
  0.3017E+01
  0.3335E+01
  0.1463E+02
  0.7157E+02
  0.6956E+02
  0.3822E+02
  0.1794E+02
  0.3136E+03
  0.4707E+01
  0.2030E+02
  0.2720E+03
  0.2499E+02
  0.7125E+02
  0.8833E+01
  0.6896E+02
  0.6370E+01
  0.1004E+02
  0.5831E+01
  0.9495E+00
  0.9250E+00
  0.1008E+02
  0.1442E+01
  0.3811E+00
  0.2952E+00
  0.1303E+00
  0.4095E+01
  0.1490E+03
  0.4471E+04
  0.5927E+01
  0.5223E+00
  0.8337E-01
  0.3014E-01
  0.2045E+00
  0.2105E+02
  0.1305E+04
  0.4105E+06
  0.2098E+05
  0.6980E+06
  0.2625E+06
  0.7060E+05
  0.1114E+02
  0.2249E-01
  0.5854E-01
  0.5913E-01
  0.4639E+00
  0.3744E-01
  0.1459E-01
  0.8378E-01
  0.7104E+00
  0.1030E+01
  0.3758E-01
  0.2193E-01
  0.8200E-02
  0.1211E-01
  0.4485E-01
  0.3059E+00
  0.2062E-01
  0.8179E-01
  0.1376E-02
  0.9463E-02
  0.1963E-01
  0.2577E-02
  0.4808E-02
  0.1688E+00
  0.6311E-01
  0.1137E+00
  0.1617E+00
  0.1852E+01
  0.5531E+01
  0.7981E+00
  0.2544E+00
  0.1909E+01
  0.1014E+00
  0.1182E+02
  0.1864E+00
  0.4896E+00
  0.1958E+00
  0.6133E+01
  0.1977E+02
  0.1163E+01
  0.4762E+00
  0.1619E+01
  0.6082E+00
  0.2003E+01
  0.4285E+02
  0.2588E+02
  0.1226E+04
  0.9173E+03
  0.7210E+04
  0.1655E+05
  0.2543E+03
  0.3843E+03
  0.1036E+05
  0.1216E+05
  0.3932E+03
  0.3857E+02
  0.2791E+03
  0.4959E+02
  0.1559E+03
  0.7064E+01
  0.2595E+02
  0.3990E+01
  0.2004E+02
  0.3069E+00
  0.1198E+01
  0.3086E+00
  0.6703E-01
  0.9345E-01
  0.6047E-01
  0.1752E-01
  0.8742E-01
  0.5006E-02
  0.1393E-01
  0.1478E-02
  0.8917E-02
  0.6282E-03
  0.5859E-02
  0.7492E-03
  0.9159E-03
  0.9343E-03
  0.3066E-03
  0.1639E+00
  0.8815E-03
  0.4044E-03
  0.2253E-02
  0.4866E-02
  0.1980E-01
  0.1343E-01
  0.4185E-01
  0.7497E+00
  0.5186E+01
  0.2938E-01
  0.2449E-01
  0.2387E+00
  0.9884E+00
  0.1365E+01
  0.7872E+01
  0.1452E+03
  0.5004E+01
  0.2907E+03
  0.2006E+02
  0.5760E+01
  0.4202E+03
  0.1258E+03
  0.5716E+03
  0.3100E+00
  0.6354E+00
  0.1677E+02
  0.2057E+04
  0.2811E+02
  0.6737E+00
  0.2395E+01
  0.1629E+01
  0.2702E+01
  0.4271E+01
  0.9646E+00
  0.3316E+01
  0.1328E+02
  0.2808E+02
  0.3894E+01
  0.1212E+02
  0.2750E+03
  0.8355E+00
  0.6807E+00
  0.9408E+01
  0.2111E+00
  0.6802E+00
  0.7601E-01
  0.1600E+00
  0.7374E-01
  0.8255E-02
  0.1079E+00
  0.2499E-02
  0.2392E-02
  0.2100E-02
  0.1184E-02
  0.2613E-02
  0.1962E-01
  0.3889E-02
  0.1905E-01
  0.1013E-02
  0.3276E-02
  0.1929E-01
  0.2345E-01
  0.1765E-01
  0.2765E-01
  0.6742E-01
  0.9574E-01
  0.1277E+00
  0.2989E-01
  0.4949E-01
  0.1284E+00
  0.9246E+00
  0.9894E+00
  0.1025E+01
  0.3663E-01
  0.1334E+00
  0.3108E+02
  0.2576E+01
  0.1398E+00
  0.4538E-02
  0.6692E-03
  0.5230E-02
  0.1040E+00
  0.1331E+00
  0.2698E+00
  0.5091E-01
  0.3850E-02
  0.4360E-01
  0.4227E-01
  0.7863E-01
  0.6904E+00
  0.1041E+00
  0.2729E+00
  0.1152E+01
  0.4170E-01
  0.1341E+02
  0.3831E-01
  0.1334E+00
  0.1310E+00
  0.4893E+00
  0.4299E+01
  0.1108E+02
  0.1024E+02
  0.3240E+01
  0.5431E+00
  0.9951E+01
  0.1017E+01
  0.1277E+02
  0.6628E+00
  0.4421E+00
  0.2593E+01
  0.7960E+01
  0.3620E+01
  0.5680E+01
  0.5962E+00
  0.2782E+01
  0.4671E+01
  0.9678E+02
  0.4204E+01
  0.1832E+01
  0.9548E+00
  0.1018E+00
  0.6467E+00
  0.1413E+01
  0.4750E-01
  0.1710E-01
  0.1729E+00
  0.1336E+00
  0.1511E+00
  0.6331E-02
  0.1895E-02
  0.1592E-01
  0.5074E+00
  0.1129E-01
  0.3012E-02
  0.1233E-02
  0.1968E-02
  0.8666E-03
  0.1462E-02
  0.4841E-02
  0.2012E-02
  0.1325E-02
  0.2761E-02
  0.9348E-03
  0.1151E-02
  0.9182E-02
  0.9519E-02
  0.2339E-01
  0.3310E-01
  0.1151E-01
  0.2127E+01
  0.2281E+02
  0.1338E-01
  0.2265E+00
  0.1578E+00
  0.1381E+01
  0.5657E-01
  0.4443E-02
  0.8341E-02
  0.3881E-02
  0.2965E-02
  0.4105E-01
  0.5411E-02
  0.8012E-02
  0.6903E-01
  0.2594E-01
  0.6514E-02
  0.2174E-01
  0.1983E-01
  0.1083E+00
  0.8395E+01
  0.4775E+00
  0.1516E+02
  0.9911E+00
  0.3796E-01
  0.2828E+00
  0.1024E+02
  0.5006E+00
  0.2281E+00
  0.3586E+00
  0.9186E-01
  0.6854E+00
  0.3420E-01
  0.2400E-01
  0.6573E-01
  0.9300E-01
  0.1023E-01
  0.5131E-02
  0.4190E-02
  0.2379E-02
  0.4547E-02
  0.1588E+00
  0.2984E-02
  0.2173E-02
  0.1189E-01
  0.1189E+00
  0.3408E-02
  0.1891E-02
  0.1550E+00
  0.9856E-02
  0.2374E-02
  0.2047E-02
  0.2851E-02
  0.8600E-02
  0.1468E+00
  0.1740E-02
  0.1869E-02
  0.5269E-02
  0.2540E-02
  0.1772E-02
  0.1747E-02
  0.1744E-02
  0.2217E-02
  0.1801E-02
  0.2120E-02
  0.1853E-02
  0.1953E-02
  0.2135E-02
  0.2286E-02
  0.4418E-02
  0.1951E-02
  0.1437E-01
  0.1159E-01
  0.2112E-02
  0.2262E-02
  0.2763E-02
  0.2141E-02
  0.2301E-02
  0.1138E-01
  0.2132E-01
  0.3370E-02
  0.1202E-01
  0.5197E-02
  0.3942E-01
  0.2609E-01
  0.2123E-01
  0.9470E-02
  0.3660E-01
  0.3026E-01
  0.3314E-01
  0.2780E-01
  0.2206E-01
  0.3001E+00
  0.6627E-01
  0.2815E+00
  0.2261E+00
  0.2878E-01
  0.2440E+00
  0.3708E+00
  0.6180E+00
  0.1012E+00
  0.2064E+00
  0.1210E+01
  0.5057E+00
  0.1410E+00
  0.4122E-01
  0.1924E-01
  0.2901E-01
  0.7485E-02
  0.7727E-02
  0.2107E-01
  0.3953E-01
  0.8146E-02
  0.9484E-02
  0.1933E+00
  0.4479E-01
  0.1847E-01
  0.2405E-01
  0.3345E-01
  0.6536E-02
  0.4570E-02
  0.3599E-02
  0.3711E-02
  0.3657E-02
  0.3238E-02
  0.3210E-02
  0.4012E-02
  0.3781E-02
  0.3360E-02
  0.3691E-02
  0.3399E-02
  0.4526E-02
  0.3862E-02
  0.6035E-02
  0.3459E-02
  0.3494E-02
  0.3570E-02
  0.3548E-02
  0.3759E-02
  0.3677E-02
  0.3724E-02
  0.1044E-01
  0.3851E-02
  0.4228E-02
  0.3858E-02
  0.3891E-02
  0.4002E-02
  0.4181E-02
  0.4789E-02
  0.4945E-02
  0.4458E-02
  0.5122E-02
  0.5635E-02
  0.2424E-01
  0.5341E-02
  0.6042E-02
  0.6300E-01
  0.1232E-01
  0.8409E-02
  0.1693E-01
  0.6195E-02
  0.2556E-01
  0.1613E-01
  0.9031E-02
  0.1736E-01
  0.3488E-01
  0.5490E-02
  0.2328E-01
  0.4751E-02
  0.4789E-02
  0.5644E-02
  0.6133E-02
  0.5072E-02
  0.5779E-02
  0.4986E-02
  0.1194E-01
  0.5570E-02
  0.9694E-02
  0.5232E-02
  0.5301E-02
  0.1220E-01
  0.5302E-02
  0.5174E-02
  0.6300E-02
  0.1187E-01
  0.5259E-02
  0.5303E-02
  0.5415E-02
  0.5382E-02
  0.5425E-02
  0.5467E-02
  0.5517E-02
  0.5553E-02
  0.5594E-02
  0.5637E-02
  0.5680E-02
  0.5723E-02
  0.5769E-02
  0.5813E-02
  0.5858E-02
  0.5911E-02
  0.5952E-02
  0.6207E-02
  0.6040E-02
  0.6084E-02
  0.6154E-02
  0.6275E-02
  0.6268E-02
  0.6289E-02
  0.6345E-02
  0.6404E-02
  0.6542E-02
  0.6818E-02
  0.1018E-01
  0.7003E-02
  0.8151E-02
  0.8022E-01
  0.7115E-02
  0.1293E-01
  0.7796E-02
  0.7941E-02
  0.2180E-01
  0.1208E-01
  0.1022E-01
  0.5406E-01
  0.5422E-01
  0.3899E-01
  0.8158E-02
  0.6301E+00
  0.1303E-01
  0.1794E-01
  0.9324E-02
  0.1379E-01
  0.8528E-02
  0.8489E-02
  0.9094E-02
  0.1690E-01
  0.1597E-01
  0.8432E-02
  0.9392E-02
  0.8588E-02
  0.8423E-02
  0.9362E-02
  0.9103E-02
  0.1076E-01
  0.9635E-02
  0.8442E-02
  0.8709E-02
  0.6338E-01
  0.9850E-02
  0.2928E-01
  0.8657E-02
  0.8658E-02
  0.8688E-02
  0.8722E-02
  0.8866E-02
  0.8859E-02
  0.8996E-02
  0.8994E-02
  0.9053E-02
  0.9085E-02
  0.9193E-02
  0.9312E-02
  0.9270E-02
  0.9333E-02
  0.9434E-02
  0.9461E-02
  0.9534E-02
  0.9589E-02
  0.9652E-02
  0.9718E-02
  0.9843E-02
  0.1030E-01
  0.1004E-01
  0.9997E-02
  0.1006E-01
  0.1180E-01
  0.1023E-01
  0.1029E-01
  0.1037E-01
  0.1047E-01
  0.1313E-01
  0.1082E-01
  0.1370E-01
  0.1093E-01
  0.2371E-01
  0.1168E-01
  0.1125E-01
  0.1107E-01
  0.1238E-01
  0.1185E-01
  0.1151E-01
  0.1145E-01
  0.1151E-01
  0.1142E-01
  0.1248E-01
  0.1195E-01
  0.1173E-01
  0.1169E-01
  0.1200E-01
  0.1189E-01
  0.1197E-01
  0.1201E-01
  0.1207E-01
  0.1218E-01
  0.1781E-01
  0.1240E-01
  0.1237E-01
  0.1253E-01
  0.1256E-01
  0.1263E-01
  0.1279E-01
  0.1277E-01
  0.1284E-01
  0.1292E-01
  0.1299E-01
  0.1308E-01
  0.1317E-01
  0.1324E-01
  0.1332E-01
  0.1340E-01
  0.1349E-01
  0.1357E-01
  0.1365E-01
  0.1374E-01
  0.1383E-01
  0.1391E-01
  0.1399E-01
  0.1408E-01
  0.1417E-01
  0.1426E-01
  0.1434E-01
  0.1445E-01
  0.1465E-01
  0.1463E-01
  0.1473E-01
  0.1481E-01
  0.1583E-01
  0.1507E-01
  0.1538E-01
  0.1682E-01
  0.1543E-01
  0.1624E-01
  0.1637E-01
  0.2483E-01
  0.1666E-01
  0.1647E-01
  0.1603E-01
  0.1779E-01
  0.1651E-01
  0.2198E-01
  0.2209E-01
  0.1979E-01
  0.2446E-01
  0.1662E-01
  0.1670E-01
  0.1674E-01
  0.1683E-01
  0.1689E-01
  0.1695E-01
  0.1706E-01
  0.1716E-01
  0.1737E-01
  0.1735E-01
  0.1745E-01
  0.1765E-01
  0.1786E-01
  0.1833E-01
  0.1829E-01
  0.1841E-01
  0.1809E-01
  0.1827E-01
  0.1919E-01
  0.1851E-01
  0.1869E-01
  0.1876E-01
  0.1926E-01
  0.1887E-01
  0.1892E-01
  0.1901E-01
  0.1918E-01
  0.1928E-01
  0.1933E-01
  0.1945E-01
  0.1969E-01
  0.1969E-01
  0.1978E-01
  0.1988E-01
  0.1999E-01
  0.2010E-01
  0.2022E-01
  0.2033E-01
  0.2044E-01
  0.2056E-01
  0.2067E-01
  0.2079E-01
  0.2090E-01
  0.2103E-01
  0.2114E-01
  0.2161E-01
  0.2139E-01
  0.2168E-01
  0.2165E-01
  0.2174E-01
  0.2208E-01
  0.2233E-01
  0.2213E-01
  0.2235E-01
  0.2238E-01
  0.2259E-01
  0.2481E-01
  0.2306E-01
  0.2313E-01
  0.2297E-01
  0.2307E-01
  0.2320E-01
  0.2341E-01
  0.2345E-01
  0.2357E-01
  0.2373E-01
  0.2386E-01
  0.2395E-01
  0.2413E-01
  0.2421E-01
  0.2438E-01
  0.2446E-01
  0.2466E-01
  0.2473E-01
  0.2486E-01
  0.2505E-01
  0.2516E-01
  0.2525E-01
  0.2539E-01
  0.2552E-01
  0.2566E-01
  0.2591E-01
  0.2594E-01
  0.2607E-01
  0.2620E-01
  0.2633E-01
  0.2647E-01
  0.2661E-01
  0.2675E-01
  0.2689E-01
  0.2703E-01
  0.2717E-01
  0.2731E-01
  0.2745E-01
  0.2760E-01
  0.2774E-01
  0.2788E-01
  0.2811E-01
  0.2817E-01
  0.2832E-01
  0.2847E-01
  0.2939E-01
  0.2878E-01
  0.2892E-01
  0.2932E-01
  0.2930E-01
  0.3053E-01
  0.2962E-01
  0.2981E-01
  0.2993E-01
  0.3007E-01
  0.3021E-01
  0.3046E-01
  0.3059E-01
  0.3059E-01
  0.3074E-01
  0.3091E-01
  0.3116E-01
  0.3123E-01
  0.3136E-01
  0.3149E-01
  0.3165E-01
  0.3180E-01
  0.3196E-01
  0.3212E-01
  0.3228E-01
  0.3244E-01
  0.3260E-01
  0.3277E-01
  0.3295E-01
  0.3309E-01
  0.3328E-01
  0.3342E-01
  0.3359E-01
  0.3375E-01
  0.3391E-01
  0.3410E-01
  0.3426E-01
  0.3444E-01
  0.3469E-01
  0.3476E-01
  0.3493E-01
  0.3513E-01
  0.3530E-01
  0.3544E-01
  0.3564E-01
  0.3578E-01
  0.3595E-01
  0.3612E-01
  0.3630E-01
  0.3648E-01
  0.3665E-01
  0.3683E-01
  0.3700E-01
  0.3718E-01
  0.3736E-01
  0.3754E-01
  0.3773E-01
  0.3790E-01
  0.3808E-01
  0.3826E-01
  0.3845E-01
  0.3867E-01
  0.3882E-01
  0.3900E-01
  0.3920E-01
  0.3937E-01
  0.3958E-01
  0.3975E-01
  0.4001E-01
  0.4022E-01
  0.4031E-01
  0.4052E-01
  0.4069E-01
  0.4088E-01
  0.4107E-01
  0.4132E-01
  0.4153E-01
  0.4164E-01
  0.4184E-01
  0.4203E-01
  0.4223E-01
  0.4242E-01
  0.4262E-01
  0.4282E-01
  0.4302E-01
  0.4322E-01
  0.4342E-01
  0.4362E-01
  0.4382E-01
  0.4402E-01
  0.4422E-01
  0.4443E-01
  0.4463E-01
  0.4484E-01
  0.4504E-01
  0.4525E-01
  0.4545E-01
  0.4567E-01
  0.4590E-01
  0.4608E-01
  0.4629E-01
  0.4657E-01
  0.4671E-01
  0.4692E-01
  0.4713E-01
  0.4734E-01
  0.4756E-01
  0.4778E-01
  0.4799E-01
  0.4821E-01
  0.4842E-01
  0.4864E-01
  0.4887E-01
  0.4909E-01
  0.4932E-01
  0.4955E-01
  0.4984E-01
  0.4998E-01
  0.5071E-01
  0.5041E-01
  0.5065E-01
  0.5142E-01
  0.5111E-01
  0.5176E-01
  0.5154E-01
  0.5177E-01
  0.5199E-01
  0.5222E-01
  0.5247E-01
  0.5268E-01
  0.5291E-01
  0.5319E-01
  0.5338E-01
  0.5361E-01
  0.5385E-01
  0.5408E-01
  0.5432E-01
  0.5455E-01
  0.5479E-01
  0.5503E-01
  0.5527E-01
  0.5551E-01
  0.5575E-01
  0.5599E-01
  0.5624E-01
  0.5648E-01
  0.5674E-01
  0.5697E-01
  0.5721E-01
  0.5746E-01
  0.5772E-01
  0.5796E-01
  0.5820E-01
  0.5846E-01
  0.5871E-01
  0.5896E-01
  0.5921E-01
  0.5946E-01
  0.5971E-01
  0.5997E-01
  0.6022E-01
  0.6048E-01
  0.6074E-01
  0.6100E-01
  0.6125E-01
  0.6151E-01
  0.6178E-01
  0.6203E-01
  0.6230E-01
  0.6256E-01
  0.6283E-01
  0.6309E-01
  0.6337E-01
  0.6365E-01
  0.6389E-01
  0.6416E-01
  0.6443E-01
  0.6470E-01
  0.6496E-01
  0.6524E-01
  0.6551E-01
  0.6578E-01
  0.6606E-01
  0.6633E-01
  0.6660E-01
  0.6688E-01
  0.6715E-01
  0.6743E-01
  0.6771E-01
  0.6799E-01
  0.6827E-01
  0.6855E-01
  0.6883E-01
  0.6912E-01
  0.6940E-01
  0.6969E-01
  0.6997E-01
  0.7026E-01
  0.7055E-01
  0.7083E-01
  0.7112E-01
  0.7141E-01
  0.7170E-01
  0.7200E-01
  0.7229E-01
  0.7259E-01
  0.7288E-01
  0.7318E-01
  0.7347E-01
  0.7377E-01
  0.7407E-01
  0.7437E-01
  0.7467E-01
  0.7497E-01
  0.7535E-01
  0.7559E-01
  0.7590E-01
  0.7619E-01
  0.7649E-01
  0.7680E-01
  0.7756E-01
  0.7741E-01
  0.7772E-01
  0.7803E-01
  0.7847E-01
  0.7865E-01
  0.7899E-01
  0.7927E-01
  0.7959E-01
  0.7990E-01
  0.8022E-01
  0.8054E-01
  0.8086E-01
  0.8118E-01
  0.8150E-01
  0.8182E-01
  0.8214E-01
  0.8246E-01
  0.8279E-01
  0.8311E-01
  0.8344E-01
  0.8377E-01
  0.8409E-01
  0.8442E-01
  0.8475E-01
  0.8508E-01
  0.8541E-01
  0.8575E-01
  0.8608E-01
  0.8642E-01
  0.8675E-01
  0.8709E-01
  0.8743E-01
  0.8777E-01
  0.8810E-01
  0.8845E-01
  0.8879E-01
  0.8913E-01
  0.8947E-01
  0.8983E-01
  0.9016E-01
  0.9051E-01
  0.9086E-01
  0.9121E-01
  0.9156E-01
  0.9191E-01
  0.9226E-01
  0.9261E-01
  0.9297E-01
  0.9332E-01
  0.9367E-01
  0.9403E-01
  0.9439E-01
  0.9477E-01
  0.9511E-01
  0.9563E-01
  0.9583E-01
  0.9619E-01
  0.9656E-01
  0.9692E-01
  0.9730E-01
  0.9766E-01
  0.9802E-01
  0.9839E-01
  0.9876E-01
  0.9913E-01
  0.9951E-01
  0.9988E-01
  0.1003E+00
  0.1006E+00
  0.1010E+00
  0.1014E+00
  0.1018E+00
  0.1021E+00
  0.1025E+00
  0.1029E+00
  0.1033E+00
  0.1037E+00
  0.1041E+00
  0.1044E+00
  0.1048E+00
  0.1052E+00
  0.1056E+00
  0.1060E+00
  0.1064E+00
  0.1068E+00
  0.1072E+00
  0.1076E+00
  0.1080E+00
  0.1084E+00
  0.1088E+00
  0.1092E+00
  0.1096E+00
  0.1100E+00
  0.1104E+00
  0.1108E+00
  0.1112E+00
  0.1116E+00
  0.1120E+00
  0.1124E+00
  0.1128E+00
  0.1132E+00
  0.1136E+00
  0.1140E+00
  0.1144E+00
  0.1149E+00
  0.1153E+00
  0.1157E+00
  0.1161E+00
  0.1165E+00
  0.1169E+00
  0.1174E+00
  0.1178E+00
  0.1182E+00
  0.1186E+00
  0.1191E+00
  0.1195E+00
  0.1199E+00
  0.1203E+00
  0.1208E+00
  0.1212E+00
  0.1216E+00
  0.1221E+00
  0.1225E+00
  0.1229E+00
  0.1234E+00
  0.1238E+00
  0.1243E+00
  0.1247E+00
  0.1251E+00
  0.1256E+00
  0.1260E+00
  0.1265E+00
  0.1269E+00
  0.1274E+00
  0.1278E+00
  0.1283E+00
  0.1287E+00
  0.1292E+00
  0.1296E+00
  0.1301E+00
  0.1305E+00
  0.1310E+00
  0.1315E+00
  0.1319E+00
  0.1324E+00
  0.1328E+00
  0.1333E+00
  0.1338E+00
  0.1342E+00
  0.1347E+00
  0.1352E+00
  0.1356E+00
  0.1361E+00
  0.1366E+00
  0.1371E+00
  0.1375E+00
  0.1380E+00
  0.1385E+00
  0.1390E+00
  0.1394E+00
  0.1399E+00
  0.1404E+00
  0.1409E+00
  0.1414E+00
  0.1419E+00
  0.1423E+00
  0.1428E+00
  0.1433E+00
  0.1438E+00
  0.1443E+00
  0.1448E+00
  0.1453E+00
  0.1458E+00
  0.1463E+00
  0.1468E+00
  0.1473E+00
  0.1478E+00
  0.1483E+00
  0.1488E+00
  0.1493E+00
  0.1498E+00
  0.1503E+00
  0.1508E+00
  0.1513E+00
  0.1519E+00
  0.1523E+00
  0.1529E+00
  0.1534E+00
  0.1539E+00
  0.1544E+00
  0.1549E+00
  0.1554E+00
  0.1560E+00
  0.1565E+00
  0.1570E+00
  0.1575E+00
  0.1581E+00
  0.1586E+00
  0.1591E+00
  0.1596E+00
  0.1602E+00
  0.1607E+00
  0.1613E+00
  0.1618E+00
  0.1623E+00
  0.1629E+00
  0.1634E+00
  0.1639E+00
  0.1645E+00
  0.1650E+00
  0.1656E+00
  0.1661E+00
  0.1667E+00
  0.1672E+00
  0.1678E+00
  0.1683E+00
  0.1689E+00
  0.1694E+00
  0.1700E+00
  0.1705E+00
  0.1711E+00
  0.1717E+00
  0.1722E+00
  0.1728E+00
  0.1734E+00
  0.1739E+00
  0.1745E+00
  0.1751E+00
  0.1756E+00
  0.1762E+00
  0.1768E+00
  0.1773E+00
  0.1779E+00
  0.1785E+00
  0.1791E+00
  0.1797E+00
  0.1802E+00
  0.1808E+00
  0.1814E+00
  0.1820E+00
  0.1826E+00
  0.1832E+00
  0.1837E+00
  0.1843E+00
  0.1849E+00
  0.1855E+00
  0.1861E+00
  0.1867E+00
  0.1873E+00
  0.1879E+00
  0.1885E+00
  0.1891E+00
  0.1897E+00
  0.1903E+00
  0.1909E+00
  0.1915E+00
  0.1922E+00
  0.1928E+00
  0.1934E+00
  0.1940E+00
  0.1946E+00
  0.1952E+00
  0.1958E+00
  0.1965E+00
  0.1971E+00
  0.1977E+00
  0.1983E+00
  0.1990E+00
  0.1996E+00
  0.2002E+00
  0.2008E+00
  0.2015E+00
  0.2021E+00
  0.2027E+00
  0.2035E+00
  0.2040E+00
  0.2047E+00
  0.2053E+00
  0.2059E+00
  0.2066E+00
  0.2072E+00
  0.2079E+00
  0.2085E+00
  0.2092E+00
  0.2098E+00
  0.2105E+00
  0.2111E+00
  0.2118E+00
  0.2124E+00
  0.2131E+00
  0.2138E+00
  0.2144E+00
  0.2151E+00
  0.2158E+00
  0.2164E+00
  0.2171E+00
  0.2178E+00
  0.2184E+00
  0.2191E+00
  0.2198E+00
  0.2205E+00
  0.2211E+00
  0.2218E+00
  0.2225E+00
  0.2232E+00
  0.2239E+00
  0.2245E+00
  0.2252E+00
  0.2259E+00
  0.2266E+00
  0.2273E+00
  0.2280E+00
  0.2287E+00
  0.2294E+00
  0.2301E+00
  0.2308E+00
  0.2315E+00
  0.2322E+00
  0.2329E+00
  0.2336E+00
  0.2343E+00
  0.2350E+00
  0.2357E+00
  0.2364E+00
  0.2372E+00
  0.2379E+00
  0.2386E+00
  0.2393E+00
  0.2400E+00
  0.2407E+00
  0.2415E+00
  0.2422E+00
  0.2429E+00
  0.2437E+00
  0.2444E+00
  0.2451E+00
  0.2458E+00
  0.2466E+00
  0.2473E+00
  0.2481E+00
  0.2488E+00
  0.2495E+00
  0.2503E+00
  0.2510E+00
  0.2518E+00
  0.2525E+00
  0.2533E+00
  0.2540E+00
  0.2548E+00
  0.2555E+00
  0.2563E+00
  0.2571E+00
  0.2578E+00
  0.2586E+00
  0.2593E+00
  0.2601E+00
  0.2609E+00
  0.2616E+00
  0.2624E+00
  0.2632E+00
  0.2640E+00
  0.2647E+00
  0.2655E+00
  0.2663E+00
  0.2671E+00
  0.2678E+00
  0.2686E+00
  0.2694E+00
  0.2702E+00
  0.2710E+00
  0.2718E+00
  0.2726E+00
  0.2734E+00
  0.2742E+00
  0.2750E+00
  0.2758E+00
  0.2766E+00
  0.2774E+00
  0.2782E+00
  0.2790E+00
  0.2798E+00
  0.2806E+00
  0.2814E+00
  0.2822E+00
  0.2830E+00
  0.2839E+00
  0.2847E+00
  0.2855E+00
  0.2863E+00
  0.2871E+00
  0.2880E+00
  0.2888E+00
  0.2896E+00
  0.2905E+00
  0.2913E+00
  0.2921E+00
  0.2930E+00
  0.2938E+00
  0.2946E+00
  0.2955E+00
  0.2963E+00
  0.2972E+00
  0.2980E+00
  0.2989E+00
  0.2997E+00
  0.3006E+00
  0.3014E+00
  0.3023E+00
  0.3031E+00
  0.3040E+00
  0.3049E+00
  0.3057E+00
  0.3066E+00
  0.3075E+00
  0.3083E+00
  0.3092E+00
  0.3101E+00
  0.3110E+00
  0.3118E+00
  0.3127E+00
  0.3136E+00
  0.3145E+00
  0.3154E+00
  0.3162E+00
  0.3171E+00
  0.3180E+00
  0.3189E+00
  0.3198E+00
  0.3207E+00
  0.3216E+00
  0.3225E+00
  0.3234E+00
  0.3243E+00
  0.3252E+00
  0.3261E+00
  0.3270E+00
  0.3279E+00
  0.3288E+00
  0.3298E+00
  0.3307E+00
  0.3316E+00
  0.3325E+00
  0.3334E+00
  0.3344E+00
  0.3353E+00
  0.3362E+00
  0.3371E+00
  0.3381E+00
  0.3390E+00
  0.3399E+00
  0.3409E+00
  0.3418E+00
  0.3428E+00
  0.3437E+00
  0.3446E+00
  0.3456E+00
  0.3465E+00
  0.3475E+00
  0.3485E+00
  0.3494E+00
  0.3504E+00
  0.3513E+00
  0.3523E+00
  0.3532E+00
  0.3542E+00
  0.3552E+00
  0.3561E+00
  0.3571E+00
  0.3581E+00
  0.3591E+00
  0.3600E+00
  0.3610E+00
  0.3620E+00
  0.3630E+00
  0.3640E+00
  0.3650E+00
  0.3659E+00
  0.3669E+00
  0.3679E+00
  0.3689E+00
  0.3699E+00
  0.3709E+00
  0.3719E+00
  0.3729E+00
  0.3739E+00
  0.3749E+00
  0.3759E+00
  0.3770E+00
  0.3780E+00
  0.3790E+00
  0.3800E+00
  0.3810E+00
  0.3820E+00
  0.3831E+00
  0.3841E+00
  0.3851E+00
  0.3861E+00
  0.3872E+00
  0.3882E+00
  0.3892E+00
  0.3903E+00
  0.3913E+00
  0.3924E+00
  0.3934E+00
  0.3944E+00
  0.3955E+00
  0.3965E+00
  0.3976E+00
  0.3987E+00
  0.3997E+00
  0.4008E+00
  0.4018E+00
  0.4029E+00
  0.4040E+00
  0.4050E+00
  0.4061E+00
  0.4072E+00
  0.4082E+00
  0.4093E+00
  0.4104E+00
  0.4115E+00
  0.4126E+00
  0.4136E+00
  0.4147E+00
  0.4158E+00
  0.4169E+00
  0.4180E+00
  0.4191E+00
  0.4202E+00
  0.4213E+00
  0.4224E+00
  0.4235E+00
  0.4246E+00
  0.4257E+00
  0.4268E+00
  0.4279E+00
  0.4290E+00
  0.4302E+00
  0.4313E+00
  0.4324E+00
  0.4335E+00
  0.4346E+00
  0.4358E+00
  0.4369E+00
  0.4380E+00
  0.4392E+00
  0.4403E+00
  0.4414E+00
  0.4426E+00
  0.4437E+00
  0.4449E+00
  0.4460E+00
  0.4472E+00
  0.4483E+00
  0.4495E+00
  0.4506E+00
  0.4518E+00
  0.4529E+00
  0.4541E+00
  0.4553E+00
  0.4564E+00
  0.4576E+00
  0.4588E+00
  0.4599E+00
  0.4611E+00
  0.4623E+00
  0.4635E+00
  0.4647E+00
  0.4658E+00
  0.4670E+00
  0.4682E+00
  0.4694E+00
  0.4706E+00
  0.4718E+00
  0.4730E+00
  0.4742E+00
  0.4754E+00
  0.4766E+00
  0.4778E+00
  0.4790E+00
  0.4802E+00
  0.4815E+00
  0.4827E+00
  0.4839E+00
  0.4851E+00
  0.4863E+00
  0.4876E+00
  0.4888E+00
  0.4900E+00
  0.4913E+00
  0.4925E+00
  0.4937E+00
  0.4950E+00
  0.4962E+00
  0.4975E+00
  0.4987E+00
  0.5000E+00
  0.5012E+00
  0.5025E+00
  0.5037E+00
  0.5050E+00
  0.5062E+00
  0.5075E+00
  0.5088E+00
  0.5100E+00
  0.5113E+00
  0.5126E+00
  0.5139E+00
  0.5151E+00
  0.5164E+00
  0.5177E+00
  0.5190E+00
  0.5203E+00
  0.5216E+00
  0.5228E+00
  0.5241E+00
  0.5254E+00
  0.5267E+00
  0.5280E+00
  0.5293E+00
  0.5307E+00
  0.5320E+00
  0.5333E+00
  0.5346E+00
  0.5359E+00
  0.5372E+00
  0.5385E+00
  0.5399E+00
  0.5412E+00
  0.5425E+00
  0.5439E+00
  0.5452E+00
  0.5465E+00
  0.5479E+00
  0.5492E+00
  0.5505E+00
  0.5519E+00
  0.5532E+00
  0.5546E+00
  0.5559E+00
  0.5573E+00
  0.5587E+00
  0.5600E+00
  0.5614E+00
  0.5627E+00
  0.5641E+00
  0.5655E+00
  0.5669E+00
  0.5682E+00
  0.5696E+00
  0.5710E+00
  0.5724E+00
  0.5738E+00
  0.5751E+00
  0.5765E+00
  0.5779E+00
  0.5793E+00
  0.5807E+00
  0.5821E+00
  0.5835E+00
  0.5849E+00
  0.5863E+00
  0.5877E+00
  0.5892E+00
  0.5906E+00
  0.5920E+00
  0.5934E+00
  0.5948E+00
  0.5963E+00
  0.5977E+00
  0.5991E+00
  0.6006E+00
  0.6020E+00
  0.6034E+00
  0.6049E+00
  0.6063E+00
  0.6078E+00
  0.6092E+00
  0.6107E+00
  0.6121E+00
  0.6136E+00
  0.6150E+00
  0.6165E+00
  0.6180E+00
  0.6194E+00
  0.6209E+00
  0.6224E+00
  0.6239E+00
  0.6253E+00
  0.6268E+00
  0.6283E+00
  0.6298E+00
  0.6313E+00
  0.6328E+00
  0.6343E+00
  0.6357E+00
  0.6372E+00
  0.6387E+00
  0.6403E+00
  0.6418E+00
  0.6433E+00
  0.6448E+00
  0.6463E+00
  0.6478E+00
  0.6493E+00
  0.6509E+00
  0.6524E+00
  0.6539E+00
  0.6554E+00
  0.6570E+00
  0.6585E+00
  0.6600E+00
  0.6616E+00
  0.6631E+00
  0.6647E+00
  0.6662E+00
  0.6678E+00
  0.6693E+00
  0.6709E+00
  0.6725E+00
  0.6740E+00
  0.6756E+00
  0.6772E+00
  0.6787E+00
  0.6803E+00
  0.6819E+00
  0.6835E+00
  0.6850E+00
  0.6866E+00
  0.6882E+00
  0.6898E+00
  0.6914E+00
  0.6930E+00
  0.6946E+00
  0.6962E+00
  0.6978E+00
  0.6994E+00
  0.7010E+00
  0.7026E+00
  0.7042E+00
  0.7059E+00
  0.7075E+00
  0.7091E+00
  0.7107E+00
  0.7124E+00
  0.7140E+00
  0.7156E+00
  0.7173E+00
  0.7189E+00
  0.7206E+00
  0.7222E+00
  0.7239E+00
  0.7255E+00
  0.7272E+00
  0.7288E+00
  0.7305E+00
  0.7321E+00
  0.7338E+00
  0.7355E+00
  0.7371E+00
  0.7388E+00
  0.7405E+00
  0.7422E+00
  0.7439E+00
  0.7456E+00
  0.7472E+00
  0.7489E+00
  0.7506E+00
  0.7523E+00
  0.7540E+00
  0.7557E+00
  0.7574E+00
  0.7591E+00
  0.7609E+00
  0.7626E+00
  0.7643E+00
  0.7660E+00
  0.7677E+00
  0.7695E+00
  0.7712E+00
  0.7729E+00
  0.7747E+00
  0.7764E+00
  0.7781E+00
  0.7799E+00
  0.7816E+00
  0.7834E+00
  0.7851E+00
  0.7869E+00
  0.7886E+00
  0.7904E+00
  0.7922E+00
  0.7939E+00
  0.7957E+00
  0.7975E+00
  0.7993E+00
  0.8010E+00
  0.8028E+00
  0.8046E+00
  0.8064E+00
  0.8082E+00
  0.8100E+00
  0.8118E+00
  0.8136E+00
  0.8154E+00
  0.8172E+00
  0.8190E+00
  0.8208E+00
  0.8226E+00
  0.8244E+00
  0.8263E+00
  0.8281E+00
  0.8299E+00
  0.8318E+00
  0.8336E+00
  0.8354E+00
  0.8373E+00
  0.8391E+00
  0.8410E+00
  0.8428E+00
  0.8447E+00
  0.8465E+00
  0.8484E+00
  0.8502E+00
  0.8521E+00
  0.8540E+00
  0.8558E+00
  0.8577E+00
  0.8596E+00
  0.8615E+00
  0.8633E+00
  0.8652E+00
  0.8671E+00
  0.8690E+00
  0.8709E+00
  0.8728E+00
  0.8747E+00
  0.8766E+00
  0.8785E+00
  0.8804E+00
  0.8823E+00
  0.8842E+00
  0.8862E+00
  0.8881E+00
  0.8900E+00
  0.8919E+00
  0.8939E+00
  0.8958E+00
  0.8978E+00
  0.8997E+00
  0.9016E+00
  0.9036E+00
  0.9055E+00
  0.9075E+00
  0.9094E+00
  0.9114E+00
  0.9134E+00
  0.9153E+00
  0.9173E+00
  0.9193E+00
  0.9213E+00
  0.9232E+00
  0.9252E+00
  0.9272E+00
  0.9292E+00
  0.9312E+00
  0.9332E+00
  0.9352E+00
  0.9372E+00
  0.9392E+00
  0.9412E+00
  0.9432E+00
  0.9452E+00
  0.9472E+00
  0.9493E+00
  0.9513E+00
  0.9533E+00
  0.9553E+00
  0.9574E+00
  0.9594E+00
  0.9615E+00
  0.9635E+00
  0.9655E+00
  0.9676E+00
  0.9697E+00
  0.9717E+00
  0.9738E+00
  0.9758E+00
  0.9779E+00
  0.9800E+00
  0.9820E+00
  0.9841E+00
  0.9862E+00
  0.9883E+00
  0.9904E+00
  0.9925E+00
  0.9946E+00
  0.9967E+00
  0.9988E+00
  0.1001E+01
  0.1003E+01
  0.1005E+01
  0.1007E+01
  0.1009E+01
  0.1011E+01
  0.1014E+01
  0.1016E+01
  0.1018E+01
  0.1020E+01
  0.1022E+01
  0.1024E+01
  0.1026E+01
  0.1028E+01
  0.1031E+01
  0.1033E+01
  0.1035E+01
  0.1037E+01
  0.1039E+01
  0.1041E+01
  0.1044E+01
  0.1046E+01
  0.1048E+01
  0.1050E+01
  0.1052E+01
  0.1055E+01
  0.1057E+01
  0.1059E+01
  0.1061E+01
  0.1063E+01
  0.1066E+01
  0.1068E+01
  0.1070E+01
  0.1072E+01
  0.1074E+01
  0.1077E+01
  0.1079E+01
  0.1081E+01
  0.1083E+01
  0.1086E+01
  0.1088E+01
  0.1090E+01
  0.1092E+01
  0.1094E+01
  0.1097E+01
  0.1099E+01
  0.1101E+01
  0.1104E+01
  0.1106E+01
  0.1108E+01
  0.1110E+01
  0.1113E+01
  0.1115E+01
  0.1117E+01
  0.1119E+01
  0.1122E+01
  0.1124E+01
  0.1126E+01
  0.1129E+01
  0.1131E+01
  0.1133E+01
  0.1136E+01
  0.1138E+01
  0.1140E+01
  0.1143E+01
  0.1145E+01
  0.1147E+01
  0.1150E+01
  0.1152E+01
  0.1154E+01
  0.1157E+01
  0.1159E+01
  0.1161E+01
  0.1164E+01
  0.1166E+01
  0.1168E+01
  0.1171E+01
  0.1173E+01
  0.1175E+01
  0.1178E+01
  0.1180E+01
  0.1183E+01
  0.1185E+01
  0.1187E+01
  0.1190E+01
  0.1192E+01
  0.1195E+01
  0.1197E+01
  0.1199E+01
  0.1202E+01
  0.1204E+01
  0.1207E+01
  0.1209E+01
  0.1211E+01
  0.1214E+01
  0.1216E+01
  0.1219E+01
  0.1221E+01
