 tauray
                          0.9294348119541972E-19
                          0.4255144542618253E-13
                          0.6299663489792759E-12
                          0.3106679090633219E-11
                          0.9690144119335880E-11
                          0.2347083604595253E-10
                          0.4841224964326587E-10
                          0.8935089984597599E-10
                          0.1519963217507004E-09
                          0.2429310706159738E-09
                          0.3696107218622489E-09
                          0.5403638710718956E-09
                          0.7643921339892004E-09
                          0.1051770146520368E-08
                          0.1413445564733520E-08
                          0.1861239064858697E-08
                          0.2407844343287854E-08
                          0.3066828116574868E-08
                          0.3852630121435530E-08
                          0.4780563114747546E-08
                          0.5866812873550544E-08
                          0.7128438195046069E-08
                          0.8583370896597582E-08
                          0.1025041581573045E-07
                          0.1214925081013199E-07
                          0.1430042675765141E-07
                          0.1672536755629984E-07
                          0.1944637012425031E-07
                          0.2248660439983782E-07
                          0.2587011334155920E-07
                          0.2962181292807331E-07
                          0.3376749215820084E-07
                          0.3833381305092443E-07
                          0.4334831064538860E-07
                          0.4883939300089988E-07
                          0.5483634119692664E-07
                          0.6136930933309912E-07
                          0.6846932452920963E-07
                          0.7616828692521234E-07
                          0.8449896968122314E-07
                          0.9349501897752015E-07
                          0.1031909540145432E-06
                          0.1136221670128942E-06
                          0.1248249232133367E-06
                          0.1368363608767965E-06
                          0.1496944912843610E-06
                          0.1634381987372799E-06
                          0.1781072405569644E-06
                          0.1937422470849880E-06
                          0.2103847216830856E-06
                          0.2280770407331548E-06
                          0.2468624536372544E-06
                          0.2667850828176052E-06
                          0.2878899237165907E-06
                          0.3102228447967550E-06
                          0.3338305875408052E-06
                          0.3587607664516101E-06
                          0.3850618690522001E-06
                          0.4127832558857676E-06
                          0.4419751605156668E-06
                          0.4726886895254151E-06
                          0.5049758225186891E-06
                          0.5388894121193301E-06
                          0.5744831839713401E-06
                          0.6118117367388832E-06
                          0.6509305421062840E-06
                          0.6918959447780322E-06
                          0.7347651624787762E-06
                          0.7795962859533277E-06
                          0.8264482789666615E-06
                          0.8753809783039120E-06
                          0.9264550937703775E-06
                          0.9797322081915159E-06
                          0.1035274777412949E-05
                          0.1093146130300462E-05
                          0.1153410468739997E-05
                          0.1216132867637662E-05
                          0.1281379274919727E-05
                          0.1349216511532620E-05
                          0.1419712271442939E-05
                          0.1492935121637432E-05
                          0.1568954502123021E-05
                          0.1647840725926784E-05
                          0.1729664979095958E-05
                          0.1814499320697950E-05
                          0.1902416682820320E-05
                          0.1993490870570795E-05
                          0.2087796562077264E-05
                          0.2185409308487778E-05
                          0.2286405533970547E-05
                          0.2390862535713946E-05
                          0.2498858483926511E-05
                          0.2610472421836939E-05
                          0.2725784265694089E-05
                          0.2844874804766982E-05
                          0.2967825701344806E-05
                          0.3094719490736900E-05
                          0.3225639581272774E-05
                          0.3360670254302099E-05
                          0.3499896664194703E-05
                          0.3643404838340584E-05
                          0.3791281677149892E-05
                          0.3943614954052945E-05
                          0.4100493315500221E-05
                          0.4262006280962364E-05
                          0.4428244242930173E-05
                          0.4599298466914615E-05
                          0.4775261091446814E-05
                          0.4956225128078058E-05
                          0.5142284461379806E-05
                          0.5333533848943660E-05
                          0.5530068921381393E-05
                          0.5731986182324950E-05
                          0.5939383008426421E-05
                          0.6152357649358074E-05
                          0.6371009227812324E-05
                          0.6595437739501751E-05
                          0.6825744053159117E-05
                          0.7062029910537312E-05
                          0.7304397926409412E-05
                          0.7552951588568652E-05
                          0.7807795257828421E-05
                          0.8069034168022275E-05
                          0.8336774426003925E-05
                          0.8611123011647263E-05
                          0.8892187777846322E-05
                          0.9180077450515309E-05
                          0.9474901628588584E-05
                          0.9776770784020678E-05
                          0.1008579626178628E-04
                          0.1040209027988023E-04
                          0.1072576592931755E-04
                          0.1105693717413341E-04
                          0.1139571885138315E-04
                          0.1174222667114227E-04
                          0.1209657721650643E-04
                          0.1245888794359144E-04
                          0.1282927718153331E-04
                          0.1320786413248815E-04
                          0.1359476887163229E-04
                          0.1399011234716221E-04
                          0.1439401638029452E-04
                          0.1480660366526603E-04
                          0.1522799776933368E-04
                          0.1565832313277459E-04
                          0.1609770506888606E-04
                          0.1654626976398550E-04
                          0.1700414427741053E-04
                          0.1747145654151892E-04
                          0.1794833536168857E-04
                          0.1843491041631763E-04
                          0.1893131225682427E-04
                          0.1943767230764696E-04
                          0.1995412286624426E-04
                          0.2048079710309491E-04
                          0.2101782906169779E-04
                          0.2156535365857198E-04
                          0.2212350668325670E-04
                          0.2269242479831131E-04
                          0.2327224553931539E-04
                          0.2386310731486863E-04
                          0.2446514940659091E-04
                          0.2507851196912225E-04
                          0.2570333603012285E-04
                          0.2633976349027306E-04
                          0.2698793712327341E-04
                          0.2764800057584456E-04
                          0.2832009836772736E-04
                          0.2900437589168282E-04
                          0.2970097941349209E-04
                          0.3041005607195654E-04
                          0.3113175387889759E-04
                          0.3186622171915696E-04
                          0.3261360935059642E-04
                          0.3337406740409796E-04
                          0.3414774738356372E-04
                          0.3493480166591599E-04
                          0.3573538350109722E-04
                          0.3654964701207007E-04
                          0.3737774719481729E-04
                          0.3821983991834183E-04
                          0.3907608192466681E-04
                          0.3994663082883553E-04
                          0.4083164511891132E-04
                          0.4173128415597786E-04
                          0.4264570817413894E-04
                          0.4357507828051839E-04
                          0.4451955645526031E-04
                          0.4547930555152896E-04
                          0.4645448929550879E-04
                          0.4744527228640428E-04
                          0.4845181999644018E-04
                          0.4947429877086140E-04
                          0.5051287582793300E-04
                          0.5156771925894020E-04
                          0.5263899802818832E-04
                          0.5372688197300295E-04
                          0.5483154180372972E-04
                          0.5595314910373459E-04
                          0.5709187632940354E-04
                          0.5824789681014271E-04
                          0.5942138474837855E-04
                          0.6061251521955744E-04
                          0.6182146417214616E-04
                          0.6304840842763145E-04
                          0.6429352568052033E-04
                          0.6555699449834001E-04
                          0.6683899432163783E-04
                          0.6813970546398116E-04
                          0.6945930911195766E-04
                          0.7079798732517521E-04
                          0.7215592303626177E-04
                          0.7353330005086544E-04
                          0.7493030304765446E-04
                          0.7634711757831727E-04
                          0.7778393006756266E-04
                          0.7924092781311926E-04
                          0.8071829898573599E-04
                          0.8221623262918199E-04
                          0.8373491866024656E-04
                          0.8527454786873903E-04
                          0.8683531191748901E-04
                          0.8841740334234641E-04
                          0.9002101555218096E-04
                          0.9164634282888278E-04
                          0.9329358032736206E-04
                          0.9496292407554924E-04
                          0.9665457097439488E-04
                          0.9836871879786966E-04
                          0.1001055661929646E-03
                          0.1018653126796905E-03
                          0.1036481586510787E-03
                          0.1054543053731807E-03
                          0.1072839549850678E-03
                          0.1091373104988318E-03
                          0.1110145757995845E-03
                          0.1129159556454579E-03
                          0.1148416556676043E-03
                          0.1167918823701960E-03
                          0.1187668431304254E-03
                          0.1207667461985052E-03
                          0.1227918006976682E-03
                          0.1248422166241675E-03
                          0.1269182048472763E-03
                          0.1290199771092875E-03
                          0.1311477460255151E-03
                          0.1333017250842924E-03
                          0.1354821286469734E-03
                          0.1376891719479317E-03
                          0.1399230710945618E-03
                          0.1421840430672778E-03
                          0.1444723057195143E-03
                          0.1467880777777257E-03
                          0.1491315788413869E-03
                          0.1515030293829926E-03
                          0.1539026507480583E-03
                          0.1563306651551189E-03
                          0.1587872956957301E-03
                          0.1612727663344671E-03
                          0.1637873019089259E-03
                          0.1663311281297224E-03
                          0.1689044715804926E-03
                          0.1715075597178927E-03
                          0.1741406208715993E-03
                          0.1768038842443085E-03
                          0.1794975799117376E-03
                          0.1822219388226230E-03
                          0.1849771927987218E-03
                          0.1877635745348113E-03
                          0.1905813175986889E-03
                          0.1934306564311720E-03
                          0.1963118263460984E-03
                          0.1992250635303257E-03
                          0.2021706050437322E-03
                          0.2051486888192162E-03
                          0.2081595536626955E-03
                          0.2112034392531088E-03
                          0.2142805861424151E-03
                          0.2173912357555927E-03
                          0.2205356303906409E-03
                          0.2237140132185787E-03
                          0.2269266282834456E-03
                          0.2301737205023008E-03
                          0.2334555356652240E-03
                          0.2367723204353151E-03
                          0.2401243223486939E-03
                          0.2435117898145006E-03
                          0.2469349721148954E-03
                          0.2503941194050591E-03
                          0.2538894827131917E-03
                          0.2574213139405142E-03
                          0.2609898658612676E-03
                          0.2645953921227131E-03
                          0.2682381472451315E-03
                          0.2719183866218247E-03
                          0.2756363665191141E-03
                          0.2793923440763411E-03
                          0.2831865773058682E-03
                          0.2870193250930770E-03
                          0.2908908471963697E-03
                          0.2948014042471690E-03
                          0.2987512577499171E-03
                          0.3027406700820769E-03
                          0.3067699044941313E-03
                          0.3108392251095832E-03
                          0.3149488969249559E-03
                          0.3190991858097925E-03
                          0.3232903585066568E-03
                          0.3275226826311322E-03
                          0.3317964266718230E-03
                          0.3361118599903529E-03
                          0.3404692528213656E-03
                          0.3448688762725262E-03
                          0.3493110023245187E-03
                          0.3537959038310481E-03
                          0.3583238545188390E-03
                          0.3628951289876361E-03
                          0.3675100027102048E-03
                          0.3721687520323306E-03
                          0.3768716541728184E-03
                          0.3816189872234947E-03
                          0.3864110301492042E-03
                          0.3912480627878137E-03
                          0.3961303658502086E-03
                          0.4010582209202958E-03
                          0.4060319104550015E-03
                          0.4110517177842723E-03
                          0.4161179271110745E-03
                          0.4212308235113956E-03
                          0.4263906929342429E-03
                          0.4315978222016429E-03
                          0.4368524990086433E-03
                          0.4421550119233120E-03
                          0.4475056503867358E-03
                          0.4529047047130238E-03
                          0.4583524660893029E-03
                          0.4638492265757223E-03
                          0.4693952791054494E-03
                          0.4749909174846734E-03
                          0.4806364363926029E-03
                          0.4863321313814666E-03
                          0.4920782988765133E-03
                          0.4978752361760128E-03
                          0.5037232414512539E-03
                          0.5096226137465464E-03
                          0.5155736529792197E-03
                          0.5215766599396237E-03
                          0.5276319362911289E-03
                          0.5337397845701246E-03
                          0.5399005081860216E-03
                          0.5461144114212500E-03
                          0.5523817994312611E-03
                          0.5587029782445253E-03
                          0.5650782547625340E-03
                          0.5715079367597971E-03
                          0.5779923328838473E-03
                          0.5845317526552349E-03
                          0.5911265064675325E-03
                          0.5977769055873311E-03
                          0.6044832621542431E-03
                          0.6112458891809001E-03
                          0.6180651005529551E-03
                          0.6249412110290797E-03
                          0.6318745362409671E-03
                          0.6388653926933295E-03
                          0.6459140977639005E-03
                          0.6530209697034326E-03
                          0.6601863276356994E-03
                          0.6674104915574938E-03
                          0.6746937823386295E-03
                          0.6820365217219412E-03
                          0.6894390323232811E-03
                          0.6969016376315244E-03
                          0.7044246620085645E-03
                          0.7120084306893168E-03
                          0.7196532697817145E-03
                          0.7273595062667131E-03
                          0.7351274679982883E-03
                          0.7429574837034332E-03
                          0.7508498829821648E-03
                          0.7588049963075167E-03
                          0.7668231550255453E-03
                          0.7749046913553266E-03
                          0.7830499383889559E-03
                          0.7912592300915490E-03
                          0.7995329013012427E-03
                          0.8078712877291924E-03
                          0.8162747259595762E-03
                          0.8247435534495882E-03
                          0.8332781085294476E-03
                          0.8418787304023904E-03
                          0.8505457591446732E-03
                          0.8592795357055744E-03
                          0.8680804019073899E-03
                          0.8769487004454383E-03
                          0.8858847748880577E-03
                          0.8948889696766051E-03
                          0.9039616301254598E-03
                          0.9131031024220183E-03
                          0.9223137336267011E-03
                          0.9315938716729443E-03
                          0.9409438653672087E-03
                          0.9503640643889724E-03
                          0.9598548192907345E-03
                          0.9694164814980146E-03
                          0.9790494033093515E-03
                          0.9887539378963047E-03
                          0.9985304393034546E-03
                          0.1008379262448401E-02
                          0.1018300763121762E-02
                          0.1028295297987181E-02
                          0.1038363224581316E-02
                          0.1048504901313848E-02
                          0.1058720687467478E-02
                          0.1069010943197927E-02
                          0.1079376029533935E-02
                          0.1089816308377264E-02
                          0.1100332142502696E-02
                          0.1110923895558032E-02
                          0.1121591932064092E-02
                          0.1132336617414720E-02
                          0.1143158317876777E-02
                          0.1154057400590145E-02
                          0.1165034233567726E-02
                          0.1176089185695444E-02
                          0.1187222626732239E-02
                          0.1198434927310078E-02
                          0.1209726458933938E-02
                          0.1221097593981827E-02
                          0.1232548705704768E-02
                          0.1244080168226802E-02
                          0.1255692356544993E-02
                          0.1267385646529426E-02
                          0.1279160414923205E-02
                          0.1291017039342452E-02
                          0.1302955898276315E-02
                          0.1314977371086954E-02
                          0.1327081838009555E-02
                          0.1339269680152325E-02
                          0.1351541279496486E-02
                          0.1363897018896285E-02
                          0.1376337282078987E-02
                          0.1388862453644876E-02
                          0.1401472919067258E-02
                          0.1414169064692460E-02
                          0.1426951277739827E-02
                          0.1439819946301724E-02
                          0.1452775459343538E-02
                          0.1465818206703675E-02
                          0.1478948579093564E-02
                          0.1492166968097648E-02
                          0.1505473766173396E-02
                          0.1518869366651295E-02
                          0.1532354163734851E-02
                          0.1545928552500592E-02
                          0.1559592928898065E-02
                          0.1573347689749838E-02
                          0.1587193232751499E-02
                          0.1601129956471656E-02
                          0.1615158260351936E-02
                          0.1629278544706989E-02
                          0.1643491210724484E-02
                          0.1657796660465105E-02
                          0.1672195296862566E-02
                          0.1686687523723594E-02
                          0.1701273745727938E-02
                          0.1715954368428366E-02
                          0.1730729798250670E-02
                          0.1745600442493657E-02
                          0.1760566709329160E-02
                          0.1775629007802025E-02
                          0.1790787747830124E-02
                          0.1806043340204348E-02
                          0.1821396196588607E-02
                          0.1836846729519830E-02
                          0.1852395352407969E-02
                          0.1868042479535995E-02
                          0.1883788526059899E-02
                          0.1899633908008692E-02
                          0.1915579042284405E-02
                          0.1931624346662090E-02
                          0.1947770239789819E-02
                          0.1964017141188682E-02
                          0.1980365471252794E-02
                          0.1996815651249284E-02
                          0.2013368103318305E-02
                          0.2030023250473033E-02
                          0.2046781516599657E-02
                          0.2063643326457391E-02
                          0.2080609105678467E-02
                          0.2097679280768140E-02
                          0.2114854279104681E-02
                          0.2132134528939386E-02
                          0.2149520459396567E-02
                          0.2167012500473558E-02
                          0.2184611083040711E-02
                          0.2202316638841407E-02
                          0.2220129600492031E-02
                          0.2238050401482003E-02
                          0.2256079476173760E-02
                          0.2274217259802749E-02
                          0.2292464188477449E-02
                          0.2310820699179358E-02
                          0.2329287229762987E-02
                          0.2347864218955874E-02
                          0.2366552106358572E-02
                          0.2385351332444659E-02
                          0.2404262338560731E-02
                          0.2423285566926402E-02
                          0.2442421460634310E-02
                          0.2461670463650109E-02
                          0.2481033020812480E-02
                          0.2500509577833116E-02
                          0.2520100581296733E-02
                          0.2539806478661072E-02
                          0.2559627718256888E-02
                          0.2579564749287958E-02
                          0.2599618021831080E-02
                          0.2619787986836072E-02
                          0.2640075096125771E-02
                          0.2660479802396034E-02
                          0.2681002559215743E-02
                          0.2701643821026794E-02
                          0.2722404043144103E-02
                          0.2743283681755614E-02
                          0.2764283193922281E-02
                          0.2785403037578086E-02
                          0.2806643671530026E-02
                          0.2828005555458123E-02
                          0.2849489149915414E-02
                          0.2871094916327958E-02
                          0.2892823316994835E-02
                          0.2914674815088148E-02
                          0.2936649874653017E-02
                          0.2958748960607578E-02
                          0.2980972538742997E-02
                          0.3003321075723446E-02
                          0.3025795039086135E-02
                          0.3048394897241280E-02
                          0.3071121119472124E-02
                          0.3093974175934927E-02
                          0.3116954537658971E-02
                          0.3140062676546557E-02
                          0.3163299065373008E-02
                          0.3186664177786664E-02
                          0.3210158488308887E-02
                          0.3233782472334062E-02
                          0.3257536606129590E-02
                          0.3281421366835892E-02
                          0.3305437232466414E-02
                          0.3329584681907615E-02
                          0.3353864194918979E-02
                          0.3378276252133010E-02
                          0.3402821335055233E-02
                          0.3427499926064188E-02
                          0.3452312508411441E-02
                          0.3477259566221576E-02
                          0.3502341584492195E-02
                          0.3527559049093925E-02
                          0.3552912446770408E-02
                          0.3578402265138306E-02
                          0.3604028992687310E-02
                          0.3629793118780122E-02
                          0.3655695133652466E-02
                          0.3681735528413087E-02
                          0.3707914795043752E-02
                          0.3734233426399245E-02
                          0.3760691916207373E-02
                          0.3787290759068958E-02
                          0.3814030450457851E-02
                          0.3840911486720918E-02
                          0.3867934365078037E-02
                          0.3895099583622125E-02
                          0.3922407641319101E-02
                          0.3949859038007918E-02
                          0.3977454274400539E-02
                          0.4005193852081953E-02
                          0.4033078273510162E-02
                          0.4061108042016199E-02
                          0.4089283661804113E-02
                          0.4117605637950968E-02
                          0.4146074476406850E-02
                          0.4174690683994869E-02
                          0.4203454768411157E-02
                          0.4232367238224857E-02
                          0.4261428602878138E-02
                          0.4290639372686194E-02
                          0.4320000058837231E-02
                          0.4349511173392472E-02
                          0.4379173229286175E-02
                          0.4408986740325606E-02
                          0.4438952221191053E-02
                          0.4469070187435828E-02
                          0.4499341155486260E-02
                          0.4529765642641698E-02
                          0.4560344167074511E-02
                          0.4591077247830092E-02
                          0.4621965404826850E-02
                          0.4653009158856216E-02
                          0.4684209031582644E-02
                          0.4715565545543600E-02
                          0.4747079224149578E-02
                          0.4778750591684086E-02
                          0.4810580173303661E-02
                          0.4842568495037850E-02
                          0.4874716083789223E-02
                          0.4907023467333379E-02
                          0.4939491174318927E-02
                          0.4972119734267495E-02
                          0.5004909677573740E-02
                          0.5037861535505335E-02
                          0.5070975840202969E-02
                          0.5104253124680358E-02
                          0.5137693922824233E-02
                          0.5171298769394351E-02
                          0.5205068200023480E-02
                          0.5239002751217414E-02
                          0.5273102960354973E-02
                          0.5307369365687984E-02
                          0.5341802506341309E-02
                          0.5376402922312812E-02
                          0.5411171154473393E-02
                          0.5446107744566967E-02
                          0.5481213235210471E-02
                          0.5516488169893849E-02
                          0.5551933092980088E-02
                          0.5587548549705177E-02
                          0.5623335086178132E-02
                          0.5659293249380993E-02
                          0.5695423587168810E-02
                          0.5731726648269661E-02
                          0.5768202982284641E-02
                          0.5804853139687866E-02
                          0.5841677671826476E-02
                          0.5878677130920620E-02
                          0.5915852070063486E-02
                          0.5953203043221256E-02
                          0.5990730605233157E-02
                          0.6028435311811429E-02
                          0.6066317719541324E-02
                          0.6104378385881118E-02
                          0.6142617869162109E-02
                          0.6181036728588617E-02
                          0.6219635524237980E-02
                          0.6258414817060551E-02
                          0.6297375168879716E-02
                          0.6336517142391872E-02
                          0.6375841301166430E-02
                          0.6415348209645836E-02
                          0.6455038433145552E-02
                          0.6494912537854047E-02
                          0.6534971090832820E-02
                          0.6575214660016405E-02
                          0.6615643814212330E-02
                          0.6656259123101152E-02
                          0.6697061157236462E-02
                          0.6738050488044848E-02
                          0.6779227687825939E-02
                          0.6820593329752367E-02
                          0.6862147987869807E-02
                          0.6903892237096923E-02
                          0.6945826653225426E-02
                          0.6987951812920033E-02
                          0.7030268293718488E-02
                          0.7072776674031555E-02
                          0.7115477533143002E-02
                          0.7158371451209644E-02
                          0.7201459009261300E-02
                          0.7244740789200809E-02
                          0.7288217373804033E-02
                          0.7331889346719858E-02
                          0.7375757292470185E-02
                          0.7419821796449933E-02
                          0.7464083444927052E-02
                          0.7508542825042496E-02
                          0.7553200524810261E-02
                          0.7598057133117331E-02
                          0.7643113239723743E-02
                          0.7688369435262545E-02
                          0.7733826311239787E-02
                          0.7779484460034566E-02
                          0.7825344474898976E-02
                          0.7871406949958143E-02
                          0.7917672480210214E-02
                          0.7964141661526357E-02
                          0.8010815090650752E-02
                          0.8057693365200600E-02
                          0.8104777083666132E-02
                          0.8152066845410595E-02
                          0.8199563250670248E-02
                          0.8247266900554381E-02
                          0.8295178397045300E-02
                          0.8343298342998328E-02
                          0.8391627342141812E-02
                          0.8440165999077116E-02
                          0.8488914919278629E-02
                          0.8537874709093762E-02
                          0.8587045975742936E-02
                          0.8636429327319594E-02
                          0.8686025372790207E-02
                          0.8735834721994271E-02
                          0.8785857985644277E-02
                          0.8836095775325766E-02
                          0.8886548703497277E-02
                          0.8937217383490381E-02
                          0.8988102429509669E-02
                          0.9039204456632739E-02
                          0.9090524080810229E-02
                          0.9142061918865792E-02
                          0.9193818588496081E-02
                          0.9245794708270801E-02
                          0.9297990897632648E-02
                          0.9350407776897355E-02
                          0.9403045967253675E-02
                          0.9455906090763374E-02
                          0.9508988770361245E-02
                          0.9562294629855085E-02
                          0.9615824293925749E-02
                          0.9669578388127060E-02
                          0.9723557538885909E-02
                          0.9777762373502174E-02
                          0.9832193520148766E-02
                          0.9886851607871621E-02
                          0.9941737266589689E-02
                          0.9996851127094945E-02
                          0.1005219382105236E-01
                          0.1010776598099998E-01
                          0.1016356824034880E-01
                          0.1021960123338289E-01
                          0.1027586559525933E-01
                          0.1033236196200820E-01
                          0.1038909097053262E-01
                          0.1044605325860870E-01
                          0.1050324946488562E-01
                          0.1056068022888555E-01
                          0.1061834619100366E-01
                          0.1067624799250819E-01
                          0.1073438627554035E-01
                          0.1079276168311441E-01
                          0.1085137485911764E-01
                          0.1091022644831033E-01
                          0.1096931709632579E-01
                          0.1102864744967036E-01
                          0.1108821815572339E-01
                          0.1114802986273727E-01
                          0.1120808321983737E-01
                          0.1126837887702212E-01
                          0.1132891748516295E-01
                          0.1138969969600432E-01
                          0.1145072616216370E-01
                          0.1151199753713159E-01
                          0.1157351447527149E-01
                          0.1163527763181995E-01
                          0.1169728766288654E-01
                          0.1175954522545381E-01
                          0.1182205097737736E-01
                          0.1188480557738581E-01
                          0.1194780968508080E-01
                          0.1201106396093699E-01
                          0.1207456906630205E-01
                          0.1213832566339666E-01
                          0.1220233441531458E-01
                          0.1226659598602251E-01
                          0.1233111104036021E-01
                          0.1239588024404048E-01
                          0.1246090426364910E-01
                          0.1252618376664489E-01
                          0.1259171942135970E-01
                          0.1265751189699838E-01
                          0.1272356186363879E-01
                          0.1278986999223185E-01
                          0.1285643695460148E-01
                          0.1292326342344461E-01
                          0.1299035007233121E-01
                          0.1305769757570424E-01
                          0.1312530660887971E-01
                          0.1319317784804665E-01
                          0.1326131197026708E-01
                          0.1332970965347607E-01
                          0.1339837157648170E-01
                          0.1346729841896507E-01
                          0.1353649086148030E-01
                          0.1360594958545452E-01
                          0.1367567527318790E-01
                          0.1374566860785363E-01
                          0.1381593027349790E-01
                          0.1388646095503994E-01
                          0.1395726133827197E-01
                          0.1402833210985928E-01
                          0.1409967395734012E-01
                          0.1417128756912582E-01
                          0.1424317363450070E-01
                          0.1431533284362209E-01
                          0.1438776588752033E-01
                          0.1446047345809884E-01
                          0.1453345624813402E-01
                          0.1460671495127527E-01
                          0.1468025026204505E-01
                          0.1475406287583883E-01
                          0.1482815348892506E-01
                          0.1490252279844528E-01
                          0.1497717150241400E-01
                          0.1505210029971875E-01
                          0.1512730989012011E-01
                          0.1520280097425167E-01
                          0.1527857425362001E-01
                          0.1535463043060478E-01
                          0.1543097020845860E-01
                          0.1550759429130716E-01
                          0.1558450338414912E-01
                          0.1566169819285620E-01
                          0.1573917942417314E-01
                          0.1581694778571764E-01
                          0.1589500398598052E-01
                          0.1597334873432553E-01
                          0.1605198274098947E-01
                          0.1613090671708218E-01
                          0.1621012137458653E-01
                          0.1628962742635834E-01
                          0.1636942558612653E-01
                          0.1644951656849299E-01
                          0.1652990108893266E-01
                          0.1661057986379347E-01
                          0.1669155361029640E-01
                          0.1677282304653543E-01
                          0.1685438889147757E-01
                          0.1693625186496286E-01
                          0.1701841268770433E-01
                          0.1710087208128806E-01
                          0.1718363076817312E-01
                          0.1726668947169165E-01
                          0.1735004891604873E-01
                          0.1743370982632255E-01
                          0.1751767292846427E-01
                          0.1760193894929806E-01
                          0.1768650861652116E-01
                          0.1777138265870377E-01
                          0.1785656180528918E-01
                          0.1794204678659360E-01
                          0.1802783833380638E-01
                          0.1811393717898978E-01
                          0.1820034405507915E-01
                          0.1828705969588284E-01
                          0.1837408483608224E-01
                          0.1846142021123169E-01
                          0.1854906655775865E-01
                          0.1863702461296354E-01
                          0.1872529511501979E-01
                          0.1881387880297391E-01
                          0.1890277641674534E-01
                          0.1899198869712664E-01
                          0.1908151638578331E-01
                          0.1917136022525391E-01
                          0.1926152095895001E-01
                          0.1935199933115622E-01
                          0.1944279608703011E-01
                          0.1953391197260237E-01
                          0.1962534773477660E-01
                          0.1971710412132952E-01
                          0.1980918188091077E-01
                          0.1990158176304310E-01
                          0.1999430451812224E-01
                          0.2008735089741695E-01
                          0.2018072165306897E-01
                          0.2027441753809313E-01
                          0.2036843930637722E-01
                          0.2046278771268207E-01
                          0.2055746351264158E-01
                          0.2065246746276257E-01
                          0.2074780032042496E-01
                          0.2084346284388165E-01
                          0.2093945579225859E-01
                          0.2103577992555475E-01
                          0.2113243600464208E-01
                          0.2122942479126556E-01
                          0.2132674704804323E-01
                          0.2142440353846614E-01
                          0.2152239502689832E-01
                          0.2162072227857686E-01
                          0.2171938605961183E-01
                          0.2181838713698640E-01
                          0.2191772627855663E-01
                          0.2201740425305176E-01
                          0.2211742183007390E-01
                          0.2221777978009829E-01
                          0.2231847887447311E-01
                          0.2241951988541963E-01
                          0.2252090358603209E-01
                          0.2262263075027778E-01
                          0.2272470215299699E-01
                          0.2282711856990302E-01
                          0.2292988077758225E-01
                          0.2303298955349399E-01
                          0.2313644567597066E-01
                          0.2324024992421765E-01
                          0.2334440307831335E-01
                          0.2344890591920923E-01
                          0.2355375922872975E-01
                          0.2365896378957235E-01
                          0.2376452038530758E-01
                          0.2387042980037891E-01
                          0.2397669282010292E-01
                          0.2408331023066917E-01
                          0.2419028281914022E-01
                          0.2429761137345166E-01
                          0.2440529668241212E-01
                          0.2451333953570328E-01
                          0.2462174072387973E-01
                          0.2473050103836922E-01
                          0.2483962127147240E-01
                          0.2494910221636303E-01
                          0.2505894466708780E-01
                          0.2516914941856651E-01
                          0.2527971726659196E-01
                          0.2539064900782992E-01
                          0.2550194543981920E-01
                          0.2561360736097166E-01
                          0.2572563557057218E-01
                          0.2583803086877861E-01
                          0.2595079405662187E-01
                          0.2606392593600590E-01
                          0.2617742730970761E-01
                          0.2629129898137697E-01
                          0.2640554175553697E-01
                          0.2652015643758363E-01
                          0.2663514383378594E-01
                          0.2675050475128598E-01
                          0.2686623999809877E-01
                          0.2698235038311244E-01
                          0.2709883671608805E-01
                          0.2721569980765978E-01
                          0.2733294046933471E-01
                          0.2745055951349305E-01
                          0.2756855775338796E-01
                          0.2768693600314569E-01
                          0.2780569507776539E-01
                          0.2792483579311937E-01
                          0.2804435896595286E-01
                          0.2816426541388415E-01
                          0.2828455595540458E-01
                          0.2840523140987843E-01
                          0.2852629259754309E-01
                          0.2864774033950888E-01
                          0.2876957545775923E-01
                          0.2889179877515050E-01
                          0.2901441111541216E-01
                          0.2913741330314662E-01
                          0.2926080616382940E-01
                          0.2938459052380892E-01
                          0.2950876721030675E-01
                          0.2963333705141736E-01
                          0.2975830087610835E-01
                          0.2988365951422024E-01
                          0.3000941379646666E-01
                          0.3013556455443420E-01
                          0.3026211262058249E-01
                          0.3038905882824418E-01
                          0.3051640401162492E-01
                          0.3064414900580341E-01
                          0.3077229464673140E-01
                          0.3090084177123355E-01
                          0.3102979121700769E-01
                          0.3115914382262449E-01
                          0.3128890042752784E-01
                          0.3141906187203446E-01
                          0.3154962899733425E-01
                          0.3168060264549001E-01
                          0.3181198365943765E-01
                          0.3194377288298605E-01
                          0.3207597116081712E-01
                          0.3220857933848576E-01
                          0.3234159826241997E-01
                          0.3247502877992067E-01
                          0.3260887173916188E-01
                          0.3274312798919064E-01
                          0.3287779837992695E-01
                          0.3301288376216385E-01
                          0.3314838498756740E-01
                          0.3328430290867673E-01
                          0.3342063837890397E-01
                          0.3355739225253422E-01
                          0.3369456538472562E-01
                          0.3383215863150937E-01
                          0.3397017284978962E-01
                          0.3410860889734364E-01
                          0.3424746763282164E-01
                          0.3438674991574685E-01
                          0.3452645660651558E-01
                          0.3466658856639711E-01
                          0.3480714665753376E-01
                          0.3494813174294083E-01
                          0.3508954468650673E-01
                          0.3523138635299279E-01
                          0.3537365760803343E-01
                          0.3551635931813605E-01
                          0.3565949235068110E-01
                          0.3580305757392199E-01
                          0.3594705585698527E-01
                          0.3609148806987036E-01
                          0.3623635508344982E-01
                          0.3638165776946918E-01
                          0.3652739700054700E-01
                          0.3667357365017486E-01
                          0.3682018859271734E-01
                          0.3696724270341201E-01
                          0.3711473685836965E-01
                          0.3726267193457376E-01
                          0.3741104880988107E-01
                          0.3755986836302133E-01
                          0.3770913147359718E-01
                          0.3785883902208440E-01
                          0.3800899188983175E-01
                          0.3815959095906100E-01
                          0.3831063711286695E-01
                          0.3846213123521739E-01
                          0.3861407421095321E-01
                          0.3876646692578822E-01
                          0.3891931026630931E-01
                          0.3907260511997641E-01
                          0.3922635237512240E-01
                          0.3938055292095326E-01
                          0.3953520764754791E-01
                          0.3969031744585834E-01
                          0.3984588320770956E-01
                          0.4000190582579957E-01
                          0.4015838619369941E-01
                          0.4031532520585319E-01
                          0.4047272375757795E-01
                          0.4063058274506375E-01
                          0.4078890306537376E-01
                          0.4094768561644416E-01
                          0.4110693129708401E-01
                          0.4126664100697557E-01
                          0.4142681564667400E-01
                          0.4158745611760755E-01
                          0.4174856332207748E-01
                          0.4191013816325796E-01
                          0.4207218154519635E-01
                          0.4223469437281296E-01
                          0.4239767755190109E-01
                          0.4256113198912705E-01
                          0.4272505859203025E-01
                          0.4288945826902302E-01
                          0.4305433192939086E-01
                          0.4321968048329206E-01
                          0.4338550484175818E-01
                          0.4355180591669359E-01
                          0.4371858462087586E-01
                          0.4388584186795542E-01
                          0.4405357857245582E-01
                          0.4422179564977364E-01
                          0.4439049401617839E-01
                          0.4455967458881270E-01
                          0.4472933828569212E-01
                          0.4489948602570534E-01
                          0.4507011872861395E-01
                          0.4524123731505261E-01
                          0.4541284270652909E-01
                          0.4558493582542401E-01
                          0.4575751759499110E-01
                          0.4593058893935715E-01
                          0.4610415078352188E-01
                          0.4627820405335813E-01
                          0.4645274967561164E-01
                          0.4662778857790126E-01
                          0.4680332168871886E-01
                          0.4697934993742930E-01
                          0.4715587425427048E-01
                          0.4733289557035324E-01
                          0.4751041481766156E-01
                          0.4768843292905241E-01
                          0.4786695083825573E-01
                          0.4804596947987447E-01
                          0.4822548978938466E-01
                          0.4840551270313538E-01
                          0.4858603915834860E-01
                          0.4876707009311945E-01
                          0.4894860644641599E-01
                          0.4913064915807936E-01
                          0.4931319916882360E-01
                          0.4949625742023597E-01
                          0.4967982485477655E-01
                          0.4986390241577860E-01
                          0.5004849104744827E-01
                          0.5023359169486480E-01
                          0.5041920530398048E-01
                          0.5060533282162055E-01
                          0.5079197519548331E-01
                          0.5097913337414005E-01
                          0.5116680830703514E-01
                          0.5135500094448590E-01
                          0.5154371223768268E-01
                          0.5173294313868888E-01
                          0.5192269460044097E-01
                          0.5211296757674831E-01
                          0.5230376302229341E-01
                          0.5249508189263167E-01
                          0.5268692514419161E-01
                          0.5287929373427480E-01
                          0.5307218862105569E-01
                          0.5326561076358190E-01
                          0.5345956112177393E-01
                          0.5365404065642545E-01
                          0.5384905032920299E-01
                          0.5404459110264626E-01
                          0.5424066394016785E-01
                          0.5443726980605345E-01
                          0.5463440966546181E-01
                          0.5483208448442457E-01
                          0.5503029522984651E-01
                          0.5522904286950533E-01
                          0.5542832837205187E-01
                          0.5562815270700987E-01
                          0.5582851684477617E-01
                          0.5602942175662061E-01
                          0.5623086841468606E-01
                          0.5643285779198831E-01
                          0.5663539086241633E-01
                          0.5683846860073204E-01
                          0.5704209198257033E-01
                          0.5724626198443921E-01
                          0.5745097958371959E-01
                          0.5765624575866552E-01
                          0.5786206148840397E-01
                          0.5806842775293500E-01
                          0.5827534553313170E-01
                          0.5848281581074012E-01
                          0.5869083956837932E-01
                          0.5889941778954148E-01
                          0.5910855145859163E-01
                          0.5931824156076806E-01
                          0.5952848908218185E-01
                          0.5973929500981726E-01
                          0.5995066033153147E-01
                          0.6016258603605472E-01
                          0.6037507311299029E-01
                          0.6058812255281443E-01
                          0.6080173534687643E-01
                          0.6101591248739867E-01
                          0.6123065496747644E-01
                          0.6144596378107813E-01
                          0.6166183992304502E-01
                          0.6187828438909161E-01
                          0.6209529817580529E-01
                          0.6231288228064651E-01
                          0.6253103770194872E-01
                          0.6274976543891843E-01
                          0.6296906649163508E-01
                          0.6318894186105123E-01
                          0.6340939254899236E-01
                          0.6363041955815710E-01
                          0.6385202389211705E-01
                          0.6407420655531672E-01
                          0.6429696855307380E-01
                          0.6452031089157895E-01
                          0.6474423457789573E-01
                          0.6496874061996091E-01
                          0.6519383002658416E-01
                          0.6541950380744818E-01
                          0.6564576297310874E-01
                          0.6587260853499459E-01
                          0.6610004150540758E-01
                          0.6632806289752238E-01
                          0.6655667372538694E-01
                          0.6678587500392200E-01
                          0.6701566774892148E-01
                          0.6724605297705226E-01
                          0.6747703170585424E-01
                          0.6770860495374031E-01
                          0.6794077373999646E-01
                          0.6817353908478159E-01
                          0.6840690200912777E-01
                          0.6864086353493996E-01
                          0.6887542468499616E-01
                          0.6911058648294749E-01
                          0.6934634995331788E-01
                          0.6958271612150452E-01
                          0.6981968601377750E-01
                          0.7005726065727994E-01
                          0.7029544108002801E-01
                          0.7053422831091083E-01
                          0.7077362337969055E-01
                          0.7101362731700245E-01
                          0.7125424115435475E-01
                          0.7149546592412868E-01
                          0.7173730265957844E-01
                          0.7197975239483143E-01
                          0.7222281616488785E-01
                          0.7246649500562111E-01
                          0.7271078995377750E-01
                          0.7295570204697646E-01
                          0.7320123232371031E-01
                          0.7344738182334451E-01
                          0.7369415158611739E-01
                          0.7394154265314046E-01
                          0.7418955606639818E-01
                          0.7443819286874805E-01
                          0.7468745410392062E-01
                          0.7493734081651936E-01
                          0.7518785405202082E-01
                          0.7543899485677456E-01
                          0.7569076427800316E-01
                          0.7594316336380222E-01
                          0.7619619316314044E-01
                          0.7644985472585954E-01
                          0.7670414910267394E-01
                          0.7695907734517150E-01
                          0.7721464050581291E-01
                          0.7747083963793190E-01
                          0.7772767579573520E-01
                          0.7798515003430251E-01
                          0.7824326340958679E-01
                          0.7850201697841373E-01
                          0.7876141179848210E-01
                          0.7902144892836394E-01
                          0.7928212942750397E-01
                          0.7954345435622016E-01
                          0.7980542477570333E-01
                          0.8006804174801753E-01
                          0.8033130633609963E-01
                          0.8059521960375961E-01
                          0.8085978261568053E-01
                          0.8112499643741820E-01
                          0.8139086213540192E-01
                          0.8165738077693359E-01
                          0.8192455343018830E-01
                          0.8219238116421414E-01
                          0.8246086504893231E-01
                          0.8273000615513679E-01
                          0.8299980555449482E-01
                          0.8327026431954658E-01
                          0.8354138352370523E-01
                          0.8381316424125702E-01
                          0.8408560754736115E-01
                          0.8435871451804985E-01
                          0.8463248623022843E-01
                          0.8490692376167526E-01
                          0.8518202819104150E-01
                          0.8545780059785163E-01
                          0.8573424206250295E-01
                          0.8601135366626575E-01
                          0.8628913649128359E-01
                          0.8656759162057268E-01
                          0.8684672013802257E-01
                          0.8712652312839582E-01
                          0.8740700167732771E-01
                          0.8768815687132682E-01
                          0.8796998979777469E-01
                          0.8825250154492585E-01
                          0.8853569320190785E-01
                          0.8881956585872126E-01
                          0.8910412060623964E-01
                          0.8938935853620965E-01
                          0.8967528074125089E-01
                          0.8996188831485609E-01
                          0.9024918235139083E-01
                          0.9053716394609393E-01
                          0.9082583419507695E-01
                          0.9111519419532478E-01
                          0.9140524504469505E-01
                          0.9169598784191858E-01
                          0.9198742368659923E-01
                          0.9227955367921378E-01
                          0.9257237892111211E-01
                          0.9286590051451700E-01
                          0.9316011956252424E-01
                          0.9345503716910296E-01
                          0.9375065443909500E-01
                          0.9404697247821517E-01
                          0.9434399239305152E-01
                          0.9464171529106516E-01
                          0.9494014228058983E-01
                          0.9523927447083272E-01
                          0.9553911297187388E-01
                          0.9583965889466632E-01
                          0.9614091335103607E-01
                          0.9644287745368230E-01
                          0.9674555231617717E-01
                          0.9704893905296572E-01
                          0.9735303877936623E-01
                          0.9765785261156963E-01
                          0.9796338166664045E-01
                          0.9826962706251571E-01
                          0.9857658991800575E-01
                          0.9888427135279367E-01
                          0.9919267248743598E-01
                          0.9950179444336187E-01
                          0.9981163834287358E-01
                          0.1001222053091466E+00
                          0.1004334964662292E+00
                          0.1007455129390427E+00
                          0.1010582558533817E+00
                          0.1013717263359135E+00
                          0.1016859255141785E+00
                          0.1020008545165903E+00
                          0.1023165144724352E+00
                          0.1026329065118729E+00
                          0.1029500317659358E+00
                          0.1032678913665295E+00
                          0.1035864864464324E+00
                          0.1039058181392964E+00
                          0.1042258875796458E+00
                          0.1045466959028784E+00
                          0.1048682442452649E+00
                          0.1051905337439487E+00
                          0.1055135655369467E+00
                          0.1058373407631486E+00
                          0.1061618605623171E+00
                          0.1064871260750878E+00
                          0.1068131384429697E+00
                          0.1071398988083444E+00
                          0.1074674083144668E+00
                          0.1077956681054646E+00
                          0.1081246793263389E+00
                          0.1084544431229634E+00
                          0.1087849606420850E+00
                          0.1091162330313237E+00
                          0.1094482614391722E+00
                          0.1097810470149967E+00
                          0.1101145909090359E+00
                          0.1104488942724021E+00
                          0.1107839582570800E+00
                          0.1111197840159279E+00
                          0.1114563727026767E+00
                          0.1117937254719305E+00
                          0.1121318434791663E+00
                          0.1124707278807344E+00
                          0.1128103798338577E+00
                          0.1131508004966326E+00
                          0.1134919910280281E+00
                          0.1138339525878864E+00
                          0.1141766863369228E+00
                          0.1145201934367254E+00
                          0.1148644750497555E+00
                          0.1152095323393474E+00
                          0.1155553664697084E+00
                          0.1159019786059187E+00
                          0.1162493699139319E+00
                          0.1165975415605740E+00
                          0.1169464947135445E+00
                          0.1172962305414160E+00
                          0.1176467502136337E+00
                          0.1179980549005160E+00
                          0.1183501457732544E+00
                          0.1187030240039135E+00
                          0.1190566907654306E+00
                          0.1194111472316163E+00
                          0.1197663945771541E+00
                          0.1201224339776007E+00
                          0.1204792666093854E+00
                          0.1208368936498111E+00
                          0.1211953162770531E+00
                          0.1215545356701603E+00
                          0.1219145530090542E+00
                          0.1222753694745295E+00
                          0.1226369862482540E+00
                          0.1229994045127682E+00
                          0.1233626254514860E+00
                          0.1237266502486941E+00
                          0.1240914800895523E+00
                          0.1244571161600933E+00
                          0.1248235596472232E+00
                          0.1251908117387204E+00
                          0.1255588736232371E+00
                          0.1259277464902980E+00
                          0.1262974315303010E+00
                          0.1266679299345172E+00
                          0.1270392428950904E+00
                          0.1274113716050375E+00
                          0.1277843172582485E+00
                          0.1281580810494864E+00
                          0.1285326641743873E+00
                          0.1289080678294601E+00
                          0.1292842932120870E+00
                          0.1296613415205231E+00
                          0.1300392139538963E+00
                          0.1304179117122077E+00
                          0.1307974359963318E+00
                          0.1311777880080154E+00
                          0.1315589689498788E+00
                          0.1319409800254152E+00
                          0.1323238224389908E+00
                          0.1327074973958448E+00
                          0.1330920061020896E+00
                          0.1334773497647103E+00
                          0.1338635295915654E+00
                          0.1342505467913859E+00
                          0.1346384025737764E+00
                          0.1350270981492143E+00
                          0.1354166347290498E+00
                          0.1358070135255065E+00
                          0.1361982357516805E+00
                          0.1365903026215415E+00
                          0.1369832153499319E+00
                          0.1373769751525672E+00
                          0.1377715832460359E+00
                          0.1381670408477993E+00
                          0.1385633491761923E+00
                          0.1389605094504223E+00
                          0.1393585228905697E+00
                          0.1397573907175885E+00
                          0.1401571141533049E+00
                          0.1405576944204188E+00
                          0.1409591327425028E+00
                          0.1413614303440025E+00
                          0.1417645884502368E+00
                          0.1421686082873972E+00
                          0.1425734910825486E+00
                          0.1429792380636287E+00
                          0.1433858504594482E+00
                          0.1437933294996911E+00
                          0.1442016764149140E+00
                          0.1446108924365470E+00
                          0.1450209787968927E+00
                          0.1454319367291271E+00
                          0.1458437674672991E+00
                          0.1462564722463306E+00
                          0.1466700523020166E+00
                          0.1470845088710250E+00
                          0.1474998431908968E+00
                          0.1479160565000460E+00
                          0.1483331500377596E+00
                          0.1487511250441978E+00
                          0.1491699827603935E+00
                          0.1495897244282529E+00
                          0.1500103512905548E+00
                          0.1504318645909518E+00
                          0.1508542655739687E+00
                          0.1512775554850039E+00
                          0.1517017355703282E+00
                          0.1521268070770862E+00
                          0.1525527712532951E+00
                          0.1529796293478448E+00
                          0.1534073826104990E+00
                          0.1538360322918937E+00
                          0.1542655796435382E+00
                          0.1546960259178150E+00
                          0.1551273723679794E+00
                          0.1555596202481596E+00
                          0.1559927708133573E+00
                          0.1564268253194467E+00
                          0.1568617850231752E+00
                          0.1572976511821632E+00
                          0.1577344250549044E+00
                          0.1581721079007650E+00
                          0.1586107009799848E+00
                          0.1590502055536760E+00
                          0.1594906228838245E+00
                          0.1599319542332887E+00
                          0.1603742008658001E+00
                          0.1608173640459636E+00
                          0.1612614450392565E+00
                          0.1617064451120296E+00
                          0.1621523655315066E+00
                          0.1625992075657840E+00
                          0.1630469724838315E+00
                          0.1634956615554922E+00
                          0.1639452760514817E+00
                          0.1643958172433886E+00
                          0.1648472864036748E+00
                          0.1652996848056752E+00
                          0.1657530137235973E+00
                          0.1662072744325222E+00
                          0.1666624682084039E+00
                          0.1671185963280691E+00
                          0.1675756600692176E+00
                          0.1680336607104227E+00
                          0.1684925995311300E+00
                          0.1689524778116587E+00
                          0.1694132968332005E+00
                          0.1698750578778207E+00
                          0.1703377622284572E+00
                          0.1708014111689212E+00
                          0.1712660059838967E+00
                          0.1717315479589407E+00
                          0.1721980383804833E+00
                          0.1726654785358277E+00
                          0.1731338697131501E+00
                          0.1736032132014996E+00
                          0.1740735102907985E+00
                          0.1745447622718418E+00
                          0.1750169704362979E+00
                          0.1754901360767081E+00
                          0.1759642604864865E+00
                          0.1764393449599207E+00
                          0.1769153907921706E+00
                          0.1773923992792698E+00
                          0.1778703717181246E+00
                          0.1783493094065143E+00
                          0.1788292136430915E+00
                          0.1793100857273813E+00
                          0.1797919269597824E+00
                          0.1802747386415662E+00
                          0.1807585220748771E+00
                          0.1812432785627326E+00
                          0.1817290094090233E+00
                          0.1822157159185126E+00
                          0.1827033993968373E+00
                          0.1831920611505067E+00
                          0.1836817024869037E+00
                          0.1841723247142835E+00
                          0.1846639291417751E+00
                          0.1851565170793800E+00
                          0.1856500898379729E+00
                          0.1861446487293016E+00
                          0.1866401950659866E+00
                          0.1871367301615218E+00
                          0.1876342553302739E+00
                          0.1881327718874828E+00
                          0.1886322811492611E+00
                          0.1891327844325948E+00
                          0.1896342830553425E+00
                          0.1901367783362362E+00
                          0.1906402715948808E+00
                          0.1911447641517544E+00
                          0.1916502573282076E+00
                          0.1921567524464644E+00
                          0.1926642508296217E+00
                          0.1931727538016498E+00
                          0.1936822626873913E+00
                          0.1941927788125626E+00
                          0.1947043035037524E+00
                          0.1952168380884229E+00
                          0.1957303838949092E+00
                          0.1962449422524193E+00
                          0.1967605144910346E+00
                          0.1972771019417089E+00
                          0.1977947059362696E+00
                          0.1983133278074167E+00
                          0.1988329688887235E+00
                          0.1993536305146363E+00
                          0.1998753140204741E+00
                          0.2003980207424295E+00
                          0.2009217520175675E+00
                          0.2014465091838266E+00
                          0.2019722935800181E+00
                          0.2024991065458259E+00
                          0.2030269494218079E+00
                          0.2035558235493944E+00
                          0.2040857302708887E+00
                          0.2046166709294671E+00
                          0.2051486468691792E+00
                          0.2056816594349476E+00
                          0.2062157099725676E+00
                          0.2067507998287075E+00
                          0.2072869303509093E+00
                          0.2078241028875872E+00
                          0.2083623187880288E+00
                          0.2089015794023948E+00
                          0.2094418860817188E+00
                          0.2099832401779075E+00
                          0.2105256430437401E+00
                          0.2110690960328698E+00
                          0.2116136004998222E+00
                          0.2121591577999955E+00
                          0.2127057692896621E+00
                          0.2132534363259663E+00
                          0.2138021602669262E+00
                          0.2143519424714322E+00
                          0.2149027842992483E+00
                          0.2154546871110115E+00
                          0.2160076522682314E+00
                          0.2165616811332911E+00
                          0.2171167750694460E+00
                          0.2176729354408255E+00
                          0.2182301636124314E+00
                          0.2187884609501387E+00
                          0.2193478288206951E+00
                          0.2199082685917217E+00
                          0.2204697816317128E+00
                          0.2210323693100352E+00
                          0.2215960329969287E+00
                          0.2221607740635068E+00
                          0.2227265938817556E+00
                          0.2232934938245338E+00
                          0.2238614752655739E+00
                          0.2244305395794807E+00
                          0.2250006881417326E+00
                          0.2255719223286808E+00
                          0.2261442435175494E+00
                          0.2267176530864358E+00
                          0.2272921524143102E+00
                          0.2278677428810157E+00
                          0.2284444258672687E+00
                          0.2290222027546585E+00
                          0.2296010749256477E+00
                          0.2301810437635710E+00
                          0.2307621106526374E+00
                          0.2313442769779279E+00
                          0.2319275441253973E+00
                          0.2325119134818728E+00
                          0.2330973864350546E+00
                          0.2336839643735166E+00
                          0.2342716486867050E+00
                          0.2348604407649395E+00
                          0.2354503419994126E+00
                          0.2360413537821897E+00
                          0.2366334775062096E+00
                          0.2372267145652837E+00
                          0.2378210663540967E+00
                          0.2384165342682062E+00
                          0.2390131197040430E+00
                          0.2396108240589104E+00
                          0.2402096487309856E+00
                          0.2408095951193180E+00
                          0.2414106646238302E+00
                          0.2420128586453183E+00
                          0.2426161785854510E+00
                          0.2432206258467700E+00
                          0.2438262018326898E+00
                          0.2444329079474989E+00
                          0.2450407455963576E+00
                          0.2456497161853003E+00
                          0.2462598211212332E+00
                          0.2468710618119368E+00
                          0.2474834396660638E+00
                          0.2480969560931404E+00
                          0.2487116125035649E+00
                          0.2493274103086101E+00
                          0.2499443509204205E+00
                          0.2505624357520144E+00
                          0.2511816662172829E+00
                          0.2518020437309899E+00
                          0.2524235697087723E+00
                          0.2530462455671406E+00
                          0.2536700727234779E+00
                          0.2542950525960403E+00
                          0.2549211866039568E+00
                          0.2555484761672296E+00
                          0.2561769227067343E+00
                          0.2568065276442188E+00
                          0.2574372924023045E+00
                          0.2580692184044853E+00
                          0.2587023070751291E+00
                          0.2593365598394757E+00
                          0.2599719781236389E+00
                          0.2606085633546049E+00
                          0.2612463169602329E+00
                          0.2618852403692555E+00
                          0.2625253350112777E+00
                          0.2631666023167786E+00
                          0.2638090437171093E+00
                          0.2644526606444941E+00
                          0.2650974545320309E+00
                          0.2657434268136901E+00
                          0.2663905789243150E+00
                          0.2670389122996224E+00
                          0.2676884283762017E+00
                          0.2683391285915158E+00
                          0.2689910143839001E+00
                          0.2696440871925629E+00
                          0.2702983484575865E+00
                          0.2709537996199256E+00
                          0.2716104421214073E+00
                          0.2722682774047325E+00
                          0.2729273069134753E+00
                          0.2735875320920823E+00
                          0.2742489543858733E+00
                          0.2749115752410407E+00
                          0.2755753961046508E+00
                          0.2762404184246424E+00
                          0.2769066436498269E+00
                          0.2775740732298898E+00
                          0.2782427086153889E+00
                          0.2789125512577545E+00
                          0.2795836026092914E+00
                          0.2802558641231762E+00
                          0.2809293372534588E+00
                          0.2816040234550620E+00
                          0.2822799241837822E+00
                          0.2829570408962885E+00
                          0.2836353750501227E+00
                          0.2843149281036996E+00
                          0.2849957015163082E+00
                          0.2856776967481089E+00
                          0.2863609152601362E+00
                          0.2870453585142967E+00
                          0.2877310279733714E+00
                          0.2884179251010130E+00
                          0.2891060513617478E+00
                          0.2897954082209750E+00
                          0.2904859971449671E+00
                          0.2911778196008693E+00
                          0.2918708770566996E+00
                          0.2925651709813496E+00
                          0.2932607028445837E+00
                          0.2939574741170390E+00
                          0.2946554862702262E+00
                          0.2953547407765286E+00
                          0.2960552391092025E+00
                          0.2967569827423774E+00
                          0.2974599731510560E+00
                          0.2981642118111135E+00
                          0.2988697001992986E+00
                          0.2995764397932328E+00
                          0.3002844320714102E+00
                          0.3009936785131990E+00
                          0.3017041805988397E+00
                          0.3024159398094453E+00
                          0.3031289576270031E+00
                          0.3038432355343728E+00
                          0.3045587750152863E+00
                          0.3052755775543501E+00
                          0.3059936446370427E+00
                          0.3067129777497156E+00
                          0.3074335783795935E+00
                          0.3081554480147746E+00
                          0.3088785881442292E+00
                          0.3096030002578016E+00
                          0.3103286858462081E+00
                          0.3110556464010391E+00
                          0.3117838834147570E+00
                          0.3125133983806977E+00
                          0.3132441927930707E+00
                          0.3139762681469574E+00
                          0.3147096259383127E+00
                          0.3154442676639650E+00
                          0.3161801948216150E+00
                          0.3169174089098368E+00
                          0.3176559114280774E+00
                          0.3183957038766566E+00
                          0.3191367877567678E+00
                          0.3198791645704772E+00
                          0.3206228358207237E+00
                          0.3213678030113190E+00
                          0.3221140676469492E+00
                          0.3228616312331719E+00
                          0.3236104952764180E+00
                          0.3243606612839925E+00
                          0.3251121307640722E+00
                          0.3258649052257073E+00
                          0.3266189861788209E+00
                          0.3273743751342098E+00
                          0.3281310736035430E+00
                          0.3288890830993628E+00
                          0.3296484051350849E+00
                          0.3304090412249973E+00
                          0.3311709928842615E+00
                          0.3319342616289117E+00
                          0.3326988489758559E+00
                          0.3334647564428742E+00
                          0.3342319855486200E+00
                          0.3350005378126197E+00
                          0.3357704147552734E+00
                          0.3365416178978530E+00
                          0.3373141487625043E+00
                          0.3380880088722458E+00
                          0.3388631997509694E+00
                          0.3396397229234394E+00
                          0.3404175799152934E+00
                          0.3411967722530423E+00
                          0.3419773014640697E+00
                          0.3427591690766324E+00
                          0.3435423766198599E+00
                          0.3443269256237547E+00
                          0.3451128176191932E+00
                          0.3459000541379237E+00
                          0.3466886367125681E+00
                          0.3474785668766214E+00
                          0.3482698461644513E+00
                          0.3490624761112984E+00
                          0.3498564582532772E+00
                          0.3506517941273742E+00
                          0.3514484852714494E+00
                          0.3522465332242356E+00
                          0.3530459395253386E+00
                          0.3538467057152381E+00
                          0.3546488333352855E+00
                          0.3554523239277057E+00
                          0.3562571790355972E+00
                          0.3570634002029309E+00
                          0.3578709889745509E+00
                          0.3586799468961740E+00
                          0.3594902755143907E+00
                          0.3603019763766642E+00
                          0.3611150510313301E+00
                          0.3619295010275982E+00
                          0.3627453279155504E+00
                          0.3635625332461421E+00
                          0.3643811185712014E+00
                          0.3652010854434292E+00
                          0.3660224354164005E+00
                          0.3668451700445622E+00
                          0.3676692908832345E+00
                          0.3684947994886110E+00
                          0.3693216974177579E+00
                          0.3701499862286152E+00
                          0.3709796674799942E+00
                          0.3718107427315813E+00
                          0.3726432135439343E+00
                          0.3734770814784852E+00
                          0.3743123480975377E+00
                          0.3751490149642699E+00
                          0.3759870836427323E+00
                          0.3768265556978484E+00
                          0.3776674326954148E+00
                          0.3785097162021011E+00
                          0.3793534077854497E+00
                          0.3801985090138761E+00
                          0.3810450214566695E+00
                          0.3818929466839912E+00
                          0.3827422862668755E+00
                          0.3835930417772311E+00
                          0.3844452147878381E+00
                          0.3852988068723502E+00
                          0.3861538196052944E+00
                          0.3870102545620699E+00
                          0.3878681133189504E+00
                          0.3887273974530814E+00
                          0.3895881085424811E+00
                          0.3904502481660424E+00
                          0.3913138179035296E+00
                          0.3921788193355805E+00
                          0.3930452540437064E+00
                          0.3939131236102911E+00
                          0.3947824296185916E+00
                          0.3956531736527376E+00
                          0.3965253572977326E+00
                          0.3973989821394524E+00
                          0.3982740497646460E+00
                          0.3991505617609354E+00
                          0.4000285197168155E+00
                          0.4009079252216550E+00
                          0.4017887798656944E+00
                          0.4026710852400485E+00
                          0.4035548429367042E+00
                          0.4044400545485217E+00
                          0.4053267216692336E+00
                          0.4062148458934470E+00
                          0.4071044288166409E+00
                          0.4079954720351671E+00
                          0.4088879771462517E+00
                          0.4097819457479925E+00
                          0.4106773794393609E+00
                          0.4115742798202010E+00
                          0.4124726484912306E+00
                          0.4133724870540403E+00
                          0.4142737971110929E+00
                          0.4151765802657249E+00
                          0.4160808381221457E+00
                          0.4169865722854385E+00
                          0.4178937843615582E+00
                          0.4188024759573330E+00
                          0.4197126486804653E+00
                          0.4206243041395290E+00
                          0.4215374439439716E+00
                          0.4224520697041141E+00
                          0.4233681830311501E+00
                          0.4242857855371460E+00
                          0.4252048788350415E+00
                          0.4261254645386496E+00
                          0.4270475442626555E+00
                          0.4279711196226184E+00
                          0.4288961922349691E+00
                          0.4298227637170136E+00
                          0.4307508356869286E+00
                          0.4316804097637660E+00
                          0.4326114875674488E+00
                          0.4335440707187737E+00
                          0.4344781608394113E+00
                          0.4354137595519036E+00
                          0.4363508684796673E+00
                          0.4372894892469910E+00
                          0.4382296234790365E+00
                          0.4391712728018385E+00
                          0.4401144388423059E+00
                          0.4410591232282191E+00
                          0.4420053275882316E+00
                          0.4429530535518715E+00
                          0.4439023027495384E+00
                          0.4448530768125051E+00
                          0.4458053773729180E+00
                          0.4467592060637958E+00
                          0.4477145645190314E+00
                          0.4486714543733896E+00
                          0.4496298772625082E+00
                          0.4505898348228986E+00
                          0.4515513286919454E+00
                          0.4525143605079056E+00
                          0.4534789319099090E+00
                          0.4544450445379597E+00
                          0.4554127000329335E+00
                          0.4563819000365799E+00
                          0.4573526461915208E+00
                          0.4583249401412522E+00
                          0.4592987835301423E+00
                          0.4602741780034323E+00
                          0.4612511252072363E+00
                          0.4622296267885426E+00
                          0.4632096843952108E+00
                          0.4641912996759754E+00
                          0.4651744742804418E+00
                          0.4661592098590903E+00
                          0.4671455080632730E+00
                          0.4681333705452154E+00
                          0.4691227989580166E+00
                          0.4701137949556474E+00
                          0.4711063601929538E+00
                          0.4721004963256519E+00
                          0.4730962050103332E+00
                          0.4740934879044611E+00
                          0.4750923466663726E+00
                          0.4760927829552768E+00
                          0.4770947984312569E+00
                          0.4780983947552692E+00
                          0.4791035735891414E+00
                          0.4801103365955759E+00
                          0.4811186854381476E+00
                          0.4821286217813042E+00
                          0.4831401472903660E+00
                          0.4841532636315279E+00
                          0.4851679724718560E+00
                          0.4861842754792909E+00
                          0.4872021743226450E+00
                          0.4882216706716047E+00
                          0.4892427661967286E+00
                          0.4902654625694484E+00
                          0.4912897614620701E+00
                          0.4923156645477711E+00
                          0.4933431735006025E+00
                          0.4943722899954883E+00
                          0.4954030157082258E+00
                          0.4964353523154855E+00
                          0.4974693014948099E+00
                          0.4985048649246149E+00
                          0.4995420442841908E+00
                          0.5005808412536991E+00
                          0.5016212575141747E+00
                          0.5026632947475266E+00
                          0.5037069546365359E+00
                          0.5047522388648562E+00
                          0.5057991491170157E+00
                          0.5068476870784144E+00
                          0.5078978544353251E+00
                          0.5089496528748954E+00
                          0.5100030840851435E+00
                          0.5110581497549623E+00
                          0.5121148515741171E+00
                          0.5131731912332466E+00
                          0.5142331704238620E+00
                          0.5152947908383479E+00
                          0.5163580541699617E+00
                          0.5174229621128340E+00
                          0.5184895163619688E+00
                          0.5195577186132421E+00
                          0.5206275705634030E+00
                          0.5216990739100755E+00
                          0.5227722303517540E+00
                          0.5238470415878078E+00
                          0.5249235093184784E+00
                          0.5260016352448802E+00
                          0.5270814210690016E+00
                          0.5281628684937028E+00
                          0.5292459792227171E+00
                          0.5303307549606525E+00
                          0.5314171974129880E+00
                          0.5325053082860761E+00
                          0.5335950892871435E+00
                          0.5346865421242888E+00
                          0.5357796685064833E+00
                          0.5368744701435725E+00
                          0.5379709487462737E+00
                          0.5390691060261786E+00
                          0.5401689436957504E+00
                          0.5412704634683267E+00
                          0.5423736670581174E+00
                          0.5434785561802054E+00
                          0.5445851325505461E+00
                          0.5456933978859696E+00
                          0.5468033539041773E+00
                          0.5479150023237448E+00
                          0.5490283448641198E+00
                          0.5501433832456232E+00
                          0.5512601191894497E+00
                          0.5523785544176666E+00
                          0.5534986906532131E+00
                          0.5546205296199035E+00
                          0.5557440730424237E+00
                          0.5568693226463328E+00
                          0.5579962801580628E+00
                          0.5591249473049196E+00
                          0.5602553258150811E+00
                          0.5613874174175989E+00
                          0.5625212238423978E+00
                          0.5636567468202736E+00
                          0.5647939880828980E+00
                          0.5659329493628144E+00
                          0.5670736323934391E+00
                          0.5682160389090611E+00
                          0.5693601706448433E+00
                          0.5705060293368209E+00
                          0.5716536167219030E+00
                          0.5728029345378703E+00
                          0.5739539845233781E+00
                          0.5751067684179537E+00
                          0.5762612879619973E+00
                          0.5774175448967832E+00
                          0.5785755409644574E+00
                          0.5797352779080402E+00
                          0.5808967574714240E+00
