 Adiabat temperature at each level [K]
    250.3792
    239.9828
    229.7223
    219.9800
    210.8559
    202.3484
    194.4140
    186.9967
    180.0388
    173.4855
    167.2864
    161.3955
    155.7718
    151.5080
    149.9941
    149.9941
    149.9941
    149.9941
    149.9941
    149.9941
    149.9941
    149.9941
    149.9941
    149.9941
    149.9941
    149.9941
    149.9941
    149.9941
    149.9941
    149.9941
    149.9941
    149.9941
    149.9941
    149.9941
    149.9941
    149.9941
    149.9941
    149.9941
    149.9941
    149.9941
    149.9941
    149.9941
    149.9941
    149.9941
    149.9941
    149.9941
    149.9941
    149.9941
    149.9941
    149.9941
    149.9941
