 TOA temperature vs. time [K]
    149.9995
    149.9996
    149.9980
    149.9978
    149.9985
    149.9997
    149.9990
    149.9937
    149.9980
    149.9966
    149.9943
    149.9980
    149.9951
    149.9995
    149.9950
    149.9985
    149.9999
    149.9961
    149.9973
    149.9962
    149.9967
    149.9958
    149.9979
    149.9971
    149.9985
    149.9955
    149.9958
    149.9940
    149.9960
    149.9947
    149.9937
    149.9942
    149.9954
    149.9970
    149.9984
    149.9998
    149.9949
    149.9953
    149.9940
    149.9980
    149.9940
    149.9990
    149.9964
    149.9966
    149.9954
    149.9962
    149.9947
    149.9952
    149.9991
    149.9978
    149.9993
    149.9956
    149.9945
    149.9937
    149.9961
    149.9991
    149.9976
    149.9969
    149.9977
    149.9984
    149.9946
    149.9974
    149.9952
    149.9996
    149.9988
    149.9984
    149.9989
    149.9995
    149.9945
    149.9958
    149.9980
    149.9939
    149.9973
    149.9942
    149.9980
    149.9954
    149.9993
    149.9971
    149.9949
    149.9989
    149.9970
    149.9954
    149.9939
    149.9989
    149.9977
    149.9968
    149.9958
    149.9953
    149.9947
    149.9941
    149.9937
    149.9996
    149.9994
    149.9989
    149.9987
    149.9986
    149.9983
    149.9976
    149.9973
    149.9970
    149.9966
    149.9961
    149.9959
    149.9954
    149.9953
    149.9949
    149.9948
    149.9945
    149.9944
    149.9941
    149.9941
    149.9938
    149.9938
    149.9998
    149.9999
    149.9997
    149.9998
    149.9998
    149.9999
    149.9999
    150.0000
    150.0000
    149.9937
    149.9937
    149.9938
    149.9938
    149.9938
    149.9938
    149.9939
    149.9939
    149.9939
    149.9939
    149.9940
    149.9939
    149.9940
    149.9940
    149.9940
    149.9940
    149.9940
    149.9940
    149.9940
    149.9940
    149.9941
    149.9940
    149.9941
    149.9940
    149.9941
    149.9940
    149.9941
    149.9940
    149.9941
    149.9941
    149.9941
    149.9941
    149.9941
    149.9941
    149.9941
    149.9941
    149.9941
    149.9941
    149.9941
    149.9941
    149.9941
    149.9941
    149.9941
    149.9941
    149.9941
    149.9941
    149.9941
    149.9941
    149.9941
    149.9941
    149.9941
    149.9941
    149.9941
    149.9941
    149.9941
    149.9941
    149.9941
    149.9941
    149.9941
    149.9941
    149.9941
    149.9941
    149.9941
    149.9941
    149.9941
    149.9941
    149.9941
    149.9941
    149.9941
    149.9941
    149.9941
    149.9941
    149.9941
    149.9941
    149.9941
    149.9941
    149.9941
    149.9941
    149.9941
    149.9941
    149.9941
    149.9941
    149.9941
    149.9941
    149.9941
    149.9941
    149.9941
    149.9941
    149.9941
    149.9941
    149.9941
    149.9941
    149.9941
    149.9941
    149.9941
    149.9941
    149.9941
    149.9941
    149.9941
    149.9941
    149.9941
    149.9941
    149.9941
    149.9941
    149.9941
    149.9941
    149.9941
    149.9941
    149.9941
    149.9941
    149.9941
    149.9941
    149.9941
    149.9941
    149.9941
    149.9941
    149.9941
    149.9941
    149.9941
    149.9941
    149.9941
    149.9941
    149.9941
    149.9941
    149.9941
    149.9941
    149.9941
    149.9941
    149.9941
    149.9941
    149.9941
    149.9941
    149.9941
    149.9941
    149.9941
    149.9941
    149.9941
    149.9941
    149.9941
    149.9941
    149.9941
    149.9941
    149.9941
    149.9941
    149.9941
    149.9941
    149.9941
    149.9941
    149.9941
    149.9941
    149.9941
    149.9941
    149.9941
    149.9941
    149.9941
    149.9941
    149.9941
    149.9941
    149.9941
    149.9941
    149.9941
    149.9941
    149.9941
    149.9941
    149.9941
    149.9941
    149.9941
    149.9941
    149.9941
    149.9941
    149.9941
    149.9941
    149.9941
    149.9941
    149.9941
    149.9941
    149.9941
    149.9941
