 Longwave heating rate [K/s]
 -0.4209E-03
 -0.3004E-03
 -0.2162E-03
 -0.3398E-03
 -0.5315E-03
 -0.5115E-03
 -0.3293E-03
 -0.1211E-03
 -0.1279E-03
 -0.1280E-03
 -0.1310E-03
 -0.1316E-03
 -0.1379E-03
 -0.1405E-03
 -0.1437E-03
 -0.1546E-03
 -0.1519E-03
 -0.1586E-03
 -0.1625E-03
 -0.1759E-03
 -0.1741E-03
 -0.1824E-03
 -0.1903E-03
 -0.1948E-03
 -0.2169E-03
 -0.2244E-03
 -0.2360E-03
 -0.2473E-03
 -0.2616E-03
 -0.2746E-03
 -0.2972E-03
 -0.3015E-03
 -0.3293E-03
 -0.3510E-03
 -0.3617E-03
 -0.4177E-03
 -0.4168E-03
 -0.4760E-03
 -0.5300E-03
 -0.7041E-03
 -0.8728E-03
 -0.1054E-02
 -0.1122E-02
 -0.1221E-02
 -0.2071E-02
 -0.3526E-02
 -0.6549E-02
 -0.1355E-01
 -0.1514E-01
 -0.1422E+00
