 Shortwave heating rate [K/s]
  0.2430E-03
  0.2233E-03
  0.2170E-03
  0.2065E-03
  0.1880E-03
  0.1696E-03
  0.1438E-03
  0.1271E-03
  0.1265E-03
  0.1280E-03
  0.1305E-03
  0.1335E-03
  0.1371E-03
  0.1409E-03
  0.1451E-03
  0.1497E-03
  0.1542E-03
  0.1593E-03
  0.1648E-03
  0.1711E-03
  0.1775E-03
  0.1848E-03
  0.1929E-03
  0.2017E-03
  0.2118E-03
  0.2226E-03
  0.2347E-03
  0.2477E-03
  0.2618E-03
  0.2764E-03
  0.2918E-03
  0.3082E-03
  0.3275E-03
  0.3497E-03
  0.3739E-03
  0.3997E-03
  0.4286E-03
  0.4688E-03
  0.5417E-03
  0.6833E-03
  0.8815E-03
  0.1052E-02
  0.1122E-02
  0.1202E-02
  0.2099E-02
  0.3487E-02
  0.3858E-02
  0.6001E-02
  0.7654E-02
  0.5153E-02
