 Spectral ground shortwave flux [W/m2/cm^-1]
  0.0000E+00
  0.0000E+00
  0.0000E+00
  0.0000E+00
  0.0000E+00
  0.0000E+00
  0.0000E+00
  0.0000E+00
  0.0000E+00
  0.0000E+00
  0.0000E+00
  0.0000E+00
  0.0000E+00
  0.0000E+00
  0.0000E+00
  0.0000E+00
  0.0000E+00
  0.0000E+00
  0.0000E+00
  0.0000E+00
  0.0000E+00
  0.0000E+00
  0.0000E+00
  0.0000E+00
  0.0000E+00
  0.0000E+00
  0.0000E+00
  0.0000E+00
  0.0000E+00
  0.0000E+00
  0.0000E+00
  0.1399E-22
  0.1155E-17
  0.6167E-05
  0.5601E-04
  0.1919E-03
  0.1016E-03
  0.1448E-05
  0.3146E-16
  0.2552E-18
  0.1897E-03
  0.1606E-05
  0.7657E-25
  0.0000E+00
  0.5706E-04
  0.3188E-03
  0.8240E-04
  0.2099E-05
  0.8881E-04
  0.2445E-07
  0.9958E-13
  0.2376E-14
  0.5091E-07
  0.8343E-20
  0.0000E+00
  0.0000E+00
  0.0000E+00
  0.0000E+00
  0.0000E+00
  0.0000E+00
  0.0000E+00
  0.0000E+00
  0.0000E+00
  0.0000E+00
  0.0000E+00
  0.0000E+00
  0.0000E+00
  0.0000E+00
  0.0000E+00
  0.0000E+00
  0.0000E+00
  0.0000E+00
  0.0000E+00
  0.0000E+00
  0.0000E+00
  0.0000E+00
  0.0000E+00
  0.0000E+00
  0.0000E+00
  0.2516E-11
  0.1065E-11
  0.6393E-26
  0.0000E+00
  0.0000E+00
  0.0000E+00
  0.2458E-22
  0.2061E-04
  0.7288E-03
  0.5421E-06
  0.0000E+00
  0.0000E+00
  0.0000E+00
  0.0000E+00
  0.0000E+00
  0.0000E+00
  0.0000E+00
  0.0000E+00
  0.3168E-03
  0.2671E-03
  0.1976E-03
  0.8266E-04
  0.3517E-03
  0.1657E-02
  0.1119E-02
  0.6440E-08
  0.9921E-09
  0.4003E-03
  0.7736E-03
  0.1570E-02
  0.7879E-03
  0.2476E-03
  0.3287E-03
  0.5397E-03
  0.1110E-02
  0.1747E-02
  0.1661E-02
  0.1416E-02
  0.1205E-02
  0.4842E-03
  0.2091E-07
  0.1076E-08
  0.4804E-18
  0.1122E-12
  0.5300E-27
  0.0000E+00
  0.0000E+00
  0.1816E-05
  0.0000E+00
  0.2657E-15
  0.1035E-27
  0.5504E-26
  0.0000E+00
  0.2647E-12
  0.1313E-18
  0.0000E+00
  0.6324E-13
  0.5959E-20
  0.6559E-24
  0.1878E-24
  0.0000E+00
  0.0000E+00
  0.0000E+00
  0.0000E+00
  0.0000E+00
  0.0000E+00
  0.0000E+00
  0.0000E+00
  0.0000E+00
  0.0000E+00
  0.0000E+00
  0.0000E+00
  0.0000E+00
  0.0000E+00
  0.0000E+00
  0.0000E+00
  0.0000E+00
  0.0000E+00
  0.0000E+00
  0.0000E+00
  0.2284E-27
  0.4136E-15
  0.1085E-20
  0.2954E-07
  0.1906E-11
  0.5621E-10
  0.8219E-04
  0.4838E-04
  0.1094E-02
  0.3720E-03
  0.3129E-02
  0.1019E-02
  0.4250E-02
  0.3697E-02
  0.4802E-02
  0.4790E-02
  0.4996E-02
  0.5055E-02
  0.4196E-02
  0.5131E-02
  0.5205E-02
  0.4884E-02
  0.4719E-02
  0.4033E-02
  0.2255E-02
  0.9549E-03
  0.1596E-05
  0.2950E-07
  0.4180E-02
  0.2486E-02
  0.5121E-06
  0.2709E-10
  0.5677E-22
  0.0000E+00
  0.0000E+00
  0.0000E+00
  0.0000E+00
  0.0000E+00
  0.0000E+00
  0.0000E+00
  0.0000E+00
  0.0000E+00
  0.3284E-10
  0.4684E-28
  0.0000E+00
  0.0000E+00
  0.0000E+00
  0.0000E+00
  0.0000E+00
  0.0000E+00
  0.0000E+00
  0.0000E+00
  0.0000E+00
  0.0000E+00
  0.0000E+00
  0.0000E+00
  0.0000E+00
  0.0000E+00
  0.0000E+00
  0.0000E+00
  0.0000E+00
  0.0000E+00
  0.1021E-22
  0.3170E-28
  0.6933E-07
  0.2367E-09
  0.8619E-04
  0.2586E-02
  0.1312E-02
  0.4438E-02
  0.3207E-02
  0.5551E-02
  0.6348E-02
  0.5367E-02
  0.5915E-02
  0.4818E-02
  0.5969E-02
  0.7836E-02
  0.7463E-02
  0.6203E-02
  0.5822E-02
  0.3652E-02
  0.3497E-02
  0.2698E-05
  0.2001E-06
  0.8402E-04
  0.1498E-02
  0.4868E-02
  0.6816E-04
  0.0000E+00
  0.0000E+00
  0.2831E-17
  0.5931E-02
  0.1351E-03
  0.0000E+00
  0.0000E+00
  0.1482E-05
  0.7411E-02
  0.8324E-02
  0.7548E-02
  0.4023E-05
  0.2475E-05
  0.3183E-04
  0.1630E-02
  0.6343E-02
  0.4225E-02
  0.9939E-03
  0.1233E-02
  0.1357E-05
  0.3103E-06
  0.1259E-05
  0.8977E-19
  0.5906E-07
  0.0000E+00
  0.8170E-08
  0.5456E-05
  0.6092E-08
  0.3741E-13
  0.0000E+00
  0.0000E+00
  0.0000E+00
  0.1029E-27
  0.1062E-20
  0.0000E+00
  0.0000E+00
  0.0000E+00
  0.0000E+00
  0.0000E+00
  0.0000E+00
  0.0000E+00
  0.0000E+00
  0.0000E+00
  0.0000E+00
  0.0000E+00
  0.0000E+00
  0.0000E+00
  0.0000E+00
  0.0000E+00
  0.2561E-09
  0.3130E-06
  0.3138E-05
  0.6987E-06
  0.1206E-03
  0.6734E-03
  0.7802E-05
  0.1394E-05
  0.1168E-02
  0.2998E-02
  0.6940E-02
  0.5612E-02
  0.1286E-02
  0.3790E-02
  0.8703E-02
  0.8405E-02
  0.8470E-02
  0.8982E-02
  0.8889E-02
  0.8038E-02
  0.8202E-02
  0.8685E-02
  0.8559E-02
  0.8971E-02
  0.8924E-02
  0.7584E-02
  0.6494E-02
  0.5575E-02
  0.4626E-02
  0.1603E-02
  0.2154E-12
  0.2238E-22
  0.3706E-02
  0.2455E-03
  0.2168E-10
  0.7678E-26
  0.4128E-02
  0.5753E-02
  0.3165E-02
  0.5111E-02
  0.5143E-02
  0.2545E-02
  0.3820E-02
  0.4681E-02
  0.2427E-02
  0.4573E-02
  0.2136E-02
  0.9929E-03
  0.7837E-04
  0.4837E-05
  0.2170E-14
  0.5204E-11
  0.1738E-20
  0.7227E-10
  0.1180E-07
  0.9507E-20
  0.5610E-11
  0.3473E-18
  0.1473E-23
  0.4418E-29
  0.1215E-10
  0.5699E-14
  0.1296E-04
  0.4815E-03
  0.4016E-02
  0.1604E-02
  0.4137E-02
  0.5339E-02
  0.6139E-02
  0.6414E-02
  0.6736E-02
  0.3204E-02
  0.6740E-02
  0.7414E-02
  0.6640E-02
  0.6886E-02
  0.8799E-02
  0.8527E-02
  0.5974E-02
  0.7241E-02
  0.9017E-02
  0.8905E-02
  0.7990E-02
  0.3736E-02
  0.1058E-02
  0.9011E-02
  0.9033E-02
  0.7645E-02
  0.7939E-02
  0.8949E-02
  0.9070E-02
  0.9116E-02
  0.8952E-02
  0.9108E-02
  0.9035E-02
  0.8915E-02
  0.8981E-02
  0.8934E-02
  0.8789E-02
  0.8328E-02
  0.8962E-02
  0.8453E-02
  0.8073E-02
  0.8922E-02
  0.8967E-02
  0.8957E-02
  0.8936E-02
  0.8662E-02
  0.8030E-02
  0.5961E-02
  0.7014E-02
  0.3649E-02
  0.5264E-02
  0.1223E-02
  0.1658E-02
  0.1399E-02
  0.3553E-02
  0.1267E-02
  0.1605E-02
  0.1174E-03
  0.2974E-03
  0.7691E-04
  0.2302E-04
  0.4038E-07
  0.9914E-11
  0.1960E-05
  0.3848E-05
  0.3195E-16
  0.9019E-04
  0.1038E-16
  0.5516E-12
  0.1245E-11
  0.1050E-14
  0.3222E-03
  0.3372E-02
  0.3414E-02
  0.4581E-02
  0.4740E-02
  0.4484E-02
  0.3549E-02
  0.3917E-02
  0.3032E-02
  0.1952E-02
  0.1454E-02
  0.1925E-02
  0.3544E-02
  0.5472E-03
  0.1685E-03
  0.4028E-03
  0.3109E-02
  0.6472E-02
  0.8432E-02
  0.8712E-02
  0.8647E-02
  0.8680E-02
  0.9037E-02
  0.8882E-02
  0.8691E-02
  0.9068E-02
  0.9057E-02
  0.8866E-02
  0.9070E-02
  0.8505E-02
  0.6872E-02
  0.8389E-02
  0.8669E-02
  0.9124E-02
  0.8937E-02
  0.8803E-02
  0.8677E-02
  0.8606E-02
  0.6987E-02
  0.8264E-02
  0.8060E-02
  0.8541E-02
  0.8742E-02
  0.8758E-02
  0.8186E-02
  0.8306E-02
  0.8272E-02
  0.8178E-02
  0.7445E-02
  0.7604E-02
  0.6725E-02
  0.6501E-02
  0.4686E-02
  0.1272E-02
  0.2650E-02
  0.4620E-02
  0.2247E-02
  0.7053E-02
  0.7038E-03
  0.3664E-02
  0.3081E-02
  0.3591E-02
  0.6633E-02
  0.7685E-02
  0.7822E-02
  0.8400E-02
  0.8475E-02
  0.7818E-02
  0.7598E-02
  0.7783E-02
  0.7996E-02
  0.8275E-02
  0.6572E-02
  0.8232E-02
  0.7273E-02
  0.7944E-02
  0.7947E-02
  0.7717E-02
  0.8286E-02
  0.8406E-02
  0.8303E-02
  0.7571E-02
  0.8502E-02
  0.8499E-02
  0.8462E-02
  0.8621E-02
  0.8369E-02
  0.8554E-02
  0.8455E-02
  0.8510E-02
  0.8485E-02
  0.8491E-02
  0.8263E-02
  0.8557E-02
  0.8536E-02
  0.8384E-02
  0.8512E-02
  0.8460E-02
  0.8561E-02
  0.8488E-02
  0.8523E-02
  0.8436E-02
  0.8372E-02
  0.8370E-02
  0.8449E-02
  0.8426E-02
  0.8389E-02
  0.8247E-02
  0.8274E-02
  0.7872E-02
  0.8030E-02
  0.7778E-02
  0.7719E-02
  0.6536E-02
  0.7430E-02
  0.5400E-02
  0.5917E-02
  0.5704E-02
  0.3703E-02
  0.4335E-02
  0.3169E-02
  0.9941E-03
  0.9787E-03
  0.4128E-02
  0.6485E-02
  0.4584E-03
  0.1384E-02
  0.3442E-02
  0.6769E-02
  0.7151E-02
  0.7617E-02
  0.7848E-02
  0.7753E-02
  0.7702E-02
  0.7703E-02
  0.7800E-02
  0.7461E-02
  0.7617E-02
  0.7318E-02
  0.6409E-02
  0.6651E-02
  0.6107E-02
  0.6050E-02
  0.7687E-02
  0.7013E-02
  0.6184E-02
  0.5559E-02
  0.6816E-02
  0.7698E-02
  0.7861E-02
  0.7926E-02
  0.7936E-02
  0.7933E-02
  0.7823E-02
  0.7787E-02
  0.7815E-02
  0.7777E-02
  0.7754E-02
  0.7665E-02
  0.7750E-02
  0.7803E-02
  0.7810E-02
  0.7754E-02
  0.7801E-02
  0.7782E-02
  0.7708E-02
  0.7712E-02
  0.7681E-02
  0.7592E-02
  0.7561E-02
  0.7400E-02
  0.7495E-02
  0.7414E-02
  0.7413E-02
  0.7558E-02
  0.7426E-02
  0.7233E-02
  0.7303E-02
  0.6687E-02
  0.5715E-02
  0.6516E-02
  0.7077E-02
  0.7118E-02
  0.6717E-02
  0.7129E-02
  0.6803E-02
  0.6737E-02
  0.6559E-02
  0.6724E-02
  0.7102E-02
  0.7248E-02
  0.7174E-02
  0.7173E-02
  0.7059E-02
  0.7173E-02
  0.7105E-02
  0.7238E-02
  0.7238E-02
  0.7074E-02
  0.7122E-02
  0.7051E-02
  0.7023E-02
  0.6871E-02
  0.6932E-02
  0.7017E-02
  0.6964E-02
  0.7000E-02
  0.7037E-02
  0.6978E-02
  0.6809E-02
  0.6742E-02
  0.6809E-02
  0.6942E-02
  0.6905E-02
  0.6992E-02
  0.6874E-02
  0.6887E-02
  0.6813E-02
  0.6519E-02
  0.6615E-02
  0.6798E-02
  0.6583E-02
  0.6751E-02
  0.6748E-02
  0.6804E-02
  0.6658E-02
  0.6754E-02
  0.6667E-02
  0.6808E-02
  0.6685E-02
  0.6674E-02
  0.6706E-02
  0.6690E-02
  0.6499E-02
  0.6364E-02
  0.6408E-02
  0.6405E-02
  0.6262E-02
  0.6369E-02
  0.6161E-02
  0.6246E-02
  0.5911E-02
  0.5522E-02
  0.6062E-02
  0.6040E-02
  0.5701E-02
  0.5750E-02
  0.5716E-02
  0.5015E-02
  0.4852E-02
  0.6075E-02
  0.6234E-02
  0.6063E-02
  0.6195E-02
  0.6318E-02
  0.6291E-02
  0.6338E-02
  0.6251E-02
  0.6158E-02
  0.6157E-02
  0.6079E-02
  0.5935E-02
  0.6074E-02
  0.6069E-02
  0.5949E-02
  0.5955E-02
  0.6002E-02
  0.6043E-02
  0.6034E-02
  0.5799E-02
  0.5577E-02
  0.5662E-02
  0.5683E-02
  0.5567E-02
  0.5828E-02
  0.5776E-02
  0.5532E-02
  0.5637E-02
  0.5732E-02
  0.5692E-02
  0.5852E-02
  0.5635E-02
  0.5544E-02
  0.5589E-02
  0.5466E-02
  0.5337E-02
  0.5458E-02
  0.5407E-02
  0.5477E-02
  0.5632E-02
  0.5630E-02
  0.5636E-02
  0.5543E-02
  0.5374E-02
  0.5564E-02
  0.5356E-02
  0.5456E-02
  0.5438E-02
  0.5319E-02
  0.5374E-02
  0.5225E-02
  0.5331E-02
  0.5309E-02
  0.5303E-02
  0.5178E-02
  0.5217E-02
  0.5001E-02
  0.5117E-02
  0.5038E-02
  0.4756E-02
  0.4856E-02
  0.4973E-02
  0.5088E-02
  0.5093E-02
  0.4914E-02
  0.5062E-02
  0.5208E-02
  0.5000E-02
  0.4914E-02
  0.4861E-02
  0.4512E-02
  0.4887E-02
  0.4986E-02
  0.5048E-02
  0.4775E-02
  0.4948E-02
  0.4920E-02
  0.4627E-02
  0.4268E-02
  0.4184E-02
  0.4712E-02
  0.4708E-02
  0.4724E-02
  0.4666E-02
  0.4386E-02
  0.4375E-02
  0.4500E-02
  0.4436E-02
  0.4415E-02
  0.4315E-02
  0.4263E-02
  0.3643E-02
  0.4199E-02
  0.3302E-02
  0.4039E-02
  0.4435E-02
  0.4224E-02
  0.4172E-02
  0.4263E-02
  0.4222E-02
  0.4196E-02
  0.4582E-02
  0.4289E-02
  0.4267E-02
  0.4158E-02
  0.4294E-02
  0.3990E-02
  0.3903E-02
  0.4128E-02
  0.4135E-02
  0.4400E-02
  0.4165E-02
  0.4267E-02
  0.3808E-02
  0.4142E-02
  0.4022E-02
  0.3896E-02
  0.3846E-02
  0.3968E-02
  0.3822E-02
  0.4154E-02
  0.4117E-02
  0.3748E-02
  0.4127E-02
  0.4146E-02
  0.4102E-02
  0.4014E-02
  0.4100E-02
  0.4114E-02
  0.3982E-02
  0.3889E-02
  0.3937E-02
  0.3557E-02
  0.3829E-02
  0.3850E-02
  0.4036E-02
  0.4062E-02
  0.3592E-02
  0.3702E-02
  0.3842E-02
  0.3608E-02
  0.3522E-02
  0.2908E-02
  0.3376E-02
  0.3702E-02
  0.3786E-02
  0.3732E-02
  0.3795E-02
  0.3822E-02
  0.3809E-02
  0.3839E-02
  0.3766E-02
  0.3772E-02
  0.3777E-02
  0.3691E-02
  0.3635E-02
  0.3738E-02
  0.3735E-02
  0.3597E-02
  0.3482E-02
  0.3598E-02
  0.3629E-02
  0.3595E-02
  0.3581E-02
  0.3495E-02
  0.3415E-02
  0.3506E-02
  0.3467E-02
  0.3354E-02
  0.3210E-02
  0.3220E-02
  0.3365E-02
  0.3336E-02
  0.3253E-02
  0.3244E-02
  0.3352E-02
  0.3114E-02
  0.3235E-02
  0.3290E-02
  0.3159E-02
  0.3147E-02
  0.3322E-02
  0.3117E-02
  0.3245E-02
  0.3284E-02
  0.3203E-02
  0.3173E-02
  0.3235E-02
  0.3111E-02
  0.3078E-02
  0.3093E-02
  0.3135E-02
  0.2948E-02
  0.3085E-02
  0.3149E-02
  0.3083E-02
  0.3083E-02
  0.2936E-02
  0.2944E-02
  0.2906E-02
  0.3008E-02
  0.2878E-02
  0.2686E-02
  0.2707E-02
  0.2887E-02
  0.2921E-02
  0.2971E-02
  0.3001E-02
  0.2847E-02
  0.2735E-02
  0.2738E-02
  0.2750E-02
  0.2613E-02
  0.2759E-02
  0.2653E-02
  0.2571E-02
  0.2337E-02
  0.2300E-02
  0.2524E-02
  0.2568E-02
  0.2530E-02
  0.2497E-02
  0.2410E-02
  0.2437E-02
  0.2561E-02
  0.2326E-02
  0.2384E-02
  0.2159E-02
  0.2120E-02
  0.2225E-02
  0.2239E-02
  0.2054E-02
  0.1884E-02
  0.2071E-02
  0.1992E-02
  0.2152E-02
  0.2285E-02
  0.2240E-02
  0.1964E-02
  0.1916E-02
  0.1835E-02
  0.1578E-02
  0.2037E-02
  0.2111E-02
  0.1651E-02
  0.2066E-02
  0.1969E-02
  0.1325E-02
  0.1254E-02
  0.1351E-02
  0.1533E-02
  0.1654E-02
  0.1576E-02
  0.1742E-02
  0.1797E-02
  0.1640E-02
  0.1727E-02
  0.1902E-02
  0.1687E-02
  0.1779E-02
  0.1780E-02
  0.1783E-02
  0.1872E-02
  0.1708E-02
  0.1797E-02
  0.1674E-02
  0.1514E-02
  0.1815E-02
  0.1628E-02
  0.1734E-02
  0.1810E-02
  0.1649E-02
  0.1584E-02
  0.1654E-02
  0.1606E-02
  0.1592E-02
  0.1648E-02
  0.1554E-02
  0.1521E-02
  0.1623E-02
  0.1678E-02
  0.1646E-02
  0.1571E-02
  0.1653E-02
  0.1588E-02
  0.1521E-02
  0.1630E-02
  0.1451E-02
  0.1532E-02
  0.1581E-02
  0.1576E-02
  0.1600E-02
  0.1550E-02
  0.1543E-02
  0.1279E-02
  0.1251E-02
  0.1434E-02
  0.1500E-02
  0.1464E-02
  0.1421E-02
  0.1340E-02
  0.1331E-02
  0.1332E-02
  0.1282E-02
  0.1290E-02
  0.1303E-02
  0.1333E-02
  0.1344E-02
  0.1265E-02
  0.1351E-02
  0.1355E-02
  0.1287E-02
  0.1334E-02
  0.1356E-02
  0.1358E-02
  0.1333E-02
  0.1319E-02
  0.1275E-02
  0.1229E-02
  0.1244E-02
  0.1193E-02
  0.1191E-02
  0.1150E-02
  0.1077E-02
  0.1001E-02
  0.8366E-03
  0.6217E-03
  0.4774E-03
  0.5396E-03
  0.7014E-03
  0.8362E-03
  0.8631E-03
  0.8275E-03
  0.7293E-03
  0.6176E-03
  0.4694E-03
  0.3632E-03
  0.4415E-03
  0.5981E-03
  0.6955E-03
  0.7787E-03
  0.8413E-03
  0.8482E-03
  0.7814E-03
  0.7632E-03
  0.7641E-03
  0.7532E-03
  0.6934E-03
  0.6098E-03
  0.5907E-03
  0.5787E-03
  0.5944E-03
  0.5572E-03
  0.5647E-03
  0.5906E-03
  0.5405E-03
  0.5113E-03
  0.5534E-03
  0.5779E-03
  0.5683E-03
  0.5071E-03
  0.4097E-03
  0.3788E-03
  0.3642E-03
  0.3768E-03
  0.4132E-03
  0.4552E-03
  0.5100E-03
  0.5611E-03
  0.6494E-03
  0.6544E-03
  0.6445E-03
  0.5552E-03
  0.5561E-03
  0.5929E-03
  0.6087E-03
  0.6940E-03
  0.7161E-03
  0.6949E-03
  0.6601E-03
  0.5980E-03
  0.5531E-03
  0.5498E-03
  0.5235E-03
  0.5530E-03
  0.5218E-03
  0.4212E-03
  0.4071E-03
  0.4638E-03
  0.4408E-03
  0.3797E-03
  0.4533E-03
  0.5004E-03
  0.4949E-03
  0.4432E-03
  0.5244E-03
  0.5904E-03
  0.5468E-03
  0.4965E-03
  0.5203E-03
  0.5803E-03
  0.5704E-03
  0.5575E-03
  0.5379E-03
  0.4918E-03
  0.5045E-03
  0.4919E-03
  0.5164E-03
  0.5343E-03
  0.5209E-03
  0.5207E-03
  0.5291E-03
  0.5384E-03
  0.5200E-03
  0.4892E-03
  0.4281E-03
  0.3954E-03
  0.4207E-03
  0.4371E-03
  0.4105E-03
  0.3810E-03
  0.3885E-03
  0.4345E-03
  0.3904E-03
  0.3368E-03
  0.3468E-03
  0.3530E-03
  0.3312E-03
  0.3395E-03
  0.3532E-03
  0.3885E-03
  0.3925E-03
  0.3646E-03
  0.3236E-03
  0.2646E-03
  0.2359E-03
  0.2349E-03
  0.2702E-03
  0.2884E-03
  0.2692E-03
  0.2719E-03
  0.2927E-03
  0.3318E-03
  0.3328E-03
  0.3370E-03
  0.3477E-03
  0.3684E-03
  0.3681E-03
  0.3593E-03
  0.3585E-03
  0.3447E-03
  0.3271E-03
  0.3140E-03
  0.2900E-03
  0.2707E-03
  0.2904E-03
  0.3118E-03
  0.2944E-03
  0.2914E-03
  0.3114E-03
  0.3143E-03
  0.3199E-03
  0.3025E-03
  0.2634E-03
  0.2612E-03
  0.2485E-03
  0.2678E-03
  0.2570E-03
  0.2582E-03
  0.2471E-03
  0.2313E-03
  0.2505E-03
  0.2656E-03
  0.2496E-03
  0.2436E-03
  0.2264E-03
  0.2379E-03
  0.2447E-03
  0.2459E-03
  0.2273E-03
  0.1987E-03
  0.1795E-03
  0.2003E-03
  0.2270E-03
  0.2409E-03
  0.2518E-03
  0.2423E-03
  0.2355E-03
  0.2329E-03
  0.2317E-03
  0.2092E-03
  0.2049E-03
  0.2143E-03
  0.2166E-03
  0.2267E-03
  0.2372E-03
  0.2301E-03
  0.2106E-03
  0.1967E-03
  0.2043E-03
  0.2077E-03
  0.1976E-03
  0.1883E-03
  0.1855E-03
  0.1874E-03
  0.1632E-03
  0.1546E-03
  0.1634E-03
  0.1721E-03
  0.1532E-03
  0.1683E-03
  0.1947E-03
  0.1956E-03
  0.1886E-03
  0.1896E-03
  0.1920E-03
  0.1835E-03
  0.1760E-03
  0.1645E-03
  0.1744E-03
  0.1745E-03
  0.1732E-03
  0.1731E-03
  0.1702E-03
  0.1752E-03
  0.1740E-03
  0.1665E-03
  0.1695E-03
  0.1667E-03
  0.1647E-03
  0.1732E-03
  0.1893E-03
  0.1854E-03
  0.1815E-03
  0.1760E-03
  0.1623E-03
  0.1493E-03
  0.1499E-03
  0.1493E-03
  0.1467E-03
  0.1483E-03
  0.1492E-03
  0.1479E-03
  0.1526E-03
  0.1475E-03
  0.1471E-03
  0.1492E-03
  0.1430E-03
  0.1320E-03
  0.1190E-03
  0.1111E-03
  0.1094E-03
  0.1100E-03
  0.1063E-03
  0.1008E-03
  0.9193E-04
  0.8791E-04
  0.8520E-04
  0.8028E-04
  0.8441E-04
  0.9162E-04
  0.9559E-04
  0.9374E-04
  0.8411E-04
  0.7976E-04
  0.8478E-04
  0.9642E-04
  0.1026E-03
  0.9924E-04
  0.9403E-04
  0.8713E-04
  0.8068E-04
  0.7554E-04
  0.8294E-04
  0.7953E-04
  0.7415E-04
  0.6974E-04
  0.7250E-04
  0.8286E-04
  0.8918E-04
  0.8930E-04
  0.8177E-04
  0.7278E-04
  0.6775E-04
  0.5961E-04
  0.5435E-04
  0.5921E-04
  0.6620E-04
  0.6904E-04
  0.6950E-04
  0.6374E-04
  0.5729E-04
  0.6598E-04
  0.7034E-04
  0.6902E-04
  0.6518E-04
  0.6351E-04
  0.6304E-04
  0.6153E-04
  0.5911E-04
  0.5866E-04
  0.5684E-04
  0.5985E-04
  0.6526E-04
  0.6680E-04
  0.6597E-04
  0.6453E-04
  0.5792E-04
  0.4921E-04
  0.3934E-04
  0.3936E-04
  0.3858E-04
  0.3865E-04
  0.3992E-04
  0.4457E-04
  0.4725E-04
  0.4775E-04
  0.4558E-04
  0.4798E-04
  0.4632E-04
  0.4480E-04
  0.4531E-04
  0.4409E-04
  0.3936E-04
  0.3983E-04
  0.4012E-04
  0.3722E-04
  0.3403E-04
  0.3922E-04
  0.4141E-04
  0.4159E-04
  0.3867E-04
  0.3958E-04
  0.3890E-04
  0.3557E-04
  0.3594E-04
  0.3670E-04
  0.3897E-04
  0.3805E-04
  0.3639E-04
  0.3413E-04
  0.3018E-04
  0.2632E-04
  0.2244E-04
  0.2190E-04
  0.2481E-04
  0.2613E-04
  0.2576E-04
  0.2410E-04
  0.2182E-04
  0.2237E-04
  0.1923E-04
  0.1957E-04
  0.2365E-04
  0.2474E-04
  0.2385E-04
  0.2586E-04
  0.2482E-04
  0.2159E-04
  0.1916E-04
  0.1963E-04
  0.2278E-04
  0.2613E-04
  0.2652E-04
  0.2341E-04
  0.2058E-04
  0.1880E-04
  0.1860E-04
  0.2041E-04
  0.2425E-04
  0.2426E-04
  0.2345E-04
  0.2339E-04
  0.2315E-04
  0.2234E-04
  0.2041E-04
  0.1869E-04
  0.2144E-04
  0.2082E-04
  0.1962E-04
  0.1898E-04
  0.1958E-04
  0.2072E-04
  0.2136E-04
  0.1988E-04
  0.1762E-04
  0.1756E-04
  0.1814E-04
  0.1935E-04
  0.1944E-04
  0.1944E-04
  0.1977E-04
  0.2007E-04
  0.1986E-04
  0.1952E-04
  0.1979E-04
  0.2005E-04
  0.1908E-04
  0.1872E-04
  0.1705E-04
  0.1540E-04
  0.1386E-04
  0.1249E-04
  0.1162E-04
  0.1088E-04
  0.1020E-04
  0.8244E-05
  0.6885E-05
  0.7377E-05
  0.8266E-05
  0.8611E-05
  0.9001E-05
  0.9169E-05
  0.8038E-05
  0.7762E-05
  0.7545E-05
  0.7034E-05
  0.6290E-05
  0.5325E-05
  0.4154E-05
  0.3151E-05
  0.2472E-05
  0.2586E-05
  0.3265E-05
  0.4125E-05
  0.4899E-05
  0.5328E-05
  0.5682E-05
  0.6085E-05
  0.5988E-05
  0.5836E-05
  0.6219E-05
  0.6266E-05
  0.6001E-05
  0.5694E-05
  0.5590E-05
  0.5504E-05
  0.5199E-05
  0.4840E-05
  0.4444E-05
  0.4014E-05
  0.3500E-05
  0.3002E-05
  0.2604E-05
  0.2089E-05
  0.1676E-05
  0.1453E-05
  0.1354E-05
  0.1303E-05
  0.1270E-05
  0.1358E-05
  0.1501E-05
  0.1730E-05
  0.2020E-05
  0.2303E-05
  0.2502E-05
  0.2576E-05
  0.2633E-05
  0.2780E-05
  0.3063E-05
  0.3385E-05
  0.3550E-05
  0.3597E-05
  0.3509E-05
  0.3400E-05
  0.3530E-05
  0.3337E-05
  0.3178E-05
  0.3134E-05
  0.2963E-05
  0.2224E-05
  0.2177E-05
  0.2148E-05
  0.1914E-05
  0.1579E-05
  0.1528E-05
  0.1515E-05
  0.1526E-05
  0.1559E-05
  0.1616E-05
  0.1747E-05
  0.1942E-05
  0.2151E-05
  0.2344E-05
  0.2465E-05
  0.2153E-05
  0.1936E-05
  0.1854E-05
  0.1767E-05
  0.1586E-05
  0.1716E-05
  0.1913E-05
  0.2068E-05
  0.2324E-05
  0.2334E-05
  0.2305E-05
  0.2324E-05
  0.2385E-05
  0.2424E-05
  0.2400E-05
  0.2287E-05
  0.2073E-05
  0.1893E-05
  0.1906E-05
  0.1944E-05
  0.1877E-05
  0.1824E-05
  0.1898E-05
  0.1940E-05
  0.1876E-05
  0.1890E-05
  0.1808E-05
  0.1760E-05
  0.1825E-05
  0.1894E-05
  0.1754E-05
  0.1620E-05
  0.1631E-05
  0.1650E-05
  0.1643E-05
  0.1613E-05
  0.1582E-05
  0.1648E-05
  0.1660E-05
  0.1651E-05
  0.1664E-05
  0.1559E-05
  0.1433E-05
  0.1323E-05
  0.1257E-05
  0.1306E-05
  0.1409E-05
  0.1475E-05
  0.1331E-05
  0.1278E-05
  0.1194E-05
  0.9947E-06
  0.8241E-06
  0.6434E-06
  0.5015E-06
  0.4809E-06
  0.4707E-06
  0.4834E-06
  0.5109E-06
  0.4980E-06
  0.4854E-06
  0.4651E-06
  0.4241E-06
  0.3936E-06
  0.3542E-06
  0.3190E-06
  0.3483E-06
  0.3357E-06
  0.3156E-06
  0.3337E-06
  0.3664E-06
  0.3584E-06
  0.3064E-06
  0.2940E-06
  0.3288E-06
  0.3709E-06
  0.3642E-06
  0.4001E-06
  0.4312E-06
  0.4208E-06
  0.3637E-06
  0.3512E-06
  0.3942E-06
  0.4428E-06
  0.4325E-06
  0.3830E-06
  0.3282E-06
  0.3384E-06
  0.3602E-06
  0.3508E-06
  0.3361E-06
  0.3179E-06
  0.2947E-06
  0.2593E-06
  0.2299E-06
  0.2132E-06
  0.2183E-06
  0.2100E-06
  0.1930E-06
  0.1886E-06
  0.1816E-06
  0.1687E-06
  0.1443E-06
  0.1313E-06
  0.1249E-06
  0.1215E-06
  0.1195E-06
  0.1166E-06
  0.1104E-06
  0.1059E-06
  0.1017E-06
  0.9718E-07
  0.9547E-07
  0.9359E-07
  0.8916E-07
  0.7735E-07
  0.6948E-07
  0.7178E-07
  0.6699E-07
  0.6391E-07
  0.6727E-07
  0.6532E-07
  0.6239E-07
  0.6095E-07
  0.6271E-07
  0.6638E-07
  0.7186E-07
  0.7650E-07
  0.7670E-07
  0.6797E-07
  0.7119E-07
  0.7614E-07
  0.7221E-07
  0.7408E-07
  0.7728E-07
  0.7458E-07
  0.7210E-07
  0.6868E-07
  0.5923E-07
  0.5021E-07
  0.4323E-07
  0.4278E-07
  0.4408E-07
  0.4566E-07
  0.4257E-07
  0.4219E-07
  0.4798E-07
  0.4943E-07
  0.5007E-07
  0.5243E-07
  0.5109E-07
  0.4853E-07
  0.4873E-07
  0.4803E-07
  0.4626E-07
  0.4382E-07
  0.4146E-07
  0.3939E-07
  0.3767E-07
  0.3686E-07
  0.3794E-07
  0.3785E-07
  0.3712E-07
  0.3654E-07
  0.3600E-07
  0.3565E-07
  0.3665E-07
  0.3771E-07
  0.3830E-07
  0.3949E-07
  0.4107E-07
  0.4303E-07
  0.4237E-07
  0.3945E-07
  0.3959E-07
  0.3939E-07
  0.3691E-07
  0.3650E-07
  0.3731E-07
  0.3852E-07
  0.3906E-07
  0.3866E-07
  0.3737E-07
  0.3595E-07
  0.3499E-07
  0.3461E-07
  0.3444E-07
  0.3225E-07
  0.2966E-07
  0.2712E-07
  0.2388E-07
  0.2046E-07
  0.1826E-07
  0.1753E-07
  0.1882E-07
  0.1779E-07
  0.1610E-07
  0.1643E-07
  0.1725E-07
  0.1832E-07
  0.1740E-07
  0.1590E-07
  0.1536E-07
  0.1523E-07
  0.1554E-07
  0.1686E-07
  0.1804E-07
  0.1673E-07
  0.1572E-07
  0.1556E-07
  0.1498E-07
  0.1401E-07
  0.1208E-07
  0.1112E-07
  0.1206E-07
  0.1350E-07
  0.1486E-07
  0.1406E-07
  0.1325E-07
  0.1338E-07
  0.1371E-07
  0.1405E-07
  0.1308E-07
  0.1197E-07
  0.1155E-07
  0.1165E-07
  0.1226E-07
  0.1150E-07
  0.1042E-07
  0.1080E-07
  0.1128E-07
  0.1154E-07
  0.1134E-07
  0.1081E-07
  0.1036E-07
  0.9768E-08
  0.8481E-08
  0.7484E-08
  0.7018E-08
  0.6523E-08
  0.6127E-08
  0.6797E-08
  0.7349E-08
  0.6703E-08
  0.6449E-08
  0.6868E-08
  0.7107E-08
  0.7184E-08
  0.6709E-08
  0.6361E-08
  0.6896E-08
  0.7026E-08
  0.6416E-08
  0.6414E-08
  0.6784E-08
  0.6885E-08
  0.6761E-08
  0.5965E-08
  0.5480E-08
  0.5807E-08
  0.5960E-08
  0.5900E-08
  0.5286E-08
  0.4528E-08
  0.4455E-08
  0.4612E-08
  0.5068E-08
  0.5443E-08
  0.5642E-08
  0.5262E-08
  0.4439E-08
  0.4084E-08
  0.3911E-08
  0.3624E-08
  0.3426E-08
  0.3644E-08
  0.3786E-08
  0.3709E-08
  0.3595E-08
  0.3451E-08
  0.3428E-08
  0.3458E-08
  0.3375E-08
  0.3290E-08
  0.3387E-08
  0.3475E-08
  0.3454E-08
  0.3298E-08
  0.2918E-08
  0.2630E-08
  0.2436E-08
  0.2237E-08
  0.2041E-08
  0.1904E-08
  0.1789E-08
  0.1686E-08
  0.1605E-08
  0.1603E-08
  0.1614E-08
  0.1635E-08
  0.1709E-08
  0.1870E-08
  0.1922E-08
  0.1868E-08
  0.1920E-08
  0.2032E-08
  0.2042E-08
  0.2012E-08
  0.2015E-08
  0.2021E-08
  0.1998E-08
  0.1990E-08
  0.2073E-08
  0.2129E-08
  0.2080E-08
  0.1996E-08
  0.1849E-08
  0.1777E-08
  0.1813E-08
  0.1825E-08
  0.1813E-08
  0.1849E-08
  0.1916E-08
  0.1923E-08
  0.1892E-08
  0.1708E-08
  0.1478E-08
  0.1389E-08
  0.1339E-08
  0.1244E-08
  0.1149E-08
  0.1117E-08
  0.1096E-08
  0.1074E-08
  0.1044E-08
  0.9828E-09
  0.9011E-09
  0.7595E-09
  0.6677E-09
  0.7168E-09
  0.7377E-09
  0.6765E-09
  0.6265E-09
  0.6037E-09
  0.6021E-09
  0.6348E-09
  0.6807E-09
  0.7465E-09
  0.7828E-09
  0.7800E-09
  0.7374E-09
  0.6471E-09
  0.6195E-09
  0.6606E-09
  0.6432E-09
  0.5661E-09
  0.5504E-09
  0.5940E-09
  0.5833E-09
  0.5222E-09
  0.4822E-09
  0.4612E-09
  0.4514E-09
  0.4517E-09
  0.4488E-09
  0.4431E-09
  0.4420E-09
  0.4452E-09
  0.4198E-09
  0.3669E-09
  0.3267E-09
  0.2994E-09
  0.2760E-09
  0.2569E-09
  0.2480E-09
  0.2518E-09
  0.2448E-09
  0.2230E-09
  0.2041E-09
  0.1894E-09
  0.1869E-09
  0.2055E-09
  0.2184E-09
  0.2196E-09
  0.2159E-09
  0.2019E-09
  0.1879E-09
  0.1745E-09
  0.1674E-09
  0.1814E-09
  0.1939E-09
  0.1932E-09
  0.1906E-09
  0.1867E-09
  0.1826E-09
  0.1784E-09
  0.1743E-09
  0.1703E-09
  0.1668E-09
  0.1699E-09
  0.1748E-09
  0.1688E-09
  0.1579E-09
  0.1436E-09
  0.1274E-09
  0.1174E-09
  0.1129E-09
  0.1087E-09
  0.1049E-09
  0.1003E-09
  0.9401E-10
  0.9015E-10
  0.9244E-10
  0.9357E-10
  0.8900E-10
  0.8335E-10
  0.7387E-10
  0.6541E-10
  0.7226E-10
  0.8260E-10
  0.8599E-10
  0.8640E-10
  0.8630E-10
  0.8586E-10
  0.8120E-10
  0.7194E-10
  0.6680E-10
  0.6880E-10
  0.6816E-10
  0.5925E-10
  0.5185E-10
  0.5383E-10
  0.5665E-10
  0.5527E-10
  0.5286E-10
  0.5084E-10
  0.4903E-10
  0.4542E-10
  0.4042E-10
  0.3743E-10
  0.3739E-10
  0.3670E-10
  0.3414E-10
  0.3180E-10
  0.3075E-10
  0.2981E-10
  0.2748E-10
  0.2484E-10
  0.2357E-10
  0.2309E-10
  0.2209E-10
  0.2049E-10
  0.1905E-10
  0.1792E-10
  0.1692E-10
  0.1631E-10
  0.1579E-10
  0.1530E-10
  0.1483E-10
  0.1448E-10
  0.1421E-10
  0.1385E-10
  0.1338E-10
  0.1290E-10
  0.1239E-10
  0.1190E-10
  0.1139E-10
  0.1090E-10
  0.1046E-10
  0.1006E-10
  0.9697E-11
  0.9386E-11
  0.9055E-11
  0.8653E-11
  0.8284E-11
  0.8086E-11
  0.7922E-11
  0.7735E-11
  0.7539E-11
  0.7366E-11
  0.7220E-11
  0.7069E-11
  0.6899E-11
  0.6726E-11
  0.6510E-11
  0.6289E-11
  0.6099E-11
  0.5930E-11
  0.5744E-11
  0.5526E-11
  0.5332E-11
  0.5225E-11
  0.5121E-11
  0.4840E-11
  0.4500E-11
  0.4278E-11
  0.4186E-11
  0.4077E-11
  0.3911E-11
  0.3750E-11
  0.3648E-11
  0.3564E-11
  0.3471E-11
  0.3370E-11
  0.3260E-11
  0.3118E-11
  0.2973E-11
  0.2778E-11
  0.2576E-11
  0.2497E-11
  0.2514E-11
  0.2506E-11
  0.2433E-11
  0.2360E-11
  0.2313E-11
  0.2274E-11
  0.2198E-11
  0.2090E-11
  0.1998E-11
  0.1951E-11
  0.1905E-11
  0.1819E-11
  0.1724E-11
  0.1649E-11
  0.1599E-11
  0.1551E-11
  0.1505E-11
  0.1461E-11
  0.1406E-11
  0.1346E-11
  0.1292E-11
  0.1245E-11
  0.1200E-11
  0.1152E-11
  0.2760E-09
