 Spectral outgoing longwave flux [W/m2/cm^-1]
  0.6226E-05
  0.3121E-04
  0.7473E-04
  0.1360E-03
  0.2135E-03
  0.3091E-03
  0.4182E-03
  0.5415E-03
  0.6665E-03
  0.8017E-03
  0.9584E-03
  0.1112E-02
  0.1275E-02
  0.1423E-02
  0.1470E-02
  0.1837E-02
  0.2133E-02
  0.2406E-02
  0.2631E-02
  0.2738E-02
  0.3123E-02
  0.3521E-02
  0.3859E-02
  0.4161E-02
  0.4429E-02
  0.4629E-02
  0.4929E-02
  0.5324E-02
  0.5487E-02
  0.5586E-02
  0.5893E-02
  0.6655E-02
  0.6310E-02
  0.7675E-02
  0.8202E-02
  0.8660E-02
  0.9015E-02
  0.9000E-02
  0.9941E-02
  0.1040E-01
  0.1080E-01
  0.1113E-01
  0.1073E-01
  0.1153E-01
  0.1158E-01
  0.1055E-01
  0.1325E-01
  0.1386E-01
  0.1471E-01
  0.1397E-01
  0.1539E-01
  0.1613E-01
  0.1703E-01
  0.1745E-01
  0.1771E-01
  0.1833E-01
  0.1870E-01
  0.1716E-01
  0.1902E-01
  0.2012E-01
  0.2060E-01
  0.2184E-01
  0.2194E-01
  0.1912E-01
  0.2333E-01
  0.2226E-01
  0.2489E-01
  0.2552E-01
  0.2578E-01
  0.2545E-01
  0.2537E-01
  0.2678E-01
  0.2763E-01
  0.2623E-01
  0.2841E-01
  0.2994E-01
  0.2920E-01
  0.3130E-01
  0.3061E-01
  0.3125E-01
  0.3182E-01
  0.3386E-01
  0.3447E-01
  0.3286E-01
  0.3509E-01
  0.3702E-01
  0.3797E-01
  0.3800E-01
  0.3449E-01
  0.3911E-01
  0.4088E-01
  0.4195E-01
  0.4270E-01
  0.4314E-01
  0.4338E-01
  0.4184E-01
  0.4317E-01
  0.4226E-01
  0.4541E-01
  0.4611E-01
  0.4523E-01
  0.4310E-01
  0.4732E-01
  0.4874E-01
  0.4861E-01
  0.4611E-01
  0.4818E-01
  0.5130E-01
  0.5281E-01
  0.5359E-01
  0.5212E-01
  0.4618E-01
  0.5232E-01
  0.5634E-01
  0.5747E-01
  0.5797E-01
  0.5803E-01
  0.5720E-01
  0.5514E-01
  0.5520E-01
  0.5490E-01
  0.5895E-01
  0.5324E-01
  0.6225E-01
  0.6390E-01
  0.6315E-01
  0.6470E-01
  0.6710E-01
  0.6798E-01
  0.6848E-01
  0.6943E-01
  0.6991E-01
  0.6931E-01
  0.6924E-01
  0.6750E-01
  0.6524E-01
  0.6617E-01
  0.7007E-01
  0.5678E-01
  0.7259E-01
  0.6278E-01
  0.6774E-01
  0.7332E-01
  0.7695E-01
  0.7687E-01
  0.7933E-01
  0.7409E-01
  0.8116E-01
  0.8143E-01
  0.7934E-01
  0.7540E-01
  0.8273E-01
  0.8492E-01
  0.8594E-01
  0.7997E-01
  0.8636E-01
  0.8711E-01
  0.8694E-01
  0.8705E-01
  0.8586E-01
  0.8357E-01
  0.7648E-01
  0.8075E-01
  0.8609E-01
  0.8808E-01
  0.8638E-01
  0.7239E-01
  0.8842E-01
  0.9092E-01
  0.9394E-01
  0.9325E-01
  0.9227E-01
  0.9687E-01
  0.9824E-01
  0.9818E-01
  0.9666E-01
  0.9100E-01
  0.9098E-01
  0.9463E-01
  0.9735E-01
  0.8912E-01
  0.9088E-01
  0.9304E-01
  0.1001E+00
  0.1034E+00
  0.1057E+00
  0.1071E+00
  0.1091E+00
  0.1103E+00
  0.1112E+00
  0.1118E+00
  0.1122E+00
  0.1120E+00
  0.1112E+00
  0.1090E+00
  0.1026E+00
  0.9734E-01
  0.1020E+00
  0.1025E+00
  0.1102E+00
  0.1085E+00
  0.1092E+00
  0.9885E-01
  0.1049E+00
  0.1118E+00
  0.1169E+00
  0.1198E+00
  0.1221E+00
  0.1237E+00
  0.1247E+00
  0.1240E+00
  0.1241E+00
  0.1115E+00
  0.1241E+00
  0.1281E+00
  0.1294E+00
  0.1299E+00
  0.1294E+00
  0.1280E+00
  0.1241E+00
  0.1060E+00
  0.1173E+00
  0.8869E-01
  0.1198E+00
  0.1193E+00
  0.9194E-01
  0.1230E+00
  0.1300E+00
  0.1324E+00
  0.1317E+00
  0.1249E+00
  0.1157E+00
  0.1307E+00
  0.1374E+00
  0.1410E+00
  0.1428E+00
  0.1435E+00
  0.1438E+00
  0.1417E+00
  0.1397E+00
  0.1335E+00
  0.1246E+00
  0.1223E+00
  0.1364E+00
  0.1431E+00
  0.1477E+00
  0.1497E+00
  0.1492E+00
  0.1524E+00
  0.1518E+00
  0.1467E+00
  0.1182E+00
  0.1456E+00
  0.1523E+00
  0.1533E+00
  0.1514E+00
  0.1461E+00
  0.1365E+00
  0.1081E+00
  0.1339E+00
  0.1424E+00
  0.1312E+00
  0.1407E+00
  0.1520E+00
  0.1554E+00
  0.1537E+00
  0.1453E+00
  0.1245E+00
  0.1384E+00
  0.1527E+00
  0.1587E+00
  0.1558E+00
  0.1531E+00
  0.1630E+00
  0.1636E+00
  0.1669E+00
  0.1600E+00
  0.1677E+00
  0.1629E+00
  0.1212E+00
  0.1553E+00
  0.1501E+00
  0.1562E+00
  0.1503E+00
  0.1530E+00
  0.1060E+00
  0.1542E+00
  0.1685E+00
  0.1754E+00
  0.1788E+00
  0.1810E+00
  0.1822E+00
  0.1820E+00
  0.1793E+00
  0.1705E+00
  0.1414E+00
  0.1649E+00
  0.1770E+00
  0.1744E+00
  0.1599E+00
  0.1648E+00
  0.1813E+00
  0.1845E+00
  0.1882E+00
  0.1874E+00
  0.1839E+00
  0.1722E+00
  0.1380E+00
  0.1564E+00
  0.1795E+00
  0.1886E+00
  0.1924E+00
  0.1940E+00
  0.1928E+00
  0.1850E+00
  0.1785E+00
  0.1646E+00
  0.1501E+00
  0.1741E+00
  0.1836E+00
  0.1918E+00
  0.1986E+00
  0.2016E+00
  0.2032E+00
  0.2042E+00
  0.2053E+00
  0.2057E+00
  0.2057E+00
  0.2054E+00
  0.2040E+00
  0.2014E+00
  0.1968E+00
  0.1891E+00
  0.1739E+00
  0.1370E+00
  0.1309E+00
  0.1703E+00
  0.1868E+00
  0.1937E+00
  0.1990E+00
  0.1956E+00
  0.2036E+00
  0.2065E+00
  0.2020E+00
  0.1766E+00
  0.2010E+00
  0.2101E+00
  0.2123E+00
  0.2090E+00
  0.2126E+00
  0.2113E+00
  0.2045E+00
  0.1852E+00
  0.1676E+00
  0.1952E+00
  0.2098E+00
  0.2147E+00
  0.2161E+00
  0.2198E+00
  0.2200E+00
  0.2186E+00
  0.2138E+00
  0.2116E+00
  0.2078E+00
  0.1936E+00
  0.1682E+00
  0.1779E+00
  0.2018E+00
  0.2119E+00
  0.2184E+00
  0.2219E+00
  0.2237E+00
  0.2236E+00
  0.2221E+00
  0.2195E+00
  0.2145E+00
  0.1994E+00
  0.1664E+00
  0.1911E+00
  0.2114E+00
  0.2199E+00
  0.2244E+00
  0.2260E+00
  0.2251E+00
  0.2208E+00
  0.2097E+00
  0.1815E+00
  0.1928E+00
  0.2141E+00
  0.2248E+00
  0.2292E+00
  0.2300E+00
  0.2252E+00
  0.2183E+00
  0.2296E+00
  0.2341E+00
  0.2355E+00
  0.2356E+00
  0.2343E+00
  0.2298E+00
  0.2178E+00
  0.1911E+00
  0.2165E+00
  0.2186E+00
  0.2010E+00
  0.1867E+00
  0.2145E+00
  0.2267E+00
  0.2310E+00
  0.2328E+00
  0.2325E+00
  0.2280E+00
  0.2159E+00
  0.2029E+00
  0.2094E+00
  0.2069E+00
  0.2181E+00
  0.2197E+00
  0.2152E+00
  0.2015E+00
  0.1732E+00
  0.1937E+00
  0.2034E+00
  0.2067E+00
  0.2061E+00
  0.2021E+00
  0.1941E+00
  0.1942E+00
  0.1887E+00
  0.1980E+00
  0.2006E+00
  0.1968E+00
  0.1889E+00
  0.1795E+00
  0.1472E+00
  0.1120E+00
  0.1444E+00
  0.1700E+00
  0.1820E+00
  0.1733E+00
  0.1855E+00
  0.1894E+00
  0.1876E+00
  0.1800E+00
  0.1749E+00
  0.1839E+00
  0.1858E+00
  0.1813E+00
  0.1727E+00
  0.1711E+00
  0.1670E+00
  0.1620E+00
  0.1512E+00
  0.1435E+00
  0.1401E+00
  0.1295E+00
  0.1268E+00
  0.1190E+00
  0.1159E+00
  0.1092E+00
  0.8768E-01
  0.1056E+00
  0.1025E+00
  0.8822E-01
  0.8941E-01
  0.8757E-01
  0.8528E-01
  0.8835E-01
  0.8033E-01
  0.3089E-01
  0.7719E-01
  0.7817E-01
  0.7000E-01
  0.6635E-01
  0.5352E-01
  0.6398E-01
  0.6358E-01
  0.3955E-01
  0.5112E-01
  0.5019E-01
  0.4396E-01
  0.6019E-01
  0.5557E-01
  0.4125E-01
  0.4699E-01
  0.4550E-01
  0.5509E-01
  0.5089E-01
  0.3573E-01
  0.4441E-01
  0.5102E-01
  0.4753E-01
  0.4676E-01
  0.2407E-01
  0.4117E-01
  0.4725E-01
  0.3823E-01
  0.3518E-01
  0.3936E-01
  0.4443E-01
  0.4143E-01
  0.3083E-01
  0.3261E-01
  0.3243E-01
  0.3541E-01
  0.2998E-01
  0.2466E-01
  0.2586E-01
  0.2181E-01
  0.3018E-01
  0.2711E-01
  0.2124E-01
  0.2578E-01
  0.2308E-01
  0.2457E-01
  0.2504E-01
  0.2173E-01
  0.2045E-01
  0.2033E-01
  0.2020E-01
  0.2208E-01
  0.2093E-01
  0.1983E-01
  0.1985E-01
  0.2080E-01
  0.2096E-01
  0.2038E-01
  0.1936E-01
  0.1909E-01
  0.1919E-01
  0.2014E-01
  0.1873E-01
  0.1861E-01
  0.1849E-01
  0.1837E-01
  0.1826E-01
  0.1832E-01
  0.1892E-01
  0.1893E-01
  0.1793E-01
  0.1768E-01
  0.1776E-01
  0.1861E-01
  0.1859E-01
  0.1751E-01
  0.1711E-01
  0.1803E-01
  0.1850E-01
  0.1859E-01
  0.1695E-01
  0.1716E-01
  0.1963E-01
  0.2029E-01
  0.1902E-01
  0.1613E-01
  0.2062E-01
  0.2301E-01
  0.2261E-01
  0.1861E-01
  0.2204E-01
  0.2396E-01
  0.2706E-01
  0.2456E-01
  0.2267E-01
  0.2980E-01
  0.2460E-01
  0.3103E-01
  0.2076E-01
  0.2709E-01
  0.2714E-01
  0.2702E-01
  0.2971E-01
  0.2316E-01
  0.3337E-01
  0.2583E-01
  0.1585E-01
  0.2069E-01
  0.2360E-01
  0.3335E-01
  0.3547E-01
  0.3548E-01
  0.3091E-01
  0.1345E-01
  0.2981E-01
  0.3414E-01
  0.2337E-01
  0.3189E-01
  0.2370E-01
  0.2681E-01
  0.3439E-01
  0.2709E-01
  0.3232E-01
  0.3215E-01
  0.1379E-01
  0.3486E-01
  0.4049E-01
  0.4356E-01
  0.4318E-01
  0.3887E-01
  0.2083E-01
  0.3131E-01
  0.5033E-01
  0.5295E-01
  0.5277E-01
  0.4887E-01
  0.3761E-01
  0.5711E-01
  0.6253E-01
  0.6441E-01
  0.6596E-01
  0.6613E-01
  0.6510E-01
  0.7179E-01
  0.7822E-01
  0.8121E-01
  0.8403E-01
  0.7982E-01
  0.9070E-01
  0.9665E-01
  0.9793E-01
  0.9511E-01
  0.8544E-01
  0.9537E-01
  0.9877E-01
  0.9794E-01
  0.9262E-01
  0.8365E-01
  0.9643E-01
  0.9958E-01
  0.9630E-01
  0.8759E-01
  0.7376E-01
  0.5633E-01
  0.5464E-01
  0.7054E-01
  0.8193E-01
  0.8739E-01
  0.8614E-01
  0.7674E-01
  0.7956E-01
  0.8603E-01
  0.8840E-01
  0.8616E-01
  0.7914E-01
  0.8367E-01
  0.9372E-01
  0.9932E-01
  0.1005E+00
  0.9873E-01
  0.1056E+00
  0.1190E+00
  0.1288E+00
  0.1347E+00
  0.1410E+00
  0.1518E+00
  0.1679E+00
  0.1812E+00
  0.1910E+00
  0.1995E+00
  0.2085E+00
  0.2159E+00
  0.2072E+00
  0.1944E+00
  0.2239E+00
  0.2429E+00
  0.2534E+00
  0.2593E+00
  0.2625E+00
  0.2646E+00
  0.2658E+00
  0.2655E+00
  0.2607E+00
  0.2657E+00
  0.2685E+00
  0.2706E+00
  0.2715E+00
  0.2717E+00
  0.2713E+00
  0.2679E+00
  0.2625E+00
  0.2644E+00
  0.2554E+00
  0.2618E+00
  0.2672E+00
  0.2728E+00
  0.2752E+00
  0.2764E+00
  0.2778E+00
  0.2767E+00
  0.2712E+00
  0.2568E+00
  0.2527E+00
  0.2682E+00
  0.2759E+00
  0.2772E+00
  0.2748E+00
  0.2681E+00
  0.2725E+00
  0.2760E+00
  0.2764E+00
  0.2756E+00
  0.2735E+00
  0.2701E+00
  0.2716E+00
  0.2712E+00
  0.2695E+00
  0.2664E+00
  0.2657E+00
  0.2604E+00
  0.2539E+00
  0.2578E+00
  0.2586E+00
  0.2581E+00
  0.2579E+00
  0.2543E+00
  0.2513E+00
  0.2502E+00
  0.2460E+00
  0.2405E+00
  0.2409E+00
  0.2381E+00
  0.2333E+00
  0.2310E+00
  0.2297E+00
  0.2257E+00
  0.2235E+00
  0.2173E+00
  0.2187E+00
  0.2219E+00
  0.2195E+00
  0.2175E+00
  0.2119E+00
  0.2056E+00
  0.2001E+00
  0.1904E+00
  0.1886E+00
  0.1791E+00
  0.1742E+00
  0.1703E+00
  0.1569E+00
  0.1572E+00
  0.1440E+00
  0.1361E+00
  0.1334E+00
  0.1153E+00
  0.1147E+00
  0.1087E+00
  0.9121E-01
  0.9573E-01
  0.8869E-01
  0.7443E-01
  0.8014E-01
  0.7457E-01
  0.5856E-01
  0.6775E-01
  0.6579E-01
  0.5377E-01
  0.5790E-01
  0.6069E-01
  0.5513E-01
  0.4835E-01
  0.5730E-01
  0.5929E-01
  0.5637E-01
  0.5501E-01
  0.6805E-01
  0.7772E-01
  0.8766E-01
  0.9514E-01
  0.8409E-01
  0.6901E-01
  0.5428E-01
  0.5054E-01
  0.5054E-01
  0.5009E-01
  0.4930E-01
  0.4834E-01
  0.4745E-01
  0.4701E-01
  0.4721E-01
  0.4832E-01
  0.5058E-01
  0.5414E-01
  0.5915E-01
  0.6536E-01
  0.7289E-01
  0.8172E-01
  0.9179E-01
  0.1032E+00
  0.1156E+00
  0.1294E+00
  0.1452E+00
  0.1601E+00
  0.1755E+00
  0.1884E+00
  0.1980E+00
  0.2073E+00
  0.2119E+00
  0.2132E+00
  0.2174E+00
  0.2174E+00
  0.2161E+00
  0.2176E+00
  0.2166E+00
  0.2132E+00
  0.2137E+00
  0.2130E+00
  0.2058E+00
  0.2054E+00
  0.2047E+00
  0.2015E+00
  0.1931E+00
  0.1943E+00
  0.1891E+00
  0.1771E+00
  0.1730E+00
  0.1550E+00
  0.1504E+00
  0.1371E+00
  0.1257E+00
  0.1206E+00
  0.1020E+00
  0.1024E+00
  0.9064E-01
  0.8196E-01
  0.8178E-01
  0.6631E-01
  0.6724E-01
  0.6316E-01
  0.4943E-01
  0.5468E-01
  0.4854E-01
  0.3991E-01
  0.4448E-01
  0.3895E-01
  0.3218E-01
  0.3707E-01
  0.3375E-01
  0.2373E-01
  0.3181E-01
  0.3149E-01
  0.2504E-01
  0.2739E-01
  0.3054E-01
  0.2909E-01
  0.2178E-01
  0.2991E-01
  0.3447E-01
  0.3695E-01
  0.4050E-01
  0.4945E-01
  0.4354E-01
  0.3053E-01
  0.2775E-01
  0.2755E-01
  0.2695E-01
  0.2599E-01
  0.2479E-01
  0.2347E-01
  0.2214E-01
  0.2080E-01
  0.1932E-01
  0.1740E-01
  0.1662E-01
  0.2182E-01
  0.2678E-01
  0.3111E-01
  0.3561E-01
  0.4067E-01
  0.4645E-01
  0.5292E-01
  0.6017E-01
  0.6902E-01
  0.7990E-01
  0.9172E-01
  0.1043E+00
  0.1177E+00
  0.1305E+00
  0.1412E+00
  0.1485E+00
  0.1530E+00
  0.1633E+00
  0.1732E+00
  0.1752E+00
  0.1657E+00
  0.1667E+00
  0.1798E+00
  0.1799E+00
  0.1710E+00
  0.1755E+00
  0.1858E+00
  0.1902E+00
  0.1913E+00
  0.1895E+00
  0.1852E+00
  0.1730E+00
  0.1525E+00
  0.1697E+00
  0.1827E+00
  0.1869E+00
  0.1879E+00
  0.1874E+00
  0.1856E+00
  0.1826E+00
  0.1779E+00
  0.1698E+00
  0.1552E+00
  0.1318E+00
  0.1216E+00
  0.1358E+00
  0.1537E+00
  0.1666E+00
  0.1727E+00
  0.1756E+00
  0.1766E+00
  0.1760E+00
  0.1736E+00
  0.1677E+00
  0.1549E+00
  0.1467E+00
  0.1509E+00
  0.1493E+00
  0.1590E+00
  0.1655E+00
  0.1683E+00
  0.1686E+00
  0.1677E+00
  0.1658E+00
  0.1627E+00
  0.1563E+00
  0.1458E+00
  0.1313E+00
  0.1325E+00
  0.1428E+00
  0.1450E+00
  0.1410E+00
  0.1322E+00
  0.1172E+00
  0.9652E-01
  0.8842E-01
  0.1078E+00
  0.1238E+00
  0.1325E+00
  0.1369E+00
  0.1375E+00
  0.1365E+00
  0.1307E+00
  0.1191E+00
  0.1016E+00
  0.9437E-01
  0.1106E+00
  0.1231E+00
  0.1286E+00
  0.1314E+00
  0.1294E+00
  0.1279E+00
  0.1191E+00
  0.1037E+00
  0.9905E-01
  0.1142E+00
  0.1238E+00
  0.1277E+00
  0.1278E+00
  0.1250E+00
  0.1198E+00
  0.1170E+00
  0.1099E+00
  0.9855E-01
  0.8453E-01
  0.8007E-01
  0.8990E-01
  0.9675E-01
  0.9710E-01
  0.8964E-01
  0.8109E-01
  0.8522E-01
  0.8360E-01
  0.7745E-01
  0.6922E-01
  0.5717E-01
  0.5488E-01
  0.5851E-01
  0.5610E-01
  0.4386E-01
  0.4192E-01
  0.3538E-01
  0.2379E-01
  0.2145E-01
  0.1726E-01
  0.1139E-01
  0.9747E-02
  0.9640E-02
  0.7118E-02
  0.5383E-02
  0.6790E-02
  0.5967E-02
  0.2896E-02
  0.5628E-02
  0.5540E-02
  0.2752E-02
  0.4968E-02
  0.5524E-02
  0.4179E-02
  0.4711E-02
  0.6282E-02
  0.6459E-02
  0.7954E-02
  0.1062E-01
  0.7207E-02
  0.1750E-02
  0.5178E-02
  0.5169E-02
  0.3548E-02
  0.4174E-02
  0.4956E-02
  0.4293E-02
  0.3147E-02
  0.5056E-02
  0.5033E-02
  0.2511E-02
  0.5045E-02
  0.6044E-02
  0.5360E-02
  0.4783E-02
  0.8429E-02
  0.9532E-02
  0.6044E-02
  0.1403E-01
  0.1704E-01
  0.1718E-01
  0.2180E-01
  0.2774E-01
  0.3231E-01
  0.3812E-01
  0.4103E-01
  0.4442E-01
  0.4410E-01
  0.4584E-01
  0.5109E-01
  0.5284E-01
  0.5253E-01
  0.5300E-01
  0.5199E-01
  0.4963E-01
  0.4674E-01
  0.4252E-01
  0.4042E-01
  0.4211E-01
  0.3904E-01
  0.3083E-01
  0.2969E-01
  0.3127E-01
  0.3128E-01
  0.2747E-01
  0.2353E-01
  0.2400E-01
  0.2838E-01
  0.3199E-01
  0.3351E-01
  0.3440E-01
  0.3326E-01
  0.3217E-01
  0.3138E-01
  0.2896E-01
  0.2694E-01
  0.2644E-01
  0.2385E-01
  0.1821E-01
  0.1649E-01
  0.1496E-01
  0.1132E-01
  0.9737E-02
  0.8584E-02
  0.9099E-02
  0.7664E-02
  0.5219E-02
  0.3812E-02
  0.4370E-02
  0.4088E-02
  0.2729E-02
  0.2754E-02
  0.3400E-02
  0.3087E-02
  0.1086E-02
  0.2793E-02
  0.3079E-02
  0.2428E-02
  0.2160E-02
  0.3085E-02
  0.3004E-02
  0.3690E-03
  0.4493E-02
  0.5151E-02
  0.3031E-02
  0.2829E-02
  0.3007E-02
  0.2325E-02
  0.2160E-02
  0.2750E-02
  0.2338E-02
  0.1891E-02
  0.2726E-02
  0.2498E-02
  0.1856E-02
  0.2955E-02
  0.2763E-02
  0.2007E-02
  0.3461E-02
  0.3266E-02
  0.2631E-02
  0.4420E-02
  0.4373E-02
  0.4945E-02
  0.6159E-02
  0.4813E-02
  0.4925E-02
  0.6167E-02
  0.5899E-02
  0.5842E-02
  0.6338E-02
  0.8662E-02
  0.1015E-01
  0.9705E-02
  0.6810E-02
  0.9800E-02
  0.1141E-01
  0.1203E-01
  0.1177E-01
  0.1157E-01
  0.1112E-01
  0.1103E-01
  0.1014E-01
  0.8559E-02
  0.6065E-02
  0.4277E-02
  0.3561E-02
  0.6480E-02
  0.7390E-02
  0.4595E-02
  0.7642E-02
  0.8796E-02
  0.8630E-02
  0.7178E-02
  0.2906E-02
  0.6719E-02
  0.7529E-02
  0.6905E-02
  0.5771E-02
  0.3464E-02
  0.3333E-02
  0.5637E-02
  0.7025E-02
  0.7686E-02
  0.7933E-02
  0.7908E-02
  0.7615E-02
  0.6733E-02
  0.5051E-02
  0.5260E-02
  0.6382E-02
  0.6215E-02
  0.5548E-02
  0.4952E-02
  0.3667E-02
  0.2466E-02
  0.2145E-02
  0.2443E-02
  0.3570E-02
  0.4415E-02
  0.4322E-02
  0.3305E-02
  0.6277E-03
  0.3250E-02
  0.4289E-02
  0.4562E-02
  0.4078E-02
  0.2865E-02
  0.1992E-02
  0.1797E-02
  0.3595E-02
  0.1676E-02
  0.4396E-02
  0.5029E-02
  0.5095E-02
  0.4176E-02
  0.4886E-02
  0.4803E-02
  0.4331E-02
  0.3328E-02
  0.1104E-02
  0.3081E-02
  0.2073E-02
  0.2285E-02
  0.3499E-02
  0.3483E-02
  0.2816E-02
  0.1087E-02
  0.2356E-02
  0.1256E-02
  0.2448E-02
  0.2833E-02
  0.2741E-02
  0.2280E-02
  0.1538E-02
  0.1329E-02
  0.1261E-02
  0.1550E-02
  0.2396E-02
  0.2816E-02
  0.2384E-02
  0.3031E-02
  0.2599E-02
  0.2237E-02
  0.7466E-03
  0.2241E-02
  0.1899E-02
  0.8741E-03
  0.1241E-02
  0.1848E-02
  0.1937E-02
  0.2066E-02
  0.2261E-02
  0.1532E-02
  0.2561E-02
  0.2441E-02
  0.1920E-02
  0.1264E-02
  0.1876E-02
  0.1899E-02
  0.1568E-02
  0.9317E-03
  0.9704E-03
  0.1221E-02
  0.9258E-03
  0.1591E-02
  0.1577E-02
  0.2063E-02
  0.2323E-02
  0.2375E-02
  0.2200E-02
  0.2271E-02
  0.2080E-02
  0.1666E-02
  0.1491E-02
  0.1438E-02
  0.6379E-03
  0.5827E-03
  0.8344E-03
  0.1243E-02
  0.1614E-02
  0.1646E-02
  0.5474E-03
  0.1720E-02
  0.1732E-02
  0.1207E-02
  0.6038E-03
  0.1469E-02
  0.1644E-02
  0.1477E-02
  0.1113E-02
  0.2296E-03
  0.1076E-02
  0.1471E-02
  0.1817E-02
  0.2118E-02
  0.2355E-02
  0.2582E-02
  0.2730E-02
  0.2861E-02
  0.2935E-02
  0.2967E-02
  0.2896E-02
  0.2935E-02
  0.2869E-02
  0.2668E-02
  0.2411E-02
  0.2642E-02
  0.2925E-02
  0.2928E-02
  0.2822E-02
  0.2156E-02
  0.2532E-02
  0.2244E-02
  0.2598E-02
  0.2444E-02
  0.2015E-02
  0.1992E-02
  0.1659E-02
  0.1907E-02
  0.1697E-02
  0.1384E-02
  0.1049E-02
  0.6234E-03
  0.6828E-03
  0.1057E-02
  0.1292E-02
  0.1333E-02
  0.1011E-02
  0.4220E-03
  0.1143E-02
  0.1286E-02
  0.8203E-03
  0.1063E-02
  0.1409E-02
  0.1427E-02
  0.1258E-02
  0.9693E-03
  0.3045E-03
  0.6353E-03
  0.5584E-03
  0.1113E-02
  0.1298E-02
  0.1375E-02
  0.1281E-02
  0.1186E-02
  0.8890E-03
  0.4529E-03
  0.3365E-03
  0.7045E-03
  0.8735E-03
  0.6996E-03
  0.1183E-03
  0.4188E-03
  0.6728E-03
  0.9046E-03
  0.1058E-02
  0.1161E-02
  0.1171E-02
  0.1018E-02
  0.5819E-03
  0.7980E-03
  0.1098E-02
  0.1147E-02
  0.9914E-03
  0.6455E-03
  0.5807E-03
  0.6778E-03
  0.9033E-03
  0.9192E-03
  0.4717E-03
  0.7573E-03
  0.1040E-02
  0.1145E-02
  0.1030E-02
  0.9699E-03
  0.7392E-03
  0.5414E-03
  0.2043E-03
  0.6584E-03
  0.8710E-03
  0.9676E-03
  0.8455E-03
  0.1038E-02
  0.9905E-03
  0.8482E-03
  0.5854E-03
  0.3513E-03
  0.5825E-03
  0.5826E-03
  0.8619E-04
  0.3391E-03
  0.7124E-03
  0.7577E-03
  0.6625E-03
  0.3529E-03
  0.7303E-03
  0.1015E-02
  0.1005E-02
  0.1164E-02
  0.1156E-02
  0.8817E-03
  0.5364E-03
  0.7036E-03
  0.1277E-03
  0.2322E-03
  0.7871E-03
  0.1084E-02
  0.1250E-02
  0.1189E-02
  0.1418E-02
  0.1453E-02
  0.1416E-02
  0.1281E-02
  0.7806E-03
  0.9899E-03
  0.7382E-03
  0.4545E-03
  0.3287E-03
  0.6957E-03
  0.7927E-03
  0.6034E-03
  0.1909E-03
  0.6532E-03
  0.9012E-03
  0.9272E-03
  0.1163E-02
  0.1038E-02
  0.8181E-03
  0.2728E-03
  0.9533E-03
  0.5830E-03
  0.1123E-02
  0.1428E-02
  0.1446E-02
  0.1086E-02
  0.1053E-02
  0.1339E-02
  0.1229E-02
  0.7402E-03
  0.7046E-03
  0.1170E-02
  0.1358E-02
  0.1334E-02
  0.1071E-02
  0.8479E-03
  0.6705E-03
  0.2370E-03
  0.2497E-03
  0.4377E-03
  0.6978E-03
  0.8963E-03
  0.1158E-02
  0.1190E-02
  0.8790E-03
  0.8043E-03
  0.1314E-02
  0.1427E-02
  0.8331E-03
  0.1556E-02
  0.1517E-02
  0.1335E-02
  0.1012E-02
  0.6124E-03
  0.2540E-03
  0.5321E-03
  0.9015E-03
  0.1013E-02
  0.1181E-02
  0.8232E-03
  0.4708E-03
  0.1026E-02
  0.1139E-02
  0.1671E-02
  0.1700E-02
  0.1828E-02
  0.1669E-02
  0.1597E-02
  0.1045E-02
  0.9425E-03
  0.1531E-02
  0.1900E-02
  0.2057E-02
  0.2113E-02
  0.1717E-02
  0.2151E-02
  0.2049E-02
  0.1900E-02
  0.1632E-02
  0.1286E-02
  0.6416E-03
  0.9542E-03
  0.1026E-02
  0.5647E-03
  0.3001E-03
  0.7040E-03
  0.1192E-02
  0.1498E-02
  0.1612E-02
  0.1578E-02
  0.1320E-02
  0.1587E-02
  0.1497E-02
  0.1217E-02
  0.7876E-03
  0.3271E-03
  0.3731E-03
  0.8206E-03
  0.1085E-02
  0.1392E-02
  0.1677E-02
  0.1807E-02
  0.1873E-02
  0.1989E-02
  0.2040E-02
  0.2027E-02
  0.1936E-02
  0.1613E-02
  0.1791E-02
  0.1762E-02
  0.1674E-02
  0.1440E-02
  0.1077E-02
  0.7000E-03
  0.5481E-03
  0.4484E-03
  0.4656E-03
  0.8112E-03
  0.7807E-03
  0.8072E-03
  0.9288E-03
  0.1117E-02
  0.1108E-02
  0.9521E-03
  0.5067E-03
  0.2166E-03
  0.6140E-03
  0.6197E-03
  0.4693E-03
  0.5409E-03
  0.3880E-03
  0.2842E-03
  0.3077E-03
  0.4367E-03
  0.4136E-03
  0.2542E-03
  0.2535E-03
  0.9715E-04
  0.1014E-03
  0.1873E-03
  0.1934E-03
  0.1671E-03
  0.1046E-03
  0.7825E-04
  0.5495E-04
  0.7964E-04
  0.1059E-03
  0.1019E-03
  0.8049E-04
  0.4805E-04
  0.2604E-04
  0.6111E-04
  0.7357E-04
  0.7258E-04
  0.5674E-04
  0.2462E-04
  0.3336E-04
  0.5998E-04
  0.6927E-04
  0.6475E-04
  0.4376E-04
  0.1955E-04
  0.6582E-04
  0.8383E-04
  0.8193E-04
  0.6579E-04
  0.1208E-04
  0.2228E-04
  0.4537E-04
  0.6121E-04
  0.9362E-04
  0.1070E-03
  0.1026E-03
  0.5311E-04
  0.1254E-03
  0.2008E-03
  0.2601E-03
  0.3003E-03
  0.1705E-03
  0.2438E-03
  0.2523E-03
  0.1895E-03
  0.8308E-04
  0.1026E-03
  0.1632E-03
  0.1699E-03
  0.1194E-03
  0.6145E-04
  0.1845E-03
  0.2493E-03
  0.2210E-03
  0.6980E-04
  0.3080E-03
  0.4473E-03
  0.4034E-03
  0.4339E-03
  0.8043E-03
  0.1316E-02
  0.1603E-02
  0.1698E-02
  0.1990E-02
  0.2315E-02
  0.2668E-02
  0.2821E-02
  0.2962E-02
  0.3101E-02
  0.3146E-02
  0.2952E-02
  0.2753E-02
  0.2462E-02
  0.1918E-02
  0.1517E-02
  0.1611E-02
  0.1047E-02
  0.8961E-03
  0.1401E-02
  0.1835E-02
  0.1933E-02
  0.1931E-02
  0.1638E-02
  0.1711E-02
  0.1585E-02
  0.8376E-03
  0.8158E-03
  0.8256E-03
  0.5844E-03
  0.3452E-03
  0.1369E-03
  0.2199E-03
  0.2164E-03
  0.1484E-03
  0.6605E-04
  0.5679E-04
  0.9132E-04
  0.9576E-04
  0.7556E-04
  0.3280E-04
  0.4690E-04
  0.7014E-04
  0.7292E-04
  0.5719E-04
  0.2031E-04
  0.4681E-04
  0.6631E-04
  0.6559E-04
  0.1378E-04
  0.2169E-04
  0.5780E-04
  0.5808E-04
  0.2442E-04
  0.7693E-05
  0.4721E-04
  0.1859E-04
  0.3485E-04
  0.3487E-04
  0.4556E-04
  0.2957E-04
  0.2618E-04
  0.8619E-05
  0.2263E-04
  0.6633E-05
  0.2570E-04
  0.1899E-04
  0.5700E-05
  0.1039E-04
  0.1642E-04
  0.1701E-04
  0.1409E-04
  0.6900E-05
  0.4902E-05
  0.1041E-04
  0.1356E-04
  0.1222E-04
  0.7377E-05
  0.2553E-05
  0.1002E-04
  0.1311E-04
  0.1374E-04
  0.9878E-05
  0.2140E-05
  0.1319E-04
  0.7525E-05
  0.1737E-05
  0.3320E-05
  0.1450E-04
  0.1424E-04
  0.5795E-05
  0.9005E-05
  0.1707E-04
  0.2013E-04
  0.1828E-04
  0.7897E-05
  0.1661E-04
  0.2807E-04
  0.3040E-04
  0.1147E-04
  0.1512E-04
  0.4034E-04
  0.4440E-04
  0.4416E-04
  0.4770E-04
  0.1468E-04
  0.3586E-04
  0.5770E-04
  0.6119E-04
  0.4584E-04
  0.3577E-04
  0.3216E-04
  0.5954E-04
  0.6846E-04
  0.5077E-04
  0.5895E-04
  0.2322E-04
  0.5303E-04
  0.7056E-04
  0.6637E-04
  0.6264E-04
  0.2258E-04
  0.5982E-04
  0.8964E-04
  0.9913E-04
  0.8508E-04
  0.4597E-04
  0.4057E-04
  0.2422E-04
  0.6824E-04
  0.1333E-03
  0.2347E-03
  0.3206E-03
  0.3096E-03
  0.3730E-03
  0.6579E-03
  0.9247E-03
  0.1207E-02
  0.1475E-02
  0.1860E-02
  0.2196E-02
  0.2478E-02
  0.2736E-02
  0.3112E-02
  0.3269E-02
  0.3105E-02
  0.2676E-02
  0.3034E-02
  0.3405E-02
  0.3320E-02
  0.3493E-02
  0.3670E-02
  0.3606E-02
  0.2936E-02
  0.3022E-02
  0.2979E-02
  0.2212E-02
  0.2771E-02
  0.4147E-02
  0.4912E-02
  0.5168E-02
  0.5067E-02
  0.5477E-02
  0.5839E-02
  0.5989E-02
  0.6067E-02
  0.6057E-02
  0.5901E-02
  0.5642E-02
  0.5158E-02
  0.5282E-02
  0.5281E-02
  0.4886E-02
  0.4513E-02
  0.4212E-02
  0.4402E-02
  0.4256E-02
  0.3881E-02
  0.3628E-02
  0.3259E-02
  0.2805E-02
  0.2701E-02
  0.2322E-02
  0.1971E-02
  0.1731E-02
  0.1494E-02
  0.1171E-02
  0.1060E-02
  0.8327E-03
  0.6222E-03
  0.5334E-03
  0.4311E-03
  0.3004E-03
  0.2382E-03
  0.1673E-03
  0.1343E-03
  0.8510E-04
  0.6901E-04
  0.5685E-04
  0.4545E-04
  0.4053E-04
  0.3105E-04
  0.2330E-04
  0.2442E-04
  0.2208E-04
  0.9786E-05
  0.1315E-04
  0.1034E-04
  0.1206E-04
  0.2410E-05
  0.8217E-05
  0.8521E-05
  0.1841E-05
  0.6915E-05
  0.4139E-05
  0.1021E-05
  0.3469E-05
  0.2787E-05
  0.2633E-05
  0.1365E-05
  0.1193E-05
  0.2336E-05
  0.1083E-05
  0.1561E-05
  0.1100E-05
  0.1149E-05
  0.1249E-05
  0.2781E-06
  0.3547E-06
  0.9257E-06
  0.1734E-06
  0.2608E-06
  0.4986E-06
  0.1696E-06
  0.5382E-06
  0.3163E-06
  0.1596E-06
  0.3385E-06
  0.3946E-06
  0.1984E-06
  0.2409E-06
  0.3502E-06
  0.2738E-06
  0.1485E-06
  0.2520E-06
  0.3115E-06
  0.2463E-06
  0.1424E-06
  0.1410E-06
  0.3316E-06
  0.3401E-06
  0.1850E-06
  0.3979E-06
  0.2760E-06
  0.1597E-06
  0.1312E-06
  0.1729E-06
  0.1983E-06
  0.2312E-06
  0.2353E-06
  0.2261E-06
  0.1232E-06
  0.1871E-06
  0.1694E-06
  0.1630E-06
  0.1650E-06
  0.1728E-06
  0.1791E-06
  0.2075E-06
  0.2885E-06
  0.1346E-06
  0.1359E-06
  0.1100E-06
  0.1204E-06
  0.1488E-06
  0.1066E-06
  0.1159E-06
  0.1123E-06
  0.1033E-06
  0.1096E-06
  0.1233E-06
  0.1002E-06
  0.1011E-06
  0.9809E-07
  0.9708E-07
  0.9883E-07
  0.9656E-07
  0.9411E-07
  0.9363E-07
  0.9284E-07
  0.9122E-07
  0.9028E-07
  0.8934E-07
  0.8842E-07
  0.8751E-07
  0.8663E-07
  0.8573E-07
  0.8482E-07
  0.8395E-07
  0.8308E-07
  0.8222E-07
  0.8137E-07
  0.8053E-07
  0.8270E-07
  0.7887E-07
  0.7806E-07
  0.7726E-07
  0.7647E-07
  0.7566E-07
  0.7488E-07
  0.7410E-07
  0.7333E-07
  0.7258E-07
  0.7182E-07
  0.7108E-07
  0.7035E-07
  0.6963E-07
  0.6894E-07
  0.6831E-07
  0.6773E-07
  0.6708E-07
  0.6619E-07
  0.6540E-07
  0.6473E-07
  0.7148E-07
  0.8956E-07
  0.1013E-06
  0.7573E-07
  0.1193E-06
  0.1556E-06
  0.6605E-07
  0.2040E-06
  0.6994E-07
  0.2507E-06
  0.2884E-06
  0.3344E-06
  0.3905E-06
  0.4582E-06
  0.5397E-06
  0.6410E-06
  0.7718E-06
  0.9485E-06
  0.1189E-05
  0.1850E-05
  0.2360E-05
  0.2991E-05
  0.3778E-05
  0.4798E-05
  0.8024E-05
  0.1093E-04
  0.1470E-04
  0.3316E-04
  0.6844E-04
  0.2305E-03
  0.4621E-03
  0.7487E-03
  0.8510E-03
  0.7543E-03
  0.7719E-03
  0.8342E-03
  0.8014E-03
  0.7435E-03
  0.9091E-03
  0.1034E-02
  0.1141E-02
  0.1300E-02
  0.1633E-02
  0.1886E-02
  0.1833E-02
  0.1529E-02
  0.1236E-02
  0.9974E-03
  0.8106E-03
  0.6720E-03
  0.5666E-03
  0.5570E-03
  0.5521E-03
  0.5615E-03
  0.5841E-03
  0.6216E-03
  0.6757E-03
  0.7473E-03
  0.8396E-03
  0.9546E-03
  0.1095E-02
  0.1253E-02
  0.1427E-02
  0.1625E-02
  0.1832E-02
  0.2009E-02
  0.2177E-02
  0.2306E-02
  0.2434E-02
  0.2511E-02
  0.2561E-02
  0.2549E-02
  0.2483E-02
  0.2420E-02
  0.2268E-02
  0.2070E-02
  0.1884E-02
  0.1668E-02
  0.1389E-02
  0.1193E-02
  0.1010E-02
  0.7916E-03
  0.4640E-03
  0.4363E-03
  0.3397E-03
  0.2148E-03
  0.8341E-04
  0.1064E-03
  0.7923E-04
  0.3539E-04
  0.2465E-04
  0.3359E-04
  0.2553E-04
  0.3444E-05
  0.2349E-04
  0.3444E-04
  0.2810E-04
  0.4600E-04
  0.1389E-03
  0.2568E-03
  0.4396E-03
