 Spectral outgoing shortwave flux [W/m2/cm^-1]
  0.0000E+00
  0.7479E-19
  0.4016E-17
  0.4334E-16
  0.2370E-15
  0.8890E-15
  0.2622E-14
  0.6550E-14
  0.1449E-13
  0.2919E-13
  0.5458E-13
  0.9616E-13
  0.1613E-12
  0.2594E-12
  0.4028E-12
  0.6067E-12
  0.8900E-12
  0.1275E-11
  0.1790E-11
  0.2466E-11
  0.3342E-11
  0.4462E-11
  0.5876E-11
  0.7644E-11
  0.9832E-11
  0.1252E-10
  0.1578E-10
  0.1972E-10
  0.2445E-10
  0.3007E-10
  0.3672E-10
  0.4455E-10
  0.5371E-10
  0.6529E-07
  0.3660E-05
  0.3918E-04
  0.1041E-04
  0.4200E-08
  0.1476E-09
  0.1719E-09
  0.2951E-04
  0.4448E-08
  0.2654E-09
  0.3047E-09
  0.2472E-05
  0.6780E-04
  0.4586E-05
  0.6086E-08
  0.4929E-05
  0.6558E-09
  0.7355E-09
  0.8255E-09
  0.9314E-09
  0.1033E-08
  0.1152E-08
  0.1281E-08
  0.1423E-08
  0.1577E-08
  0.1745E-08
  0.1926E-08
  0.2124E-08
  0.2337E-08
  0.2568E-08
  0.2817E-08
  0.3086E-08
  0.3376E-08
  0.3687E-08
  0.4022E-08
  0.4381E-08
  0.4765E-08
  0.5178E-08
  0.5618E-08
  0.6090E-08
  0.6593E-08
  0.7129E-08
  0.7702E-08
  0.8310E-08
  0.8958E-08
  0.9646E-08
  0.1038E-07
  0.1115E-07
  0.1197E-07
  0.1285E-07
  0.1377E-07
  0.1474E-07
  0.1577E-07
  0.1587E-06
  0.1077E-03
  0.1944E-07
  0.2050E-07
  0.2185E-07
  0.2327E-07
  0.2476E-07
  0.2633E-07
  0.2798E-07
  0.2971E-07
  0.3153E-07
  0.1807E-04
  0.1292E-04
  0.7267E-05
  0.1471E-05
  0.2074E-04
  0.4430E-03
  0.1917E-03
  0.4958E-07
  0.5233E-07
  0.2469E-04
  0.8644E-04
  0.3546E-03
  0.8705E-04
  0.9548E-05
  0.1597E-04
  0.4022E-04
  0.1618E-03
  0.4031E-03
  0.3572E-03
  0.2535E-03
  0.1806E-03
  0.3037E-04
  0.1056E-06
  0.1107E-06
  0.1159E-06
  0.1214E-06
  0.1270E-06
  0.1329E-06
  0.1389E-06
  0.1464E-06
  0.1517E-06
  0.1585E-06
  0.1655E-06
  0.1727E-06
  0.1802E-06
  0.1880E-06
  0.1960E-06
  0.2043E-06
  0.2128E-06
  0.2217E-06
  0.2308E-06
  0.2402E-06
  0.2500E-06
  0.2600E-06
  0.2704E-06
  0.2811E-06
  0.2922E-06
  0.3036E-06
  0.3153E-06
  0.3274E-06
  0.3399E-06
  0.3527E-06
  0.3660E-06
  0.3796E-06
  0.3936E-06
  0.4080E-06
  0.4229E-06
  0.4382E-06
  0.4539E-06
  0.4700E-06
  0.4866E-06
  0.5037E-06
  0.5213E-06
  0.5393E-06
  0.5578E-06
  0.5768E-06
  0.5963E-06
  0.6164E-06
  0.1391E-05
  0.9461E-06
  0.7988E-04
  0.1088E-04
  0.5841E-03
  0.6534E-04
  0.1081E-02
  0.8032E-03
  0.1369E-02
  0.1358E-02
  0.1463E-02
  0.1473E-02
  0.9751E-03
  0.1490E-02
  0.1515E-02
  0.1297E-02
  0.1198E-02
  0.8401E-03
  0.2602E-03
  0.5129E-04
  0.1479E-05
  0.1553E-05
  0.8651E-03
  0.3038E-03
  0.1683E-05
  0.1740E-05
  0.1776E-05
  0.1837E-05
  0.1895E-05
  0.1938E-05
  0.2009E-05
  0.2052E-05
  0.2112E-05
  0.2179E-05
  0.2250E-05
  0.2301E-05
  0.2363E-05
  0.2425E-05
  0.2511E-05
  0.2600E-05
  0.2598E-05
  0.2673E-05
  0.2785E-05
  0.2886E-05
  0.2956E-05
  0.3039E-05
  0.3072E-05
  0.3215E-05
  0.3118E-05
  0.3362E-05
  0.3461E-05
  0.3540E-05
  0.3618E-05
  0.3735E-05
  0.3800E-05
  0.3774E-05
  0.4028E-05
  0.4106E-05
  0.4206E-05
  0.4286E-05
  0.4850E-05
  0.2535E-03
  0.7239E-04
  0.7182E-03
  0.3784E-03
  0.1161E-02
  0.1483E-02
  0.1038E-02
  0.1245E-02
  0.8306E-03
  0.1265E-02
  0.2227E-02
  0.2026E-02
  0.1402E-02
  0.1186E-02
  0.4609E-03
  0.4185E-03
  0.6423E-05
  0.6481E-05
  0.6968E-05
  0.8673E-04
  0.7884E-03
  0.7295E-05
  0.7185E-05
  0.7433E-05
  0.7564E-05
  0.1183E-02
  0.8666E-05
  0.7877E-05
  0.8050E-05
  0.8267E-05
  0.1827E-02
  0.2376E-02
  0.1905E-02
  0.8930E-05
  0.9020E-05
  0.9223E-05
  0.9955E-04
  0.1304E-02
  0.5784E-03
  0.4562E-04
  0.6457E-04
  0.1023E-04
  0.1046E-04
  0.1034E-04
  0.1070E-04
  0.1074E-04
  0.1105E-04
  0.1121E-04
  0.1146E-04
  0.1148E-04
  0.1179E-04
  0.1183E-04
  0.1215E-04
  0.1234E-04
  0.1231E-04
  0.1259E-04
  0.1292E-04
  0.1298E-04
  0.1332E-04
  0.1341E-04
  0.1371E-04
  0.1391E-04
  0.1409E-04
  0.1427E-04
  0.1447E-04
  0.1467E-04
  0.1478E-04
  0.1506E-04
  0.1529E-04
  0.1546E-04
  0.1576E-04
  0.1603E-04
  0.1615E-04
  0.1643E-04
  0.1661E-04
  0.1747E-04
  0.3403E-04
  0.1734E-04
  0.1733E-04
  0.6485E-04
  0.2975E-03
  0.1520E-02
  0.9833E-03
  0.7473E-04
  0.4627E-03
  0.2480E-02
  0.2431E-02
  0.2300E-02
  0.2631E-02
  0.2585E-02
  0.2068E-02
  0.2156E-02
  0.2459E-02
  0.2386E-02
  0.2633E-02
  0.2620E-02
  0.1843E-02
  0.1329E-02
  0.9815E-03
  0.6786E-03
  0.1082E-03
  0.2362E-04
  0.2395E-04
  0.4451E-03
  0.2696E-04
  0.2432E-04
  0.2470E-04
  0.5535E-03
  0.1059E-02
  0.3343E-03
  0.8367E-03
  0.8320E-03
  0.2329E-03
  0.4756E-03
  0.7026E-03
  0.2127E-03
  0.6708E-03
  0.1749E-03
  0.6338E-04
  0.2943E-04
  0.2974E-04
  0.2996E-04
  0.3037E-04
  0.3060E-04
  0.3069E-04
  0.3089E-04
  0.3175E-04
  0.3189E-04
  0.3216E-04
  0.3242E-04
  0.3339E-04
  0.3336E-04
  0.3413E-04
  0.3433E-04
  0.4387E-04
  0.5263E-03
  0.1196E-03
  0.5612E-03
  0.9177E-03
  0.1232E-02
  0.1294E-02
  0.1422E-02
  0.3537E-03
  0.1444E-02
  0.1737E-02
  0.1376E-02
  0.1495E-02
  0.2488E-02
  0.2376E-02
  0.1119E-02
  0.1639E-02
  0.2636E-02
  0.2555E-02
  0.2005E-02
  0.4635E-03
  0.8229E-04
  0.2641E-02
  0.2625E-02
  0.1836E-02
  0.2000E-02
  0.2580E-02
  0.2662E-02
  0.2672E-02
  0.2551E-02
  0.2650E-02
  0.2629E-02
  0.2573E-02
  0.2593E-02
  0.2556E-02
  0.2454E-02
  0.2180E-02
  0.2583E-02
  0.2353E-02
  0.2038E-02
  0.2534E-02
  0.2555E-02
  0.2554E-02
  0.2546E-02
  0.2404E-02
  0.2032E-02
  0.1116E-02
  0.1533E-02
  0.4585E-03
  0.8861E-03
  0.1089E-03
  0.1477E-03
  0.1243E-03
  0.4392E-03
  0.1145E-03
  0.1449E-03
  0.6366E-04
  0.6758E-04
  0.6405E-04
  0.6313E-04
  0.6560E-04
  0.6649E-04
  0.6692E-04
  0.6668E-04
  0.6702E-04
  0.6736E-04
  0.6945E-04
  0.6972E-04
  0.7102E-04
  0.7144E-04
  0.7603E-04
  0.4117E-03
  0.4280E-03
  0.7151E-03
  0.7519E-03
  0.6689E-03
  0.4524E-03
  0.5320E-03
  0.3532E-03
  0.1972E-03
  0.1466E-03
  0.1951E-03
  0.4503E-03
  0.8999E-04
  0.8140E-04
  0.8906E-04
  0.3717E-03
  0.1340E-02
  0.2282E-02
  0.2392E-02
  0.2365E-02
  0.2461E-02
  0.2603E-02
  0.2524E-02
  0.2463E-02
  0.2608E-02
  0.2608E-02
  0.2552E-02
  0.2543E-02
  0.2254E-02
  0.1502E-02
  0.2422E-02
  0.2500E-02
  0.2631E-02
  0.2576E-02
  0.2525E-02
  0.2477E-02
  0.2448E-02
  0.1915E-02
  0.2314E-02
  0.2254E-02
  0.2400E-02
  0.2491E-02
  0.2458E-02
  0.2209E-02
  0.2226E-02
  0.2204E-02
  0.2175E-02
  0.1775E-02
  0.1888E-02
  0.1487E-02
  0.1374E-02
  0.7622E-03
  0.1665E-03
  0.3265E-03
  0.7484E-03
  0.2712E-03
  0.1637E-02
  0.1328E-03
  0.5177E-03
  0.4035E-03
  0.5019E-03
  0.1423E-02
  0.1909E-02
  0.2010E-02
  0.2308E-02
  0.2340E-02
  0.2006E-02
  0.1889E-02
  0.1975E-02
  0.2114E-02
  0.2243E-02
  0.1432E-02
  0.2272E-02
  0.1777E-02
  0.2094E-02
  0.2060E-02
  0.1955E-02
  0.2258E-02
  0.2368E-02
  0.2305E-02
  0.1888E-02
  0.2415E-02
  0.2412E-02
  0.2401E-02
  0.2447E-02
  0.2375E-02
  0.2427E-02
  0.2398E-02
  0.2413E-02
  0.2405E-02
  0.2406E-02
  0.2341E-02
  0.2423E-02
  0.2416E-02
  0.2372E-02
  0.2407E-02
  0.2390E-02
  0.2419E-02
  0.2397E-02
  0.2406E-02
  0.2381E-02
  0.2361E-02
  0.2359E-02
  0.2378E-02
  0.2369E-02
  0.2357E-02
  0.2307E-02
  0.2313E-02
  0.2147E-02
  0.2194E-02
  0.2097E-02
  0.2011E-02
  0.1480E-02
  0.1873E-02
  0.1054E-02
  0.1240E-02
  0.1169E-02
  0.5996E-03
  0.7522E-03
  0.4881E-03
  0.2162E-03
  0.2167E-03
  0.7016E-03
  0.1480E-02
  0.1953E-03
  0.2489E-03
  0.5502E-03
  0.1614E-02
  0.1801E-02
  0.2003E-02
  0.2134E-02
  0.2073E-02
  0.2031E-02
  0.2055E-02
  0.2062E-02
  0.1909E-02
  0.1969E-02
  0.1841E-02
  0.1460E-02
  0.1568E-02
  0.1341E-02
  0.1315E-02
  0.2060E-02
  0.1714E-02
  0.1382E-02
  0.1158E-02
  0.1662E-02
  0.2095E-02
  0.2165E-02
  0.2190E-02
  0.2198E-02
  0.2184E-02
  0.2163E-02
  0.2150E-02
  0.2162E-02
  0.2149E-02
  0.2146E-02
  0.2119E-02
  0.2143E-02
  0.2159E-02
  0.2160E-02
  0.2144E-02
  0.2156E-02
  0.2150E-02
  0.2129E-02
  0.2130E-02
  0.2120E-02
  0.2090E-02
  0.2083E-02
  0.2035E-02
  0.2062E-02
  0.2039E-02
  0.2029E-02
  0.2075E-02
  0.2031E-02
  0.1971E-02
  0.1970E-02
  0.1755E-02
  0.1497E-02
  0.1641E-02
  0.1879E-02
  0.1883E-02
  0.1700E-02
  0.1877E-02
  0.1807E-02
  0.1711E-02
  0.1638E-02
  0.1734E-02
  0.1909E-02
  0.1965E-02
  0.1957E-02
  0.1946E-02
  0.1924E-02
  0.1957E-02
  0.1938E-02
  0.1974E-02
  0.1971E-02
  0.1929E-02
  0.1940E-02
  0.1916E-02
  0.1907E-02
  0.1834E-02
  0.1881E-02
  0.1912E-02
  0.1873E-02
  0.1889E-02
  0.1904E-02
  0.1894E-02
  0.1856E-02
  0.1839E-02
  0.1856E-02
  0.1893E-02
  0.1882E-02
  0.1905E-02
  0.1873E-02
  0.1876E-02
  0.1856E-02
  0.1775E-02
  0.1801E-02
  0.1851E-02
  0.1792E-02
  0.1837E-02
  0.1836E-02
  0.1851E-02
  0.1811E-02
  0.1836E-02
  0.1812E-02
  0.1850E-02
  0.1816E-02
  0.1812E-02
  0.1821E-02
  0.1815E-02
  0.1760E-02
  0.1717E-02
  0.1732E-02
  0.1720E-02
  0.1652E-02
  0.1700E-02
  0.1615E-02
  0.1643E-02
  0.1516E-02
  0.1365E-02
  0.1572E-02
  0.1582E-02
  0.1430E-02
  0.1462E-02
  0.1450E-02
  0.1265E-02
  0.1169E-02
  0.1600E-02
  0.1672E-02
  0.1631E-02
  0.1671E-02
  0.1709E-02
  0.1702E-02
  0.1717E-02
  0.1692E-02
  0.1668E-02
  0.1667E-02
  0.1646E-02
  0.1607E-02
  0.1639E-02
  0.1636E-02
  0.1600E-02
  0.1607E-02
  0.1607E-02
  0.1631E-02
  0.1625E-02
  0.1550E-02
  0.1509E-02
  0.1520E-02
  0.1518E-02
  0.1488E-02
  0.1576E-02
  0.1566E-02
  0.1501E-02
  0.1530E-02
  0.1556E-02
  0.1545E-02
  0.1589E-02
  0.1530E-02
  0.1506E-02
  0.1518E-02
  0.1485E-02
  0.1451E-02
  0.1484E-02
  0.1470E-02
  0.1490E-02
  0.1532E-02
  0.1532E-02
  0.1534E-02
  0.1509E-02
  0.1463E-02
  0.1515E-02
  0.1459E-02
  0.1486E-02
  0.1481E-02
  0.1448E-02
  0.1464E-02
  0.1424E-02
  0.1448E-02
  0.1442E-02
  0.1445E-02
  0.1412E-02
  0.1419E-02
  0.1362E-02
  0.1389E-02
  0.1372E-02
  0.1293E-02
  0.1328E-02
  0.1362E-02
  0.1394E-02
  0.1396E-02
  0.1348E-02
  0.1389E-02
  0.1430E-02
  0.1374E-02
  0.1351E-02
  0.1337E-02
  0.1241E-02
  0.1345E-02
  0.1374E-02
  0.1391E-02
  0.1317E-02
  0.1365E-02
  0.1358E-02
  0.1278E-02
  0.1180E-02
  0.1157E-02
  0.1304E-02
  0.1303E-02
  0.1308E-02
  0.1294E-02
  0.1217E-02
  0.1215E-02
  0.1251E-02
  0.1234E-02
  0.1229E-02
  0.1202E-02
  0.1189E-02
  0.1017E-02
  0.1173E-02
  0.9229E-03
  0.1130E-02
  0.1242E-02
  0.1184E-02
  0.1170E-02
  0.1197E-02
  0.1186E-02
  0.1180E-02
  0.1289E-02
  0.1206E-02
  0.1202E-02
  0.1173E-02
  0.1211E-02
  0.1126E-02
  0.1100E-02
  0.1165E-02
  0.1167E-02
  0.1245E-02
  0.1181E-02
  0.1212E-02
  0.1079E-02
  0.1177E-02
  0.1147E-02
  0.1113E-02
  0.1100E-02
  0.1137E-02
  0.1096E-02
  0.1193E-02
  0.1184E-02
  0.1079E-02
  0.1190E-02
  0.1197E-02
  0.1186E-02
  0.1162E-02
  0.1188E-02
  0.1194E-02
  0.1157E-02
  0.1132E-02
  0.1148E-02
  0.1038E-02
  0.1119E-02
  0.1127E-02
  0.1183E-02
  0.1192E-02
  0.1056E-02
  0.1090E-02
  0.1133E-02
  0.1066E-02
  0.1042E-02
  0.8617E-03
  0.1002E-02
  0.1100E-02
  0.1127E-02
  0.1113E-02
  0.1134E-02
  0.1144E-02
  0.1142E-02
  0.1153E-02
  0.1133E-02
  0.1137E-02
  0.1140E-02
  0.1117E-02
  0.1102E-02
  0.1135E-02
  0.1136E-02
  0.1096E-02
  0.1063E-02
  0.1101E-02
  0.1112E-02
  0.1104E-02
  0.1102E-02
  0.1078E-02
  0.1055E-02
  0.1086E-02
  0.1076E-02
  0.1043E-02
  0.1000E-02
  0.1006E-02
  0.1054E-02
  0.1046E-02
  0.1023E-02
  0.1022E-02
  0.1058E-02
  0.9853E-03
  0.1026E-02
  0.1046E-02
  0.1006E-02
  0.1005E-02
  0.1063E-02
  0.1000E-02
  0.1044E-02
  0.1059E-02
  0.1035E-02
  0.1028E-02
  0.1051E-02
  0.1013E-02
  0.1005E-02
  0.1012E-02
  0.1029E-02
  0.9698E-03
  0.1018E-02
  0.1041E-02
  0.1022E-02
  0.1025E-02
  0.9790E-03
  0.9844E-03
  0.9742E-03
  0.1011E-02
  0.9700E-03
  0.9080E-03
  0.9177E-03
  0.9814E-03
  0.9959E-03
  0.1016E-02
  0.1029E-02
  0.9792E-03
  0.9437E-03
  0.9473E-03
  0.9546E-03
  0.9098E-03
  0.9636E-03
  0.9298E-03
  0.9038E-03
  0.8240E-03
  0.8145E-03
  0.8960E-03
  0.9146E-03
  0.9049E-03
  0.8948E-03
  0.8672E-03
  0.8851E-03
  0.9271E-03
  0.8461E-03
  0.8686E-03
  0.7889E-03
  0.7772E-03
  0.8186E-03
  0.8266E-03
  0.7606E-03
  0.7002E-03
  0.7724E-03
  0.7455E-03
  0.8082E-03
  0.8615E-03
  0.8475E-03
  0.7457E-03
  0.7302E-03
  0.7018E-03
  0.6057E-03
  0.7850E-03
  0.8165E-03
  0.6410E-03
  0.8052E-03
  0.7703E-03
  0.5202E-03
  0.4942E-03
  0.5345E-03
  0.6091E-03
  0.6599E-03
  0.6310E-03
  0.7005E-03
  0.7254E-03
  0.6646E-03
  0.7027E-03
  0.7772E-03
  0.6921E-03
  0.7329E-03
  0.7363E-03
  0.7407E-03
  0.7809E-03
  0.7156E-03
  0.7558E-03
  0.7072E-03
  0.6424E-03
  0.7730E-03
  0.6965E-03
  0.7452E-03
  0.7814E-03
  0.7148E-03
  0.6898E-03
  0.7235E-03
  0.7059E-03
  0.7028E-03
  0.7307E-03
  0.6923E-03
  0.6806E-03
  0.7293E-03
  0.7575E-03
  0.7467E-03
  0.7158E-03
  0.7565E-03
  0.7301E-03
  0.7027E-03
  0.7568E-03
  0.6768E-03
  0.7178E-03
  0.7444E-03
  0.7455E-03
  0.7606E-03
  0.7406E-03
  0.7406E-03
  0.6170E-03
  0.6065E-03
  0.6988E-03
  0.7342E-03
  0.7203E-03
  0.7025E-03
  0.6658E-03
  0.6647E-03
  0.6685E-03
  0.6469E-03
  0.6544E-03
  0.6640E-03
  0.6828E-03
  0.6921E-03
  0.6550E-03
  0.7029E-03
  0.7088E-03
  0.6766E-03
  0.7051E-03
  0.7207E-03
  0.7255E-03
  0.7163E-03
  0.7125E-03
  0.6924E-03
  0.6709E-03
  0.6837E-03
  0.6593E-03
  0.6609E-03
  0.6427E-03
  0.6043E-03
  0.5647E-03
  0.4746E-03
  0.3556E-03
  0.2740E-03
  0.3116E-03
  0.4069E-03
  0.4877E-03
  0.5063E-03
  0.4882E-03
  0.4327E-03
  0.3685E-03
  0.2817E-03
  0.2192E-03
  0.2680E-03
  0.3652E-03
  0.4271E-03
  0.4810E-03
  0.5227E-03
  0.5301E-03
  0.4912E-03
  0.4826E-03
  0.4861E-03
  0.4820E-03
  0.4464E-03
  0.3949E-03
  0.3849E-03
  0.3793E-03
  0.3920E-03
  0.3696E-03
  0.3769E-03
  0.3966E-03
  0.3652E-03
  0.3476E-03
  0.3786E-03
  0.3978E-03
  0.3936E-03
  0.3534E-03
  0.2873E-03
  0.2673E-03
  0.2586E-03
  0.2693E-03
  0.2971E-03
  0.3294E-03
  0.3714E-03
  0.4112E-03
  0.4789E-03
  0.4857E-03
  0.4814E-03
  0.4174E-03
  0.4208E-03
  0.4516E-03
  0.4667E-03
  0.5355E-03
  0.5563E-03
  0.5432E-03
  0.5195E-03
  0.4737E-03
  0.4410E-03
  0.4415E-03
  0.4229E-03
  0.4497E-03
  0.4272E-03
  0.3471E-03
  0.3377E-03
  0.3874E-03
  0.3706E-03
  0.3214E-03
  0.3863E-03
  0.4294E-03
  0.4276E-03
  0.3855E-03
  0.4593E-03
  0.5206E-03
  0.4854E-03
  0.4438E-03
  0.4683E-03
  0.5259E-03
  0.5206E-03
  0.5123E-03
  0.4978E-03
  0.4583E-03
  0.4734E-03
  0.4648E-03
  0.4914E-03
  0.5121E-03
  0.5028E-03
  0.5061E-03
  0.5180E-03
  0.5309E-03
  0.5164E-03
  0.4892E-03
  0.4312E-03
  0.4013E-03
  0.4300E-03
  0.4500E-03
  0.4257E-03
  0.3979E-03
  0.4088E-03
  0.4605E-03
  0.4171E-03
  0.3622E-03
  0.3756E-03
  0.3851E-03
  0.3640E-03
  0.3758E-03
  0.3939E-03
  0.4364E-03
  0.4441E-03
  0.4156E-03
  0.3717E-03
  0.3061E-03
  0.2750E-03
  0.2759E-03
  0.3197E-03
  0.3438E-03
  0.3234E-03
  0.3291E-03
  0.3569E-03
  0.4076E-03
  0.4121E-03
  0.4204E-03
  0.4370E-03
  0.4666E-03
  0.4698E-03
  0.4621E-03
  0.4646E-03
  0.4502E-03
  0.4305E-03
  0.4164E-03
  0.3876E-03
  0.3646E-03
  0.3942E-03
  0.4266E-03
  0.4058E-03
  0.4049E-03
  0.4361E-03
  0.4436E-03
  0.4551E-03
  0.4337E-03
  0.3806E-03
  0.3805E-03
  0.3649E-03
  0.3963E-03
  0.3834E-03
  0.3882E-03
  0.3744E-03
  0.3535E-03
  0.3858E-03
  0.4122E-03
  0.3906E-03
  0.3843E-03
  0.3600E-03
  0.3813E-03
  0.3955E-03
  0.4005E-03
  0.3734E-03
  0.3291E-03
  0.2997E-03
  0.3371E-03
  0.3851E-03
  0.4121E-03
  0.4342E-03
  0.4213E-03
  0.4129E-03
  0.4118E-03
  0.4129E-03
  0.3759E-03
  0.3713E-03
  0.3915E-03
  0.3990E-03
  0.4212E-03
  0.4445E-03
  0.4348E-03
  0.4013E-03
  0.3779E-03
  0.3958E-03
  0.4058E-03
  0.3894E-03
  0.3741E-03
  0.3717E-03
  0.3787E-03
  0.3326E-03
  0.3178E-03
  0.3388E-03
  0.3599E-03
  0.3231E-03
  0.3578E-03
  0.4177E-03
  0.4232E-03
  0.4117E-03
  0.4172E-03
  0.4263E-03
  0.4110E-03
  0.3976E-03
  0.3748E-03
  0.4009E-03
  0.4046E-03
  0.4050E-03
  0.4085E-03
  0.4050E-03
  0.4206E-03
  0.4213E-03
  0.4067E-03
  0.4177E-03
  0.4145E-03
  0.4133E-03
  0.4383E-03
  0.4833E-03
  0.4776E-03
  0.4716E-03
  0.4614E-03
  0.4294E-03
  0.3985E-03
  0.4038E-03
  0.4058E-03
  0.4022E-03
  0.4102E-03
  0.4165E-03
  0.4166E-03
  0.4338E-03
  0.4230E-03
  0.4258E-03
  0.4359E-03
  0.4214E-03
  0.3925E-03
  0.3573E-03
  0.3365E-03
  0.3345E-03
  0.3393E-03
  0.3309E-03
  0.3167E-03
  0.2916E-03
  0.2814E-03
  0.2752E-03
  0.2618E-03
  0.2778E-03
  0.3043E-03
  0.3205E-03
  0.3172E-03
  0.2873E-03
  0.2750E-03
  0.2950E-03
  0.3387E-03
  0.3640E-03
  0.3552E-03
  0.3398E-03
  0.3178E-03
  0.2970E-03
  0.2808E-03
  0.3112E-03
  0.3013E-03
  0.2836E-03
  0.2692E-03
  0.2826E-03
  0.3260E-03
  0.3543E-03
  0.3582E-03
  0.3311E-03
  0.2976E-03
  0.2797E-03
  0.2485E-03
  0.2287E-03
  0.2516E-03
  0.2840E-03
  0.2992E-03
  0.3041E-03
  0.2816E-03
  0.2556E-03
  0.2972E-03
  0.3200E-03
  0.3171E-03
  0.3024E-03
  0.2976E-03
  0.2984E-03
  0.2940E-03
  0.2853E-03
  0.2859E-03
  0.2798E-03
  0.2975E-03
  0.3276E-03
  0.3387E-03
  0.3378E-03
  0.3338E-03
  0.3026E-03
  0.2597E-03
  0.2097E-03
  0.2119E-03
  0.2098E-03
  0.2123E-03
  0.2215E-03
  0.2498E-03
  0.2675E-03
  0.2731E-03
  0.2634E-03
  0.2801E-03
  0.2732E-03
  0.2669E-03
  0.2727E-03
  0.2681E-03
  0.2418E-03
  0.2472E-03
  0.2516E-03
  0.2358E-03
  0.2178E-03
  0.2537E-03
  0.2706E-03
  0.2747E-03
  0.2580E-03
  0.2669E-03
  0.2650E-03
  0.2448E-03
  0.2500E-03
  0.2580E-03
  0.2768E-03
  0.2732E-03
  0.2640E-03
  0.2502E-03
  0.2236E-03
  0.1971E-03
  0.1698E-03
  0.1675E-03
  0.1918E-03
  0.2041E-03
  0.2034E-03
  0.1923E-03
  0.1760E-03
  0.1823E-03
  0.1585E-03
  0.1630E-03
  0.1991E-03
  0.2105E-03
  0.2052E-03
  0.2249E-03
  0.2182E-03
  0.1918E-03
  0.1721E-03
  0.1783E-03
  0.2091E-03
  0.2425E-03
  0.2489E-03
  0.2221E-03
  0.1974E-03
  0.1823E-03
  0.1824E-03
  0.2024E-03
  0.2431E-03
  0.2459E-03
  0.2403E-03
  0.2424E-03
  0.2426E-03
  0.2366E-03
  0.2187E-03
  0.2025E-03
  0.2348E-03
  0.2306E-03
  0.2198E-03
  0.2150E-03
  0.2243E-03
  0.2400E-03
  0.2502E-03
  0.2356E-03
  0.2111E-03
  0.2128E-03
  0.2224E-03
  0.2399E-03
  0.2437E-03
  0.2466E-03
  0.2536E-03
  0.2604E-03
  0.2607E-03
  0.2592E-03
  0.2659E-03
  0.2724E-03
  0.2623E-03
  0.2603E-03
  0.2399E-03
  0.2192E-03
  0.1996E-03
  0.1819E-03
  0.1713E-03
  0.1622E-03
  0.1538E-03
  0.1258E-03
  0.1063E-03
  0.1153E-03
  0.1307E-03
  0.1378E-03
  0.1457E-03
  0.1502E-03
  0.1332E-03
  0.1302E-03
  0.1280E-03
  0.1208E-03
  0.1093E-03
  0.9366E-04
  0.7394E-04
  0.5676E-04
  0.4506E-04
  0.4771E-04
  0.6098E-04
  0.7797E-04
  0.9372E-04
  0.1032E-03
  0.1114E-03
  0.1207E-03
  0.1202E-03
  0.1186E-03
  0.1280E-03
  0.1305E-03
  0.1265E-03
  0.1215E-03
  0.1208E-03
  0.1204E-03
  0.1151E-03
  0.1085E-03
  0.1009E-03
  0.9224E-04
  0.8143E-04
  0.7072E-04
  0.6211E-04
  0.5046E-04
  0.4098E-04
  0.3597E-04
  0.3396E-04
  0.3307E-04
  0.3265E-04
  0.3535E-04
  0.3956E-04
  0.4618E-04
  0.5460E-04
  0.6305E-04
  0.6938E-04
  0.7233E-04
  0.7487E-04
  0.8008E-04
  0.8935E-04
  0.1000E-03
  0.1062E-03
  0.1090E-03
  0.1078E-03
  0.1057E-03
  0.1112E-03
  0.1065E-03
  0.1028E-03
  0.1027E-03
  0.9830E-04
  0.7474E-04
  0.7413E-04
  0.7409E-04
  0.6690E-04
  0.5593E-04
  0.5481E-04
  0.5506E-04
  0.5621E-04
  0.5818E-04
  0.6109E-04
  0.6692E-04
  0.7541E-04
  0.8464E-04
  0.9344E-04
  0.9960E-04
  0.8813E-04
  0.8032E-04
  0.7795E-04
  0.7530E-04
  0.6850E-04
  0.7509E-04
  0.8487E-04
  0.9297E-04
  0.1059E-03
  0.1078E-03
  0.1079E-03
  0.1103E-03
  0.1147E-03
  0.1182E-03
  0.1187E-03
  0.1146E-03
  0.1053E-03
  0.9750E-04
  0.9949E-04
  0.1029E-03
  0.1007E-03
  0.9925E-04
  0.1047E-03
  0.1085E-03
  0.1064E-03
  0.1087E-03
  0.1054E-03
  0.1041E-03
  0.1094E-03
  0.1152E-03
  0.1081E-03
  0.1013E-03
  0.1034E-03
  0.1061E-03
  0.1071E-03
  0.1067E-03
  0.1061E-03
  0.1121E-03
  0.1145E-03
  0.1156E-03
  0.1181E-03
  0.1122E-03
  0.1047E-03
  0.9801E-04
  0.9443E-04
  0.9959E-04
  0.1089E-03
  0.1157E-03
  0.1059E-03
  0.1032E-03
  0.9779E-04
  0.8267E-04
  0.6949E-04
  0.5504E-04
  0.4354E-04
  0.4235E-04
  0.4207E-04
  0.4384E-04
  0.4701E-04
  0.4650E-04
  0.4599E-04
  0.4472E-04
  0.4139E-04
  0.3898E-04
  0.3561E-04
  0.3254E-04
  0.3607E-04
  0.3528E-04
  0.3366E-04
  0.3613E-04
  0.4026E-04
  0.3997E-04
  0.3469E-04
  0.3379E-04
  0.3836E-04
  0.4393E-04
  0.4379E-04
  0.4884E-04
  0.5344E-04
  0.5294E-04
  0.4646E-04
  0.4555E-04
  0.5191E-04
  0.5920E-04
  0.5872E-04
  0.5280E-04
  0.4594E-04
  0.4810E-04
  0.5199E-04
  0.5142E-04
  0.5003E-04
  0.4806E-04
  0.4524E-04
  0.4043E-04
  0.3641E-04
  0.3429E-04
  0.3566E-04
  0.3484E-04
  0.3253E-04
  0.3229E-04
  0.3158E-04
  0.2979E-04
  0.2590E-04
  0.2393E-04
  0.2314E-04
  0.2286E-04
  0.2285E-04
  0.2264E-04
  0.2178E-04
  0.2123E-04
  0.2072E-04
  0.2011E-04
  0.2008E-04
  0.2000E-04
  0.1936E-04
  0.1707E-04
  0.1558E-04
  0.1636E-04
  0.1552E-04
  0.1504E-04
  0.1609E-04
  0.1588E-04
  0.1542E-04
  0.1531E-04
  0.1601E-04
  0.1723E-04
  0.1895E-04
  0.2051E-04
  0.2091E-04
  0.1883E-04
  0.2005E-04
  0.2180E-04
  0.2102E-04
  0.2193E-04
  0.2326E-04
  0.2282E-04
  0.2243E-04
  0.2172E-04
  0.1905E-04
  0.1642E-04
  0.1437E-04
  0.1447E-04
  0.1516E-04
  0.1597E-04
  0.1514E-04
  0.1526E-04
  0.1765E-04
  0.1849E-04
  0.1905E-04
  0.2029E-04
  0.2011E-04
  0.1943E-04
  0.1985E-04
  0.1990E-04
  0.1950E-04
  0.1879E-04
  0.1809E-04
  0.1748E-04
  0.1701E-04
  0.1693E-04
  0.1773E-04
  0.1800E-04
  0.1796E-04
  0.1799E-04
  0.1804E-04
  0.1817E-04
  0.1901E-04
  0.1991E-04
  0.2058E-04
  0.2159E-04
  0.2285E-04
  0.2437E-04
  0.2442E-04
  0.2314E-04
  0.2364E-04
  0.2394E-04
  0.2284E-04
  0.2299E-04
  0.2392E-04
  0.2513E-04
  0.2595E-04
  0.2615E-04
  0.2573E-04
  0.2520E-04
  0.2497E-04
  0.2515E-04
  0.2548E-04
  0.2429E-04
  0.2275E-04
  0.2119E-04
  0.1899E-04
  0.1658E-04
  0.1507E-04
  0.1473E-04
  0.1610E-04
  0.1550E-04
  0.1429E-04
  0.1485E-04
  0.1589E-04
  0.1718E-04
  0.1663E-04
  0.1547E-04
  0.1522E-04
  0.1538E-04
  0.1599E-04
  0.1767E-04
  0.1926E-04
  0.1820E-04
  0.1743E-04
  0.1757E-04
  0.1723E-04
  0.1643E-04
  0.1443E-04
  0.1354E-04
  0.1496E-04
  0.1707E-04
  0.1915E-04
  0.1846E-04
  0.1773E-04
  0.1824E-04
  0.1906E-04
  0.1991E-04
  0.1889E-04
  0.1763E-04
  0.1733E-04
  0.1782E-04
  0.1912E-04
  0.1828E-04
  0.1689E-04
  0.1785E-04
  0.1900E-04
  0.1982E-04
  0.1986E-04
  0.1931E-04
  0.1887E-04
  0.1813E-04
  0.1606E-04
  0.1445E-04
  0.1382E-04
  0.1310E-04
  0.1255E-04
  0.1420E-04
  0.1565E-04
  0.1456E-04
  0.1429E-04
  0.1552E-04
  0.1639E-04
  0.1690E-04
  0.1610E-04
  0.1557E-04
  0.1722E-04
  0.1790E-04
  0.1668E-04
  0.1701E-04
  0.1836E-04
  0.1901E-04
  0.1905E-04
  0.1715E-04
  0.1607E-04
  0.1738E-04
  0.1821E-04
  0.1839E-04
  0.1682E-04
  0.1470E-04
  0.1477E-04
  0.1560E-04
  0.1750E-04
  0.1918E-04
  0.2030E-04
  0.1933E-04
  0.1664E-04
  0.1563E-04
  0.1528E-04
  0.1446E-04
  0.1396E-04
  0.1515E-04
  0.1608E-04
  0.1608E-04
  0.1591E-04
  0.1560E-04
  0.1583E-04
  0.1630E-04
  0.1625E-04
  0.1618E-04
  0.1701E-04
  0.1782E-04
  0.1810E-04
  0.1765E-04
  0.1595E-04
  0.1468E-04
  0.1389E-04
  0.1303E-04
  0.1215E-04
  0.1158E-04
  0.1112E-04
  0.1070E-04
  0.1041E-04
  0.1062E-04
  0.1093E-04
  0.1131E-04
  0.1208E-04
  0.1351E-04
  0.1419E-04
  0.1410E-04
  0.1481E-04
  0.1602E-04
  0.1645E-04
  0.1657E-04
  0.1696E-04
  0.1739E-04
  0.1757E-04
  0.1789E-04
  0.1905E-04
  0.2000E-04
  0.1998E-04
  0.1960E-04
  0.1857E-04
  0.1825E-04
  0.1903E-04
  0.1959E-04
  0.1990E-04
  0.2075E-04
  0.2200E-04
  0.2258E-04
  0.2271E-04
  0.2097E-04
  0.1856E-04
  0.1784E-04
  0.1759E-04
  0.1671E-04
  0.1580E-04
  0.1571E-04
  0.1577E-04
  0.1581E-04
  0.1573E-04
  0.1514E-04
  0.1420E-04
  0.1225E-04
  0.1102E-04
  0.1211E-04
  0.1275E-04
  0.1196E-04
  0.1134E-04
  0.1118E-04
  0.1141E-04
  0.1232E-04
  0.1352E-04
  0.1517E-04
  0.1628E-04
  0.1661E-04
  0.1608E-04
  0.1444E-04
  0.1415E-04
  0.1545E-04
  0.1540E-04
  0.1388E-04
  0.1382E-04
  0.1527E-04
  0.1535E-04
  0.1407E-04
  0.1331E-04
  0.1303E-04
  0.1307E-04
  0.1339E-04
  0.1363E-04
  0.1378E-04
  0.1408E-04
  0.1452E-04
  0.1403E-04
  0.1256E-04
  0.1146E-04
  0.1076E-04
  0.1016E-04
  0.9686E-05
  0.9583E-05
  0.9970E-05
  0.9930E-05
  0.9267E-05
  0.8691E-05
  0.8268E-05
  0.8361E-05
  0.9422E-05
  0.1026E-04
  0.1057E-04
  0.1066E-04
  0.1021E-04
  0.9743E-05
  0.9273E-05
  0.9119E-05
  0.1013E-04
  0.1110E-04
  0.1134E-04
  0.1147E-04
  0.1152E-04
  0.1156E-04
  0.1158E-04
  0.1159E-04
  0.1162E-04
  0.1167E-04
  0.1219E-04
  0.1286E-04
  0.1274E-04
  0.1222E-04
  0.1140E-04
  0.1037E-04
  0.9804E-05
  0.9672E-05
  0.9555E-05
  0.9459E-05
  0.9277E-05
  0.8926E-05
  0.8781E-05
  0.9239E-05
  0.9596E-05
  0.9366E-05
  0.9001E-05
  0.8186E-05
  0.7440E-05
  0.8434E-05
  0.9896E-05
  0.1057E-04
  0.1090E-04
  0.1118E-04
  0.1142E-04
  0.1108E-04
  0.1008E-04
  0.9610E-05
  0.1016E-04
  0.1034E-04
  0.9226E-05
  0.8289E-05
  0.8836E-05
  0.9549E-05
  0.9567E-05
  0.9397E-05
  0.9282E-05
  0.9194E-05
  0.8748E-05
  0.7996E-05
  0.7605E-05
  0.7803E-05
  0.7868E-05
  0.7520E-05
  0.7194E-05
  0.7148E-05
  0.7120E-05
  0.6743E-05
  0.6262E-05
  0.6107E-05
  0.6147E-05
  0.6043E-05
  0.5760E-05
  0.5505E-05
  0.5321E-05
  0.5162E-05
  0.5118E-05
  0.5090E-05
  0.5069E-05
  0.5052E-05
  0.5072E-05
  0.5116E-05
  0.5128E-05
  0.5091E-05
  0.5048E-05
  0.4986E-05
  0.4921E-05
  0.4844E-05
  0.4766E-05
  0.4705E-05
  0.4652E-05
  0.4614E-05
  0.4593E-05
  0.4558E-05
  0.4480E-05
  0.4412E-05
  0.4430E-05
  0.4465E-05
  0.4484E-05
  0.4497E-05
  0.4520E-05
  0.4559E-05
  0.4592E-05
  0.4612E-05
  0.4627E-05
  0.4608E-05
  0.4582E-05
  0.4573E-05
  0.4576E-05
  0.4562E-05
  0.4518E-05
  0.4486E-05
  0.4525E-05
  0.4566E-05
  0.4443E-05
  0.4253E-05
  0.4162E-05
  0.4193E-05
  0.4205E-05
  0.4154E-05
  0.4101E-05
  0.4108E-05
  0.4133E-05
  0.4145E-05
  0.4146E-05
  0.4131E-05
  0.4069E-05
  0.3997E-05
  0.3846E-05
  0.3674E-05
  0.3669E-05
  0.3806E-05
  0.3908E-05
  0.3909E-05
  0.3907E-05
  0.3947E-05
  0.3998E-05
  0.3982E-05
  0.3901E-05
  0.3844E-05
  0.3867E-05
  0.3892E-05
  0.3832E-05
  0.3742E-05
  0.3690E-05
  0.3689E-05
  0.3688E-05
  0.3691E-05
  0.3693E-05
  0.3664E-05
  0.3618E-05
  0.3580E-05
  0.3558E-05
  0.3536E-05
  0.3500E-05
  0.8651E-03
