 tauray
                          0.7694228585014042E-18
                          0.3522576769460762E-12
                          0.5215110331107485E-11
                          0.2571831693430644E-10
                          0.8021884151201139E-10
                          0.1943008539127599E-09
                          0.4007757298081587E-09
                          0.7396820506928837E-09
                          0.1258285603884679E-08
                          0.2011079382524359E-08
                          0.3059783585575808E-08
                          0.4473345617825980E-08
                          0.6327940089884891E-08
                          0.8706968818185635E-08
                          0.1170106082498436E-07
                          0.1540807233836032E-07
                          0.1993308679221579E-07
                          0.2538841482627616E-07
                          0.3189359428608984E-07
                          0.3957539022302835E-07
                          0.4856779489428626E-07
                          0.5901202776288122E-07
                          0.7105653549765395E-07
                          0.8485699197326812E-07
                          0.1005762982702108E-06
                          0.1183845826747918E-06
                          0.1384592006791440E-06
                          0.1609847349812236E-06
                          0.1861529954848097E-06
                          0.2141630192995044E-06
                          0.2452210707407331E-06
                          0.2795406413297442E-06
                          0.3173424497936088E-06
                          0.3588544420652215E-06
                          0.4043117912833001E-06
                          0.4539568977923850E-06
                          0.5080393891428395E-06
                          0.5668161200908512E-06
                          0.6305511725984297E-06
                          0.6995158558334071E-06
                          0.7739887061694401E-06
                          0.8542554871860074E-06
                          0.9406091896684119E-06
                          0.1033350031607777E-05
                          0.1132785458201053E-05
                          0.1239230141851009E-05
                          0.1353005982166242E-05
                          0.1474442105961167E-05
                          0.1603874867256026E-05
                          0.1741647847276882E-05
                          0.1888111854455622E-05
                          0.2043624924429956E-05
                          0.2208552320043414E-05
                          0.2383266531345358E-05
                          0.2568147275590959E-05
                          0.2763581497241225E-05
                          0.2969963367962979E-05
                          0.3187694286628869E-05
                          0.3417182879317367E-05
                          0.3658844999312764E-05
                          0.3913103727105186E-05
                          0.4180389370390560E-05
                          0.4461139464070661E-05
                          0.4755798770253071E-05
                          0.5064819278251205E-05
                          0.5388660204584282E-05
                          0.5727787992977372E-05
                          0.6082676314361346E-05
                          0.6453806066872906E-05
                          0.6841665375854583E-05
                          0.7246749593854720E-05
                          0.7669561300627494E-05
                          0.8110610303132889E-05
                          0.8570413635536727E-05
                          0.9049495559210654E-05
                          0.9548387562732125E-05
                          0.1006762836188443E-04
                          0.1060776389965668E-04
                          0.1116934734624380E-04
                          0.1175293909904657E-04
                          0.1235910678267152E-04
                          0.1298842524893110E-04
                          0.1364147657684353E-04
                          0.1431885007263283E-04
                          0.1502114226972890E-04
                          0.1574895692876742E-04
                          0.1650290503758990E-04
                          0.1728360481124369E-04
                          0.1809168169198194E-04
                          0.1892776834926366E-04
                          0.1979250467975365E-04
                          0.2068653780732254E-04
                          0.2161052208304679E-04
                          0.2256511908520865E-04
                          0.2355099761929625E-04
                          0.2456883371800353E-04
                          0.2561931064123020E-04
                          0.2670311887608184E-04
                          0.2782095613686988E-04
                          0.2897352736511149E-04
                          0.3016154472952975E-04
                          0.3138572762605349E-04
                          0.3264680267781741E-04
                          0.3394550373516202E-04
                          0.3528257187563365E-04
                          0.3665875540398446E-04
                          0.3807480985217243E-04
                          0.3953149797936133E-04
                          0.4102958977192081E-04
                          0.4256986244342639E-04
                          0.4415310043465922E-04
                          0.4578009541360642E-04
                          0.4745164627546097E-04
                          0.4916855914262153E-04
                          0.5093164736469275E-04
                          0.5274173151848496E-04
                          0.5459963940801433E-04
                          0.5650620606450303E-04
                          0.5846227374637875E-04
                          0.6046869193927528E-04
                          0.6252631735603208E-04
                          0.6463601393669449E-04
                          0.6679865284851366E-04
                          0.6901511248594649E-04
                          0.7128627847065587E-04
                          0.7361304365151041E-04
                          0.7599630810458451E-04
                          0.7843697913315841E-04
                          0.8093597126771828E-04
                          0.8349420626595596E-04
                          0.8611261311276919E-04
                          0.8879212802026155E-04
                          0.9153369442774233E-04
                          0.9433826300172686E-04
                          0.9720679163593616E-04
                          0.1001402454512970E-03
                          0.1031395967959420E-03
                          0.1062058252452099E-03
                          0.1093399176016447E-03
                          0.1125428678949967E-03
                          0.1158156773822219E-03
                          0.1191593545474820E-03
                          0.1225749151021447E-03
                          0.1260633819847834E-03
                          0.1296257853611773E-03
                          0.1332631626243115E-03
                          0.1369765583943769E-03
                          0.1407670245187702E-03
                          0.1446356200720940E-03
                          0.1485834113561566E-03
                          0.1526114718999725E-03
                          0.1567208824597612E-03
                          0.1609127310189490E-03
                          0.1651881127881672E-03
                          0.1695481302052536E-03
                          0.1739938929352513E-03
                          0.1785265178704095E-03
                          0.1831471291301832E-03
                          0.1878568580612330E-03
                          0.1926568432374257E-03
                          0.1975482304598337E-03
                          0.2025321727567352E-03
                          0.2076098303836142E-03
                          0.2127823708231607E-03
                          0.2180509687852703E-03
                          0.2234168062070447E-03
                          0.2288810722527911E-03
                          0.2344449633140228E-03
                          0.2401096830094587E-03
                          0.2458764421850236E-03
                          0.2517464589138485E-03
                          0.2577209584962694E-03
                          0.2638011734598291E-03
                          0.2699883435592753E-03
                          0.2762837157765622E-03
                          0.2826885443208494E-03
                          0.2892040906285026E-03
                          0.2958316233630932E-03
                          0.3025724184153985E-03
                          0.3094277589034014E-03
                          0.3163989351722909E-03
                          0.3234872447944617E-03
                          0.3306939925695146E-03
                          0.3380204905242552E-03
                          0.3454680579126962E-03
                          0.3530380212160560E-03
                          0.3607317141427576E-03
                          0.3685504776284310E-03
                          0.3764956598359117E-03
                          0.3845686161552413E-03
                          0.3927707092036665E-03
                          0.4011033088256400E-03
                          0.4095677920928211E-03
                          0.4181655433040742E-03
                          0.4268979539854700E-03
                          0.4357664228902841E-03
                          0.4447723559989990E-03
                          0.4539171665193022E-03
                          0.4632022748860879E-03
                          0.4726291087614556E-03
                          0.4821991030347101E-03
                          0.4919136998223633E-03
                          0.5017743484681315E-03
                          0.5117825055429379E-03
                          0.5219396348449109E-03
                          0.5322472073993849E-03
                          0.5427067014589007E-03
                          0.5533196025032045E-03
                          0.5640874032392474E-03
                          0.5750116036011873E-03
                          0.5860937107503884E-03
                          0.5973352390754203E-03
                          0.6087377101920573E-03
                          0.6203026529432808E-03
                          0.6320316033992773E-03
                          0.6439261048574406E-03
                          0.6559877078423683E-03
                          0.6682179701058648E-03
                          0.6806184566269405E-03
                          0.6931907396118114E-03
                          0.7059363984938989E-03
                          0.7188570199338306E-03
                          0.7319541978194415E-03
                          0.7452295332657692E-03
                          0.7586846346150593E-03
                          0.7723211174367625E-03
                          0.7861406045275358E-03
                          0.8001447259112418E-03
                          0.8143351188389485E-03
                          0.8287134277889308E-03
                          0.8432813044666682E-03
                          0.8580404078048469E-03
                          0.8729924039633584E-03
                          0.8881389663293001E-03
                          0.9034817755169756E-03
                          0.9190225193678939E-03
                          0.9347628929507696E-03
                          0.9507045985615244E-03
                          0.9668493457232843E-03
                          0.9831988511863818E-03
                          0.9997548389283550E-03
                          0.1016519040153949E-02
                          0.1033493193295112E-02
                          0.1050679044011002E-02
                          0.1068078345187977E-02
                          0.1085692856939608E-02
                          0.1103524346606667E-02
                          0.1121574588757134E-02
                          0.1139845365186190E-02
                          0.1158338464916230E-02
                          0.1177055684196848E-02
                          0.1195998826504849E-02
                          0.1215169702544238E-02
                          0.1234570130246231E-02
                          0.1254201934769246E-02
                          0.1274066948498911E-02
                          0.1294167011048055E-02
                          0.1314503969256718E-02
                          0.1335079677192140E-02
                          0.1355895996148772E-02
                          0.1376954794648268E-02
                          0.1398257948439489E-02
                          0.1419807340498501E-02
                          0.1441604861028577E-02
                          0.1463652407460193E-02
                          0.1485951884451036E-02
                          0.1508505203885993E-02
                          0.1531314284877160E-02
                          0.1554381053763838E-02
                          0.1577707444112536E-02
                          0.1601295396716965E-02
                          0.1625146859598045E-02
                          0.1649263788003899E-02
                          0.1673648144409859E-02
                          0.1698301898518463E-02
                          0.1723227027259449E-02
                          0.1748425514789766E-02
                          0.1773899352493571E-02
                          0.1799650538982219E-02
                          0.1825681080094278E-02
                          0.1851992988895519E-02
                          0.1878588285678919E-02
                          0.1905468997964659E-02
                          0.1932637160500130E-02
                          0.1960094815259926E-02
                          0.1987844011445846E-02
                          0.2015886805486897E-02
                          0.2044225261039292E-02
                          0.2072861448986449E-02
                          0.2101797447438988E-02
                          0.2131035341734742E-02
                          0.2160577224438745E-02
                          0.2190425195343238E-02
                          0.2220581361467668E-02
                          0.2251047837058688E-02
                          0.2281826743590156E-02
                          0.2312920209763137E-02
                          0.2344330371505900E-02
                          0.2376059371973923E-02
                          0.2408109361549886E-02
                          0.2440482497843677E-02
                          0.2473180945692390E-02
                          0.2506206877160324E-02
                          0.2539562471538985E-02
                          0.2573249915347083E-02
                          0.2607271402330535E-02
                          0.2641629133462462E-02
                          0.2676325316943195E-02
                          0.2711362168200268E-02
                          0.2746741909888420E-02
                          0.2782466771889598E-02
                          0.2818538991312950E-02
                          0.2854960812494838E-02
                          0.2891734486998824E-02
                          0.2928862273615677E-02
                          0.2966346438363372E-02
                          0.3004189254487089E-02
                          0.3042393002459215E-02
                          0.3080959969979345E-02
                          0.3119892451974272E-02
                          0.3159192750598006E-02
                          0.3198863175231752E-02
                          0.3238906042483931E-02
                          0.3279323676190157E-02
                          0.3320118407413265E-02
                          0.3361292574443285E-02
                          0.3402848522797458E-02
                          0.3444788605220223E-02
                          0.3487115181683237E-02
                          0.3529830619385357E-02
                          0.3572937292752641E-02
                          0.3616437583438359E-02
                          0.3660333880322986E-02
                          0.3704628579514197E-02
                          0.3749324084346887E-02
                          0.3794422805383138E-02
                          0.3839927160412254E-02
                          0.3885839574450731E-02
                          0.3932162479742285E-02
                          0.3978898315757829E-02
                          0.4026049529195479E-02
                          0.4073618573980566E-02
                          0.4121607911265622E-02
                          0.4170020009430384E-02
                          0.4218857344081795E-02
                          0.4268122398054006E-02
                          0.4317817661408371E-02
                          0.4367945631433457E-02
                          0.4418508812645022E-02
                          0.4469509716786046E-02
                          0.4520950862826702E-02
                          0.4572834776964381E-02
                          0.4625163992623671E-02
                          0.4677941050456371E-02
                          0.4731168498341473E-02
                          0.4784848891385197E-02
                          0.4838984791920948E-02
                          0.4893578769509352E-02
                          0.4948633400938231E-02
                          0.5004151270222617E-02
                          0.5060134968604744E-02
                          0.5116587094554060E-02
                          0.5173510253767211E-02
                          0.5230907059168051E-02
                          0.5288780130907641E-02
                          0.5347132096364249E-02
                          0.5405965590143345E-02
                          0.5465283254077608E-02
                          0.5525087737226919E-02
                          0.5585381695878367E-02
                          0.5646167793546257E-02
                          0.5707448700972077E-02
                          0.5769227096124542E-02
                          0.5831505664199558E-02
                          0.5894287097620253E-02
                          0.5957574096036942E-02
                          0.6021369366327157E-02
                          0.6085675622595644E-02
                          0.6150495586174332E-02
                          0.6215831985622379E-02
                          0.6281687556726129E-02
                          0.6348065042499145E-02
                          0.6414967193182197E-02
                          0.6482396766243248E-02
                          0.6550356526377478E-02
                          0.6618849245507273E-02
                          0.6687877702782215E-02
                          0.6757444684579110E-02
                          0.6827552984501941E-02
                          0.6898205403381928E-02
                          0.6969404749277480E-02
                          0.7041153837474206E-02
                          0.7113455490484943E-02
                          0.7186312538049706E-02
                          0.7259727817135737E-02
                          0.7333704171937481E-02
                          0.7408244453876576E-02
                          0.7483351521601885E-02
                          0.7559028240989454E-02
                          0.7635277485142559E-02
                          0.7712102134391657E-02
                          0.7789505076294435E-02
                          0.7867489205635771E-02
                          0.7946057424427749E-02
                          0.8025212641909670E-02
                          0.8104957774548029E-02
                          0.8185295746036525E-02
                          0.8266229487296077E-02
                          0.8347761936474803E-02
                          0.8429896038948007E-02
                          0.8512634747318249E-02
                          0.8595981021415237E-02
                          0.8679937828295913E-02
                          0.8764508142244432E-02
                          0.8849694944772148E-02
                          0.8935501224617609E-02
                          0.9021929977746580E-02
                          0.9108984207352035E-02
                          0.9196666923854147E-02
                          0.9284981144900291E-02
                          0.9373929895365056E-02
                          0.9463516207350238E-02
                          0.9553743120184831E-02
                          0.9644613680425044E-02
                          0.9736130941854281E-02
                          0.9828297965483153E-02
                          0.9921117819549503E-02
                          0.1001459357951833E-01
                          0.1010872832808188E-01
                          0.1020352515515960E-01
                          0.1029898715789813E-01
                          0.1039511744067130E-01
                          0.1049191911508020E-01
                          0.1058939529995307E-01
                          0.1068754912134539E-01
                          0.1078638371253982E-01
                          0.1088590221404625E-01
                          0.1098610777360176E-01
                          0.1108700354617065E-01
                          0.1118859269394440E-01
                          0.1129087838634173E-01
                          0.1139386380000854E-01
                          0.1149755211881795E-01
                          0.1160194653387028E-01
                          0.1170705024349305E-01
                          0.1181286645324099E-01
                          0.1191939837589605E-01
                          0.1202664923146736E-01
                          0.1213462224719128E-01
                          0.1224332065753136E-01
                          0.1235274770417837E-01
                          0.1246290663605026E-01
                          0.1257380070929222E-01
                          0.1268543318727662E-01
                          0.1279780734060305E-01
                          0.1291092644709828E-01
                          0.1302479379181633E-01
                          0.1313941266703840E-01
                          0.1325478637227289E-01
                          0.1337091821425540E-01
                          0.1348781150694878E-01
                          0.1360546957154304E-01
                          0.1372389573645540E-01
                          0.1384309333733031E-01
                          0.1396306571703942E-01
                          0.1408381622568156E-01
                          0.1420534822058279E-01
                          0.1432766506629637E-01
                          0.1445077013460278E-01
                          0.1457466680450967E-01
                          0.1469935846225194E-01
                          0.1482484850129164E-01
                          0.1495114032231809E-01
                          0.1507823733324779E-01
                          0.1520614294922441E-01
                          0.1533486059261888E-01
                          0.1546439369302931E-01
                          0.1559474568728100E-01
                          0.1572592001942650E-01
                          0.1585792014074553E-01
                          0.1599074950974501E-01
                          0.1612441159215911E-01
                          0.1625890986094916E-01
                          0.1639424779630371E-01
                          0.1653042888563852E-01
                          0.1666745662359656E-01
                          0.1680533451204802E-01
                          0.1694406606009024E-01
                          0.1708365478404784E-01
                          0.1722410420747257E-01
                          0.1736541786114345E-01
                          0.1750759928306667E-01
                          0.1765065201847564E-01
                          0.1779457961983096E-01
                          0.1793938564682047E-01
                          0.1808507366635916E-01
                          0.1823164725258930E-01
                          0.1837910998688029E-01
                          0.1852746545782879E-01
                          0.1867671726125866E-01
                          0.1882686900022090E-01
                          0.1897792428499381E-01
                          0.1912988673308285E-01
                          0.1928275996922069E-01
                          0.1943654762536719E-01
                          0.1959125334070945E-01
                          0.1974688076166174E-01
                          0.1990343354186557E-01
                          0.2006091534218962E-01
                          0.2021932983072982E-01
                          0.2037868068280924E-01
                          0.2053897158097825E-01
                          0.2070020621501434E-01
                          0.2086238828192223E-01
                          0.2102552148593387E-01
                          0.2118960953850839E-01
                          0.2135465615833216E-01
                          0.2152066507131870E-01
                          0.2168764001060878E-01
                          0.2185558471657037E-01
                          0.2202450293679861E-01
                          0.2219439842611591E-01
                          0.2236527494657185E-01
                          0.2253713626744317E-01
                          0.2270998616523392E-01
                          0.2288382842367526E-01
                          0.2305866683372562E-01
                          0.2323450519357058E-01
                          0.2341134730862298E-01
                          0.2358919699152283E-01
                          0.2376805806213736E-01
                          0.2394793434756098E-01
                          0.2412882968211537E-01
                          0.2431074790734937E-01
                          0.2449369287203898E-01
                          0.2467766843218753E-01
                          0.2486267845102540E-01
                          0.2504872679901032E-01
                          0.2523581735382715E-01
                          0.2542395400038796E-01
                          0.2561314063083204E-01
                          0.2580338114452587E-01
                          0.2599467944806317E-01
                          0.2618703945526482E-01
                          0.2638046508717894E-01
                          0.2657496027208082E-01
                          0.2677052894547303E-01
                          0.2696717505008527E-01
                          0.2716490253587445E-01
                          0.2736371536002476E-01
                          0.2756361748694749E-01
                          0.2776461288828120E-01
                          0.2796670554289166E-01
                          0.2816989943687183E-01
                          0.2837419856354188E-01
                          0.2857960692344916E-01
                          0.2878612852436828E-01
                          0.2899376738130099E-01
                          0.2920252751647631E-01
                          0.2941241295935043E-01
                          0.2962342774660671E-01
                          0.2983557592215582E-01
                          0.3004886153713554E-01
                          0.3026328864991091E-01
                          0.3047886132607413E-01
                          0.3069558363844464E-01
                          0.3091345966706907E-01
                          0.3113249349922128E-01
                          0.3135268922940229E-01
                          0.3157405095934039E-01
                          0.3179658279799105E-01
                          0.3202028886153685E-01
                          0.3224517327338775E-01
                          0.3247124016418078E-01
                          0.3269849367178025E-01
                          0.3292693794127765E-01
                          0.3315657712499167E-01
                          0.3338741538246817E-01
                          0.3361945688048029E-01
                          0.3385270579302838E-01
                          0.3408716630133992E-01
                          0.3432284259386961E-01
                          0.3455973886629940E-01
                          0.3479785932153847E-01
                          0.3503720816972308E-01
                          0.3527778962821682E-01
                          0.3551960792161046E-01
                          0.3576266728172196E-01
                          0.3600697194759642E-01
                          0.3625252616550628E-01
                          0.3649933418895109E-01
                          0.3674740027865765E-01
                          0.3699672870257992E-01
                          0.3724732373589910E-01
                          0.3749918966102361E-01
                          0.3775233076758902E-01
                          0.3800675135245817E-01
                          0.3826245571972106E-01
                          0.3851944818069494E-01
                          0.3877773305392423E-01
                          0.3903731466518054E-01
                          0.3929819734746275E-01
                          0.3956038544099685E-01
                          0.3982388329323614E-01
                          0.4008869525886108E-01
                          0.4035482569977927E-01
                          0.4062227898512567E-01
                          0.4089105949126230E-01
                          0.4116117160177844E-01
                          0.4143261970749059E-01
                          0.4170540820644245E-01
                          0.4197954150390491E-01
                          0.4225502401237608E-01
                          0.4253186015158126E-01
                          0.4281005434847299E-01
                          0.4308961103723094E-01
                          0.4337053465926208E-01
                          0.4365282966320054E-01
                          0.4393650050490765E-01
                          0.4422155164747200E-01
                          0.4450798756120925E-01
                          0.4479581272366241E-01
                          0.4508503161960167E-01
                          0.4537564874102439E-01
                          0.4566766858715506E-01
                          0.4596109566444555E-01
                          0.4625593448657481E-01
                          0.4655218957444905E-01
                          0.4684986545620168E-01
                          0.4714896666719326E-01
                          0.4744949775001161E-01
                          0.4775146325447178E-01
                          0.4805486773761595E-01
                          0.4835971576371358E-01
                          0.4866601190426125E-01
                          0.4897376073798288E-01
                          0.4928296685082943E-01
                          0.4959363483597917E-01
                          0.4990576929383765E-01
                          0.5021937483203742E-01
                          0.5053445606543840E-01
                          0.5085101761612762E-01
                          0.5116906411341940E-01
                          0.5148860019385521E-01
                          0.5180963050120372E-01
                          0.5213215968646087E-01
                          0.5245619240784977E-01
                          0.5278173333082065E-01
                          0.5310878712805110E-01
                          0.5343735847944582E-01
                          0.5376745207213673E-01
                          0.5409907260048290E-01
                          0.5443222476607081E-01
                          0.5476691327771389E-01
                          0.5510314285145289E-01
                          0.5544091821055585E-01
                          0.5578024408551783E-01
                          0.5612112521406127E-01
                          0.5646356634113566E-01
                          0.5680757221891793E-01
                          0.5715314760681190E-01
                          0.5750029727144883E-01
                          0.5784902598668713E-01
                          0.5819933853361239E-01
                          0.5855123970053743E-01
                          0.5890473428300219E-01
                          0.5925982708377395E-01
                          0.5961652291284716E-01
                          0.5997482658744342E-01
                          0.6033474293201153E-01
                          0.6069627677822759E-01
                          0.6105943296499483E-01
                          0.6142421633844367E-01
                          0.6179063175193183E-01
                          0.6215868406604412E-01
                          0.6252837814859269E-01
                          0.6289971887461666E-01
                          0.6327271112638265E-01
                          0.6364735979338437E-01
                          0.6402366977234261E-01
                          0.6440164596720557E-01
                          0.6478129328914846E-01
                          0.6516261665657382E-01
                          0.6554562099511142E-01
                          0.6593031123761815E-01
                          0.6631669232417814E-01
                          0.6670476920210269E-01
                          0.6709454682593041E-01
                          0.6748603015742700E-01
                          0.6787922416558544E-01
                          0.6827413382662585E-01
                          0.6867076412399564E-01
                          0.6906912004836935E-01
                          0.6946920659764876E-01
                          0.6987102877696282E-01
                          0.7027459159866778E-01
                          0.7067990008234705E-01
                          0.7108695925481116E-01
                          0.7149577415009792E-01
                          0.7190634980947236E-01
                          0.7231869128142676E-01
                          0.7273280362168040E-01
                          0.7314869189318007E-01
                          0.7356636116609948E-01
                          0.7398581651783971E-01
                          0.7440706303302905E-01
                          0.7483010580352284E-01
                          0.7525494992840386E-01
                          0.7568160051398197E-01
                          0.7611006267379412E-01
                          0.7654034152860474E-01
                          0.7697244220640516E-01
                          0.7740636984241414E-01
                          0.7784212957907762E-01
                          0.7827972656606860E-01
                          0.7871916596028744E-01
                          0.7916045292586163E-01
                          0.7960359263414597E-01
                          0.8004859026372223E-01
                          0.8049545100039966E-01
                          0.8094418003721454E-01
                          0.8139478257443039E-01
                          0.8184726381953801E-01
                          0.8230162898725532E-01
                          0.8275788329952753E-01
                          0.8321603198552688E-01
                          0.8367608028165306E-01
                          0.8413803343153274E-01
                          0.8460189668602001E-01
                          0.8506767530319603E-01
                          0.8553537454836910E-01
                          0.8600499969407496E-01
                          0.8647655602007624E-01
                          0.8695004881336307E-01
                          0.8742548336815271E-01
                          0.8790286498588942E-01
                          0.8838219897524499E-01
                          0.8886349065211810E-01
                          0.8934674533963495E-01
                          0.8983196836814866E-01
                          0.9031916507523975E-01
                          0.9080834080571580E-01
                          0.9129950091161167E-01
                          0.9179265075218954E-01
                          0.9228779569393863E-01
                          0.9278494111057538E-01
                          0.9328409238304357E-01
                          0.9378525489951389E-01
                          0.9428843405538472E-01
                          0.9479363525328109E-01
                          0.9530086390305570E-01
                          0.9581012542178816E-01
                          0.9632142523378538E-01
                          0.9683476877058161E-01
                          0.9735016147093813E-01
                          0.9786760878084333E-01
                          0.9838711615351312E-01
                          0.9890868904939037E-01
                          0.9943233293614534E-01
                          0.9995805328867527E-01
                          0.1004858555891047E+00
                          0.1010157453267855E+00
                          0.1015477279982967E+00
                          0.1020818091074443E+00
                          0.1026179941652619E+00
                          0.1031562886900100E+00
                          0.1036966982071763E+00
                          0.1042392282494759E+00
                          0.1047838843568511E+00
                          0.1053306720764711E+00
                          0.1058795969627327E+00
                          0.1064306645772597E+00
                          0.1069838804889031E+00
                          0.1075392502737412E+00
                          0.1080967795150794E+00
                          0.1086564738034503E+00
                          0.1092183387366140E+00
                          0.1097823799195572E+00
                          0.1103486029644944E+00
                          0.1109170134908670E+00
                          0.1114876171253438E+00
                          0.1120604195018206E+00
                          0.1126354262614204E+00
                          0.1132126430524937E+00
                          0.1137920755306178E+00
                          0.1143737293585976E+00
                          0.1149576102064650E+00
                          0.1155437237514789E+00
                          0.1161320756781260E+00
                          0.1167226716781194E+00
                          0.1173155174504002E+00
                          0.1179106187011362E+00
                          0.1185079811437226E+00
                          0.1191076104987816E+00
                          0.1197095124941630E+00
                          0.1203136928649434E+00
                          0.1209201573534268E+00
                          0.1215289117091445E+00
                          0.1221399616888548E+00
                          0.1227533130565432E+00
                          0.1233689715834227E+00
                          0.1239869430479332E+00
                          0.1246072332357418E+00
                          0.1252298479397430E+00
                          0.1258547929600586E+00
                          0.1264820741040372E+00
                          0.1271116971862550E+00
                          0.1277436680285150E+00
                          0.1283779924598480E+00
                          0.1290146763165113E+00
                          0.1296537254419899E+00
                          0.1302951456869959E+00
                          0.1309389429094685E+00
                          0.1315851229745744E+00
                          0.1322336917547070E+00
                          0.1328846551294872E+00
                          0.1335380189857631E+00
                          0.1341937892176103E+00
                          0.1348519717263309E+00
                          0.1355125724204549E+00
                          0.1361755972157390E+00
                          0.1368410520351675E+00
                          0.1375089428089516E+00
                          0.1381792754745299E+00
                          0.1388520559765681E+00
                          0.1395272902669592E+00
                          0.1402049843048233E+00
                          0.1408851440565078E+00
                          0.1415677754955873E+00
                          0.1422528846028634E+00
                          0.1429404773663652E+00
                          0.1436305597813489E+00
                          0.1443231378502977E+00
                          0.1450182175829225E+00
                          0.1457158049961608E+00
                          0.1464159061141779E+00
                          0.1471185269683657E+00
                          0.1478236735973439E+00
                          0.1485313520469588E+00
                          0.1492415683702846E+00
                          0.1499543286276221E+00
                          0.1506696388864994E+00
                          0.1513875052216722E+00
                          0.1521079337151232E+00
                          0.1528309304560619E+00
                          0.1535565015409256E+00
                          0.1542846530733788E+00
                          0.1550153911643125E+00
                          0.1557487219318458E+00
                          0.1564846515013242E+00
                          0.1572231860053211E+00
                          0.1579643315836366E+00
                          0.1587080943832983E+00
                          0.1594544805585609E+00
                          0.1602034962709064E+00
                          0.1609551476890436E+00
                          0.1617094409889092E+00
                          0.1624663823536665E+00
                          0.1632259779737064E+00
                          0.1639882340466466E+00
                          0.1647531567773324E+00
                          0.1655207523778364E+00
                          0.1662910270674578E+00
                          0.1670639870727234E+00
                          0.1678396386273874E+00
                          0.1686179879724307E+00
                          0.1693990413560617E+00
                          0.1701828050337164E+00
                          0.1709692852680571E+00
                          0.1717584883289741E+00
                          0.1725504204935844E+00
                          0.1733450880462326E+00
                          0.1741424972784903E+00
                          0.1749426544891562E+00
                          0.1757455659842563E+00
                          0.1765512380770440E+00
                          0.1773596770879998E+00
                          0.1781708893448310E+00
                          0.1789848811824729E+00
                          0.1798016589430871E+00
                          0.1806212289760633E+00
                          0.1814435976380177E+00
                          0.1822687712927940E+00
                          0.1830967563114631E+00
                          0.1839275590723232E+00
                          0.1847611859608995E+00
                          0.1855976433699445E+00
                          0.1864369376994378E+00
                          0.1872790753565865E+00
                          0.1881240627558248E+00
                          0.1889719063188136E+00
                          0.1898226124744419E+00
                          0.1906761876588251E+00
                          0.1915326383153063E+00
                          0.1923919708944557E+00
                          0.1932541918540705E+00
                          0.1941193076591754E+00
                          0.1949873247820221E+00
                          0.1958582497020895E+00
                          0.1967320889060839E+00
                          0.1976088488879385E+00
                          0.1984885361488140E+00
                          0.1993711571970984E+00
                          0.2002567185484065E+00
                          0.2011452267255803E+00
                          0.2020366882586893E+00
                          0.2029311096850306E+00
                          0.2038284975491274E+00
                          0.2047288584027312E+00
                          0.2056321988048198E+00
                          0.2065385253215990E+00
                          0.2074478445265012E+00
                          0.2083601630001863E+00
                          0.2092754873305416E+00
                          0.2101938241126811E+00
                          0.2111151799489462E+00
                          0.2120395614489058E+00
                          0.2129669752293558E+00
                          0.2138974279143191E+00
                          0.2148309261350460E+00
                          0.2157674765300143E+00
                          0.2167070857449283E+00
                          0.2176497604327201E+00
                          0.2185955072535488E+00
                          0.2195443328748008E+00
                          0.2204962439710894E+00
                          0.2214512472242557E+00
                          0.2224093493233672E+00
                          0.2233705569647195E+00
                          0.2243348768518345E+00
                          0.2253023156954621E+00
                          0.2262728802135788E+00
                          0.2272465771313889E+00
                          0.2282234131813232E+00
                          0.2292033951030405E+00
                          0.2301865296434258E+00
                          0.2311728235565925E+00
                          0.2321622836038802E+00
                          0.2331549165538561E+00
                          0.2341507291823151E+00
                          0.2351497282722781E+00
                          0.2361519206139946E+00
                          0.2371573130049400E+00
                          0.2381659122498181E+00
                          0.2391777251605588E+00
                          0.2401927585563203E+00
                          0.2412110192634869E+00
                          0.2422325141156712E+00
                          0.2432572499537118E+00
                          0.2442852336256759E+00
                          0.2453164719868567E+00
                          0.2463509718997752E+00
                          0.2473887402341794E+00
                          0.2484297838670447E+00
                          0.2494741096825737E+00
                          0.2505217245721958E+00
                          0.2515726354345682E+00
                          0.2526268491755747E+00
                          0.2536843727083269E+00
                          0.2547452129531634E+00
                          0.2558093768376496E+00
                          0.2568768712965788E+00
                          0.2579477032719706E+00
                          0.2590218797130731E+00
                          0.2600994075763601E+00
                          0.2611802938255340E+00
                          0.2622645454315232E+00
                          0.2633521693724842E+00
                          0.2644431726338005E+00
                          0.2655375622080825E+00
                          0.2666353450951678E+00
                          0.2677365283021219E+00
                          0.2688411188432364E+00
                          0.2699491237400309E+00
                          0.2710605500212524E+00
                          0.2721754047228745E+00
                          0.2732936948880978E+00
                          0.2744154275673509E+00
                          0.2755406098182893E+00
                          0.2766692487057957E+00
                          0.2778013513019799E+00
                          0.2789369246861786E+00
                          0.2800759759449565E+00
                          0.2812185121721046E+00
                          0.2823645404686421E+00
                          0.2835140679428147E+00
                          0.2846671017100952E+00
                          0.2858236488931842E+00
                          0.2869837166220091E+00
                          0.2881473120337247E+00
                          0.2893144422727125E+00
                          0.2904851144905822E+00
                          0.2916593358461697E+00
                          0.2928371135055388E+00
                          0.2940184546419798E+00
                          0.2952033664360112E+00
                          0.2963918560753777E+00
                          0.2975839307550519E+00
                          0.2987795976772332E+00
                          0.2999788640513482E+00
                          0.3011817370940512E+00
                          0.3023882240292234E+00
                          0.3035983320879730E+00
                          0.3048120685086358E+00
                          0.3060294405367738E+00
                          0.3072504554251783E+00
                          0.3084751204338653E+00
                          0.3097034428300797E+00
                          0.3109354298882932E+00
                          0.3121710888902044E+00
                          0.3134104271247394E+00
                          0.3146534518880517E+00
                          0.3159001704835214E+00
                          0.3171505902217563E+00
                          0.3184047184205910E+00
                          0.3196625624050879E+00
                          0.3209241295075360E+00
                          0.3221894270674517E+00
                          0.3234584624315792E+00
                          0.3247312429538887E+00
                          0.3260077759955788E+00
                          0.3272880689250746E+00
                          0.3285721291180282E+00
                          0.3298599639573200E+00
                          0.3311515808330562E+00
                          0.3324469871425715E+00
                          0.3337461902904270E+00
                          0.3350491976884113E+00
                          0.3363560167555397E+00
                          0.3376666549180555E+00
                          0.3389811196094291E+00
                          0.3402994182703573E+00
                          0.3416215583487649E+00
                          0.3429475472998036E+00
                          0.3442773925858524E+00
                          0.3456111016765178E+00
                          0.3469486820486326E+00
                          0.3482901411862575E+00
                          0.3496354865806808E+00
                          0.3509847257304169E+00
                          0.3523378661412082E+00
                          0.3536949153260242E+00
                          0.3550558808050612E+00
                          0.3564207701057435E+00
                          0.3577895907627216E+00
                          0.3591623503178742E+00
                          0.3605390563203063E+00
                          0.3619197163263509E+00
                          0.3633043378995675E+00
                          0.3646929286107433E+00
                          0.3660854960378929E+00
                          0.3674820477662572E+00
                          0.3688825913883054E+00
                          0.3702871345037329E+00
                          0.3716956847194629E+00
                          0.3731082496496457E+00
                          0.3745248369156588E+00
                          0.3759454541461074E+00
                          0.3773701089768227E+00
                          0.3787988090508639E+00
                          0.3802315620185176E+00
                          0.3816683755372970E+00
                          0.3831092572719433E+00
                          0.3845542148944239E+00
                          0.3860032560839342E+00
                          0.3874563885268964E+00
                          0.3889136199169604E+00
                          0.3903749579550028E+00
                          0.3918404103491271E+00
                          0.3933099848146650E+00
                          0.3947836890741749E+00
                          0.3962615308574422E+00
                          0.3977435179014794E+00
                          0.3992296579505268E+00
                          0.4007199587560518E+00
                          0.4022144280767482E+00
                          0.4037130736785381E+00
                          0.4052159033345704E+00
                          0.4067229248252209E+00
                          0.4082341459380924E+00
                          0.4097495744680162E+00
                          0.4112692182170492E+00
                          0.4127930849944768E+00
                          0.4143211826168104E+00
                          0.4158535189077897E+00
                          0.4173901016983813E+00
                          0.4189309388267784E+00
                          0.4204760381384024E+00
                          0.4220254074859009E+00
                          0.4235790547291495E+00
                          0.4251369877352507E+00
                          0.4266992143785338E+00
                          0.4282657425405558E+00
                          0.4298365801101013E+00
                          0.4314117349831810E+00
                          0.4329912150630341E+00
                          0.4345750282601255E+00
                          0.4361631824921485E+00
                          0.4377556856840236E+00
                          0.4393525457678975E+00
                          0.4409537706831455E+00
                          0.4425593683763685E+00
                          0.4441693468013961E+00
                          0.4457837139192842E+00
                          0.4474024776983162E+00
                          0.4490256461140026E+00
                          0.4506532271490811E+00
                          0.4522852287935172E+00
                          0.4539216590445025E+00
                          0.4555625259064570E+00
                          0.4572078373910266E+00
                          0.4588576015170855E+00
                          0.4605118263107348E+00
                          0.4621705198053023E+00
                          0.4638336900413441E+00
                          0.4655013450666425E+00
                          0.4671734929362069E+00
                          0.4688501417122748E+00
                          0.4705312994643106E+00
                          0.4722169742690054E+00
                          0.4739071742102782E+00
                          0.4756019073792744E+00
                          0.4773011818743675E+00
                          0.4790050058011576E+00
                          0.4807133872724721E+00
                          0.4824263344083660E+00
                          0.4841438553361212E+00
                          0.4858659581902462E+00
                          0.4875926511124781E+00
                          0.4893239422517796E+00
                          0.4910598397643423E+00
                          0.4928003518135832E+00
                          0.4945454865701481E+00
                          0.4962952522119094E+00
                          0.4980496569239661E+00
                          0.4998087088986454E+00
                          0.5015724163355011E+00
                          0.5033407874413141E+00
                          0.5051138304300935E+00
                          0.5068915535230741E+00
                          0.5086739649487192E+00
                          0.5104610729427183E+00
                          0.5122528857479889E+00
                          0.5140494116146752E+00
                          0.5158506588001494E+00
                          0.5176566355690094E+00
                          0.5194673501930823E+00
                          0.5212828109514203E+00
                          0.5231030261303041E+00
                          0.5249280040232415E+00
                          0.5267577529309672E+00
                          0.5285922811614439E+00
                          0.5304315970298596E+00
                          0.5322757088586317E+00
                          0.5341246249774041E+00
                          0.5359783537230466E+00
                          0.5378369034396580E+00
                          0.5397002824785634E+00
                          0.5415684991983151E+00
                          0.5434415619646931E+00
                          0.5453194791507041E+00
                          0.5472022591365826E+00
                          0.5490899103097893E+00
                          0.5509824410650135E+00
                          0.5528798598041699E+00
                          0.5547821749364019E+00
                          0.5566893948780800E+00
                          0.5586015280528013E+00
                          0.5605185828913899E+00
                          0.5624405678318983E+00
                          0.5643674913196045E+00
                          0.5662993618070157E+00
                          0.5682361877538646E+00
                          0.5701779776271120E+00
                          0.5721247399009459E+00
                          0.5740764830567805E+00
                          0.5760332155832586E+00
                          0.5779949459762498E+00
                          0.5799616827388503E+00
                          0.5819334343813841E+00
                          0.5839102094214023E+00
                          0.5858920163836823E+00
                          0.5878788638002305E+00
                          0.5898707602102792E+00
                          0.5918677141602886E+00
                          0.5938697342039445E+00
                          0.5958768289021626E+00
                          0.5978890068230837E+00
                          0.5999062765420762E+00
                          0.6019286466417364E+00
                          0.6039561257118877E+00
                          0.6059887223495796E+00
                          0.6080264451590903E+00
                          0.6100693027519237E+00
                          0.6121173037468119E+00
                          0.6141704567697145E+00
                          0.6162287704538171E+00
                          0.6182922534395344E+00
                          0.6203609143745061E+00
                          0.6224347619136003E+00
                          0.6245138047189119E+00
                          0.6265980514597635E+00
                          0.6286875108127045E+00
                          0.6307821914615118E+00
                          0.6328821020971905E+00
                          0.6349872514179694E+00
                          0.6370976481293085E+00
                          0.6392133009438928E+00
                          0.6413342185816356E+00
                          0.6434604097696763E+00
                          0.6455918832423817E+00
                          0.6477286477413476E+00
                          0.6498707120153947E+00
                          0.6520180848205711E+00
                          0.6541707749201543E+00
                          0.6563287910846464E+00
                          0.6584921420917788E+00
                          0.6606608367265080E+00
                          0.6628348837810196E+00
                          0.6650142920547255E+00
                          0.6671990703542648E+00
                          0.6693892274935044E+00
                          0.6715847722935365E+00
                          0.6737857135826840E+00
                          0.6759920601964938E+00
                          0.6782038209777415E+00
                          0.6804210047764289E+00
                          0.6826436204497872E+00
                          0.6848716768622717E+00
                          0.6871051828855671E+00
                          0.6893441473985848E+00
                          0.6915885792874634E+00
                          0.6938384874455685E+00
                          0.6960938807734928E+00
                          0.6983547681790565E+00
                          0.7006211585773069E+00
                          0.7028930608905193E+00
                          0.7051704840481942E+00
                          0.7074534369870618E+00
                          0.7097419286510775E+00
                          0.7120359679914244E+00
                          0.7143355639665141E+00
                          0.7166407255419830E+00
                          0.7189514616906968E+00
                          0.7212677813927485E+00
                          0.7235896936354560E+00
                          0.7259172074133665E+00
                          0.7282503317282543E+00
                          0.7305890755891198E+00
                          0.7329334480121917E+00
                          0.7352834580209252E+00
                          0.7376391146460024E+00
                          0.7400004269253337E+00
                          0.7423674039040559E+00
                          0.7447400546345337E+00
                          0.7471183881763580E+00
                          0.7495024135963479E+00
                          0.7518921399685489E+00
                          0.7542875763742342E+00
                          0.7566887319019038E+00
                          0.7590956156472852E+00
                          0.7615082367133337E+00
                          0.7639266042102311E+00
                          0.7663507272553862E+00
                          0.7687806149734352E+00
                          0.7712162764962410E+00
                          0.7736577209628958E+00
                          0.7761049575197170E+00
                          0.7785579953202486E+00
                          0.7810168435252640E+00
                          0.7834815113027633E+00
                          0.7859520078279718E+00
                          0.7884283422833439E+00
                          0.7909105238585618E+00
                          0.7933985617505327E+00
                          0.7958924651633922E+00
                          0.7983922433085037E+00
                          0.8008979054044569E+00
                          0.8034094606770688E+00
                          0.8059269183593843E+00
                          0.8084502876916737E+00
                          0.8109795779214376E+00
                          0.8135147983034006E+00
                          0.8160559580995169E+00
                          0.8186030665789659E+00
                          0.8211561330181564E+00
                          0.8237151667007226E+00
                          0.8262801769175260E+00
                          0.8288511729666567E+00
                          0.8314281641534308E+00
                          0.8340111597903918E+00
                          0.8366001691973104E+00
                          0.8391952017011860E+00
                          0.8417962666362425E+00
                          0.8444033733439325E+00
                          0.8470165311729356E+00
                          0.8496357494791598E+00
                          0.8522610376257385E+00
                          0.8548924049830322E+00
                          0.8575298609286299E+00
                          0.8601734148473485E+00
                          0.8628230761312291E+00
                          0.8654788541795431E+00
                          0.8681407583987880E+00
                          0.8708087982026868E+00
                          0.8734829830121917E+00
                          0.8761633222554833E+00
                          0.8788498253679662E+00
                          0.8815425017922741E+00
                          0.8842413609782677E+00
                          0.8869464123830342E+00
                          0.8896576654708892E+00
                          0.8923751297133746E+00
                          0.8950988145892603E+00
                          0.8978287295845423E+00
                          0.9005648841924448E+00
                          0.9033072879134187E+00
                          0.9060559502551417E+00
                          0.9088108807325200E+00
                          0.9115720888676853E+00
                          0.9143395841899982E+00
                          0.9171133762360453E+00
                          0.9198934745496415E+00
                          0.9226798886818273E+00
                          0.9254726281908723E+00
                          0.9282717026422712E+00
                          0.9310771216087482E+00
                          0.9338888946702533E+00
                          0.9367070314139642E+00
                          0.9395315414342843E+00
                          0.9423624343328468E+00
                          0.9451997197185101E+00
                          0.9480434072073611E+00
                          0.9508935064227126E+00
                          0.9537500269951059E+00
                          0.9566129785623083E+00
                          0.9594823707693155E+00
                          0.9623582132683497E+00
                          0.9652405157188603E+00
                          0.9681292877875237E+00
                          0.9710245391482453E+00
                          0.9739262794821544E+00
                          0.9768345184776103E+00
                          0.9797492658301979E+00
                          0.9826705312427314E+00
                          0.9855983244252492E+00
                          0.9885326550950193E+00
                          0.9914735329765356E+00
                          0.9944209678015208E+00
                          0.9973749693089220E+00
                          0.1000335547244917E+01
                          0.1003302711362907E+01
                          0.1006276471423524E+01
                          0.1009256837194626E+01
                          0.1012243818451296E+01
                          0.1015237424975847E+01
                          0.1018237666557818E+01
                          0.1021244552993976E+01
                          0.1024258094088314E+01
                          0.1027278299652054E+01
                          0.1030305179503642E+01
                          0.1033338743468756E+01
                          0.1036379001380296E+01
                          0.1039425963078393E+01
                          0.1042479638410403E+01
                          0.1045540037230911E+01
                          0.1048607169401728E+01
                          0.1051681044791893E+01
                          0.1054761673277670E+01
                          0.1057849064742554E+01
                          0.1060943229077263E+01
                          0.1064044176179747E+01
                          0.1067151915955176E+01
                          0.1070266458315958E+01
                          0.1073387813181718E+01
                          0.1076515990479312E+01
                          0.1079651000142824E+01
                          0.1082792852113565E+01
                          0.1085941556340073E+01
                          0.1089097122778112E+01
                          0.1092259561390675E+01
                          0.1095428882147981E+01
                          0.1098605095027477E+01
                          0.1101788210013836E+01
                          0.1104978237098960E+01
                          0.1108175186281976E+01
                          0.1111379067569239E+01
                          0.1114589890974333E+01
                          0.1117807666518069E+01
                          0.1121032404228482E+01
                          0.1124264114140837E+01
                          0.1127502806297624E+01
                          0.1130748490748563E+01
                          0.1134001177550600E+01
                          0.1137260876767908E+01
                          0.1140527598471887E+01
                          0.1143801352741165E+01
                          0.1147082149661595E+01
                          0.1150369999326261E+01
                          0.1153664911835470E+01
                          0.1156966897296760E+01
                          0.1160275965824894E+01
                          0.1163592127541863E+01
                          0.1166915392576883E+01
                          0.1170245771066402E+01
                          0.1173583273154091E+01
                          0.1176927908990849E+01
                          0.1180279688734803E+01
                          0.1183638622551308E+01
                          0.1187004720612943E+01
                          0.1190377993099519E+01
                          0.1193758450198070E+01
                          0.1197146102102859E+01
                          0.1200540959015375E+01
                          0.1203943031144338E+01
                          0.1207352328705688E+01
                          0.1210768861922601E+01
                          0.1214192641025473E+01
                          0.1217623676251931E+01
                          0.1221061977846829E+01
                          0.1224507556062245E+01
                          0.1227960421157488E+01
                          0.1231420583399095E+01
                          0.1234888053060824E+01
                          0.1238362840423667E+01
                          0.1241844955775838E+01
                          0.1245334409412785E+01
                          0.1248831211637175E+01
                          0.1252335372758907E+01
                          0.1255846903095106E+01
                          0.1259365812970125E+01
                          0.1262892112715545E+01
                          0.1266425812670170E+01
                          0.1269966923180036E+01
                          0.1273515454598404E+01
                          0.1277071417285762E+01
                          0.1280634821609826E+01
                          0.1284205677945539E+01
                          0.1287783996675071E+01
                          0.1291369788187820E+01
                          0.1294963062880410E+01
                          0.1298563831156692E+01
                          0.1302172103427745E+01
                          0.1305787890111877E+01
                          0.1309411201634619E+01
                          0.1313042048428734E+01
                          0.1316680440934206E+01
                          0.1320326389598254E+01
                          0.1323979904875319E+01
                          0.1327640997227068E+01
                          0.1331309677122402E+01
                          0.1334985955037441E+01
                          0.1338669841455537E+01
                          0.1342361346867269E+01
                          0.1346060481770442E+01
                          0.1349767256670087E+01
                          0.1353481682078466E+01
                          0.1357203768515067E+01
                          0.1360933526506601E+01
                          0.1364670966587011E+01
                          0.1368416099297467E+01
                          0.1372168935186362E+01
                          0.1375929484809320E+01
                          0.1379697758729194E+01
                          0.1383473767516058E+01
                          0.1387257521747218E+01
                          0.1391049032007205E+01
                          0.1394848308887780E+01
                          0.1398655362987929E+01
                          0.1402470204913862E+01
                          0.1406292845279024E+01
                          0.1410123294704081E+01
                          0.1413961563816929E+01
                          0.1417807663252691E+01
                          0.1421661603653714E+01
                          0.1425523395669575E+01
                          0.1429393049957079E+01
                          0.1433270577180258E+01
                          0.1437155988010369E+01
                          0.1441049293125898E+01
                          0.1444950503212557E+01
                          0.1448859628963287E+01
                          0.1452776681078256E+01
                          0.1456701670264856E+01
                          0.1460634607237712E+01
                          0.1464575502718669E+01
                          0.1468524367436804E+01
                          0.1472481212128421E+01
                          0.1476446047537051E+01
                          0.1480418884413450E+01
                          0.1484399733515604E+01
                          0.1488388605608724E+01
                          0.1492385511465251E+01
                          0.1496390461864850E+01
                          0.1500403467594415E+01
                          0.1504424539448067E+01
                          0.1508453688227152E+01
                          0.1512490924740249E+01
                          0.1516536259803157E+01
                          0.1520589704238910E+01
                          0.1524651268877759E+01
                          0.1528720964557193E+01
                          0.1532798802121921E+01
                          0.1536884792423882E+01
                          0.1540978946322242E+01
                          0.1545081274683394E+01
                          0.1549191788380956E+01
                          0.1553310498295779E+01
                          0.1557437415315935E+01
                          0.1561572550336725E+01
                          0.1565715914260681E+01
                          0.1569867517997555E+01
                          0.1574027372464334E+01
                          0.1578195488585227E+01
                          0.1582371877291673E+01
                          0.1586556549522335E+01
                          0.1590749516223107E+01
                          0.1594950788347106E+01
                          0.1599160376854682E+01
                          0.1603378292713404E+01
                          0.1607604546898078E+01
                          0.1611839150390731E+01
                          0.1616082114180615E+01
                          0.1620333449264216E+01
                          0.1624593166645243E+01
                          0.1628861277334633E+01
                          0.1633137792350550E+01
                          0.1637422722718386E+01
                          0.1641716079470758E+01
                          0.1646017873647513E+01
                          0.1650328116295725E+01
                          0.1654646818469694E+01
                          0.1658973991230946E+01
                          0.1663309645648236E+01
                          0.1667653792797548E+01
                          0.1672006443762089E+01
                          0.1676367609632293E+01
                          0.1680737301505829E+01
                          0.1685115530487584E+01
                          0.1689502307689677E+01
                          0.1693897644231453E+01
                          0.1698301551239483E+01
                          0.1702714039847569E+01
                          0.1707135121196737E+01
                          0.1711564806435238E+01
                          0.1716003106718558E+01
                          0.1720450033209402E+01
                          0.1724905597077706E+01
                          0.1729369809500633E+01
                          0.1733842681662574E+01
                          0.1738324224755146E+01
                          0.1742814449977191E+01
                          0.1747313368534783E+01
                          0.1751820991641221E+01
                          0.1756337330517028E+01
                          0.1760862396389961E+01
                          0.1765396200494998E+01
                          0.1769938754074348E+01
                          0.1774490068377443E+01
                          0.1779050154660948E+01
                          0.1783619024188752E+01
                          0.1788196688231970E+01
                          0.1792783158068948E+01
                          0.1797378444985252E+01
                          0.1801982560273686E+01
                          0.1806595515234271E+01
                          0.1811217321174263E+01
                          0.1815847989408138E+01
                          0.1820487531257603E+01
                          0.1825135958051596E+01
                          0.1829793281126275E+01
                          0.1834459511825028E+01
                          0.1839134661498474E+01
                          0.1843818741504455E+01
                          0.1848511763208039E+01
                          0.1853213737981524E+01
                          0.1857924677204434E+01
                          0.1862644592263522E+01
                          0.1867373494552767E+01
                          0.1872111395473374E+01
                          0.1876858306433778E+01
                          0.1881614238849639E+01
                          0.1886379204143843E+01
                          0.1891153213746506E+01
                          0.1895936279094972E+01
                          0.1900728411633809E+01
                          0.1905529622814811E+01
                          0.1910339924097006E+01
                          0.1915159326946642E+01
                          0.1919987842837200E+01
                          0.1924825483249383E+01
                          0.1929672259671124E+01
                          0.1934528183597583E+01
                          0.1939393266531147E+01
                          0.1944267519981431E+01
                          0.1949150955465276E+01
                          0.1954043584506750E+01
                          0.1958945418637150E+01
                          0.1963856469394997E+01
                          0.1968776748326043E+01
                          0.1973706266983266E+01
                          0.1978645036926870E+01
                          0.1983593069724284E+01
                          0.1988550376950173E+01
                          0.1993516970186418E+01
                          0.1998492861022134E+01
                          0.2003478061053663E+01
                          0.2008472581884573E+01
                          0.2013476435125657E+01
                          0.2018489632394938E+01
                          0.2023512185317666E+01
                          0.2028544105526318E+01
                          0.2033585404660599E+01
                          0.2038636094367436E+01
                          0.2043696186300993E+01
                          0.2048765692122651E+01
                          0.2053844623501025E+01
                          0.2058932992111953E+01
                          0.2064030809638504E+01
                          0.2069138087770972E+01
                          0.2074254838206879E+01
                          0.2079381072650973E+01
                          0.2084516802815231E+01
                          0.2089662040418853E+01
                          0.2094816797188273E+01
                          0.2099981084857148E+01
                          0.2105154915166362E+01
                          0.2110338299864028E+01
                          0.2115531250705483E+01
                          0.2120733779453296E+01
                          0.2125945897877259E+01
                          0.2131167617754394E+01
                          0.2136398950868946E+01
                          0.2141639909012395E+01
                          0.2146890503983439E+01
                          0.2152150747588011E+01
                          0.2157420651639267E+01
                          0.2162700227957591E+01
                          0.2167989488370594E+01
                          0.2173288444713112E+01
                          0.2178597108827216E+01
                          0.2183915492562195E+01
                          0.2189243607774569E+01
                          0.2194581466328088E+01
                          0.2199929080093725E+01
                          0.2205286460949681E+01
                          0.2210653620781386E+01
                          0.2216030571481495E+01
                          0.2221417324949893E+01
                          0.2226813893093689E+01
                          0.2232220287827220E+01
                          0.2237636521072055E+01
                          0.2243062604756983E+01
                          0.2248498550818023E+01
                          0.2253944371198421E+01
                          0.2259400077848654E+01
                          0.2264865682726422E+01
                          0.2270341197796653E+01
                          0.2275826635031498E+01
                          0.2281322006410346E+01
                          0.2286827323919804E+01
                          0.2292342599553707E+01
                          0.2297867845313124E+01
                          0.2303403073206344E+01
                          0.2308948295248883E+01
                          0.2314503523463491E+01
                          0.2320068769880140E+01
                          0.2325644046536029E+01
                          0.2331229365475584E+01
                          0.2336824738750463E+01
                          0.2342430178419549E+01
                          0.2348045696548947E+01
                          0.2353671305211993E+01
                          0.2359307016489254E+01
                          0.2364952842468520E+01
                          0.2370608795244808E+01
                          0.2376274886920359E+01
                          0.2381951129604654E+01
                          0.2387637535414386E+01
                          0.2393334116473484E+01
                          0.2399040884913101E+01
                          0.2404757852871620E+01
                          0.2410485032494649E+01
                          0.2416222435935019E+01
                          0.2421970075352799E+01
                          0.2427727962915275E+01
                          0.2433496110796964E+01
                          0.2439274531179614E+01
                          0.2445063236252194E+01
                          0.2450862238210902E+01
                          0.2456671549259166E+01
                          0.2462491181607639E+01
                          0.2468321147474200E+01
                          0.2474161459083958E+01
                          0.2480012128669248E+01
                          0.2485873168469627E+01
                          0.2491744590731891E+01
                          0.2497626407710055E+01
                          0.2503518631665357E+01
                          0.2509421274866275E+01
                          0.2515334349588505E+01
                          0.2521257868114969E+01
                          0.2527191842735825E+01
                          0.2533136285748448E+01
                          0.2539091209457447E+01
                          0.2545056626174654E+01
                          0.2551032548219134E+01
                          0.2557018987917172E+01
                          0.2563015957602286E+01
                          0.2569023469615215E+01
                          0.2575041536303935E+01
                          0.2581070170023640E+01
                          0.2587109383136752E+01
                          0.2593159188012928E+01
                          0.2599219597029044E+01
                          0.2605290622569205E+01
                          0.2611372277024747E+01
                          0.2617464572794231E+01
                          0.2623567522283442E+01
                          0.2629681137905397E+01
                          0.2635805432080335E+01
                          0.2641940417235729E+01
                          0.2648086105806273E+01
                          0.2654242510233894E+01
                          0.2660409642967738E+01
                          0.2666587516464189E+01
                          0.2672776143186849E+01
                          0.2678975535606549E+01
                          0.2685185706201353E+01
                          0.2691406667456546E+01
                          0.2697638431864642E+01
                          0.2703881011925380E+01
                          0.2710134420145734E+01
                          0.2716398669039897E+01
                          0.2722673771129290E+01
                          0.2728959738942567E+01
                          0.2735256585015603E+01
                          0.2741564321891505E+01
                          0.2747882962120600E+01
                          0.2754212518260453E+01
                          0.2760553002875848E+01
                          0.2766904428538797E+01
                          0.2773266807828541E+01
                          0.2779640153331550E+01
                          0.2786024477641517E+01
                          0.2792419793359366E+01
                          0.2798826113093243E+01
                          0.2805243449458530E+01
                          0.2811671815077827E+01
                          0.2818111222580965E+01
                          0.2824561684605006E+01
                          0.2831023213794233E+01
                          0.2837495822800160E+01
                          0.2843979524281524E+01
                          0.2850474330904293E+01
                          0.2856980255341665E+01
                          0.2863497310274057E+01
                          0.2870025508389118E+01
                          0.2876564862381730E+01
                          0.2883115384953990E+01
                          0.2889677088815228E+01
                          0.2896249986682008E+01
                          0.2902834091278109E+01
                          0.2909429415334545E+01
                          0.2916035971589554E+01
                          0.2922653772788602E+01
                          0.2929282831684387E+01
                          0.2935923161036827E+01
                          0.2942574773613066E+01
                          0.2949237682187485E+01
                          0.2955911899541685E+01
                          0.2962597438464496E+01
                          0.2969294311751972E+01
                          0.2976002532207399E+01
                          0.2982722112641291E+01
                          0.2989453065871380E+01
                          0.2996195404722639E+01
                          0.3002949142027256E+01
                          0.3009714290624654E+01
                          0.3016490863361477E+01
                          0.3023278873091600E+01
                          0.3030078332676128E+01
                          0.3036889254983389E+01
                          0.3043711652888935E+01
                          0.3050545539275553E+01
                          0.3057390927033253E+01
                          0.3064247829059276E+01
                          0.3071116258258079E+01
                          0.3077996227541362E+01
                          0.3084887749828040E+01
                          0.3091790838044262E+01
                          0.3098705505123398E+01
                          0.3105631764006052E+01
                          0.3112569627640051E+01
                          0.3119519108980452E+01
                          0.3126480220989538E+01
                          0.3133452976636816E+01
                          0.3140437388899025E+01
                          0.3147433470760126E+01
                          0.3154441235211316E+01
                          0.3161460695251010E+01
                          0.3168491863884852E+01
                          0.3175534754125721E+01
                          0.3182589378993713E+01
                          0.3189655751516156E+01
                          0.3196733884727605E+01
                          0.3203823791669839E+01
                          0.3210925485391873E+01
                          0.3218038978949939E+01
                          0.3225164285407499E+01
                          0.3232301417835250E+01
                          0.3239450389311104E+01
                          0.3246611212920207E+01
                          0.3253783901754935E+01
                          0.3260968468914885E+01
                          0.3268164927506883E+01
                          0.3275373290644982E+01
                          0.3282593571450466E+01
                          0.3289825783051843E+01
                          0.3297069938584847E+01
                          0.3304326051192442E+01
                          0.3311594134024813E+01
                          0.3318874200239387E+01
                          0.3326166263000797E+01
                          0.3333470335480925E+01
                          0.3340786430858864E+01
                          0.3348114562320942E+01
                          0.3355454743060708E+01
                          0.3362806986278947E+01
                          0.3370171305183667E+01
                          0.3377547712990097E+01
                          0.3384936222920708E+01
                          0.3392336848205182E+01
                          0.3399749602080438E+01
                          0.3407174497790617E+01
                          0.3414611548587094E+01
                          0.3422060767728467E+01
                          0.3429522168480558E+01
                          0.3436995764116420E+01
                          0.3444481567916332E+01
                          0.3451979593167805E+01
                          0.3459489853165570E+01
                          0.3467012361211586E+01
                          0.3474547130615047E+01
                          0.3482094174692365E+01
                          0.3489653506767182E+01
                          0.3497225140170371E+01
                          0.3504809088240029E+01
                          0.3512405364321478E+01
                          0.3520013981767272E+01
                          0.3527634953937190E+01
                          0.3535268294198236E+01
                          0.3542914015924647E+01
                          0.3550572132497876E+01
                          0.3558242657306621E+01
                          0.3565925603746788E+01
                          0.3573620985221528E+01
                          0.3581328815141203E+01
                          0.3589049106923409E+01
                          0.3596781873992977E+01
                          0.3604527129781949E+01
                          0.3612284887729611E+01
                          0.3620055161282465E+01
                          0.3627837963894243E+01
                          0.3635633309025903E+01
                          0.3643441210145639E+01
                          0.3651261680728860E+01
                          0.3659094734258205E+01
                          0.3666940384223549E+01
                          0.3674798644121984E+01
                          0.3682669527457835E+01
                          0.3690553047742649E+01
                          0.3698449218495203E+01
                          0.3706358053241509E+01
                          0.3714279565514791E+01
                          0.3722213768855511E+01
                          0.3730160676811354E+01
                          0.3738120302937237E+01
                          0.3746092660795298E+01
                          0.3754077763954903E+01
                          0.3762075625992652E+01
                          0.3770086260492364E+01
                          0.3778109681045089E+01
                          0.3786145901249101E+01
                          0.3794194934709910E+01
                          0.3802256795040244E+01
                          0.3810331495860060E+01
                          0.3818419050796542E+01
                          0.3826519473484109E+01
                          0.3834632777564395E+01
                          0.3842758976686274E+01
                          0.3850898084505830E+01
                          0.3859050114686394E+01
                          0.3867215080898511E+01
                          0.3875392996819954E+01
                          0.3883583876135733E+01
                          0.3891787732538070E+01
                          0.3900004579726435E+01
                          0.3908234431407499E+01
                          0.3916477301295182E+01
                          0.3924733203110621E+01
                          0.3933002150582183E+01
                          0.3941284157445459E+01
                          0.3949579237443272E+01
                          0.3957887404325676E+01
                          0.3966208671849934E+01
                          0.3974543053780558E+01
                          0.3982890563889275E+01
                          0.3991251215955042E+01
                          0.3999625023764037E+01
                          0.4008012001109680E+01
                          0.4016412161792604E+01
                          0.4024825519620681E+01
                          0.4033252088408998E+01
                          0.4041691881979878E+01
                          0.4050144914162866E+01
                          0.4058611198794734E+01
                          0.4067090749719490E+01
                          0.4075583580788361E+01
                          0.4084089705859802E+01
                          0.4092609138799495E+01
                          0.4101141893480353E+01
                          0.4109687983782515E+01
                          0.4118247423593343E+01
                          0.4126820226807425E+01
                          0.4135406407326590E+01
                          0.4144005979059879E+01
                          0.4152618955923565E+01
                          0.4161245351841152E+01
                          0.4169885180743368E+01
                          0.4178538456568163E+01
                          0.4187205193260728E+01
                          0.4195885404773468E+01
                          0.4204579105066016E+01
                          0.4213286308105246E+01
                          0.4222007027865243E+01
                          0.4230741278327327E+01
                          0.4239489073480041E+01
                          0.4248250427319161E+01
                          0.4257025353847689E+01
                          0.4265813867075850E+01
                          0.4274615981021095E+01
                          0.4283431709708114E+01
                          0.4292261067168811E+01
                          0.4301104067442324E+01
                          0.4309960724575010E+01
                          0.4318831052620474E+01
                          0.4327715065639517E+01
                          0.4336612777700196E+01
                          0.4345524202877780E+01
                          0.4354449355254763E+01
                          0.4363388248920883E+01
                          0.4372340897973085E+01
                          0.4381307316515549E+01
                          0.4390287518659692E+01
                          0.4399281518524143E+01
                          0.4408289330234763E+01
                          0.4417310967924649E+01
                          0.4426346445734116E+01
                          0.4435395777810704E+01
                          0.4444458978309187E+01
                          0.4453536061391563E+01
                          0.4462627041227062E+01
                          0.4471731931992130E+01
                          0.4480850747870454E+01
                          0.4489983503052939E+01
                          0.4499130211737721E+01
                          0.4508290888130157E+01
                          0.4517465546442843E+01
                          0.4526654200895592E+01
                          0.4535856865715449E+01
                          0.4545073555136684E+01
                          0.4554304283400791E+01
                          0.4563549064756502E+01
                          0.4572807913459768E+01
                          0.4582080843773763E+01
                          0.4591367869968901E+01
                          0.4600669006322815E+01
                          0.4609984267120363E+01
                          0.4619313666653630E+01
                          0.4628657219221942E+01
                          0.4638014939131832E+01
                          0.4647386840697078E+01
                          0.4656772938238678E+01
                          0.4666173246084843E+01
                          0.4675587778571038E+01
                          0.4685016550039938E+01
                          0.4694459574841450E+01
                          0.4703916867332706E+01
                          0.4713388441878067E+01
                          0.4722874312849117E+01
                          0.4732374494624678E+01
                          0.4741889001590788E+01
                          0.4751417848140716E+01
                          0.4760961048674962E+01
                          0.4770518617601242E+01
                          0.4780090569334517E+01
                          0.4789676918296958E+01
                          0.4799277678917973E+01
                          0.4808892865634196E+01
