 Adiabat temperature at each layer [K]
    287.1355
    272.2866
    258.6216
    246.1876
    234.9803
    224.8833
    215.7485
    207.4293
    199.7916
    192.7178
    186.1065
    179.8719
    173.9422
    168.2577
    162.7695
    157.4379
    152.2305
    149.9992
    149.9992
    149.9992
    149.9992
    149.9992
    149.9992
    149.9992
    149.9992
    149.9992
    149.9992
    149.9992
    149.9992
    149.9992
    149.9992
    149.9992
    149.9992
    149.9992
    149.9992
    149.9992
    149.9992
    149.9992
    149.9992
    149.9992
    149.9992
    149.9992
    149.9992
    149.9992
    149.9992
    149.9992
    149.9992
    149.9992
    149.9992
    149.9992
