 Temperature at each layer [K]
    287.1355
    272.2866
    258.7994
    246.1876
    234.9803
    224.8833
    215.7485
    208.2437
    205.3303
    203.4213
    202.1086
    201.0572
    200.2580
    199.4581
    198.5943
    197.7013
    196.5784
    195.6106
    194.6341
    193.8032
    192.7729
    191.9024
    191.0507
    190.1830
    189.5346
    188.6744
    187.8314
    186.9598
    186.0814
    185.1495
    184.2205
    183.0672
    181.9606
    180.6283
    179.0013
    177.3607
    175.1837
    173.2023
    171.1910
    169.6384
    167.7188
    165.2494
    161.8174
    158.1064
    155.3735
    152.1019
    149.9992
    149.9992
    149.9992
    149.9992
