 Adiabat temperature at each level [K]
    294.5555
    279.7110
    265.4541
    252.4046
    240.5840
    229.9318
    220.3159
    211.5889
    203.6105
    196.2547
    189.4122
    182.9892
    176.9071
    171.0999
    165.5136
    160.1037
    154.8342
    151.1148
    149.9992
    149.9992
    149.9992
    149.9992
    149.9992
    149.9992
    149.9992
    149.9992
    149.9992
    149.9992
    149.9992
    149.9992
    149.9992
    149.9992
    149.9992
    149.9992
    149.9992
    149.9992
    149.9992
    149.9992
    149.9992
    149.9992
    149.9992
    149.9992
    149.9992
    149.9992
    149.9992
    149.9992
    149.9992
    149.9992
    149.9992
    149.9992
    149.9992
