 Temperature at each level [K]
    294.5555
    279.7110
    265.4931
    252.4436
    240.5840
    229.9318
    220.3159
    211.9462
    206.7870
    204.3758
    202.7649
    201.5829
    200.6576
    199.8580
    199.0262
    198.1478
    197.1399
    196.0945
    195.1224
    194.2187
    193.2881
    192.3377
    191.4765
    190.6169
    189.8588
    189.1045
    188.2529
    187.3956
    186.5206
    185.6154
    184.6850
    183.6438
    182.5139
    181.2944
    179.8148
    178.1810
    176.2722
    174.1930
    172.1967
    170.4147
    168.6786
    166.4841
    163.5334
    159.9619
    156.7399
    153.7377
    151.0006
    149.9992
    149.9992
    149.9992
    149.9992
