 Surface temperature vs. time [K]
    270.0000
    271.3973
    272.4999
    273.5231
    274.4863
    275.4043
    276.2618
    277.0722
    277.8387
    278.5632
    279.2493
    279.8993
    280.5157
    281.0976
    281.6491
    282.1708
    282.6671
    283.1349
    283.5784
    283.9992
    284.3984
    284.7766
    285.1360
    285.4778
    285.8028
    286.1106
    286.4036
    286.6820
    286.9477
    287.2004
    287.4404
    287.6695
    287.8869
    288.0950
    288.2939
    288.4839
    288.6651
    288.8398
    289.0067
    289.1677
    289.3222
    289.4722
    289.6171
    289.7581
    289.8954
    290.0293
    290.1591
    290.2856
    290.4085
    290.5287
    290.6468
    290.7624
    290.8759
    290.9869
    291.0963
    291.2039
    291.3097
    291.4140
    291.5165
    291.6173
    291.7164
    291.8121
    291.9058
    291.9970
    292.0860
    292.1726
    292.2573
    292.3398
    292.4204
    292.4985
    292.5744
    292.6483
    292.7197
    292.7888
    292.8551
    292.9185
    292.9802
    293.0392
    293.0961
    293.1510
    293.2036
    293.2544
    293.3029
    293.3501
    293.3954
    293.4392
    293.4815
    293.5222
    293.5610
    293.5986
    293.6347
    293.6691
    293.7025
    293.7345
    293.7650
    293.7949
    293.8234
    293.8509
    293.8776
    293.9031
    293.9282
    293.9520
    293.9747
    293.9970
    294.0181
    294.0384
    294.0581
    294.0771
    294.0954
    294.1131
    294.1298
    294.1462
    294.1616
    294.1766
    294.1909
    294.2050
    294.2182
    294.2307
    294.2430
    294.2546
    294.2661
    294.2769
    294.2876
    294.2976
    294.3076
    294.3170
    294.3260
    294.3345
    294.3424
    294.3503
    294.3577
    294.3651
    294.3720
    294.3788
    294.3852
    294.3916
    294.3976
    294.4036
    294.4092
    294.4147
    294.4199
    294.4251
    294.4299
    294.4344
    294.4389
    294.4430
    294.4472
    294.4511
    294.4550
    294.4586
    294.4622
    294.4656
    294.4690
    294.4721
    294.4753
    294.4781
    294.4811
    294.4838
    294.4866
    294.4891
    294.4917
    294.4940
    294.4964
    294.4986
    294.5008
    294.5028
    294.5050
    294.5068
    294.5088
    294.5105
    294.5124
    294.5140
    294.5157
    294.5172
    294.5188
    294.5202
    294.5217
    294.5230
    294.5244
    294.5256
    294.5270
    294.5280
    294.5289
    294.5299
    294.5307
    294.5317
    294.5324
    294.5333
    294.5340
    294.5349
    294.5355
    294.5363
    294.5369
    294.5376
    294.5381
    294.5388
    294.5393
    294.5400
    294.5404
    294.5411
    294.5415
    294.5420
    294.5424
    294.5430
    294.5433
    294.5438
    294.5441
    294.5447
    294.5449
    294.5454
    294.5457
    294.5461
    294.5464
    294.5468
    294.5470
    294.5474
    294.5476
    294.5480
    294.5482
    294.5485
    294.5487
    294.5490
    294.5491
    294.5495
    294.5496
    294.5499
    294.5500
    294.5503
    294.5504
    294.5507
    294.5507
    294.5510
    294.5511
    294.5513
    294.5514
    294.5516
    294.5517
    294.5519
    294.5519
    294.5522
    294.5522
    294.5524
    294.5524
    294.5526
    294.5526
    294.5528
    294.5528
    294.5530
    294.5530
    294.5532
    294.5532
    294.5534
    294.5533
    294.5535
    294.5535
    294.5537
    294.5536
    294.5538
    294.5538
    294.5539
    294.5539
    294.5540
    294.5540
    294.5541
    294.5541
    294.5542
    294.5542
    294.5543
    294.5543
    294.5544
    294.5544
    294.5545
    294.5544
    294.5546
    294.5545
    294.5546
    294.5546
    294.5547
    294.5546
    294.5548
    294.5547
    294.5548
    294.5548
    294.5549
    294.5548
    294.5549
    294.5548
    294.5550
    294.5549
    294.5550
    294.5549
    294.5551
    294.5550
    294.5551
    294.5550
    294.5551
    294.5550
    294.5552
    294.5551
    294.5552
    294.5551
    294.5552
    294.5551
    294.5552
    294.5551
    294.5553
    294.5552
    294.5553
    294.5552
    294.5553
    294.5552
    294.5553
    294.5552
    294.5553
    294.5552
    294.5554
    294.5553
    294.5554
    294.5553
    294.5554
    294.5553
    294.5554
    294.5553
    294.5554
    294.5553
    294.5554
    294.5553
    294.5554
    294.5553
    294.5554
    294.5553
    294.5554
    294.5553
    294.5555
    294.5554
    294.5555
    294.5554
    294.5555
    294.5554
    294.5555
    294.5554
    294.5555
    294.5554
    294.5555
    294.5554
    294.5555
    294.5554
    294.5555
    294.5554
    294.5555
    294.5554
    294.5555
    294.5554
    294.5555
    294.5554
    294.5555
    294.5554
    294.5555
    294.5554
    294.5555
    294.5554
    294.5555
    294.5554
    294.5555
    294.5554
    294.5555
    294.5554
    294.5555
    294.5554
    294.5555
    294.5554
    294.5555
    294.5554
    294.5555
    294.5554
    294.5555
    294.5554
    294.5555
    294.5554
    294.5555
    294.5554
    294.5555
    294.5554
    294.5555
    294.5554
    294.5555
    294.5554
    294.5555
    294.5554
    294.5555
    294.5554
    294.5556
    294.5554
    294.5556
    294.5554
    294.5556
    294.5555
    294.5556
    294.5555
    294.5556
    294.5555
    294.5556
    294.5555
    294.5556
    294.5555
    294.5556
    294.5555
    294.5556
    294.5555
    294.5556
    294.5555
    294.5556
    294.5555
    294.5556
    294.5555
    294.5556
    294.5555
    294.5556
    294.5555
    294.5556
    294.5555
    294.5556
    294.5555
    294.5556
    294.5555
    294.5556
    294.5555
    294.5556
    294.5555
    294.5556
    294.5555
    294.5556
    294.5555
    294.5556
    294.5555
    294.5556
    294.5555
    294.5556
    294.5555
    294.5556
    294.5555
    294.5556
    294.5555
    294.5556
    294.5555
    294.5556
    294.5555
    294.5556
    294.5555
    294.5556
    294.5555
    294.5556
    294.5555
    294.5556
    294.5555
    294.5556
    294.5555
    294.5556
    294.5555
    294.5556
    294.5555
    294.5556
    294.5555
    294.5556
    294.5555
    294.5556
    294.5555
    294.5556
    294.5555
    294.5556
    294.5555
    294.5556
    294.5555
    294.5556
    294.5555
    294.5556
    294.5555
    294.5556
    294.5555
    294.5556
    294.5555
    294.5556
    294.5555
    294.5556
    294.5555
    294.5556
    294.5555
    294.5556
    294.5555
    294.5556
    294.5555
    294.5556
    294.5555
    294.5556
    294.5555
    294.5556
    294.5555
    294.5556
    294.5555
    294.5556
