 Flux gradient shortwave
       -3.9527
       -3.6165
       -3.4757
       -3.4330
       -3.4624
       -3.5425
       -3.6624
       -3.8255
       -3.9832
       -3.9849
       -3.9388
       -3.8749
       -3.8419
       -3.8770
       -3.9152
       -3.9634
       -4.0335
       -4.1387
       -4.2889
       -4.4854
       -4.7190
       -4.9717
       -5.2200
       -5.4470
       -5.6574
       -5.8838
       -6.1626
       -6.3939
       -6.5934
       -6.7367
       -6.8298
       -6.8887
       -6.9311
       -6.8675
       -6.4939
       -5.7747
       -4.9286
       -4.2285
       -3.9053
       -3.4886
       -3.0223
       -2.6500
       -2.5181
       -2.7606
       -2.7562
       -2.0557
       -2.7625
       -2.3525
       -0.8410
       -0.0306
