 Shortwave heating rate [K/s]
  0.5865E-04
  0.6638E-04
  0.7830E-04
  0.9410E-04
  0.1143E-03
  0.1394E-03
  0.1697E-03
  0.2064E-03
  0.2473E-03
  0.2814E-03
  0.3131E-03
  0.3433E-03
  0.3762E-03
  0.4164E-03
  0.4584E-03
  0.5034E-03
  0.5536E-03
  0.6121E-03
  0.6824E-03
  0.7669E-03
  0.8670E-03
  0.9818E-03
  0.1109E-02
  0.1248E-02
  0.1399E-02
  0.1576E-02
  0.1793E-02
  0.2027E-02
  0.2288E-02
  0.2569E-02
  0.2878E-02
  0.3225E-02
  0.3628E-02
  0.4048E-02
  0.4346E-02
  0.4429E-02
  0.4378E-02
  0.4405E-02
  0.4840E-02
  0.5235E-02
  0.5607E-02
  0.6239E-02
  0.7777E-02
  0.1168E-01
  0.1697E-01
  0.2010E-01
  0.4944E-01
  0.1007E+00
  0.1770E+00
  0.3863E+00
