 Rayleigh Transmission
                          0.9999999999983910E+00
                          0.9999999997517997E+00
                          0.9999999997232893E+00
                          0.9999999973440937E+00
                          0.9999999921010543E+00
                          0.9999999960468337E+00
                          0.9999999770721778E+00
                          0.9999999910426286E+00
                          0.9999999984652144E+00
                          0.9999999850103914E+00
                          0.9999999997007152E+00
                          0.9999996814555092E+00
                          0.9999989977446098E+00
                          0.9999999999649103E+00
                          0.9999999999876090E+00
                          0.9999999997165218E+00
                          0.9999999999991409E+00
                          0.9999999998642326E+00
                          0.9999999999996332E+00
                          0.9999999999960699E+00
                          0.9999999999986448E+00
                          0.9999999999914435E+00
                          0.9999999999557019E+00
                          0.9999999987343411E+00
                          0.9999999301712880E+00
                          0.9999997993157657E+00
                          0.9999847808153258E+00
                          0.9999070188742230E+00
                          0.9999994050770890E+00
                          0.9999999085837764E+00
                          0.9999998345010154E+00
                          0.9999999999944735E+00
                          0.9999999999581745E+00
                          0.9999999999981014E+00
                          0.9999999999628431E+00
                          0.9999999999980180E+00
                          0.9999999999977572E+00
                          0.9999999999973513E+00
                          0.9999999999782746E+00
                          0.9999999999923156E+00
                          0.9999999999966400E+00
                          0.9999999999961220E+00
                          0.9999999999865167E+00
                          0.9999999999799769E+00
                          0.9999999999950800E+00
                          0.9999999999946972E+00
                          0.9999999999892272E+00
                          0.9999999999936845E+00
                          0.9999999999931087E+00
                          0.9999999999822409E+00
                          0.9999999994070184E+00
                          0.9999999996320502E+00
                          0.9999986068280999E+00
                          0.9999999999603665E+00
                          0.9999999996544795E+00
                          0.9999999964802427E+00
                          0.9999999999603213E+00
                          0.9999999999816735E+00
                          0.9999999999668745E+00
                          0.9999999999171461E+00
                          0.9999999999008720E+00
                          0.9999999999125456E+00
                          0.9999999997872335E+00
                          0.9999999970582322E+00
                          0.9999999999508391E+00
                          0.9999999997997426E+00
                          0.9999999977649767E+00
                          0.9999999998545350E+00
                          0.9999999996097774E+00
                          0.9999999998933722E+00
                          0.9999999999044631E+00
                          0.9999999999408908E+00
                          0.9999999999514338E+00
                          0.9999999980170271E+00
                          0.9999999999393396E+00
                          0.9999996650966388E+00
                          0.9990316896844517E+00
                          0.9999999981138002E+00
                          0.9999999997365180E+00
                          0.9999999999302341E+00
                          0.9999999999107675E+00
                          0.9999999196682799E+00
                          0.9999999087685001E+00
                          0.9999717115394700E+00
                          0.9999577562623955E+00
                          0.9999999998606803E+00
                          0.9999999999281419E+00
                          0.9999999999259079E+00
                          0.9999999999211494E+00
                          0.9999999988916217E+00
                          0.9999995470241078E+00
                          0.9935219654491755E+00
                          0.9089339944821397E+00
                          0.9994216206829811E+00
                          0.9989213084909032E+00
                          0.9999824034495274E+00
                          0.9999999983109973E+00
                          0.9999999998848844E+00
                          0.9999999998793758E+00
                          0.9999999993184928E+00
                          0.9999999971100867E+00
                          0.9999999998177086E+00
                          0.9999999998389367E+00
                          0.9999984114488887E+00
                          0.9999999987156801E+00
                          0.9999999980656851E+00
                          0.9999999998059036E+00
                          0.9999999998252088E+00
                          0.9999999998209126E+00
                          0.9999999998133697E+00
                          0.9999999997597977E+00
                          0.9999999997752049E+00
                          0.9999999997962301E+00
                          0.9999999997891241E+00
                          0.9999999997814529E+00
                          0.9999999997743009E+00
                          0.9999999997662278E+00
                          0.9999999997582054E+00
                          0.9999999997360323E+00
                          0.9999999994049299E+00
                          0.9999999294443518E+00
                          0.9999999997133749E+00
                          0.9999999997068183E+00
                          0.9999996854692679E+00
                          0.9999999995393762E+00
                          0.9999999618423715E+00
                          0.9999999996657498E+00
                          0.9999999996435701E+00
                          0.9999999996201533E+00
                          0.9999999995882066E+00
                          0.9999999996305101E+00
                          0.9999999996151852E+00
                          0.9999999995830494E+00
                          0.9999995844504589E+00
                          0.9999999415259619E+00
                          0.9999999995607013E+00
                          0.9999999967259127E+00
                          0.9999999893047588E+00
                          0.9999999994734836E+00
                          0.9999999989450888E+00
                          0.9999999800182893E+00
                          0.9999999101170610E+00
                          0.9998469990190332E+00
                          0.9999996060942251E+00
                          0.9999888966518122E+00
                          0.9999802005749159E+00
                          0.9999998720677951E+00
                          0.9989159490692118E+00
                          0.9999886824656871E+00
                          0.9999397306293087E+00
                          0.9999999769997950E+00
                          0.9999999989838966E+00
                          0.9999999973616431E+00
                          0.9999999989824080E+00
                          0.9999995877240152E+00
                          0.9999999992163295E+00
                          0.9999999992036944E+00
                          0.9999999992067506E+00
                          0.9999999990718555E+00
                          0.9999999991312623E+00
                          0.9999997992625759E+00
                          0.9999999988109540E+00
                          0.9999999991115140E+00
                          0.9999999990894238E+00
                          0.9999999990617340E+00
                          0.9999999990438185E+00
                          0.9999945514227435E+00
                          0.9999999989959466E+00
                          0.9999999989615624E+00
                          0.9999999989478747E+00
                          0.9999999989227588E+00
                          0.9999999988971936E+00
                          0.9999999988711779E+00
                          0.9999999988446190E+00
                          0.9999999986546090E+00
                          0.9999999986043803E+00
                          0.9999999987623291E+00
                          0.9999438020417276E+00
                          0.9999999987027319E+00
                          0.9999999976267173E+00
                          0.9999999985633249E+00
                          0.9999999986116354E+00
                          0.9999999985797757E+00
                          0.9999998802988799E+00
                          0.9999999984968764E+00
                          0.9999999969849506E+00
                          0.9986591409750446E+00
                          0.9999999977960174E+00
                          0.9999999983809416E+00
                          0.9999999977871048E+00
                          0.9999999967579367E+00
                          0.9999999946000275E+00
                          0.9999999968520630E+00
                          0.9999998679183228E+00
                          0.9999999902032757E+00
                          0.9999997401600580E+00
                          0.9999999342144117E+00
                          0.9995827808533233E+00
                          0.9999996850051808E+00
                          0.9999997723711174E+00
                          0.9999991962796928E+00
                          0.9999999976223207E+00
                          0.9999999973467131E+00
                          0.9999999826490720E+00
                          0.9999871274244247E+00
                          0.9999999880761072E+00
                          0.9999999976713493E+00
                          0.9999999976187866E+00
                          0.9999999966737172E+00
                          0.9999999975019995E+00
                          0.9999999974270619E+00
                          0.9999999974211056E+00
                          0.9999999967201958E+00
                          0.9999999962474713E+00
                          0.9999999972403765E+00
                          0.9999999972071389E+00
                          0.9999998949568316E+00
                          0.9999999955422783E+00
                          0.9999999970852442E+00
                          0.9999999970320813E+00
                          0.9999999969771498E+00
                          0.9999999967401929E+00
                          0.9999999968652213E+00
                          0.9999999968110821E+00
                          0.9999999967532770E+00
                          0.9999999966950380E+00
                          0.9999999955707251E+00
                          0.9999999965287955E+00
                          0.9999999965153635E+00
                          0.9999999964538165E+00
                          0.9999999963915506E+00
                          0.9999999963234114E+00
                          0.9999999962638739E+00
                          0.9999999961588850E+00
                          0.9999999961305565E+00
                          0.9999999794475757E+00
                          0.9999999959989941E+00
                          0.9999999959276724E+00
                          0.9999999252238323E+00
                          0.9999999922071536E+00
                          0.9999999957147929E+00
                          0.9999996604686350E+00
                          0.9999999955273460E+00
                          0.9999999950013011E+00
                          0.9999999953812285E+00
                          0.9999999953080984E+00
                          0.9999999947879115E+00
                          0.9999998483690827E+00
                          0.9999999944731859E+00
                          0.9999999930210471E+00
                          0.9999999941142415E+00
                          0.9999999947665731E+00
                          0.9999999859639254E+00
                          0.9999987925502077E+00
                          0.9999999903873379E+00
                          0.9999999945185577E+00
                          0.9999999944588949E+00
                          0.9999999943749569E+00
                          0.9999999941400232E+00
                          0.9999999940871952E+00
                          0.9999999930391237E+00
                          0.9999999938965708E+00
                          0.9999999938966156E+00
                          0.9999999938296437E+00
                          0.9999999937290638E+00
                          0.9999999936409795E+00
                          0.9999999923970589E+00
                          0.9999999916691459E+00
                          0.9999999811402873E+00
                          0.9999999932410066E+00
                          0.9999999923389070E+00
                          0.9999999921460254E+00
                          0.9999999928157052E+00
                          0.9999999928322291E+00
                          0.9999999758691643E+00
                          0.9999998963349607E+00
                          0.9999999917759097E+00
                          0.9999999902064831E+00
                          0.9999999848451200E+00
                          0.9999999756645485E+00
                          0.9999999919381602E+00
                          0.9999999916793618E+00
                          0.9999999914781884E+00
                          0.9999999917178154E+00
                          0.9999999915925106E+00
                          0.9999999914640055E+00
                          0.9999999913687952E+00
                          0.9999998889824443E+00
                          0.9999999910813677E+00
                          0.9999999909871587E+00
                          0.9999999907870813E+00
                          0.9999999907429455E+00
                          0.9999999290673025E+00
                          0.9999999904594962E+00
                          0.9999999896850387E+00
                          0.9999999902303595E+00
                          0.9999999889741404E+00
                          0.9999999899667502E+00
                          0.9999999897965176E+00
                          0.9999999896241898E+00
                          0.9999999895475742E+00
                          0.9999999894165046E+00
                          0.9999999892751631E+00
                          0.9999999890573887E+00
                          0.9999999888374929E+00
                          0.9999999888313127E+00
                          0.9999999885121049E+00
                          0.9999999885477944E+00
                          0.9999999883959036E+00
                          0.9999999859565603E+00
                          0.9999999880585204E+00
                          0.9999999879391819E+00
                          0.9999999877833726E+00
                          0.9999999876261140E+00
                          0.9999999874669490E+00
                          0.9999999873059622E+00
                          0.9999999871346652E+00
                          0.9999999869388950E+00
                          0.9999999867940356E+00
                          0.9999999866472348E+00
                          0.9999999864537620E+00
                          0.9999999863115543E+00
                          0.9999999861102572E+00
                          0.9999999779029498E+00
                          0.9999999849746769E+00
                          0.9999999763211911E+00
                          0.9999999854349760E+00
                          0.9999999815934721E+00
                          0.9988619233631728E+00
                          0.9999999848594477E+00
                          0.9999999846781972E+00
                          0.9999999843205820E+00
                          0.9999999825370210E+00
                          0.9999999841463735E+00
                          0.9999999839544522E+00
                          0.9999999837076232E+00
                          0.9999999835628034E+00
                          0.9999999833722880E+00
                          0.9999999831740065E+00
                          0.9999999829729918E+00
                          0.9999999827723167E+00
                          0.9999999825388305E+00
                          0.9999999823634129E+00
                          0.9999999821551145E+00
                          0.9999999819472851E+00
                          0.9999999817362873E+00
                          0.9999999815228577E+00
                          0.9999999637117758E+00
                          0.9999997914230678E+00
                          0.9999999805984158E+00
                          0.9999999806462061E+00
                          0.9999999804322485E+00
                          0.9999999802028132E+00
                          0.9999502722416579E+00
                          0.9999999794016674E+00
                          0.9999999795240864E+00
                          0.9999999792919263E+00
                          0.9999999790380956E+00
                          0.9999997388261465E+00
                          0.9999999785861619E+00
                          0.9999999783468213E+00
                          0.9999999781046507E+00
                          0.9999999753001799E+00
                          0.9999999775947597E+00
                          0.9999999772979438E+00
                          0.9999999771192079E+00
                          0.9999999768672989E+00
                          0.9999999766137624E+00
                          0.9999999763571903E+00
                          0.9999999760998819E+00
                          0.9999999744494424E+00
                          0.9999999755773712E+00
                          0.9999999749792695E+00
                          0.9999999750465584E+00
                          0.9999999747778567E+00
                          0.9999999726825767E+00
                          0.9999999740687400E+00
                          0.9999999739446428E+00
                          0.9999999736814635E+00
                          0.9999999734014248E+00
                          0.9999999731096297E+00
                          0.9999999726859932E+00
                          0.9999999725482700E+00
                          0.9999999722614821E+00
                          0.9999999719678654E+00
                          0.9999999716762268E+00
                          0.9999999713821818E+00
                          0.9999999710845719E+00
                          0.9999999707845759E+00
                          0.9999999704822500E+00
                          0.9999999701775856E+00
                          0.9999999698457083E+00
                          0.9999999695611854E+00
                          0.9999999692494195E+00
                          0.9999999689016452E+00
                          0.9999999686187268E+00
                          0.9999999682997524E+00
                          0.9999999679783829E+00
                          0.9999999676544884E+00
                          0.9999999673197226E+00
                          0.9999999669995479E+00
                          0.9999999666683332E+00
                          0.9999999663345441E+00
                          0.9999999659983440E+00
                          0.9999999656597335E+00
                          0.9999999653184773E+00
                          0.9999999649747242E+00
                          0.9999999646282924E+00
                          0.9999999642775725E+00
                          0.9999999639280681E+00
                          0.9999998904202764E+00
                          0.9999999631890804E+00
                          0.9999999628580055E+00
                          0.9999999623633925E+00
                          0.9999999621178844E+00
                          0.9999999617491392E+00
                          0.9999999613228425E+00
                          0.9999999609117142E+00
                          0.9999999606468269E+00
                          0.9999999602683358E+00
                          0.9999999598779029E+00
                          0.9999999595039131E+00
                          0.9999999545660840E+00
                          0.9999999572747305E+00
                          0.9999999075368122E+00
                          0.9999999579356738E+00
                          0.9999999575417757E+00
                          0.9999999570722563E+00
                          0.9999999513862481E+00
                          0.9999998833530314E+00
                          0.9999996986373596E+00
                          0.9999999010157316E+00
                          0.9999999489855647E+00
                          0.9999999468875621E+00
                          0.9999999507656484E+00
                          0.9999999538445280E+00
                          0.9999999534186902E+00
                          0.9999999529898556E+00
                          0.9999999525577652E+00
                          0.9999999521219589E+00
                          0.9999999516857563E+00
                          0.9999999512439838E+00
                          0.9999999508010653E+00
                          0.9999999503545814E+00
                          0.9999999499048579E+00
                          0.9999999492840688E+00
                          0.9999999489962884E+00
                          0.9999999485373856E+00
                          0.9999999480747347E+00
                          0.9999999476102474E+00
                          0.9999999471420051E+00
                          0.9999999466706295E+00
                          0.9999999461961070E+00
                          0.9999999457184260E+00
                          0.9999999452375735E+00
                          0.9999999447400041E+00
                          0.9999999442661270E+00
                          0.9999999437757994E+00
                          0.9999999432815290E+00
                          0.9999999427845557E+00
                          0.9999999422823797E+00
                          0.9999999417815496E+00
                          0.9999999412747983E+00
                          0.9999999407647459E+00
                          0.9999999402513788E+00
                          0.9999999397346774E+00
                          0.9999999392146127E+00
                          0.9999999386912377E+00
                          0.9999999381604452E+00
                          0.9999999376343064E+00
                          0.9999999371007451E+00
                          0.9999999365636297E+00
                          0.9999999360233607E+00
                          0.9999999354795045E+00
                          0.9999999349321844E+00
                          0.9999999343812160E+00
                          0.9999999334990088E+00
                          0.9999999332693313E+00
                          0.9999999327080389E+00
                          0.9999999321429908E+00
                          0.9999999315740528E+00
                          0.9999999310024168E+00
                          0.9999999304273149E+00
                          0.9999999296960692E+00
                          0.9999999292641699E+00
                          0.9999999286791361E+00
                          0.9999999280890672E+00
                          0.9999999274955302E+00
                          0.9999999268939773E+00
                          0.9999999262969245E+00
                          0.9999999256925431E+00
                          0.9999999250811996E+00
                          0.9999999244626978E+00
                          0.9999999238560909E+00
                          0.9999999232306218E+00
                          0.9999999226130840E+00
                          0.9999999219859163E+00
                          0.9999999213545476E+00
                          0.9999999207200619E+00
                          0.9999999200814395E+00
                          0.9999999194389296E+00
                          0.9999999187923020E+00
                          0.9999999181420706E+00
                          0.9999999174881379E+00
                          0.9999999168183499E+00
                          0.9999999161680760E+00
                          0.9999999155017318E+00
                          0.9999999148240649E+00
                          0.9999999141583653E+00
                          0.9999999134805205E+00
                          0.9999999127726907E+00
                          0.9999999121012532E+00
                          0.9999999114228351E+00
                          0.9999999107288513E+00
                          0.9999999100307965E+00
                          0.9999999093286561E+00
                          0.9999999086224121E+00
                          0.9999999079120525E+00
                          0.9999999071975590E+00
                          0.9999999064789168E+00
                          0.9999999057559134E+00
                          0.9999999050291170E+00
                          0.9999999042979283E+00
                          0.9999999035625257E+00
                          0.9999999028228928E+00
                          0.9999999020790135E+00
                          0.9999999013308717E+00
                          0.9999999005784478E+00
                          0.9999998998217349E+00
                          0.9999998981793696E+00
                          0.9999998982949829E+00
                          0.9999998975256541E+00
                          0.9999998967441004E+00
                          0.9999998958666861E+00
                          0.9999998951902873E+00
                          0.9999998944030875E+00
                          0.9999998936114206E+00
                          0.9999998928153084E+00
                          0.9999998920146351E+00
                          0.9999998912096961E+00
                          0.9999998903942970E+00
                          0.9999998895844813E+00
                          0.9999998887214797E+00
                          0.9999998879153914E+00
                          0.9999998871165475E+00
                          0.9999998857543539E+00
                          0.9999998854476353E+00
                          0.9999998846048040E+00
                          0.9999998837599434E+00
                          0.9999998829093315E+00
                          0.9999998820539293E+00
                          0.9999998811936855E+00
                          0.9999998803083868E+00
                          0.9999998794591834E+00
                          0.9999998785853712E+00
                          0.9999998776420029E+00
                          0.9999998768220422E+00
                          0.9999998759338122E+00
                          0.9999998750409473E+00
                          0.9999998741428637E+00
                          0.9999998732395444E+00
                          0.9999998723320923E+00
                          0.9999998714156729E+00
                          0.9999998625139326E+00
                          0.9999998681505673E+00
                          0.9999998686521433E+00
                          0.9999998677152848E+00
                          0.9999998667750210E+00
                          0.9999998658403569E+00
                          0.9999998648921413E+00
                          0.9999998639409156E+00
                          0.9999998629836550E+00
                          0.9999998620212979E+00
                          0.9999998610540265E+00
                          0.9999998600815945E+00
                          0.9999998590590574E+00
                          0.9999998580558784E+00
                          0.9999998565487227E+00
                          0.9999998561401365E+00
                          0.9999998551426704E+00
                          0.9999998541393510E+00
                          0.9999998531309332E+00
                          0.9999998521172427E+00
                          0.9999998510983144E+00
                          0.9999998500741287E+00
                          0.9999998490422154E+00
                          0.9999998480099180E+00
                          0.9999998469698558E+00
                          0.9999998459244646E+00
                          0.9999998448731302E+00
                          0.9999998438175774E+00
                          0.9999998427561371E+00
                          0.9999998416888957E+00
                          0.9999998406169405E+00
                          0.9999998395391895E+00
                          0.9999998384559924E+00
                          0.9999998373673147E+00
                          0.9999998362731436E+00
                          0.9999998351734609E+00
                          0.9999998339244227E+00
                          0.9999998329532611E+00
                          0.9999998318411566E+00
                          0.9999998307192414E+00
                          0.9999998295916124E+00
                          0.9999998284585716E+00
                          0.9999998273189619E+00
                          0.9999998261753491E+00
                          0.9999998250252241E+00
                          0.9999998238611277E+00
                          0.9999998227061678E+00
                          0.9999998213848802E+00
                          0.9999998203675555E+00
                          0.9999998067726515E+00
                          0.9999998180038376E+00
                          0.9999998168126464E+00
                          0.9999998156175126E+00
                          0.9999998144154236E+00
                          0.9999998132073260E+00
                          0.9999998119936263E+00
                          0.9999998107738924E+00
                          0.9999998095482111E+00
                          0.9999998083166030E+00
                          0.9999998070783793E+00
                          0.9999998058354476E+00
                          0.9999998045858808E+00
                          0.9999998033303001E+00
                          0.9999998020686723E+00
                          0.9999998008009841E+00
                          0.9999997995272146E+00
                          0.9999997982473471E+00
                          0.9999997969606195E+00
                          0.9999997956692359E+00
                          0.9999997938600548E+00
                          0.9999997930047474E+00
                          0.9999997917558386E+00
                          0.9999997904389561E+00
                          0.9999997891158465E+00
                          0.9999997877850991E+00
                          0.9999997864508599E+00
                          0.9999997851089273E+00
                          0.9999997837606798E+00
                          0.9999997824060983E+00
                          0.9999997810451625E+00
                          0.9999997796778527E+00
                          0.9999997783041371E+00
                          0.9999997769240316E+00
                          0.9999997755374805E+00
                          0.9999997741444757E+00
                          0.9999997727449973E+00
                          0.9999997713390250E+00
                          0.9999997699265391E+00
                          0.9999997685075196E+00
                          0.9999997670819406E+00
                          0.9999997656497982E+00
                          0.9999997642110561E+00
                          0.9999997627656992E+00
                          0.9999997613136903E+00
                          0.9999997598550622E+00
                          0.9999997583897406E+00
                          0.9999997569176444E+00
                          0.9999997554140935E+00
                          0.9999997539534079E+00
                          0.9999997524612944E+00
                          0.9999997509622907E+00
                          0.9999997494564883E+00
                          0.9999997479438693E+00
                          0.9999997464243865E+00
                          0.9999997448980867E+00
                          0.9999997433648594E+00
                          0.9999997389782708E+00
                          0.9999997402777684E+00
                          0.9999997387237641E+00
                          0.9999997371628827E+00
                          0.9999997355949745E+00
                          0.9999997340195101E+00
                          0.9999997324380215E+00
                          0.9999997308487254E+00
                          0.9999997292530308E+00
                          0.9999997276498929E+00
                          0.9999997260392030E+00
                          0.9999997239253218E+00
                          0.9999997227976879E+00
                          0.9999997127064366E+00
                          0.9999997195272057E+00
                          0.9999997178797525E+00
                          0.9999997162259090E+00
                          0.9999997145671559E+00
                          0.9999997128992810E+00
                          0.9999997112241057E+00
                          0.9999997095415997E+00
                          0.9999997078517719E+00
                          0.9999997061545457E+00
                          0.9999997044499901E+00
                          0.9999997027299369E+00
                          0.9999997009879820E+00
                          0.9999996992877285E+00
                          0.9999996975198199E+00
                          0.9999996958150241E+00
                          0.9999996940662252E+00
                          0.9999996922836306E+00
                          0.9999996905223634E+00
                          0.9999996887726612E+00
                          0.9999996869933127E+00
                          0.9999996852060867E+00
                          0.9999996833373548E+00
                          0.9999996816086854E+00
                          0.9999996797984659E+00
                          0.9999996779797105E+00
                          0.9999996724428823E+00
                          0.9999996743214705E+00
                          0.9999996724802882E+00
                          0.9999996706145122E+00
                          0.9999996687744985E+00
                          0.9999996669098319E+00
                          0.9999996650373794E+00
                          0.9999996631569971E+00
                          0.9999996612687106E+00
                          0.9999996593724952E+00
                          0.9999996574683291E+00
                          0.9999996555561922E+00
                          0.9999996536360597E+00
                          0.9999996517079109E+00
                          0.9999996497717223E+00
                          0.9999996478274733E+00
                          0.9999996458714548E+00
                          0.9999996439147004E+00
                          0.9999996417440806E+00
                          0.9999996399694117E+00
                          0.9999996379845209E+00
                          0.9999996359913704E+00
                          0.9999996339877194E+00
                          0.9999996319805782E+00
                          0.9999996295962637E+00
                          0.9999996279361628E+00
                          0.9999996259012901E+00
                          0.9999996238587413E+00
                          0.9999996217444198E+00
                          0.9999996183909788E+00
                          0.9999996176808948E+00
                          0.9999996156047999E+00
                          0.9999996135192415E+00
                          0.9999996114268451E+00
                          0.9999996093251652E+00
                          0.9999996072148276E+00
                          0.9999996050961987E+00
                          0.9999996029688983E+00
                          0.9999996008330047E+00
                          0.9999995986885096E+00
                          0.9999995965353828E+00
                          0.9999995943736025E+00
                          0.9999995922030952E+00
                          0.9999995899889114E+00
                          0.9999995878360910E+00
                          0.9999995856394419E+00
                          0.9999995834320515E+00
                          0.9999995812199304E+00
                          0.9999995789969339E+00
                          0.9999995767650999E+00
                          0.9999995745243960E+00
                          0.9999995722748226E+00
                          0.9999995700163323E+00
                          0.9999995677489099E+00
                          0.9999995654724072E+00
                          0.9999995631871742E+00
                          0.9999995608928137E+00
                          0.9999995585894265E+00
                          0.9999995562768648E+00
                          0.9999995539554791E+00
                          0.9999995516248708E+00
                          0.9999995492851411E+00
                          0.9999995469362665E+00
                          0.9999995445779987E+00
                          0.9999995422109869E+00
                          0.9999995398345337E+00
                          0.9999995374488403E+00
                          0.9999995350538837E+00
                          0.9999995326494168E+00
                          0.9999995302360560E+00
                          0.9999995278131475E+00
                          0.9999995253809313E+00
                          0.9999995229392793E+00
                          0.9999995204882156E+00
                          0.9999995180211813E+00
                          0.9999995155575079E+00
                          0.9999995130783804E+00
                          0.9999995105079749E+00
                          0.9999995080890590E+00
                          0.9999995055830101E+00
                          0.9999995030654421E+00
                          0.9999995005382547E+00
                          0.9999994979848014E+00
                          0.9999994954549607E+00
                          0.9999994928988343E+00
                          0.9999994901897293E+00
                          0.9999994877574273E+00
                          0.9999994851721127E+00
                          0.9999994825765035E+00
                          0.9999994799719927E+00
                          0.9999994773389037E+00
                          0.9999994747314319E+00
                          0.9999994720956186E+00
                          0.9999994694526091E+00
                          0.9999994667998587E+00
                          0.9999994641356622E+00
                          0.9999994614614942E+00
                          0.9999994587773242E+00
                          0.9999994560831441E+00
                          0.9999994533789119E+00
                          0.9999994506646092E+00
                          0.9999994479402102E+00
                          0.9999994452056002E+00
                          0.9999994424609906E+00
                          0.9999994397061547E+00
                          0.9999994369411499E+00
                          0.9999994341622607E+00
                          0.9999994313803959E+00
                          0.9999994285846225E+00
                          0.9999994257785407E+00
                          0.9999994229517962E+00
                          0.9999994201354189E+00
                          0.9999994172958878E+00
                          0.9999994144507945E+00
                          0.9999994115928600E+00
                          0.9999994087244748E+00
                          0.9999994058444142E+00
                          0.9999994029562599E+00
                          0.9999994000563770E+00
                          0.9999993971459430E+00
                          0.9999993942249323E+00
                          0.9999993912933174E+00
                          0.9999993883510793E+00
                          0.9999993853981856E+00
                          0.9999993824346128E+00
                          0.9999993794603355E+00
                          0.9999993764753237E+00
                          0.9999993734795247E+00
                          0.9999993704730172E+00
                          0.9999993674556631E+00
                          0.9999993644274739E+00
                          0.9999993613884277E+00
                          0.9999993583384946E+00
                          0.9999993552776482E+00
                          0.9999993522058338E+00
                          0.9999993491208030E+00
                          0.9999993460293816E+00
                          0.9999993429244387E+00
                          0.9999993398088421E+00
                          0.9999993366819812E+00
                          0.9999993335437793E+00
                          0.9999993303945072E+00
                          0.9999993272346926E+00
                          0.9999993240613522E+00
                          0.9999993208807340E+00
                          0.9999993176869190E+00
                          0.9999993144798125E+00
                          0.9999993112654975E+00
                          0.9999993080377654E+00
                          0.9999993047988548E+00
                          0.9999993015011843E+00
                          0.9999992982867855E+00
                          0.9999992950136469E+00
                          0.9999992917290712E+00
                          0.9999992884330315E+00
                          0.9999992851255012E+00
                          0.9999992818064282E+00
                          0.9999992784758621E+00
                          0.9999992751336999E+00
                          0.9999992717799159E+00
                          0.9999992684136845E+00
                          0.9999992650375213E+00
                          0.9999992616488085E+00
                          0.9999992582483906E+00
                          0.9999992548362409E+00
                          0.9999992514123329E+00
                          0.9999992479766390E+00
                          0.9999992445291324E+00
                          0.9999992410697629E+00
                          0.9999992375985570E+00
                          0.9999992341154655E+00
                          0.9999992306165599E+00
                          0.9999992271076484E+00
                          0.9999992235945089E+00
                          0.9999992200635542E+00
                          0.9999992165205677E+00
                          0.9999992129655269E+00
                          0.9999992093984016E+00
                          0.9999992058191629E+00
                          0.9999992022276997E+00
                          0.9999991986242028E+00
                          0.9999991950085032E+00
                          0.9999991913805432E+00
                          0.9999991877403339E+00
                          0.9999991840878341E+00
                          0.9999991804230567E+00
                          0.9999991767459359E+00
                          0.9999991730564139E+00
                          0.9999991693545819E+00
                          0.9999991656403012E+00
                          0.9999991619121837E+00
                          0.9999991581743798E+00
                          0.9999991544226813E+00
                          0.9999991506584648E+00
                          0.9999991468816904E+00
                          0.9999991430923207E+00
                          0.9999991392902919E+00
                          0.9999991354756118E+00
                          0.9999991316484974E+00
                          0.9999991278085330E+00
                          0.9999991239558516E+00
                          0.9999991200904144E+00
                          0.9999991162022639E+00
                          0.9999991123211910E+00
                          0.9999991084173387E+00
                          0.9999991044907263E+00
                          0.9999991005710241E+00
                          0.9999990966285022E+00
                          0.9999990926729450E+00
                          0.9999990887045892E+00
                          0.9999990847231407E+00
                          0.9999990807286618E+00
                          0.9999990767211219E+00
                          0.9999990727004908E+00
                          0.9999990686667468E+00
                          0.9999990646198550E+00
                          0.9999990605597888E+00
                          0.9999990564865197E+00
                          0.9999990524000133E+00
                          0.9999990483002585E+00
                          0.9999990441872092E+00
                          0.9999990400608425E+00
                          0.9999990359210780E+00
                          0.9999990317679860E+00
                          0.9999990276015494E+00
                          0.9999990234216265E+00
                          0.9999990192282413E+00
                          0.9999990150207466E+00
                          0.9999990108009563E+00
                          0.9999990065667570E+00
                          0.9999990023195097E+00
                          0.9999989980579878E+00
                          0.9999989937836239E+00
                          0.9999989894951994E+00
                          0.9999989851930819E+00
                          0.9999989808772360E+00
                          0.9999989765476509E+00
                          0.9999989722042790E+00
                          0.9999989678470972E+00
                          0.9999989634760770E+00
                          0.9999989590911881E+00
                          0.9999989546923711E+00
                          0.9999989502796882E+00
                          0.9999989458529362E+00
                          0.9999989414118409E+00
                          0.9999989369576796E+00
                          0.9999989324888957E+00
                          0.9999989280061429E+00
                          0.9999989235092929E+00
                          0.9999989189982686E+00
                          0.9999989144730626E+00
                          0.9999989099312794E+00
                          0.9999989053799392E+00
                          0.9999989008122423E+00
                          0.9999988962300995E+00
                          0.9999988916336551E+00
                          0.9999988870228224E+00
                          0.9999988823977108E+00
                          0.9999988777581437E+00
                          0.9999988731038932E+00
                          0.9999988684357148E+00
                          0.9999988637527750E+00
                          0.9999988590553148E+00
                          0.9999988543433050E+00
                          0.9999988496107656E+00
                          0.9999988448755148E+00
                          0.9999988401196744E+00
                          0.9999988353491636E+00
                          0.9999988305639523E+00
                          0.9999988257639828E+00
                          0.9999988209493077E+00
                          0.9999988161198138E+00
                          0.9999988112754986E+00
                          0.9999988064163319E+00
                          0.9999988015422832E+00
                          0.9999987966533221E+00
                          0.9999987917494184E+00
                          0.9999987868305401E+00
                          0.9999987818966611E+00
                          0.9999987769477456E+00
                          0.9999987719837677E+00
                          0.9999987670046937E+00
                          0.9999987620104924E+00
                          0.9999987570011382E+00
                          0.9999987519765932E+00
                          0.9999987469368349E+00
                          0.9999987418812624E+00
                          0.9999987368102040E+00
                          0.9999987317259412E+00
                          0.9999987266249747E+00
                          0.9999987214874911E+00
                          0.9999987163769821E+00
                          0.9999987112298386E+00
                          0.9999987060672303E+00
                          0.9999987008889345E+00
                          0.9999986956954923E+00
                          0.9999986904863118E+00
                          0.9999986852615378E+00
                          0.9999986800040856E+00
                          0.9999986747650699E+00
                          0.9999986694933773E+00
                          0.9999986642059409E+00
                          0.9999986589027606E+00
                          0.9999986535838057E+00
                          0.9999986482490446E+00
                          0.9999986428984463E+00
                          0.9999986375319782E+00
                          0.9999986321496124E+00
                          0.9999986267513141E+00
                          0.9999986213370531E+00
                          0.9999986159067898E+00
                          0.9999986104605169E+00
                          0.9999986049981788E+00
                          0.9999985995197133E+00
                          0.9999985940250927E+00
                          0.9999985885145063E+00
                          0.9999985829876240E+00
                          0.9999985774445266E+00
                          0.9999985718843719E+00
                          0.9999985663095597E+00
                          0.9999985607176267E+00
                          0.9999985551093518E+00
                          0.9999985494847029E+00
                          0.9999985438436483E+00
                          0.9999985381861562E+00
                          0.9999985325121947E+00
                          0.9999985268217317E+00
                          0.9999985211141511E+00
                          0.9999985153911739E+00
                          0.9999985096510149E+00
                          0.9999985038942265E+00
                          0.9999984981207501E+00
                          0.9999984923306331E+00
                          0.9999984865236975E+00
                          0.9999984807001364E+00
                          0.9999984748596176E+00
                          0.9999984690024791E+00
                          0.9999984631283817E+00
                          0.9999984572373996E+00
                          0.9999984513294118E+00
                          0.9999984454046300E+00
                          0.9999984394628137E+00
                          0.9999984335039525E+00
                          0.9999984275280588E+00
                          0.9999984215350753E+00
                          0.9999984155249517E+00
                          0.9999984094977341E+00
                          0.9999984034499066E+00
                          0.9999983973916765E+00
                          0.9999983911153041E+00
                          0.9999983852166415E+00
                          0.9999983791031758E+00
                          0.9999983729723676E+00
                          0.9999983668241841E+00
                          0.9999983606584755E+00
                          0.9999983544755603E+00
                          0.9999983482750544E+00
                          0.9999983420570169E+00
                          0.9999983358214286E+00
                          0.9999983295683319E+00
                          0.9999983232952259E+00
                          0.9999983170092588E+00
                          0.9999983107032260E+00
                          0.9999983043794817E+00
                          0.9999982980379982E+00
                          0.9999982916787462E+00
                          0.9999982853016890E+00
                          0.9999982789067944E+00
                          0.9999982724940221E+00
                          0.9999982660633613E+00
                          0.9999982596147532E+00
                          0.9999982531481799E+00
                          0.9999982466633436E+00
                          0.9999982401609839E+00
                          0.9999982336400932E+00
                          0.9999982271015060E+00
                          0.9999982205445778E+00
                          0.9999982139694785E+00
                          0.9999982073761750E+00
                          0.9999982007646333E+00
                          0.9999981941348201E+00
                          0.9999981874864622E+00
                          0.9999981808202442E+00
                          0.9999981741353962E+00
                          0.9999981674321778E+00
                          0.9999981607105014E+00
                          0.9999981539703511E+00
                          0.9999981472116922E+00
                          0.9999981404344397E+00
                          0.9999981336385785E+00
                          0.9999981268242850E+00
                          0.9999981199819633E+00
                          0.9999981131396023E+00
                          0.9999981062691571E+00
                          0.9999980993800137E+00
                          0.9999980924720843E+00
                          0.9999980855447534E+00
                          0.9999980785997161E+00
                          0.9999980716352225E+00
                          0.9999980646518278E+00
                          0.9999980576494969E+00
                          0.9999980506281629E+00
                          0.9999980435878055E+00
                          0.9999980365283488E+00
                          0.9999980294499126E+00
                          0.9999980223522981E+00
                          0.9999980152355277E+00
                          0.9999980080995665E+00
                          0.9999980009443746E+00
                          0.9999979937699284E+00
                          0.9999979865761077E+00
                          0.9999979793631266E+00
                          0.9999979721306957E+00
                          0.9999979648788666E+00
                          0.9999979576076049E+00
                          0.9999979503168731E+00
                          0.9999979430066297E+00
                          0.9999979356765194E+00
                          0.9999979283269174E+00
                          0.9999979209583905E+00
                          0.9999979135700090E+00
                          0.9999979061617473E+00
                          0.9999978987337748E+00
                          0.9999978912860565E+00
                          0.9999978838185560E+00
                          0.9999978763312430E+00
                          0.9999978688240777E+00
                          0.9999978612970266E+00
                          0.9999978537500547E+00
                          0.9999978461831268E+00
                          0.9999978385962078E+00
                          0.9999978309892624E+00
                          0.9999978233622557E+00
                          0.9999978157151519E+00
                          0.9999978080461995E+00
                          0.9999978003604978E+00
                          0.9999977926529082E+00
                          0.9999977849250645E+00
                          0.9999977771769472E+00
                          0.9999977694085158E+00
                          0.9999977616197523E+00
                          0.9999977538106025E+00
                          0.9999977459810374E+00
                          0.9999977381309739E+00
                          0.9999977302605192E+00
                          0.9999977223694948E+00
                          0.9999977144578726E+00
                          0.9999977065223249E+00
                          0.9999976985549344E+00
                          0.9999976905849711E+00
                          0.9999976826052940E+00
                          0.9999976745903876E+00
                          0.9999976665547046E+00
                          0.9999976584982231E+00
                          0.9999976504208771E+00
                          0.9999976423226826E+00
                          0.9999976342035567E+00
                          0.9999976260634790E+00
                          0.9999976179022998E+00
                          0.9999976097203241E+00
                          0.9999976015171749E+00
                          0.9999975932929295E+00
                          0.9999975850475521E+00
                          0.9999975767805336E+00
                          0.9999975684932559E+00
                          0.9999975601842644E+00
                          0.9999975518539708E+00
                          0.9999975435024154E+00
                          0.9999975351294818E+00
                          0.9999975267338931E+00
                          0.9999975183194280E+00
                          0.9999975098822298E+00
                          0.9999975014235364E+00
                          0.9999974929431915E+00
                          0.9999974844414643E+00
                          0.9999974759181190E+00
                          0.9999974673730403E+00
                          0.9999974588063365E+00
                          0.9999974502179311E+00
                          0.9999974416071714E+00
                          0.9999974329755423E+00
                          0.9999974243219808E+00
                          0.9999974156463242E+00
                          0.9999974069487251E+00
                          0.9999973982252434E+00
                          0.9999973894878165E+00
                          0.9999973807243457E+00
                          0.9999973719388292E+00
                          0.9999973631312301E+00
                          0.9999973543015115E+00
                          0.9999973454496340E+00
                          0.9999973365755078E+00
                          0.9999973276792676E+00
                          0.9999973187606624E+00
                          0.9999973098198290E+00
                          0.9999973008565892E+00
                          0.9999972918703385E+00
                          0.9999972828629324E+00
                          0.9999972738325432E+00
                          0.9999972647795942E+00
                          0.9999972557040893E+00
                          0.9999972466060619E+00
                          0.9999972374854118E+00
                          0.9999972283421171E+00
                          0.9999972191761034E+00
                          0.9999972099874657E+00
                          0.9999972007760279E+00
                          0.9999971915418000E+00
                          0.9999971822847441E+00
                          0.9999971730048227E+00
                          0.9999971637019716E+00
                          0.9999971543762238E+00
                          0.9999971450274892E+00
                          0.9999971356545551E+00
                          0.9999971262609155E+00
                          0.9999971168430101E+00
                          0.9999971074019751E+00
                          0.9999970979377728E+00
                          0.9999970884503654E+00
                          0.9999970789397149E+00
                          0.9999970694057834E+00
                          0.9999970598483086E+00
                          0.9999970502679253E+00
                          0.9999970406639227E+00
                          0.9999970310364846E+00
                          0.9999970213854854E+00
                          0.9999970117111644E+00
                          0.9999970020132010E+00
                          0.9999969922916521E+00
                          0.9999969825462919E+00
                          0.9999969727749618E+00
                          0.9999969629851088E+00
                          0.9999969531686690E+00
                          0.9999969433285572E+00
                          0.9999969334647333E+00
                          0.9999969235760259E+00
                          0.9999969136655878E+00
                          0.9999969037300441E+00
                          0.9999968937656705E+00
                          0.9999968837870075E+00
                          0.9999968737794469E+00
                          0.9999968637459432E+00
                          0.9999968536920271E+00
                          0.9999968436120921E+00
                          0.9999968335079555E+00
                          0.9999968233795813E+00
                          0.9999968132269281E+00
                          0.9999968030499582E+00
                          0.9999967928486326E+00
                          0.9999967826228746E+00
                          0.9999967723727592E+00
                          0.9999967620981335E+00
                          0.9999967517989783E+00
                          0.9999967414753100E+00
                          0.9999967311270320E+00
                          0.9999967207541186E+00
                          0.9999967103565534E+00
                          0.9999966999342816E+00
                          0.9999966894872592E+00
                          0.9999966790154520E+00
                          0.9999966685188216E+00
                          0.9999966579973282E+00
                          0.9999966474509326E+00
                          0.9999966368723829E+00
                          0.9999966262832712E+00
                          0.9999966156619414E+00
                          0.9999966050155449E+00
                          0.9999965943440497E+00
                          0.9999965836474164E+00
                          0.9999965728751570E+00
                          0.9999965621785772E+00
                          0.9999965514062940E+00
                          0.9999965406087137E+00
                          0.9999965297857730E+00
                          0.9999965189375070E+00
                          0.9999965080638010E+00
                          0.9999964971646408E+00
                          0.9999964862399863E+00
                          0.9999964752897977E+00
                          0.9999964643139586E+00
                          0.9999964533126510E+00
                          0.9999964422856313E+00
                          0.9999964312329028E+00
                          0.9999964201544546E+00
                          0.9999964090502267E+00
                          0.9999963979201860E+00
                          0.9999963867642926E+00
                          0.9999963755824991E+00
                          0.9999963643747871E+00
                          0.9999963531410929E+00
                          0.9999963418813382E+00
                          0.9999963305956319E+00
                          0.9999963192837803E+00
                          0.9999963079457953E+00
                          0.9999962965815907E+00
                          0.9999962851912639E+00
                          0.9999962737746372E+00
                          0.9999962623317157E+00
                          0.9999962508624595E+00
                          0.9999962393668279E+00
                          0.9999962278447623E+00
                          0.9999962162962773E+00
                          0.9999962047212775E+00
                          0.9999961931197405E+00
                          0.9999961814916261E+00
                          0.9999961698368933E+00
                          0.9999961581555017E+00
                          0.9999961464474110E+00
                          0.9999961347125803E+00
                          0.9999961229509688E+00
                          0.9999961111625360E+00
                          0.9999960993472371E+00
                          0.9999960875050429E+00
                          0.9999960756358998E+00
                          0.9999960637397727E+00
                          0.9999960518165698E+00
                          0.9999960398664045E+00
                          0.9999960278890704E+00
                          0.9999960158846063E+00
                          0.9999960038529434E+00
                          0.9999959917940504E+00
                          0.9999959797078861E+00
                          0.9999959675941380E+00
                          0.9999959554535791E+00
                          0.9999959432853206E+00
                          0.9999959310896936E+00
                          0.9999959188665558E+00
                          0.9999959066158999E+00
                          0.9999958943376700E+00
                          0.9999958820318681E+00
                          0.9999958696984094E+00
                          0.9999958573372658E+00
                          0.9999958449483586E+00
                          0.9999958325317667E+00
                          0.9999958200873259E+00
                          0.9999958076150354E+00
                          0.9999957951148540E+00
                          0.9999957825867404E+00
                          0.9999957700306528E+00
                          0.9999957574465497E+00
                          0.9999957448343894E+00
                          0.9999957321940631E+00
                          0.9999957195257303E+00
                          0.9999957068219935E+00
                          0.9999956941043421E+00
                          0.9999956813331737E+00
                          0.9999956685698903E+00
                          0.9999956557596893E+00
                          0.9999956429220404E+00
                          0.9999956300554531E+00
                          0.9999956171604568E+00
                          0.9999956042368606E+00
                          0.9999955912848042E+00
                          0.9999955783040969E+00
                          0.9999955652947462E+00
                          0.9999955522566997E+00
                          0.9999955391899460E+00
                          0.9999955260943347E+00
                          0.9999955129700653E+00
                          0.9999954998168641E+00
                          0.9999954866347699E+00
                          0.9999954734237305E+00
                          0.9999954601837181E+00
                          0.9999954469146780E+00
                          0.9999954336165531E+00
                          0.9999954202892739E+00
                          0.9999954069329934E+00
                          0.9999953935472574E+00
                          0.9999953801326417E+00
                          0.9999953666885697E+00
                          0.9999953532151770E+00
                          0.9999953397123941E+00
                          0.9999953261802585E+00
                          0.9999953126186476E+00
                          0.9999952990275452E+00
                          0.9999952854069086E+00
                          0.9999952717566954E+00
                          0.9999952580768625E+00
                          0.9999952443673629E+00
                          0.9999952306281663E+00
                          0.9999952168592156E+00
                          0.9999952030604772E+00
                          0.9999951892318895E+00
                          0.9999951753734519E+00
                          0.9999951614850787E+00
                          0.9999951475667465E+00
                          0.9999951336184061E+00
                          0.9999951196400165E+00
                          0.9999951056315346E+00
                          0.9999950915929045E+00
                          0.9999950775241211E+00
                          0.9999950634251029E+00
                          0.9999950492958201E+00
                          0.9999950351362028E+00
                          0.9999950209456926E+00
                          0.9999950067259299E+00
                          0.9999949924751500E+00
                          0.9999949781939111E+00
                          0.9999949638821237E+00
                          0.9999949495397744E+00
                          0.9999949351667307E+00
                          0.9999949207631819E+00
                          0.9999949063288570E+00
                          0.9999948918638053E+00
                          0.9999948773679554E+00
                          0.9999948628412758E+00
                          0.9999948482836961E+00
                          0.9999948336952509E+00
                          0.9999948190758158E+00
                          0.9999948044253634E+00
                          0.9999947897438815E+00
                          0.9999947750313143E+00
                          0.9999947602875979E+00
                          0.9999947455126691E+00
                          0.9999947307065783E+00
                          0.9999947158691904E+00
                          0.9999947010004890E+00
                          0.9999946861004310E+00
                          0.9999946711689721E+00
                          0.9999946562060337E+00
                          0.9999946412116687E+00
                          0.9999946261857519E+00
                          0.9999946111282497E+00
                          0.9999945960389612E+00
                          0.9999945809183376E+00
                          0.9999945657658402E+00
                          0.9999945505815880E+00
                          0.9999945353655374E+00
                          0.9999945201176437E+00
                          0.9999945048378637E+00
                          0.9999944895261518E+00
                          0.9999944741824638E+00
                          0.9999944588067553E+00
                          0.9999944433989820E+00
                          0.9999944279590632E+00
                          0.9999944124870621E+00
                          0.9999943969826950E+00
                          0.9999943814463472E+00
                          0.9999943658775801E+00
                          0.9999943502764181E+00
                          0.9999943346430028E+00
                          0.9999943189771032E+00
                          0.9999943032787225E+00
                          0.9999942875478581E+00
                          0.9999942717844229E+00
                          0.9999942559883861E+00
                          0.9999942401597028E+00
                          0.9999942242983280E+00
                          0.9999942084042168E+00
                          0.9999941924773241E+00
                          0.9999941765176049E+00
                          0.9999941605250141E+00
                          0.9999941444995056E+00
                          0.9999941284410337E+00
                          0.9999941123493816E+00
                          0.9999940962250325E+00
                          0.9999940800673434E+00
                          0.9999940638766384E+00
                          0.9999940476526035E+00
                          0.9999940313954921E+00
                          0.9999940151050174E+00
                          0.9999939987812306E+00
                          0.9999939824240696E+00
                          0.9999939660334928E+00
                          0.9999939496093895E+00
                          0.9999939331519129E+00
                          0.9999939166608185E+00
                          0.9999939001361270E+00
                          0.9999938835777196E+00
                          0.9999938669857716E+00
                          0.9999938503600159E+00
                          0.9999938337004805E+00
                          0.9999938170071199E+00
                          0.9999938002798883E+00
                          0.9999937835187398E+00
                          0.9999937667236288E+00
                          0.9999937498945093E+00
                          0.9999937330313354E+00
                          0.9999937161340613E+00
                          0.9999936992026410E+00
                          0.9999936822370287E+00
                          0.9999936652371736E+00
                          0.9999936482030407E+00
                          0.9999936311345783E+00
                          0.9999936140317336E+00
                          0.9999935968944730E+00
                          0.9999935797227404E+00
                          0.9999935625164933E+00
                          0.9999935452756844E+00
                          0.9999935280002694E+00
                          0.9999935106902001E+00
                          0.9999934933454312E+00
                          0.9999934759659159E+00
                          0.9999934585516017E+00
                          0.9999934411024615E+00
                          0.9999934236184292E+00
                          0.9999934060994652E+00
                          0.9999933885455227E+00
                          0.9999933709565548E+00
                          0.9999933533323924E+00
                          0.9999933356733596E+00
                          0.9999933179785864E+00
                          0.9999933002495051E+00
                          0.9999932824843877E+00
                          0.9999932646846187E+00
                          0.9999932468491717E+00
                          0.9999932289783264E+00
                          0.9999932110720362E+00
                          0.9999931931302540E+00
                          0.9999931751529332E+00
                          0.9999931571400266E+00
                          0.9999931390914875E+00
                          0.9999931210072058E+00
                          0.9999931028873237E+00
                          0.9999930847316034E+00
                          0.9999930665400658E+00
                          0.9999930483126582E+00
                          0.9999930300493372E+00
                          0.9999930117500523E+00
                          0.9999929934147608E+00
                          0.9999929750432647E+00
                          0.9999929566359591E+00
                          0.9999929381922587E+00
                          0.9999929197125368E+00
                          0.9999929011964915E+00
                          0.9999928826441674E+00
                          0.9999928640554862E+00
                          0.9999928454304198E+00
                          0.9999928267689171E+00
                          0.9999928080709318E+00
                          0.9999927893364159E+00
                          0.9999927705653102E+00
                          0.9999927517576054E+00
                          0.9999927329130651E+00
                          0.9999927140321029E+00
                          0.9999926951142234E+00
                          0.9999926761595279E+00
                          0.9999926571679690E+00
                          0.9999926381394988E+00
                          0.9999926190740694E+00
                          0.9999925999716327E+00
                          0.9999925808321420E+00
                          0.9999925616555482E+00
                          0.9999925424418038E+00
                          0.9999925231908608E+00
                          0.9999925039026714E+00
                          0.9999924845771861E+00
                          0.9999924652143608E+00
                          0.9999924458141436E+00
                          0.9999924263763730E+00
                          0.9999924069013422E+00
                          0.9999923873886537E+00
                          0.9999923678384055E+00
                          0.9999923482505120E+00
                          0.9999923286249122E+00
                          0.9999923089616399E+00
                          0.9999922892605564E+00
                          0.9999922695216616E+00
                          0.9999922497448868E+00
                          0.9999922299300349E+00
                          0.9999922100775126E+00
                          0.9999921901866434E+00
                          0.9999921702580893E+00
                          0.9999921502912225E+00
                          0.9999921302861917E+00
                          0.9999921102429431E+00
                          0.9999920901614436E+00
                          0.9999920700415789E+00
                          0.9999920498832666E+00
                          0.9999920296867939E+00
                          0.9999920094518390E+00
                          0.9999919891782971E+00
                          0.9999919688662025E+00
                          0.9999919485153284E+00
                          0.9999919281261559E+00
                          0.9999919076981058E+00
                          0.9999918872313082E+00
                          0.9999918667257113E+00
                          0.9999918461812675E+00
                          0.9999918255979273E+00
                          0.9999918049756419E+00
                          0.9999917843143621E+00
                          0.9999917636140387E+00
                          0.9999917428746227E+00
                          0.9999917220960648E+00
                          0.9999917012783158E+00
                          0.9999916804213266E+00
                          0.9999916595250478E+00
                          0.9999916385894295E+00
                          0.9999916176144240E+00
                          0.9999915965999804E+00
                          0.9999915755459899E+00
                          0.9999915544525826E+00
                          0.9999915333195060E+00
                          0.9999915121468411E+00
                          0.9999914909344678E+00
                          0.9999914696823600E+00
                          0.9999914483904673E+00
                          0.9999914270587424E+00
                          0.9999914056871334E+00
                          0.9999913842755914E+00
                          0.9999913628240668E+00
                          0.9999913413325040E+00
                          0.9999913198008701E+00
                          0.9999912982290985E+00
                          0.9999912766171452E+00
                          0.9999912549649600E+00
                          0.9999912332724932E+00
                          0.9999912115396947E+00
                          0.9999911897665148E+00
                          0.9999911679529030E+00
                          0.9999911460988102E+00
                          0.9999911242041827E+00
                          0.9999911022689794E+00
                          0.9999910802931412E+00
                          0.9999910582766212E+00
                          0.9999910362193690E+00
                          0.9999910141213345E+00
                          0.9999909919824675E+00
                          0.9999909698027177E+00
                          0.9999909475819134E+00
                          0.9999909253203684E+00
                          0.9999909030176681E+00
                          0.9999908806738836E+00
                          0.9999908582889646E+00
                          0.9999908358628602E+00
                          0.9999908133955208E+00
                          0.9999907908868949E+00
                          0.9999907683369293E+00
                          0.9999907457455830E+00
                          0.9999907231127956E+00
                          0.9999907004385197E+00
                          0.9999906777226190E+00
                          0.9999906549652999E+00
                          0.9999906321662546E+00
                          0.9999906093255180E+00
                          0.9999905864430364E+00
                          0.9999905635187675E+00
                          0.9999905405526520E+00
                          0.9999905175446420E+00
                          0.9999904944946862E+00
                          0.9999904714027340E+00
                          0.9999904482687342E+00
                          0.9999904250926359E+00
                          0.9999904018743878E+00
                          0.9999903786139397E+00
                          0.9999903553112395E+00
                          0.9999903319662297E+00
                          0.9999903085788793E+00
                          0.9999902851491170E+00
                          0.9999902616768982E+00
                          0.9999902381621717E+00
                          0.9999902146048862E+00
                          0.9999901910049904E+00
                          0.9999901673624330E+00
                          0.9999901436771607E+00
                          0.9999901199491276E+00
                          0.9999900961782767E+00
                          0.9999900723645584E+00
                          0.9999900485079213E+00
                          0.9999900246083138E+00
                          0.9999900006656843E+00
                          0.9999899766799786E+00
                          0.9999899526511530E+00
                          0.9999899285791478E+00
                          0.9999899044639141E+00
                          0.9999898803054001E+00
                          0.9999898561035542E+00
                          0.9999898318583244E+00
                          0.9999898075696589E+00
                          0.9999897832375061E+00
                          0.9999897588617763E+00
                          0.9999897344425304E+00
                          0.9999897099796037E+00
                          0.9999896854729819E+00
                          0.9999896609226130E+00
                          0.9999896363284448E+00
                          0.9999896116904256E+00
                          0.9999895870085028E+00
                          0.9999895622826247E+00
                          0.9999895375127390E+00
                          0.9999895126987934E+00
                          0.9999894878407358E+00
                          0.9999894629385141E+00
                          0.9999894379920757E+00
                          0.9999894130013686E+00
                          0.9999893879663403E+00
                          0.9999893628869384E+00
                          0.9999893377631106E+00
                          0.9999893125948044E+00
                          0.9999892873819674E+00
                          0.9999892621245470E+00
                          0.9999892368224907E+00
                          0.9999892114757460E+00
                          0.9999891860842605E+00
                          0.9999891606479812E+00
                          0.9999891351668556E+00
                          0.9999891096408311E+00
                          0.9999890840698550E+00
                          0.9999890584538745E+00
                          0.9999890327928368E+00
                          0.9999890070866891E+00
                          0.9999889813353787E+00
                          0.9999889555388526E+00
                          0.9999889296970579E+00
                          0.9999889038099418E+00
                          0.9999888778774512E+00
                          0.9999888518995331E+00
                          0.9999888258761346E+00
                          0.9999887998072026E+00
                          0.9999887736926840E+00
                          0.9999887475325258E+00
                          0.9999887213266746E+00
                          0.9999886950750775E+00
                          0.9999886687776811E+00
                          0.9999886424344323E+00
                          0.9999886160452779E+00
                          0.9999885896101643E+00
                          0.9999885631290385E+00
                          0.9999885366018469E+00
                          0.9999885100285363E+00
                          0.9999884834090531E+00
                          0.9999884567433439E+00
                          0.9999884300313554E+00
                          0.9999884032730338E+00
                          0.9999883764683258E+00
                          0.9999883496171776E+00
                          0.9999883227195359E+00
                          0.9999882957753468E+00
                          0.9999882687845566E+00
                          0.9999882417471119E+00
                          0.9999882146629586E+00
                          0.9999881875320432E+00
                          0.9999881603543118E+00
                          0.9999881331297106E+00
                          0.9999881058581858E+00
                          0.9999880785396834E+00
                          0.9999880511741496E+00
                          0.9999880237615304E+00
                          0.9999879963017718E+00
                          0.9999879687948199E+00
                          0.9999879412406205E+00
                          0.9999879136391197E+00
                          0.9999878859902631E+00
                          0.9999878582939969E+00
                          0.9999878305502669E+00
                          0.9999878027590188E+00
                          0.9999877749201983E+00
                          0.9999877470337513E+00
                          0.9999877190996235E+00
                          0.9999876911177604E+00
                          0.9999876630881078E+00
                          0.9999876350106114E+00
                          0.9999876068852167E+00
                          0.9999875787118693E+00
                          0.9999875504905146E+00
                          0.9999875222210982E+00
                          0.9999874939035656E+00
                          0.9999874655378620E+00
                          0.9999874371239332E+00
                          0.9999874086617243E+00
                          0.9999873801511807E+00
                          0.9999873515922477E+00
                          0.9999873229848706E+00
                          0.9999872943289947E+00
                          0.9999872656245651E+00
                          0.9999872368715270E+00
                          0.9999872080698258E+00
                          0.9999871792194063E+00
                          0.9999871503202138E+00
                          0.9999871213721933E+00
                          0.9999870923752897E+00
                          0.9999870633294483E+00
                          0.9999870342346139E+00
                          0.9999870050907314E+00
                          0.9999869758977457E+00
                          0.9999869466556017E+00
                          0.9999869173642444E+00
                          0.9999868880236186E+00
                          0.9999868586336688E+00
                          0.9999868291943400E+00
                          0.9999867997055768E+00
                          0.9999867701673241E+00
                          0.9999867405795263E+00
                          0.9999867109421282E+00
                          0.9999866812550744E+00
                          0.9999866515183095E+00
                          0.9999866217317778E+00
                          0.9999865918954240E+00
                          0.9999865620091926E+00
                          0.9999865320730280E+00
                          0.9999865020868746E+00
                          0.9999864720506768E+00
                          0.9999864419643789E+00
                          0.9999864118279254E+00
                          0.9999863816412603E+00
                          0.9999863514043281E+00
                          0.9999863211170730E+00
                          0.9999862907794390E+00
                          0.9999862603913706E+00
                          0.9999862299528116E+00
                          0.9999861994637064E+00
                          0.9999861689239989E+00
                          0.9999861383336331E+00
                          0.9999861076925532E+00
                          0.9999860770007031E+00
                          0.9999860462580267E+00
                          0.9999860154644680E+00
                          0.9999859846199707E+00
                          0.9999859537244788E+00
                          0.9999859227779363E+00
                          0.9999858917802867E+00
                          0.9999858607314740E+00
                          0.9999858296314418E+00
                          0.9999857984801337E+00
                          0.9999857672774937E+00
                          0.9999857360234651E+00
                          0.9999857047179916E+00
                          0.9999856733610171E+00
                          0.9999856419524846E+00
                          0.9999856104923381E+00
                          0.9999855789805209E+00
                          0.9999855474169763E+00
                          0.9999855158016481E+00
                          0.9999854841344793E+00
                          0.9999854524154135E+00
                          0.9999854206443940E+00
                          0.9999853888213640E+00
                          0.9999853569462669E+00
                          0.9999853250190459E+00
                          0.9999852930396442E+00
                          0.9999852610080050E+00
                          0.9999852289240714E+00
                          0.9999851967877865E+00
                          0.9999851645990935E+00
                          0.9999851323579353E+00
                          0.9999851000642550E+00
                          0.9999850677179957E+00
                          0.9999850353191002E+00
                          0.9999850028675115E+00
                          0.9999849703631725E+00
                          0.9999849378060260E+00
                          0.9999849051960151E+00
                          0.9999848725330822E+00
                          0.9999848398171705E+00
                          0.9999848070482223E+00
                          0.9999847742261807E+00
                          0.9999847413509882E+00
                          0.9999847084225876E+00
                          0.9999846754409213E+00
                          0.9999846424059320E+00
                          0.9999846093175623E+00
                          0.9999845761757546E+00
                          0.9999845429804516E+00
                          0.9999845097315956E+00
                          0.9999844764291291E+00
                          0.9999844430729946E+00
                          0.9999844096631343E+00
                          0.9999843761994907E+00
                          0.9999843426820059E+00
                          0.9999843091106224E+00
                          0.9999842754852823E+00
                          0.9999842418059280E+00
                          0.9999842080725015E+00
                          0.9999841742849451E+00
                          0.9999841404432008E+00
                          0.9999841065472108E+00
                          0.9999840725969172E+00
                          0.9999840385922619E+00
                          0.9999840045331870E+00
                          0.9999839704196344E+00
                          0.9999839362515461E+00
                          0.9999839020288640E+00
                          0.9999838677515300E+00
                          0.9999838334194859E+00
                          0.9999837990326736E+00
                          0.9999837645910349E+00
                          0.9999837300945114E+00
                          0.9999836955430449E+00
                          0.9999836609365771E+00
                          0.9999836262750498E+00
                          0.9999835915584043E+00
                          0.9999835567865826E+00
                          0.9999835219595261E+00
                          0.9999834870771762E+00
                          0.9999834521394746E+00
                          0.9999834171463627E+00
                          0.9999833820977820E+00
                          0.9999833469936739E+00
                          0.9999833118339797E+00
                          0.9999832766186408E+00
                          0.9999832413475986E+00
                          0.9999832060207944E+00
                          0.9999831706381693E+00
                          0.9999831351996648E+00
                          0.9999830997052218E+00
                          0.9999830641547817E+00
                          0.9999830285482854E+00
                          0.9999829928856742E+00
                          0.9999829571668891E+00
                          0.9999829213918713E+00
                          0.9999828855605616E+00
                          0.9999828496729011E+00
                          0.9999828137288308E+00
                          0.9999827777282915E+00
                          0.9999827416712240E+00
                          0.9999827055575695E+00
                          0.9999826693872685E+00
                          0.9999826331602620E+00
                          0.9999825968764907E+00
                          0.9999825605358954E+00
                          0.9999825241384167E+00
                          0.9999824876839952E+00
                          0.9999824511725719E+00
                          0.9999824146040870E+00
                          0.9999823779784813E+00
                          0.9999823412956953E+00
                          0.9999823045556696E+00
                          0.9999822677583445E+00
                          0.9999822309036607E+00
                          0.9999821939915585E+00
                          0.9999821570219782E+00
                          0.9999821199948604E+00
                          0.9999820829101452E+00
                          0.9999820457677732E+00
                          0.9999820085676843E+00
                          0.9999819713098190E+00
                          0.9999819339941174E+00
                          0.9999818966205197E+00
                          0.9999818591889662E+00
                          0.9999818216993968E+00
                          0.9999817841517517E+00
                          0.9999817465459709E+00
                          0.9999817088819946E+00
                          0.9999816711597624E+00
                          0.9999816333792148E+00
                          0.9999815955402913E+00
                          0.9999815576429320E+00
                          0.9999815196870767E+00
                          0.9999814816726653E+00
                          0.9999814435996376E+00
                          0.9999814054679332E+00
                          0.9999813672774922E+00
                          0.9999813290282541E+00
                          0.9999812907201586E+00
                          0.9999812523531453E+00
                          0.9999812139271540E+00
                          0.9999811754421241E+00
                          0.9999811368979953E+00
                          0.9999810982947070E+00
                          0.9999810596321989E+00
                          0.9999810209104103E+00
                          0.9999809821292807E+00
                          0.9999809432887494E+00
                          0.9999809043887560E+00
                          0.9999808654292397E+00
                          0.9999808264101397E+00
                          0.9999807873313956E+00
                          0.9999807481929465E+00
                          0.9999807089947315E+00
                          0.9999806697366899E+00
                          0.9999806304187607E+00
                          0.9999805910408834E+00
                          0.9999805516029968E+00
                          0.9999805121050401E+00
                          0.9999804725469522E+00
                          0.9999804329286723E+00
                          0.9999803932501392E+00
                          0.9999803535112919E+00
                          0.9999803137120694E+00
                          0.9999802738524105E+00
                          0.9999802339322540E+00
                          0.9999801939515388E+00
                          0.9999801539102037E+00
                          0.9999801138081874E+00
                          0.9999800736454286E+00
                          0.9999800334218661E+00
                          0.9999799931374386E+00
                          0.9999799527920846E+00
                          0.9999799123857428E+00
                          0.9999798719183517E+00
                          0.9999798313898499E+00
                          0.9999797908001758E+00
                          0.9999797501492682E+00
                          0.9999797094370652E+00
                          0.9999796686635053E+00
                          0.9999796278285269E+00
                          0.9999795869320685E+00
                          0.9999795459740682E+00
                          0.9999795049544645E+00
                          0.9999794638731956E+00
                          0.9999794227301996E+00
