 Upwards broadband flux at each level [W/m2]
      956.9414
      914.2560
      869.4713
      829.5423
      793.8482
      761.8326
      732.9696
      706.7798
      681.3212
      651.8517
      619.6301
      590.0929
      564.3811
      543.3419
      525.3392
      508.0664
      491.3643
      475.1428
      459.3419
      443.8488
      428.6636
      413.7954
      399.2536
      385.0532
      371.2142
      357.7617
      344.7364
      332.2630
      320.4424
      309.1326
      298.3667
      288.1945
      278.6718
      269.8517
      261.7821
      254.5028
      248.0285
      242.4600
      238.4967
      235.6809
      233.2297
      231.1643
      229.5946
      228.6893
      228.0611
      226.9669
      226.1717
      225.8048
      225.2150
      224.9638
      224.9383
