 Spectral outgoing longwave flux [W/m2/cm^-1]
  0.6837E-05
  0.3434E-04
  0.8237E-04
  0.1501E-03
  0.2222E-03
  0.3430E-03
  0.4661E-03
  0.6060E-03
  0.7429E-03
  0.9051E-03
  0.1097E-02
  0.1256E-02
  0.1476E-02
  0.1646E-02
  0.1682E-02
  0.2123E-02
  0.2481E-02
  0.2804E-02
  0.3064E-02
  0.3120E-02
  0.3617E-02
  0.4117E-02
  0.4517E-02
  0.4838E-02
  0.5182E-02
  0.5333E-02
  0.5693E-02
  0.6202E-02
  0.6319E-02
  0.6438E-02
  0.6777E-02
  0.7694E-02
  0.7364E-02
  0.8915E-02
  0.9656E-02
  0.1020E-01
  0.1058E-01
  0.1034E-01
  0.1171E-01
  0.1181E-01
  0.1272E-01
  0.1304E-01
  0.1243E-01
  0.1339E-01
  0.1354E-01
  0.1292E-01
  0.1545E-01
  0.1600E-01
  0.1734E-01
  0.1622E-01
  0.1799E-01
  0.1890E-01
  0.2020E-01
  0.1957E-01
  0.2079E-01
  0.2158E-01
  0.2200E-01
  0.2051E-01
  0.2228E-01
  0.2348E-01
  0.2415E-01
  0.2583E-01
  0.2582E-01
  0.2356E-01
  0.2712E-01
  0.2634E-01
  0.2962E-01
  0.3040E-01
  0.3058E-01
  0.3006E-01
  0.3010E-01
  0.3159E-01
  0.3274E-01
  0.3154E-01
  0.3368E-01
  0.3566E-01
  0.3442E-01
  0.3724E-01
  0.3609E-01
  0.3702E-01
  0.3788E-01
  0.4052E-01
  0.4125E-01
  0.3940E-01
  0.4178E-01
  0.4446E-01
  0.4589E-01
  0.4569E-01
  0.4205E-01
  0.4705E-01
  0.4967E-01
  0.5119E-01
  0.5218E-01
  0.5256E-01
  0.5268E-01
  0.5027E-01
  0.5208E-01
  0.5093E-01
  0.5509E-01
  0.5601E-01
  0.5463E-01
  0.5269E-01
  0.5725E-01
  0.5938E-01
  0.5901E-01
  0.5627E-01
  0.5826E-01
  0.6264E-01
  0.6453E-01
  0.6586E-01
  0.6339E-01
  0.5773E-01
  0.6358E-01
  0.6942E-01
  0.7112E-01
  0.7172E-01
  0.7148E-01
  0.6892E-01
  0.6751E-01
  0.6784E-01
  0.6787E-01
  0.7239E-01
  0.6688E-01
  0.7703E-01
  0.7950E-01
  0.7774E-01
  0.8024E-01
  0.8420E-01
  0.8545E-01
  0.8583E-01
  0.7987E-01
  0.8811E-01
  0.8467E-01
  0.8643E-01
  0.7986E-01
  0.8099E-01
  0.8216E-01
  0.8736E-01
  0.7507E-01
  0.9098E-01
  0.7922E-01
  0.8468E-01
  0.9168E-01
  0.9747E-01
  0.9663E-01
  0.1010E+00
  0.8901E-01
  0.9057E-01
  0.1032E+00
  0.1002E+00
  0.9436E-01
  0.1057E+00
  0.1094E+00
  0.1110E+00
  0.9710E-01
  0.1110E+00
  0.1115E+00
  0.1090E+00
  0.1120E+00
  0.1098E+00
  0.1062E+00
  0.9788E-01
  0.1023E+00
  0.1099E+00
  0.1129E+00
  0.1101E+00
  0.9571E-01
  0.1132E+00
  0.1147E+00
  0.1218E+00
  0.1193E+00
  0.1151E+00
  0.1262E+00
  0.1290E+00
  0.1288E+00
  0.1260E+00
  0.1168E+00
  0.1167E+00
  0.1204E+00
  0.1267E+00
  0.1144E+00
  0.1170E+00
  0.1200E+00
  0.1310E+00
  0.1366E+00
  0.1404E+00
  0.1407E+00
  0.1458E+00
  0.1475E+00
  0.1489E+00
  0.1498E+00
  0.1504E+00
  0.1503E+00
  0.1490E+00
  0.1453E+00
  0.1343E+00
  0.1263E+00
  0.1336E+00
  0.1343E+00
  0.1471E+00
  0.1280E+00
  0.1453E+00
  0.1294E+00
  0.1385E+00
  0.1444E+00
  0.1581E+00
  0.1627E+00
  0.1658E+00
  0.1680E+00
  0.1691E+00
  0.1640E+00
  0.1684E+00
  0.1427E+00
  0.1684E+00
  0.1743E+00
  0.1761E+00
  0.1770E+00
  0.1767E+00
  0.1751E+00
  0.1696E+00
  0.1357E+00
  0.1584E+00
  0.1216E+00
  0.1626E+00
  0.1617E+00
  0.1250E+00
  0.1545E+00
  0.1790E+00
  0.1814E+00
  0.1820E+00
  0.1704E+00
  0.1542E+00
  0.1794E+00
  0.1897E+00
  0.1939E+00
  0.1958E+00
  0.1962E+00
  0.1972E+00
  0.1860E+00
  0.1940E+00
  0.1860E+00
  0.1711E+00
  0.1677E+00
  0.1912E+00
  0.1915E+00
  0.2045E+00
  0.2059E+00
  0.1900E+00
  0.2092E+00
  0.2086E+00
  0.2022E+00
  0.1452E+00
  0.2018E+00
  0.2105E+00
  0.2120E+00
  0.2104E+00
  0.2043E+00
  0.1924E+00
  0.1474E+00
  0.1891E+00
  0.2014E+00
  0.1827E+00
  0.1990E+00
  0.2095E+00
  0.2176E+00
  0.2156E+00
  0.2055E+00
  0.1689E+00
  0.1955E+00
  0.2151E+00
  0.2219E+00
  0.2163E+00
  0.2077E+00
  0.2269E+00
  0.2219E+00
  0.2300E+00
  0.1969E+00
  0.2329E+00
  0.2289E+00
  0.1614E+00
  0.2228E+00
  0.2139E+00
  0.2197E+00
  0.2063E+00
  0.2186E+00
  0.1427E+00
  0.2007E+00
  0.2359E+00
  0.2425E+00
  0.2452E+00
  0.2474E+00
  0.2490E+00
  0.2491E+00
  0.2469E+00
  0.2382E+00
  0.1882E+00
  0.2319E+00
  0.2469E+00
  0.2467E+00
  0.2303E+00
  0.2277E+00
  0.2542E+00
  0.1807E+00
  0.2583E+00
  0.2480E+00
  0.2545E+00
  0.2338E+00
  0.1672E+00
  0.2175E+00
  0.2499E+00
  0.2596E+00
  0.2601E+00
  0.2656E+00
  0.2658E+00
  0.2617E+00
  0.2549E+00
  0.2184E+00
  0.1673E+00
  0.2513E+00
  0.2594E+00
  0.2682E+00
  0.2735E+00
  0.2755E+00
  0.2763E+00
  0.2773E+00
  0.2786E+00
  0.2792E+00
  0.2795E+00
  0.2798E+00
  0.2792E+00
  0.2778E+00
  0.2705E+00
  0.2683E+00
  0.2524E+00
  0.1668E+00
  0.1720E+00
  0.2492E+00
  0.2678E+00
  0.2729E+00
  0.2779E+00
  0.2465E+00
  0.2787E+00
  0.2834E+00
  0.2771E+00
  0.1980E+00
  0.2747E+00
  0.2871E+00
  0.2723E+00
  0.2902E+00
  0.2912E+00
  0.2892E+00
  0.2830E+00
  0.2566E+00
  0.2143E+00
  0.2735E+00
  0.2900E+00
  0.2947E+00
  0.2965E+00
  0.2990E+00
  0.2934E+00
  0.2995E+00
  0.2949E+00
  0.2946E+00
  0.2923E+00
  0.2766E+00
  0.2407E+00
  0.2592E+00
  0.2889E+00
  0.2981E+00
  0.3024E+00
  0.2916E+00
  0.3058E+00
  0.3004E+00
  0.3051E+00
  0.3041E+00
  0.3000E+00
  0.2857E+00
  0.2099E+00
  0.2509E+00
  0.2985E+00
  0.3056E+00
  0.3087E+00
  0.3096E+00
  0.3085E+00
  0.3007E+00
  0.2938E+00
  0.2447E+00
  0.2695E+00
  0.2966E+00
  0.3096E+00
  0.3133E+00
  0.3146E+00
  0.3106E+00
  0.2747E+00
  0.3154E+00
  0.3185E+00
  0.3192E+00
  0.3198E+00
  0.3197E+00
  0.3160E+00
  0.3097E+00
  0.2061E+00
  0.3085E+00
  0.3094E+00
  0.2846E+00
  0.2509E+00
  0.3044E+00
  0.3169E+00
  0.3198E+00
  0.3189E+00
  0.3231E+00
  0.3221E+00
  0.3099E+00
  0.2888E+00
  0.3075E+00
  0.2740E+00
  0.3197E+00
  0.3239E+00
  0.3219E+00
  0.3092E+00
  0.2196E+00
  0.2840E+00
  0.3176E+00
  0.3250E+00
  0.3262E+00
  0.3224E+00
  0.2848E+00
  0.3060E+00
  0.2520E+00
  0.3154E+00
  0.3231E+00
  0.3116E+00
  0.2134E+00
  0.3201E+00
  0.3072E+00
  0.1783E+00
  0.2572E+00
  0.3078E+00
  0.3177E+00
  0.2271E+00
  0.3165E+00
  0.2995E+00
  0.3203E+00
  0.2663E+00
  0.2589E+00
  0.3175E+00
  0.3273E+00
  0.3158E+00
  0.2911E+00
  0.3038E+00
  0.2724E+00
  0.3098E+00
  0.2654E+00
  0.2168E+00
  0.2858E+00
  0.2575E+00
  0.2880E+00
  0.2503E+00
  0.2642E+00
  0.2326E+00
  0.1438E+00
  0.2520E+00
  0.2428E+00
  0.1756E+00
  0.1918E+00
  0.1942E+00
  0.1830E+00
  0.2028E+00
  0.1709E+00
  0.9791E-01
  0.1701E+00
  0.1712E+00
  0.1465E+00
  0.1439E+00
  0.1247E+00
  0.1372E+00
  0.1363E+00
  0.1009E+00
  0.1217E+00
  0.1205E+00
  0.1121E+00
  0.1337E+00
  0.1267E+00
  0.1096E+00
  0.1166E+00
  0.1094E+00
  0.1261E+00
  0.1206E+00
  0.1021E+00
  0.1123E+00
  0.1206E+00
  0.1168E+00
  0.1151E+00
  0.7975E-01
  0.1089E+00
  0.1159E+00
  0.1048E+00
  0.1009E+00
  0.1065E+00
  0.1124E+00
  0.1088E+00
  0.9541E-01
  0.9714E-01
  0.9680E-01
  0.1007E+00
  0.9425E-01
  0.8650E-01
  0.8862E-01
  0.7480E-01
  0.9366E-01
  0.9077E-01
  0.7048E-01
  0.8896E-01
  0.8242E-01
  0.8669E-01
  0.8756E-01
  0.7827E-01
  0.6532E-01
  0.6301E-01
  0.2763E-01
  0.8018E-01
  0.7609E-01
  0.6725E-01
  0.7034E-01
  0.7634E-01
  0.7721E-01
  0.7503E-01
  0.6931E-01
  0.6404E-01
  0.6951E-01
  0.7504E-01
  0.5895E-01
  0.4119E-01
  0.4756E-01
  0.6138E-01
  0.5646E-01
  0.6727E-01
  0.7145E-01
  0.7176E-01
  0.6602E-01
  0.4880E-01
  0.6613E-01
  0.7136E-01
  0.7152E-01
  0.6608E-01
  0.4999E-01
  0.6977E-01
  0.7200E-01
  0.7244E-01
  0.6475E-01
  0.6665E-01
  0.7575E-01
  0.7688E-01
  0.7432E-01
  0.4736E-01
  0.7698E-01
  0.7922E-01
  0.7865E-01
  0.7348E-01
  0.7780E-01
  0.7980E-01
  0.8439E-01
  0.8033E-01
  0.7790E-01
  0.8821E-01
  0.8007E-01
  0.8966E-01
  0.7529E-01
  0.7768E-01
  0.8362E-01
  0.8048E-01
  0.8742E-01
  0.7592E-01
  0.9165E-01
  0.8128E-01
  0.6597E-01
  0.7332E-01
  0.7740E-01
  0.9102E-01
  0.9426E-01
  0.9435E-01
  0.8766E-01
  0.5456E-01
  0.8605E-01
  0.9206E-01
  0.7506E-01
  0.8845E-01
  0.7690E-01
  0.8157E-01
  0.9238E-01
  0.7129E-01
  0.8694E-01
  0.8852E-01
  0.6004E-01
  0.9337E-01
  0.1048E+00
  0.1165E+00
  0.1155E+00
  0.1023E+00
  0.7125E-01
  0.7373E-01
  0.1432E+00
  0.1562E+00
  0.1523E+00
  0.1237E+00
  0.9113E-01
  0.1628E+00
  0.1921E+00
  0.2059E+00
  0.2100E+00
  0.1933E+00
  0.1572E+00
  0.1879E+00
  0.2383E+00
  0.2508E+00
  0.2409E+00
  0.1685E+00
  0.2513E+00
  0.2481E+00
  0.2753E+00
  0.2454E+00
  0.1516E+00
  0.2316E+00
  0.2619E+00
  0.2656E+00
  0.2322E+00
  0.1488E+00
  0.2506E+00
  0.2725E+00
  0.2582E+00
  0.2451E+00
  0.2023E+00
  0.1747E+00
  0.1465E+00
  0.2131E+00
  0.2522E+00
  0.2483E+00
  0.2419E+00
  0.1619E+00
  0.1999E+00
  0.2465E+00
  0.2608E+00
  0.2408E+00
  0.1787E+00
  0.2009E+00
  0.2583E+00
  0.2696E+00
  0.2628E+00
  0.2101E+00
  0.2181E+00
  0.2794E+00
  0.2945E+00
  0.2913E+00
  0.2551E+00
  0.2520E+00
  0.3051E+00
  0.3153E+00
  0.3152E+00
  0.2984E+00
  0.2921E+00
  0.3204E+00
  0.3166E+00
  0.2834E+00
  0.3137E+00
  0.3199E+00
  0.3232E+00
  0.3227E+00
  0.3236E+00
  0.3188E+00
  0.3235E+00
  0.3217E+00
  0.3052E+00
  0.3188E+00
  0.3200E+00
  0.3221E+00
  0.3210E+00
  0.3190E+00
  0.3203E+00
  0.3210E+00
  0.3116E+00
  0.3189E+00
  0.2810E+00
  0.3186E+00
  0.3157E+00
  0.3163E+00
  0.3175E+00
  0.3184E+00
  0.3189E+00
  0.3181E+00
  0.3159E+00
  0.3114E+00
  0.3076E+00
  0.3162E+00
  0.3164E+00
  0.3161E+00
  0.3152E+00
  0.2970E+00
  0.3126E+00
  0.3141E+00
  0.3140E+00
  0.3132E+00
  0.3121E+00
  0.2947E+00
  0.3117E+00
  0.2907E+00
  0.3059E+00
  0.3076E+00
  0.3085E+00
  0.2960E+00
  0.2641E+00
  0.3051E+00
  0.2952E+00
  0.3052E+00
  0.3065E+00
  0.2994E+00
  0.3005E+00
  0.3045E+00
  0.3014E+00
  0.2677E+00
  0.3010E+00
  0.2991E+00
  0.2897E+00
  0.2829E+00
  0.2923E+00
  0.2937E+00
  0.2913E+00
  0.2683E+00
  0.2913E+00
  0.2946E+00
  0.2888E+00
  0.2931E+00
  0.2747E+00
  0.2895E+00
  0.2581E+00
  0.2623E+00
  0.2764E+00
  0.2768E+00
  0.2707E+00
  0.2809E+00
  0.2340E+00
  0.2678E+00
  0.2336E+00
  0.2417E+00
  0.2624E+00
  0.1868E+00
  0.2521E+00
  0.2529E+00
  0.1407E+00
  0.2344E+00
  0.2323E+00
  0.1451E+00
  0.2302E+00
  0.2181E+00
  0.9857E-01
  0.2122E+00
  0.2119E+00
  0.1276E+00
  0.1843E+00
  0.2057E+00
  0.1766E+00
  0.1127E+00
  0.1923E+00
  0.2003E+00
  0.1665E+00
  0.1142E+00
  0.1983E+00
  0.2158E+00
  0.2174E+00
  0.2372E+00
  0.2256E+00
  0.1876E+00
  0.1085E+00
  0.1305E+00
  0.1667E+00
  0.1800E+00
  0.1808E+00
  0.1778E+00
  0.1691E+00
  0.1582E+00
  0.1468E+00
  0.1371E+00
  0.1320E+00
  0.1351E+00
  0.1472E+00
  0.1665E+00
  0.1886E+00
  0.2097E+00
  0.2245E+00
  0.2364E+00
  0.2353E+00
  0.2025E+00
  0.2476E+00
  0.2474E+00
  0.2609E+00
  0.2670E+00
  0.2583E+00
  0.2704E+00
  0.2686E+00
  0.2576E+00
  0.2697E+00
  0.2667E+00
  0.2459E+00
  0.2630E+00
  0.2652E+00
  0.2204E+00
  0.2624E+00
  0.2651E+00
  0.2545E+00
  0.2374E+00
  0.2514E+00
  0.2631E+00
  0.2555E+00
  0.2439E+00
  0.2602E+00
  0.2483E+00
  0.2464E+00
  0.1951E+00
  0.2502E+00
  0.2382E+00
  0.2322E+00
  0.2348E+00
  0.1322E+00
  0.2061E+00
  0.1750E+00
  0.1732E+00
  0.1917E+00
  0.1297E+00
  0.1782E+00
  0.1885E+00
  0.1019E+00
  0.1853E+00
  0.1670E+00
  0.1160E+00
  0.1703E+00
  0.1475E+00
  0.1021E+00
  0.1562E+00
  0.1410E+00
  0.5940E-01
  0.1394E+00
  0.1415E+00
  0.8610E-01
  0.1113E+00
  0.1392E+00
  0.1258E+00
  0.5436E-01
  0.1165E+00
  0.1417E+00
  0.1398E+00
  0.1150E+00
  0.1712E+00
  0.1490E+00
  0.6955E-01
  0.9229E-01
  0.1180E+00
  0.1254E+00
  0.1237E+00
  0.1160E+00
  0.1033E+00
  0.8706E-01
  0.7033E-01
  0.5265E-01
  0.3516E-01
  0.2680E-01
  0.4220E-01
  0.6821E-01
  0.9590E-01
  0.1213E+00
  0.1421E+00
  0.1559E+00
  0.1600E+00
  0.1491E+00
  0.1415E+00
  0.1815E+00
  0.1978E+00
  0.1912E+00
  0.2175E+00
  0.2140E+00
  0.2202E+00
  0.2167E+00
  0.2134E+00
  0.2270E+00
  0.2305E+00
  0.2287E+00
  0.2249E+00
  0.2242E+00
  0.2292E+00
  0.2272E+00
  0.2014E+00
  0.2192E+00
  0.2276E+00
  0.2281E+00
  0.2283E+00
  0.2273E+00
  0.2265E+00
  0.2233E+00
  0.1654E+00
  0.2214E+00
  0.2240E+00
  0.2242E+00
  0.2240E+00
  0.2234E+00
  0.2227E+00
  0.2196E+00
  0.2206E+00
  0.2184E+00
  0.2140E+00
  0.1960E+00
  0.1667E+00
  0.1487E+00
  0.2118E+00
  0.2152E+00
  0.2158E+00
  0.2157E+00
  0.2153E+00
  0.2146E+00
  0.2135E+00
  0.2121E+00
  0.2059E+00
  0.1914E+00
  0.1976E+00
  0.1706E+00
  0.2071E+00
  0.2060E+00
  0.2084E+00
  0.2077E+00
  0.2063E+00
  0.2061E+00
  0.2048E+00
  0.2016E+00
  0.1936E+00
  0.1480E+00
  0.1583E+00
  0.1959E+00
  0.1978E+00
  0.1943E+00
  0.1927E+00
  0.1848E+00
  0.1526E+00
  0.1213E+00
  0.1748E+00
  0.1867E+00
  0.1764E+00
  0.1897E+00
  0.1803E+00
  0.1901E+00
  0.1879E+00
  0.1823E+00
  0.1611E+00
  0.1276E+00
  0.1750E+00
  0.1805E+00
  0.1587E+00
  0.1811E+00
  0.1672E+00
  0.1811E+00
  0.1698E+00
  0.1559E+00
  0.1351E+00
  0.1709E+00
  0.1773E+00
  0.1780E+00
  0.1760E+00
  0.1744E+00
  0.1402E+00
  0.1705E+00
  0.1570E+00
  0.1574E+00
  0.9050E-01
  0.9227E-01
  0.1515E+00
  0.1439E+00
  0.1550E+00
  0.1387E+00
  0.8300E-01
  0.1461E+00
  0.1100E+00
  0.9832E-01
  0.1311E+00
  0.8314E-01
  0.6262E-01
  0.1094E+00
  0.1188E+00
  0.3836E-01
  0.9417E-01
  0.9559E-01
  0.4247E-01
  0.7096E-01
  0.5674E-01
  0.4196E-01
  0.4685E-01
  0.6173E-01
  0.4039E-01
  0.2564E-01
  0.4537E-01
  0.3944E-01
  0.1312E-01
  0.3463E-01
  0.3722E-01
  0.1290E-01
  0.2792E-01
  0.3684E-01
  0.2078E-01
  0.2499E-01
  0.4689E-01
  0.3732E-01
  0.2801E-01
  0.5549E-01
  0.4707E-01
  0.9050E-02
  0.3532E-01
  0.3751E-01
  0.1725E-01
  0.2378E-01
  0.3565E-01
  0.2554E-01
  0.1489E-01
  0.3639E-01
  0.3543E-01
  0.1154E-01
  0.3090E-01
  0.4603E-01
  0.3031E-01
  0.1509E-01
  0.5414E-01
  0.5262E-01
  0.1252E-01
  0.5588E-01
  0.6038E-01
  0.3922E-01
  0.5324E-01
  0.7259E-01
  0.7515E-01
  0.7273E-01
  0.7364E-01
  0.7428E-01
  0.8404E-01
  0.7200E-01
  0.9381E-01
  0.9359E-01
  0.8111E-01
  0.9527E-01
  0.9470E-01
  0.8655E-01
  0.7491E-01
  0.7980E-01
  0.7117E-01
  0.7909E-01
  0.7992E-01
  0.4380E-01
  0.3339E-01
  0.5987E-01
  0.6529E-01
  0.5931E-01
  0.3994E-01
  0.3533E-01
  0.5547E-01
  0.6793E-01
  0.7008E-01
  0.5761E-01
  0.5301E-01
  0.6885E-01
  0.6776E-01
  0.4398E-01
  0.5878E-01
  0.5930E-01
  0.4658E-01
  0.2564E-01
  0.5108E-01
  0.5353E-01
  0.2525E-01
  0.3112E-01
  0.3139E-01
  0.4527E-01
  0.4232E-01
  0.2278E-01
  0.1879E-01
  0.2891E-01
  0.3114E-01
  0.1500E-01
  0.1642E-01
  0.2788E-01
  0.2376E-01
  0.6668E-02
  0.1975E-01
  0.2538E-01
  0.1482E-01
  0.1183E-01
  0.1589E-01
  0.1850E-01
  0.2507E-02
  0.2809E-01
  0.2948E-01
  0.1503E-01
  0.7727E-02
  0.2358E-01
  0.1452E-01
  0.1298E-01
  0.1457E-01
  0.1272E-01
  0.1063E-01
  0.1796E-01
  0.1698E-01
  0.1016E-01
  0.2503E-01
  0.2125E-01
  0.9488E-02
  0.2897E-01
  0.2273E-01
  0.1153E-01
  0.2865E-01
  0.2076E-01
  0.2617E-01
  0.3192E-01
  0.1805E-01
  0.1858E-01
  0.2118E-01
  0.1255E-01
  0.1941E-01
  0.2108E-01
  0.2650E-01
  0.3244E-01
  0.3047E-01
  0.1068E-01
  0.2801E-01
  0.3162E-01
  0.3281E-01
  0.2747E-01
  0.3240E-01
  0.2950E-01
  0.2576E-01
  0.2546E-01
  0.2016E-01
  0.1869E-01
  0.1415E-01
  0.1238E-01
  0.2234E-01
  0.2358E-01
  0.6726E-02
  0.1817E-01
  0.2534E-01
  0.2663E-01
  0.2300E-01
  0.5664E-02
  0.2184E-01
  0.2386E-01
  0.1138E-01
  0.2011E-01
  0.1260E-01
  0.1183E-01
  0.1995E-01
  0.1724E-01
  0.2482E-01
  0.2530E-01
  0.2529E-01
  0.2460E-01
  0.1988E-01
  0.1587E-01
  0.1751E-01
  0.2186E-01
  0.1952E-01
  0.1921E-01
  0.1742E-01
  0.1403E-01
  0.9453E-02
  0.7962E-02
  0.8776E-02
  0.1369E-01
  0.1684E-01
  0.1641E-01
  0.1296E-01
  0.2445E-02
  0.1275E-01
  0.1628E-01
  0.1724E-01
  0.1539E-01
  0.1123E-01
  0.7021E-02
  0.5778E-02
  0.1451E-01
  0.3483E-02
  0.1667E-01
  0.1850E-01
  0.1848E-01
  0.8794E-02
  0.1779E-01
  0.1770E-01
  0.1507E-01
  0.9402E-02
  0.3477E-02
  0.1249E-01
  0.5051E-02
  0.7950E-02
  0.1406E-01
  0.1413E-01
  0.1166E-01
  0.3827E-02
  0.9927E-02
  0.4289E-02
  0.1006E-01
  0.7738E-02
  0.1170E-01
  0.9813E-02
  0.6040E-02
  0.5127E-02
  0.4721E-02
  0.4548E-02
  0.8846E-02
  0.1163E-01
  0.6018E-02
  0.1279E-01
  0.7599E-02
  0.8494E-02
  0.2585E-02
  0.9508E-02
  0.7313E-02
  0.3150E-02
  0.4560E-02
  0.5078E-02
  0.7374E-02
  0.8607E-02
  0.6495E-02
  0.4082E-02
  0.1112E-01
  0.1062E-01
  0.8130E-02
  0.4525E-02
  0.8204E-02
  0.8114E-02
  0.6783E-02
  0.3639E-02
  0.3815E-02
  0.4996E-02
  0.3526E-02
  0.6200E-02
  0.5785E-02
  0.9196E-02
  0.1036E-01
  0.1050E-01
  0.8442E-02
  0.9949E-02
  0.9151E-02
  0.7041E-02
  0.6186E-02
  0.6312E-02
  0.2508E-02
  0.2424E-02
  0.3275E-02
  0.5277E-02
  0.7401E-02
  0.7045E-02
  0.1963E-02
  0.7792E-02
  0.7958E-02
  0.4736E-02
  0.2401E-02
  0.6653E-02
  0.7640E-02
  0.6837E-02
  0.4809E-02
  0.1394E-02
  0.4606E-02
  0.6834E-02
  0.8371E-02
  0.9428E-02
  0.9792E-02
  0.1082E-01
  0.1123E-01
  0.1156E-01
  0.1128E-01
  0.1182E-01
  0.9681E-02
  0.1124E-01
  0.1134E-01
  0.1039E-01
  0.8248E-02
  0.6102E-02
  0.1122E-01
  0.1160E-01
  0.1118E-01
  0.3005E-02
  0.9928E-02
  0.7319E-02
  0.1056E-01
  0.9751E-02
  0.5911E-02
  0.8294E-02
  0.3139E-02
  0.8526E-02
  0.7850E-02
  0.6639E-02
  0.4922E-02
  0.2626E-02
  0.2914E-02
  0.5016E-02
  0.6078E-02
  0.6405E-02
  0.4205E-02
  0.1772E-02
  0.5435E-02
  0.6193E-02
  0.3383E-02
  0.4847E-02
  0.6763E-02
  0.6807E-02
  0.6143E-02
  0.4628E-02
  0.1397E-02
  0.2739E-02
  0.1989E-02
  0.5364E-02
  0.6163E-02
  0.6686E-02
  0.2962E-02
  0.5882E-02
  0.4211E-02
  0.1890E-02
  0.1029E-02
  0.2982E-02
  0.4276E-02
  0.3242E-02
  0.8406E-03
  0.1824E-02
  0.3023E-02
  0.4510E-02
  0.5369E-02
  0.5784E-02
  0.5886E-02
  0.4970E-02
  0.2470E-02
  0.3765E-02
  0.5523E-02
  0.5383E-02
  0.4990E-02
  0.2806E-02
  0.2582E-02
  0.2895E-02
  0.4040E-02
  0.4665E-02
  0.1997E-02
  0.3635E-02
  0.5181E-02
  0.5774E-02
  0.3642E-02
  0.4613E-02
  0.3626E-02
  0.2459E-02
  0.1063E-02
  0.3227E-02
  0.4524E-02
  0.4728E-02
  0.3192E-02
  0.5264E-02
  0.4410E-02
  0.3343E-02
  0.2784E-02
  0.1556E-02
  0.2191E-02
  0.2302E-02
  0.6430E-03
  0.1070E-02
  0.3677E-02
  0.3906E-02
  0.3192E-02
  0.1449E-02
  0.3504E-02
  0.5145E-02
  0.4267E-02
  0.5671E-02
  0.5733E-02
  0.3076E-02
  0.2321E-02
  0.3680E-02
  0.6910E-03
  0.1015E-02
  0.4084E-02
  0.5397E-02
  0.5976E-02
  0.4468E-02
  0.6219E-02
  0.6431E-02
  0.6183E-02
  0.6023E-02
  0.2320E-02
  0.5027E-02
  0.3675E-02
  0.2173E-02
  0.1481E-02
  0.3709E-02
  0.3965E-02
  0.3105E-02
  0.9130E-03
  0.3421E-02
  0.4524E-02
  0.2307E-02
  0.5428E-02
  0.4466E-02
  0.3507E-02
  0.7570E-03
  0.4702E-02
  0.2670E-02
  0.5450E-02
  0.6021E-02
  0.6405E-02
  0.4784E-02
  0.4612E-02
  0.5355E-02
  0.5621E-02
  0.3394E-02
  0.3196E-02
  0.5304E-02
  0.5959E-02
  0.5917E-02
  0.5183E-02
  0.4375E-02
  0.3569E-02
  0.9894E-03
  0.1173E-02
  0.2318E-02
  0.3682E-02
  0.4204E-02
  0.5258E-02
  0.5213E-02
  0.3622E-02
  0.3155E-02
  0.5501E-02
  0.4485E-02
  0.2527E-02
  0.6391E-02
  0.6220E-02
  0.5641E-02
  0.4614E-02
  0.2731E-02
  0.1135E-02
  0.2790E-02
  0.4193E-02
  0.2683E-02
  0.5162E-02
  0.3696E-02
  0.1846E-02
  0.4626E-02
  0.2417E-02
  0.6534E-02
  0.4517E-02
  0.6818E-02
  0.6079E-02
  0.5977E-02
  0.3929E-02
  0.3414E-02
  0.5025E-02
  0.7068E-02
  0.7477E-02
  0.6732E-02
  0.4882E-02
  0.7735E-02
  0.7433E-02
  0.6966E-02
  0.6229E-02
  0.5213E-02
  0.1978E-02
  0.4067E-02
  0.4519E-02
  0.2460E-02
  0.1167E-02
  0.3305E-02
  0.4966E-02
  0.5848E-02
  0.1877E-02
  0.5716E-02
  0.2207E-02
  0.5856E-02
  0.5823E-02
  0.5066E-02
  0.3777E-02
  0.1700E-02
  0.2006E-02
  0.3875E-02
  0.4173E-02
  0.5556E-02
  0.6428E-02
  0.6132E-02
  0.2356E-02
  0.7235E-02
  0.7542E-02
  0.5228E-02
  0.7472E-02
  0.2524E-02
  0.4852E-02
  0.7250E-02
  0.7049E-02
  0.6343E-02
  0.4729E-02
  0.2103E-02
  0.2412E-02
  0.2359E-02
  0.2390E-02
  0.4460E-02
  0.1901E-02
  0.3506E-02
  0.1789E-02
  0.6613E-02
  0.7139E-02
  0.6339E-02
  0.6234E-03
  0.6708E-03
  0.5630E-02
  0.4764E-02
  0.1944E-02
  0.5385E-02
  0.3092E-02
  0.2471E-02
  0.2032E-02
  0.4727E-02
  0.5258E-02
  0.1092E-02
  0.2211E-02
  0.5951E-03
  0.5045E-03
  0.3253E-02
  0.3688E-02
  0.3503E-02
  0.1036E-02
  0.9268E-03
  0.6256E-03
  0.6503E-03
  0.1702E-02
  0.1624E-02
  0.5536E-03
  0.5659E-03
  0.3867E-03
  0.7233E-03
  0.9544E-03
  0.9428E-03
  0.6593E-03
  0.3712E-03
  0.4322E-03
  0.7269E-03
  0.8768E-03
  0.8178E-03
  0.5219E-03
  0.3280E-03
  0.8552E-03
  0.1386E-02
  0.1334E-02
  0.8756E-03
  0.2568E-03
  0.3409E-03
  0.5348E-03
  0.7760E-03
  0.1841E-02
  0.2384E-02
  0.2228E-02
  0.5818E-03
  0.8941E-03
  0.3657E-02
  0.3306E-02
  0.1888E-02
  0.1140E-02
  0.4741E-02
  0.5390E-02
  0.3798E-02
  0.1200E-02
  0.1916E-02
  0.1901E-02
  0.1569E-02
  0.2494E-02
  0.7037E-03
  0.4083E-02
  0.1249E-02
  0.4306E-02
  0.5452E-03
  0.4450E-02
  0.1759E-02
  0.2691E-03
  0.2972E-02
  0.5491E-02
  0.8318E-02
  0.8826E-02
  0.6974E-02
  0.6998E-02
  0.5398E-03
  0.9264E-02
  0.9167E-02
  0.8734E-02
  0.9792E-02
  0.1040E-01
  0.8484E-02
  0.8296E-02
  0.8317E-02
  0.5001E-02
  0.3953E-02
  0.5727E-02
  0.4417E-02
  0.2342E-02
  0.3942E-02
  0.6434E-02
  0.5603E-02
  0.6644E-02
  0.3033E-02
  0.5272E-02
  0.7095E-02
  0.7642E-03
  0.2733E-02
  0.6726E-02
  0.4935E-02
  0.3446E-02
  0.1190E-02
  0.3835E-02
  0.4816E-02
  0.3762E-02
  0.1080E-02
  0.9417E-03
  0.2449E-02
  0.2722E-02
  0.1918E-02
  0.4223E-03
  0.7958E-03
  0.1910E-02
  0.2021E-02
  0.1238E-02
  0.2709E-03
  0.8575E-03
  0.1824E-02
  0.1674E-02
  0.1129E-03
  0.2683E-03
  0.1313E-02
  0.1305E-02
  0.2475E-03
  0.1590E-03
  0.8974E-03
  0.2412E-03
  0.4949E-03
  0.4943E-03
  0.9040E-03
  0.2964E-03
  0.3708E-03
  0.1712E-03
  0.3097E-03
  0.7729E-04
  0.3581E-03
  0.2700E-03
  0.1390E-03
  0.1827E-03
  0.2393E-03
  0.2439E-03
  0.2142E-03
  0.1499E-03
  0.1262E-03
  0.1775E-03
  0.2073E-03
  0.1942E-03
  0.1518E-03
  0.9358E-04
  0.1733E-03
  0.1980E-03
  0.2069E-03
  0.1706E-03
  0.8698E-04
  0.2011E-03
  0.1494E-03
  0.8169E-04
  0.9855E-04
  0.2152E-03
  0.2116E-03
  0.1286E-03
  0.1587E-03
  0.2477E-03
  0.2998E-03
  0.2675E-03
  0.1474E-03
  0.2421E-03
  0.5352E-03
  0.6166E-03
  0.1603E-03
  0.2034E-03
  0.9012E-03
  0.1154E-02
  0.9980E-03
  0.1378E-02
  0.1660E-03
  0.2294E-03
  0.1359E-02
  0.1742E-02
  0.9867E-03
  0.5850E-03
  0.3184E-03
  0.1283E-02
  0.1931E-02
  0.8452E-03
  0.1373E-02
  0.2610E-03
  0.1152E-02
  0.1950E-02
  0.8793E-03
  0.1570E-02
  0.2458E-03
  0.1276E-02
  0.2354E-02
  0.2124E-02
  0.2033E-02
  0.3997E-03
  0.5203E-03
  0.4380E-03
  0.1672E-02
  0.3180E-02
  0.4186E-02
  0.4161E-02
  0.2204E-02
  0.1346E-02
  0.4604E-02
  0.5766E-02
  0.5743E-02
  0.4522E-02
  0.3827E-02
  0.7356E-02
  0.7108E-02
  0.5244E-02
  0.9202E-02
  0.8605E-02
  0.7344E-02
  0.4247E-02
  0.6800E-02
  0.7458E-02
  0.5129E-02
  0.7411E-02
  0.8681E-02
  0.7814E-02
  0.7216E-02
  0.6321E-02
  0.8335E-02
  0.4743E-02
  0.7960E-02
  0.8426E-02
  0.1012E-01
  0.1116E-01
  0.3561E-02
  0.1045E-01
  0.1062E-01
  0.1151E-01
  0.1197E-01
  0.1203E-01
  0.1148E-01
  0.1186E-01
  0.7160E-02
  0.1058E-01
  0.1145E-01
  0.8747E-02
  0.1101E-01
  0.9749E-02
  0.8535E-02
  0.9879E-02
  0.6468E-02
  0.9733E-02
  0.8813E-02
  0.4625E-02
  0.8326E-02
  0.7861E-02
  0.5156E-02
  0.6725E-02
  0.4850E-02
  0.3605E-02
  0.6353E-02
  0.4929E-02
  0.1267E-02
  0.3108E-02
  0.3442E-02
  0.1585E-02
  0.2409E-02
  0.2472E-02
  0.1827E-02
  0.9358E-03
  0.4406E-03
  0.1632E-02
  0.1120E-02
  0.1067E-02
  0.7106E-03
  0.3405E-03
  0.6827E-03
  0.6412E-03
  0.1287E-03
  0.2626E-03
  0.1688E-03
  0.1951E-03
  0.5766E-04
  0.1311E-03
  0.1556E-03
  0.5147E-04
  0.1238E-03
  0.8093E-04
  0.3923E-04
  0.6980E-04
  0.6440E-04
  0.6193E-04
  0.4606E-04
  0.4229E-04
  0.5803E-04
  0.4047E-04
  0.4774E-04
  0.4051E-04
  0.4116E-04
  0.4276E-04
  0.2365E-04
  0.2671E-04
  0.3649E-04
  0.1352E-04
  0.2200E-04
  0.2876E-04
  0.1351E-04
  0.2905E-04
  0.2486E-04
  0.8565E-05
  0.2534E-04
  0.2637E-04
  0.1766E-04
  0.2101E-04
  0.2516E-04
  0.2275E-04
  0.4417E-06
  0.2160E-04
  0.2382E-04
  0.2122E-04
  0.3453E-05
  0.7482E-06
  0.2064E-04
  0.2111E-04
  0.1694E-04
  0.2455E-04
  0.2210E-04
  0.1461E-04
  0.9433E-05
  0.1604E-04
  0.1815E-04
  0.2006E-04
  0.2022E-04
  0.1973E-04
  0.8413E-06
  0.1736E-04
  0.1600E-04
  0.1547E-04
  0.1569E-04
  0.1643E-04
  0.1694E-04
  0.1872E-04
  0.2093E-04
  0.1293E-04
  0.9179E-05
  0.8778E-06
  0.1138E-04
  0.1455E-04
  0.7985E-05
  0.1096E-04
  0.1041E-04
  0.5570E-06
  0.1021E-04
  0.1214E-04
  0.5847E-05
  0.8889E-05
  0.6294E-05
  0.7527E-06
  0.8887E-05
  0.8444E-05
  0.1037E-05
  0.7876E-05
  0.7930E-05
  0.2663E-05
  0.6533E-05
  0.5863E-05
  0.3781E-05
  0.2836E-05
  0.6672E-05
  0.6501E-05
  0.2784E-05
  0.3624E-05
  0.2515E-05
  0.4729E-05
  0.2506E-06
  0.2474E-05
  0.7855E-05
  0.2434E-06
  0.4387E-05
  0.5862E-05
  0.6035E-05
  0.5636E-05
  0.4466E-05
  0.2330E-05
  0.2441E-06
  0.1884E-05
  0.3386E-05
  0.4505E-05
  0.5117E-05
  0.5485E-05
  0.5746E-05
  0.5936E-05
  0.6063E-05
  0.6064E-05
  0.5777E-05
  0.3993E-05
  0.4688E-05
  0.7675E-05
  0.9966E-05
  0.1104E-04
  0.8494E-05
  0.1214E-04
  0.1319E-04
  0.7203E-05
  0.1392E-04
  0.7855E-05
  0.1469E-04
  0.1545E-04
  0.1647E-04
  0.1774E-04
  0.1923E-04
  0.2085E-04
  0.2256E-04
  0.2443E-04
  0.2678E-04
  0.3012E-04
  0.4160E-04
  0.5328E-04
  0.7266E-04
  0.1055E-03
  0.1594E-03
  0.3133E-03
  0.5098E-03
  0.7380E-03
  0.6409E-03
  0.1819E-02
  0.2688E-02
  0.5754E-03
  0.3131E-02
  0.3448E-02
  0.1528E-02
  0.2234E-02
  0.3308E-02
  0.2597E-02
  0.3641E-03
  0.2718E-02
  0.3409E-02
  0.2814E-02
  0.9085E-03
  0.3467E-02
  0.5120E-02
  0.3528E-02
  0.3519E-02
  0.3492E-02
  0.3065E-02
  0.2272E-02
  0.1234E-02
  0.3571E-03
  0.1229E-02
  0.1758E-02
  0.2079E-02
  0.2324E-02
  0.2466E-02
  0.2558E-02
  0.2634E-02
  0.2600E-02
  0.2586E-02
  0.2613E-02
  0.2124E-02
  0.1957E-02
  0.3276E-02
  0.4227E-02
  0.3940E-02
  0.4080E-02
  0.4533E-02
  0.5188E-02
  0.4991E-02
  0.5734E-02
  0.5162E-02
  0.4542E-02
  0.5336E-02
  0.4083E-02
  0.3104E-02
  0.3529E-02
  0.3065E-02
  0.1255E-02
  0.1600E-02
  0.2058E-02
  0.1447E-02
  0.1106E-03
  0.8912E-03
  0.1094E-02
  0.6213E-03
  0.5890E-04
  0.6088E-03
  0.6682E-03
  0.1824E-03
  0.1581E-03
  0.5084E-03
  0.3756E-03
  0.1584E-04
  0.3139E-03
  0.4914E-03
  0.1615E-03
  0.1541E-03
  0.7028E-03
  0.6569E-03
  0.1790E-03
