 Spectral outgoing shortwave flux [W/m2/cm^-1]
  0.0000E+00
  0.1326E-15
  0.1964E-14
  0.9685E-14
  0.3021E-13
  0.7868E-13
  0.2069E-12
  0.5182E-12
  0.1151E-11
  0.2323E-11
  0.4350E-11
  0.7656E-11
  0.1290E-10
  0.2074E-10
  0.3221E-10
  0.4833E-10
  0.7118E-10
  0.1018E-09
  0.1429E-09
  0.1971E-09
  0.2669E-09
  0.3559E-09
  0.4682E-09
  0.6099E-09
  0.7825E-09
  0.1004E-08
  0.1259E-08
  0.1576E-08
  0.1961E-08
  0.2408E-08
  0.2938E-08
  0.3568E-08
  0.4302E-08
  0.5147E-08
  0.6095E-08
  0.7327E-08
  0.8665E-08
  0.1018E-07
  0.1199E-07
  0.1391E-07
  0.1603E-07
  0.1868E-07
  0.2157E-07
  0.2482E-07
  0.2834E-07
  0.3242E-07
  0.3686E-07
  0.4148E-07
  0.4708E-07
  0.5309E-07
  0.5988E-07
  0.6733E-07
  0.7535E-07
  0.8464E-07
  0.9402E-07
  0.1040E-06
  0.1159E-06
  0.1297E-06
  0.1427E-06
  0.1539E-06
  0.1707E-06
  0.1882E-06
  0.2045E-06
  0.2317E-06
  0.2501E-06
  0.2674E-06
  0.2774E-06
  0.3067E-06
  0.3196E-06
  0.3870E-06
  0.3995E-06
  0.4231E-06
  0.4407E-06
  0.4772E-06
  0.5322E-06
  0.5891E-06
  0.6206E-06
  0.6252E-06
  0.6322E-06
  0.6935E-06
  0.7441E-06
  0.7739E-06
  0.8388E-06
  0.8770E-06
  0.9402E-06
  0.9986E-06
  0.1068E-05
  0.1115E-05
  0.1198E-05
  0.1271E-05
  0.1421E-05
  0.1607E-05
  0.1896E-05
  0.2056E-05
  0.2370E-05
  0.2508E-05
  0.2633E-05
  0.2838E-05
  0.2955E-05
  0.3172E-05
  0.3382E-05
  0.3548E-05
  0.1878E-04
  0.3933E-05
  0.4188E-05
  0.4402E-05
  0.4599E-05
  0.4925E-05
  0.5188E-05
  0.5406E-05
  0.5699E-05
  0.6053E-05
  0.6368E-05
  0.6608E-05
  0.7050E-05
  0.7525E-05
  0.7676E-05
  0.8225E-05
  0.8472E-05
  0.9035E-05
  0.9151E-05
  0.9849E-05
  0.1005E-04
  0.1063E-04
  0.1142E-04
  0.1175E-04
  0.1224E-04
  0.1285E-04
  0.1323E-04
  0.1384E-04
  0.1472E-04
  0.1505E-04
  0.1573E-04
  0.1607E-04
  0.1697E-04
  0.1748E-04
  0.1737E-04
  0.1889E-04
  0.1972E-04
  0.2008E-04
  0.2086E-04
  0.2172E-04
  0.2083E-04
  0.2142E-04
  0.2261E-04
  0.2456E-04
  0.2446E-04
  0.2582E-04
  0.2427E-04
  0.2513E-04
  0.2464E-04
  0.2522E-04
  0.2564E-04
  0.2904E-04
  0.2977E-04
  0.2890E-04
  0.2880E-04
  0.2686E-04
  0.2646E-04
  0.2621E-04
  0.2614E-04
  0.3141E-04
  0.3940E-04
  0.3792E-04
  0.3980E-04
  0.3931E-04
  0.4400E-04
  0.4491E-04
  0.4251E-04
  0.4948E-04
  0.4755E-04
  0.5921E-04
  0.5416E-04
  0.4020E-03
  0.3952E-03
  0.1971E-02
  0.2700E-02
  0.8950E-04
  0.1675E-02
  0.2308E-02
  0.2949E-03
  0.9642E-04
  0.9495E-04
  0.9769E-04
  0.1002E-03
  0.1035E-03
  0.1072E-03
  0.1114E-03
  0.1133E-03
  0.1140E-03
  0.1189E-03
  0.1207E-03
  0.1238E-03
  0.1291E-03
  0.1305E-03
  0.1371E-03
  0.1403E-03
  0.1423E-03
  0.1487E-03
  0.1527E-03
  0.1557E-03
  0.1549E-03
  0.1575E-03
  0.1728E-03
  0.1723E-03
  0.1722E-03
  0.1864E-03
  0.1859E-03
  0.1964E-03
  0.2006E-03
  0.2063E-03
  0.2064E-03
  0.2110E-03
  0.2162E-03
  0.2230E-03
  0.2273E-03
  0.2302E-03
  0.2370E-03
  0.2455E-03
  0.2537E-03
  0.2579E-03
  0.2626E-03
  0.2599E-03
  0.2814E-03
  0.2678E-03
  0.2802E-03
  0.2933E-03
  0.2923E-03
  0.2960E-03
  0.3081E-03
  0.3080E-03
  0.3045E-03
  0.3277E-03
  0.3368E-03
  0.2969E-03
  0.3404E-03
  0.1075E-02
  0.5346E-03
  0.3681E-03
  0.3633E-03
  0.3527E-03
  0.3673E-03
  0.3842E-03
  0.3755E-03
  0.3756E-03
  0.3999E-03
  0.3880E-03
  0.3755E-03
  0.4401E-03
  0.3759E-03
  0.3804E-03
  0.4164E-03
  0.4007E-03
  0.3864E-03
  0.4433E-03
  0.4452E-03
  0.4443E-03
  0.1719E-02
  0.4621E-03
  0.4545E-03
  0.4454E-03
  0.4583E-03
  0.4651E-03
  0.4471E-03
  0.4403E-03
  0.4727E-03
  0.4409E-03
  0.4803E-03
  0.4656E-03
  0.4519E-03
  0.4574E-03
  0.4656E-03
  0.4720E-03
  0.4496E-03
  0.4575E-03
  0.4760E-03
  0.5036E-03
  0.4963E-03
  0.5096E-03
  0.5010E-03
  0.4925E-03
  0.4958E-03
  0.5109E-03
  0.5122E-03
  0.5216E-03
  0.5378E-03
  0.5309E-03
  0.5166E-03
  0.5716E-03
  0.5791E-03
  0.5757E-03
  0.5788E-03
  0.5922E-03
  0.5731E-03
  0.5900E-03
  0.5952E-03
  0.6037E-03
  0.6154E-03
  0.5858E-03
  0.6115E-03
  0.6176E-03
  0.6191E-03
  0.6352E-03
  0.6311E-03
  0.6378E-03
  0.6271E-03
  0.6499E-03
  0.6628E-03
  0.6676E-03
  0.6374E-03
  0.6335E-03
  0.1225E-02
  0.1616E-02
  0.6933E-03
  0.2681E-02
  0.2374E-02
  0.7910E-03
  0.9151E-03
  0.1586E-02
  0.1496E-02
  0.3500E-02
  0.3087E-02
  0.7382E-03
  0.7302E-03
  0.7410E-03
  0.7465E-03
  0.7470E-03
  0.7565E-03
  0.7603E-03
  0.7762E-03
  0.7696E-03
  0.7668E-03
  0.7679E-03
  0.7781E-03
  0.7454E-03
  0.8062E-03
  0.7761E-03
  0.8246E-03
  0.8083E-03
  0.7966E-03
  0.8305E-03
  0.8450E-03
  0.8303E-03
  0.8459E-03
  0.8395E-03
  0.8455E-03
  0.8753E-03
  0.8673E-03
  0.8889E-03
  0.8602E-03
  0.8719E-03
  0.8717E-03
  0.8896E-03
  0.8730E-03
  0.8986E-03
  0.8648E-03
  0.9059E-03
  0.9050E-03
  0.9354E-03
  0.9127E-03
  0.9159E-03
  0.9351E-03
  0.9070E-03
  0.8990E-03
  0.9426E-03
  0.9732E-03
  0.9813E-03
  0.9578E-03
  0.1016E-02
  0.9824E-03
  0.9991E-03
  0.1001E-02
  0.1030E-02
  0.1247E-02
  0.1374E-02
  0.1016E-02
  0.1072E-02
  0.2845E-02
  0.1875E-02
  0.1085E-02
  0.1086E-02
  0.1087E-02
  0.3368E-02
  0.2551E-02
  0.1095E-02
  0.1156E-02
  0.2399E-02
  0.3312E-02
  0.3228E-02
  0.1368E-02
  0.2488E-02
  0.2442E-02
  0.2000E-02
  0.1949E-02
  0.1581E-02
  0.1210E-02
  0.1159E-02
  0.1915E-02
  0.1170E-02
  0.1182E-02
  0.1446E-02
  0.1425E-02
  0.1379E-02
  0.1604E-02
  0.1312E-02
  0.1251E-02
  0.1227E-02
  0.1239E-02
  0.1224E-02
  0.1204E-02
  0.1194E-02
  0.1171E-02
  0.1219E-02
  0.1230E-02
  0.1206E-02
  0.1264E-02
  0.1253E-02
  0.1287E-02
  0.1273E-02
  0.1284E-02
  0.1283E-02
  0.1294E-02
  0.1293E-02
  0.1239E-02
  0.1276E-02
  0.1266E-02
  0.1275E-02
  0.1256E-02
  0.1331E-02
  0.1311E-02
  0.1276E-02
  0.1310E-02
  0.1285E-02
  0.1313E-02
  0.1304E-02
  0.1390E-02
  0.1352E-02
  0.1395E-02
  0.1466E-02
  0.1436E-02
  0.1397E-02
  0.1471E-02
  0.1437E-02
  0.1348E-02
  0.1382E-02
  0.1359E-02
  0.1446E-02
  0.1374E-02
  0.1439E-02
  0.1441E-02
  0.1424E-02
  0.1697E-02
  0.2317E-02
  0.1694E-02
  0.1608E-02
  0.2241E-02
  0.2216E-02
  0.2333E-02
  0.1774E-02
  0.1571E-02
  0.1357E-02
  0.2133E-02
  0.2296E-02
  0.2327E-02
  0.2220E-02
  0.1936E-02
  0.1732E-02
  0.1733E-02
  0.1203E-02
  0.1367E-02
  0.1293E-02
  0.1500E-02
  0.1656E-02
  0.1421E-02
  0.1353E-02
  0.1524E-02
  0.1465E-02
  0.1470E-02
  0.1497E-02
  0.1518E-02
  0.1481E-02
  0.1483E-02
  0.1593E-02
  0.1625E-02
  0.1628E-02
  0.1604E-02
  0.1656E-02
  0.1504E-02
  0.1558E-02
  0.1649E-02
  0.1664E-02
  0.1623E-02
  0.1602E-02
  0.1542E-02
  0.1555E-02
  0.1538E-02
  0.1717E-02
  0.1583E-02
  0.1614E-02
  0.1608E-02
  0.1517E-02
  0.1580E-02
  0.1566E-02
  0.1516E-02
  0.1510E-02
  0.1414E-02
  0.1499E-02
  0.1538E-02
  0.1519E-02
  0.1652E-02
  0.1490E-02
  0.1497E-02
  0.1774E-02
  0.1674E-02
  0.1711E-02
  0.1625E-02
  0.1574E-02
  0.1748E-02
  0.1598E-02
  0.1566E-02
  0.1643E-02
  0.1503E-02
  0.1788E-02
  0.1781E-02
  0.1814E-02
  0.1791E-02
  0.1904E-02
  0.1977E-02
  0.2085E-02
  0.2069E-02
  0.2078E-02
  0.2060E-02
  0.1998E-02
  0.1962E-02
  0.1979E-02
  0.1894E-02
  0.1890E-02
  0.1846E-02
  0.1854E-02
  0.1681E-02
  0.1695E-02
  0.1647E-02
  0.1767E-02
  0.1522E-02
  0.1567E-02
  0.1573E-02
  0.1429E-02
  0.1392E-02
  0.1362E-02
  0.1288E-02
  0.1263E-02
  0.1224E-02
  0.1015E-02
  0.9243E-03
  0.8792E-03
  0.8424E-03
  0.9092E-03
  0.8939E-03
  0.7856E-03
  0.6531E-03
  0.6207E-03
  0.7397E-03
  0.8110E-03
  0.6824E-03
  0.7839E-03
  0.8384E-03
  0.7686E-03
  0.9598E-03
  0.9631E-03
  0.8714E-03
  0.7653E-03
  0.6634E-03
  0.7449E-03
  0.6388E-03
  0.5358E-03
  0.5325E-03
  0.4519E-03
  0.6292E-03
  0.8549E-03
  0.8007E-03
  0.7616E-03
  0.8811E-03
  0.8335E-03
  0.7679E-03
  0.8430E-03
  0.7924E-03
  0.6986E-03
  0.7132E-03
  0.6854E-03
  0.6187E-03
  0.7204E-03
  0.7072E-03
  0.5969E-03
  0.6581E-03
  0.5943E-03
  0.6137E-03
  0.6666E-03
  0.7319E-03
  0.5863E-03
  0.7546E-03
  0.6197E-03
  0.5749E-03
  0.7087E-03
  0.5718E-03
  0.5544E-03
  0.5968E-03
  0.5228E-03
  0.4428E-03
  0.4199E-03
  0.3768E-03
  0.3361E-03
  0.3227E-03
  0.3223E-03
  0.2823E-03
  0.2703E-03
  0.2704E-03
  0.2857E-03
  0.3711E-03
  0.6071E-03
  0.5280E-03
  0.5137E-03
  0.4697E-03
  0.3888E-03
  0.3892E-03
  0.3977E-03
  0.3329E-03
  0.3192E-03
  0.3556E-03
  0.3465E-03
  0.3043E-03
  0.4221E-03
  0.4933E-03
  0.4253E-03
  0.4243E-03
  0.3463E-03
  0.3577E-03
  0.3483E-03
  0.2961E-03
  0.2927E-03
  0.3128E-03
  0.2913E-03
  0.2651E-03
  0.3821E-03
  0.3991E-03
  0.4662E-03
  0.4875E-03
  0.4515E-03
  0.4351E-03
  0.4303E-03
  0.4769E-03
  0.5666E-03
  0.4898E-03
  0.6786E-03
  0.6550E-03
  0.6418E-03
  0.5931E-03
  0.5346E-03
  0.5901E-03
  0.5588E-03
  0.5332E-03
  0.5377E-03
  0.6064E-03
  0.5599E-03
  0.5092E-03
  0.6684E-03
  0.7029E-03
  0.7483E-03
  0.6456E-03
  0.7021E-03
  0.6539E-03
  0.6406E-03
  0.5752E-03
  0.6320E-03
  0.6310E-03
  0.6231E-03
  0.5592E-03
  0.6485E-03
  0.6519E-03
  0.7145E-03
  0.7297E-03
  0.7956E-03
  0.8433E-03
  0.8148E-03
  0.8977E-03
  0.1070E-02
  0.1010E-02
  0.1021E-02
  0.9222E-03
  0.9634E-03
  0.9610E-03
  0.8300E-03
  0.6451E-03
  0.8728E-03
  0.7420E-03
  0.6771E-03
  0.6476E-03
  0.7154E-03
  0.7242E-03
  0.6459E-03
  0.7674E-03
  0.6725E-03
  0.6232E-03
  0.7982E-03
  0.7203E-03
  0.6719E-03
  0.5639E-03
  0.4636E-03
  0.5735E-03
  0.4294E-03
  0.4585E-03
  0.5425E-03
  0.5233E-03
  0.4985E-03
  0.5121E-03
  0.4644E-03
  0.5301E-03
  0.5334E-03
  0.6058E-03
  0.5531E-03
  0.4749E-03
  0.6758E-03
  0.7547E-03
  0.6404E-03
  0.6323E-03
  0.6709E-03
  0.4908E-03
  0.4788E-03
  0.5413E-03
  0.6018E-03
  0.5782E-03
  0.4638E-03
  0.4417E-03
  0.5050E-03
  0.3645E-03
  0.5807E-03
  0.6685E-03
  0.5377E-03
  0.7209E-03
  0.7153E-03
  0.4961E-03
  0.6411E-03
  0.5335E-03
  0.5991E-03
  0.7271E-03
  0.5842E-03
  0.6640E-03
  0.7935E-03
  0.7296E-03
  0.6067E-03
  0.6700E-03
  0.4264E-03
  0.6741E-03
  0.7721E-03
  0.8773E-03
  0.7278E-03
  0.7442E-03
  0.7812E-03
  0.7392E-03
  0.3920E-03
  0.3877E-03
  0.6273E-03
  0.4442E-03
  0.4451E-03
  0.6686E-03
  0.5965E-03
  0.5557E-03
  0.5087E-03
  0.3305E-03
  0.3333E-03
  0.4089E-03
  0.2689E-03
  0.2494E-03
  0.2540E-03
  0.1435E-03
  0.4251E-03
  0.5531E-03
  0.3132E-03
  0.4623E-03
  0.4147E-03
  0.3515E-03
  0.3304E-03
  0.4157E-03
  0.3494E-03
  0.4680E-03
  0.3557E-03
  0.3231E-03
  0.3602E-03
  0.3719E-03
  0.3456E-03
  0.3870E-03
  0.4432E-03
  0.3204E-03
  0.5178E-03
  0.3593E-03
  0.4352E-03
  0.4080E-03
  0.3037E-03
  0.2615E-03
  0.3011E-03
  0.3337E-03
  0.4089E-03
  0.3705E-03
  0.3101E-03
  0.3030E-03
  0.3487E-03
  0.2693E-03
  0.3208E-03
  0.6956E-03
  0.7766E-03
  0.5968E-03
  0.7247E-03
  0.7357E-03
  0.5480E-03
  0.7930E-03
  0.6946E-03
  0.6522E-03
  0.6639E-03
  0.5666E-03
  0.4503E-03
  0.4609E-03
  0.3948E-03
  0.4120E-03
  0.4456E-03
  0.3918E-03
  0.3558E-03
  0.4172E-03
  0.3990E-03
  0.3876E-03
  0.3582E-03
  0.3144E-03
  0.3212E-03
  0.1842E-03
  0.2899E-03
  0.3202E-03
  0.3843E-03
  0.3780E-03
  0.3336E-03
  0.4188E-03
  0.2920E-03
  0.2457E-03
  0.4241E-03
  0.5528E-03
  0.6132E-03
  0.4049E-03
  0.5572E-03
  0.3340E-03
  0.4694E-03
  0.5160E-03
  0.5731E-03
  0.3646E-03
  0.4974E-03
  0.5779E-03
  0.4448E-03
  0.4820E-03
  0.3034E-03
  0.3984E-03
  0.3316E-03
  0.4645E-03
  0.5791E-03
  0.4231E-03
  0.2561E-03
  0.3719E-03
  0.3314E-03
  0.2862E-03
  0.4005E-03
  0.4437E-03
  0.4592E-03
  0.5160E-03
  0.2845E-03
  0.2829E-03
  0.3396E-03
  0.3549E-03
  0.3974E-03
  0.3051E-03
  0.4558E-03
  0.4482E-03
  0.4041E-03
  0.4815E-03
  0.3461E-03
  0.2422E-03
  0.3583E-03
  0.3132E-03
  0.3375E-03
  0.2026E-03
  0.3128E-03
  0.4201E-03
  0.3968E-03
  0.4477E-03
  0.4599E-03
  0.3306E-03
  0.3024E-03
  0.3507E-03
  0.2750E-03
  0.3150E-03
  0.1898E-03
  0.3118E-03
  0.2225E-03
  0.1338E-03
  0.2575E-03
  0.3462E-03
  0.3024E-03
  0.1437E-03
  0.2850E-03
  0.1835E-03
  0.2396E-03
  0.2670E-03
  0.2895E-03
  0.1330E-03
  0.2461E-03
  0.2886E-03
  0.1947E-03
  0.1520E-03
  0.1252E-03
  0.2120E-03
  0.2045E-03
  0.3021E-03
  0.3702E-03
  0.2659E-03
  0.2355E-03
  0.3175E-03
  0.2127E-03
  0.1896E-03
  0.3093E-03
  0.2272E-03
  0.1346E-03
  0.2033E-03
  0.2195E-03
  0.1729E-03
  0.9545E-04
  0.1328E-03
  0.1051E-03
  0.1274E-03
  0.6340E-04
  0.1159E-03
  0.1209E-03
  0.4875E-04
  0.9418E-04
  0.1681E-03
  0.1465E-03
  0.7267E-04
  0.6382E-04
  0.1593E-03
  0.1963E-03
  0.1051E-03
  0.6402E-04
  0.4095E-04
  0.2610E-04
  0.8085E-04
  0.7486E-04
  0.1291E-03
  0.2315E-03
  0.5757E-04
  0.1066E-03
  0.1665E-03
  0.1159E-03
  0.1891E-03
  0.1746E-03
  0.9873E-04
  0.1180E-03
  0.9178E-04
  0.1106E-03
  0.1926E-03
  0.1632E-03
  0.7770E-04
  0.1587E-03
  0.1073E-03
  0.8177E-04
  0.6743E-04
  0.1519E-03
  0.2006E-03
  0.9094E-04
  0.1229E-03
  0.1061E-03
  0.1655E-03
  0.1008E-03
  0.1316E-03
  0.1129E-03
  0.1737E-03
  0.1719E-03
  0.1201E-03
  0.7468E-04
  0.1009E-03
  0.8362E-04
  0.8432E-04
  0.8422E-04
  0.7345E-04
  0.8930E-04
  0.8108E-04
  0.4781E-04
  0.8602E-04
  0.7818E-04
  0.1874E-04
  0.5749E-04
  0.8013E-04
  0.1330E-03
  0.1630E-03
  0.1266E-03
  0.1121E-03
  0.8748E-04
  0.8464E-04
  0.8767E-04
  0.1089E-03
  0.6807E-04
  0.6135E-04
  0.3469E-04
  0.3681E-04
  0.2117E-04
  0.7091E-05
  0.1527E-04
  0.1428E-04
  0.2257E-04
  0.4154E-04
  0.2527E-04
  0.2114E-04
  0.1778E-04
  0.1390E-04
  0.4349E-05
  0.7603E-05
  0.1652E-04
  0.1452E-04
  0.2113E-04
  0.3901E-04
  0.3853E-04
  0.1461E-04
  0.2769E-04
  0.1068E-04
  0.1873E-04
  0.2763E-04
  0.1363E-04
  0.1713E-04
  0.1584E-04
  0.1367E-04
  0.2900E-04
  0.3175E-04
  0.1571E-04
  0.1099E-04
  0.6866E-05
  0.2016E-04
  0.2458E-04
  0.2722E-04
  0.2852E-04
  0.1556E-04
  0.1800E-04
  0.1660E-04
  0.1613E-04
  0.6010E-05
  0.8379E-05
  0.1597E-04
  0.3028E-04
  0.4941E-04
  0.2962E-04
  0.4645E-04
  0.1448E-04
  0.2939E-04
  0.3498E-04
  0.1596E-04
  0.5694E-04
  0.4500E-04
  0.3285E-04
  0.3398E-04
  0.3211E-04
  0.1575E-04
  0.1951E-04
  0.1152E-04
  0.2388E-04
  0.1548E-04
  0.5389E-05
  0.4561E-05
  0.8589E-05
  0.6213E-05
  0.4432E-05
  0.8237E-05
  0.9779E-05
  0.1101E-04
  0.3476E-05
  0.5900E-05
  0.1497E-04
  0.1993E-04
  0.8487E-05
  0.8027E-05
  0.3720E-04
  0.3303E-04
  0.1820E-04
  0.3883E-04
  0.8756E-05
  0.2082E-04
  0.9372E-05
  0.1678E-04
  0.1795E-04
  0.1415E-04
  0.3246E-04
  0.2504E-04
  0.3268E-04
  0.1722E-04
  0.1731E-04
  0.1314E-04
  0.1054E-04
  0.1385E-04
  0.2502E-04
  0.1362E-04
  0.1330E-04
  0.1044E-04
  0.2912E-04
  0.1646E-04
  0.8735E-05
  0.1194E-04
  0.1149E-04
  0.9386E-05
  0.6178E-05
  0.5698E-05
  0.1331E-04
  0.1061E-04
  0.3986E-05
  0.7664E-05
  0.5683E-05
  0.6497E-05
  0.3340E-05
  0.3771E-05
  0.8856E-05
  0.8762E-05
  0.9091E-05
  0.7159E-05
  0.1250E-04
  0.1576E-04
  0.7404E-05
  0.1854E-04
  0.1546E-04
  0.7047E-05
  0.1938E-04
  0.3144E-04
  0.9246E-05
  0.1350E-04
  0.1465E-04
  0.8312E-05
  0.3240E-05
  0.7959E-05
  0.9518E-05
  0.4479E-05
  0.7621E-05
  0.1346E-04
  0.1435E-04
  0.9850E-05
  0.5536E-05
  0.3234E-05
  0.7033E-05
  0.3128E-05
  0.9937E-05
  0.6468E-05
  0.1370E-04
  0.8524E-05
  0.2061E-05
  0.6283E-05
  0.7084E-05
  0.3279E-05
  0.3903E-05
  0.5116E-05
  0.4780E-05
  0.7089E-05
  0.5833E-05
  0.4611E-05
  0.2704E-05
  0.1954E-05
  0.2334E-05
  0.4751E-05
  0.4683E-05
  0.8222E-05
  0.8545E-05
  0.7898E-05
  0.5074E-05
  0.8174E-05
  0.4624E-05
  0.1433E-05
  0.7400E-05
  0.6420E-05
  0.4515E-05
  0.6727E-05
  0.4992E-05
  0.8049E-05
  0.2928E-05
  0.4277E-05
  0.8455E-05
  0.4781E-05
  0.6046E-05
  0.5100E-05
  0.5213E-05
  0.3111E-05
  0.2697E-05
  0.3784E-05
  0.5654E-05
  0.2481E-05
  0.3825E-05
  0.3645E-05
  0.7290E-05
  0.3447E-05
  0.4872E-05
  0.6474E-05
  0.3879E-05
  0.6764E-05
  0.5352E-05
  0.3491E-05
  0.4559E-05
  0.4193E-05
  0.3311E-05
  0.3404E-05
  0.4882E-05
  0.2185E-05
  0.2594E-05
  0.4265E-05
  0.7201E-05
  0.3699E-05
  0.1367E-05
  0.1244E-04
  0.6793E-05
  0.5228E-05
  0.7160E-05
  0.5427E-05
  0.4714E-05
  0.3029E-05
  0.3707E-05
  0.3929E-05
  0.4203E-05
  0.1954E-05
  0.2133E-05
  0.4480E-05
  0.3406E-05
  0.4627E-05
  0.2011E-05
  0.2780E-05
  0.3920E-05
  0.2275E-05
  0.1246E-05
  0.1890E-05
  0.2347E-05
  0.1879E-05
  0.2151E-05
  0.2018E-05
  0.2043E-05
  0.2073E-05
  0.1822E-05
  0.1358E-05
  0.1609E-05
  0.8623E-06
  0.3023E-05
  0.1511E-05
  0.1417E-05
  0.1599E-05
  0.2126E-05
  0.1687E-05
  0.1512E-05
  0.1136E-05
  0.1587E-05
  0.1944E-05
  0.5117E-06
  0.1307E-05
  0.2191E-05
  0.5577E-06
  0.1351E-05
  0.2661E-05
  0.1994E-05
  0.3035E-05
  0.1208E-05
  0.1631E-05
  0.1230E-05
  0.2003E-05
  0.8603E-06
  0.5850E-06
  0.2677E-05
  0.1681E-05
  0.1719E-05
  0.2109E-05
  0.1630E-05
  0.6751E-06
  0.5942E-06
  0.8223E-06
  0.2179E-05
  0.1105E-05
  0.5771E-06
  0.6904E-06
  0.1271E-05
  0.1218E-05
  0.1094E-05
  0.9211E-06
  0.7859E-06
  0.6608E-06
  0.9928E-06
  0.1073E-05
  0.1109E-05
  0.7191E-06
  0.6976E-06
  0.4238E-06
  0.1036E-05
  0.6693E-06
  0.4072E-06
  0.5579E-06
  0.6073E-06
  0.9946E-06
  0.6345E-06
  0.3852E-06
  0.5427E-06
  0.6322E-06
  0.5072E-06
  0.6493E-06
  0.1420E-05
  0.1691E-06
  0.6051E-06
  0.4907E-06
  0.4415E-06
  0.3151E-06
  0.2504E-06
  0.4919E-06
  0.4748E-06
  0.3124E-06
  0.4410E-06
  0.4633E-06
  0.2854E-06
  0.3707E-06
  0.2557E-06
  0.4286E-06
  0.4952E-06
  0.4127E-06
  0.3753E-06
  0.1416E-06
  0.3197E-06
  0.9907E-07
  0.1132E-06
  0.2744E-06
  0.3305E-06
  0.3468E-06
  0.3338E-06
  0.1661E-06
  0.3855E-06
  0.2528E-06
  0.1758E-06
  0.2658E-06
  0.3324E-06
  0.1730E-06
  0.3206E-06
  0.2699E-06
  0.7933E-07
  0.1639E-06
  0.1673E-06
  0.3445E-06
  0.2417E-06
  0.2313E-06
  0.1890E-06
  0.1495E-06
  0.1789E-06
  0.1077E-06
  0.1503E-06
  0.3097E-06
  0.3822E-06
  0.2897E-06
  0.1633E-06
  0.1507E-06
  0.2361E-06
  0.1588E-06
  0.1164E-06
  0.2176E-06
  0.1173E-06
  0.1714E-06
  0.2666E-06
  0.1447E-06
  0.2233E-06
  0.2218E-06
  0.2322E-06
  0.1047E-06
  0.1844E-06
  0.1533E-06
  0.1583E-06
  0.1972E-06
  0.2347E-06
  0.2404E-06
  0.1426E-06
  0.9796E-07
  0.1174E-06
  0.1477E-06
  0.1353E-06
  0.1354E-06
  0.1093E-06
  0.1690E-06
  0.2481E-06
  0.1009E-06
  0.1363E-06
  0.1799E-06
  0.1120E-06
  0.1084E-06
  0.1345E-06
  0.1104E-06
  0.1254E-06
  0.8016E-07
  0.8346E-07
  0.5239E-07
  0.9496E-07
  0.7089E-07
  0.1098E-06
  0.6666E-07
  0.8890E-07
  0.6678E-07
  0.4384E-07
  0.5272E-07
  0.2845E-07
  0.3690E-08
  0.1007E-07
  0.3003E-07
  0.4103E-07
  0.6193E-07
  0.7927E-07
  0.5298E-07
  0.6121E-07
  0.8811E-07
  0.5558E-07
  0.6742E-07
  0.9167E-07
  0.1239E-06
  0.7259E-07
  0.5869E-07
  0.5819E-07
  0.6059E-07
  0.7365E-07
  0.6443E-07
  0.5309E-07
  0.7468E-07
  0.4989E-07
  0.5363E-07
  0.5668E-07
  0.5845E-07
  0.4567E-07
  0.4876E-07
  0.3103E-07
  0.4433E-07
  0.1023E-07
  0.4675E-07
  0.4867E-07
  0.4451E-07
  0.3010E-07
  0.2717E-07
  0.5361E-07
  0.2168E-07
  0.2579E-07
  0.2338E-07
  0.6044E-07
  0.7074E-07
  0.3291E-07
  0.1161E-07
  0.3617E-07
  0.3713E-07
  0.4317E-07
  0.2980E-07
  0.1152E-07
  0.2656E-07
  0.1363E-07
  0.3992E-07
  0.3758E-07
  0.2126E-07
  0.2705E-07
  0.3487E-07
  0.2778E-07
  0.2900E-07
  0.2690E-07
  0.2266E-07
  0.1484E-07
  0.2951E-07
  0.1539E-07
  0.2673E-07
  0.1937E-07
  0.2688E-07
  0.3653E-07
  0.1841E-07
  0.1931E-07
  0.7642E-08
  0.5444E-08
  0.2228E-07
  0.1132E-07
  0.2386E-07
  0.1098E-07
  0.3380E-07
  0.2013E-07
  0.1195E-07
  0.1612E-07
  0.1844E-07
  0.1389E-07
  0.7767E-08
  0.8437E-08
  0.3597E-08
  0.1234E-07
  0.1815E-07
  0.2208E-07
  0.1539E-07
  0.1427E-07
  0.2901E-07
  0.1693E-07
  0.1362E-07
  0.5968E-08
  0.1660E-07
  0.1328E-07
  0.4420E-08
  0.1356E-07
  0.5634E-08
  0.1257E-07
  0.6951E-08
  0.1439E-07
  0.1048E-07
  0.7889E-08
  0.1289E-07
  0.1072E-07
  0.9756E-08
  0.2931E-07
  0.4935E-08
  0.2036E-07
  0.4113E-08
  0.2786E-08
  0.1345E-07
  0.1365E-07
  0.1503E-07
  0.1325E-07
  0.1235E-07
  0.2151E-07
  0.1376E-07
  0.1646E-07
  0.6656E-08
  0.1374E-07
  0.1059E-07
  0.8586E-08
  0.1450E-07
  0.6214E-08
  0.1496E-07
  0.1080E-07
  0.6146E-08
  0.3672E-08
  0.2018E-08
  0.2817E-08
  0.8039E-08
  0.5371E-08
  0.9166E-08
  0.3081E-08
  0.5599E-08
  0.9553E-08
  0.4433E-08
  0.6628E-08
  0.6447E-08
  0.1287E-08
  0.7044E-09
  0.6335E-08
  0.2845E-09
  0.1082E-08
  0.1647E-08
  0.2335E-08
  0.5596E-08
  0.2416E-08
  0.3293E-08
  0.6995E-08
  0.6877E-08
  0.5787E-08
  0.3706E-08
  0.1265E-08
  0.4278E-08
  0.9654E-09
  0.2438E-09
  0.6885E-09
  0.1651E-08
  0.4074E-08
  0.3950E-08
  0.5037E-08
  0.4142E-08
  0.5376E-08
  0.6796E-08
  0.8500E-08
  0.2478E-08
  0.3084E-08
  0.7678E-08
  0.5213E-08
  0.2317E-08
  0.5410E-08
  0.4827E-08
  0.6550E-08
  0.4110E-08
  0.2918E-08
  0.2486E-08
  0.1227E-08
  0.2369E-08
  0.2723E-08
  0.1355E-08
  0.1990E-08
  0.2696E-08
  0.9082E-09
  0.7022E-09
  0.2101E-08
  0.1908E-08
  0.8903E-09
  0.1033E-08
  0.2110E-08
  0.8263E-09
  0.2269E-09
  0.1327E-08
  0.8084E-09
  0.1411E-08
  0.1601E-08
  0.1737E-08
  0.1386E-08
  0.2110E-08
  0.4311E-09
  0.6826E-09
  0.5404E-09
  0.7753E-09
  0.7017E-09
  0.4915E-09
  0.2614E-09
  0.2628E-09
  0.4860E-09
  0.5514E-09
  0.1877E-09
  0.1688E-08
  0.1851E-08
  0.2680E-08
  0.1754E-08
  0.2543E-08
  0.1140E-08
  0.9561E-09
  0.4787E-09
  0.1999E-08
  0.6425E-09
  0.1067E-08
  0.3275E-09
  0.4641E-09
  0.6672E-09
  0.1250E-09
  0.7070E-09
  0.5383E-09
  0.2140E-08
  0.1031E-08
  0.1641E-08
  0.1742E-08
  0.1393E-08
  0.1480E-08
  0.2126E-08
  0.1036E-08
  0.1331E-08
  0.7893E-09
  0.1555E-08
  0.1154E-08
  0.5424E-09
  0.5983E-09
  0.3033E-09
  0.1036E-08
  0.2698E-08
  0.1114E-08
  0.1439E-08
  0.5819E-09
  0.3264E-09
  0.4304E-10
  0.2440E-10
  0.4962E-10
  0.5982E-10
  0.6457E-11
  0.1721E-09
  0.1252E-09
  0.9410E-10
  0.8094E-09
  0.4207E-09
  0.6040E-09
  0.1097E-09
  0.1084E-08
  0.1072E-08
  0.1500E-09
  0.3680E-09
  0.4030E-09
  0.3390E-09
  0.6218E-09
  0.1279E-09
  0.4124E-10
  0.1044E-09
  0.1013E-09
  0.2227E-09
  0.6612E-10
  0.1912E-09
  0.8341E-09
  0.2327E-09
  0.1720E-08
  0.2969E-09
  0.4599E-09
  0.3480E-10
  0.3472E-09
  0.3718E-09
  0.2281E-10
  0.1881E-10
  0.4074E-10
  0.2032E-10
  0.8289E-10
  0.3311E-10
  0.5807E-11
  0.4846E-10
  0.6896E-09
  0.3716E-09
  0.8085E-10
  0.1923E-09
  0.3656E-10
  0.4336E-10
  0.4295E-10
  0.7525E-10
  0.2040E-10
  0.3800E-10
  0.2869E-10
  0.1287E-10
  0.7328E-11
  0.3214E-11
  0.3611E-10
  0.1422E-09
  0.3410E-09
  0.4768E-09
  0.2201E-09
  0.5996E-10
  0.1784E-09
  0.8624E-10
  0.6723E-10
  0.7112E-10
  0.3181E-09
  0.1136E-09
  0.1016E-09
  0.1624E-09
  0.1744E-09
  0.1557E-09
  0.6784E-10
  0.2690E-09
  0.9359E-10
  0.2596E-09
  0.2211E-09
  0.5444E-09
  0.1141E-09
  0.2077E-09
  0.8742E-10
  0.1881E-09
  0.3715E-10
  0.7318E-11
  0.5338E-10
  0.8141E-11
  0.7682E-11
  0.8278E-11
  0.1761E-11
  0.4701E-12
  0.5172E-10
  0.3201E-09
  0.4257E-10
  0.8236E-10
  0.1615E-09
  0.9284E-10
  0.3237E-10
  0.5712E-10
  0.4126E-10
  0.8403E-10
  0.2272E-10
  0.2139E-10
  0.6996E-11
  0.4771E-10
  0.6039E-11
  0.1696E-10
  0.1980E-10
  0.2934E-10
  0.9323E-10
  0.2032E-10
  0.2338E-10
  0.7920E-10
  0.7744E-10
  0.1945E-11
  0.2195E-10
  0.4107E-10
  0.3343E-10
  0.1023E-09
  0.1079E-10
  0.5262E-11
  0.6247E-11
  0.3695E-11
  0.1791E-11
  0.1499E-09
  0.1370E-09
  0.1007E-09
  0.1314E-09
  0.9051E-10
  0.8310E-10
  0.6159E-10
  0.2980E-10
  0.1239E-10
  0.1080E-10
  0.3520E-11
  0.1967E-10
  0.4002E-11
  0.1036E-10
  0.1646E-10
  0.2474E-10
  0.7074E-10
  0.4503E-10
  0.3543E-10
  0.2053E-10
  0.7691E-11
  0.1996E-10
  0.1501E-10
  0.9204E-11
  0.4402E-10
  0.2995E-10
  0.1647E-10
  0.9605E-12
  0.7601E-12
  0.3577E-12
  0.9248E-11
  0.1203E-11
  0.1401E-10
  0.3115E-10
  0.1045E-10
  0.9203E-11
  0.6248E-11
  0.2425E-10
  0.4357E-11
  0.5893E-11
  0.1383E-10
  0.2157E-11
  0.6953E-11
  0.1207E-10
  0.2631E-11
  0.4758E-12
  0.7558E-12
  0.8527E-10
  0.2404E-10
  0.8900E-11
  0.5981E-11
  0.6609E-11
  0.8531E-11
  0.2237E-10
  0.2063E-10
  0.2732E-11
  0.1168E-11
  0.1077E-11
  0.3577E-10
  0.5032E-11
  0.1226E-11
  0.2015E-11
  0.2112E-11
  0.1798E-12
  0.6752E-11
  0.2157E-10
  0.1906E-10
  0.3044E-10
  0.1111E-10
  0.1636E-11
  0.4106E-11
  0.6313E-11
  0.1391E-10
  0.6831E-11
  0.1034E-11
  0.4146E-11
  0.5674E-11
  0.2210E-11
  0.1348E-10
  0.2352E-12
  0.5531E-11
  0.3278E-10
  0.3858E-10
  0.2203E-10
  0.1048E-10
  0.6115E-11
  0.4840E-11
  0.5314E-11
  0.7078E-11
  0.2548E-12
  0.6005E-13
  0.1179E-11
  0.2372E-11
  0.2377E-11
  0.1034E-10
  0.5455E-12
  0.2403E-11
  0.2762E-10
  0.4032E-11
  0.5944E-12
  0.8492E-12
  0.1199E-11
  0.1049E-10
  0.2021E-11
  0.3644E-11
  0.3850E-11
  0.2769E-11
  0.9007E-12
  0.4159E-12
  0.2974E-11
  0.1986E-10
  0.1015E-11
  0.6163E-11
  0.2933E-11
  0.3368E-12
  0.1423E-12
  0.8425E-12
  0.1924E-11
  0.3110E-11
  0.2141E-11
  0.1519E-11
  0.2136E-10
  0.4307E-11
  0.5431E-11
  0.2961E-11
  0.7345E-12
  0.6012E-12
  0.2283E-12
  0.7222E-11
  0.6074E-11
  0.1979E-10
  0.3073E-11
  0.3827E-11
  0.1929E-11
  0.1739E-11
  0.6230E-12
  0.2116E-11
  0.2851E-11
  0.9242E-12
  0.5757E-11
  0.5323E-11
  0.5975E-11
  0.1549E-11
  0.9553E-12
  0.4115E-11
  0.2140E-11
  0.2002E-11
  0.1040E-10
  0.3203E-11
  0.9459E-12
  0.9462E-12
  0.2676E-11
  0.2178E-11
  0.2922E-11
  0.3651E-11
  0.2429E-11
  0.1217E-11
  0.1275E-11
  0.4101E-11
  0.1124E-11
  0.1382E-11
  0.1096E-11
  0.6723E-12
  0.5161E-12
  0.7279E-12
  0.4577E-12
  0.8023E-12
  0.8043E-12
  0.8584E-12
  0.9081E-12
  0.2805E-11
  0.1993E-11
  0.2847E-11
  0.9235E-12
  0.1725E-11
  0.2645E-11
  0.2099E-11
  0.2194E-11
  0.1345E-11
  0.9729E-12
  0.6360E-12
  0.1128E-11
  0.1581E-11
  0.4755E-12
  0.8751E-12
  0.1170E-11
  0.1470E-11
  0.1063E-11
  0.1058E-11
  0.1369E-11
  0.3851E-12
  0.1275E-11
  0.1581E-11
  0.1375E-11
  0.6529E-12
  0.1373E-11
  0.2212E-11
  0.1759E-11
  0.5769E-12
  0.8128E-12
  0.3875E-12
  0.3542E-12
  0.8612E-12
  0.7541E-12
  0.4952E-12
  0.8607E-12
  0.1157E-11
  0.1194E-11
  0.5782E-12
  0.1526E-11
  0.4879E-12
  0.3322E-12
  0.1281E-11
  0.1297E-11
  0.1427E-11
  0.5028E-12
  0.9688E-12
  0.1870E-11
  0.1273E-11
  0.4812E-12
  0.8399E-12
  0.7632E-12
  0.9303E-12
  0.2006E-12
  0.9518E-12
  0.1524E-11
  0.5192E-12
  0.5924E-11
