 Planetary albedo [cm2 / molecules of air]
          0.00000000E+00
          0.38788972E-11
          0.57426064E-10
          0.28319669E-09
          0.88332797E-09
          0.21395394E-08
          0.44131329E-08
          0.81449922E-08
          0.13855583E-07
          0.22144955E-07
          0.33692737E-07
          0.49258142E-07
          0.69679965E-07
          0.95876582E-07
          0.12884595E-06
          0.16966561E-06
          0.21949269E-06
          0.27956388E-06
          0.35119547E-06
          0.43578333E-06
          0.53480289E-06
          0.64980919E-06
          0.78243683E-06
          0.93439998E-06
          0.11074924E-05
          0.13035875E-05
          0.15246380E-05
          0.17726766E-05
          0.20498153E-05
          0.23582457E-05
          0.27002390E-05
          0.30781460E-05
          0.34943970E-05
          0.39515020E-05
          0.44520504E-05
          0.49989682E-05
          0.55942330E-05
          0.62414440E-05
          0.69432518E-05
          0.77026438E-05
          0.85226866E-05
          0.94065266E-05
          0.10357390E-04
          0.11378581E-04
          0.12473486E-04
          0.13676978E-04
          0.14898373E-04
          0.16235522E-04
          0.17660720E-04
          0.19177748E-04
          0.20790469E-04
          0.22502823E-04
          0.24318833E-04
          0.26242597E-04
          0.28278296E-04
          0.30430189E-04
          0.32702615E-04
          0.35099992E-04
          0.37626817E-04
          0.40287666E-04
          0.43087197E-04
          0.46030145E-04
          0.49121324E-04
          0.52365629E-04
          0.55768033E-04
          0.59333590E-04
          0.63067431E-04
          0.66974767E-04
          0.71060890E-04
          0.75331169E-04
          0.79791053E-04
          0.84446070E-04
          0.89301827E-04
          0.94364011E-04
          0.99638388E-04
          0.10513080E-03
          0.11084717E-03
          0.11679351E-03
          0.12297589E-03
          0.12940048E-03
          0.13607351E-03
          0.14300130E-03
          0.15019025E-03
          0.15764684E-03
          0.16537762E-03
          0.17338922E-03
          0.18168835E-03
          0.19028181E-03
          0.19917647E-03
          0.20837926E-03
          0.21789723E-03
          0.22773747E-03
          0.23790716E-03
          0.24841358E-03
          0.25926404E-03
          0.27046599E-03
          0.28202690E-03
          0.29395436E-03
          0.30625601E-03
          0.31893959E-03
          0.33201290E-03
          0.34548383E-03
          0.30655678E-02
          0.37365049E-03
          0.38836236E-03
          0.40350418E-03
          0.41908421E-03
          0.43511080E-03
          0.45162118E-03
          0.46853745E-03
          0.48595460E-03
          0.50385249E-03
          0.52223986E-03
          0.54112551E-03
          0.56073262E-03
          0.58042773E-03
          0.60086145E-03
          0.62182990E-03
          0.64334186E-03
          0.66540658E-03
          0.68803342E-03
          0.71123180E-03
          0.73501122E-03
          0.75938126E-03
          0.78435156E-03
          0.80993185E-03
          0.83613193E-03
          0.86296168E-03
          0.89043105E-03
          0.91855006E-03
          0.94732882E-03
          0.97677749E-03
          0.10069063E-02
          0.10377257E-02
          0.10692459E-02
          0.11014775E-02
          0.11344310E-02
          0.11681170E-02
          0.12025462E-02
          0.12377294E-02
          0.12736774E-02
          0.13104011E-02
          0.13479116E-02
          0.13862198E-02
          0.14253369E-02
          0.14652741E-02
          0.15060427E-02
          0.15476540E-02
          0.15901194E-02
          0.16334504E-02
          0.16776585E-02
          0.17227555E-02
          0.17687529E-02
          0.18156626E-02
          0.18634963E-02
          0.19122661E-02
          0.19619838E-02
          0.20126615E-02
          0.20643114E-02
          0.21169455E-02
          0.21705762E-02
          0.22252158E-02
          0.22808767E-02
          0.23375712E-02
          0.23953120E-02
          0.24541117E-02
          0.25139827E-02
          0.25749380E-02
          0.26369903E-02
          0.27001524E-02
          0.27644372E-02
          0.29268155E-02
          0.28964315E-02
          0.26552882E-01
          0.28111985E-01
          0.10036760E+00
          0.13071452E+00
          0.39562551E-02
          0.84940280E-01
          0.11336200E+00
          0.16563500E-01
          0.38606550E-02
          0.36282181E-02
          0.37083023E-02
          0.37896973E-02
          0.38724163E-02
          0.39564733E-02
          0.40420995E-02
          0.41286570E-02
          0.42168119E-02
          0.43063609E-02
          0.43973182E-02
          0.44896982E-02
          0.45835151E-02
          0.46787833E-02
          0.47755172E-02
          0.48737312E-02
          0.49734399E-02
          0.50746579E-02
          0.51773998E-02
          0.52816803E-02
          0.53875141E-02
          0.54949160E-02
          0.56039009E-02
          0.57144835E-02
          0.58266790E-02
          0.59405022E-02
          0.60559681E-02
          0.61730920E-02
          0.62918888E-02
          0.64123738E-02
          0.65345622E-02
          0.66584692E-02
          0.67841102E-02
          0.69115005E-02
          0.70406555E-02
          0.71715907E-02
          0.73043214E-02
          0.74388634E-02
          0.75752321E-02
          0.77134431E-02
          0.78535120E-02
          0.79954546E-02
          0.81392866E-02
          0.82850237E-02
          0.84326817E-02
          0.85822765E-02
          0.87338239E-02
          0.88873398E-02
          0.90428401E-02
          0.92003427E-02
          0.93627216E-02
          0.95214076E-02
          0.96850228E-02
          0.98506682E-02
          0.10018412E-01
          0.41513783E-01
          0.20971199E-01
          0.10820595E-01
          0.10712978E-01
          0.10888904E-01
          0.11069472E-01
          0.11252233E-01
          0.11437206E-01
          0.11624405E-01
          0.11813847E-01
          0.12005549E-01
          0.12199527E-01
          0.12395797E-01
          0.12594376E-01
          0.12795281E-01
          0.12998590E-01
          0.13204132E-01
          0.13412111E-01
          0.13622482E-01
          0.13835260E-01
          0.15145067E-01
          0.73528400E-01
          0.14997080E-01
          0.14710780E-01
          0.14935845E-01
          0.15163417E-01
          0.15393512E-01
          0.15626147E-01
          0.15861339E-01
          0.16099104E-01
          0.16339458E-01
          0.16582419E-01
          0.16828003E-01
          0.17076227E-01
          0.17327106E-01
          0.17580657E-01
          0.17836898E-01
          0.18095844E-01
          0.18357513E-01
          0.18621920E-01
          0.18889081E-01
          0.19159015E-01
          0.19431736E-01
          0.19707262E-01
          0.19985609E-01
          0.20266793E-01
          0.20550831E-01
          0.20837739E-01
          0.21127533E-01
          0.21420230E-01
          0.21715846E-01
          0.22014398E-01
          0.22315901E-01
          0.22620372E-01
          0.22927827E-01
          0.23238282E-01
          0.23551754E-01
          0.23868258E-01
          0.24187811E-01
          0.24510428E-01
          0.24836126E-01
          0.25164920E-01
          0.25496827E-01
          0.25831863E-01
          0.26170042E-01
          0.26511382E-01
          0.26855897E-01
          0.27203604E-01
          0.27554518E-01
          0.27908655E-01
          0.28266031E-01
          0.28626673E-01
          0.28990558E-01
          0.29357742E-01
          0.29728225E-01
          0.68341710E-01
          0.90947425E-01
          0.31303556E-01
          0.14607668E+00
          0.13226347E+00
          0.39743527E-01
          0.48787712E-01
          0.92590726E-01
          0.88822446E-01
          0.18518353E+00
          0.17163670E+00
          0.35162747E-01
          0.34875913E-01
          0.35269961E-01
          0.35691746E-01
          0.36117069E-01
          0.36545944E-01
          0.36978384E-01
          0.37414403E-01
          0.37854016E-01
          0.38297236E-01
          0.38744078E-01
          0.39194554E-01
          0.39648678E-01
          0.40106465E-01
          0.40567927E-01
          0.41033077E-01
          0.41501930E-01
          0.41974498E-01
          0.42450793E-01
          0.42930830E-01
          0.43414620E-01
          0.43902178E-01
          0.44393514E-01
          0.44888642E-01
          0.45387575E-01
          0.45890324E-01
          0.46396901E-01
          0.46907319E-01
          0.47421590E-01
          0.47939726E-01
          0.48461738E-01
          0.48987638E-01
          0.49517438E-01
          0.50051148E-01
          0.50588781E-01
          0.51130347E-01
          0.51675857E-01
          0.52225322E-01
          0.52778753E-01
          0.53336161E-01
          0.53897556E-01
          0.54462949E-01
          0.55032349E-01
          0.55605767E-01
          0.56183213E-01
          0.56764696E-01
          0.57350227E-01
          0.57939815E-01
          0.58534466E-01
          0.59131198E-01
          0.59733013E-01
          0.83385550E-01
          0.88962930E-01
          0.61570208E-01
          0.62235042E-01
          0.19158096E+00
          0.13058163E+00
          0.65354690E-01
          0.64695622E-01
          0.65334585E-01
          0.22657911E+00
          0.17854982E+00
          0.67867190E-01
          0.74619896E-01
          0.17044842E+00
          0.22998295E+00
          0.22362385E+00
          0.94144293E-01
          0.17595687E+00
          0.17673683E+00
          0.14732612E+00
          0.14265242E+00
          0.11597273E+00
          0.80426592E-01
          0.75434656E-01
          0.14384058E+00
          0.77742667E-01
          0.77555317E-01
          0.10658185E+00
          0.10385799E+00
          0.10060285E+00
          0.12184445E+00
          0.90925028E-01
          0.81938566E-01
          0.82680064E-01
          0.83429396E-01
          0.84182992E-01
          0.84940918E-01
          0.85703156E-01
          0.86469709E-01
          0.87240578E-01
          0.88015766E-01
          0.88795275E-01
          0.89579107E-01
          0.90367263E-01
          0.91159745E-01
          0.91956553E-01
          0.92757689E-01
          0.93563153E-01
          0.94372946E-01
          0.95187069E-01
          0.96005521E-01
          0.96828303E-01
          0.97655414E-01
          0.98486854E-01
          0.99322623E-01
          0.10016272E+00
          0.10100714E+00
          0.10185589E+00
          0.10270896E+00
          0.10356635E+00
          0.10442807E+00
          0.10529410E+00
          0.10616444E+00
          0.10703910E+00
          0.10791808E+00
          0.10880135E+00
          0.10968894E+00
          0.11058082E+00
          0.11147700E+00
          0.11237748E+00
          0.11328225E+00
          0.11419130E+00
          0.11510463E+00
          0.11602225E+00
          0.11694413E+00
          0.12018513E+00
          0.12088666E+00
          0.12312661E+00
          0.15920822E+00
          0.20804839E+00
          0.14964571E+00
          0.14253100E+00
          0.20468864E+00
          0.21122275E+00
          0.21557094E+00
          0.16473681E+00
          0.14207230E+00
          0.12936323E+00
          0.23190218E+00
          0.22694326E+00
          0.22814268E+00
          0.22925497E+00
          0.20098354E+00
          0.18727969E+00
          0.18026228E+00
          0.13904031E+00
          0.15830450E+00
          0.15019890E+00
          0.16465760E+00
          0.19355590E+00
          0.16128776E+00
          0.14491118E+00
          0.14581205E+00
          0.14652309E+00
          0.14755893E+00
          0.14760603E+00
          0.14867208E+00
          0.14971899E+00
          0.15078175E+00
          0.15184848E+00
          0.15291917E+00
          0.15399381E+00
          0.15507238E+00
          0.15615486E+00
          0.15724176E+00
          0.15833154E+00
          0.15942570E+00
          0.16052373E+00
          0.16162562E+00
          0.16273133E+00
          0.16384620E+00
          0.16495592E+00
          0.17346312E+00
          0.17835803E+00
          0.16839084E+00
          0.16944988E+00
          0.17066785E+00
          0.17207798E+00
          0.17667914E+00
          0.17399629E+00
          0.18538178E+00
          0.17629477E+00
          0.17839677E+00
          0.17918406E+00
          0.18049828E+00
          0.18612564E+00
          0.22076975E+00
          0.20957875E+00
          0.18647412E+00
          0.24311925E+00
          0.24103575E+00
          0.23929313E+00
          0.24528846E+00
          0.24622218E+00
          0.24651919E+00
          0.24667352E+00
          0.24781057E+00
          0.24858867E+00
          0.24900479E+00
          0.24960200E+00
          0.25015789E+00
          0.24997422E+00
          0.25027174E+00
          0.25116519E+00
          0.24964452E+00
          0.25131342E+00
          0.24988129E+00
          0.25223562E+00
          0.25300871E+00
          0.25309001E+00
          0.25156850E+00
          0.25053468E+00
          0.25037776E+00
          0.24888443E+00
          0.24316124E+00
          0.24317398E+00
          0.22248272E+00
          0.22415960E+00
          0.22432319E+00
          0.22267062E+00
          0.22381822E+00
          0.22513928E+00
          0.22638317E+00
          0.22766986E+00
          0.22895933E+00
          0.23025155E+00
          0.23154651E+00
          0.23284418E+00
          0.23414454E+00
          0.23544756E+00
          0.23675321E+00
          0.23806151E+00
          0.23937234E+00
          0.24068576E+00
          0.24200173E+00
          0.24332035E+00
          0.24464461E+00
          0.24613137E+00
          0.25100628E+00
          0.24929381E+00
          0.25011082E+00
          0.25180789E+00
          0.25308984E+00
          0.25396933E+00
          0.25542428E+00
          0.25665858E+00
          0.25798241E+00
          0.25932919E+00
          0.26067804E+00
          0.26202911E+00
          0.26532935E+00
          0.26474237E+00
          0.26609503E+00
          0.26745449E+00
          0.26881600E+00
          0.27557436E+00
          0.28270525E+00
          0.28791414E+00
          0.29275599E+00
          0.28696416E+00
          0.29305302E+00
          0.29296642E+00
          0.29681141E+00
          0.29623829E+00
          0.30030289E+00
          0.29992299E+00
          0.30174542E+00
          0.30396405E+00
          0.30514896E+00
          0.30619197E+00
          0.30733667E+00
          0.30843640E+00
          0.30950451E+00
          0.31063602E+00
          0.31159990E+00
          0.30945400E+00
          0.31173097E+00
          0.31204079E+00
          0.31411608E+00
          0.31540974E+00
          0.31051685E+00
          0.31680826E+00
          0.31586367E+00
          0.31533486E+00
          0.31371508E+00
          0.31217660E+00
          0.31358966E+00
          0.31471508E+00
          0.31712861E+00
          0.31768054E+00
          0.31896926E+00
          0.32079036E+00
          0.32285920E+00
          0.32322336E+00
          0.32463962E+00
          0.32612802E+00
          0.32929159E+00
          0.33247718E+00
          0.33684255E+00
          0.33489910E+00
          0.33902276E+00
          0.34067050E+00
          0.34244361E+00
          0.34316451E+00
          0.34431897E+00
          0.34642698E+00
          0.34761328E+00
          0.34811554E+00
          0.34898453E+00
          0.34626883E+00
          0.35172206E+00
          0.35460608E+00
          0.35227659E+00
          0.35466694E+00
          0.35665299E+00
          0.35828187E+00
          0.36173634E+00
          0.36348863E+00
          0.36467504E+00
          0.36617366E+00
          0.36744048E+00
          0.36872918E+00
          0.37010050E+00
          0.37138174E+00
          0.37273692E+00
          0.37405054E+00
          0.37535769E+00
          0.37668139E+00
          0.37800530E+00
          0.37931133E+00
          0.38064734E+00
          0.38197240E+00
          0.38328469E+00
          0.38459496E+00
          0.38585999E+00
          0.38720426E+00
          0.38854015E+00
          0.38965464E+00
          0.39106682E+00
          0.39224630E+00
          0.39313912E+00
          0.39335543E+00
          0.39551352E+00
          0.39602134E+00
          0.39637216E+00
          0.39832107E+00
          0.39925789E+00
          0.40074417E+00
          0.40204226E+00
          0.40347366E+00
          0.40493441E+00
          0.40644330E+00
          0.40776948E+00
          0.40920192E+00
          0.41062979E+00
          0.41205930E+00
          0.41348808E+00
          0.41495952E+00
          0.41699097E+00
          0.41874079E+00
          0.42038337E+00
          0.42209447E+00
          0.42354392E+00
          0.42510827E+00
          0.42634558E+00
          0.42778422E+00
          0.42907748E+00
          0.43058515E+00
          0.43198582E+00
          0.43288218E+00
          0.43406657E+00
          0.43526838E+00
          0.43703505E+00
          0.43786944E+00
          0.43989045E+00
          0.44111656E+00
          0.44205822E+00
          0.44425816E+00
          0.44508788E+00
          0.44630349E+00
          0.44766238E+00
          0.44965156E+00
          0.45131537E+00
          0.45270750E+00
          0.45409670E+00
          0.45548339E+00
          0.45686456E+00
          0.45819646E+00
          0.45957018E+00
          0.46095841E+00
          0.46233389E+00
          0.46369299E+00
          0.46508633E+00
          0.46645493E+00
          0.46782356E+00
          0.46918851E+00
          0.47055382E+00
          0.47191395E+00
          0.47326947E+00
          0.47463523E+00
          0.47599893E+00
          0.47735324E+00
          0.47869970E+00
          0.48001863E+00
          0.48137701E+00
          0.48265915E+00
          0.48408252E+00
          0.48543893E+00
          0.48658906E+00
          0.48796236E+00
          0.48941672E+00
          0.49078905E+00
          0.49205747E+00
          0.49340384E+00
          0.49461299E+00
          0.49608253E+00
          0.49737755E+00
          0.49888997E+00
          0.50027120E+00
          0.50160156E+00
          0.50295643E+00
          0.50430521E+00
          0.50563406E+00
          0.50696762E+00
          0.50829224E+00
          0.50962779E+00
          0.51094755E+00
          0.51227980E+00
          0.51360152E+00
          0.51492145E+00
          0.51623918E+00
          0.51755690E+00
          0.51887619E+00
          0.52018415E+00
          0.52149796E+00
          0.52281546E+00
          0.52411127E+00
          0.52543445E+00
          0.52672421E+00
          0.52800911E+00
          0.52933732E+00
          0.53064247E+00
          0.53194522E+00
          0.53324113E+00
          0.53453468E+00
          0.53582704E+00
          0.53711679E+00
          0.53840438E+00
          0.53968995E+00
          0.54097357E+00
          0.54225521E+00
          0.54353470E+00
          0.54481182E+00
          0.54608653E+00
          0.54736037E+00
          0.54862896E+00
          0.54989781E+00
          0.55116473E+00
          0.55242723E+00
          0.55365557E+00
          0.55494314E+00
          0.55620098E+00
          0.55744454E+00
          0.55869596E+00
          0.55992751E+00
          0.56118262E+00
          0.56242726E+00
          0.56368007E+00
          0.56492699E+00
          0.56617362E+00
          0.56739519E+00
          0.56863608E+00
          0.56988789E+00
          0.57112350E+00
          0.57234867E+00
          0.57357831E+00
          0.57480396E+00
          0.57602671E+00
          0.57724608E+00
          0.57846260E+00
          0.57967661E+00
          0.58088791E+00
          0.58209666E+00
          0.58330308E+00
          0.58450698E+00
          0.58570833E+00
          0.58690714E+00
          0.58810380E+00
          0.58929739E+00
          0.59048865E+00
          0.59167827E+00
          0.59286408E+00
          0.59404834E+00
          0.59523035E+00
          0.59640806E+00
          0.59758591E+00
          0.59875870E+00
          0.59992902E+00
          0.60109939E+00
          0.60226629E+00
          0.60342863E+00
          0.60458976E+00
          0.60574987E+00
          0.60690634E+00
          0.60806029E+00
          0.60921093E+00
          0.61035959E+00
          0.61150539E+00
          0.61264856E+00
          0.61378914E+00
          0.61492713E+00
          0.61606248E+00
          0.61719525E+00
          0.61832540E+00
          0.61945293E+00
          0.62057774E+00
          0.62170012E+00
          0.62281976E+00
          0.62393680E+00
          0.62505116E+00
          0.62616283E+00
          0.62727187E+00
          0.62837839E+00
          0.62948223E+00
          0.63058365E+00
          0.63168209E+00
          0.63277802E+00
          0.63387094E+00
          0.63496097E+00
          0.63604979E+00
          0.63713501E+00
          0.63821794E+00
          0.63929789E+00
          0.64037518E+00
          0.64144986E+00
          0.64252188E+00
          0.64359124E+00
          0.64465789E+00
          0.64572188E+00
          0.64678320E+00
          0.64784185E+00
          0.64889783E+00
          0.64995114E+00
          0.65100177E+00
          0.65204974E+00
          0.65309503E+00
          0.65413765E+00
          0.65517759E+00
          0.65621487E+00
          0.65724947E+00
          0.65828140E+00
          0.65931065E+00
          0.66033722E+00
          0.66136114E+00
          0.66238237E+00
          0.66340094E+00
          0.66441684E+00
          0.66543006E+00
          0.66644062E+00
          0.66744850E+00
          0.66845370E+00
          0.66945628E+00
          0.67045616E+00
          0.67145338E+00
          0.67244793E+00
          0.67343982E+00
          0.67442905E+00
          0.67541562E+00
          0.67639953E+00
          0.67738077E+00
          0.67835936E+00
          0.67933528E+00
          0.68030858E+00
          0.68127921E+00
          0.68224716E+00
          0.68321251E+00
          0.68417522E+00
          0.68513520E+00
          0.68609268E+00
          0.68704742E+00
          0.68799946E+00
          0.68894904E+00
          0.68989585E+00
          0.69084014E+00
          0.69178174E+00
          0.69272071E+00
          0.69365705E+00
          0.69459077E+00
          0.69552188E+00
          0.69645037E+00
          0.69737624E+00
          0.69829950E+00
          0.69922015E+00
          0.70013820E+00
          0.70105365E+00
          0.70196649E+00
          0.70287674E+00
          0.70378439E+00
          0.70468945E+00
          0.70559193E+00
          0.70649181E+00
          0.70738912E+00
          0.70828385E+00
          0.70917601E+00
          0.71006559E+00
          0.71095260E+00
          0.71183705E+00
          0.71271894E+00
          0.71359827E+00
          0.71447505E+00
          0.71534927E+00
          0.71622095E+00
          0.71709008E+00
          0.71795668E+00
          0.71882073E+00
          0.71968226E+00
          0.72054125E+00
          0.72139772E+00
          0.72225167E+00
          0.72310311E+00
          0.72395203E+00
          0.72479844E+00
          0.72564234E+00
          0.72648374E+00
          0.72732265E+00
          0.72815907E+00
          0.72899299E+00
          0.72982443E+00
          0.73065339E+00
          0.73147987E+00
          0.73230388E+00
          0.73312543E+00
          0.73394451E+00
          0.73476113E+00
          0.73557530E+00
          0.73638701E+00
          0.73719628E+00
          0.73800311E+00
          0.73880751E+00
          0.73960947E+00
          0.74040900E+00
          0.74120611E+00
          0.74200080E+00
          0.74279307E+00
          0.74358294E+00
          0.74437040E+00
          0.74515546E+00
          0.74593813E+00
          0.74671841E+00
          0.74749630E+00
          0.74827181E+00
          0.74904494E+00
          0.74981570E+00
          0.75058409E+00
          0.75135013E+00
          0.75211380E+00
          0.75287513E+00
          0.75363410E+00
          0.75439074E+00
          0.75514503E+00
          0.75589700E+00
          0.75664664E+00
          0.75739395E+00
          0.75813895E+00
          0.75888164E+00
          0.75962201E+00
          0.76036009E+00
          0.76109587E+00
          0.76182936E+00
          0.76256056E+00
          0.76328948E+00
          0.76401612E+00
          0.76474049E+00
          0.76546260E+00
          0.76618244E+00
          0.76690003E+00
          0.76761537E+00
          0.76832846E+00
          0.76903931E+00
          0.76974793E+00
          0.77045431E+00
          0.77115848E+00
          0.77186042E+00
          0.77256015E+00
          0.77325767E+00
          0.77395299E+00
          0.77464611E+00
          0.77533703E+00
          0.77602577E+00
          0.77671233E+00
          0.77739671E+00
          0.77807892E+00
          0.77875896E+00
          0.77943685E+00
          0.78011257E+00
          0.78078615E+00
          0.78145758E+00
          0.78212688E+00
          0.78279404E+00
          0.78345907E+00
          0.78412198E+00
          0.78478277E+00
          0.78544145E+00
          0.78609803E+00
          0.78675250E+00
          0.78740487E+00
          0.78805516E+00
          0.78870336E+00
          0.78934948E+00
          0.78999353E+00
          0.79063551E+00
          0.79127543E+00
          0.79191329E+00
          0.79254909E+00
          0.79318285E+00
          0.79381457E+00
          0.79444426E+00
          0.79507191E+00
          0.79569754E+00
          0.79632115E+00
          0.79694274E+00
          0.79756233E+00
          0.79817991E+00
          0.79879550E+00
          0.79940909E+00
          0.80002070E+00
          0.80063033E+00
          0.80123798E+00
          0.80184366E+00
          0.80244737E+00
          0.80304913E+00
          0.80364894E+00
          0.80424679E+00
          0.80484270E+00
          0.80543668E+00
          0.80602872E+00
          0.80661884E+00
          0.80720704E+00
          0.80779332E+00
          0.80837769E+00
          0.80896015E+00
          0.80954072E+00
          0.81011939E+00
          0.81069618E+00
          0.81127108E+00
          0.81184411E+00
          0.81241526E+00
          0.81298455E+00
          0.81355197E+00
          0.81411754E+00
          0.81468126E+00
          0.81524314E+00
          0.81580317E+00
          0.81636137E+00
          0.81691774E+00
          0.81747229E+00
          0.81802503E+00
          0.81857594E+00
          0.81912506E+00
          0.81967237E+00
          0.82021788E+00
          0.82076160E+00
          0.82130354E+00
          0.82184369E+00
          0.82238208E+00
          0.82291869E+00
          0.82345353E+00
          0.82398662E+00
          0.82451796E+00
          0.82504754E+00
          0.82557539E+00
          0.82610149E+00
          0.82662586E+00
          0.82714851E+00
          0.82766943E+00
          0.82818864E+00
          0.82870613E+00
          0.82922192E+00
          0.82973601E+00
          0.83024840E+00
          0.83075910E+00
          0.83126812E+00
          0.83177546E+00
          0.83228112E+00
          0.83278511E+00
          0.83328744E+00
          0.83378810E+00
          0.83428712E+00
          0.83478448E+00
          0.83528020E+00
          0.83577428E+00
          0.83626673E+00
          0.83675755E+00
          0.83724675E+00
          0.83773432E+00
          0.83822029E+00
          0.83870465E+00
          0.83918740E+00
          0.83966856E+00
          0.84014812E+00
          0.84062609E+00
          0.84110249E+00
          0.84157730E+00
          0.84205054E+00
          0.84252222E+00
          0.84299233E+00
          0.84346088E+00
          0.84392788E+00
          0.84439334E+00
          0.84485725E+00
          0.84531962E+00
          0.84578046E+00
          0.84623977E+00
          0.84669756E+00
          0.84715383E+00
          0.84760859E+00
          0.84806184E+00
          0.84851358E+00
          0.84896383E+00
          0.84941258E+00
          0.84985985E+00
          0.85030563E+00
          0.85074993E+00
          0.85119276E+00
          0.85163412E+00
          0.85207401E+00
          0.85251244E+00
          0.85294942E+00
          0.85338495E+00
          0.85381903E+00
          0.85425167E+00
          0.85468287E+00
          0.85511265E+00
          0.85554099E+00
          0.85596792E+00
          0.85639342E+00
          0.85681752E+00
          0.85724020E+00
          0.85766148E+00
          0.85808137E+00
          0.85849986E+00
          0.85891696E+00
          0.85933267E+00
          0.85974701E+00
          0.86015997E+00
          0.86057156E+00
          0.86098178E+00
          0.86139064E+00
          0.86179814E+00
          0.86220429E+00
          0.86260909E+00
          0.86301255E+00
          0.86341467E+00
          0.86381545E+00
          0.86421490E+00
          0.86461303E+00
          0.86500983E+00
          0.86540532E+00
          0.86579949E+00
          0.86619236E+00
          0.86658392E+00
          0.86697419E+00
          0.86736316E+00
          0.86775083E+00
          0.86813722E+00
          0.86852233E+00
          0.86890616E+00
          0.86928872E+00
          0.86967001E+00
          0.87005004E+00
          0.87042880E+00
          0.87080631E+00
          0.87118256E+00
          0.87155757E+00
          0.87193133E+00
          0.87230386E+00
          0.87267515E+00
          0.87304521E+00
          0.87341404E+00
          0.87378165E+00
          0.87414804E+00
          0.87451322E+00
          0.87487719E+00
          0.87523995E+00
          0.87560151E+00
          0.87596187E+00
          0.87632104E+00
          0.87667902E+00
          0.87703582E+00
          0.87739143E+00
          0.87774587E+00
          0.87809913E+00
          0.87845122E+00
          0.87880215E+00
          0.87915192E+00
          0.87950053E+00
          0.87984798E+00
          0.88019429E+00
          0.88053945E+00
          0.88088347E+00
          0.88122636E+00
          0.88156810E+00
          0.88190872E+00
          0.88224822E+00
          0.88258659E+00
          0.88292385E+00
          0.88325999E+00
          0.88359502E+00
          0.88392894E+00
          0.88426176E+00
          0.88459349E+00
          0.88492411E+00
          0.88525365E+00
          0.88558210E+00
          0.88590946E+00
          0.88623575E+00
          0.88656096E+00
          0.88688510E+00
          0.88720816E+00
          0.88753017E+00
          0.88785111E+00
          0.88817100E+00
          0.88848983E+00
          0.88880761E+00
          0.88912434E+00
          0.88944003E+00
          0.88975468E+00
          0.89006830E+00
          0.89038088E+00
          0.89069244E+00
          0.89100297E+00
          0.89131248E+00
          0.89162097E+00
          0.89192845E+00
          0.89223492E+00
          0.89254037E+00
          0.89284483E+00
          0.89314829E+00
          0.89345075E+00
          0.89375221E+00
          0.89405269E+00
          0.89435218E+00
          0.89465068E+00
          0.89494821E+00
          0.89524476E+00
          0.89554034E+00
          0.89583495E+00
          0.89612860E+00
          0.89642128E+00
          0.89671300E+00
          0.89700377E+00
          0.89729359E+00
          0.89758245E+00
          0.89787037E+00
          0.89815735E+00
          0.89844339E+00
          0.89872850E+00
          0.89901267E+00
          0.89929591E+00
          0.89957823E+00
          0.89985962E+00
          0.90014010E+00
          0.90041965E+00
          0.90069830E+00
          0.90097604E+00
          0.90125286E+00
          0.90152879E+00
          0.90180382E+00
          0.90207794E+00
          0.90235118E+00
          0.90262352E+00
          0.90289498E+00
          0.90316555E+00
          0.90343524E+00
          0.90370405E+00
          0.90397199E+00
          0.90423906E+00
          0.90450525E+00
          0.90477058E+00
          0.90503505E+00
          0.90529866E+00
          0.90556141E+00
          0.90582330E+00
          0.90608435E+00
          0.90634455E+00
          0.90660390E+00
          0.90686241E+00
          0.90712009E+00
          0.90737692E+00
          0.90763293E+00
          0.90788810E+00
          0.90814245E+00
          0.90839597E+00
          0.90864867E+00
          0.90890055E+00
          0.90915162E+00
          0.90940187E+00
          0.90965132E+00
          0.90989995E+00
          0.91014779E+00
          0.91039482E+00
          0.91064105E+00
          0.91088649E+00
          0.91113113E+00
          0.91137499E+00
          0.91161806E+00
          0.91186034E+00
          0.91210184E+00
          0.91234257E+00
          0.91258251E+00
          0.91282168E+00
          0.91306009E+00
          0.91329772E+00
          0.91353459E+00
          0.91377070E+00
          0.91400604E+00
          0.91424063E+00
          0.91447447E+00
          0.91470755E+00
          0.91493988E+00
          0.91517147E+00
          0.91540232E+00
          0.91563242E+00
          0.91586178E+00
          0.91609041E+00
          0.91631830E+00
          0.91654546E+00
          0.91677190E+00
          0.91699761E+00
          0.91722259E+00
          0.91744686E+00
          0.91767040E+00
          0.91789323E+00
          0.91811535E+00
          0.91833676E+00
          0.91855746E+00
          0.91877745E+00
          0.91899674E+00
          0.91921533E+00
          0.91943322E+00
          0.91965042E+00
          0.91986692E+00
          0.92008273E+00
          0.92029786E+00
          0.92051230E+00
          0.92072605E+00
          0.92093912E+00
          0.92115152E+00
          0.92136324E+00
          0.92157428E+00
          0.92178466E+00
          0.92199436E+00
          0.92220340E+00
          0.92241177E+00
          0.92261948E+00
          0.92282653E+00
          0.92303292E+00
          0.92323866E+00
          0.92344375E+00
          0.92364818E+00
          0.92385197E+00
          0.92405511E+00
          0.92425761E+00
          0.92445946E+00
          0.92466068E+00
          0.92486126E+00
          0.92506120E+00
          0.92526052E+00
          0.92545920E+00
          0.92565725E+00
          0.92585468E+00
          0.92605149E+00
          0.92624767E+00
          0.92644324E+00
          0.92663818E+00
          0.92683252E+00
          0.92702624E+00
          0.92721935E+00
          0.92741185E+00
          0.92760374E+00
          0.92779503E+00
          0.92798572E+00
          0.92817581E+00
          0.92836530E+00
          0.92855420E+00
          0.92874250E+00
          0.92893021E+00
          0.92911733E+00
          0.92930386E+00
          0.92948981E+00
          0.92967518E+00
          0.92985996E+00
          0.93004416E+00
          0.93022779E+00
          0.93041084E+00
          0.93059332E+00
          0.93077523E+00
          0.93095657E+00
          0.93113734E+00
          0.93131755E+00
          0.93149719E+00
          0.93167628E+00
          0.93185480E+00
          0.93203277E+00
          0.93221018E+00
          0.93238703E+00
          0.93256334E+00
          0.93273910E+00
          0.93291431E+00
          0.93308897E+00
          0.93326309E+00
          0.93343667E+00
          0.93360971E+00
          0.93378221E+00
          0.93395417E+00
          0.93412560E+00
          0.93429650E+00
          0.93446687E+00
          0.93463671E+00
          0.93480602E+00
          0.93497480E+00
          0.93514307E+00
          0.93531081E+00
          0.93547803E+00
          0.93564474E+00
          0.93581092E+00
          0.93597660E+00
          0.93614176E+00
          0.93630641E+00
          0.93647056E+00
          0.93663419E+00
          0.93679732E+00
          0.93695995E+00
          0.93712208E+00
          0.93728370E+00
          0.93744483E+00
          0.93760546E+00
          0.93776560E+00
          0.93792524E+00
          0.93808439E+00
          0.93824305E+00
          0.93840123E+00
          0.93855892E+00
          0.93871612E+00
          0.93887284E+00
          0.93902908E+00
          0.93918484E+00
          0.93934012E+00
          0.93949493E+00
          0.93964926E+00
          0.93980312E+00
          0.93995651E+00
          0.94010943E+00
          0.94026188E+00
          0.94041386E+00
          0.94056538E+00
          0.94071644E+00
          0.94086703E+00
          0.94101717E+00
          0.94116684E+00
          0.94131606E+00
          0.94146483E+00
          0.94161314E+00
          0.94176099E+00
          0.94190840E+00
          0.94205536E+00
          0.94220187E+00
          0.94234794E+00
          0.94249356E+00
          0.94263874E+00
          0.94278348E+00
          0.94292778E+00
          0.94307164E+00
          0.94321506E+00
          0.94335805E+00
          0.94350061E+00
          0.94364273E+00
          0.94378442E+00
          0.94392568E+00
          0.94406652E+00
          0.94420693E+00
          0.94434691E+00
          0.94448647E+00
          0.94462561E+00
          0.94476433E+00
          0.94490263E+00
          0.94504051E+00
          0.94517798E+00
          0.94531503E+00
          0.94545167E+00
          0.94558790E+00
          0.94572371E+00
          0.94585912E+00
          0.94599412E+00
          0.94612871E+00
          0.94626290E+00
          0.94639669E+00
          0.94653007E+00
          0.94666306E+00
          0.94679564E+00
          0.94692783E+00
          0.94705961E+00
          0.94719101E+00
          0.94732201E+00
          0.94745262E+00
          0.94758283E+00
          0.94771266E+00
          0.94784210E+00
          0.94797115E+00
          0.94809982E+00
          0.94822810E+00
          0.94835600E+00
          0.94848351E+00
          0.94861065E+00
          0.94873740E+00
          0.94886378E+00
          0.94898979E+00
          0.94911541E+00
          0.94924066E+00
          0.94936554E+00
          0.94949005E+00
          0.94961419E+00
          0.94973796E+00
          0.94986136E+00
          0.94998439E+00
          0.95010706E+00
          0.95022937E+00
          0.95035131E+00
          0.95047289E+00
          0.95059411E+00
          0.95071497E+00
          0.95083547E+00
          0.95095562E+00
          0.95107541E+00
          0.95119485E+00
          0.95131393E+00
          0.95143267E+00
          0.95155105E+00
          0.95166908E+00
          0.95178676E+00
          0.95190410E+00
          0.95202109E+00
          0.95213773E+00
          0.95225404E+00
          0.95237000E+00
          0.95248561E+00
          0.95260089E+00
          0.95271583E+00
          0.95283043E+00
          0.95294470E+00
          0.95305863E+00
          0.95317222E+00
          0.95328548E+00
          0.95339841E+00
          0.95351101E+00
          0.95362328E+00
          0.95373522E+00
          0.95384683E+00
          0.95395811E+00
          0.95406907E+00
          0.95417971E+00
          0.95429002E+00
          0.95440001E+00
          0.95450968E+00
          0.95461902E+00
          0.95472805E+00
          0.95483676E+00
          0.95494516E+00
          0.95505324E+00
          0.95516100E+00
          0.95526845E+00
          0.95537559E+00
          0.95548241E+00
          0.95558893E+00
          0.95569513E+00
          0.95580103E+00
          0.95590662E+00
          0.95601190E+00
          0.95611688E+00
          0.95622155E+00
          0.95632592E+00
          0.95642999E+00
          0.95653376E+00
          0.95663722E+00
          0.95674039E+00
          0.95684326E+00
          0.95694583E+00
          0.95704810E+00
          0.95715008E+00
          0.95725177E+00
          0.95735316E+00
          0.95745426E+00
          0.95755507E+00
          0.95765558E+00
          0.95775581E+00
          0.95785575E+00
          0.95795540E+00
          0.95805477E+00
          0.95815384E+00
          0.95825264E+00
          0.95835115E+00
          0.95844938E+00
          0.95854732E+00
          0.95864499E+00
          0.95874237E+00
          0.95883948E+00
          0.95893631E+00
          0.95903286E+00
          0.95912913E+00
          0.95922513E+00
          0.95932085E+00
          0.95941630E+00
          0.95951148E+00
          0.95960639E+00
          0.95970102E+00
          0.95979539E+00
          0.95988948E+00
          0.95998331E+00
          0.96007687E+00
          0.96017016E+00
          0.96026319E+00
          0.96035596E+00
          0.96044845E+00
          0.96054069E+00
          0.96063267E+00
          0.96072438E+00
          0.96081583E+00
          0.96090702E+00
          0.96099796E+00
          0.96108864E+00
          0.96117906E+00
          0.96126922E+00
          0.96135913E+00
          0.96144878E+00
          0.96153818E+00
          0.96162733E+00
          0.96171622E+00
          0.96180487E+00
          0.96189326E+00
          0.96198141E+00
          0.96206930E+00
          0.96215695E+00
          0.96224435E+00
          0.96233151E+00
          0.96241842E+00
          0.96250508E+00
          0.96259150E+00
          0.96267768E+00
          0.96276361E+00
          0.96284931E+00
          0.96293476E+00
          0.96301997E+00
          0.96310495E+00
          0.96318968E+00
          0.96327418E+00
          0.96335844E+00
          0.96344247E+00
          0.96352626E+00
          0.96360981E+00
          0.96369314E+00
          0.96377623E+00
          0.96385908E+00
          0.96394171E+00
          0.96402410E+00
          0.96410627E+00
          0.96418820E+00
          0.96426991E+00
          0.96435139E+00
          0.96443264E+00
          0.96451367E+00
          0.96459447E+00
          0.96467504E+00
          0.96475539E+00
          0.96483552E+00
          0.96491543E+00
          0.96499511E+00
          0.96507457E+00
          0.96515382E+00
          0.96523284E+00
          0.96531164E+00
          0.96539023E+00
          0.96546859E+00
          0.96554674E+00
          0.96562468E+00
          0.96570240E+00
          0.96577990E+00
          0.96585719E+00
          0.96593427E+00
          0.96601113E+00
          0.96608778E+00
          0.96616422E+00
          0.96624045E+00
          0.96631647E+00
          0.96639228E+00
          0.96646788E+00
          0.96654327E+00
          0.96661846E+00
          0.96669344E+00
          0.96676821E+00
          0.96684278E+00
          0.96691714E+00
          0.96699130E+00
          0.96706525E+00
          0.96713900E+00
          0.96721255E+00
          0.96728590E+00
          0.96735905E+00
          0.96743200E+00
          0.96750475E+00
          0.96757730E+00
          0.96764965E+00
          0.96772180E+00
          0.96779376E+00
          0.96786551E+00
          0.96793708E+00
          0.96800845E+00
          0.96807962E+00
          0.96815060E+00
          0.96822139E+00
          0.96829198E+00
          0.96836238E+00
          0.96843260E+00
          0.96850262E+00
          0.96857244E+00
          0.96864208E+00
          0.96871154E+00
          0.96878080E+00
          0.96884987E+00
          0.96891876E+00
          0.96898746E+00
          0.96905598E+00
          0.96912430E+00
          0.96919245E+00
          0.96926041E+00
          0.96932818E+00
          0.96939578E+00
          0.96946319E+00
          0.96953042E+00
          0.96959746E+00
          0.96966433E+00
          0.96973101E+00
          0.96979752E+00
          0.96986385E+00
          0.96993000E+00
          0.96999597E+00
          0.97006176E+00
          0.97012737E+00
          0.97019281E+00
          0.97025808E+00
          0.97032317E+00
          0.97038808E+00
          0.97045282E+00
          0.97051739E+00
          0.97058178E+00
          0.97064600E+00
          0.97071005E+00
          0.97077393E+00
          0.97083763E+00
          0.97090117E+00
          0.97096453E+00
          0.97102773E+00
          0.97109076E+00
          0.97115362E+00
          0.97121631E+00
          0.97127883E+00
          0.97134119E+00
          0.97140338E+00
          0.97146541E+00
          0.97152727E+00
          0.97158897E+00
          0.97165050E+00
          0.97171187E+00
          0.97177307E+00
          0.97183412E+00
          0.97189500E+00
          0.97195572E+00
          0.97201628E+00
          0.97207667E+00
          0.97213691E+00
          0.97219699E+00
          0.97225691E+00
          0.97231667E+00
          0.97237627E+00
          0.97243572E+00
          0.97249501E+00
          0.97255414E+00
          0.97261311E+00
          0.97267193E+00
          0.97273060E+00
          0.97278911E+00
          0.97284746E+00
          0.97290566E+00
          0.97296371E+00
          0.97302161E+00
          0.97307935E+00
          0.97313694E+00
          0.97319438E+00
          0.97325167E+00
          0.97330881E+00
          0.97336580E+00
          0.97342264E+00
          0.97347933E+00
          0.97353587E+00
          0.97359226E+00
          0.97364851E+00
          0.97370461E+00
          0.97376056E+00
          0.97381636E+00
          0.97387202E+00
          0.97392754E+00
          0.97398290E+00
          0.97403813E+00
          0.97409321E+00
          0.97414815E+00
          0.97420294E+00
          0.97425759E+00
          0.97431210E+00
          0.97436646E+00
          0.97442069E+00
          0.97447477E+00
          0.97452872E+00
          0.97458252E+00
          0.97463618E+00
          0.97468971E+00
          0.97474309E+00
          0.97479634E+00
          0.97484945E+00
          0.97490242E+00
          0.97495525E+00
          0.97500795E+00
          0.97506051E+00
          0.97511293E+00
          0.97516522E+00
          0.97521737E+00
          0.97526939E+00
          0.97532128E+00
          0.97537303E+00
          0.97542464E+00
          0.97547613E+00
          0.97552748E+00
          0.97557870E+00
          0.97562978E+00
          0.97568074E+00
          0.97573156E+00
          0.97578226E+00
          0.97583282E+00
          0.97588325E+00
          0.97593356E+00
          0.97598373E+00
          0.97603378E+00
          0.97608369E+00
          0.97613348E+00
          0.97618315E+00
          0.97623268E+00
          0.97628209E+00
          0.97633137E+00
          0.97638052E+00
          0.97642955E+00
          0.97647846E+00
          0.97652724E+00
          0.97657589E+00
          0.97662442E+00
          0.97667283E+00
          0.97672111E+00
          0.97676927E+00
          0.97681731E+00
          0.97686523E+00
          0.97691302E+00
          0.97696069E+00
          0.97700824E+00
          0.97705567E+00
          0.97710298E+00
          0.97715017E+00
          0.97719724E+00
          0.97724419E+00
          0.97729102E+00
          0.97733773E+00
          0.97738432E+00
          0.97743080E+00
          0.97747715E+00
          0.97752339E+00
          0.97756952E+00
          0.97761552E+00
          0.97766141E+00
          0.97770719E+00
          0.97775285E+00
          0.97779839E+00
          0.97784382E+00
          0.97788913E+00
          0.97793433E+00
          0.97797942E+00
          0.97802439E+00
          0.97806925E+00
          0.97811400E+00
          0.97815863E+00
          0.97820315E+00
          0.97824756E+00
          0.97829186E+00
          0.97833605E+00
          0.97838013E+00
          0.97842409E+00
          0.97846795E+00
          0.97851169E+00
          0.97855533E+00
          0.97859885E+00
          0.97864227E+00
          0.97868558E+00
          0.97872878E+00
          0.97877187E+00
          0.97881486E+00
          0.97885774E+00
          0.97890051E+00
          0.97894317E+00
          0.97898573E+00
          0.97902818E+00
          0.97907053E+00
          0.97911277E+00
          0.97915490E+00
          0.97919693E+00
          0.97923886E+00
          0.97928068E+00
          0.97932240E+00
          0.97936401E+00
          0.97940552E+00
          0.97944693E+00
          0.97948824E+00
          0.97952944E+00
          0.97957054E+00
          0.97961154E+00
          0.97965244E+00
          0.97969323E+00
          0.97973393E+00
          0.97977452E+00
          0.97981502E+00
          0.97985541E+00
          0.97989570E+00
          0.97993590E+00
          0.97997600E+00
          0.98001599E+00
          0.98005589E+00
          0.98009569E+00
          0.98013539E+00
          0.98017500E+00
          0.98021450E+00
          0.98025391E+00
          0.98029323E+00
          0.98033244E+00
          0.98037156E+00
          0.98041058E+00
          0.98044951E+00
          0.98048834E+00
          0.98052708E+00
          0.98056572E+00
          0.98060427E+00
          0.98064272E+00
          0.98068108E+00
          0.98071935E+00
          0.98075752E+00
          0.98079560E+00
          0.98083358E+00
          0.98087148E+00
          0.98090928E+00
          0.98094698E+00
          0.98098460E+00
          0.98102212E+00
          0.98105956E+00
          0.98109690E+00
          0.98113415E+00
          0.98117131E+00
          0.98120838E+00
          0.98124536E+00
          0.98128225E+00
          0.98131905E+00
          0.98135576E+00
          0.98139238E+00
          0.98142891E+00
          0.98146535E+00
