 Longwave optical depth [dimless]
  0.1156E+04
  0.1333E+04
  0.1563E+04
  0.1883E+04
  0.2428E+04
  0.2747E+04
  0.3565E+04
  0.4617E+04
  0.8773E+04
  0.1425E+05
  0.1841E+05
  0.2786E+05
  0.4153E+05
  0.7821E+05
  0.2100E+06
  0.9176E+05
  0.5672E+05
  0.5158E+05
  0.6625E+05
  0.1283E+06
  0.9213E+05
  0.6385E+05
  0.6131E+05
  0.7087E+05
  0.9857E+05
  0.1551E+06
  0.2068E+06
  0.2685E+06
  0.5533E+06
  0.7780E+06
  0.8779E+06
  0.5990E+06
  0.4991E+06
  0.2627E+06
  0.2075E+06
  0.2114E+06
  0.2932E+06
  0.4753E+06
  0.2785E+06
  0.2526E+06
  0.3035E+06
  0.4494E+06
  0.8488E+06
  0.1465E+07
  0.2325E+07
  0.2351E+07
  0.1018E+07
  0.7274E+06
  0.5707E+06
  0.7815E+06
  0.6601E+06
  0.5200E+06
  0.3931E+06
  0.4563E+06
  0.5899E+06
  0.5993E+06
  0.8071E+06
  0.1712E+07
  0.1690E+07
  0.1442E+07
  0.1267E+07
  0.8796E+06
  0.1133E+07
  0.1790E+07
  0.1091E+07
  0.1345E+07
  0.8303E+06
  0.8308E+06
  0.1207E+07
  0.2591E+07
  0.3647E+07
  0.2011E+07
  0.1835E+07
  0.3470E+07
  0.2121E+07
  0.1381E+07
  0.1712E+07
  0.1546E+07
  0.2679E+07
  0.3942E+07
  0.4044E+07
  0.1895E+07
  0.1678E+07
  0.2591E+07
  0.2029E+07
  0.1246E+07
  0.9309E+06
  0.9568E+06
  0.1850E+07
  0.9387E+06
  0.6215E+06
  0.5605E+06
  0.6385E+06
  0.8651E+06
  0.1180E+07
  0.2246E+07
  0.2914E+07
  0.4108E+07
  0.1789E+07
  0.1510E+07
  0.2508E+07
  0.4140E+07
  0.1857E+07
  0.1355E+07
  0.1788E+07
  0.3494E+07
  0.2438E+07
  0.1277E+07
  0.1051E+07
  0.1329E+07
  0.3292E+07
  0.3924E+07
  0.2233E+07
  0.1151E+07
  0.8506E+06
  0.8535E+06
  0.1063E+07
  0.1672E+07
  0.3691E+07
  0.6351E+07
  0.7595E+07
  0.3601E+07
  0.3869E+07
  0.1760E+07
  0.1473E+07
  0.2601E+07
  0.2202E+07
  0.9357E+06
  0.6485E+06
  0.5633E+06
  0.5514E+06
  0.6392E+06
  0.9794E+06
  0.1232E+07
  0.1690E+07
  0.4097E+07
  0.3936E+07
  0.1928E+07
  0.2131E+07
  0.1461E+07
  0.3597E+07
  0.2629E+07
  0.1488E+07
  0.9177E+06
  0.1259E+07
  0.8421E+06
  0.5990E+06
  0.4837E+06
  0.5409E+06
  0.8824E+06
  0.1319E+07
  0.6423E+06
  0.4960E+06
  0.5738E+06
  0.1343E+07
  0.1261E+07
  0.7365E+06
  0.8388E+06
  0.9075E+06
  0.1395E+07
  0.3000E+07
  0.1003E+08
  0.6675E+07
  0.2427E+07
  0.1608E+07
  0.2075E+07
  0.4627E+07
  0.1668E+07
  0.9556E+06
  0.1130E+07
  0.9082E+06
  0.8946E+06
  0.4933E+06
  0.4273E+06
  0.4563E+06
  0.6210E+06
  0.1198E+07
  0.1393E+07
  0.1326E+07
  0.1355E+07
  0.2858E+07
  0.4366E+07
  0.3328E+07
  0.1217E+07
  0.9082E+06
  0.5180E+06
  0.3860E+06
  0.2825E+06
  0.2430E+06
  0.2250E+06
  0.2223E+06
  0.2330E+06
  0.2653E+06
  0.3409E+06
  0.5399E+06
  0.1051E+07
  0.1395E+07
  0.2039E+07
  0.2056E+07
  0.1017E+07
  0.8869E+06
  0.1551E+07
  0.6220E+07
  0.3516E+07
  0.1048E+07
  0.5247E+06
  0.3314E+06
  0.2475E+06
  0.2068E+06
  0.1915E+06
  0.2007E+06
  0.2596E+06
  0.5081E+06
  0.3093E+06
  0.1960E+06
  0.1707E+06
  0.1746E+06
  0.2014E+06
  0.2438E+06
  0.3747E+06
  0.7619E+06
  0.1531E+07
  0.4038E+07
  0.1376E+07
  0.1148E+07
  0.1879E+07
  0.6759E+06
  0.3752E+06
  0.2753E+06
  0.2953E+06
  0.5090E+06
  0.7822E+06
  0.3540E+06
  0.2005E+06
  0.1505E+06
  0.1348E+06
  0.1369E+06
  0.1599E+06
  0.2251E+06
  0.3039E+06
  0.6526E+06
  0.2198E+07
  0.2870E+07
  0.5896E+06
  0.2588E+06
  0.1586E+06
  0.1211E+06
  0.1063E+06
  0.9594E+05
  0.9900E+05
  0.1257E+06
  0.2406E+06
  0.1524E+06
  0.1037E+06
  0.9795E+05
  0.1132E+06
  0.1612E+06
  0.3061E+06
  0.8985E+06
  0.5052E+06
  0.4001E+06
  0.1358E+07
  0.6602E+06
  0.2142E+06
  0.1329E+06
  0.1210E+06
  0.1636E+06
  0.3562E+06
  0.2291E+06
  0.1185E+06
  0.9406E+05
  0.1154E+06
  0.1300E+06
  0.9680E+05
  0.1023E+06
  0.7405E+05
  0.7803E+05
  0.9317E+05
  0.1946E+06
  0.1628E+07
  0.3943E+06
  0.4950E+06
  0.2915E+06
  0.3680E+06
  0.1824E+06
  0.2889E+06
  0.1475E+06
  0.7653E+05
  0.5246E+05
  0.4349E+05
  0.3860E+05
  0.3625E+05
  0.3649E+05
  0.4114E+05
  0.5816E+05
  0.1243E+06
  0.7508E+05
  0.6472E+05
  0.1311E+06
  0.3808E+06
  0.2528E+06
  0.8228E+05
  0.4613E+05
  0.3500E+05
  0.3333E+05
  0.3800E+05
  0.6336E+05
  0.1157E+06
  0.6797E+05
  0.3757E+05
  0.2923E+05
  0.2767E+05
  0.2834E+05
  0.3567E+05
  0.8780E+05
  0.1229E+06
  0.1093E+06
  0.1938E+06
  0.1585E+06
  0.9664E+05
  0.5208E+05
  0.2975E+05
  0.2331E+05
  0.2070E+05
  0.1924E+05
  0.1807E+05
  0.1763E+05
  0.1765E+05
  0.1811E+05
  0.1951E+05
  0.2233E+05
  0.2855E+05
  0.4247E+05
  0.8868E+05
  0.2240E+06
  0.2334E+06
  0.8647E+05
  0.5545E+05
  0.4759E+05
  0.3202E+05
  0.2696E+05
  0.1895E+05
  0.1665E+05
  0.1732E+05
  0.2519E+05
  0.1694E+05
  0.1453E+05
  0.1569E+05
  0.2922E+05
  0.1702E+05
  0.1397E+05
  0.1612E+05
  0.2583E+05
  0.3992E+05
  0.3769E+05
  0.1736E+05
  0.1618E+05
  0.1704E+05
  0.1181E+05
  0.1157E+05
  0.1311E+05
  0.1802E+05
  0.1905E+05
  0.1990E+05
  0.3362E+05
  0.8516E+05
  0.6465E+05
  0.2577E+05
  0.2030E+05
  0.1354E+05
  0.1069E+05
  0.9821E+04
  0.9975E+04
  0.1211E+05
  0.1409E+05
  0.1416E+05
  0.2356E+05
  0.5998E+05
  0.3065E+05
  0.1479E+05
  0.1200E+05
  0.9085E+04
  0.8144E+04
  0.8176E+04
  0.9309E+04
  0.1184E+05
  0.2354E+05
  0.1803E+05
  0.1282E+05
  0.7974E+04
  0.7061E+04
  0.7230E+04
  0.9166E+04
  0.1215E+05
  0.7660E+04
  0.6421E+04
  0.5968E+04
  0.5966E+04
  0.6377E+04
  0.7879E+04
  0.1373E+05
  0.3754E+05
  0.1361E+05
  0.1040E+05
  0.1503E+05
  0.2110E+05
  0.9611E+04
  0.7206E+04
  0.6567E+04
  0.5897E+04
  0.6088E+04
  0.7665E+04
  0.1265E+05
  0.1991E+05
  0.1471E+05
  0.1577E+05
  0.7953E+04
  0.6450E+04
  0.7181E+04
  0.1258E+05
  0.3755E+05
  0.1068E+05
  0.6067E+04
  0.4777E+04
  0.4271E+04
  0.4056E+04
  0.4097E+04
  0.4494E+04
  0.6364E+04
  0.4694E+04
  0.3964E+04
  0.4032E+04
  0.4837E+04
  0.4406E+04
  0.5415E+04
  0.8870E+04
  0.1059E+05
  0.7267E+04
  0.5574E+04
  0.7137E+04
  0.4470E+04
  0.3700E+04
  0.3795E+04
  0.4616E+04
  0.3551E+04
  0.3308E+04
  0.3150E+04
  0.3189E+04
  0.3390E+04
  0.3858E+04
  0.4607E+04
  0.4407E+04
  0.5719E+04
  0.1006E+05
  0.8121E+04
  0.8114E+04
  0.6520E+04
  0.6149E+04
  0.6851E+04
  0.9429E+04
  0.2119E+05
  0.1180E+05
  0.1149E+05
  0.1507E+05
  0.2019E+05
  0.1947E+05
  0.2065E+05
  0.2501E+05
  0.2956E+05
  0.3985E+05
  0.4207E+05
  0.4713E+05
  0.5947E+05
  0.7771E+05
  0.9684E+05
  0.1024E+06
  0.1238E+06
  0.1642E+06
  0.1650E+06
  0.1735E+06
  0.1607E+06
  0.1641E+06
  0.1856E+06
  0.2338E+06
  0.2271E+06
  0.2092E+06
  0.2085E+06
  0.2271E+06
  0.2728E+06
  0.2659E+06
  0.2999E+06
  0.4346E+06
  0.8504E+06
  0.2215E+07
  0.1443E+07
  0.6065E+06
  0.4209E+06
  0.3794E+06
  0.3841E+06
  0.4272E+06
  0.5103E+06
  0.6361E+06
  0.7450E+06
  0.8878E+06
  0.1114E+07
  0.1452E+07
  0.1673E+07
  0.1899E+07
  0.2392E+07
  0.2802E+07
  0.3804E+07
  0.6017E+07
  0.5564E+07
  0.5954E+07
  0.6917E+07
  0.8507E+07
  0.1180E+08
  0.1775E+08
  0.1775E+08
  0.1488E+08
  0.1485E+08
  0.1740E+08
  0.2490E+08
  0.2285E+08
  0.1855E+08
  0.1760E+08
  0.1859E+08
  0.2219E+08
  0.2505E+08
  0.2065E+08
  0.2284E+08
  0.3351E+08
  0.6827E+08
  0.2732E+09
  0.1800E+09
  0.7184E+08
  0.3989E+08
  0.2776E+08
  0.2407E+08
  0.2563E+08
  0.4063E+08
  0.2766E+08
  0.2287E+08
  0.2234E+08
  0.2587E+08
  0.3740E+08
  0.2141E+08
  0.1765E+08
  0.1726E+08
  0.2053E+08
  0.1748E+08
  0.1204E+08
  0.1021E+08
  0.1019E+08
  0.1310E+08
  0.6819E+07
  0.5167E+07
  0.4615E+07
  0.4753E+07
  0.3440E+07
  0.2430E+07
  0.2007E+07
  0.1840E+07
  0.1566E+07
  0.1089E+07
  0.9154E+06
  0.7726E+06
  0.7008E+06
  0.5248E+06
  0.4715E+06
  0.4339E+06
  0.3935E+06
  0.3832E+06
  0.4913E+06
  0.8892E+06
  0.2060E+07
  0.1824E+07
  0.6600E+06
  0.3544E+06
  0.2481E+06
  0.2121E+06
  0.2163E+06
  0.2735E+06
  0.2284E+06
  0.2117E+06
  0.2098E+06
  0.2212E+06
  0.2531E+06
  0.2333E+06
  0.1950E+06
  0.1774E+06
  0.1773E+06
  0.2003E+06
  0.1943E+06
  0.1320E+06
  0.1012E+06
  0.8134E+05
  0.7144E+05
  0.6547E+05
  0.5991E+05
  0.4401E+05
  0.3397E+05
  0.2762E+05
  0.2367E+05
  0.2082E+05
  0.1836E+05
  0.1361E+05
  0.1037E+05
  0.8390E+04
  0.7003E+04
  0.6022E+04
  0.5143E+04
  0.4119E+04
  0.3283E+04
  0.2808E+04
  0.2481E+04
  0.2264E+04
  0.1873E+04
  0.1596E+04
  0.1464E+04
  0.1410E+04
  0.1386E+04
  0.1204E+04
  0.1098E+04
  0.1030E+04
  0.1028E+04
  0.1072E+04
  0.1043E+04
  0.9550E+03
  0.1018E+04
  0.1285E+04
  0.2070E+04
  0.4735E+04
  0.5504E+04
  0.2595E+04
  0.1586E+04
  0.1366E+04
  0.1161E+04
  0.1391E+04
  0.1098E+04
  0.9815E+03
  0.9609E+03
  0.1014E+04
  0.9999E+03
  0.9510E+03
  0.8596E+03
  0.8132E+03
  0.7690E+03
  0.7636E+03
  0.7108E+03
  0.6444E+03
  0.5808E+03
  0.5308E+03
  0.5003E+03
  0.4597E+03
  0.4073E+03
  0.3737E+03
  0.3535E+03
  0.3415E+03
  0.3350E+03
  0.3208E+03
  0.3435E+03
  0.3595E+03
  0.3023E+03
  0.2737E+03
  0.2589E+03
  0.2512E+03
  0.2470E+03
  0.2442E+03
  0.2415E+03
  0.2429E+03
  0.2640E+03
  0.2425E+03
  0.2362E+03
  0.2309E+03
  0.2289E+03
  0.2281E+03
  0.2285E+03
  0.2359E+03
  0.2541E+03
  0.2422E+03
  0.2840E+03
  0.2512E+03
  0.2397E+03
  0.2217E+03
  0.2155E+03
  0.2142E+03
  0.2097E+03
  0.2085E+03
  0.2112E+03
  0.2207E+03
  0.2275E+03
  0.2130E+03
  0.2033E+03
  0.2012E+03
  0.2036E+03
  0.2204E+03
  0.2043E+03
  0.1974E+03
  0.1952E+03
  0.1949E+03
  0.1965E+03
  0.2036E+03
  0.1957E+03
  0.1959E+03
  0.1947E+03
  0.1998E+03
  0.1960E+03
  0.2005E+03
  0.2195E+03
  0.2014E+03
  0.1945E+03
  0.1929E+03
  0.1897E+03
  0.1898E+03
  0.1904E+03
  0.1899E+03
  0.1916E+03
  0.1941E+03
  0.1919E+03
  0.1935E+03
  0.1962E+03
  0.1970E+03
  0.1984E+03
  0.2063E+03
  0.2057E+03
  0.2247E+03
  0.2153E+03
  0.2049E+03
  0.2061E+03
  0.2063E+03
  0.2100E+03
  0.2131E+03
  0.2168E+03
  0.2301E+03
  0.2267E+03
  0.2429E+03
  0.2537E+03
  0.2512E+03
  0.2850E+03
  0.2706E+03
  0.2987E+03
  0.3169E+03
  0.3246E+03
  0.3946E+03
  0.3912E+03
  0.4209E+03
  0.5208E+03
  0.4931E+03
  0.5423E+03
  0.6566E+03
  0.6118E+03
  0.6650E+03
  0.8122E+03
  0.7350E+03
  0.7603E+03
  0.8995E+03
  0.8483E+03
  0.8132E+03
  0.8535E+03
  0.8999E+03
  0.7693E+03
  0.7178E+03
  0.7041E+03
  0.6540E+03
  0.5181E+03
  0.4309E+03
  0.3707E+03
  0.3418E+03
  0.3874E+03
  0.4868E+03
  0.6295E+03
  0.7404E+03
  0.8082E+03
  0.8677E+03
  0.9253E+03
  0.9781E+03
  0.1017E+04
  0.1039E+04
  0.1034E+04
  0.1005E+04
  0.9439E+03
  0.8657E+03
  0.7752E+03
  0.6805E+03
  0.5851E+03
  0.4975E+03
  0.4204E+03
  0.3548E+03
  0.3026E+03
  0.2601E+03
  0.2201E+03
  0.1911E+03
  0.1696E+03
  0.1540E+03
  0.1438E+03
  0.1355E+03
  0.1311E+03
  0.1303E+03
  0.1264E+03
  0.1250E+03
  0.1245E+03
  0.1239E+03
  0.1229E+03
  0.1236E+03
  0.1231E+03
  0.1232E+03
  0.1323E+03
  0.1299E+03
  0.1297E+03
  0.1331E+03
  0.1458E+03
  0.1366E+03
  0.1423E+03
  0.1517E+03
  0.1501E+03
  0.1738E+03
  0.1721E+03
  0.1931E+03
  0.2124E+03
  0.2216E+03
  0.2843E+03
  0.2785E+03
  0.3240E+03
  0.3624E+03
  0.3656E+03
  0.4791E+03
  0.4670E+03
  0.5113E+03
  0.6748E+03
  0.6190E+03
  0.7141E+03
  0.8753E+03
  0.8083E+03
  0.9327E+03
  0.1115E+04
  0.1009E+04
  0.1114E+04
  0.1366E+04
  0.1184E+04
  0.1194E+04
  0.1378E+04
  0.1277E+04
  0.1141E+04
  0.1132E+04
  0.1177E+04
  0.9540E+03
  0.7951E+03
  0.6810E+03
  0.5831E+03
  0.4952E+03
  0.5644E+03
  0.8113E+03
  0.9266E+03
  0.1048E+04
  0.1179E+04
  0.1318E+04
  0.1461E+04
  0.1607E+04
  0.1725E+04
  0.1783E+04
  0.1794E+04
  0.1746E+04
  0.1645E+04
  0.1514E+04
  0.1355E+04
  0.1183E+04
  0.1009E+04
  0.8490E+03
  0.7073E+03
  0.5893E+03
  0.4956E+03
  0.4233E+03
  0.3263E+03
  0.2617E+03
  0.2157E+03
  0.1796E+03
  0.1564E+03
  0.1435E+03
  0.1423E+03
  0.1425E+03
  0.1215E+03
  0.1082E+03
  0.1084E+03
  0.1323E+03
  0.1319E+03
  0.1052E+03
  0.1051E+03
  0.1273E+03
  0.1136E+03
  0.9715E+02
  0.9246E+02
  0.9117E+02
  0.9273E+02
  0.9602E+02
  0.1110E+03
  0.1787E+03
  0.1142E+03
  0.9595E+02
  0.9113E+02
  0.8975E+02
  0.8953E+02
  0.9056E+02
  0.9283E+02
  0.9666E+02
  0.1056E+03
  0.1292E+03
  0.2148E+03
  0.3074E+03
  0.2029E+03
  0.1294E+03
  0.1057E+03
  0.9787E+02
  0.9420E+02
  0.9261E+02
  0.9270E+02
  0.9467E+02
  0.1010E+03
  0.1233E+03
  0.1477E+03
  0.1300E+03
  0.1419E+03
  0.1105E+03
  0.1002E+03
  0.9580E+02
  0.9489E+02
  0.9542E+02
  0.9667E+02
  0.9953E+02
  0.1072E+03
  0.1243E+03
  0.1772E+03
  0.1648E+03
  0.1266E+03
  0.1211E+03
  0.1287E+03
  0.1492E+03
  0.2093E+03
  0.4280E+03
  0.6499E+03
  0.2653E+03
  0.1699E+03
  0.1438E+03
  0.1312E+03
  0.1313E+03
  0.1306E+03
  0.1443E+03
  0.1842E+03
  0.3199E+03
  0.4606E+03
  0.2252E+03
  0.1618E+03
  0.1469E+03
  0.1364E+03
  0.1434E+03
  0.1425E+03
  0.1694E+03
  0.2631E+03
  0.3237E+03
  0.1844E+03
  0.1488E+03
  0.1380E+03
  0.1369E+03
  0.1429E+03
  0.1618E+03
  0.1624E+03
  0.1883E+03
  0.2533E+03
  0.4676E+03
  0.6358E+03
  0.3289E+03
  0.2413E+03
  0.2224E+03
  0.2685E+03
  0.4187E+03
  0.2686E+03
  0.2614E+03
  0.2667E+03
  0.3640E+03
  0.7785E+03
  0.4749E+03
  0.2859E+03
  0.2335E+03
  0.2231E+03
  0.2148E+03
  0.2194E+03
  0.2352E+03
  0.2456E+03
  0.2787E+03
  0.3196E+03
  0.3420E+03
  0.3729E+03
  0.4166E+03
  0.5647E+03
  0.9445E+03
  0.8575E+03
  0.5939E+03
  0.4757E+03
  0.4682E+03
  0.5043E+03
  0.4864E+03
  0.5130E+03
  0.5067E+03
  0.5121E+03
  0.5408E+03
  0.6980E+03
  0.1149E+04
  0.2454E+04
  0.1966E+04
  0.1070E+04
  0.8713E+03
  0.9536E+03
  0.1268E+04
  0.1336E+04
  0.1864E+04
  0.2440E+04
  0.3199E+04
  0.3124E+04
  0.1434E+04
  0.9642E+03
  0.7396E+03
  0.6584E+03
  0.6739E+03
  0.8462E+03
  0.7455E+03
  0.6531E+03
  0.7691E+03
  0.8480E+03
  0.1054E+04
  0.2248E+04
  0.1823E+04
  0.1078E+04
  0.9081E+03
  0.6554E+03
  0.6215E+03
  0.6773E+03
  0.1020E+04
  0.8955E+03
  0.6597E+03
  0.6319E+03
  0.6467E+03
  0.6823E+03
  0.7482E+03
  0.8980E+03
  0.1156E+04
  0.1708E+04
  0.2161E+04
  0.1715E+04
  0.2346E+04
  0.6741E+04
  0.6350E+04
  0.5762E+04
  0.5096E+04
  0.7819E+04
  0.1078E+05
  0.8901E+04
  0.5186E+04
  0.2780E+04
  0.2269E+04
  0.1815E+04
  0.1753E+04
  0.1697E+04
  0.1805E+04
  0.2187E+04
  0.2040E+04
  0.2314E+04
  0.2851E+04
  0.4258E+04
  0.1138E+05
  0.1419E+05
  0.2918E+05
  0.2606E+05
  0.1639E+05
  0.6904E+04
  0.4489E+04
  0.3572E+04
  0.3367E+04
  0.3769E+04
  0.5621E+04
  0.6389E+04
  0.4433E+04
  0.4349E+04
  0.5455E+04
  0.9388E+04
  0.6094E+04
  0.6242E+04
  0.7976E+04
  0.1402E+05
  0.5936E+05
  0.4212E+05
  0.4948E+05
  0.1600E+05
  0.1062E+05
  0.1235E+05
  0.2559E+05
  0.1442E+05
  0.1441E+05
  0.2466E+05
  0.6257E+05
  0.5115E+05
  0.2573E+05
  0.1671E+05
  0.1420E+05
  0.1233E+05
  0.9955E+04
  0.1041E+05
  0.1236E+05
  0.1791E+05
  0.3995E+05
  0.1592E+06
  0.4674E+05
  0.2413E+05
  0.2425E+05
  0.3288E+05
  0.7862E+05
  0.1314E+06
  0.7871E+05
  0.6643E+05
  0.8947E+05
  0.7557E+05
  0.3595E+05
  0.2727E+05
  0.3329E+05
  0.6565E+05
  0.3362E+05
  0.2095E+05
  0.1778E+05
  0.2057E+05
  0.2121E+05
  0.2260E+05
  0.2313E+05
  0.3134E+05
  0.5927E+05
  0.1418E+06
  0.2156E+06
  0.2884E+06
  0.9289E+05
  0.5909E+05
  0.7887E+05
  0.5016E+05
  0.3484E+05
  0.3556E+05
  0.5098E+05
  0.1113E+06
  0.5727E+05
  0.5039E+05
  0.6106E+05
  0.9440E+05
  0.2609E+06
  0.2396E+06
  0.8875E+05
  0.5092E+05
  0.3888E+05
  0.3431E+05
  0.3401E+05
  0.3804E+05
  0.5110E+05
  0.9367E+05
  0.8901E+05
  0.5920E+05
  0.6298E+05
  0.8451E+05
  0.1034E+06
  0.2085E+06
  0.4808E+06
  0.5417E+06
  0.3226E+06
  0.1671E+06
  0.1048E+06
  0.9741E+05
  0.1381E+06
  0.3035E+06
  0.1373E+06
  0.9124E+05
  0.8627E+05
  0.1132E+06
  0.2191E+06
  0.3629E+06
  0.4005E+06
  0.1792E+06
  0.2305E+06
  0.1065E+06
  0.7002E+05
  0.6342E+05
  0.7924E+05
  0.6363E+05
  0.6289E+05
  0.7529E+05
  0.1158E+06
  0.2212E+06
  0.1686E+06
  0.2547E+06
  0.2144E+06
  0.1254E+06
  0.1252E+06
  0.1955E+06
  0.5113E+06
  0.2677E+06
  0.3116E+06
  0.1887E+06
  0.1546E+06
  0.1711E+06
  0.2446E+06
  0.5060E+06
  0.7549E+06
  0.7247E+06
  0.4131E+06
  0.2776E+06
  0.1916E+06
  0.2274E+06
  0.1595E+06
  0.2037E+06
  0.2610E+06
  0.3888E+06
  0.2695E+06
  0.3945E+06
  0.6985E+06
  0.4849E+06
  0.3086E+06
  0.3095E+06
  0.2741E+06
  0.2237E+06
  0.2118E+06
  0.1554E+06
  0.1720E+06
  0.2414E+06
  0.3894E+06
  0.2699E+06
  0.2576E+06
  0.3835E+06
  0.8346E+06
  0.9259E+06
  0.6966E+06
  0.6622E+06
  0.3799E+06
  0.3517E+06
  0.2302E+06
  0.1655E+06
  0.1598E+06
  0.1933E+06
  0.1749E+06
  0.2015E+06
  0.3237E+06
  0.3985E+06
  0.4145E+06
  0.8108E+06
  0.1131E+07
  0.9880E+06
  0.5462E+06
  0.2883E+06
  0.2201E+06
  0.2568E+06
  0.1753E+06
  0.1769E+06
  0.2706E+06
  0.4218E+06
  0.2155E+06
  0.1761E+06
  0.2111E+06
  0.3680E+06
  0.9433E+06
  0.3748E+06
  0.1892E+06
  0.1207E+06
  0.9057E+05
  0.7522E+05
  0.6336E+05
  0.5701E+05
  0.5197E+05
  0.4959E+05
  0.4888E+05
  0.5045E+05
  0.4897E+05
  0.5032E+05
  0.5426E+05
  0.5840E+05
  0.5329E+05
  0.4679E+05
  0.4571E+05
  0.4723E+05
  0.5475E+05
  0.5379E+05
  0.5771E+05
  0.5288E+05
  0.5854E+05
  0.7118E+05
  0.7480E+05
  0.8436E+05
  0.8024E+05
  0.9464E+05
  0.1328E+06
  0.2324E+06
  0.5510E+06
  0.4917E+06
  0.2263E+06
  0.1517E+06
  0.1455E+06
  0.2063E+06
  0.3511E+06
  0.1729E+06
  0.1400E+06
  0.1909E+06
  0.1572E+06
  0.1200E+06
  0.1222E+06
  0.1550E+06
  0.2542E+06
  0.5942E+06
  0.5433E+06
  0.3419E+06
  0.1964E+06
  0.1486E+06
  0.1354E+06
  0.1469E+06
  0.1850E+06
  0.3221E+06
  0.6142E+06
  0.4623E+06
  0.3689E+06
  0.3430E+06
  0.5611E+06
  0.1427E+07
  0.1138E+07
  0.5756E+06
  0.2913E+06
  0.1909E+06
  0.1509E+06
  0.1444E+06
  0.1731E+06
  0.2900E+06
  0.2202E+06
  0.1484E+06
  0.1425E+06
  0.1853E+06
  0.3305E+06
  0.3632E+06
  0.2851E+06
  0.2166E+06
  0.2237E+06
  0.4423E+06
  0.3017E+06
  0.1748E+06
  0.1520E+06
  0.1835E+06
  0.2130E+06
  0.3469E+06
  0.6443E+06
  0.1180E+07
  0.4151E+06
  0.2326E+06
  0.1916E+06
  0.1827E+06
  0.1566E+06
  0.1700E+06
  0.2453E+06
  0.5223E+06
  0.9412E+06
  0.4652E+06
  0.4774E+06
  0.1051E+07
  0.6787E+06
  0.3136E+06
  0.2551E+06
  0.2679E+06
  0.2925E+06
  0.1779E+06
  0.1230E+06
  0.1237E+06
  0.1090E+06
  0.1197E+06
  0.1932E+06
  0.3537E+06
  0.3500E+06
  0.8586E+06
  0.4674E+06
  0.1925E+06
  0.1129E+06
  0.8981E+05
  0.9360E+05
  0.6911E+05
  0.6404E+05
  0.6876E+05
  0.8714E+05
  0.1506E+06
  0.1499E+06
  0.2833E+06
  0.6608E+06
  0.5480E+06
  0.2149E+06
  0.1530E+06
  0.1850E+06
  0.3630E+06
  0.1540E+06
  0.1173E+06
  0.1195E+06
  0.9111E+05
  0.1013E+06
  0.1339E+06
  0.1866E+06
  0.1511E+06
  0.3899E+06
  0.1326E+06
  0.6906E+05
  0.6367E+05
  0.1038E+06
  0.1078E+06
  0.7060E+05
  0.7468E+05
  0.1442E+06
  0.1483E+06
  0.7236E+05
  0.5394E+05
  0.5725E+05
  0.1134E+06
  0.1658E+06
  0.1330E+06
  0.3075E+06
  0.4811E+06
  0.2460E+06
  0.1221E+06
  0.8539E+05
  0.5474E+05
  0.5170E+05
  0.6672E+05
  0.7266E+05
  0.4195E+05
  0.4053E+05
  0.1738E+06
  0.3771E+05
  0.3436E+05
  0.4414E+05
  0.7593E+05
  0.1547E+06
  0.2901E+06
  0.1454E+06
  0.7584E+05
  0.6748E+05
  0.4767E+05
  0.6475E+05
  0.9970E+05
  0.9046E+05
  0.7161E+05
  0.2798E+05
  0.2248E+05
  0.2032E+05
  0.2805E+05
  0.2711E+05
  0.4369E+05
  0.4885E+05
  0.2939E+05
  0.1765E+05
  0.1420E+05
  0.1341E+05
  0.4192E+05
  0.1284E+05
  0.1389E+05
  0.1681E+05
  0.2578E+05
  0.3850E+05
  0.9568E+05
  0.6176E+05
  0.4922E+05
  0.8722E+05
  0.1628E+06
  0.7392E+05
  0.3474E+05
  0.2398E+05
  0.1957E+05
  0.2112E+05
  0.2754E+05
  0.2003E+05
  0.2190E+05
  0.3265E+05
  0.6920E+05
  0.2103E+06
  0.1797E+06
  0.6257E+05
  0.4300E+05
  0.2761E+05
  0.1583E+05
  0.1177E+05
  0.1025E+05
  0.8677E+04
  0.7851E+04
  0.7562E+04
  0.7899E+04
  0.9436E+04
  0.8420E+04
  0.9894E+04
  0.9530E+04
  0.1209E+05
  0.1898E+05
  0.4031E+05
  0.6786E+05
  0.1034E+06
  0.9111E+05
  0.3284E+05
  0.1613E+05
  0.1025E+05
  0.7628E+04
  0.6363E+04
  0.5513E+04
  0.5136E+04
  0.5043E+04
  0.4858E+04
  0.5352E+04
  0.7226E+04
  0.9646E+04
  0.8877E+04
  0.1298E+05
  0.2986E+05
  0.4715E+05
  0.1744E+05
  0.1053E+05
  0.1102E+05
  0.2221E+05
  0.1199E+05
  0.6913E+04
  0.4987E+04
  0.4498E+04
  0.4695E+04
  0.5257E+04
  0.6775E+04
  0.7869E+04
  0.8016E+04
  0.1237E+05
  0.1480E+05
  0.2353E+05
  0.1320E+05
  0.1095E+05
  0.9796E+04
  0.1170E+05
  0.2024E+05
  0.6825E+05
  0.6346E+05
  0.2198E+05
  0.1681E+05
  0.2697E+05
  0.2322E+05
  0.1032E+05
  0.6932E+04
  0.4647E+04
  0.3854E+04
  0.3813E+04
  0.4988E+04
  0.1317E+05
  0.1067E+05
  0.5496E+04
  0.3804E+04
  0.3488E+04
  0.4050E+04
  0.6190E+04
  0.1423E+05
  0.5390E+05
  0.1851E+05
  0.1105E+05
  0.1059E+05
  0.5160E+04
  0.2996E+04
  0.2222E+04
  0.1913E+04
  0.1873E+04
  0.2239E+04
  0.4094E+04
  0.2514E+04
  0.1867E+04
  0.1762E+04
  0.1866E+04
  0.2764E+04
  0.2070E+04
  0.2382E+04
  0.3758E+04
  0.1037E+05
  0.2010E+05
  0.5505E+04
  0.2412E+04
  0.1496E+04
  0.1131E+04
  0.9772E+03
  0.9333E+03
  0.1083E+04
  0.8212E+03
  0.7375E+03
  0.7264E+03
  0.7538E+03
  0.7721E+03
  0.8700E+03
  0.1080E+04
  0.1594E+04
  0.3275E+04
  0.5835E+04
  0.4468E+04
  0.1346E+05
  0.1890E+05
  0.5098E+04
  0.2191E+04
  0.1417E+04
  0.1294E+04
  0.1971E+04
  0.1223E+04
  0.8108E+03
  0.7025E+03
  0.6478E+03
  0.6433E+03
  0.7396E+03
  0.1106E+04
  0.1120E+04
  0.9805E+03
  0.8115E+03
  0.8817E+03
  0.1186E+04
  0.1986E+04
  0.6247E+04
  0.6862E+04
  0.3893E+04
  0.2048E+04
  0.1332E+04
  0.1202E+04
  0.1101E+04
  0.1009E+04
  0.1376E+04
  0.1152E+04
  0.8848E+03
  0.8623E+03
  0.9739E+03
  0.1168E+04
  0.1293E+04
  0.1538E+04
  0.2166E+04
  0.4185E+04
  0.3183E+04
  0.4451E+04
  0.7831E+04
  0.5462E+04
  0.6015E+04
  0.6533E+04
  0.8641E+04
  0.1221E+05
  0.1117E+05
  0.1180E+05
  0.1295E+05
  0.1618E+05
  0.2469E+05
  0.2279E+05
  0.2008E+05
  0.2012E+05
  0.2266E+05
  0.3027E+05
  0.3357E+05
  0.2446E+05
  0.2214E+05
  0.2794E+05
  0.2552E+05
  0.3068E+05
  0.1806E+05
  0.1472E+05
  0.1372E+05
  0.1470E+05
  0.1927E+05
  0.2371E+05
  0.5842E+05
  0.1452E+06
  0.5095E+05
  0.2212E+05
  0.1347E+05
  0.1162E+05
  0.8916E+04
  0.6416E+04
  0.5235E+04
  0.4844E+04
  0.5030E+04
  0.5364E+04
  0.3366E+04
  0.4302E+04
  0.8049E+04
  0.3625E+04
  0.2013E+04
  0.1546E+04
  0.1245E+04
  0.1190E+04
  0.1276E+04
  0.1166E+04
  0.1082E+04
  0.1104E+04
  0.1301E+04
  0.1516E+04
  0.1423E+04
  0.1251E+04
  0.1193E+04
  0.1314E+04
  0.1385E+04
  0.1948E+04
  0.1224E+04
  0.1006E+04
  0.9361E+03
  0.8846E+03
  0.9526E+03
  0.7580E+03
  0.6701E+03
  0.6902E+03
  0.7250E+03
  0.1069E+04
  0.2393E+04
  0.3059E+04
  0.1067E+04
  0.5632E+03
  0.3886E+03
  0.3692E+03
  0.1141E+04
  0.3871E+03
  0.3095E+03
  0.2575E+03
  0.1753E+03
  0.1534E+03
  0.1454E+03
  0.1833E+03
  0.1670E+03
  0.1582E+03
  0.1165E+03
  0.1041E+03
  0.1149E+03
  0.1964E+03
  0.1155E+03
  0.9857E+02
  0.1048E+03
  0.9444E+02
  0.8740E+02
  0.9379E+02
  0.1667E+03
  0.1470E+03
  0.1245E+03
  0.1301E+03
  0.1051E+03
  0.7710E+02
  0.6390E+02
  0.6278E+02
  0.8269E+02
  0.6006E+02
  0.5194E+02
  0.4977E+02
  0.4774E+02
  0.4755E+02
  0.5024E+02
  0.5472E+02
  0.7508E+02
  0.6042E+02
  0.5742E+02
  0.6894E+02
  0.7729E+02
  0.8573E+02
  0.6929E+02
  0.6940E+02
  0.7795E+02
  0.8135E+02
  0.9238E+02
  0.1102E+03
  0.1070E+03
  0.1253E+03
  0.1493E+03
  0.1783E+03
  0.1913E+03
  0.2375E+03
  0.2533E+03
  0.3652E+03
  0.3979E+03
  0.4803E+03
  0.5536E+03
  0.7510E+03
  0.8606E+03
  0.1146E+04
  0.1323E+04
  0.1819E+04
  0.2125E+04
  0.2786E+04
  0.3540E+04
  0.4451E+04
  0.5940E+04
  0.7063E+04
  0.9898E+04
  0.1125E+05
  0.1742E+05
  0.1829E+05
  0.2731E+05
  0.2929E+05
  0.3901E+05
  0.4880E+05
  0.5676E+05
  0.9056E+05
  0.8422E+05
  0.1291E+06
  0.1376E+06
  0.1691E+06
  0.2365E+06
  0.2305E+06
  0.3833E+06
  0.3599E+06
  0.4230E+06
  0.6458E+06
  0.5710E+06
  0.8271E+06
  0.9064E+06
  0.9235E+06
  0.1695E+07
  0.1321E+07
  0.1448E+07
  0.2986E+07
  0.1856E+07
  0.2126E+07
  0.4151E+07
  0.2541E+07
  0.2817E+07
  0.6363E+07
  0.3385E+07
  0.3311E+07
  0.4989E+07
  0.4480E+07
  0.3629E+07
  0.4107E+07
  0.1126E+08
  0.3956E+07
  0.3383E+07
  0.3585E+07
  0.6640E+07
  0.2761E+07
  0.2034E+07
  0.1764E+07
  0.1671E+07
  0.2093E+07
  0.2847E+07
  0.4322E+07
  0.6812E+07
  0.5815E+07
  0.6149E+07
  0.6356E+07
  0.7437E+07
  0.7648E+07
  0.9259E+07
  0.9554E+07
  0.1079E+08
  0.1196E+08
  0.1222E+08
  0.1597E+08
  0.1487E+08
  0.2005E+08
  0.1957E+08
  0.2349E+08
  0.3152E+08
  0.3002E+08
  0.4986E+08
  0.4500E+08
  0.5341E+08
  0.7916E+08
  0.6941E+08
  0.1000E+09
  0.1080E+09
  0.1073E+09
  0.1948E+09
  0.1521E+09
  0.1629E+09
  0.4050E+09
  0.2086E+09
  0.2279E+09
  0.5600E+09
  0.2795E+09
  0.2867E+09
  0.4971E+09
  0.3650E+09
  0.3258E+09
  0.4254E+09
  0.5112E+09
  0.3521E+09
  0.3503E+09
  0.4759E+09
  0.3937E+09
  0.2787E+09
  0.2463E+09
  0.2466E+09
  0.2097E+09
  0.1237E+09
  0.1679E+09
  0.2238E+09
  0.2538E+09
  0.2959E+09
  0.3556E+09
  0.4432E+09
  0.5845E+09
  0.1092E+10
  0.6801E+09
  0.5819E+09
  0.5257E+09
  0.4814E+09
  0.4393E+09
  0.3973E+09
  0.3548E+09
  0.3125E+09
  0.2724E+09
  0.2380E+09
  0.2145E+09
  0.1657E+09
  0.1106E+09
  0.7794E+08
  0.5720E+08
  0.4453E+08
  0.2981E+08
  0.1986E+08
  0.1436E+08
  0.9318E+07
  0.6711E+07
  0.4622E+07
  0.3297E+07
  0.2386E+07
  0.1744E+07
  0.1281E+07
  0.9398E+06
  0.6853E+06
  0.4949E+06
  0.3526E+06
  0.2478E+06
  0.1371E+06
  0.9159E+05
  0.6015E+05
  0.3887E+05
  0.2468E+05
  0.1103E+05
  0.6651E+04
  0.3957E+04
  0.1574E+04
  0.9067E+03
  0.3624E+03
  0.1900E+03
  0.1137E+03
  0.9449E+02
  0.1048E+03
  0.9813E+02
  0.8855E+02
  0.9131E+02
  0.9954E+02
  0.7994E+02
  0.6972E+02
  0.6415E+02
  0.5833E+02
  0.4370E+02
  0.3595E+02
  0.3783E+02
  0.4628E+02
  0.5690E+02
  0.6963E+02
  0.8456E+02
  0.1013E+03
  0.1163E+03
  0.1184E+03
  0.1185E+03
  0.1172E+03
  0.1144E+03
  0.1098E+03
  0.1035E+03
  0.9598E+02
  0.8750E+02
  0.7850E+02
  0.6939E+02
  0.6081E+02
  0.5185E+02
  0.4215E+02
  0.3452E+02
  0.2899E+02
  0.2471E+02
  0.2095E+02
  0.1821E+02
  0.1656E+02
  0.1543E+02
  0.1508E+02
  0.1536E+02
  0.1566E+02
  0.1704E+02
  0.1887E+02
  0.2047E+02
  0.2285E+02
  0.2675E+02
  0.2930E+02
  0.3174E+02
  0.3619E+02
  0.4583E+02
  0.4578E+02
  0.4908E+02
  0.5622E+02
  0.7070E+02
  0.6493E+02
  0.6818E+02
  0.7938E+02
  0.8270E+02
  0.7582E+02
  0.7776E+02
  0.1044E+03
  0.7371E+02
  0.6611E+02
  0.6594E+02
  0.5761E+02
  0.4329E+02
  0.3540E+02
  0.2962E+02
