 tau_sw_i
                          0.1497292699074506E-11
                          0.2309673318910229E-09
                          0.2574981472403055E-09
                          0.2471501923008252E-08
                          0.7350507588408139E-08
                          0.3678690857871726E-08
                          0.2133590220878831E-07
                          0.8335444906268583E-08
                          0.1428222671757824E-08
                          0.1394885294831832E-07
                          0.2785049642811104E-09
                          0.2964274169031968E-06
                          0.9326674502433114E-06
                          0.3265337844663164E-10
                          0.1153063254175826E-10
                          0.2637958096285017E-09
                          0.7994765313942293E-12
                          0.1263408192994622E-09
                          0.3413958435660784E-12
                          0.3657184025629707E-11
                          0.1261202436409245E-11
                          0.7962405251229155E-11
                          0.4122239290696159E-10
                          0.1177781884974077E-08
                          0.6498038033630181E-07
                          0.1867503831132903E-06
                          0.1416259688343158E-04
                          0.8652930063069945E-04
                          0.5536165002225049E-06
                          0.8506903348443550E-07
                          0.1540081030880422E-06
                          0.5142754220181629E-11
                          0.3892147432746885E-10
                          0.1766739171628035E-11
                          0.3457705271500989E-10
                          0.1844345784773440E-11
                          0.2087088230002251E-11
                          0.2464783771122648E-11
                          0.2021693941520966E-10
                          0.7150845002417665E-11
                          0.3126721144599272E-11
                          0.3608760463934028E-11
                          0.1254718501694097E-10
                          0.1863282970922625E-10
                          0.4578355138070051E-11
                          0.4934617189510412E-11
                          0.1002489118151456E-10
                          0.5877020641956185E-11
                          0.6412747451196723E-11
                          0.1652607654087955E-10
                          0.5518097765314640E-09
                          0.3424023649115948E-09
                          0.1296442354255763E-05
                          0.3688171007283365E-10
                          0.3215303616931705E-09
                          0.3275374137426938E-08
                          0.3692377771946518E-10
                          0.1705405080281307E-10
                          0.3082549958143420E-10
                          0.7710124805679720E-10
                          0.9224543276947571E-10
                          0.8138224752741195E-10
                          0.1979937458460596E-09
                          0.2737515549250353E-08
                          0.4574760858058445E-10
                          0.1863531228014998E-09
                          0.2079841530624772E-08
                          0.1353651142790819E-09
                          0.3631287954355855E-09
                          0.9922445712630659E-10
                          0.8890363521986169E-10
                          0.5500513767732187E-10
                          0.4519406368228393E-10
                          0.1845291484646558E-08
                          0.5644855830646928E-10
                          0.3116504662634205E-06
                          0.9015153199431632E-03
                          0.1755237453646985E-08
                          0.2451880167958507E-09
                          0.6492184432736611E-10
                          0.8303693240286391E-10
                          0.7475414620869424E-07
                          0.8489713550043912E-07
                          0.2632471381350424E-04
                          0.3931150871346255E-04
                          0.1296464522574578E-09
                          0.6686886204642032E-10
                          0.6894770607693267E-10
                          0.7337582964815922E-10
                          0.1031421591458798E-08
                          0.4215250509353514E-06
                          0.6047863228651750E-02
                          0.8885325694062084E-01
                          0.5383771013656483E-03
                          0.1004337786252721E-02
                          0.1637493416748628E-04
                          0.1571732231929466E-08
                          0.1071228630277765E-09
                          0.1122490709309011E-09
                          0.6341889210929520E-09
                          0.2689261408996314E-08
                          0.1696345417108831E-09
                          0.1498803995759281E-09
                          0.1478256304079870E-05
                          0.1195147207681276E-08
                          0.1800011905483421E-08
                          0.1806199389397049E-09
                          0.1626551317792391E-09
                          0.1666530566700405E-09
                          0.1736722318985058E-09
                          0.2235246175560749E-09
                          0.2091871463063980E-09
                          0.1896217663154176E-09
                          0.1962343712649231E-09
                          0.2033729625939154E-09
                          0.2100284155076748E-09
                          0.2175409810450957E-09
                          0.2250063544468338E-09
                          0.2456399833067480E-09
                          0.5537532789961713E-09
                          0.6565684402463685E-07
                          0.2667241184618737E-09
                          0.2728255943561485E-09
                          0.2926923396551459E-06
                          0.4286418265263755E-09
                          0.3550827593417583E-07
                          0.3110425689354519E-09
                          0.3316823342942017E-09
                          0.3534732515969856E-09
                          0.3832018339699142E-09
                          0.3438354812905441E-09
                          0.3580964659473268E-09
                          0.3880009308938186E-09
                          0.3866972639995311E-06
                          0.5441408126451495E-07
                          0.4087974191576470E-09
                          0.3046761517395079E-08
                          0.9952651349381072E-08
                          0.4899594400113510E-09
                          0.9816667205355726E-09
                          0.1859434457106814E-07
                          0.8364220745352460E-07
                          0.1423887387723225E-03
                          0.3665562555297934E-06
                          0.1033247997128988E-04
                          0.1842489753430312E-04
                          0.1190496478087813E-06
                          0.1009330492556084E-02
                          0.1053179700016314E-04
                          0.5608644926643174E-04
                          0.2140325929224870E-07
                          0.9455535588416227E-09
                          0.2455170994412273E-08
                          0.9469387872853556E-09
                          0.3836509953561399E-06
                          0.7292587776511077E-09
                          0.7410166723627639E-09
                          0.7381725658744831E-09
                          0.8637017109678648E-09
                          0.8084196792015893E-09
                          0.1867998798830252E-06
                          0.1106488313708744E-08
                          0.8267968118045519E-09
                          0.8473532115225458E-09
                          0.8731205052444802E-09
                          0.8897921016713893E-09
                          0.5070286479987680E-05
                          0.9343401936071456E-09
                          0.9663369938131079E-09
                          0.9790742816721835E-09
                          0.1002446351991172E-08
                          0.1026236584345071E-08
                          0.1050445995689417E-08
                          0.1075160781241962E-08
                          0.1251978049326141E-08
                          0.1298719288331187E-08
                          0.1151737099412910E-08
                          0.5229750174311005E-04
                          0.1207196372161743E-08
                          0.2208501380974537E-08
                          0.1336924193532726E-08
                          0.1291967987667246E-08
                          0.1321615508640619E-08
                          0.1113900611290456E-06
                          0.1398758984127018E-08
                          0.2805709043787748E-08
                          0.1248598037962167E-02
                          0.2050956066493592E-08
                          0.1506644269369407E-08
                          0.2059249864753365E-08
                          0.3016960935122046E-08
                          0.5025042613468932E-08
                          0.2929370014099142E-08
                          0.1229110151950993E-06
                          0.9116520056314880E-08
                          0.2417988155289382E-06
                          0.6121797777498309E-07
                          0.3883318808830598E-03
                          0.2931242044313776E-06
                          0.2118242210546097E-06
                          0.7479168508784472E-06
                          0.2212592678393176E-08
                          0.2469064387563612E-08
                          0.1614622180143523E-07
                          0.1197888643318090E-04
                          0.1109599539469542E-07
                          0.2166968238811732E-08
                          0.2215881449184264E-08
                          0.3095332959126367E-08
                          0.2324559802601052E-08
                          0.2394294284504967E-08
                          0.2399837149801057E-08
                          0.3052081501724691E-08
                          0.3491983855855837E-08
                          0.2568017911683877E-08
                          0.2598947699844048E-08
                          0.9774983603351116E-07
                          0.4148214080479565E-08
                          0.2712379010539001E-08
                          0.2761850686115626E-08
                          0.2812968280104343E-08
                          0.3033472773670607E-08
                          0.2917125257646411E-08
                          0.2967505569896860E-08
                          0.3021297106083998E-08
                          0.3075492446600444E-08
                          0.4121742365798664E-08
                          0.3230192536015979E-08
                          0.3242691881670067E-08
                          0.3299965498264031E-08
                          0.3357908284742146E-08
                          0.3421316362099379E-08
                          0.3476720092571519E-08
                          0.3574419397821228E-08
                          0.3600781104092938E-08
                          0.1912543244035273E-07
                          0.3723208802040315E-08
                          0.3789578516993654E-08
                          0.6958432546846523E-07
                          0.7251774906852554E-08
                          0.3987677380422496E-08
                          0.3159571408760071E-06
                          0.4162109549994604E-08
                          0.4651630214022940E-08
                          0.4298081786895060E-08
                          0.4366134443707439E-08
                          0.4850203761611690E-08
                          0.1411029187328033E-06
                          0.5143077382870087E-08
                          0.6494391522092920E-08
                          0.5477099648579845E-08
                          0.4870060619822013E-08
                          0.1306152464004296E-07
                          0.1123615044159313E-05
                          0.8945237586419499E-08
                          0.5100855826674437E-08
                          0.5156376213652328E-08
                          0.5234486189221077E-08
                          0.5453108038806066E-08
                          0.5502268034981675E-08
                          0.6477570117240341E-08
                          0.5679657038732577E-08
                          0.5679615310001018E-08
                          0.5741937285895542E-08
                          0.5835533759786306E-08
                          0.5917502186957866E-08
                          0.7075055100325763E-08
                          0.7752427831072146E-08
                          0.1755024884049500E-07
                          0.6289704238830716E-08
                          0.7129169489410516E-08
                          0.7308658977025517E-08
                          0.6685476291918559E-08
                          0.6670099631491786E-08
                          0.2245538833140012E-07
                          0.9646739289141355E-07
                          0.7653076813899935E-08
                          0.9113535329896624E-08
                          0.1410264938852217E-07
                          0.2264579730746308E-07
                          0.7502091594777368E-08
                          0.7742921191848916E-08
                          0.7930126837412745E-08
                          0.7707137562389830E-08
                          0.7823742160770950E-08
                          0.7943324911819311E-08
                          0.8031924652352047E-08
                          0.1033094114604817E-06
                          0.8299395469451645E-08
                          0.8387063350645936E-08
                          0.8573249030240937E-08
                          0.8614320441398272E-08
                          0.6600771418125900E-07
                          0.8878089434919141E-08
                          0.9598774887023726E-08
                          0.9091316710002890E-08
                          0.1026031419320080E-07
                          0.9336623147923807E-08
                          0.9495036164916873E-08
                          0.9655398951024094E-08
                          0.9726694956656148E-08
                          0.9848664252609557E-08
                          0.9980192136762809E-08
                          0.1018284599450311E-07
                          0.1038747407656654E-07
                          0.1039322520314827E-07
                          0.1069026972768332E-07
                          0.1065705825983368E-07
                          0.1079840301933136E-07
                          0.1306837835974048E-07
                          0.1111236105059369E-07
                          0.1122341378393429E-07
                          0.1136840491382332E-07
                          0.1151474482085514E-07
                          0.1166285864883112E-07
                          0.1181266780302147E-07
                          0.1197207137845381E-07
                          0.1215424887203805E-07
                          0.1228905052957206E-07
                          0.1242565859243733E-07
                          0.1260569829195391E-07
                          0.1273803222224569E-07
                          0.1292535292623819E-07
                          0.2056281223835288E-07
                          0.1398208780770843E-07
                          0.2203474652826845E-07
                          0.1355374802077900E-07
                          0.1712852940929446E-07
                          0.1059661016387879E-02
                          0.1408931641031394E-07
                          0.1425798239419943E-07
                          0.1459076769194845E-07
                          0.1625049286453379E-07
                          0.1475288058366777E-07
                          0.1493147642176504E-07
                          0.1516116767635833E-07
                          0.1529593237618803E-07
                          0.1547321997162759E-07
                          0.1565773440831460E-07
                          0.1584479233694444E-07
                          0.1603153413422124E-07
                          0.1624880905797224E-07
                          0.1641204698657764E-07
                          0.1660588291139056E-07
                          0.1679928228657942E-07
                          0.1699563010495587E-07
                          0.1719424099994823E-07
                          0.3376866766812347E-07
                          0.1940950781209619E-06
                          0.1805449725304846E-07
                          0.1801002513908657E-07
                          0.1820912722276445E-07
                          0.1842263238382423E-07
                          0.4627622061090745E-04
                          0.1916815323358012E-07
                          0.1905423408413125E-07
                          0.1927027482445912E-07
                          0.1950648168370469E-07
                          0.2430401115151814E-06
                          0.1992703675761525E-07
                          0.2014975946791267E-07
                          0.2037511577485290E-07
                          0.2298486707396726E-07
                          0.2084960417076976E-07
                          0.2112581156468468E-07
                          0.2129213754919981E-07
                          0.2152655600480568E-07
                          0.2176248905114639E-07
                          0.2200124685329651E-07
                          0.2224068991398760E-07
                          0.2377653635248988E-07
                          0.2272692173811785E-07
                          0.2328349611746113E-07
                          0.2322087929459278E-07
                          0.2347092442253241E-07
                          0.2542072550076307E-07
                          0.2413080593358020E-07
                          0.2424628691074399E-07
                          0.2449119315494797E-07
                          0.2475178830921651E-07
                          0.2502332352112123E-07
                          0.2541754624894277E-07
                          0.2554570701812705E-07
                          0.2581258269171847E-07
                          0.2608581308254883E-07
                          0.2635720265962732E-07
                          0.2663083166889126E-07
                          0.2690777787727491E-07
                          0.2718694464187433E-07
                          0.2746827959164447E-07
                          0.2775179054276990E-07
                          0.2806062500745950E-07
                          0.2832539296811529E-07
                          0.2861551241682117E-07
                          0.2893914008327927E-07
                          0.2920241506176275E-07
                          0.2949924252125684E-07
                          0.2979829876039743E-07
                          0.3009970462230334E-07
                          0.3041122698640163E-07
                          0.3070917146969571E-07
                          0.3101738926760084E-07
                          0.3132800280661974E-07
                          0.3164086001775533E-07
                          0.3195596010211422E-07
                          0.3227352222989491E-07
                          0.3259340798911513E-07
                          0.3291578644725887E-07
                          0.3324215520492436E-07
                          0.3356739287703609E-07
                          0.1019714105038143E-06
                          0.3425507141706506E-07
                          0.3456315915035240E-07
                          0.3502343026799086E-07
                          0.3525189232399454E-07
                          0.3559503492715039E-07
                          0.3599173307775292E-07
                          0.3637431604078892E-07
                          0.3662081169994686E-07
                          0.3697302344536886E-07
                          0.3733634792331639E-07
                          0.3768437099532931E-07
                          0.4227935785583510E-07
                          0.3975877750517301E-07
                          0.8604330507471017E-07
                          0.3914372469064807E-07
                          0.3951027364713169E-07
                          0.3994719355400263E-07
                          0.4523841217699295E-07
                          0.1085479645885951E-06
                          0.2804385285891712E-06
                          0.9211161592153268E-07
                          0.4747241191108938E-07
                          0.4942474639728208E-07
                          0.4581592245573477E-07
                          0.4295081497075167E-07
                          0.4334708607460514E-07
                          0.4374614594904809E-07
                          0.4414823557822498E-07
                          0.4455378297989069E-07
                          0.4495969933772396E-07
                          0.4537079875891982E-07
                          0.4578296470519180E-07
                          0.4619844837385015E-07
                          0.4661694681870418E-07
                          0.4719463346915604E-07
                          0.4746243265465515E-07
                          0.4788947304747145E-07
                          0.4832000136853697E-07
                          0.4875223849583039E-07
                          0.4918796983108051E-07
                          0.4962661699044848E-07
                          0.5006819263327122E-07
                          0.5051270738918837E-07
                          0.5096017342122499E-07
                          0.5142319569248509E-07
                          0.5186417069043983E-07
                          0.5232045394668757E-07
                          0.5278040635467786E-07
                          0.5324287386831088E-07
                          0.5371018292096511E-07
                          0.5417623944446811E-07
                          0.5464780617821642E-07
                          0.5512244477264265E-07
                          0.5560016783436483E-07
                          0.5608099378410883E-07
                          0.5656494947795024E-07
                          0.5705198556580129E-07
                          0.5754592431815978E-07
                          0.5803553237811197E-07
                          0.5853204753419113E-07
                          0.5903186999564329E-07
                          0.5953462725522168E-07
                          0.6004072259560289E-07
                          0.6055004126404340E-07
                          0.6106275492351858E-07
                          0.6188370893739295E-07
                          0.6209743946818888E-07
                          0.6261976042850758E-07
                          0.6314557626466525E-07
                          0.6367501195248218E-07
                          0.6420695820350445E-07
                          0.6474212970393401E-07
                          0.6542260379808439E-07
                          0.6582451562136956E-07
                          0.6636892942041945E-07
                          0.6691802888448997E-07
                          0.6747035557607619E-07
                          0.6803014153235670E-07
                          0.6858573996116224E-07
                          0.6914815803724863E-07
                          0.6971705498525440E-07
                          0.7029261311591142E-07
                          0.7085710224848149E-07
                          0.7143914391426564E-07
                          0.7201380499134866E-07
                          0.7259742746736718E-07
                          0.7318495904746872E-07
                          0.7377539129704102E-07
                          0.7436967307745242E-07
                          0.7496757233672712E-07
                          0.7556930346325404E-07
                          0.7617438821248826E-07
                          0.7678291721836877E-07
                          0.7740620066724548E-07
                          0.7801132485390915E-07
                          0.7863140362245576E-07
                          0.7926201899589077E-07
                          0.7988149795412903E-07
                          0.8051227875688433E-07
                          0.8117096267415305E-07
                          0.8179578115802370E-07
                          0.8242709560001145E-07
                          0.8307289485680548E-07
                          0.8372248252045144E-07
                          0.8437587206756917E-07
                          0.8503308039146045E-07
                          0.8569411840680687E-07
                          0.8635900341669056E-07
                          0.8702774901816901E-07
                          0.8770055306638658E-07
                          0.8837688673740362E-07
                          0.8905730774332979E-07
                          0.8974165017011301E-07
                          0.9042992907559108E-07
                          0.9112215948056174E-07
                          0.9181835651242518E-07
                          0.9251853828516096E-07
                          0.9322271136761921E-07
                          0.9475104433457760E-07
                          0.9464345832172163E-07
                          0.9535937135944231E-07
                          0.9608666038689077E-07
                          0.9690315430844557E-07
                          0.9753258953471106E-07
                          0.9826513277654485E-07
                          0.9900183286037464E-07
                          0.9974266963552981E-07
                          0.1004877507403489E-06
                          0.1012368014842935E-06
                          0.1019955860238229E-06
                          0.1027491749405056E-06
                          0.1035522568099245E-06
                          0.1043023770365225E-06
                          0.1050457558087309E-06
                          0.1063133699441952E-06
                          0.1065987925913655E-06
                          0.1073831046079701E-06
                          0.1081693051175834E-06
                          0.1089608576652906E-06
                          0.1097568678374628E-06
                          0.1105573833354758E-06
                          0.1113812143566330E-06
                          0.1121714560420719E-06
                          0.1129845980247556E-06
                          0.1138624666666143E-06
                          0.1146254961375496E-06
                          0.1154520547910408E-06
                          0.1162829265002864E-06
                          0.1171186546652080E-06
                          0.1179592549509659E-06
                          0.1188037011891424E-06
                          0.1196564920268406E-06
                          0.1279401695200487E-06
                          0.1226948958442952E-06
                          0.1222281451325305E-06
                          0.1230999558703740E-06
                          0.1239749357041734E-06
                          0.1248447043703486E-06
                          0.1257270838374214E-06
                          0.1266122643014737E-06
                          0.1275030607086167E-06
                          0.1283985997577770E-06
                          0.1292987118606410E-06
                          0.1302036262185367E-06
                          0.1311551668169561E-06
                          0.1320886934097176E-06
                          0.1334912048448343E-06
                          0.1338714221585629E-06
                          0.1347996324987733E-06
                          0.1357332897830712E-06
                          0.1366716914138573E-06
                          0.1376149997190302E-06
                          0.1385631822103312E-06
                          0.1395162568824225E-06
                          0.1404765227898945E-06
                          0.1414371459758881E-06
                          0.1424049949596649E-06
                          0.1433778028987318E-06
                          0.1443561413913285E-06
                          0.1453384053422620E-06
                          0.1463261481606236E-06
                          0.1473192891964848E-06
                          0.1483168167726986E-06
                          0.1493197377899522E-06
                          0.1503277266761964E-06
                          0.1513408156278648E-06
                          0.1523590166199538E-06
                          0.1533823465616846E-06
                          0.1545446619242913E-06
                          0.1554483941511168E-06
                          0.1564832834465938E-06
                          0.1575273022287528E-06
                          0.1585766380846473E-06
                          0.1596310099637843E-06
                          0.1606914946822049E-06
                          0.1617557045352713E-06
                          0.1628259745092717E-06
                          0.1639092456889968E-06
                          0.1649840148770397E-06
                          0.1662135633313387E-06
                          0.1671602534168385E-06
                          0.1798112410038635E-06
                          0.1693598545554201E-06
                          0.1704683393882256E-06
                          0.1715804931097062E-06
                          0.1726991190397831E-06
                          0.1738233365015232E-06
                          0.1749527669761239E-06
                          0.1760878127663947E-06
                          0.1772283930627547E-06
                          0.1783744886717707E-06
                          0.1795267404044585E-06
                          0.1806833733365699E-06
                          0.1818461806822282E-06
                          0.1830145843258997E-06
                          0.1841886152047567E-06
                          0.1853682858442894E-06
                          0.1865536153797742E-06
                          0.1877446196391665E-06
                          0.1889420077370748E-06
                          0.1901437283560904E-06
                          0.1918272951682100E-06
                          0.1926232172020038E-06
                          0.1937854121498693E-06
                          0.1950108613276456E-06
                          0.1962421053915546E-06
                          0.1974804568058937E-06
                          0.1987220576908599E-06
                          0.1999708177124042E-06
                          0.2012254542410128E-06
                          0.2024859848926368E-06
                          0.2037524287346116E-06
                          0.2050248040699747E-06
                          0.2063031403862089E-06
                          0.2075874228980654E-06
                          0.2088777035615691E-06
                          0.2101739897982171E-06
                          0.2114763002204668E-06
                          0.2127846536387057E-06
                          0.2140990683724175E-06
                          0.2154195630890174E-06
                          0.2167461618185760E-06
                          0.2180788683179677E-06
                          0.2194177162429962E-06
                          0.2207627197119229E-06
                          0.2221139133151619E-06
                          0.2234712665688326E-06
                          0.2248348484908808E-06
                          0.2262047347885301E-06
                          0.2276038917847038E-06
                          0.2289631596891097E-06
                          0.2303516734141076E-06
                          0.2317465989233755E-06
                          0.2331478510696299E-06
                          0.2345554465398588E-06
                          0.2359694292593743E-06
                          0.2373897555488720E-06
                          0.2388165284995066E-06
                          0.2428985494593371E-06
                          0.2416892779307823E-06
                          0.2431353852056280E-06
                          0.2445878922860796E-06
                          0.2460469381994573E-06
                          0.2475130155252507E-06
                          0.2489846989402864E-06
                          0.2504636476958471E-06
                          0.2519485506858127E-06
                          0.2534403803416096E-06
                          0.2549392375466296E-06
                          0.2569063486415882E-06
                          0.2579556891946847E-06
                          0.2673462892075239E-06
                          0.2609990967552449E-06
                          0.2625321646196719E-06
                          0.2640711792684166E-06
                          0.2656147625819608E-06
                          0.2671668342832231E-06
                          0.2687256996369644E-06
                          0.2702913866477046E-06
                          0.2718638870950762E-06
                          0.2734432722906983E-06
                          0.2750294779271623E-06
                          0.2766301052141281E-06
                          0.2782511135814856E-06
                          0.2798333158312998E-06
                          0.2814784757931739E-06
                          0.2830649050303749E-06
                          0.2846922821447836E-06
                          0.2863511084259926E-06
                          0.2879900882619191E-06
                          0.2896183058824181E-06
                          0.2912741115922117E-06
                          0.2929372477409532E-06
                          0.2946762307127486E-06
                          0.2962848760040079E-06
                          0.2979694091816666E-06
                          0.2996618857360926E-06
                          0.3048142835038077E-06
                          0.3030661285731766E-06
                          0.3047794747715911E-06
                          0.3065157071355138E-06
                          0.3082279659458037E-06
                          0.3099631659670856E-06
                          0.3117056113035204E-06
                          0.3134554358386442E-06
                          0.3152126157317975E-06
                          0.3169771739933858E-06
                          0.3187491311164971E-06
                          0.3205285054078037E-06
                          0.3223153203327088E-06
                          0.3241095947976965E-06
                          0.3259113509955044E-06
                          0.3277206078610692E-06
                          0.3295408170799851E-06
                          0.3313617111215185E-06
                          0.3333816216124270E-06
                          0.3350330726830629E-06
                          0.3368801496250406E-06
                          0.3387349126362276E-06
                          0.3405994471883646E-06
                          0.3424672296610487E-06
                          0.3446859977487467E-06
                          0.3462308353827282E-06
                          0.3481244238868428E-06
                          0.3500251555680539E-06
                          0.3519926766384822E-06
                          0.3551132832605257E-06
                          0.3557740650602078E-06
                          0.3577060137510701E-06
                          0.3596467687918086E-06
                          0.3615938870244100E-06
                          0.3635496443376032E-06
                          0.3655134581124176E-06
                          0.3674849875144544E-06
                          0.3694645863175056E-06
                          0.3714521818667184E-06
                          0.3734477815240806E-06
                          0.3754514136189531E-06
                          0.3774630984708751E-06
                          0.3794829043629369E-06
                          0.3815433542434938E-06
                          0.3835467011869939E-06
                          0.3855908338284764E-06
                          0.3876449619354669E-06
                          0.3897034923557597E-06
                          0.3917721430341589E-06
                          0.3938490176091680E-06
                          0.3959341462391214E-06
                          0.3980275286262208E-06
                          0.4001292087189028E-06
                          0.4022392007998921E-06
                          0.4043576427034614E-06
                          0.4064842087498830E-06
                          0.4086192685714771E-06
                          0.4107627284364809E-06
                          0.4129147257525285E-06
                          0.4150749343310653E-06
                          0.4172437252818550E-06
                          0.4194210042260351E-06
                          0.4216067932520846E-06
                          0.4238013232508880E-06
                          0.4260039901803703E-06
                          0.4282154428735021E-06
                          0.4304354943382350E-06
                          0.4326641657344520E-06
                          0.4349016871838900E-06
                          0.4371474849646878E-06
                          0.4394021676996295E-06
                          0.4416655117410205E-06
                          0.4439376365302359E-06
                          0.4462185194701283E-06
                          0.4485142643313146E-06
                          0.4508068814553689E-06
                          0.4531138797253172E-06
                          0.4555058185698641E-06
                          0.4577567857752159E-06
                          0.4600888363526060E-06
                          0.4624316062667029E-06
                          0.4647833276065830E-06
                          0.4671594912428065E-06
                          0.4695136816763882E-06
                          0.4718923327779963E-06
                          0.4744133409880611E-06
                          0.4766767649786016E-06
                          0.4790825777903093E-06
                          0.4814979703968750E-06
                          0.4839216464969095E-06
                          0.4863719166241841E-06
                          0.4887983482095170E-06
                          0.4912511536099226E-06
                          0.4937106553925165E-06
                          0.4961792217632210E-06
                          0.4986584396424983E-06
                          0.5011469366835339E-06
                          0.5036447411918634E-06
                          0.5061518609325373E-06
                          0.5086683346475146E-06
                          0.5111941798720228E-06
                          0.5137294202527352E-06
                          0.5162741627297159E-06
                          0.5188282106149741E-06
                          0.5213917746511042E-06
                          0.5239648016476621E-06
                          0.5265507490026377E-06
                          0.5291394652967492E-06
                          0.5317411246135240E-06
                          0.5343523765393699E-06
                          0.5369828565089274E-06
                          0.5396036892875297E-06
                          0.5422460680978770E-06
                          0.5448936229151556E-06
                          0.5475531274568153E-06
                          0.5502223570244256E-06
                          0.5529024514602556E-06
                          0.5555900774729814E-06
                          0.5582886178662925E-06
                          0.5609969768350657E-06
                          0.5637151780704208E-06
                          0.5664432473545251E-06
                          0.5691812022076852E-06
                          0.5719290728383727E-06
                          0.5746868810307058E-06
                          0.5774546506781615E-06
                          0.5802324093968987E-06
                          0.5830202063374129E-06
                          0.5858179683558293E-06
                          0.5886258238602310E-06
                          0.5914437621721442E-06
                          0.5942718036873385E-06
                          0.5971099762419970E-06
                          0.5999583044025429E-06
                          0.6028168390026068E-06
                          0.6056876723403971E-06
                          0.6085644527222534E-06
                          0.6114538155822563E-06
                          0.6143530925887163E-06
                          0.6172628518503550E-06
                          0.6201831646142408E-06
                          0.6231137790937198E-06
                          0.6260542039344292E-06
                          0.6290072155766302E-06
                          0.6319669997269166E-06
                          0.6349390643995822E-06
                          0.6379234976567598E-06
                          0.6409146390963580E-06
                          0.6439182658864329E-06
                          0.6469322951576558E-06
                          0.6500010044920183E-06
                          0.6529922239086164E-06
                          0.6560381046824913E-06
                          0.6590946285473235E-06
                          0.6621618204047891E-06
                          0.6652397050887438E-06
                          0.6683283311191355E-06
                          0.6714276520949389E-06
                          0.6745377641642180E-06
                          0.6776586912249813E-06
                          0.6807912013453293E-06
                          0.6839329536673050E-06
                          0.6870863843960037E-06
                          0.6902507073515712E-06
                          0.6934259478350053E-06
                          0.6966121299830279E-06
                          0.6998092798794709E-06
                          0.7030174223079414E-06
                          0.7062366039061927E-06
                          0.7094668001232612E-06
                          0.7127080567306296E-06
                          0.7159640294866437E-06
                          0.7192293134364586E-06
                          0.7224985318437855E-06
                          0.7257843284325443E-06
                          0.7290813216277073E-06
                          0.7323895320915044E-06
                          0.7357089879919941E-06
                          0.7390397163330519E-06
                          0.7423818204455167E-06
                          0.7457351225756787E-06
                          0.7490997804231833E-06
                          0.7524758473133305E-06
                          0.7558633129364823E-06
                          0.7592622159606112E-06
                          0.7626725439606494E-06
                          0.7660943584014566E-06
                          0.7695277129408692E-06
                          0.7729725230092838E-06
                          0.7764289173224792E-06
                          0.7798981877000002E-06
                          0.7833764721073447E-06
                          0.7868676863802862E-06
                          0.7903705494609251E-06
                          0.7938850984999975E-06
                          0.7974113683586483E-06
                          0.8009494185204487E-06
                          0.8044992414995092E-06
                          0.8080606355070406E-06
                          0.8116339873725837E-06
                          0.8152191732787752E-06
                          0.8188162293712003E-06
                          0.8224344216431948E-06
                          0.8260460278777448E-06
                          0.8296788317508990E-06
                          0.8333328156634796E-06
                          0.8369803690926456E-06
                          0.8406491578934900E-06
                          0.8443300769446343E-06
                          0.8480229059270478E-06
                          0.8517279186691049E-06
                          0.8554450570020162E-06
                          0.8591743497059471E-06
                          0.8629158244447056E-06
                          0.8666695017746354E-06
                          0.8704354141490381E-06
                          0.8742135861385208E-06
                          0.8780040443220659E-06
                          0.8818068208078564E-06
                          0.8856219257281943E-06
                          0.8894494022902023E-06
                          0.8932892715593280E-06
                          0.8971416084559705E-06
                          0.9010063474802215E-06
                          0.9048835046055153E-06
                          0.9087732116191131E-06
                          0.9126754463001983E-06
                          0.9165908108807216E-06
                          0.9205176173565692E-06
                          0.9244578324549871E-06
                          0.9284101896964184E-06
                          0.9323758302989068E-06
                          0.9363534214189010E-06
                          0.9403440967842080E-06
                          0.9443475145372264E-06
                          0.9483637074737390E-06
                          0.9523926857927518E-06
                          0.9564344936113218E-06
                          0.9604891526428622E-06
                          0.9645566891729433E-06
                          0.9686371315165836E-06
                          0.9727305349607884E-06
                          0.9768368416446251E-06
                          0.9809562404378528E-06
                          0.9850889869410724E-06
                          0.9892338920902993E-06
                          0.9933924047094033E-06
                          0.9975639163758107E-06
                          0.1001748546425460E-05
                          0.1005946366531903E-05
                          0.1010157383940232E-05
                          0.1014383827502343E-05
                          0.1018619164462354E-05
                          0.1022869722576093E-05
                          0.1027133723556907E-05
                          0.1031411033353200E-05
                          0.1035701732327621E-05
                          0.1040005718787313E-05
                          0.1044323157170194E-05
                          0.1048654259497693E-05
                          0.1052998322717537E-05
                          0.1057356122441675E-05
                          0.1061727434448447E-05
                          0.1066112285850253E-05
                          0.1070516241589164E-05
                          0.1074922720403816E-05
                          0.1079348359359070E-05
                          0.1083787650121458E-05
                          0.1088240620694498E-05
                          0.1092707324864746E-05
                          0.1097187713669543E-05
                          0.1101681892300228E-05
                          0.1106189863230452E-05
                          0.1110711654649598E-05
                          0.1115247294776118E-05
                          0.1119796811856996E-05
                          0.1124360234168218E-05
                          0.1128937591380949E-05
                          0.1133528907729048E-05
                          0.1138134216654436E-05
                          0.1142753542240249E-05
                          0.1147386915899726E-05
                          0.1152034366444654E-05
                          0.1156695918016681E-05
                          0.1161371605517286E-05
                          0.1166061450100523E-05
                          0.1170766011041470E-05
                          0.1175484982506603E-05
                          0.1180216241714378E-05
                          0.1184963044929494E-05
                          0.1189743829794549E-05
                          0.1194499513034483E-05
                          0.1199289287148680E-05
                          0.1204093452477016E-05
                          0.1208912216040394E-05
                          0.1213745074466157E-05
                          0.1218592578441567E-05
                          0.1223454593272817E-05
                          0.1228347017507224E-05
                          0.1233222285285208E-05
                          0.1238127961209350E-05
                          0.1243048287944760E-05
                          0.1247983265350991E-05
                          0.1252932922315759E-05
                          0.1257897287922873E-05
                          0.1262876391266919E-05
                          0.1267870262602544E-05
                          0.1272878927800939E-05
                          0.1277902419349467E-05
                          0.1282940765377430E-05
                          0.1287994002540139E-05
                          0.1293062137913778E-05
                          0.1298145223018155E-05
                          0.1303243315950847E-05
                          0.1308356442195866E-05
                          0.1313484425849758E-05
                          0.1318627573975018E-05
                          0.1323785811408128E-05
                          0.1328959921850347E-05
                          0.1334147672174447E-05
                          0.1339351354583882E-05
                          0.1344570244423475E-05
                          0.1349804371300543E-05
                          0.1355053764829295E-05
                          0.1360318454663156E-05
                          0.1365598470507048E-05
                          0.1370893842067698E-05
                          0.1376205142926774E-05
                          0.1381530771339394E-05
                          0.1386872388643102E-05
                          0.1392229480773320E-05
                          0.1397602102244254E-05
                          0.1402990209122641E-05
                          0.1408393966817088E-05
                          0.1413813195696138E-05
                          0.1419248205104881E-05
                          0.1424698680082713E-05
                          0.1430164936661890E-05
                          0.1435646905687582E-05
                          0.1441144699707508E-05
                          0.1446658121641360E-05
                          0.1452187395527867E-05
                          0.1457732530952169E-05
                          0.1463293516223261E-05
                          0.1468870404710069E-05
                          0.1474463243449987E-05
                          0.1480071989270313E-05
                          0.1485699914145062E-05
                          0.1491337519408423E-05
                          0.1497178121228365E-05
                          0.1502667237867420E-05
                          0.1508356243814417E-05
                          0.1514061388162619E-05
                          0.1519782701412492E-05
                          0.1525520323132322E-05
                          0.1531273956741756E-05
                          0.1537043959840051E-05
                          0.1542830277328560E-05
                          0.1548632927027457E-05
                          0.1554451869564449E-05
                          0.1560289432242400E-05
                          0.1566138963120231E-05
                          0.1572007166482473E-05
                          0.1577891851753450E-05
                          0.1583793044570305E-05
                          0.1589710772305917E-05
                          0.1595645069013579E-05
                          0.1601595964669334E-05
                          0.1607563496952430E-05
                          0.1613547675661725E-05
                          0.1619548555582860E-05
                          0.1625566153457549E-05
                          0.1631600746443648E-05
                          0.1637651646143829E-05
                          0.1643719790246647E-05
                          0.1649804402264922E-05
                          0.1655906081984692E-05
                          0.1662024671037695E-05
                          0.1668160200632132E-05
                          0.1674312702013772E-05
                          0.1680482206439628E-05
                          0.1686668967890531E-05
                          0.1692872349659482E-05
                          0.1699093067835003E-05
                          0.1705330881030605E-05
                          0.1711585870750431E-05
                          0.1717858051844718E-05
                          0.1724147456365916E-05
                          0.1730454163720988E-05
                          0.1736778187685717E-05
                          0.1743119364312993E-05
                          0.1749486623107071E-05
                          0.1755853918636077E-05
                          0.1762247348470403E-05
                          0.1768658178342712E-05
                          0.1775086489892236E-05
                          0.1781532855992585E-05
                          0.1787995699188316E-05
                          0.1794476647877119E-05
                          0.1800975185302110E-05
                          0.1807491344382302E-05
                          0.1814025187057899E-05
                          0.1820576732516764E-05
                          0.1827146051229836E-05
                          0.1833733031810381E-05
                          0.1840337859067932E-05
                          0.1846960512408557E-05
                          0.1853601023967295E-05
                          0.1860259431292864E-05
                          0.1866935756043254E-05
                          0.1873630110233053E-05
                          0.1880342294474933E-05
                          0.1887072578181335E-05
                          0.1893820913434474E-05
                          0.1900587332001681E-05
                          0.1907371868981209E-05
                          0.1914174562955917E-05
                          0.1920995744465468E-05
                          0.1927835064449728E-05
                          0.1934691995452866E-05
                          0.1941567402456417E-05
                          0.1948461309558821E-05
                          0.1955373558987481E-05
                          0.1962304183250904E-05
                          0.1969253216318325E-05
                          0.1976220686448114E-05
                          0.1983206630538665E-05
                          0.1990211079776153E-05
                          0.1997234066810536E-05
                          0.2004275624322205E-05
                          0.2011335785015226E-05
                          0.2018414581683063E-05
                          0.2025512046929678E-05
                          0.2032628214042104E-05
                          0.2039764712786565E-05
                          0.2046916798006780E-05
                          0.2054089251512516E-05
                          0.2061280552858946E-05
                          0.2068490720426072E-05
                          0.2075719791629711E-05
                          0.2082967783348175E-05
                          0.2090234746028753E-05
                          0.2097520706667342E-05
                          0.2104825742500351E-05
                          0.2112149753853623E-05
                          0.2119492906799079E-05
                          0.2126855227666372E-05
                          0.2134239812736385E-05
                          0.2141654029972404E-05
                          0.2149070641297380E-05
                          0.2156496292234760E-05
                          0.2163954726473736E-05
                          0.2171432494839871E-05
                          0.2178929617721841E-05
                          0.2186446156603433E-05
                          0.2193982096442822E-05
                          0.2201537514606364E-05
                          0.2209112429940978E-05
                          0.2216706981712501E-05
                          0.2224320886205463E-05
                          0.2231954494257986E-05
                          0.2239607733689254E-05
                          0.2247280638163526E-05
                          0.2254973681144689E-05
                          0.2262685576830996E-05
                          0.2270417678805300E-05
                          0.2278169604109655E-05
                          0.2285941314900505E-05
                          0.2293732919794460E-05
                          0.2301545606758449E-05
                          0.2309375859768284E-05
                          0.2317227267518494E-05
                          0.2325098678143885E-05
                          0.2332990236982902E-05
                          0.2340901693778127E-05
                          0.2348833267727713E-05
                          0.2356785066316475E-05
                          0.2364756988496308E-05
                          0.2372749105727385E-05
                          0.2380762025214202E-05
                          0.2388794365306139E-05
                          0.2396847115059447E-05
                          0.2404920425954361E-05
                          0.2413014155950916E-05
                          0.2421131971558300E-05
                          0.2429262764271444E-05
                          0.2437417792748470E-05
                          0.2445593336359648E-05
                          0.2453789429434379E-05
                          0.2462006106455592E-05
                          0.2470243403814786E-05
                          0.2478501405337106E-05
                          0.2486779985533899E-05
                          0.2495079378006658E-05
                          0.2503399455550673E-05
                          0.2511740383836192E-05
                          0.2520102725499435E-05
                          0.2528484753822145E-05
                          0.2536888169623595E-05
                          0.2545312579050887E-05
                          0.2553757978289488E-05
                          0.2562224336377761E-05
                          0.2570711746647633E-05
                          0.2579220229414362E-05
                          0.2587749853809321E-05
                          0.2596300531624838E-05
                          0.2604872426454323E-05
                          0.2613465529384315E-05
                          0.2622079875370626E-05
                          0.2630715499384949E-05
                          0.2639372461176976E-05
                          0.2648050730047449E-05
                          0.2656750389888181E-05
                          0.2665472569174851E-05
                          0.2674214016345387E-05
                          0.2682978044784403E-05
                          0.2691763596945752E-05
                          0.2700570708034412E-05
                          0.2709399413236137E-05
                          0.2718249747891274E-05
                          0.2727121747277460E-05
                          0.2736015655386271E-05
                          0.2744930881566257E-05
                          0.2753868087207889E-05
                          0.2762827101388076E-05
                          0.2771808040932873E-05
                          0.2780810683165365E-05
                          0.2789835326410218E-05
                          0.2798881917773842E-05
                          0.2807950667271110E-05
                          0.2817043583683388E-05
                          0.2826153737151085E-05
                          0.2835288631464050E-05
                          0.2844445554444515E-05
                          0.2853624543250138E-05
                          0.2862826688102040E-05
                          0.2872049054893641E-05
                          0.2881294784352569E-05
                          0.2890567342302535E-05
                          0.2899853197537579E-05
                          0.2909165944048989E-05
                          0.2918502832626509E-05
                          0.2927858716554229E-05
                          0.2937238812984643E-05
                          0.2946641430766814E-05
                          0.2956066603501428E-05
                          0.2965514369593118E-05
                          0.2974984764332563E-05
                          0.2984477823816527E-05
                          0.2993993619469668E-05
                          0.3003532081594609E-05
                          0.3013093352237387E-05
                          0.3022677449566999E-05
                          0.3032284358124288E-05
                          0.3041914167813806E-05
                          0.3051566902632191E-05
                          0.3061242577954208E-05
                          0.3070941244360439E-05
                          0.3080662943244011E-05
                          0.3090407706255816E-05
                          0.3100175569067379E-05
                          0.3109966568813750E-05
                          0.3119780741891061E-05
                          0.3129624836693107E-05
                          0.3139478760365796E-05
                          0.3149362665496786E-05
                          0.3159269896996627E-05
                          0.3169200484662361E-05
                          0.3179154465311733E-05
                          0.3189178821571328E-05
                          0.3199132752518026E-05
                          0.3209157131236189E-05
                          0.3219205050583642E-05
                          0.3229276569843288E-05
                          0.3239371656234147E-05
                          0.3249490416256435E-05
                          0.3259632863609581E-05
                          0.3269799035235062E-05
                          0.3279988968197981E-05
                          0.3290202770967008E-05
                          0.3300440274176257E-05
                          0.3310701704223311E-05
                          0.3320987058415160E-05
                          0.3331296346852400E-05
                          0.3341629625064101E-05
                          0.3351986924088095E-05
                          0.3362368281131576E-05
                          0.3372773740096667E-05
                          0.3383203318152242E-05
                          0.3393657074678983E-05
                          0.3404135082533481E-05
                          0.3414637240354838E-05
                          0.3425163728199915E-05
                          0.3435714535240623E-05
                          0.3446289741647449E-05
                          0.3456889256689530E-05
                          0.3467513245954471E-05
                          0.3478161704355817E-05
                          0.3488834669345366E-05
                          0.3499532178572240E-05
                          0.3510254286653217E-05
                          0.3521000979941075E-05
                          0.3531772347428893E-05
                          0.3542568409681158E-05
                          0.3553389204413314E-05
                          0.3564234769369147E-05
                          0.3575105142535377E-05
                          0.3586000361229244E-05
                          0.3596920463449928E-05
                          0.3607865487315297E-05
                          0.3618835470555431E-05
                          0.3629830454594766E-05
                          0.3640850466857040E-05
                          0.3651895557231297E-05
                          0.3662965758108565E-05
                          0.3674061155162613E-05
                          0.3685181642756023E-05
                          0.3696327413176016E-05
                          0.3707498430019862E-05
                          0.3718694757343147E-05
                          0.3729916424490687E-05
                          0.3741163469684597E-05
                          0.3752436183669365E-05
                          0.3763733847158016E-05
                          0.3775057287312843E-05
                          0.3786406195972920E-05
                          0.3797780705485500E-05
                          0.3809180822774945E-05
                          0.3820606599760524E-05
                          0.3832058034724916E-05
                          0.3843535206341864E-05
                          0.3855038140914590E-05
                          0.3866566911717639E-05
                          0.3878121445208515E-05
                          0.3889701894282290E-05
                          0.3901308259622906E-05
                          0.3912940579523528E-05
                          0.3924598892662653E-05
                          0.3936283237709586E-05
                          0.3947993653377701E-05
                          0.3959730178455977E-05
                          0.3971492914062037E-05
                          0.3983281711933740E-05
                          0.3995103455982327E-05
                          0.4006938148717469E-05
                          0.4018822642955868E-05
                          0.4030699799842550E-05
                          0.4042620617074030E-05
                          0.4054566976823526E-05
                          0.4066540265766936E-05
                          0.4078539991623953E-05
                          0.4090566331994398E-05
                          0.4102619156671702E-05
                          0.4114698643297201E-05
                          0.4126804784853368E-05
                          0.4138937630040839E-05
                          0.4151097189517109E-05
                          0.4163283603244148E-05
                          0.4175496685594295E-05
                          0.4187736691182513E-05
                          0.4200003583983360E-05
                          0.4212297412484759E-05
                          0.4224618202784200E-05
                          0.4236966005536465E-05
                          0.4249340873943826E-05
                          0.4261742872731543E-05
                          0.4274171859466570E-05
                          0.4286628256816273E-05
                          0.4299111529109859E-05
                          0.4311622212681580E-05
                          0.4324160181561786E-05
                          0.4336725500216732E-05
                          0.4349318133864547E-05
                          0.4361938196638748E-05
                          0.4374585703482536E-05
                          0.4387260694262597E-05
                          0.4399963208388855E-05
                          0.4412693286059820E-05
                          0.4425450970848725E-05
                          0.4438236291063378E-05
                          0.4451049299818833E-05
                          0.4463890028247343E-05
                          0.4476758533955515E-05
                          0.4489654817173707E-05
                          0.4502578957837160E-05
                          0.4515530977868570E-05
                          0.4528510922800164E-05
                          0.4541518830816327E-05
                          0.4554554742162895E-05
                          0.4567618708873398E-05
                          0.4580710735405898E-05
                          0.4593830897891177E-05
                          0.4606979224127948E-05
                          0.4620155778773359E-05
                          0.4633361081785411E-05
                          0.4646593606603642E-05
                          0.4659854995329844E-05
                          0.4673144728546073E-05
                          0.4686462889606813E-05
                          0.4699809490976652E-05
                          0.4713184655866023E-05
                          0.4726588208170422E-05
                          0.4740020400036001E-05
                          0.4753481185623912E-05
                          0.4766970631455612E-05
                          0.4780488766673596E-05
                          0.4794035656956140E-05
                          0.4807611270076575E-05
                          0.4821215721705959E-05
                          0.4834849037344694E-05
                          0.4848511228524478E-05
                          0.4862202346895860E-05
                          0.4875922452129335E-05
                          0.4889671602970649E-05
                          0.4903449752645886E-05
                          0.4917257026580025E-05
                          0.4931093440302670E-05
                          0.4944959034018634E-05
                          0.4958853848508351E-05
                          0.4972777957389628E-05
                          0.4986731311033454E-05
                          0.5000714026271976E-05
                          0.5014726134154427E-05
                          0.5028767821842113E-05
                          0.5042838669298778E-05
                          0.5056939177853703E-05
                          0.5071069236854393E-05
                          0.5085228886766991E-05
                          0.5099418169212472E-05
                          0.5113637124471985E-05
                          0.5127885794924694E-05
                          0.5142164221593497E-05
                          0.5156472445936156E-05
                          0.5170810509203443E-05
                          0.5185178486363905E-05
                          0.5199576318843271E-05
                          0.5214004270402286E-05
                          0.5228461982492738E-05
                          0.5242949863450909E-05
                          0.5257467890297687E-05
                          0.5272015931664603E-05
                          0.5286594202147178E-05
                          0.5301202698869765E-05
                          0.5315841424444561E-05
                          0.5330510459692788E-05
                          0.5345209833348669E-05
                          0.5359939587230112E-05
                          0.5374699763174426E-05
                          0.5389490403002848E-05
                          0.5404311548641418E-05
                          0.5419163241994242E-05
                          0.5434045525008448E-05
                          0.5448958440583416E-05
                          0.5463902031306905E-05
                          0.5478876498876051E-05
                          0.5493881393650718E-05
                          0.5508917314177463E-05
                          0.5523983958519266E-05
                          0.5539081618972786E-05
                          0.5554210059832995E-05
                          0.5569369547962734E-05
                          0.5584560035668879E-05
                          0.5599781580940780E-05
                          0.5615034222102590E-05
                          0.5630318062562349E-05
                          0.5645632959488351E-05
                          0.5660979140612890E-05
                          0.5676356586463774E-05
                          0.5691765407830516E-05
                          0.5707205441271375E-05
                          0.5722676935757017E-05
                          0.5738179864857469E-05
                          0.5753714271123050E-05
                          0.5769280197132791E-05
                          0.5784877685492244E-05
                          0.5800506778840883E-05
                          0.5816167519843633E-05
                          0.5831859951184990E-05
                          0.5847584115599726E-05
                          0.5863340055834708E-05
                          0.5879127814669067E-05
                          0.5894947439043476E-05
                          0.5910798961775361E-05
                          0.5926682431009054E-05
                          0.5942597895725004E-05
                          0.5958545387168651E-05
                          0.5974524957801785E-05
                          0.5990536646899796E-05
                          0.6006580498610542E-05
                          0.6022656554168392E-05
                          0.6038764858286139E-05
                          0.6054905453404899E-05
                          0.6071078382901355E-05
                          0.6087283695553530E-05
                          0.6103521416768918E-05
                          0.6119791607796080E-05
                          0.6136094305819849E-05
                          0.6152429554109644E-05
                          0.6168797396441635E-05
                          0.6185197990188315E-05
                          0.6201631033700414E-05
                          0.6218097336657870E-05
                          0.6234595566095140E-05
                          0.6251127330117385E-05
                          0.6267691340334891E-05
                          0.6284288551898504E-05
                          0.6300918704426326E-05
                          0.6317581841510926E-05
                          0.6334278006704790E-05
                          0.6351007243673370E-05
                          0.6367769596028528E-05
                          0.6384565107443401E-05
                          0.6401393880233863E-05
                          0.6418255782283925E-05
                          0.6435151034721669E-05
                          0.6452079618147204E-05
                          0.6469041581558793E-05
                          0.6486036965448548E-05
                          0.6503065816698934E-05
                          0.6520128175061584E-05
                          0.6537224224827420E-05
                          0.6554353598322852E-05
                          0.6571516840333106E-05
                          0.6588713603192944E-05
                          0.6605944168027269E-05
                          0.6623208493429433E-05
                          0.6640506652111372E-05
                          0.6657838670248422E-05
                          0.6675204595413766E-05
                          0.6692604470679419E-05
                          0.6710038340774294E-05
                          0.6727506260724746E-05
                          0.6745008239221778E-05
                          0.6762544496226549E-05
                          0.6780114646857017E-05
                          0.6797719152165134E-05
                          0.6815357917782363E-05
                          0.6833030987889632E-05
                          0.6850738407178864E-05
                          0.6868480220035414E-05
                          0.6886256471312615E-05
                          0.6904067204505701E-05
                          0.6921912465219519E-05
                          0.6939792297700414E-05
                          0.6957706746570391E-05
                          0.6975655856514429E-05
                          0.6993639673232860E-05
                          0.7011658238168948E-05
                          0.7029711599387506E-05
                          0.7047799907205590E-05
                          0.7065922888718766E-05
                          0.7084080913952299E-05
                          0.7102273891669317E-05
                          0.7120501901515030E-05
                          0.7138765000378670E-05
                          0.7157063156508278E-05
                          0.7175396499327778E-05
                          0.7193765028656468E-05
                          0.7212168808659369E-05
                          0.7230608022579831E-05
                          0.7249082292059640E-05
                          0.7267592246493800E-05
                          0.7286137270040589E-05
                          0.7304717946751761E-05
                          0.7323334138334824E-05
                          0.7341985894823476E-05
                          0.7360673247050285E-05
                          0.7379396301506784E-05
                          0.7398155134564566E-05
                          0.7416949479195311E-05
                          0.7435779634829649E-05
                          0.7454645698865366E-05
                          0.7473547639586692E-05
                          0.7492485667963306E-05
                          0.7511459336151184E-05
                          0.7530469183448524E-05
                          0.7549515088520480E-05
                          0.7568597099594799E-05
                          0.7587715261153338E-05
                          0.7606869619119445E-05
                          0.7626060218967892E-05
                          0.7645287106482394E-05
                          0.7664550327343508E-05
                          0.7683849927298618E-05
                          0.7703185952147725E-05
                          0.7722558447608492E-05
                          0.7741967459595636E-05
                          0.7761413033941563E-05
                          0.7780895216994598E-05
                          0.7800414053286938E-05
                          0.7819969590150523E-05
                          0.7839561928709744E-05
                          0.7859190948131993E-05
                          0.7878856883269472E-05
                          0.7898559658616945E-05
                          0.7918299386219117E-05
                          0.7938076090223382E-05
                          0.7957889817422153E-05
                          0.7977740611970863E-05
                          0.7997628522122653E-05
                          0.8017553593424289E-05
                          0.8037515872137654E-05
                          0.8057515409635099E-05
                          0.8077552236993077E-05
                          0.8097626415839910E-05
                          0.8117737987363147E-05
                          0.8137886998077720E-05
                          0.8158073494382438E-05
                          0.8178297522741114E-05
                          0.8198559129646190E-05
                          0.8218858361946467E-05
                          0.8239195265209955E-05
                          0.8259569889783888E-05
                          0.8279982273589780E-05
                          0.8300432471624577E-05
                          0.8320920527803724E-05
                          0.8341446488704307E-05
                          0.8362010401200857E-05
                          0.8382612311900992E-05
                          0.8403252267692952E-05
                          0.8423930428202820E-05
                          0.8444646501706938E-05
                          0.8465400873632742E-05
                          0.8486193478022950E-05
                          0.8507024361802191E-05
                          0.8527893572179903E-05
                          0.8548801155364201E-05
                          0.8569747159140754E-05
                          0.8590731633240598E-05
                          0.8611754615881080E-05
                          0.8632816163009555E-05
                          0.8653916318801958E-05
                          0.8675055210220126E-05
                          0.8696232645024325E-05
                          0.8717448909849612E-05
                          0.8738703972129547E-05
                          0.8759997881772749E-05
                          0.8781330678157902E-05
                          0.8802702416532626E-05
                          0.8824113141612529E-05
                          0.8845562900782290E-05
                          0.8867051741455452E-05
                          0.8888579711074097E-05
                          0.8910146857109325E-05
                          0.8931753227328960E-05
                          0.8953398868457717E-05
                          0.8975083828856806E-05
                          0.8996808162129636E-05
                          0.9018571897035001E-05
                          0.9040375100072959E-05
                          0.9062217812630448E-05
                          0.9084100082413363E-05
                          0.9106021957137919E-05
                          0.9127983484576673E-05
                          0.9149984712512707E-05
                          0.9172025690430343E-05
                          0.9194106461170556E-05
                          0.9216227077611536E-05
                          0.9238387585987829E-05
                          0.9260588034230944E-05
                          0.9282828470301161E-05
                          0.9305108942187451E-05
                          0.9327429500340245E-05
                          0.9349790185508639E-05
                          0.9372191053065191E-05
                          0.9394632148681688E-05
                          0.9417113520524921E-05
                          0.9439635216655523E-05
                          0.9462197285364901E-05
                          0.9484799774838659E-05
                          0.9507442733325154E-05
                          0.9530126244040101E-05
                          0.9552850250470561E-05
                          0.9575614905770066E-05
                          0.9598420223361942E-05
                          0.9621266251638101E-05
                          0.9644153039019277E-05
                          0.9667080633954938E-05
                          0.9690049084923355E-05
                          0.9713058440431576E-05
                          0.9736108749015418E-05
                          0.9759200059239470E-05
                          0.9782332419697131E-05
                          0.9805505879010545E-05
                          0.9828720485830651E-05
                          0.9851976288837158E-05
                          0.9875273336738564E-05
                          0.9898611678272123E-05
                          0.9921991362203905E-05
                          0.9945412437328729E-05
                          0.9968874952470181E-05
                          0.9992378956480672E-05
                          0.1001592449824136E-04
                          0.1003951162666216E-04
                          0.1006314039068182E-04
                          0.1008681083926782E-04
                          0.1011052302141644E-04
                          0.1013427698615272E-04
                          0.1015807278253051E-04
                          0.1018191045963242E-04
                          0.1020579006656983E-04
                          0.1022971165248291E-04
                          0.1025367526654060E-04
                          0.1027768095794062E-04
                          0.1030172877590948E-04
                          0.1032581876970247E-04
                          0.1034995098860363E-04
                          0.1037412548192580E-04
                          0.1039834229901061E-04
                          0.1042260148922843E-04
                          0.1044690310197845E-04
                          0.1047124718668861E-04
                          0.1049563379281564E-04
                          0.1052006296984505E-04
                          0.1054453476729113E-04
                          0.1056904923469693E-04
                          0.1059360642163429E-04
                          0.1061820637770385E-04
                          0.1064284915253500E-04
                          0.1066753479578591E-04
                          0.1069226335714354E-04
                          0.1071703488632362E-04
                          0.1074184943307067E-04
                          0.1076670704715796E-04
                          0.1079160777838758E-04
                          0.1081655167659037E-04
                          0.1084153879162596E-04
                          0.1086656917338274E-04
                          0.1089164287177791E-04
                          0.1091675993675742E-04
                          0.1094192041829600E-04
                          0.1096712436639718E-04
                          0.1099237183109324E-04
                          0.1101766286244528E-04
                          0.1104299751054312E-04
                          0.1106837582550543E-04
                          0.1109379785747958E-04
                          0.1111926365664177E-04
                          0.1114477327319697E-04
                          0.1117032675737892E-04
                          0.1119592415945014E-04
                          0.1122156552970192E-04
                          0.1124725091845438E-04
                          0.1127298037605633E-04
                          0.1129875395288543E-04
                          0.1132457169934809E-04
                          0.1135043366587948E-04
                          0.1137633990294361E-04
                          0.1140229046103320E-04
                          0.1142828539066977E-04
                          0.1145432474240366E-04
                          0.1148040856681393E-04
                          0.1150653691450844E-04
                          0.1153270983612384E-04
                          0.1155892738232554E-04
                          0.1158518960380776E-04
                          0.1161149655129344E-04
                          0.1163784827553435E-04
                          0.1166424482731102E-04
                          0.1169068625743278E-04
                          0.1171717261673768E-04
                          0.1174370395609262E-04
                          0.1177028032639323E-04
                          0.1179690177856395E-04
                          0.1182356836355796E-04
                          0.1185028013235725E-04
                          0.1187703713597258E-04
                          0.1190383942544348E-04
                          0.1193068705183828E-04
                          0.1195758006625407E-04
                          0.1198451851981671E-04
                          0.1201150246368087E-04
                          0.1203853194902994E-04
                          0.1206560702707618E-04
                          0.1209272774906054E-04
                          0.1211989416625279E-04
                          0.1214710632995147E-04
                          0.1217436429148391E-04
                          0.1220166810220622E-04
                          0.1222901781350324E-04
                          0.1225641347678867E-04
                          0.1228385514350490E-04
                          0.1231134286512318E-04
                          0.1233887669314347E-04
                          0.1236645667909455E-04
                          0.1239408287453398E-04
                          0.1242175533104808E-04
                          0.1244947410025194E-04
                          0.1247723923378946E-04
                          0.1250505078333329E-04
                          0.1253290880058486E-04
                          0.1256081333727441E-04
                          0.1258876444516092E-04
                          0.1261676217603216E-04
                          0.1264480658170470E-04
                          0.1267289771402387E-04
                          0.1270103562486376E-04
                          0.1272922036612727E-04
                          0.1275745198974605E-04
                          0.1278573054768056E-04
                          0.1281405609192003E-04
                          0.1284242867448243E-04
                          0.1287084834741458E-04
                          0.1289931516279201E-04
                          0.1292782917271906E-04
                          0.1295639042932884E-04
                          0.1298499898478326E-04
                          0.1301365489127297E-04
                          0.1304235820101743E-04
                          0.1307110896626486E-04
                          0.1309990723929228E-04
                          0.1312875307240547E-04
                          0.1315764651793898E-04
                          0.1318658762825614E-04
                          0.1321557645574911E-04
                          0.1324461305283875E-04
                          0.1327369747197476E-04
                          0.1330282976563558E-04
                          0.1333200998632847E-04
                          0.1336123818658938E-04
                          0.1339051441898315E-04
                          0.1341983873610334E-04
                          0.1344921119057229E-04
                          0.1347863183504112E-04
                          0.1350810072218974E-04
                          0.1353761790472683E-04
                          0.1356718343538983E-04
                          0.1359679736694501E-04
                          0.1362645975218738E-04
                          0.1365617064394071E-04
                          0.1368593009505759E-04
                          0.1371573815841935E-04
                          0.1374559488693616E-04
                          0.1377550033354690E-04
                          0.1380545455121925E-04
                          0.1383545759294969E-04
                          0.1386550951176346E-04
                          0.1389561036071457E-04
                          0.1392576019288583E-04
                          0.1395595906138882E-04
                          0.1398620701936389E-04
                          0.1401650411998017E-04
                          0.1404685041643558E-04
                          0.1407724596195681E-04
                          0.1410769080979933E-04
                          0.1413818501324737E-04
                          0.1416872862561399E-04
                          0.1419932170024096E-04
                          0.1422996429049890E-04
                          0.1426065644978714E-04
                          0.1429139823153382E-04
                          0.1432218968919588E-04
                          0.1435303087625898E-04
                          0.1438392184623764E-04
                          0.1441486265267508E-04
                          0.1444585334914334E-04
                          0.1447689398924322E-04
                          0.1450798462660433E-04
                          0.1453912531488502E-04
                          0.1457031610777244E-04
                          0.1460155705898251E-04
                          0.1463284822225993E-04
                          0.1466418965137819E-04
                          0.1469558140013953E-04
                          0.1472702352237499E-04
                          0.1475851607194439E-04
                          0.1479005910273634E-04
                          0.1482165266866818E-04
                          0.1485329682368606E-04
                          0.1488499162176494E-04
                          0.1491673711690851E-04
                          0.1494853336314923E-04
                          0.1498038041454840E-04
                          0.1501227832519605E-04
                          0.1504422714921098E-04
                          0.1507622694074081E-04
                          0.1510827775396190E-04
                          0.1514037964307943E-04
                          0.1517253266232731E-04
                          0.1520473686596824E-04
                          0.1523699230829375E-04
                          0.1526929904362406E-04
                          0.1530165712630827E-04
                          0.1533406661072415E-04
                          0.1536652755127835E-04
                          0.1539904000240622E-04
                          0.1543160401857192E-04
                          0.1546421965426841E-04
                          0.1549688696401737E-04
                          0.1552960600236936E-04
                          0.1556237682390358E-04
                          0.1559519948322812E-04
                          0.1562807403497980E-04
                          0.1566100053382425E-04
                          0.1569397903445580E-04
                          0.1572700959159766E-04
                          0.1576009226000178E-04
                          0.1579322709444886E-04
                          0.1582641414974840E-04
                          0.1585965348073869E-04
                          0.1589294514228677E-04
                          0.1592628918928848E-04
                          0.1595968567666844E-04
                          0.1599313465938004E-04
                          0.1602663619240545E-04
                          0.1606019033075562E-04
                          0.1609379712947027E-04
                          0.1612745664361791E-04
                          0.1616116892829581E-04
                          0.1619493403863004E-04
                          0.1622875202977546E-04
                          0.1626262295691565E-04
                          0.1629654687526303E-04
                          0.1633052384005877E-04
                          0.1636455390657284E-04
                          0.1639863713010394E-04
                          0.1643277356597958E-04
                          0.1646696326955609E-04
                          0.1650120629621850E-04
                          0.1653550270138065E-04
                          0.1656985254048520E-04
                          0.1660425586900352E-04
                          0.1663871274243579E-04
                          0.1667322321631098E-04
                          0.1670778734618683E-04
                          0.1674240518764984E-04
                          0.1677707679631533E-04
                          0.1681180222782734E-04
                          0.1684658153785874E-04
                          0.1688141478211113E-04
                          0.1691630201631495E-04
                          0.1695124329622939E-04
                          0.1698623867764237E-04
                          0.1702128821637067E-04
                          0.1705639196825979E-04
                          0.1709154998918405E-04
                          0.1712676233504650E-04
                          0.1716202906177900E-04
                          0.1719735022534222E-04
                          0.1723272588172551E-04
                          0.1726815608694711E-04
                          0.1730364089705397E-04
                          0.1733918036812182E-04
                          0.1737477455625521E-04
                          0.1741042351758744E-04
                          0.1744612730828058E-04
                          0.1748188598452551E-04
                          0.1751769960254184E-04
                          0.1755356821857800E-04
                          0.1758949188891120E-04
                          0.1762547066984740E-04
                          0.1766150461772135E-04
                          0.1769759378889657E-04
                          0.1773373823976539E-04
                          0.1776993802674890E-04
                          0.1780619320629692E-04
                          0.1784250383488814E-04
                          0.1787886996902998E-04
                          0.1791529166525863E-04
                          0.1795176898013903E-04
                          0.1798830197026500E-04
                          0.1802489069225905E-04
                          0.1806153520277248E-04
                          0.1809823555848540E-04
                          0.1813499181610667E-04
                          0.1817180403237394E-04
                          0.1820867226405365E-04
                          0.1824559656794097E-04
                          0.1828257700085992E-04
                          0.1831961361966326E-04
                          0.1835670648123251E-04
                          0.1839385564247798E-04
                          0.1843106116033880E-04
                          0.1846832309178282E-04
                          0.1850564149380671E-04
                          0.1854301642343592E-04
                          0.1858044793772460E-04
                          0.1861793609375578E-04
                          0.1865548094864122E-04
                          0.1869308255952147E-04
                          0.1873074098356586E-04
                          0.1876845627797247E-04
                          0.1880622849996818E-04
                          0.1884405770680868E-04
                          0.1888194395577837E-04
                          0.1891988730419050E-04
                          0.1895788780938704E-04
                          0.1899594552873875E-04
                          0.1903406051964522E-04
                          0.1907223283953474E-04
                          0.1911046254586445E-04
                          0.1914874969612021E-04
