 Adiabat temperature at each layer [K]
    358.6320
    353.3248
    348.4269
    343.9057
    339.7250
    335.8466
    332.2316
    328.8411
    325.6380
    322.5876
    319.6579
    316.8198
    314.0477
    311.3184
    308.6119
    305.9102
    303.1974
    300.4595
    297.6835
    294.8577
    291.9709
    289.0124
    285.9718
    282.8387
    279.6024
    276.2519
    272.7852
    269.2505
    265.5459
    261.6574
    257.5700
    253.2685
    248.7373
    243.9597
    238.9180
    233.5928
    227.9614
    221.9967
    215.6648
    208.9218
    201.7100
    193.9517
    185.5401
    176.3244
    166.0831
    154.4715
    149.9982
    149.9982
    149.9982
    149.9982
