 Temperature at each level [K]
    361.3228
    357.1293
    352.5928
    348.4015
    344.5288
    340.9441
    337.6146
    334.5067
    331.3874
    327.6251
    323.3904
    319.3567
    315.7276
    312.6830
    309.9651
    307.2610
    304.5538
    301.8285
    299.0715
    296.2706
    293.4143
    290.4916
    287.4921
    284.4053
    281.2206
    277.9272
    274.5186
    271.0179
    267.3982
    263.6016
    259.6137
    255.4193
    251.0029
    246.3485
    241.4389
    236.2554
    230.7771
    225.1753
    220.8695
    217.3025
    213.6727
    210.1727
    207.2727
    205.6727
    203.9727
    199.7346
    197.1902
    194.0651
    187.7914
    171.4642
    157.8919
