 Adiabat temperature at each level [K]
    361.3228
    355.9784
    350.8759
    346.1663
    341.8153
    337.7858
    334.0391
    330.5363
    327.2396
    324.1128
    321.1228
    318.2389
    315.4338
    312.6830
    309.9651
    307.2610
    304.5538
    301.8285
    299.0715
    296.2706
    293.4143
    290.4916
    287.4921
    284.4053
    281.2206
    277.9272
    274.5186
    271.0179
    267.3982
    263.6016
    259.6137
    255.4193
    251.0029
    246.3485
    241.4389
    236.2554
    230.7771
    224.9790
    218.8307
    212.2933
    205.3159
    197.8308
    189.7459
    180.9322
    171.2038
    160.2773
    152.2349
    149.9982
    149.9982
    149.9982
    149.9982
