 Surface temperature vs. time [K]
    269.9708
    279.9708
    284.9708
    288.3041
    290.8041
    292.8041
    294.4708
    295.8994
    297.1494
    298.2605
    299.2605
    300.1696
    301.0029
    301.7721
    302.4864
    303.1531
    303.7781
    304.3663
    304.9219
    305.4482
    305.9482
    306.4244
    306.8789
    307.3137
    307.7304
    308.1304
    308.5150
    308.8854
    309.2425
    309.5873
    309.9207
    310.2432
    310.5557
    310.8588
    311.1529
    311.4386
    311.7164
    311.9867
    312.2498
    312.5062
    312.7562
    313.0001
    313.2382
    313.4708
    313.6980
    313.9203
    314.1377
    314.3504
    314.5588
    314.7628
    314.9628
    315.1589
    315.3512
    315.5399
    315.7251
    315.9069
    316.0855
    316.2609
    316.4333
    316.6028
    316.7695
    316.9334
    317.0947
    317.2534
    317.4097
    317.5635
    317.7151
    317.8643
    318.0114
    318.1563
    318.2992
    318.4400
    318.5789
    318.7159
    318.8510
    318.9843
    319.1159
    319.2458
    319.3740
    319.5006
    319.6256
    319.7490
    319.8710
    319.9915
    320.1105
    320.2282
    320.3444
    320.4594
    320.5730
    320.6854
    320.7965
    320.9064
    321.0151
    321.1226
    321.2290
    321.3343
    321.4384
    321.5415
    321.6436
    321.7446
    321.8446
    321.9446
    322.0446
    322.1446
    322.2446
    322.3446
    322.4446
    322.5446
    322.6446
    322.7446
    322.8446
    322.9446
    323.0446
    323.1446
    323.2446
    323.3446
    323.4446
    323.5446
    323.6446
    323.7446
    323.8446
    323.9446
    324.0446
    324.1446
    324.2446
    324.3446
    324.4446
    324.5446
    324.6446
    324.7446
    324.8446
    324.9446
    325.0446
    325.1446
    325.2446
    325.3446
    325.4446
    325.5446
    325.6446
    325.7446
    325.8446
    325.9446
    326.0446
    326.1446
    326.2446
    326.3446
    326.4446
    326.5446
    326.6446
    326.7446
    326.8446
    326.9446
    327.0446
    327.1446
    327.2446
    327.3446
    327.4446
    327.5446
    327.6446
    327.7446
    327.8446
    327.9446
    328.0446
    328.1446
    328.2446
    328.3446
    328.4446
    328.5446
    328.6446
    328.7446
    328.8446
    328.9446
    329.0446
    329.1446
    329.2446
    329.3446
    329.4446
    329.5446
    329.6446
    329.7446
    329.8446
    329.9446
    330.0446
    330.1446
    330.2446
    330.3446
    330.4446
    330.5446
    330.6446
    330.7446
    330.8446
    330.9446
    331.0446
    331.1446
    331.2446
    331.3446
    331.4446
    331.5446
    331.6446
    331.7446
    331.8446
    331.9446
    332.0446
    332.1446
    332.2446
    332.3446
    332.4446
    332.5446
    332.6446
    332.7446
    332.8446
    332.9446
    333.0446
    333.1446
    333.2446
    333.3446
    333.4446
    333.5446
    333.6446
    333.7446
    333.8446
    333.9446
    334.0446
    334.1446
    334.2446
    334.3446
    334.4446
    334.5446
    334.6446
    334.7446
    334.8446
    334.9446
    335.0446
    335.1446
    335.2446
    335.3446
    335.4446
    335.5446
    335.6446
    335.7446
    335.8446
    335.9446
    336.0446
    336.1446
    336.2446
    336.3446
    336.4446
    336.5446
    336.6446
    336.7446
    336.8446
    336.9446
    337.0446
    337.1446
    337.2446
    337.3446
    337.4446
    337.5446
    337.6446
    337.7446
    337.8446
    337.9446
    338.0446
    338.1446
    338.2446
    338.3446
    338.4446
    338.5446
    338.6446
    338.7446
    338.8446
    338.9446
    339.0446
    339.1446
    339.2446
    339.3446
    339.4446
    339.5446
    339.6446
    339.7446
    339.8446
    339.9446
    340.0446
    340.1446
    340.2446
    340.3446
    340.4446
    340.5446
    340.6446
    340.7446
    340.8446
    340.9446
    341.0446
    341.1446
    341.2446
    341.3446
    341.4446
    341.5446
    341.6446
    341.7446
    341.8446
    341.9446
    342.0446
    342.1446
    342.2446
    342.3446
    342.4446
    342.5446
    342.6446
    342.7446
    342.8446
    342.9446
    343.0446
    343.1446
    343.2446
    343.3446
    343.4446
    343.5446
    343.6446
    343.7446
    343.8446
    343.9446
    344.0446
    344.1446
    344.2446
    344.3446
    344.4446
    344.5446
    344.6446
    344.7446
    344.8446
    344.9446
    345.0446
    345.1446
    345.2446
    345.3446
    345.4446
    345.5446
    345.6446
    345.7446
    345.8446
    345.9446
    346.0446
    346.1446
    346.2446
    346.3446
    346.4446
    346.5446
    346.6446
    346.7446
    346.8446
    346.9446
    347.0446
    347.1446
    347.2446
    347.3446
    347.4446
    347.5446
    347.6446
    347.7446
    347.8446
    347.9446
    348.0446
    348.1446
    348.2446
    348.3446
    348.4446
    348.5446
    348.6446
    348.7446
    348.8446
    348.9446
    349.0446
    349.1446
    349.2446
    349.3446
    349.4446
    349.5446
    349.6446
    349.7446
    349.8446
    349.9446
    350.0446
    350.1446
    350.2446
    350.3446
    350.4446
    350.5446
    350.6446
    350.7446
    350.8446
    350.9446
    351.0446
    351.1446
    351.2446
    351.3446
    351.4446
    351.5446
    351.6446
    351.7446
    351.8446
    351.9446
    352.0446
    352.1446
    352.2446
    352.3446
    352.4446
    352.5446
    352.6446
    352.7446
    352.8446
    352.9446
    353.0446
    353.1446
    353.2446
    353.3446
    353.4446
    353.5446
    353.6446
    353.7446
    353.8446
    353.9446
    354.0446
    354.1446
    354.2446
    354.3446
    354.4446
    354.5446
    354.6446
    354.7446
    354.8446
    354.9446
    355.0446
    355.1446
    355.2446
    355.3446
    355.4446
    355.5446
    355.6446
    355.7446
    355.8446
    355.9446
    356.0446
    356.1446
    356.2446
    356.3446
    356.4446
    356.5446
    356.6446
    356.7446
    356.8446
    356.9446
    357.0446
    357.1446
    357.2446
    357.3446
    357.4446
    357.5446
    357.6446
    357.7446
    357.8446
    357.9446
    358.0446
    358.1446
    358.2446
    358.3446
    358.4446
    358.5446
    358.6446
    358.7446
    358.8446
    358.9446
    359.0446
    359.1446
    359.2446
    359.3446
    359.4446
    359.5446
    359.6446
    359.7446
    359.8446
    359.9446
    360.0446
    360.1446
    360.2446
    360.3446
    360.4446
    360.5446
    360.6446
    360.7446
    360.8446
    360.9446
    361.0446
    361.1446
    361.2446
    361.3446
    361.4446
    361.5446
    361.6446
    361.7446
