 Flux gradient shortwave
       -1.3465
       -1.5924
       -1.9731
       -2.3981
       -2.8015
       -3.1247
       -3.3687
       -3.6072
       -3.9954
       -4.8993
       -7.3594
      -10.0884
       -7.8878
       -6.0893
       -5.0691
       -4.5794
       -4.4063
       -4.5050
       -4.6665
       -4.8339
       -5.0643
       -5.2320
       -5.6200
       -6.2870
       -7.2373
       -7.6244
       -7.9974
       -6.3852
       -3.8470
       -2.6405
       -2.0449
       -1.6846
       -1.5041
       -1.4096
       -1.3533
       -1.3082
       -1.2545
       -1.1982
       -1.1624
       -1.1952
       -1.3441
       -1.4661
       -1.3513
       -1.0365
       -0.9873
       -1.3521
       -0.9505
       -0.5921
       -0.1961
       -0.0025
