 Shortwave heating rate [K/s]
  0.7860E-05
  0.1150E-04
  0.1749E-04
  0.2586E-04
  0.3639E-04
  0.4836E-04
  0.6142E-04
  0.7657E-04
  0.9759E-04
  0.1361E-03
  0.2302E-03
  0.3517E-03
  0.3038E-03
  0.2573E-03
  0.2335E-03
  0.2288E-03
  0.2379E-03
  0.2621E-03
  0.2921E-03
  0.3252E-03
  0.3660E-03
  0.4065E-03
  0.4699E-03
  0.5665E-03
  0.7043E-03
  0.8035E-03
  0.9153E-03
  0.7965E-03
  0.5251E-03
  0.3962E-03
  0.3390E-03
  0.3102E-03
  0.3097E-03
  0.3269E-03
  0.3563E-03
  0.3947E-03
  0.4384E-03
  0.4910E-03
  0.5668E-03
  0.7055E-03
  0.9811E-03
  0.1358E-02
  0.1642E-02
  0.1726E-02
  0.2391E-02
  0.5202E-02
  0.6693E-02
  0.9973E-02
  0.1624E-01
  0.1258E-01
