 Rayleigh Transmission
                          0.9999999999999609E+00
                          0.9999999999939686E+00
                          0.9999999999932758E+00
                          0.9999999999354613E+00
                          0.9999999998080552E+00
                          0.9999999999039370E+00
                          0.9999999994428507E+00
                          0.9999999997823419E+00
                          0.9999999999626996E+00
                          0.9999999996357494E+00
                          0.9999999999927142E+00
                          0.9999999922594347E+00
                          0.9999999756470792E+00
                          0.9999999999991093E+00
                          0.9999999999996477E+00
                          0.9999999999930448E+00
                          0.9999999999998920E+00
                          0.9999999999965898E+00
                          0.9999999999998515E+00
                          0.9999999999995124E+00
                          0.9999999999997020E+00
                          0.9999999999992656E+00
                          0.9999999999957996E+00
                          0.9999999998842963E+00
                          0.9999999933450429E+00
                          0.9999999818045048E+00
                          0.9999986435528783E+00
                          0.9999918072416971E+00
                          0.9999999438993891E+00
                          0.9999999918502159E+00
                          0.9999999842498251E+00
                          0.9999999999983610E+00
                          0.9999999999949789E+00
                          0.9999999999983591E+00
                          0.9999999999945095E+00
                          0.9999999999979644E+00
                          0.9999999999977199E+00
                          0.9999999999974427E+00
                          0.9999999999954942E+00
                          0.9999999999964503E+00
                          0.9999999999965314E+00
                          0.9999999999961564E+00
                          0.9999999999949529E+00
                          0.9999999999939908E+00
                          0.9999999999949263E+00
                          0.9999999999944533E+00
                          0.9999999999938231E+00
                          0.9999999999934004E+00
                          0.9999999999928185E+00
                          0.9999999999912674E+00
                          0.9999999999399908E+00
                          0.9999999999572151E+00
                          0.9999998549552738E+00
                          0.9999999999865753E+00
                          0.9999999999587526E+00
                          0.9999999996400619E+00
                          0.9999999999845146E+00
                          0.9999999999856169E+00
                          0.9999999999842555E+00
                          0.9999999999819905E+00
                          0.9999999999804835E+00
                          0.9999999999795985E+00
                          0.9999999999753262E+00
                          0.9999999999077224E+00
                          0.9999999999766624E+00
                          0.9999999999715750E+00
                          0.9999999999206466E+00
                          0.9999999999698647E+00
                          0.9999999999623022E+00
                          0.9999999999674978E+00
                          0.9999999999659963E+00
                          0.9999999999650330E+00
                          0.9999999999633375E+00
                          0.9999999997601676E+00
                          0.9999999999576721E+00
                          0.9999999650919618E+00
                          0.9998991262391649E+00
                          0.9999999997903058E+00
                          0.9999999999306424E+00
                          0.9999999999455128E+00
                          0.9999999999413568E+00
                          0.9999999916289978E+00
                          0.9999999915600325E+00
                          0.9999975048960451E+00
                          0.9999956021616392E+00
                          0.9999999999230655E+00
                          0.9999999999260241E+00
                          0.9999999999226279E+00
                          0.9999999999188803E+00
                          0.9999999998197949E+00
                          0.9999999582350678E+00
                          0.9994227419036696E+00
                          0.9901091032961187E+00
                          0.9999478697194011E+00
                          0.9998936005715101E+00
                          0.9999983492730434E+00
                          0.9999999997316238E+00
                          0.9999999998804044E+00
                          0.9999999998753327E+00
                          0.9999999998198413E+00
                          0.9999999996213375E+00
                          0.9999999998552440E+00
                          0.9999999998518847E+00
                          0.9999998345063155E+00
                          0.9999999997416932E+00
                          0.9999999996780574E+00
                          0.9999999998268274E+00
                          0.9999999998229113E+00
                          0.9999999998162313E+00
                          0.9999999998090574E+00
                          0.9999999997981057E+00
                          0.9999999997934710E+00
                          0.9999999997875528E+00
                          0.9999999997799104E+00
                          0.9999999997720206E+00
                          0.9999999997639331E+00
                          0.9999999997556132E+00
                          0.9999999997470842E+00
                          0.9999999997379718E+00
                          0.9999999996944425E+00
                          0.9999999924121178E+00
                          0.9999999997097341E+00
                          0.9999999997008371E+00
                          0.9999999920556459E+00
                          0.9999999996771360E+00
                          0.9999999957313841E+00
                          0.9999999996590110E+00
                          0.9999999996482906E+00
                          0.9999999996347377E+00
                          0.9999999996249552E+00
                          0.9999999996145266E+00
                          0.9999999996022145E+00
                          0.9999999995879506E+00
                          0.9999999571345913E+00
                          0.9999999944179577E+00
                          0.9999999995507798E+00
                          0.9999999994694652E+00
                          0.9999999984586159E+00
                          0.9999999995054041E+00
                          0.9999999994448022E+00
                          0.9999999977093051E+00
                          0.9999999904033527E+00
                          0.9999840832752855E+00
                          0.9999999636519524E+00
                          0.9999990172911581E+00
                          0.9999982313674273E+00
                          0.9999999877963434E+00
                          0.9998870924287565E+00
                          0.9999989971511081E+00
                          0.9999944945357158E+00
                          0.9999999977170956E+00
                          0.9999999992873877E+00
                          0.9999999992266001E+00
                          0.9999999992511046E+00
                          0.9999999564525280E+00
                          0.9999999992195533E+00
                          0.9999999991999634E+00
                          0.9999999991799974E+00
                          0.9999999991561345E+00
                          0.9999999991337467E+00
                          0.9999999783207584E+00
                          0.9999999990620825E+00
                          0.9999999990707569E+00
                          0.9999999990476069E+00
                          0.9999999990239004E+00
                          0.9999999990000056E+00
                          0.9999994317891613E+00
                          0.9999999989505870E+00
                          0.9999999989249644E+00
                          0.9999999988994829E+00
                          0.9999999988732098E+00
                          0.9999999988464685E+00
                          0.9999999988192542E+00
                          0.9999999987915534E+00
                          0.9999999987594115E+00
                          0.9999999987153586E+00
                          0.9999999987055400E+00
                          0.9999941474715902E+00
                          0.9999999986454543E+00
                          0.9999999985058026E+00
                          0.9999999985752800E+00
                          0.9999999985517235E+00
                          0.9999999985193280E+00
                          0.9999999861754291E+00
                          0.9999999984514789E+00
                          0.9999999982867462E+00
                          0.9998603119504210E+00
                          0.9999999982853010E+00
                          0.9999999983141298E+00
                          0.9999999982225257E+00
                          0.9999999981040049E+00
                          0.9999999978361428E+00
                          0.9999999980396650E+00
                          0.9999999858504641E+00
                          0.9999999973841618E+00
                          0.9999999739915266E+00
                          0.9999999923522283E+00
                          0.9999565549116306E+00
                          0.9999999694610829E+00
                          0.9999999777202361E+00
                          0.9999999173617636E+00
                          0.9999999977737385E+00
                          0.9999999977089957E+00
                          0.9999999963614138E+00
                          0.9999988653371741E+00
                          0.9999999967528750E+00
                          0.9999999975703353E+00
                          0.9999999975229186E+00
                          0.9999999974523018E+00
                          0.9999999974228346E+00
                          0.9999999973721592E+00
                          0.9999999973247481E+00
                          0.9999999972161827E+00
                          0.9999999971297636E+00
                          0.9999999971693776E+00
                          0.9999999971169202E+00
                          0.9999999945792349E+00
                          0.9999999969702855E+00
                          0.9999999969535677E+00
                          0.9999999968973109E+00
                          0.9999999968402531E+00
                          0.9999999967780073E+00
                          0.9999999967237858E+00
                          0.9999999966644308E+00
                          0.9999999966042021E+00
                          0.9999999965431696E+00
                          0.9999999964553153E+00
                          0.9999999964137193E+00
                          0.9999999963551187E+00
                          0.9999999962907608E+00
                          0.9999999962255628E+00
                          0.9999999961589841E+00
                          0.9999999960925304E+00
                          0.9999999960211834E+00
                          0.9999999959558138E+00
                          0.9999999941568442E+00
                          0.9999999958159937E+00
                          0.9999999957443264E+00
                          0.9999999883193625E+00
                          0.9999999952269633E+00
                          0.9999999955245658E+00
                          0.9999999605659980E+00
                          0.9999999953696516E+00
                          0.9999999952476563E+00
                          0.9999999952149149E+00
                          0.9999999951364704E+00
                          0.9999999950102244E+00
                          0.9999999796938585E+00
                          0.9999999948390373E+00
                          0.9999999946327209E+00
                          0.9999999946554646E+00
                          0.9999999946364990E+00
                          0.9999999943413077E+00
                          0.9999998699573822E+00
                          0.9999999940112890E+00
                          0.9999999942947356E+00
                          0.9999999942071514E+00
                          0.9999999941164022E+00
                          0.9999999940091634E+00
                          0.9999999939205909E+00
                          0.9999999937949198E+00
                          0.9999999937304332E+00
                          0.9999999936425824E+00
                          0.9999999935473602E+00
                          0.9999999934480303E+00
                          0.9999999933490129E+00
                          0.9999999931287962E+00
                          0.9999999929891786E+00
                          0.9999999917718382E+00
                          0.9999999929376847E+00
                          0.9999999927598999E+00
                          0.9999999927020328E+00
                          0.9999999926149041E+00
                          0.9999999925087801E+00
                          0.9999999906431720E+00
                          0.9999999898483228E+00
                          0.9999999921457374E+00
                          0.9999999918654136E+00
                          0.9999999912642835E+00
                          0.9999999903710707E+00
                          0.9999999917050585E+00
                          0.9999999915847856E+00
                          0.9999999914623762E+00
                          0.9999999913494216E+00
                          0.9999999912263359E+00
                          0.9999999910995986E+00
                          0.9999999909769787E+00
                          0.9999999802103230E+00
                          0.9999999907209007E+00
                          0.9999999905921086E+00
                          0.9999999904594186E+00
                          0.9999999903286203E+00
                          0.9999999838008403E+00
                          0.9999999900590183E+00
                          0.9999999899077777E+00
                          0.9999999897866356E+00
                          0.9999999895897405E+00
                          0.9999999895069049E+00
                          0.9999999893618424E+00
                          0.9999999892169003E+00
                          0.9999999890764087E+00
                          0.9999999889302734E+00
                          0.9999999887824267E+00
                          0.9999999886264870E+00
                          0.9999999884690088E+00
                          0.9999999883290837E+00
                          0.9999999881582863E+00
                          0.9999999880210485E+00
                          0.9999999878640472E+00
                          0.9999999875056017E+00
                          0.9999999875424121E+00
                          0.9999999873845081E+00
                          0.9999999872214985E+00
                          0.9999999870569058E+00
                          0.9999999868906998E+00
                          0.9999999867228877E+00
                          0.9999999865530080E+00
                          0.9999999863781779E+00
                          0.9999999862076273E+00
                          0.9999999860354687E+00
                          0.9999999858568901E+00
                          0.9999999856822008E+00
                          0.9999999854999685E+00
                          0.9999999844830116E+00
                          0.9999999850543813E+00
                          0.9999999839877621E+00
                          0.9999999847688410E+00
                          0.9999999842572651E+00
                          0.9998814503704829E+00
                          0.9999999841972679E+00
                          0.9999999840066187E+00
                          0.9999999837951116E+00
                          0.9999999834566150E+00
                          0.9999999834184163E+00
                          0.9999999832183778E+00
                          0.9999999830152139E+00
                          0.9999999828127539E+00
                          0.9999999826073994E+00
                          0.9999999824000610E+00
                          0.9999999821907720E+00
                          0.9999999819798341E+00
                          0.9999999817661906E+00
                          0.9999999815521242E+00
                          0.9999999813353178E+00
                          0.9999999811168475E+00
                          0.9999999808963377E+00
                          0.9999999806738297E+00
                          0.9999999786204357E+00
                          0.9999999756143111E+00
                          0.9999999799882400E+00
                          0.9999999797645047E+00
                          0.9999999795324710E+00
                          0.9999999792981061E+00
                          0.9999987711245422E+00
                          0.9999999788151153E+00
                          0.9999999785834985E+00
                          0.9999999783411800E+00
                          0.9999999780945882E+00
                          0.9999999530001192E+00
                          0.9999999776018890E+00
                          0.9999999773513649E+00
                          0.9999999770986762E+00
                          0.9999999765772470E+00
                          0.9999999765864891E+00
                          0.9999999763262606E+00
                          0.9999999760668005E+00
                          0.9999999758034644E+00
                          0.9999999755379789E+00
                          0.9999999752702843E+00
                          0.9999999750004320E+00
                          0.9999999745836462E+00
                          0.9999999744540584E+00
                          0.9999999741694184E+00
                          0.9999999738987935E+00
                          0.9999999736177858E+00
                          0.9999999731599279E+00
                          0.9999999730318999E+00
                          0.9999999727608089E+00
                          0.9999999724710184E+00
                          0.9999999721785346E+00
                          0.9999999718828930E+00
                          0.9999999715731415E+00
                          0.9999999712872496E+00
                          0.9999999709854860E+00
                          0.9999999706810520E+00
                          0.9999999703746187E+00
                          0.9999999700657723E+00
                          0.9999999697544043E+00
                          0.9999999694406071E+00
                          0.9999999691243745E+00
                          0.9999999688056940E+00
                          0.9999999684839487E+00
                          0.9999999681609383E+00
                          0.9999999678348374E+00
                          0.9999999675054188E+00
                          0.9999999671751287E+00
                          0.9999999668414942E+00
                          0.9999999665053235E+00
                          0.9999999661666009E+00
                          0.9999999658251112E+00
                          0.9999999654814603E+00
                          0.9999999651350128E+00
                          0.9999999647859614E+00
                          0.9999999644342991E+00
                          0.9999999640800115E+00
                          0.9999999637230802E+00
                          0.9999999633634965E+00
                          0.9999999630012409E+00
                          0.9999999626362656E+00
                          0.9999999622686919E+00
                          0.9999999601207372E+00
                          0.9999999615223822E+00
                          0.9999999611495288E+00
                          0.9999999607677759E+00
                          0.9999999603893807E+00
                          0.9999999600052829E+00
                          0.9999999596170651E+00
                          0.9999999592264814E+00
                          0.9999999588367033E+00
                          0.9999999584414043E+00
                          0.9999999580425250E+00
                          0.9999999576422890E+00
                          0.9999999571278438E+00
                          0.9999999566824042E+00
                          0.9999999551876370E+00
                          0.9999999560093621E+00
                          0.9999999555940153E+00
                          0.9999999551739356E+00
                          0.9999999546242202E+00
                          0.9999999525565104E+00
                          0.9999999476507759E+00
                          0.9999999521481727E+00
                          0.9999999528906101E+00
                          0.9999999517911661E+00
                          0.9999999517994437E+00
                          0.9999999517213064E+00
                          0.9999999512758722E+00
                          0.9999999508273620E+00
                          0.9999999503757545E+00
                          0.9999999499209300E+00
                          0.9999999494632421E+00
                          0.9999999490022641E+00
                          0.9999999485381850E+00
                          0.9999999480709323E+00
                          0.9999999476004999E+00
                          0.9999999471093931E+00
                          0.9999999466500522E+00
                          0.9999999461700112E+00
                          0.9999999456867210E+00
                          0.9999999452002142E+00
                          0.9999999447104305E+00
                          0.9999999442173709E+00
                          0.9999999437210210E+00
                          0.9999999432213661E+00
                          0.9999999427183915E+00
                          0.9999999422106743E+00
                          0.9999999417024199E+00
                          0.9999999411894002E+00
                          0.9999999406729466E+00
                          0.9999999401531514E+00
                          0.9999999396297715E+00
                          0.9999999391033824E+00
                          0.9999999385733196E+00
                          0.9999999380398040E+00
                          0.9999999375028206E+00
                          0.9999999369623542E+00
                          0.9999999364183896E+00
                          0.9999999358709132E+00
                          0.9999999353194950E+00
                          0.9999999347653599E+00
                          0.9999999342072535E+00
                          0.9999999336455704E+00
                          0.9999999330803051E+00
                          0.9999999325114326E+00
                          0.9999999319389407E+00
                          0.9999999313627963E+00
                          0.9999999307750652E+00
                          0.9999999301995967E+00
                          0.9999999296124746E+00
                          0.9999999290216511E+00
                          0.9999999284271077E+00
                          0.9999999278288287E+00
                          0.9999999272268667E+00
                          0.9999999266174142E+00
                          0.9999999260115472E+00
                          0.9999999253982578E+00
                          0.9999999247811292E+00
                          0.9999999241601840E+00
                          0.9999999235352970E+00
                          0.9999999229067562E+00
                          0.9999999222742589E+00
                          0.9999999216377987E+00
                          0.9999999209973552E+00
                          0.9999999203533725E+00
                          0.9999999197050981E+00
                          0.9999999190531568E+00
                          0.9999999183971098E+00
                          0.9999999177370735E+00
                          0.9999999170730567E+00
                          0.9999999164050244E+00
                          0.9999999157329613E+00
                          0.9999999150568273E+00
                          0.9999999143766711E+00
                          0.9999999136924422E+00
                          0.9999999130038204E+00
                          0.9999999123116583E+00
                          0.9999999116150703E+00
                          0.9999999109136388E+00
                          0.9999999102095022E+00
                          0.9999999095004563E+00
                          0.9999999087865801E+00
                          0.9999999080687558E+00
                          0.9999999073481061E+00
                          0.9999999066221967E+00
                          0.9999999058920301E+00
                          0.9999999051575897E+00
                          0.9999999044188587E+00
                          0.9999999036758208E+00
                          0.9999999029284591E+00
                          0.9999999021767567E+00
                          0.9999999014206923E+00
                          0.9999999006602631E+00
                          0.9999998998954382E+00
                          0.9999998991262056E+00
                          0.9999998983525480E+00
                          0.9999998975744488E+00
                          0.9999998967918911E+00
                          0.9999998960048572E+00
                          0.9999998952133312E+00
                          0.9999998943958786E+00
                          0.9999998936167235E+00
                          0.9999998928116256E+00
                          0.9999998920017755E+00
                          0.9999998911851241E+00
                          0.9999998903688684E+00
                          0.9999998895454146E+00
                          0.9999998887173298E+00
                          0.9999998878845974E+00
                          0.9999998870471978E+00
                          0.9999998862051210E+00
                          0.9999998853581997E+00
                          0.9999998845068065E+00
                          0.9999998836494964E+00
                          0.9999998827889278E+00
                          0.9999998819238759E+00
                          0.9999998809981544E+00
                          0.9999998801779969E+00
                          0.9999998792977969E+00
                          0.9999998784128196E+00
                          0.9999998775229577E+00
                          0.9999998766282172E+00
                          0.9999998757285778E+00
                          0.9999998748235351E+00
                          0.9999998739145463E+00
                          0.9999998730001428E+00
                          0.9999998720791923E+00
                          0.9999998711563725E+00
                          0.9999998702269794E+00
                          0.9999998692926295E+00
                          0.9999998683532089E+00
                          0.9999998674087204E+00
                          0.9999998664591756E+00
                          0.9999998655044406E+00
                          0.9999998643506764E+00
                          0.9999998635451803E+00
                          0.9999998626098763E+00
                          0.9999998616345760E+00
                          0.9999998606541312E+00
                          0.9999998596687427E+00
                          0.9999998586779273E+00
                          0.9999998576819231E+00
                          0.9999998566806386E+00
                          0.9999998556740787E+00
                          0.9999998546622297E+00
                          0.9999998536450675E+00
                          0.9999998526214817E+00
                          0.9999998515931425E+00
                          0.9999998505473151E+00
                          0.9999998495229209E+00
                          0.9999998484789390E+00
                          0.9999998474295179E+00
                          0.9999998463746574E+00
                          0.9999998453143354E+00
                          0.9999998442485341E+00
                          0.9999998431772344E+00
                          0.9999998421003582E+00
                          0.9999998410180654E+00
                          0.9999998399301580E+00
                          0.9999998388366768E+00
                          0.9999998377375880E+00
                          0.9999998366329155E+00
                          0.9999998355225996E+00
                          0.9999998344066240E+00
                          0.9999998332849963E+00
                          0.9999998321576715E+00
                          0.9999998310246395E+00
                          0.9999998298858805E+00
                          0.9999998287413754E+00
                          0.9999998275911050E+00
                          0.9999998264315551E+00
                          0.9999998252727551E+00
                          0.9999998241055080E+00
                          0.9999998229319825E+00
                          0.9999998217525918E+00
                          0.9999998205673244E+00
                          0.9999998193760676E+00
                          0.9999998181790620E+00
                          0.9999998169760295E+00
                          0.9999998157668356E+00
                          0.9999998145520228E+00
                          0.9999998133273091E+00
                          0.9999998121041019E+00
                          0.9999998105693638E+00
                          0.9999998096319752E+00
                          0.9999998083867894E+00
                          0.9999998071355504E+00
                          0.9999998058781671E+00
                          0.9999998046146417E+00
                          0.9999998033449652E+00
                          0.9999998020691074E+00
                          0.9999998007870512E+00
                          0.9999997994987772E+00
                          0.9999997982042004E+00
                          0.9999997969034937E+00
                          0.9999997955964446E+00
                          0.9999997942830969E+00
                          0.9999997929634303E+00
                          0.9999997916374248E+00
                          0.9999997903050598E+00
                          0.9999997889663153E+00
                          0.9999997876211526E+00
                          0.9999997862696058E+00
                          0.9999997848991857E+00
                          0.9999997835456330E+00
                          0.9999997821761852E+00
                          0.9999997807987345E+00
                          0.9999997794147606E+00
                          0.9999997780242116E+00
                          0.9999997766271657E+00
                          0.9999997752235013E+00
                          0.9999997738132318E+00
                          0.9999997723963368E+00
                          0.9999997709727951E+00
                          0.9999997695425863E+00
                          0.9999997681056884E+00
                          0.9999997666620838E+00
                          0.9999997652117485E+00
                          0.9999997637546627E+00
                          0.9999997622908053E+00
                          0.9999997608201556E+00
                          0.9999997593426926E+00
                          0.9999997578583951E+00
                          0.9999997563672417E+00
                          0.9999997548692128E+00
                          0.9999997533642857E+00
                          0.9999997518524398E+00
                          0.9999997503336531E+00
                          0.9999997488079072E+00
                          0.9999997472751779E+00
                          0.9999997457354429E+00
                          0.9999997441880820E+00
                          0.9999997426348799E+00
                          0.9999997410740110E+00
                          0.9999997395060501E+00
                          0.9999997379309787E+00
                          0.9999997363487754E+00
                          0.9999997347594181E+00
                          0.9999997331628867E+00
                          0.9999997315591577E+00
                          0.9999997296518598E+00
                          0.9999997283300257E+00
                          0.9999997267045770E+00
                          0.9999997250718474E+00
                          0.9999997234318119E+00
                          0.9999997217844363E+00
                          0.9999997201297367E+00
                          0.9999997184676485E+00
                          0.9999997167981843E+00
                          0.9999997151212977E+00
                          0.9999997134369644E+00
                          0.9999997117331195E+00
                          0.9999997100459335E+00
                          0.9999997074584277E+00
                          0.9999997066248885E+00
                          0.9999997049030241E+00
                          0.9999997031736122E+00
                          0.9999997014366672E+00
                          0.9999996996920650E+00
                          0.9999996979398282E+00
                          0.9999996961799344E+00
                          0.9999996944123620E+00
                          0.9999996926370872E+00
                          0.9999996908540902E+00
                          0.9999996890631504E+00
                          0.9999996872640904E+00
                          0.9999996854584338E+00
                          0.9999996836435013E+00
                          0.9999996818224486E+00
                          0.9999996799926507E+00
                          0.9999996781543338E+00
                          0.9999996763088150E+00
                          0.9999996744558353E+00
                          0.9999996725943709E+00
                          0.9999996707249288E+00
                          0.9999996688456975E+00
                          0.9999996669620389E+00
                          0.9999996650685455E+00
                          0.9999996631669694E+00
                          0.9999996608708921E+00
                          0.9999996593395980E+00
                          0.9999996574137168E+00
                          0.9999996554792732E+00
                          0.9999996535374681E+00
                          0.9999996515870544E+00
                          0.9999996496284190E+00
                          0.9999996476615363E+00
                          0.9999996456863839E+00
                          0.9999996437029389E+00
                          0.9999996417111781E+00
                          0.9999996397110782E+00
                          0.9999996377026159E+00
                          0.9999996356857681E+00
                          0.9999996336605115E+00
                          0.9999996316268226E+00
                          0.9999996295845885E+00
                          0.9999996275340546E+00
                          0.9999996254700189E+00
                          0.9999996234072765E+00
                          0.9999996213310755E+00
                          0.9999996192462997E+00
                          0.9999996171528719E+00
                          0.9999996150509396E+00
                          0.9999996129313989E+00
                          0.9999996108209906E+00
                          0.9999996086929861E+00
                          0.9999996065562827E+00
                          0.9999996044041928E+00
                          0.9999996022236470E+00
                          0.9999996000936462E+00
                          0.9999995979218458E+00
                          0.9999995957411866E+00
                          0.9999995935517092E+00
                          0.9999995913533306E+00
                          0.9999995891460427E+00
                          0.9999995869298310E+00
                          0.9999995847046627E+00
                          0.9999995824705161E+00
                          0.9999995802273676E+00
                          0.9999995779751927E+00
                          0.9999995757139674E+00
                          0.9999995734436661E+00
                          0.9999995711634160E+00
                          0.9999995688757458E+00
                          0.9999995665780756E+00
                          0.9999995642711856E+00
                          0.9999995619551982E+00
                          0.9999995596299400E+00
                          0.9999995572954369E+00
                          0.9999995549516639E+00
                          0.9999995525985974E+00
                          0.9999995502362121E+00
                          0.9999995478644836E+00
                          0.9999995454833844E+00
                          0.9999995430928990E+00
                          0.9999995406929933E+00
                          0.9999995382836460E+00
                          0.9999995358648291E+00
                          0.9999995334365271E+00
                          0.9999995309987061E+00
                          0.9999995285513442E+00
                          0.9999995260944166E+00
                          0.9999995236278929E+00
                          0.9999995211517646E+00
                          0.9999995186659902E+00
                          0.9999995161705505E+00
                          0.9999995136654203E+00
                          0.9999995111505691E+00
                          0.9999995086259874E+00
                          0.9999995060916348E+00
                          0.9999995035474926E+00
                          0.9999995009935330E+00
                          0.9999994984297320E+00
                          0.9999994958559056E+00
                          0.9999994932724988E+00
                          0.9999994906790297E+00
                          0.9999994880736310E+00
                          0.9999994854621772E+00
                          0.9999994828388449E+00
                          0.9999994802054466E+00
                          0.9999994775620038E+00
                          0.9999994749080869E+00
                          0.9999994722448831E+00
                          0.9999994695711547E+00
                          0.9999994668837983E+00
                          0.9999994641932324E+00
                          0.9999994614889874E+00
                          0.9999994587745065E+00
                          0.9999994560497980E+00
                          0.9999994533143589E+00
                          0.9999994505694808E+00
                          0.9999994478138273E+00
                          0.9999994450478871E+00
                          0.9999994422715728E+00
                          0.9999994394848178E+00
                          0.9999994366876327E+00
                          0.9999994338799911E+00
                          0.9999994310618676E+00
                          0.9999994282332357E+00
                          0.9999994253940694E+00
                          0.9999994225443425E+00
                          0.9999994196840267E+00
                          0.9999994168131018E+00
                          0.9999994139315362E+00
                          0.9999994110393061E+00
                          0.9999994081362954E+00
                          0.9999994052227434E+00
                          0.9999994022983588E+00
                          0.9999993993632031E+00
                          0.9999993964169992E+00
                          0.9999993934604752E+00
                          0.9999993904927905E+00
                          0.9999993875143468E+00
                          0.9999993845249413E+00
                          0.9999993815246062E+00
                          0.9999993785132856E+00
                          0.9999993754910407E+00
                          0.9999993724577568E+00
                          0.9999993694134368E+00
                          0.9999993663580539E+00
                          0.9999993632915810E+00
                          0.9999993602139917E+00
                          0.9999993571252590E+00
                          0.9999993540253560E+00
                          0.9999993509142558E+00
                          0.9999993477919314E+00
                          0.9999993446583553E+00
                          0.9999993415135029E+00
                          0.9999993383573444E+00
                          0.9999993351898538E+00
                          0.9999993320110041E+00
                          0.9999993288207679E+00
                          0.9999993256191182E+00
                          0.9999993224060271E+00
                          0.9999993191814132E+00
                          0.9999993159454159E+00
                          0.9999993126978353E+00
                          0.9999993094387143E+00
                          0.9999993061680115E+00
                          0.9999993028856980E+00
                          0.9999992995917539E+00
                          0.9999992962861651E+00
                          0.9999992929688322E+00
                          0.9999992896398803E+00
                          0.9999992862991385E+00
                          0.9999992829465776E+00
                          0.9999992795823185E+00
                          0.9999992762061833E+00
                          0.9999992728181993E+00
                          0.9999992694171835E+00
                          0.9999992660065599E+00
                          0.9999992625828504E+00
                          0.9999992591471776E+00
                          0.9999992556995134E+00
                          0.9999992522398301E+00
                          0.9999992487680991E+00
                          0.9999992452842943E+00
                          0.9999992417883860E+00
                          0.9999992382803460E+00
                          0.9999992347601271E+00
                          0.9999992312277629E+00
                          0.9999992276831624E+00
                          0.9999992241263186E+00
                          0.9999992205572034E+00
                          0.9999992169757885E+00
                          0.9999992133820458E+00
                          0.9999992097759469E+00
                          0.9999992061574632E+00
                          0.9999992025265674E+00
                          0.9999991988832306E+00
                          0.9999991952273299E+00
                          0.9999991915589784E+00
                          0.9999991878782889E+00
                          0.9999991841849034E+00
                          0.9999991804789344E+00
                          0.9999991767603537E+00
                          0.9999991730291323E+00
                          0.9999991692852420E+00
                          0.9999991655286519E+00
                          0.9999991617593385E+00
                          0.9999991579772698E+00
                          0.9999991541824164E+00
                          0.9999991503747503E+00
                          0.9999991465542424E+00
                          0.9999991427208650E+00
                          0.9999991388745880E+00
                          0.9999991350153821E+00
                          0.9999991311432209E+00
                          0.9999991272580731E+00
                          0.9999991233598763E+00
                          0.9999991194487032E+00
                          0.9999991155244231E+00
                          0.9999991115870411E+00
                          0.9999991076365277E+00
                          0.9999991036728534E+00
                          0.9999990996959883E+00
                          0.9999990957059041E+00
                          0.9999990917025773E+00
                          0.9999990876859692E+00
                          0.9999990836560546E+00
                          0.9999990796128037E+00
                          0.9999990755559458E+00
                          0.9999990714861762E+00
                          0.9999990674027405E+00
                          0.9999990633056105E+00
                          0.9999990591954782E+00
                          0.9999990550715924E+00
                          0.9999990509341620E+00
                          0.9999990467831636E+00
                          0.9999990426185613E+00
                          0.9999990384403277E+00
                          0.9999990342484328E+00
                          0.9999990300428470E+00
                          0.9999990258235406E+00
                          0.9999990215904836E+00
                          0.9999990173436463E+00
                          0.9999990130829987E+00
                          0.9999990088085109E+00
                          0.9999990045201532E+00
                          0.9999990002178955E+00
                          0.9999989959017076E+00
                          0.9999989915715585E+00
                          0.9999989872274203E+00
                          0.9999989828692633E+00
                          0.9999989784970545E+00
                          0.9999989741107653E+00
                          0.9999989697103503E+00
                          0.9999989652958240E+00
                          0.9999989608671055E+00
                          0.9999989564241983E+00
                          0.9999989519670430E+00
                          0.9999989474956449E+00
                          0.9999989430099444E+00
                          0.9999989385099208E+00
                          0.9999989339955437E+00
                          0.9999989294667828E+00
                          0.9999989249236073E+00
                          0.9999989203659868E+00
                          0.9999989157938906E+00
                          0.9999989112072881E+00
                          0.9999989066061480E+00
                          0.9999989019904417E+00
                          0.9999988973601344E+00
                          0.9999988927151893E+00
                          0.9999988880556074E+00
                          0.9999988833813208E+00
                          0.9999988786923153E+00
                          0.9999988739885576E+00
                          0.9999988692700156E+00
                          0.9999988645366589E+00
                          0.9999988597883990E+00
                          0.9999988550253762E+00
                          0.9999988502473951E+00
                          0.9999988454544716E+00
                          0.9999988406465790E+00
                          0.9999988358236845E+00
                          0.9999988309857607E+00
                          0.9999988261327725E+00
                          0.9999988212646840E+00
                          0.9999988163814830E+00
                          0.9999988114831188E+00
                          0.9999988065695664E+00
                          0.9999988016407946E+00
                          0.9999987966966274E+00
                          0.9999987917374672E+00
                          0.9999987867628486E+00
                          0.9999987817728848E+00
                          0.9999987767675445E+00
                          0.9999987717467950E+00
                          0.9999987667106071E+00
                          0.9999987616589470E+00
                          0.9999987565917837E+00
                          0.9999987515090856E+00
                          0.9999987464108210E+00
                          0.9999987412969581E+00
                          0.9999987361674650E+00
                          0.9999987310223101E+00
                          0.9999987258614614E+00
                          0.9999987206848872E+00
                          0.9999987154925554E+00
                          0.9999987102844341E+00
                          0.9999987050604913E+00
                          0.9999986998206951E+00
                          0.9999986945650133E+00
                          0.9999986892934141E+00
                          0.9999986840058513E+00
                          0.9999986787023019E+00
                          0.9999986733827894E+00
                          0.9999986680471976E+00
                          0.9999986626950136E+00
                          0.9999986573277486E+00
                          0.9999986519438254E+00
                          0.9999986465437269E+00
                          0.9999986411274160E+00
                          0.9999986356948741E+00
                          0.9999986302460554E+00
                          0.9999986247809315E+00
                          0.9999986192990555E+00
                          0.9999986138016379E+00
                          0.9999986082874047E+00
                          0.9999986027567355E+00
                          0.9999985972095986E+00
                          0.9999985916459612E+00
                          0.9999985860657906E+00
                          0.9999985804690542E+00
                          0.9999985748557191E+00
                          0.9999985692257527E+00
                          0.9999985635791220E+00
                          0.9999985579157943E+00
                          0.9999985522357364E+00
                          0.9999985465389161E+00
                          0.9999985408252997E+00
                          0.9999985350948536E+00
                          0.9999985293475449E+00
                          0.9999985235833457E+00
                          0.9999985178022159E+00
                          0.9999985120041252E+00
                          0.9999985061890205E+00
                          0.9999985003569278E+00
                          0.9999984945077550E+00
                          0.9999984886414883E+00
                          0.9999984827580946E+00
                          0.9999984768575404E+00
                          0.9999984709397925E+00
                          0.9999984650048176E+00
                          0.9999984590525822E+00
                          0.9999984530830387E+00
                          0.9999984470961961E+00
                          0.9999984410919786E+00
                          0.9999984350703666E+00
                          0.9999984290313261E+00
                          0.9999984229748252E+00
                          0.9999984169008269E+00
                          0.9999984108093030E+00
                          0.9999984047002124E+00
                          0.9999983985735305E+00
                          0.9999983924292161E+00
                          0.9999983862672379E+00
                          0.9999983800875599E+00
                          0.9999983738901544E+00
                          0.9999983676749823E+00
                          0.9999983614420102E+00
                          0.9999983551912052E+00
                          0.9999983489225328E+00
                          0.9999983426359585E+00
                          0.9999983363314503E+00
                          0.9999983300088893E+00
                          0.9999983236684903E+00
                          0.9999983173051719E+00
                          0.9999983109333798E+00
                          0.9999983045386827E+00
                          0.9999982981258452E+00
                          0.9999982916948333E+00
                          0.9999982852456097E+00
                          0.9999982787781486E+00
                          0.9999982722924072E+00
                          0.9999982657883533E+00
                          0.9999982592659526E+00
                          0.9999982527251727E+00
                          0.9999982461659191E+00
                          0.9999982395883317E+00
                          0.9999982329922016E+00
                          0.9999982263775523E+00
                          0.9999982197443493E+00
                          0.9999982130925581E+00
                          0.9999982064221439E+00
                          0.9999981997330718E+00
                          0.9999981930253071E+00
                          0.9999981862988154E+00
                          0.9999981795535614E+00
                          0.9999981727895105E+00
                          0.9999981660066215E+00
                          0.9999981592048782E+00
                          0.9999981523842220E+00
                          0.9999981455446388E+00
                          0.9999981386860790E+00
                          0.9999981318085124E+00
                          0.9999981249119040E+00
                          0.9999981179962185E+00
                          0.9999981110614209E+00
                          0.9999981041074701E+00
                          0.9999980971343486E+00
                          0.9999980901420029E+00
                          0.9999980831304051E+00
                          0.9999980760995185E+00
                          0.9999980690493081E+00
                          0.9999980619797387E+00
                          0.9999980548907735E+00
                          0.9999980477823777E+00
                          0.9999980406545207E+00
                          0.9999980335069348E+00
                          0.9999980263402654E+00
                          0.9999980191537962E+00
                          0.9999980119477205E+00
                          0.9999980047220015E+00
                          0.9999979974765892E+00
                          0.9999979902114902E+00
                          0.9999979829266268E+00
                          0.9999979756219778E+00
                          0.9999979682975071E+00
                          0.9999979609531784E+00
                          0.9999979535889559E+00
                          0.9999979462048029E+00
                          0.9999979388006871E+00
                          0.9999979313765687E+00
                          0.9999979239324129E+00
                          0.9999979164681838E+00
                          0.9999979089838451E+00
                          0.9999979014793611E+00
                          0.9999978939546935E+00
                          0.9999978864098124E+00
                          0.9999978788446751E+00
                          0.9999978712592477E+00
                          0.9999978636534940E+00
                          0.9999978560273775E+00
                          0.9999978483808617E+00
                          0.9999978407139026E+00
                          0.9999978330264737E+00
                          0.9999978253185534E+00
                          0.9999978175900832E+00
                          0.9999978098410272E+00
                          0.9999978020713535E+00
                          0.9999977942810258E+00
                          0.9999977864700075E+00
                          0.9999977786382619E+00
                          0.9999977707857525E+00
                          0.9999977629124425E+00
                          0.9999977550182952E+00
                          0.9999977471032740E+00
                          0.9999977391673421E+00
                          0.9999977312104626E+00
                          0.9999977232325988E+00
                          0.9999977152337137E+00
                          0.9999977072137288E+00
                          0.9999976991727320E+00
                          0.9999976911105621E+00
                          0.9999976830272229E+00
                          0.9999976749226777E+00
                          0.9999976667968893E+00
                          0.9999976586498209E+00
                          0.9999976504814352E+00
                          0.9999976422916951E+00
                          0.9999976340805621E+00
                          0.9999976258480027E+00
                          0.9999976175939760E+00
                          0.9999976093184449E+00
                          0.9999976010212922E+00
                          0.9999975927022889E+00
                          0.9999975843621099E+00
                          0.9999975760005452E+00
                          0.9999975676169379E+00
                          0.9999975592116028E+00
                          0.9999975507845027E+00
                          0.9999975423355992E+00
                          0.9999975338648562E+00
                          0.9999975253722349E+00
                          0.9999975168576979E+00
                          0.9999975083212049E+00
                          0.9999974997627264E+00
                          0.9999974911822166E+00
                          0.9999974825796402E+00
                          0.9999974739549595E+00
                          0.9999974653081253E+00
                          0.9999974566391340E+00
                          0.9999974479479133E+00
                          0.9999974392344363E+00
                          0.9999974304986667E+00
                          0.9999974217405648E+00
                          0.9999974129600622E+00
                          0.9999974041572136E+00
                          0.9999973953318881E+00
                          0.9999973864840785E+00
                          0.9999973776137440E+00
                          0.9999973687208534E+00
                          0.9999973598053640E+00
                          0.9999973508672354E+00
                          0.9999973419064330E+00
                          0.9999973329229175E+00
                          0.9999973239166354E+00
                          0.9999973148875855E+00
                          0.9999973058357043E+00
                          0.9999972967609504E+00
                          0.9999972876632899E+00
                          0.9999972785425894E+00
                          0.9999972693991014E+00
                          0.9999972602324941E+00
                          0.9999972510428271E+00
                          0.9999972418300617E+00
                          0.9999972325941591E+00
                          0.9999972233350807E+00
                          0.9999972140527864E+00
                          0.9999972047472417E+00
                          0.9999971954184025E+00
                          0.9999971860662342E+00
                          0.9999971766906947E+00
                          0.9999971672917309E+00
                          0.9999971578693503E+00
                          0.9999971484234701E+00
                          0.9999971389540626E+00
                          0.9999971294610900E+00
                          0.9999971199445146E+00
                          0.9999971104042960E+00
                          0.9999971008403954E+00
                          0.9999970912527727E+00
                          0.9999970816413920E+00
                          0.9999970720062106E+00
                          0.9999970623471905E+00
                          0.9999970526642924E+00
                          0.9999970429574770E+00
                          0.9999970332267043E+00
                          0.9999970234719365E+00
                          0.9999970136931330E+00
                          0.9999970038902258E+00
                          0.9999969940632614E+00
                          0.9999969842121144E+00
                          0.9999969743367739E+00
                          0.9999969644372003E+00
                          0.9999969545133541E+00
                          0.9999969445651956E+00
                          0.9999969345926851E+00
                          0.9999969245957775E+00
                          0.9999969145744493E+00
                          0.9999969045286444E+00
                          0.9999968944583285E+00
                          0.9999968843634596E+00
                          0.9999968742440044E+00
                          0.9999968640999164E+00
                          0.9999968539311578E+00
                          0.9999968437376840E+00
                          0.9999968335194037E+00
                          0.9999968232764587E+00
                          0.9999968130086138E+00
                          0.9999968027159007E+00
                          0.9999967923982794E+00
                          0.9999967820556820E+00
                          0.9999967716881459E+00
                          0.9999967612955498E+00
                          0.9999967508777640E+00
                          0.9999967404351023E+00
                          0.9999967299671705E+00
                          0.9999967194740008E+00
                          0.9999967089556883E+00
                          0.9999966984120572E+00
                          0.9999966878431121E+00
                          0.9999966772488127E+00
                          0.9999966666291185E+00
                          0.9999966559839887E+00
                          0.9999966453133828E+00
                          0.9999966346172595E+00
                          0.9999966238955806E+00
                          0.9999966131483030E+00
                          0.9999966023753861E+00
                          0.9999965915767908E+00
                          0.9999965807524747E+00
                          0.9999965699023974E+00
                          0.9999965590265186E+00
                          0.9999965481247972E+00
                          0.9999965371971919E+00
                          0.9999965262436621E+00
                          0.9999965152641668E+00
                          0.9999965042586649E+00
                          0.9999964932271155E+00
                          0.9999964821693021E+00
                          0.9999964710857094E+00
                          0.9999964599757709E+00
                          0.9999964488396202E+00
                          0.9999964376772164E+00
                          0.9999964264885179E+00
                          0.9999964152722580E+00
                          0.9999964040320728E+00
                          0.9999963927642433E+00
                          0.9999963814699543E+00
                          0.9999963701491634E+00
                          0.9999963588018314E+00
                          0.9999963474279148E+00
                          0.9999963360273727E+00
                          0.9999963246001636E+00
                          0.9999963131462462E+00
                          0.9999963016655766E+00
                          0.9999962901581189E+00
                          0.9999962786238265E+00
                          0.9999962670626585E+00
                          0.9999962554745742E+00
                          0.9999962438595311E+00
                          0.9999962322174879E+00
                          0.9999962205484025E+00
                          0.9999962088522331E+00
                          0.9999961971289381E+00
                          0.9999961853784752E+00
                          0.9999961736008015E+00
                          0.9999961617958787E+00
                          0.9999961499636610E+00
                          0.9999961381041076E+00
                          0.9999961262171754E+00
                          0.9999961143028255E+00
                          0.9999961023610127E+00
                          0.9999960903916956E+00
                          0.9999960783948322E+00
                          0.9999960663703803E+00
                          0.9999960543182971E+00
                          0.9999960422385415E+00
                          0.9999960301310702E+00
                          0.9999960179958410E+00
                          0.9999960058328117E+00
                          0.9999959936419397E+00
                          0.9999959814231827E+00
                          0.9999959691764980E+00
                          0.9999959569018433E+00
                          0.9999959445991758E+00
                          0.9999959322684533E+00
                          0.9999959199096327E+00
                          0.9999959075226718E+00
                          0.9999958951075276E+00
                          0.9999958826641575E+00
                          0.9999958701925176E+00
                          0.9999958576925686E+00
                          0.9999958451642640E+00
                          0.9999958326075628E+00
                          0.9999958200224213E+00
                          0.9999958074087969E+00
                          0.9999957947666467E+00
                          0.9999957820959211E+00
                          0.9999957693965970E+00
                          0.9999957566686105E+00
                          0.9999957439119278E+00
                          0.9999957311265032E+00
                          0.9999957183122945E+00
                          0.9999957054692582E+00
                          0.9999956925973520E+00
                          0.9999956796965316E+00
                          0.9999956667667542E+00
                          0.9999956538079756E+00
                          0.9999956408201554E+00
                          0.9999956278032470E+00
                          0.9999956147572082E+00
                          0.9999956016819956E+00
                          0.9999955885775658E+00
                          0.9999955754438752E+00
                          0.9999955622808802E+00
                          0.9999955490885373E+00
                          0.9999955358668013E+00
                          0.9999955226156336E+00
                          0.9999955093348116E+00
                          0.9999954960248150E+00
                          0.9999954826846386E+00
                          0.9999954693157317E+00
                          0.9999954559167200E+00
                          0.9999954424880337E+00
                          0.9999954290295938E+00
                          0.9999954155413704E+00
                          0.9999954020233157E+00
                          0.9999953884753905E+00
                          0.9999953748975470E+00
                          0.9999953612897423E+00
                          0.9999953476519323E+00
                          0.9999953339840737E+00
                          0.9999953202861197E+00
                          0.9999953065580319E+00
                          0.9999952927997607E+00
                          0.9999952790112638E+00
                          0.9999952651924967E+00
                          0.9999952513434155E+00
                          0.9999952374639756E+00
                          0.9999952235541322E+00
                          0.9999952096138405E+00
                          0.9999951956430606E+00
                          0.9999951816417383E+00
                          0.9999951676098441E+00
                          0.9999951535473204E+00
                          0.9999951394541271E+00
                          0.9999951253302191E+00
                          0.9999951111755535E+00
                          0.9999950969900838E+00
                          0.9999950827737661E+00
                          0.9999950685265558E+00
                          0.9999950542484080E+00
                          0.9999950399392780E+00
                          0.9999950255991208E+00
                          0.9999950112278920E+00
                          0.9999949968255465E+00
                          0.9999949823920394E+00
                          0.9999949679273256E+00
                          0.9999949534313609E+00
                          0.9999949389040996E+00
                          0.9999949243454969E+00
                          0.9999949097555078E+00
                          0.9999948951340870E+00
                          0.9999948804811897E+00
                          0.9999948657967703E+00
                          0.9999948510807846E+00
                          0.9999948363331863E+00
                          0.9999948215539308E+00
                          0.9999948067429719E+00
                          0.9999947919002519E+00
                          0.9999947770257663E+00
                          0.9999947621194281E+00
                          0.9999947471812063E+00
                          0.9999947322110545E+00
                          0.9999947172089279E+00
                          0.9999947021747787E+00
                          0.9999946871085673E+00
                          0.9999946720102424E+00
                          0.9999946568797607E+00
                          0.9999946417170761E+00
                          0.9999946265221430E+00
                          0.9999946112949151E+00
                          0.9999945960353487E+00
                          0.9999945807433959E+00
                          0.9999945654190114E+00
                          0.9999945500621502E+00
                          0.9999945346727661E+00
                          0.9999945192508128E+00
                          0.9999945037962438E+00
                          0.9999944883090155E+00
                          0.9999944727890797E+00
                          0.9999944572363910E+00
                          0.9999944416509035E+00
                          0.9999944260325710E+00
                          0.9999944103813466E+00
                          0.9999943946971865E+00
                          0.9999943789800426E+00
                          0.9999943632298689E+00
                          0.9999943474466153E+00
                          0.9999943316302476E+00
                          0.9999943157807076E+00
                          0.9999942998979527E+00
                          0.9999942839819368E+00
                          0.9999942680326134E+00
                          0.9999942520499360E+00
                          0.9999942360338582E+00
                          0.9999942199843334E+00
                          0.9999942039013152E+00
                          0.9999941877847569E+00
                          0.9999941716346112E+00
                          0.9999941554508339E+00
                          0.9999941392333728E+00
                          0.9999941229821914E+00
                          0.9999941066972334E+00
                          0.9999940903784539E+00
                          0.9999940740258104E+00
                          0.9999940576392519E+00
                          0.9999940412187324E+00
                          0.9999940247642061E+00
                          0.9999940082756250E+00
                          0.9999939917529427E+00
                          0.9999939751961121E+00
                          0.9999939586050862E+00
                          0.9999939419798178E+00
                          0.9999939253202601E+00
                          0.9999939086263657E+00
                          0.9999938918980877E+00
                          0.9999938751353787E+00
                          0.9999938583381917E+00
                          0.9999938415064750E+00
                          0.9999938246401943E+00
                          0.9999938077392878E+00
                          0.9999937908037171E+00
                          0.9999937738334284E+00
                          0.9999937568283813E+00
                          0.9999937397885227E+00
                          0.9999937227138075E+00
                          0.9999937056041877E+00
                          0.9999936884596158E+00
                          0.9999936712800427E+00
                          0.9999936540654257E+00
                          0.9999936368157124E+00
                          0.9999936195308565E+00
                          0.9999936022108087E+00
                          0.9999935848555266E+00
                          0.9999935674649570E+00
                          0.9999935500390541E+00
                          0.9999935325777698E+00
                          0.9999935150810565E+00
                          0.9999934975488660E+00
                          0.9999934799811507E+00
                          0.9999934623778625E+00
                          0.9999934447389534E+00
                          0.9999934270643753E+00
                          0.9999934093540803E+00
                          0.9999933916080204E+00
                          0.9999933738261471E+00
                          0.9999933560084127E+00
                          0.9999933381547688E+00
                          0.9999933202651670E+00
                          0.9999933023395594E+00
                          0.9999932843778976E+00
                          0.9999932663801332E+00
                          0.9999932483462179E+00
                          0.9999932302761034E+00
                          0.9999932121697412E+00
                          0.9999931940270829E+00
                          0.9999931758480800E+00
                          0.9999931576326839E+00
                          0.9999931393808464E+00
                          0.9999931210925187E+00
                          0.9999931027676521E+00
                          0.9999930844061982E+00
                          0.9999930660081080E+00
                          0.9999930475733301E+00
                          0.9999930291018247E+00
                          0.9999930105935231E+00
                          0.9999929920484122E+00
                          0.9999929734664026E+00
                          0.9999929548474801E+00
                          0.9999929361915719E+00
                          0.9999929174986372E+00
                          0.9999928987686268E+00
                          0.9999928800014920E+00
                          0.9999928611971837E+00
                          0.9999928423556527E+00
                          0.9999928234768499E+00
                          0.9999928045607248E+00
                          0.9999927856072328E+00
                          0.9999927666163201E+00
                          0.9999927475879391E+00
                          0.9999927285220404E+00
                          0.9999927094185748E+00
                          0.9999926902774929E+00
                          0.9999926710987456E+00
                          0.9999926518822797E+00
                          0.9999926326280566E+00
                          0.9999926133360137E+00
                          0.9999925940061118E+00
                          0.9999925746382954E+00
                          0.9999925552325168E+00
                          0.9999925357887260E+00
                          0.9999925163068738E+00
                          0.9999924967869104E+00
                          0.9999924772287861E+00
                          0.9999924576324515E+00
                          0.9999924379978562E+00
                          0.9999924183249516E+00
                          0.9999923986136832E+00
                          0.9999923788640124E+00
                          0.9999923590758785E+00
                          0.9999923392492351E+00
                          0.9999923193840324E+00
                          0.9999922994802205E+00
                          0.9999922795377493E+00
                          0.9999922595565688E+00
                          0.9999922395366290E+00
                          0.9999922194778796E+00
                          0.9999921993802707E+00
                          0.9999921792437521E+00
                          0.9999921590682735E+00
                          0.9999921388537849E+00
                          0.9999921186002358E+00
                          0.9999920983075761E+00
                          0.9999920779757526E+00
                          0.9999920576047233E+00
                          0.9999920371944293E+00
                          0.9999920167448237E+00
                          0.9999919962558552E+00
                          0.9999919757274731E+00
                          0.9999919551596287E+00
                          0.9999919345522694E+00
                          0.9999919139053457E+00
                          0.9999918932188065E+00
                          0.9999918724925977E+00
                          0.9999918517266796E+00
                          0.9999918309209861E+00
                          0.9999918100754839E+00
                          0.9999917891901081E+00
                          0.9999917682648127E+00
                          0.9999917472995468E+00
                          0.9999917262942597E+00
                          0.9999917052488991E+00
                          0.9999916841634132E+00
                          0.9999916630377593E+00
                          0.9999916418718796E+00
                          0.9999916206657218E+00
                          0.9999915994192368E+00
                          0.9999915781323693E+00
                          0.9999915568050809E+00
                          0.9999915354373077E+00
                          0.9999915140290028E+00
                          0.9999914925801148E+00
                          0.9999914710905926E+00
                          0.9999914495603850E+00
                          0.9999914279894405E+00
                          0.9999914063777079E+00
                          0.9999913847251357E+00
                          0.9999913630316725E+00
                          0.9999913412972669E+00
                          0.9999913195218674E+00
                          0.9999912977054225E+00
                          0.9999912758478806E+00
                          0.9999912539491901E+00
                          0.9999912320092996E+00
                          0.9999912100281572E+00
                          0.9999911880057100E+00
                          0.9999911659419104E+00
                          0.9999911438367020E+00
                          0.9999911216900359E+00
                          0.9999910995018588E+00
                          0.9999910772721194E+00
                          0.9999910550007658E+00
                          0.9999910326877461E+00
                          0.9999910103330085E+00
                          0.9999909879365008E+00
                          0.9999909654981711E+00
                          0.9999909430179673E+00
                          0.9999909204958377E+00
                          0.9999908979317297E+00
                          0.9999908753255915E+00
                          0.9999908526773708E+00
                          0.9999908299870154E+00
                          0.9999908072544732E+00
                          0.9999907844796918E+00
                          0.9999907616626190E+00
                          0.9999907388032026E+00
                          0.9999907159013898E+00
                          0.9999906929571288E+00
                          0.9999906699703668E+00
                          0.9999906469410514E+00
                          0.9999906238691303E+00
                          0.9999906007545507E+00
                          0.9999905775972603E+00
                          0.9999905543972064E+00
                          0.9999905311543335E+00
                          0.9999905078685977E+00
                          0.9999904845399376E+00
                          0.9999904611683033E+00
                          0.9999904377536422E+00
                          0.9999904142959014E+00
                          0.9999903907950282E+00
                          0.9999903672509698E+00
                          0.9999903436636730E+00
                          0.9999903200330855E+00
                          0.9999902963591538E+00
                          0.9999902726418252E+00
                          0.9999902488810446E+00
                          0.9999902250767650E+00
                          0.9999902012289275E+00
                          0.9999901773374807E+00
                          0.9999901534023716E+00
                          0.9999901294235471E+00
                          0.9999901054009541E+00
                          0.9999900813345390E+00
                          0.9999900572242489E+00
                          0.9999900330700304E+00
                          0.9999900088718302E+00
                          0.9999899846295949E+00
                          0.9999899603432710E+00
                          0.9999899360128053E+00
                          0.9999899116381442E+00
                          0.9999898872192342E+00
                          0.9999898627560221E+00
                          0.9999898382484539E+00
                          0.9999898136964762E+00
                          0.9999897891000354E+00
                          0.9999897644590778E+00
                          0.9999897397735499E+00
                          0.9999897150433978E+00
                          0.9999896902685678E+00
                          0.9999896654490061E+00
                          0.9999896405846591E+00
                          0.9999896156754726E+00
                          0.9999895907213930E+00
                          0.9999895657223663E+00
                          0.9999895406783386E+00
                          0.9999895155892558E+00
                          0.9999894904550641E+00
                          0.9999894652757093E+00
                          0.9999894400511374E+00
                          0.9999894147812943E+00
                          0.9999893894661259E+00
                          0.9999893641055780E+00
                          0.9999893386995964E+00
                          0.9999893132481269E+00
                          0.9999892877511143E+00
                          0.9999892622085069E+00
                          0.9999892366202480E+00
                          0.9999892109862838E+00
                          0.9999891853065600E+00
                          0.9999891595810223E+00
                          0.9999891338096162E+00
                          0.9999891079922871E+00
                          0.9999890821289806E+00
                          0.9999890562196422E+00
                          0.9999890302642170E+00
                          0.9999890042626508E+00
                          0.9999889782148886E+00
                          0.9999889521208760E+00
                          0.9999889259805581E+00
                          0.9999888997938803E+00
                          0.9999888735607876E+00
                          0.9999888472812254E+00
                          0.9999888209551387E+00
                          0.9999887945824728E+00
                          0.9999887681631727E+00
                          0.9999887416971834E+00
                          0.9999887151844500E+00
                          0.9999886886249174E+00
                          0.9999886620185308E+00
                          0.9999886353652349E+00
                          0.9999886086649746E+00
                          0.9999885819176949E+00
                          0.9999885551233406E+00
                          0.9999885282818564E+00
                          0.9999885013931872E+00
                          0.9999884744572776E+00
                          0.9999884474740725E+00
                          0.9999884204435163E+00
                          0.9999883933655538E+00
                          0.9999883662401297E+00
                          0.9999883390671884E+00
                          0.9999883118466745E+00
                          0.9999882845785325E+00
                          0.9999882572627070E+00
                          0.9999882298991423E+00
                          0.9999882024877829E+00
                          0.9999881750285731E+00
                          0.9999881475214571E+00
                          0.9999881199663797E+00
                          0.9999880923632847E+00
                          0.9999880647121167E+00
                          0.9999880370128196E+00
                          0.9999880092653378E+00
                          0.9999879814696153E+00
                          0.9999879536255964E+00
                          0.9999879257332251E+00
                          0.9999878977924456E+00
                          0.9999878698032016E+00
                          0.9999878417654374E+00
                          0.9999878136790968E+00
                          0.9999877855441237E+00
                          0.9999877573604622E+00
                          0.9999877291280560E+00
                          0.9999877008468488E+00
                          0.9999876725167848E+00
                          0.9999876441378074E+00
                          0.9999876157098604E+00
                          0.9999875872328876E+00
                          0.9999875587068328E+00
                          0.9999875301316392E+00
                          0.9999875015072508E+00
                          0.9999874728336111E+00
                          0.9999874441106635E+00
                          0.9999874153383516E+00
                          0.9999873865166189E+00
                          0.9999873576454088E+00
                          0.9999873287246647E+00
                          0.9999872997543300E+00
                          0.9999872707343480E+00
                          0.9999872416646621E+00
                          0.9999872125452156E+00
                          0.9999871833759516E+00
                          0.9999871541568134E+00
                          0.9999871248877442E+00
                          0.9999870955686873E+00
                          0.9999870661995854E+00
                          0.9999870367803820E+00
                          0.9999870073110200E+00
                          0.9999869777914424E+00
                          0.9999869482215922E+00
                          0.9999869186014123E+00
                          0.9999868889308459E+00
                          0.9999868592098354E+00
                          0.9999868294383242E+00
                          0.9999867996162548E+00
                          0.9999867697435700E+00
                          0.9999867398202128E+00
                          0.9999867098461257E+00
                          0.9999866798212514E+00
                          0.9999866497455328E+00
                          0.9999866196189122E+00
                          0.9999865894413325E+00
                          0.9999865592127360E+00
                          0.9999865289330655E+00
                          0.9999864986022633E+00
                          0.9999864682202720E+00
                          0.9999864377870341E+00
                          0.9999864073024918E+00
                          0.9999863767665876E+00
                          0.9999863461792639E+00
                          0.9999863155404628E+00
                          0.9999862848501267E+00
                          0.9999862541081981E+00
                          0.9999862233146187E+00
                          0.9999861924693312E+00
                          0.9999861615722774E+00
                          0.9999861306233995E+00
                          0.9999860996226396E+00
                          0.9999860685699399E+00
                          0.9999860374652422E+00
                          0.9999860063084886E+00
                          0.9999859750996209E+00
                          0.9999859438385813E+00
                          0.9999859125253115E+00
                          0.9999858811597534E+00
                          0.9999858497418488E+00
                          0.9999858182715395E+00
                          0.9999857867487674E+00
                          0.9999857551734740E+00
                          0.9999857235456012E+00
                          0.9999856918650905E+00
                          0.9999856601318836E+00
                          0.9999856283459222E+00
                          0.9999855965071477E+00
                          0.9999855646155017E+00
                          0.9999855326709257E+00
                          0.9999855006733612E+00
                          0.9999854686227496E+00
                          0.9999854365190324E+00
                          0.9999854043621509E+00
                          0.9999853721520463E+00
                          0.9999853398886602E+00
                          0.9999853075719337E+00
                          0.9999852752018080E+00
                          0.9999852427782244E+00
                          0.9999852103011241E+00
                          0.9999851777704483E+00
                          0.9999851451861378E+00
                          0.9999851125481340E+00
                          0.9999850798563780E+00
                          0.9999850471108105E+00
                          0.9999850143113728E+00
                          0.9999849814580055E+00
                          0.9999849485506499E+00
                          0.9999849155892467E+00
                          0.9999848825737367E+00
                          0.9999848495040610E+00
                          0.9999848163801600E+00
                          0.9999847832019748E+00
                          0.9999847499694459E+00
                          0.9999847166825141E+00
                          0.9999846833411200E+00
                          0.9999846499452043E+00
                          0.9999846164947075E+00
                          0.9999845829895703E+00
                          0.9999845494297331E+00
                          0.9999845158151366E+00
                          0.9999844821457210E+00
                          0.9999844484214270E+00
                          0.9999844146421948E+00
                          0.9999843808079648E+00
                          0.9999843469186774E+00
                          0.9999843129742729E+00
                          0.9999842789746916E+00
                          0.9999842449198737E+00
                          0.9999842108097594E+00
                          0.9999841766442888E+00
                          0.9999841424234023E+00
                          0.9999841081470398E+00
                          0.9999840738151413E+00
                          0.9999840394276471E+00
                          0.9999840049844971E+00
                          0.9999839704856313E+00
                          0.9999839359309896E+00
                          0.9999839013205118E+00
                          0.9999838666541382E+00
                          0.9999838319318082E+00
                          0.9999837971534619E+00
                          0.9999837623190390E+00
                          0.9999837274284792E+00
                          0.9999836924817223E+00
                          0.9999836574787080E+00
                          0.9999836224193759E+00
                          0.9999835873036657E+00
                          0.9999835521315169E+00
                          0.9999835169028691E+00
                          0.9999834816176619E+00
                          0.9999834462758348E+00
                          0.9999834108773271E+00
                          0.9999833754220784E+00
                          0.9999833399100281E+00
                          0.9999833043411155E+00
                          0.9999832687152799E+00
                          0.9999832330324606E+00
                          0.9999831972925971E+00
                          0.9999831614956284E+00
                          0.9999831256414937E+00
                          0.9999830897301324E+00
                          0.9999830537614834E+00
                          0.9999830177354859E+00
                          0.9999829816520791E+00
                          0.9999829455112018E+00
                          0.9999829093127932E+00
                          0.9999828730567922E+00
                          0.9999828367431378E+00
                          0.9999828003717689E+00
                          0.9999827639426243E+00
                          0.9999827274556431E+00
                          0.9999826909107637E+00
                          0.9999826543079253E+00
                          0.9999826176470665E+00
                          0.9999825809281260E+00
                          0.9999825441510425E+00
                          0.9999825073157546E+00
                          0.9999824704222010E+00
                          0.9999824334703203E+00
                          0.9999823964600510E+00
                          0.9999823593913317E+00
                          0.9999823222641009E+00
                          0.9999822850782970E+00
                          0.9999822478338584E+00
                          0.9999822105307237E+00
                          0.9999821731688310E+00
                          0.9999821357481188E+00
                          0.9999820982685252E+00
                          0.9999820607299889E+00
                          0.9999820231324478E+00
                          0.9999819854758401E+00
                          0.9999819477601041E+00
                          0.9999819099851778E+00
                          0.9999818721509994E+00
                          0.9999818342575071E+00
                          0.9999817963046388E+00
                          0.9999817582923324E+00
                          0.9999817202205261E+00
                          0.9999816820891577E+00
                          0.9999816438981652E+00
                          0.9999816056474865E+00
                          0.9999815673370593E+00
                          0.9999815289668216E+00
                          0.9999814905367110E+00
                          0.9999814520466654E+00
                          0.9999814134966226E+00
                          0.9999813748865201E+00
                          0.9999813362162955E+00
                          0.9999812974858866E+00
                          0.9999812586952309E+00
                          0.9999812198442661E+00
                          0.9999811809329295E+00
                          0.9999811419611588E+00
                          0.9999811029288913E+00
                          0.9999810638360646E+00
                          0.9999810246826160E+00
                          0.9999809854684827E+00
                          0.9999809461936023E+00
                          0.9999809068579120E+00
                          0.9999808674613491E+00
                          0.9999808280038507E+00
                          0.9999807884853542E+00
                          0.9999807489057966E+00
                          0.9999807092651152E+00
                          0.9999806695632469E+00
                          0.9999806298001289E+00
                          0.9999805899756984E+00
                          0.9999805500898921E+00
                          0.9999805101426471E+00
                          0.9999804701339005E+00
                          0.9999804300635889E+00
                          0.9999803899316495E+00
                          0.9999803497380190E+00
                          0.9999803094826342E+00
                          0.9999802691654318E+00
                          0.9999802287863487E+00
                          0.9999801883453215E+00
                          0.9999801478422872E+00
                          0.9999801072771820E+00
                          0.9999800666499428E+00
                          0.9999800259605061E+00
                          0.9999799852088085E+00
                          0.9999799443947864E+00
                          0.9999799035183765E+00
                          0.9999798625795152E+00
                          0.9999798215781388E+00
                          0.9999797805141838E+00
                          0.9999797393875864E+00
                          0.9999796981982833E+00
                          0.9999796569462104E+00
                          0.9999796156313042E+00
                          0.9999795742535008E+00
                          0.9999795328127365E+00
                          0.9999794913089475E+00
                          0.9999794497420699E+00
                          0.9999794081120396E+00
                          0.9999793664187929E+00
                          0.9999793246622659E+00
                          0.9999792828423943E+00
                          0.9999792409591145E+00
                          0.9999791990123621E+00
                          0.9999791570020731E+00
                          0.9999791149281834E+00
                          0.9999790727906288E+00
                          0.9999790305893452E+00
                          0.9999789883242683E+00
                          0.9999789459953340E+00
                          0.9999789036024779E+00
                          0.9999788611456355E+00
                          0.9999788186247428E+00
                          0.9999787760397352E+00
                          0.9999787333905483E+00
                          0.9999786906771178E+00
                          0.9999786478993791E+00
                          0.9999786050572677E+00
                          0.9999785621507190E+00
                          0.9999785191796685E+00
                          0.9999784761440517E+00
