 Species molar concentration at each layer [mol/mol]
  0.9900E+00
  0.1000E-01
  0.0000E+00
  0.1580E+00
  0.9900E+00
  0.1000E-01
  0.0000E+00
  0.1485E+00
  0.9900E+00
  0.1000E-01
  0.0000E+00
  0.1390E+00
  0.9900E+00
  0.1000E-01
  0.0000E+00
  0.1295E+00
  0.9900E+00
  0.1000E-01
  0.0000E+00
  0.1202E+00
  0.9900E+00
  0.1000E-01
  0.0000E+00
  0.1111E+00
  0.9900E+00
  0.1000E-01
  0.0000E+00
  0.1022E+00
  0.9900E+00
  0.1000E-01
  0.0000E+00
  0.9362E-01
  0.9900E+00
  0.1000E-01
  0.0000E+00
  0.8531E-01
  0.9900E+00
  0.1000E-01
  0.0000E+00
  0.7729E-01
  0.9900E+00
  0.1000E-01
  0.0000E+00
  0.6956E-01
  0.9900E+00
  0.1000E-01
  0.0000E+00
  0.4450E-01
  0.9900E+00
  0.1000E-01
  0.0000E+00
  0.1576E-01
  0.9900E+00
  0.1000E-01
  0.0000E+00
  0.7435E-02
  0.9900E+00
  0.1000E-01
  0.0000E+00
  0.4478E-02
  0.9900E+00
  0.1000E-01
  0.0000E+00
  0.3100E-02
  0.9900E+00
  0.1000E-01
  0.0000E+00
  0.2305E-02
  0.9900E+00
  0.1000E-01
  0.0000E+00
  0.1829E-02
  0.9900E+00
  0.1000E-01
  0.0000E+00
  0.1474E-02
  0.9900E+00
  0.1000E-01
  0.0000E+00
  0.1203E-02
  0.9900E+00
  0.1000E-01
  0.0000E+00
  0.1007E-02
  0.9900E+00
  0.1000E-01
  0.0000E+00
  0.8272E-03
  0.9900E+00
  0.1000E-01
  0.0000E+00
  0.6843E-03
  0.9900E+00
  0.1000E-01
  0.0000E+00
  0.5278E-03
  0.9900E+00
  0.1000E-01
  0.0000E+00
  0.3699E-03
  0.9900E+00
  0.1000E-01
  0.0000E+00
  0.2063E-03
  0.9900E+00
  0.1000E-01
  0.0000E+00
  0.9178E-04
  0.9900E+00
  0.1000E-01
  0.0000E+00
  0.2950E-04
  0.9900E+00
  0.1000E-01
  0.0000E+00
  0.8433E-05
  0.9900E+00
  0.1000E-01
  0.0000E+00
  0.2676E-05
  0.9900E+00
  0.1000E-01
  0.0000E+00
  0.1053E-05
  0.9900E+00
  0.1000E-01
  0.0000E+00
  0.4745E-06
  0.9900E+00
  0.1000E-01
  0.0000E+00
  0.2607E-06
  0.9900E+00
  0.1000E-01
  0.0000E+00
  0.1759E-06
  0.9900E+00
  0.1000E-01
  0.0000E+00
  0.1427E-06
  0.9900E+00
  0.1000E-01
  0.0000E+00
  0.1382E-06
  0.9900E+00
  0.1000E-01
  0.0000E+00
  0.1382E-06
  0.9900E+00
  0.1000E-01
  0.0000E+00
  0.1382E-06
  0.9900E+00
  0.1000E-01
  0.0000E+00
  0.1382E-06
  0.9900E+00
  0.1000E-01
  0.0000E+00
  0.1382E-06
  0.9900E+00
  0.1000E-01
  0.0000E+00
  0.1382E-06
  0.9900E+00
  0.1000E-01
  0.0000E+00
  0.1382E-06
  0.9900E+00
  0.1000E-01
  0.0000E+00
  0.1382E-06
  0.9900E+00
  0.1000E-01
  0.0000E+00
  0.1382E-06
  0.9900E+00
  0.1000E-01
  0.0000E+00
  0.1382E-06
  0.9900E+00
  0.1000E-01
  0.0000E+00
  0.1382E-06
  0.9900E+00
  0.1000E-01
  0.0000E+00
  0.1382E-06
  0.9900E+00
  0.1000E-01
  0.0000E+00
  0.1382E-06
  0.9900E+00
  0.1000E-01
  0.0000E+00
  0.1382E-06
  0.9900E+00
  0.1000E-01
  0.0000E+00
  0.1382E-06
