 Downwards broadband flux at each level [W/m2]
      620.7845
     1552.9314
     1450.7541
     1358.9104
     1276.0479
     1200.9248
     1132.3179
     1069.1520
     1010.5840
      955.8294
      904.1365
      817.3549
      653.6907
      505.9363
      424.3202
      373.5039
      336.8327
      308.4747
      285.2236
      265.0792
      247.1494
      230.1227
      213.8784
      197.2483
      179.1519
      157.9592
      134.1642
      108.5011
       85.0466
       66.5708
       52.6902
       42.0080
       33.8140
       27.4938
       22.5696
       18.7366
       15.7874
       13.5456
       11.9313
       10.7980
        9.9983
        9.2366
        8.1299
        6.6514
        5.2811
        4.1102
        2.4446
        0.9857
        0.2264
        0.0167
        0.0000
