 altitude at level i
  0.0000E+00
  0.9199E+04
  0.1773E+05
  0.2562E+05
  0.3294E+05
  0.3973E+05
  0.4606E+05
  0.5199E+05
  0.5757E+05
  0.6288E+05
  0.6795E+05
  0.7284E+05
  0.7748E+05
  0.8176E+05
  0.8582E+05
  0.8977E+05
  0.9366E+05
  0.9752E+05
  0.1014E+06
  0.1053E+06
  0.1092E+06
  0.1133E+06
  0.1173E+06
  0.1215E+06
  0.1258E+06
  0.1301E+06
  0.1345E+06
  0.1388E+06
  0.1432E+06
  0.1476E+06
  0.1520E+06
  0.1564E+06
  0.1609E+06
  0.1656E+06
  0.1705E+06
  0.1756E+06
  0.1810E+06
  0.1868E+06
  0.1930E+06
  0.1998E+06
  0.2073E+06
  0.2157E+06
  0.2251E+06
  0.2356E+06
  0.2473E+06
  0.2608E+06
  0.2765E+06
  0.2948E+06
  0.3164E+06
  0.3415E+06
  0.3474E+06
