 Outgoing longwave flux vs. time [W/m2]
  0.3189E+02
  0.3686E+02
  0.3913E+02
  0.4040E+02
  0.4165E+02
  0.4306E+02
  0.4487E+02
  0.4683E+02
  0.4945E+02
  0.5198E+02
  0.5513E+02
  0.5856E+02
  0.6227E+02
  0.6608E+02
  0.6991E+02
  0.7400E+02
  0.7796E+02
  0.8182E+02
  0.8560E+02
  0.8903E+02
  0.9217E+02
  0.9505E+02
  0.9758E+02
  0.9981E+02
  0.1017E+03
  0.1033E+03
  0.1047E+03
  0.1059E+03
  0.1069E+03
  0.1076E+03
  0.1083E+03
  0.1089E+03
  0.1093E+03
  0.1098E+03
  0.1101E+03
  0.1105E+03
  0.1108E+03
  0.1110E+03
  0.1113E+03
  0.1115E+03
  0.1118E+03
  0.1119E+03
  0.1121E+03
  0.1123E+03
  0.1125E+03
  0.1126E+03
  0.1127E+03
  0.1128E+03
  0.1129E+03
  0.1130E+03
  0.1131E+03
  0.1132E+03
  0.1133E+03
  0.1134E+03
  0.1136E+03
  0.1136E+03
  0.1138E+03
  0.1139E+03
  0.1140E+03
  0.1141E+03
  0.1142E+03
  0.1144E+03
  0.1147E+03
  0.1149E+03
  0.1151E+03
  0.1152E+03
  0.1154E+03
  0.1156E+03
  0.1157E+03
  0.1159E+03
  0.1160E+03
  0.1162E+03
  0.1164E+03
  0.1165E+03
  0.1167E+03
  0.1169E+03
  0.1170E+03
  0.1172E+03
  0.1173E+03
  0.1175E+03
  0.1176E+03
  0.1178E+03
  0.1179E+03
  0.1180E+03
  0.1182E+03
  0.1183E+03
  0.1184E+03
  0.1185E+03
  0.1187E+03
  0.1188E+03
  0.1189E+03
  0.1191E+03
  0.1191E+03
  0.1193E+03
  0.1194E+03
  0.1195E+03
  0.1196E+03
  0.1197E+03
  0.1198E+03
  0.1200E+03
  0.1200E+03
  0.1202E+03
  0.1203E+03
  0.1205E+03
  0.1206E+03
  0.1207E+03
  0.1208E+03
  0.1208E+03
  0.1210E+03
  0.1211E+03
  0.1212E+03
  0.1213E+03
  0.1214E+03
  0.1215E+03
  0.1216E+03
  0.1217E+03
  0.1218E+03
  0.1219E+03
  0.1220E+03
  0.1221E+03
  0.1222E+03
  0.1223E+03
  0.1224E+03
  0.1225E+03
  0.1226E+03
  0.1227E+03
  0.1228E+03
  0.1229E+03
  0.1230E+03
  0.1231E+03
  0.1232E+03
  0.1233E+03
  0.1234E+03
  0.1235E+03
  0.1236E+03
  0.1237E+03
  0.1238E+03
  0.1238E+03
  0.1239E+03
  0.1240E+03
  0.1241E+03
  0.1242E+03
  0.1243E+03
  0.1244E+03
  0.1245E+03
  0.1245E+03
  0.1246E+03
  0.1247E+03
  0.1248E+03
  0.1249E+03
  0.1250E+03
  0.1251E+03
  0.1252E+03
  0.1253E+03
  0.1254E+03
  0.1255E+03
  0.1256E+03
  0.1257E+03
  0.1257E+03
  0.1258E+03
  0.1258E+03
  0.1259E+03
  0.1260E+03
  0.1260E+03
  0.1261E+03
  0.1262E+03
  0.1263E+03
  0.1263E+03
  0.1265E+03
  0.1266E+03
  0.1267E+03
  0.1268E+03
  0.1268E+03
  0.1269E+03
  0.1270E+03
  0.1271E+03
  0.1271E+03
  0.1272E+03
  0.1273E+03
  0.1273E+03
  0.1274E+03
  0.1275E+03
  0.1275E+03
  0.1276E+03
  0.1276E+03
  0.1277E+03
  0.1278E+03
  0.1279E+03
  0.1280E+03
  0.1281E+03
  0.1281E+03
  0.1282E+03
  0.1282E+03
  0.1283E+03
  0.1284E+03
  0.1285E+03
  0.1286E+03
  0.1287E+03
  0.1287E+03
  0.1288E+03
  0.1289E+03
  0.1289E+03
  0.1290E+03
  0.1291E+03
  0.1292E+03
  0.1292E+03
  0.1293E+03
  0.1294E+03
  0.1294E+03
  0.1295E+03
  0.1295E+03
  0.1295E+03
  0.1296E+03
  0.1296E+03
  0.1297E+03
  0.1298E+03
  0.1298E+03
  0.1298E+03
  0.1299E+03
  0.1299E+03
  0.1300E+03
  0.1300E+03
  0.1300E+03
  0.1300E+03
  0.1300E+03
  0.1300E+03
  0.1300E+03
  0.1301E+03
  0.1301E+03
  0.1301E+03
  0.1301E+03
  0.1301E+03
  0.1301E+03
  0.1301E+03
  0.1301E+03
  0.1301E+03
  0.1301E+03
  0.1301E+03
  0.1301E+03
  0.1301E+03
  0.1302E+03
  0.1301E+03
  0.1302E+03
  0.1302E+03
  0.1302E+03
  0.1302E+03
  0.1302E+03
  0.1302E+03
  0.1303E+03
  0.1303E+03
  0.1303E+03
  0.1303E+03
  0.1303E+03
  0.1304E+03
  0.1304E+03
  0.1304E+03
  0.1304E+03
  0.1305E+03
  0.1305E+03
  0.1305E+03
  0.1305E+03
  0.1305E+03
  0.1305E+03
  0.1306E+03
  0.1306E+03
  0.1306E+03
  0.1306E+03
  0.1306E+03
  0.1306E+03
  0.1306E+03
  0.1306E+03
  0.1306E+03
  0.1306E+03
  0.1306E+03
  0.1306E+03
  0.1307E+03
  0.1307E+03
  0.1307E+03
  0.1307E+03
  0.1307E+03
  0.1307E+03
  0.1307E+03
  0.1307E+03
  0.1307E+03
  0.1308E+03
  0.1308E+03
  0.1308E+03
  0.1308E+03
  0.1308E+03
  0.1308E+03
  0.1308E+03
  0.1309E+03
  0.1309E+03
  0.1309E+03
  0.1309E+03
  0.1309E+03
  0.1309E+03
  0.1309E+03
  0.1309E+03
  0.1309E+03
  0.1309E+03
  0.1309E+03
  0.1309E+03
  0.1309E+03
  0.1309E+03
  0.1309E+03
  0.1309E+03
  0.1309E+03
  0.1309E+03
  0.1309E+03
  0.1309E+03
  0.1309E+03
  0.1309E+03
  0.1309E+03
  0.1309E+03
  0.1309E+03
  0.1309E+03
  0.1309E+03
  0.1309E+03
  0.1309E+03
  0.1309E+03
  0.1309E+03
  0.1310E+03
  0.1310E+03
  0.1310E+03
  0.1310E+03
  0.1310E+03
  0.1310E+03
  0.1311E+03
  0.1311E+03
  0.1311E+03
  0.1311E+03
  0.1311E+03
  0.1311E+03
  0.1312E+03
  0.1312E+03
  0.1312E+03
  0.1313E+03
  0.1313E+03
  0.1313E+03
  0.1313E+03
  0.1313E+03
  0.1313E+03
  0.1313E+03
  0.1313E+03
  0.1313E+03
  0.1313E+03
  0.1313E+03
  0.1313E+03
  0.1313E+03
  0.1313E+03
  0.1313E+03
  0.1313E+03
  0.1313E+03
  0.1313E+03
  0.1313E+03
  0.1313E+03
  0.1313E+03
  0.1313E+03
  0.1313E+03
  0.1313E+03
  0.1314E+03
  0.1313E+03
  0.1314E+03
  0.1313E+03
  0.1314E+03
  0.1313E+03
  0.1314E+03
  0.1313E+03
  0.1314E+03
  0.1314E+03
  0.1314E+03
  0.1314E+03
  0.1314E+03
  0.1314E+03
  0.1315E+03
  0.1315E+03
  0.1315E+03
  0.1316E+03
  0.1316E+03
  0.1316E+03
  0.1316E+03
  0.1316E+03
  0.1317E+03
  0.1317E+03
  0.1317E+03
  0.1317E+03
  0.1318E+03
  0.1318E+03
  0.1318E+03
  0.1318E+03
  0.1319E+03
  0.1319E+03
  0.1319E+03
  0.1319E+03
  0.1319E+03
  0.1319E+03
  0.1319E+03
  0.1319E+03
  0.1319E+03
  0.1319E+03
  0.1319E+03
  0.1319E+03
  0.1319E+03
  0.1319E+03
  0.1319E+03
  0.1319E+03
  0.1320E+03
  0.1320E+03
  0.1320E+03
  0.1320E+03
  0.1320E+03
  0.1320E+03
  0.1320E+03
  0.1321E+03
  0.1320E+03
  0.1321E+03
  0.1320E+03
  0.1321E+03
  0.1320E+03
  0.1321E+03
  0.1321E+03
  0.1321E+03
  0.1321E+03
  0.1321E+03
  0.1321E+03
  0.1321E+03
  0.1321E+03
  0.1321E+03
  0.1321E+03
  0.1321E+03
  0.1321E+03
  0.1321E+03
  0.1321E+03
  0.1321E+03
  0.1321E+03
  0.1321E+03
  0.1321E+03
  0.1321E+03
  0.1321E+03
  0.1321E+03
  0.1321E+03
  0.1321E+03
  0.1321E+03
  0.1321E+03
  0.1321E+03
  0.1321E+03
  0.1321E+03
  0.1322E+03
  0.1322E+03
  0.1322E+03
  0.1322E+03
  0.1322E+03
  0.1322E+03
  0.1322E+03
  0.1322E+03
  0.1322E+03
  0.1322E+03
  0.1323E+03
  0.1323E+03
  0.1323E+03
  0.1323E+03
  0.1323E+03
  0.1324E+03
  0.1323E+03
  0.1324E+03
  0.1323E+03
  0.1324E+03
  0.1323E+03
  0.1324E+03
  0.1324E+03
  0.1324E+03
  0.1324E+03
  0.1324E+03
  0.1324E+03
  0.1324E+03
  0.1324E+03
  0.1324E+03
  0.1324E+03
  0.1324E+03
  0.1324E+03
  0.1324E+03
  0.1324E+03
  0.1324E+03
  0.1324E+03
  0.1324E+03
  0.1324E+03
  0.1324E+03
  0.1324E+03
  0.1324E+03
  0.1324E+03
  0.1325E+03
  0.1325E+03
  0.1325E+03
  0.1325E+03
  0.1325E+03
  0.1325E+03
  0.1325E+03
  0.1325E+03
  0.1325E+03
