  0.3655E+06
  0.2944E+06
  0.2383E+06
  0.1938E+06
  0.1583E+06
  0.1298E+06
  0.1067E+06
  0.8773E+05
  0.7217E+05
  0.5927E+05
  0.4849E+05
  0.2827E+05
  0.9140E+04
  0.3938E+04
  0.2166E+04
  0.1369E+04
  0.9291E+03
  0.6719E+03
  0.4924E+03
  0.3646E+03
  0.2764E+03
  0.2048E+03
  0.1524E+03
  0.1053E+03
  0.6587E+02
  0.3264E+02
  0.1284E+02
  0.3627E+01
  0.9060E+00
  0.2496E+00
  0.8466E-01
  0.3260E-01
  0.1518E-01
  0.8586E-02
  0.5776E-02
  0.4578E-02
  0.4333E-02
  0.4648E-02
  0.6187E-02
  0.9572E-02
  0.1709E-01
  0.2686E-01
  0.2690E-01
  0.1739E-01
  0.1302E-01
  0.1160E-01
  0.2694E-02
  0.4983E-03
  0.9230E-03
  0.6105E-05
