 Longwave optical depth [dimless]
  0.3752E+05
  0.2285E+07
  0.7741E+07
  0.3075E+08
  0.9955E+08
  0.6628E+08
  0.1834E+09
  0.7335E+08
  0.8646E+08
  0.7033E+08
  0.2298E+08
  0.1834E+08
  0.1742E+08
  0.1006E+08
  0.9479E+07
  0.4903E+07
  0.8057E+06
  0.3730E+06
  0.1478E+06
  0.1897E+06
  0.2751E+06
  0.5549E+06
  0.3515E+05
  0.2269E+06
  0.3531E+05
  0.7862E+05
  0.1635E+07
  0.3197E+07
  0.2167E+06
  0.1789E+05
  0.4143E+04
  0.1999E+04
  0.1126E+04
  0.3090E+03
  0.6832E+03
  0.8739E+02
  0.2045E+02
  0.1086E+03
  0.1059E+03
  0.1863E+03
  0.3103E+02
  0.6069E+02
  0.1848E+03
  0.2233E+03
  0.7549E+03
  0.1516E+03
  0.1037E+04
  0.3066E+04
  0.9112E+03
  0.5264E+04
  0.3649E+04
  0.7378E+04
  0.4907E+04
  0.2138E+05
  0.6576E+05
  0.4330E+06
  0.6597E+06
  0.6496E+06
  0.1552E+07
  0.3473E+07
  0.3555E+07
  0.4975E+07
  0.3776E+07
  0.1412E+08
  0.4886E+06
  0.3294E+07
  0.2213E+08
  0.4879E+07
  0.1098E+08
  0.1091E+07
  0.5848E+07
  0.1461E+07
  0.1288E+07
  0.1189E+07
  0.1929E+06
  0.9541E+05
  0.6206E+05
  0.7565E+05
  0.2757E+05
  0.1125E+05
  0.9820E+04
  0.1410E+05
  0.3271E+04
  0.2504E+05
  0.1089E+04
  0.5835E+03
  0.1496E+04
  0.9604E+02
  0.1416E+03
  0.1391E+04
  0.9076E+05
  0.9758E+06
  0.1167E+07
  0.2858E+08
  0.2585E+08
  0.5558E+07
  0.3519E+04
  0.3609E+01
  0.4193E+01
  0.4872E+01
  0.1021E+02
  0.6233E+01
  0.2129E+02
  0.8837E+02
  0.1335E+03
  0.2832E+03
  0.6169E+03
  0.8342E+03
  0.1600E+03
  0.5995E+03
  0.6482E+03
  0.7981E+03
  0.1108E+04
  0.5400E+03
  0.1472E+03
  0.1981E+03
  0.3191E+03
  0.3524E+03
  0.8315E+03
  0.8184E+04
  0.9335E+04
  0.2412E+05
  0.1491E+05
  0.4581E+05
  0.8886E+05
  0.5617E+05
  0.4174E+04
  0.9190E+05
  0.1702E+05
  0.4844E+05
  0.3800E+05
  0.6113E+05
  0.1316E+05
  0.2255E+05
  0.1506E+05
  0.1290E+05
  0.2936E+05
  0.3493E+05
  0.2676E+05
  0.5383E+05
  0.4881E+06
  0.5609E+06
  0.6917E+06
  0.4852E+06
  0.1383E+07
  0.6692E+07
  0.3749E+07
  0.6245E+07
  0.3344E+07
  0.3395E+07
  0.1550E+08
  0.1686E+07
  0.9156E+07
  0.3065E+07
  0.1789E+08
  0.1577E+07
  0.3730E+07
  0.4661E+06
  0.2716E+06
  0.3416E+05
  0.1733E+05
  0.2761E+05
  0.7684E+04
  0.1359E+05
  0.1123E+05
  0.2309E+04
  0.2782E+04
  0.7828E+03
  0.1538E+04
  0.2380E+03
  0.9138E+03
  0.7988E+02
  0.1569E+03
  0.2146E+02
  0.2086E+02
  0.7387E+01
  0.3170E+01
  0.8555E+01
  0.5136E+01
  0.3545E+01
  0.1231E+02
  0.4789E+02
  0.1588E+03
  0.4923E+03
  0.5715E+02
  0.1137E+03
  0.6815E+02
  0.1970E+02
  0.9708E+02
  0.6317E+02
  0.8106E+02
  0.1639E+03
  0.1934E+03
  0.1825E+04
  0.1204E+04
  0.1643E+04
  0.3718E+03
  0.6635E+03
  0.9477E+04
  0.6141E+04
  0.4980E+04
  0.1134E+04
  0.2241E+04
  0.4146E+04
  0.2285E+05
  0.1129E+05
  0.4220E+05
  0.9144E+05
  0.2144E+06
  0.2782E+06
  0.6303E+06
  0.1807E+06
  0.1945E+06
  0.7867E+06
  0.1242E+07
  0.7347E+06
  0.4010E+06
  0.1703E+07
  0.1885E+06
  0.1327E+06
  0.1886E+06
  0.2885E+05
  0.4395E+05
  0.7047E+04
  0.1302E+05
  0.3243E+04
  0.6558E+03
  0.1411E+04
  0.3179E+03
  0.5194E+03
  0.1828E+03
  0.1169E+03
  0.2130E+03
  0.1413E+03
  0.2252E+03
  0.1764E+03
  0.1670E+02
  0.9336E+01
  0.1026E+02
  0.4347E+01
  0.1733E+02
  0.1017E+02
  0.5479E+02
  0.3247E+02
  0.1080E+02
  0.6756E+01
  0.6827E+01
  0.1599E+02
  0.9697E+02
  0.7801E+02
  0.5478E+02
  0.2123E+02
  0.3106E+02
  0.2507E+03
  0.2403E+03
  0.2943E+02
  0.1035E+02
  0.6336E+01
  0.1492E+02
  0.3297E+02
  0.5144E+02
  0.9695E+02
  0.1644E+03
  0.1864E+03
  0.5057E+03
  0.1591E+04
  0.1520E+04
  0.8864E+03
  0.6833E+04
  0.5894E+04
  0.2736E+05
  0.6002E+04
  0.6635E+05
  0.9211E+04
  0.4941E+04
  0.9006E+04
  0.1274E+05
  0.4701E+05
  0.9403E+05
  0.4467E+05
  0.4079E+05
  0.2857E+05
  0.5954E+05
  0.5967E+05
  0.2298E+06
  0.6462E+05
  0.9434E+05
  0.4137E+06
  0.6716E+06
  0.5612E+06
  0.3546E+06
  0.1185E+06
  0.4469E+06
  0.6746E+06
  0.6172E+06
  0.3075E+06
  0.8504E+05
  0.1148E+05
  0.6183E+04
  0.4832E+04
  0.8697E+04
  0.3110E+04
  0.1459E+04
  0.2062E+04
  0.1254E+04
  0.1599E+04
  0.7619E+03
  0.1585E+03
  0.1864E+03
  0.4424E+02
  0.4747E+02
  0.7563E+01
  0.1270E+02
  0.5664E+02
  0.6982E+01
  0.5104E+01
  0.3301E+01
  0.2709E+01
  0.1931E+01
  0.2568E+01
  0.2149E+01
  0.2282E+01
  0.5007E+01
  0.4367E+01
  0.1757E+02
  0.7882E+02
  0.9753E+02
  0.2669E+03
  0.1716E+03
  0.3954E+03
  0.1089E+04
  0.3249E+03
  0.1384E+04
  0.5465E+03
  0.3229E+03
  0.9070E+03
  0.3815E+03
  0.3824E+03
  0.9128E+03
  0.5717E+03
  0.4318E+03
  0.1216E+04
  0.4257E+03
  0.8655E+03
  0.1313E+04
  0.2784E+04
  0.4912E+04
  0.2596E+05
  0.1707E+05
  0.4143E+05
  0.1808E+05
  0.9503E+04
  0.2752E+05
  0.2180E+05
  0.2861E+05
  0.3750E+05
  0.4849E+05
  0.1304E+05
  0.2135E+05
  0.4207E+04
  0.1884E+04
  0.5267E+03
  0.1497E+04
  0.5566E+03
  0.3443E+03
  0.2309E+03
  0.2244E+03
  0.2220E+03
  0.1018E+04
  0.2067E+03
  0.1263E+03
  0.2548E+03
  0.2109E+03
  0.1334E+02
  0.7101E+01
  0.2520E+01
  0.2288E+01
  0.1653E+01
  0.7601E+00
  0.8085E+00
  0.2019E+01
  0.3046E+01
  0.3820E+00
  0.4427E+00
  0.1366E+01
  0.8966E+00
  0.1405E+01
  0.1063E+01
  0.1570E+01
  0.1946E+02
  0.5621E+01
  0.5488E+01
  0.9716E+01
  0.9668E+01
  0.1487E+02
  0.3603E+02
  0.9244E+02
  0.1013E+02
  0.4052E+02
  0.1206E+03
  0.1846E+02
  0.1725E+02
  0.1782E+02
  0.1354E+02
  0.2673E+02
  0.9295E+02
  0.3071E+03
  0.1609E+03
  0.5946E+03
  0.3519E+03
  0.1461E+04
  0.1530E+04
  0.1651E+04
  0.6297E+03
  0.1392E+04
  0.1126E+04
  0.3075E+04
  0.2124E+04
  0.3023E+04
  0.4157E+04
  0.8864E+04
  0.1667E+05
  0.6435E+04
  0.5120E+04
  0.2754E+05
  0.3433E+04
  0.3294E+05
  0.1713E+05
  0.1565E+05
  0.2393E+05
  0.2305E+04
  0.8056E+03
  0.8723E+03
  0.4722E+03
  0.4216E+03
  0.4630E+03
  0.6127E+03
  0.5681E+03
  0.8437E+03
  0.9824E+03
  0.1231E+04
  0.1261E+04
  0.8916E+03
  0.2253E+04
  0.3089E+04
  0.2458E+04
  0.6600E+03
  0.1989E+03
  0.4055E+02
  0.3916E+02
  0.3580E+02
  0.1182E+02
  0.3098E+01
  0.1254E+02
  0.1556E+02
  0.3063E+01
  0.1680E+01
  0.1035E+01
  0.8093E+00
  0.1322E+01
  0.1055E+01
  0.5765E+00
  0.1023E+01
  0.9241E+00
  0.8813E+00
  0.3809E+01
  0.6772E+01
  0.8286E+01
  0.3553E+02
  0.1720E+02
  0.2167E+02
  0.1563E+02
  0.6340E+01
  0.1714E+02
  0.4560E+02
  0.4392E+02
  0.4431E+02
  0.4419E+02
  0.1141E+03
  0.8716E+02
  0.1769E+03
  0.1917E+03
  0.4053E+03
  0.1857E+04
  0.9663E+03
  0.4756E+03
  0.1073E+04
  0.1340E+03
  0.2199E+04
  0.5859E+03
  0.6776E+03
  0.6164E+03
  0.2157E+03
  0.9333E+02
  0.8863E+02
  0.2470E+02
  0.1976E+02
  0.7191E+02
  0.9863E+02
  0.7493E+02
  0.5382E+02
  0.3075E+02
  0.2301E+03
  0.2094E+02
  0.1184E+03
  0.4814E+02
  0.5055E+02
  0.2421E+02
  0.2537E+02
  0.4274E+01
  0.3802E+01
  0.1698E+01
  0.9410E+00
  0.1474E+01
  0.1663E+01
  0.8491E+00
  0.7717E+00
  0.7965E+00
  0.8500E+00
  0.7608E+00
  0.7227E+00
  0.7428E+00
  0.7375E+00
  0.7386E+00
  0.8756E+00
  0.9526E+00
  0.8816E+00
  0.1312E+01
  0.1104E+01
  0.1434E+01
  0.1218E+01
  0.1183E+01
  0.1272E+01
  0.1725E+01
  0.2027E+01
  0.2407E+01
  0.3019E+01
  0.4999E+01
  0.5261E+01
  0.2206E+02
  0.2042E+02
  0.2655E+02
  0.5630E+02
  0.2162E+03
  0.7261E+02
  0.3131E+03
  0.2112E+03
  0.2290E+03
  0.5743E+03
  0.4588E+03
  0.6786E+03
  0.1805E+04
  0.2019E+04
  0.6626E+03
  0.1556E+03
  0.2866E+04
  0.1191E+04
  0.5786E+03
  0.1184E+03
  0.8433E+02
  0.5295E+02
  0.2032E+02
  0.3594E+02
  0.4726E+02
  0.3571E+02
  0.4043E+02
  0.7493E+02
  0.5556E+02
  0.7702E+02
  0.1808E+03
  0.1341E+03
  0.2174E+03
  0.2327E+03
  0.2810E+02
  0.1005E+03
  0.2121E+03
  0.2489E+03
  0.1143E+03
  0.1462E+02
  0.7813E+01
  0.4664E+01
  0.2378E+01
  0.7083E+01
  0.3482E+01
  0.4131E+01
  0.2417E+01
  0.3298E+01
  0.1638E+01
  0.2351E+01
  0.1919E+01
  0.1368E+01
  0.1294E+01
  0.1288E+01
  0.1280E+01
  0.1269E+01
  0.1289E+01
  0.1277E+01
  0.1369E+01
  0.3471E+01
  0.2637E+01
  0.3654E+01
  0.2929E+01
  0.2861E+01
  0.8225E+01
  0.3362E+01
  0.5849E+01
  0.8570E+01
  0.1544E+02
  0.3804E+02
  0.4004E+02
  0.8121E+02
  0.2863E+02
  0.3930E+02
  0.7362E+02
  0.3755E+02
  0.2776E+02
  0.7578E+02
  0.8495E+02
  0.5267E+02
  0.1788E+02
  0.1091E+02
  0.5297E+01
  0.1107E+02
  0.5455E+01
  0.5055E+01
  0.4402E+01
  0.4952E+01
  0.5688E+01
  0.4322E+01
  0.4625E+01
  0.6591E+01
  0.7461E+01
  0.3056E+02
  0.7438E+01
  0.3936E+01
  0.1585E+02
  0.1107E+02
  0.8419E+01
  0.6785E+01
  0.2577E+01
  0.1845E+01
  0.2000E+01
  0.1714E+01
  0.1780E+01
  0.1780E+01
  0.1709E+01
  0.1762E+01
  0.1693E+01
  0.1702E+01
  0.1723E+01
  0.1723E+01
  0.1729E+01
  0.1745E+01
  0.1762E+01
  0.1775E+01
  0.1813E+01
  0.1849E+01
  0.2067E+01
  0.2059E+01
  0.2085E+01
  0.2574E+01
  0.2460E+01
  0.2960E+01
  0.4568E+01
  0.8913E+01
  0.6121E+01
  0.1185E+02
  0.3512E+02
  0.1822E+02
  0.3612E+02
  0.3298E+02
  0.6984E+02
  0.1035E+03
  0.5066E+02
  0.3831E+02
  0.9107E+02
  0.7637E+02
  0.9253E+02
  0.9757E+02
  0.1702E+03
  0.3580E+02
  0.1363E+02
  0.9738E+01
  0.7509E+01
  0.4942E+01
  0.4494E+01
  0.3285E+01
  0.4248E+01
  0.3817E+01
  0.4195E+01
  0.3623E+01
  0.3504E+01
  0.7721E+01
  0.9782E+01
  0.1332E+02
  0.8035E+01
  0.2085E+02
  0.7697E+01
  0.1002E+02
  0.2359E+02
  0.5066E+01
  0.1538E+02
  0.2251E+02
  0.2277E+02
  0.6576E+01
  0.3199E+01
  0.3071E+01
  0.2829E+01
  0.2680E+01
  0.2634E+01
  0.3105E+01
  0.2983E+01
  0.2829E+01
  0.2821E+01
  0.2985E+01
  0.2633E+01
  0.2613E+01
  0.2591E+01
  0.2601E+01
  0.2610E+01
  0.2671E+01
  0.2800E+01
  0.2747E+01
  0.2718E+01
  0.2825E+01
  0.3098E+01
  0.3681E+01
  0.3986E+01
  0.5428E+01
  0.4186E+01
  0.4205E+01
  0.1115E+02
  0.1114E+02
  0.6988E+01
  0.6101E+01
  0.1016E+02
  0.9701E+01
  0.2133E+02
  0.1141E+02
  0.1525E+02
  0.5553E+01
  0.3986E+01
  0.4321E+01
  0.3540E+01
  0.3142E+01
  0.3333E+01
  0.3236E+01
  0.3432E+01
  0.3233E+01
  0.3454E+01
  0.3260E+01
  0.3323E+01
  0.3441E+01
  0.3557E+01
  0.3651E+01
  0.3536E+01
  0.3888E+01
  0.3823E+01
  0.3568E+01
  0.4595E+01
  0.3458E+01
  0.4721E+01
  0.5988E+01
  0.4070E+01
  0.3678E+01
  0.3332E+01
  0.3343E+01
  0.3377E+01
  0.3356E+01
  0.3376E+01
  0.3415E+01
  0.3446E+01
  0.3474E+01
  0.3482E+01
  0.3508E+01
  0.3563E+01
  0.3648E+01
  0.3597E+01
  0.3863E+01
  0.3969E+01
  0.3995E+01
  0.4354E+01
  0.1081E+02
  0.5604E+01
  0.5872E+01
  0.8813E+01
  0.1016E+02
  0.2082E+02
  0.1870E+02
  0.2293E+02
  0.1678E+02
  0.1389E+02
  0.1086E+02
  0.2651E+02
  0.1943E+02
  0.8025E+01
  0.6121E+01
  0.7244E+01
  0.5755E+01
  0.5067E+01
  0.4491E+01
  0.4271E+01
  0.4140E+01
  0.4050E+01
  0.4051E+01
  0.4094E+01
  0.4096E+01
  0.4118E+01
  0.4199E+01
  0.4299E+01
  0.4259E+01
  0.4517E+01
  0.4678E+01
  0.4485E+01
  0.5018E+01
  0.4941E+01
  0.4658E+01
  0.5722E+01
  0.4733E+01
  0.5759E+01
  0.6723E+01
  0.5639E+01
  0.5101E+01
  0.6702E+01
  0.6920E+01
  0.5342E+01
  0.4914E+01
  0.4561E+01
  0.4978E+01
  0.4604E+01
  0.4573E+01
  0.4603E+01
  0.4623E+01
  0.4635E+01
  0.4683E+01
  0.4694E+01
  0.4726E+01
  0.4751E+01
  0.4934E+01
  0.4847E+01
  0.4927E+01
  0.4974E+01
  0.5111E+01
  0.5385E+01
  0.5702E+01
  0.5760E+01
  0.5784E+01
  0.5279E+01
  0.5675E+01
  0.5776E+01
  0.6988E+01
  0.1022E+02
  0.6175E+01
  0.6495E+01
  0.5335E+01
  0.5470E+01
  0.5624E+01
  0.5458E+01
  0.5375E+01
  0.5237E+01
  0.5303E+01
  0.5284E+01
  0.5317E+01
  0.5330E+01
  0.5355E+01
  0.5376E+01
  0.5401E+01
  0.5437E+01
  0.5457E+01
  0.5501E+01
  0.5529E+01
  0.5575E+01
  0.5567E+01
  0.5600E+01
  0.5706E+01
  0.5800E+01
  0.5776E+01
  0.5938E+01
  0.5897E+01
  0.5856E+01
  0.5977E+01
  0.5907E+01
  0.6091E+01
  0.6309E+01
  0.5960E+01
  0.5959E+01
  0.5950E+01
  0.5960E+01
  0.6103E+01
  0.6115E+01
  0.6135E+01
  0.6199E+01
  0.6300E+01
  0.6464E+01
  0.7396E+01
  0.6863E+01
  0.7299E+01
  0.9738E+01
  0.8366E+01
  0.8005E+01
  0.1184E+02
  0.7458E+01
  0.9530E+01
  0.2299E+02
  0.8483E+01
  0.1315E+02
  0.7707E+01
  0.6990E+01
  0.6707E+01
  0.6887E+01
  0.6972E+01
  0.6669E+01
  0.6684E+01
  0.6769E+01
  0.6711E+01
  0.6741E+01
  0.6762E+01
  0.6786E+01
  0.6815E+01
  0.6845E+01
  0.6875E+01
  0.6905E+01
  0.6938E+01
  0.6970E+01
  0.7002E+01
  0.7046E+01
  0.7082E+01
  0.7115E+01
  0.7227E+01
  0.7191E+01
  0.7199E+01
  0.7330E+01
  0.7388E+01
  0.7361E+01
  0.7365E+01
  0.7480E+01
  0.7486E+01
  0.7481E+01
  0.7758E+01
  0.7527E+01
  0.7543E+01
  0.7617E+01
  0.7569E+01
  0.7599E+01
  0.7645E+01
  0.7670E+01
  0.7693E+01
  0.7728E+01
  0.7779E+01
  0.7828E+01
  0.7868E+01
  0.7969E+01
  0.8001E+01
  0.8107E+01
  0.8449E+01
  0.8239E+01
  0.8390E+01
  0.8643E+01
  0.8400E+01
  0.8560E+01
  0.8414E+01
  0.8515E+01
  0.8413E+01
  0.8428E+01
  0.8456E+01
  0.8355E+01
  0.8394E+01
  0.8458E+01
  0.8467E+01
  0.8490E+01
  0.8509E+01
  0.8546E+01
  0.8602E+01
  0.8637E+01
  0.8686E+01
  0.8715E+01
  0.8710E+01
  0.8743E+01
  0.8778E+01
  0.8813E+01
  0.8849E+01
  0.8885E+01
  0.8923E+01
  0.8959E+01
  0.8999E+01
  0.9032E+01
  0.9073E+01
  0.9121E+01
  0.9155E+01
  0.9226E+01
  0.9243E+01
  0.9312E+01
  0.9350E+01
  0.9403E+01
  0.9476E+01
  0.9519E+01
  0.1007E+02
  0.1006E+02
  0.9859E+01
  0.1085E+02
  0.1093E+02
  0.1017E+02
  0.1246E+02
  0.1037E+02
  0.1025E+02
  0.1013E+02
  0.1290E+02
  0.1052E+02
  0.1125E+02
  0.1014E+02
  0.1010E+02
  0.1012E+02
  0.1023E+02
  0.1016E+02
  0.1016E+02
  0.1020E+02
  0.1024E+02
  0.1027E+02
  0.1031E+02
  0.1035E+02
  0.1039E+02
  0.1043E+02
  0.1047E+02
  0.1051E+02
  0.1055E+02
  0.1059E+02
  0.1063E+02
  0.1067E+02
  0.1071E+02
  0.1076E+02
  0.1080E+02
  0.1084E+02
  0.1088E+02
  0.1092E+02
  0.1097E+02
  0.1102E+02
  0.1105E+02
  0.1113E+02
  0.1114E+02
  0.1119E+02
  0.1124E+02
  0.1132E+02
  0.1132E+02
  0.1141E+02
  0.1142E+02
  0.1147E+02
  0.1152E+02
  0.1159E+02
  0.1162E+02
  0.1165E+02
  0.1168E+02
  0.1172E+02
  0.1177E+02
  0.1185E+02
  0.1185E+02
  0.1201E+02
  0.1200E+02
  0.1229E+02
  0.1209E+02
  0.1214E+02
  0.1217E+02
  0.1225E+02
  0.1283E+02
  0.1237E+02
  0.1232E+02
  0.1237E+02
  0.1241E+02
  0.1244E+02
  0.1252E+02
  0.1254E+02
  0.1260E+02
  0.1265E+02
  0.1269E+02
  0.1273E+02
  0.1278E+02
  0.1283E+02
  0.1289E+02
  0.1292E+02
  0.1296E+02
  0.1302E+02
  0.1307E+02
  0.1310E+02
  0.1316E+02
  0.1321E+02
  0.1325E+02
  0.1330E+02
  0.1337E+02
  0.1341E+02
  0.1345E+02
  0.1353E+02
  0.1357E+02
  0.1364E+02
  0.1377E+02
  0.1381E+02
  0.1385E+02
  0.1395E+02
  0.1409E+02
  0.1437E+02
  0.1436E+02
  0.1440E+02
  0.1433E+02
  0.1438E+02
  0.1465E+02
  0.1539E+02
  0.1475E+02
  0.1450E+02
  0.1450E+02
  0.1446E+02
  0.1451E+02
  0.1456E+02
  0.1458E+02
  0.1462E+02
  0.1467E+02
  0.1473E+02
  0.1478E+02
  0.1483E+02
  0.1488E+02
  0.1494E+02
  0.1499E+02
  0.1504E+02
  0.1510E+02
  0.1515E+02
  0.1520E+02
  0.1526E+02
  0.1532E+02
  0.1537E+02
  0.1542E+02
  0.1548E+02
  0.1553E+02
  0.1559E+02
  0.1564E+02
  0.1570E+02
  0.1575E+02
  0.1581E+02
  0.1586E+02
  0.1592E+02
  0.1598E+02
  0.1604E+02
  0.1609E+02
  0.1615E+02
  0.1621E+02
  0.1627E+02
  0.1635E+02
  0.1639E+02
  0.1646E+02
  0.1653E+02
  0.1657E+02
  0.1670E+02
  0.1671E+02
  0.1682E+02
  0.1706E+02
  0.1687E+02
  0.1694E+02
  0.1700E+02
  0.1704E+02
  0.1711E+02
  0.1720E+02
  0.1726E+02
  0.1729E+02
  0.1741E+02
  0.1741E+02
  0.1746E+02
  0.1750E+02
  0.1756E+02
  0.1761E+02
  0.1767E+02
  0.1773E+02
  0.1779E+02
  0.1786E+02
  0.1792E+02
  0.1798E+02
  0.1804E+02
  0.1810E+02
  0.1816E+02
  0.1823E+02
  0.1829E+02
  0.1835E+02
  0.1844E+02
  0.1848E+02
  0.1858E+02
  0.1861E+02
  0.1877E+02
  0.1878E+02
  0.1882E+02
  0.1890E+02
  0.1899E+02
  0.1925E+02
  0.1923E+02
  0.1921E+02
  0.1930E+02
  0.1930E+02
  0.1942E+02
  0.1949E+02
  0.1987E+02
  0.1956E+02
  0.1973E+02
  0.1965E+02
  0.1972E+02
  0.1980E+02
  0.1986E+02
  0.1990E+02
  0.1997E+02
  0.2003E+02
  0.2011E+02
  0.2017E+02
  0.2024E+02
  0.2030E+02
  0.2037E+02
  0.2044E+02
  0.2050E+02
  0.2057E+02
  0.2065E+02
  0.2071E+02
  0.2077E+02
  0.2084E+02
  0.2091E+02
  0.2097E+02
  0.2104E+02
  0.2111E+02
  0.2118E+02
  0.2125E+02
  0.2132E+02
  0.2139E+02
  0.2146E+02
  0.2153E+02
  0.2160E+02
  0.2167E+02
  0.2174E+02
  0.2181E+02
  0.2189E+02
  0.2196E+02
  0.2203E+02
  0.2211E+02
  0.2218E+02
  0.2225E+02
  0.2234E+02
  0.2240E+02
  0.2249E+02
  0.2256E+02
  0.2264E+02
  0.2271E+02
  0.2278E+02
  0.2285E+02
  0.2293E+02
  0.2307E+02
  0.2308E+02
  0.2315E+02
  0.2321E+02
  0.2331E+02
  0.2340E+02
  0.2343E+02
  0.2352E+02
  0.2357E+02
  0.2365E+02
  0.2372E+02
  0.2380E+02
  0.2387E+02
  0.2395E+02
  0.2403E+02
  0.2410E+02
  0.2418E+02
  0.2426E+02
  0.2434E+02
  0.2441E+02
  0.2449E+02
  0.2457E+02
  0.2466E+02
  0.2474E+02
  0.2483E+02
  0.2494E+02
  0.2506E+02
  0.2510E+02
  0.2515E+02
  0.2525E+02
  0.2531E+02
  0.2542E+02
  0.2553E+02
  0.2583E+02
  0.2571E+02
  0.2585E+02
  0.2577E+02
  0.2586E+02
  0.2596E+02
  0.2603E+02
  0.2608E+02
  0.2616E+02
  0.2625E+02
  0.2637E+02
  0.2642E+02
  0.2649E+02
  0.2657E+02
  0.2665E+02
  0.2673E+02
  0.2681E+02
  0.2690E+02
  0.2698E+02
  0.2706E+02
  0.2715E+02
  0.2723E+02
  0.2731E+02
  0.2740E+02
  0.2748E+02
  0.2757E+02
  0.2766E+02
  0.2774E+02
  0.2782E+02
  0.2791E+02
  0.2799E+02
  0.2808E+02
  0.2817E+02
  0.2825E+02
  0.2834E+02
  0.2843E+02
  0.2851E+02
  0.2860E+02
  0.2869E+02
  0.2878E+02
  0.2887E+02
  0.2895E+02
  0.2905E+02
  0.2913E+02
  0.2923E+02
  0.2932E+02
  0.2941E+02
  0.2952E+02
  0.2959E+02
  0.2969E+02
  0.2976E+02
  0.2984E+02
  0.2994E+02
  0.3002E+02
  0.3011E+02
  0.3021E+02
  0.3029E+02
  0.3039E+02
  0.3048E+02
  0.3057E+02
  0.3066E+02
  0.3076E+02
  0.3084E+02
  0.3093E+02
  0.3103E+02
  0.3111E+02
  0.3121E+02
  0.3131E+02
  0.3140E+02
  0.3149E+02
  0.3159E+02
  0.3172E+02
  0.3178E+02
  0.3189E+02
  0.3199E+02
  0.3210E+02
  0.3222E+02
  0.3232E+02
  0.3241E+02
  0.3245E+02
  0.3255E+02
  0.3264E+02
  0.3273E+02
  0.3282E+02
  0.3291E+02
  0.3301E+02
  0.3311E+02
  0.3321E+02
  0.3330E+02
  0.3340E+02
  0.3350E+02
  0.3360E+02
  0.3370E+02
  0.3380E+02
  0.3389E+02
  0.3400E+02
  0.3409E+02
  0.3419E+02
  0.3430E+02
  0.3439E+02
  0.3449E+02
  0.3459E+02
  0.3469E+02
  0.3479E+02
  0.3490E+02
  0.3500E+02
  0.3513E+02
  0.3520E+02
  0.3530E+02
  0.3540E+02
  0.3550E+02
  0.3561E+02
  0.3571E+02
  0.3581E+02
  0.3591E+02
  0.3602E+02
  0.3612E+02
  0.3623E+02
  0.3633E+02
  0.3644E+02
  0.3655E+02
  0.3665E+02
  0.3677E+02
  0.3686E+02
  0.3698E+02
  0.3707E+02
  0.3717E+02
  0.3728E+02
  0.3738E+02
  0.3749E+02
  0.3760E+02
  0.3770E+02
  0.3781E+02
  0.3792E+02
  0.3803E+02
  0.3814E+02
  0.3824E+02
  0.3835E+02
  0.3846E+02
  0.3858E+02
  0.3870E+02
  0.3881E+02
  0.3890E+02
  0.3902E+02
  0.3915E+02
  0.3924E+02
  0.3937E+02
  0.3947E+02
  0.3957E+02
  0.3967E+02
  0.3978E+02
  0.3990E+02
  0.4000E+02
  0.4011E+02
  0.4023E+02
  0.4034E+02
  0.4045E+02
  0.4056E+02
  0.4068E+02
  0.4079E+02
  0.4090E+02
  0.4102E+02
  0.4113E+02
  0.4125E+02
  0.4136E+02
  0.4148E+02
  0.4160E+02
  0.4171E+02
  0.4182E+02
  0.4194E+02
  0.4206E+02
  0.4217E+02
  0.4229E+02
  0.4241E+02
  0.4252E+02
  0.4264E+02
  0.4276E+02
  0.4287E+02
  0.4299E+02
  0.4311E+02
  0.4323E+02
  0.4335E+02
  0.4347E+02
  0.4359E+02
  0.4371E+02
  0.4383E+02
  0.4395E+02
  0.4407E+02
  0.4419E+02
  0.4432E+02
  0.4444E+02
  0.4456E+02
  0.4468E+02
  0.4480E+02
  0.4492E+02
  0.4504E+02
  0.4516E+02
  0.4528E+02
  0.4541E+02
  0.4553E+02
  0.4565E+02
  0.4578E+02
  0.4590E+02
  0.4603E+02
  0.4616E+02
  0.4628E+02
  0.4641E+02
  0.4654E+02
  0.4665E+02
  0.4678E+02
  0.4691E+02
  0.4703E+02
  0.4715E+02
  0.4729E+02
  0.4741E+02
  0.4754E+02
  0.4766E+02
  0.4779E+02
  0.4792E+02
  0.4805E+02
  0.4818E+02
  0.4831E+02
  0.4843E+02
  0.4856E+02
  0.4869E+02
  0.4882E+02
  0.4895E+02
  0.4908E+02
  0.4921E+02
  0.4934E+02
  0.4948E+02
  0.4961E+02
  0.4974E+02
  0.4987E+02
  0.5001E+02
  0.5014E+02
  0.5027E+02
  0.5040E+02
  0.5053E+02
  0.5067E+02
  0.5080E+02
  0.5094E+02
  0.5107E+02
  0.5121E+02
  0.5134E+02
  0.5148E+02
  0.5161E+02
  0.5175E+02
  0.5189E+02
  0.5202E+02
  0.5216E+02
  0.5229E+02
  0.5243E+02
  0.5257E+02
  0.5270E+02
  0.5284E+02
  0.5298E+02
  0.5312E+02
  0.5326E+02
  0.5340E+02
  0.5354E+02
  0.5368E+02
  0.5382E+02
  0.5396E+02
  0.5410E+02
  0.5424E+02
  0.5438E+02
  0.5453E+02
  0.5466E+02
  0.5480E+02
  0.5494E+02
  0.5508E+02
  0.5522E+02
  0.5537E+02
  0.5551E+02
  0.5565E+02
  0.5580E+02
  0.5594E+02
  0.5609E+02
  0.5623E+02
  0.5638E+02
  0.5652E+02
  0.5667E+02
  0.5681E+02
  0.5696E+02
  0.5710E+02
  0.5725E+02
  0.5740E+02
  0.5754E+02
  0.5769E+02
  0.5784E+02
  0.5799E+02
  0.5813E+02
  0.5828E+02
  0.5843E+02
  0.5858E+02
  0.5873E+02
  0.5888E+02
  0.5903E+02
  0.5918E+02
  0.5933E+02
  0.5948E+02
  0.5963E+02
  0.5978E+02
  0.5994E+02
  0.6009E+02
  0.6024E+02
  0.6039E+02
  0.6054E+02
  0.6069E+02
  0.6085E+02
  0.6100E+02
  0.6116E+02
  0.6131E+02
  0.6147E+02
  0.6162E+02
  0.6177E+02
  0.6193E+02
  0.6209E+02
  0.6224E+02
  0.6239E+02
  0.6255E+02
  0.6271E+02
  0.6287E+02
  0.6302E+02
  0.6318E+02
  0.6334E+02
  0.6350E+02
  0.6365E+02
  0.6381E+02
  0.6397E+02
  0.6413E+02
  0.6429E+02
  0.6445E+02
  0.6461E+02
  0.6477E+02
  0.6493E+02
  0.6509E+02
  0.6526E+02
  0.6542E+02
  0.6558E+02
  0.6574E+02
  0.6590E+02
  0.6607E+02
  0.6623E+02
  0.6640E+02
  0.6656E+02
  0.6673E+02
  0.6689E+02
  0.6705E+02
  0.6722E+02
  0.6739E+02
  0.6755E+02
  0.6772E+02
  0.6788E+02
  0.6805E+02
  0.6821E+02
  0.6838E+02
  0.6855E+02
  0.6872E+02
  0.6889E+02
  0.6905E+02
  0.6922E+02
  0.6939E+02
  0.6956E+02
  0.6973E+02
  0.6990E+02
  0.7007E+02
  0.7024E+02
  0.7041E+02
  0.7058E+02
  0.7075E+02
  0.7093E+02
  0.7110E+02
  0.7127E+02
  0.7144E+02
  0.7162E+02
  0.7179E+02
  0.7196E+02
  0.7214E+02
  0.7231E+02
  0.7249E+02
  0.7266E+02
  0.7284E+02
  0.7301E+02
  0.7319E+02
  0.7337E+02
  0.7354E+02
  0.7372E+02
  0.7390E+02
  0.7407E+02
  0.7425E+02
  0.7443E+02
  0.7461E+02
  0.7480E+02
  0.7497E+02
  0.7515E+02
  0.7533E+02
  0.7551E+02
  0.7569E+02
  0.7587E+02
  0.7605E+02
  0.7623E+02
  0.7641E+02
  0.7659E+02
  0.7678E+02
  0.7696E+02
  0.7714E+02
  0.7733E+02
  0.7751E+02
  0.7769E+02
  0.7788E+02
  0.7806E+02
  0.7825E+02
  0.7843E+02
  0.7862E+02
  0.7880E+02
  0.7899E+02
  0.7918E+02
  0.7936E+02
  0.7955E+02
  0.7974E+02
  0.7993E+02
  0.8012E+02
  0.8030E+02
  0.8049E+02
  0.8068E+02
  0.8087E+02
  0.8106E+02
  0.8125E+02
  0.8144E+02
  0.8163E+02
  0.8183E+02
  0.8202E+02
  0.8221E+02
  0.8240E+02
  0.8259E+02
  0.8279E+02
  0.8298E+02
  0.8317E+02
  0.8337E+02
  0.8356E+02
  0.8376E+02
  0.8395E+02
  0.8415E+02
  0.8434E+02
  0.8454E+02
  0.8474E+02
  0.8493E+02
  0.8513E+02
  0.8533E+02
  0.8553E+02
  0.8572E+02
  0.8592E+02
  0.8612E+02
  0.8632E+02
  0.8652E+02
  0.8672E+02
  0.8692E+02
  0.8712E+02
  0.8732E+02
  0.8752E+02
  0.8772E+02
  0.8793E+02
  0.8813E+02
  0.8833E+02
  0.8853E+02
  0.8874E+02
  0.8894E+02
  0.8915E+02
  0.8935E+02
  0.8955E+02
  0.8976E+02
  0.8996E+02
  0.9017E+02
  0.9038E+02
  0.9058E+02
  0.9079E+02
  0.9100E+02
  0.9121E+02
  0.9141E+02
  0.9162E+02
  0.9183E+02
  0.9204E+02
  0.9225E+02
  0.9246E+02
  0.9267E+02
  0.9288E+02
  0.9309E+02
  0.9330E+02
  0.9351E+02
  0.9372E+02
  0.9394E+02
  0.9415E+02
  0.9436E+02
  0.9457E+02
  0.9479E+02
  0.9500E+02
  0.9522E+02
  0.9543E+02
  0.9565E+02
  0.9586E+02
  0.9608E+02
  0.9629E+02
  0.9651E+02
  0.9673E+02
  0.9695E+02
  0.9716E+02
  0.9738E+02
  0.9760E+02
  0.9782E+02
  0.9804E+02
  0.9826E+02
  0.9848E+02
  0.9870E+02
  0.9892E+02
  0.9914E+02
  0.9936E+02
  0.9958E+02
  0.9980E+02
  0.1000E+03
  0.1002E+03
  0.1005E+03
  0.1007E+03
  0.1009E+03
  0.1011E+03
  0.1014E+03
  0.1016E+03
  0.1018E+03
  0.1020E+03
  0.1023E+03
  0.1025E+03
  0.1027E+03
  0.1030E+03
  0.1032E+03
  0.1034E+03
  0.1036E+03
  0.1039E+03
  0.1041E+03
  0.1043E+03
  0.1046E+03
  0.1048E+03
  0.1050E+03
  0.1052E+03
  0.1055E+03
  0.1057E+03
  0.1059E+03
  0.1062E+03
  0.1064E+03
  0.1066E+03
  0.1069E+03
  0.1071E+03
  0.1073E+03
  0.1076E+03
  0.1078E+03
  0.1080E+03
  0.1083E+03
  0.1085E+03
  0.1088E+03
  0.1090E+03
  0.1092E+03
  0.1095E+03
  0.1097E+03
  0.1099E+03
  0.1102E+03
  0.1104E+03
  0.1107E+03
  0.1109E+03
  0.1111E+03
  0.1114E+03
  0.1116E+03
  0.1119E+03
  0.1121E+03
  0.1124E+03
  0.1126E+03
  0.1128E+03
  0.1131E+03
  0.1133E+03
  0.1136E+03
  0.1138E+03
  0.1141E+03
  0.1143E+03
  0.1146E+03
  0.1148E+03
  0.1151E+03
  0.1153E+03
  0.1156E+03
  0.1158E+03
  0.1160E+03
  0.1163E+03
  0.1165E+03
  0.1168E+03
  0.1170E+03
  0.1173E+03
  0.1175E+03
  0.1178E+03
  0.1181E+03
  0.1183E+03
  0.1186E+03
  0.1188E+03
  0.1191E+03
  0.1193E+03
  0.1196E+03
  0.1198E+03
  0.1201E+03
  0.1203E+03
  0.1206E+03
  0.1208E+03
  0.1211E+03
  0.1214E+03
  0.1216E+03
  0.1219E+03
  0.1221E+03
  0.1224E+03
  0.1227E+03
  0.1229E+03
  0.1232E+03
  0.1234E+03
  0.1237E+03
  0.1240E+03
  0.1242E+03
  0.1245E+03
  0.1247E+03
  0.1250E+03
  0.1253E+03
  0.1255E+03
  0.1258E+03
  0.1261E+03
  0.1263E+03
  0.1266E+03
  0.1269E+03
  0.1271E+03
  0.1274E+03
  0.1277E+03
  0.1279E+03
  0.1282E+03
  0.1285E+03
  0.1287E+03
  0.1290E+03
  0.1293E+03
  0.1295E+03
  0.1298E+03
  0.1301E+03
  0.1304E+03
  0.1306E+03
  0.1309E+03
  0.1312E+03
  0.1314E+03
  0.1317E+03
  0.1320E+03
  0.1323E+03
  0.1325E+03
  0.1328E+03
  0.1331E+03
  0.1334E+03
  0.1336E+03
  0.1339E+03
  0.1342E+03
  0.1345E+03
  0.1348E+03
  0.1350E+03
  0.1353E+03
  0.1356E+03
  0.1359E+03
  0.1362E+03
  0.1364E+03
  0.1367E+03
  0.1370E+03
  0.1373E+03
  0.1376E+03
  0.1378E+03
  0.1381E+03
  0.1384E+03
  0.1387E+03
  0.1390E+03
  0.1393E+03
  0.1395E+03
  0.1398E+03
  0.1401E+03
  0.1404E+03
  0.1407E+03
  0.1410E+03
  0.1413E+03
  0.1416E+03
  0.1418E+03
  0.1421E+03
  0.1424E+03
  0.1427E+03
  0.1430E+03
  0.1433E+03
  0.1436E+03
  0.1439E+03
  0.1442E+03
  0.1445E+03
  0.1448E+03
  0.1451E+03
  0.1454E+03
  0.1456E+03
  0.1459E+03
  0.1462E+03
  0.1465E+03
  0.1468E+03
  0.1471E+03
  0.1474E+03
  0.1477E+03
  0.1480E+03
  0.1483E+03
  0.1486E+03
  0.1489E+03
  0.1492E+03
  0.1495E+03
  0.1498E+03
  0.1501E+03
  0.1504E+03
  0.1507E+03
  0.1510E+03
  0.1513E+03
  0.1516E+03
  0.1519E+03
  0.1523E+03
  0.1526E+03
  0.1529E+03
  0.1532E+03
