 tau_sw_i
                          0.3638672044687153E-13
                          0.5612668406536512E-11
                          0.6257309270587977E-11
                          0.6005771389595285E-10
                          0.1786177135516452E-09
                          0.8939320686204911E-10
                          0.5184653995413777E-09
                          0.2025457361646360E-09
                          0.3471058977520715E-10
                          0.3389600140552914E-09
                          0.6779951699655123E-11
                          0.7203123894035851E-08
                          0.2266205367062416E-07
                          0.8288780477853723E-12
                          0.3277885291253661E-12
                          0.6472337183124531E-11
                          0.1005213921357000E-12
                          0.3173336601010378E-11
                          0.1381983199932293E-12
                          0.4537672297097293E-12
                          0.2773151321541021E-12
                          0.6834476918700681E-12
                          0.3908762704402841E-11
                          0.1076701828000015E-09
                          0.6192891441603911E-08
                          0.1693214916835225E-07
                          0.1262267396910092E-05
                          0.7623951482798428E-05
                          0.5220544540155894E-07
                          0.7583929810925333E-08
                          0.1465661182811187E-07
                          0.1525179241405125E-11
                          0.4672462630215265E-11
                          0.1526967056780251E-11
                          0.5109289622816361E-11
                          0.1894275840037390E-11
                          0.2121723023982530E-11
                          0.2379733988682228E-11
                          0.4193026665713010E-11
                          0.3303220321699725E-11
                          0.3227747563683236E-11
                          0.3576758927653344E-11
                          0.4696656866430769E-11
                          0.5591989664271917E-11
                          0.4721478525089417E-11
                          0.5161548501145142E-11
                          0.5748114884727904E-11
                          0.6141375780028644E-11
                          0.6682818548968867E-11
                          0.8126212247809449E-11
                          0.5584271008398438E-10
                          0.3981422025016996E-10
                          0.1349740179067259E-06
                          0.1249255265539762E-10
                          0.3838357424485363E-10
                          0.3349469684693235E-09
                          0.1441016670302164E-10
                          0.1338443945259389E-10
                          0.1465138862979548E-10
                          0.1675902057515071E-10
                          0.1816146036792840E-10
                          0.1898490360518579E-10
                          0.2296063567249480E-10
                          0.8587066155502201E-10
                          0.2171718969230982E-10
                          0.2645145752165192E-10
                          0.7384380016434140E-10
                          0.2804295669474561E-10
                          0.3508046257811130E-10
                          0.3024551131504753E-10
                          0.3164271126092664E-10
                          0.3253919348579335E-10
                          0.3411690226652156E-10
                          0.2231803806955229E-09
                          0.3938906313437428E-10
                          0.3248431042550490E-07
                          0.9387464770434533E-04
                          0.1951346893893302E-09
                          0.6454203280981138E-10
                          0.5070406830870128E-10
                          0.5457148299086986E-10
                          0.7789788408006689E-08
                          0.7853965269949035E-08
                          0.2321867263846882E-05
                          0.4092497475550539E-05
                          0.7159273166430398E-10
                          0.6883960463491486E-10
                          0.7200004528963172E-10
                          0.7548735379985791E-10
                          0.1676931130675451E-09
                          0.3886511804482409E-07
                          0.5373331258321722E-03
                          0.9249974886310481E-02
                          0.4851204526352521E-04
                          0.9901719119937704E-04
                          0.1536115261458848E-05
                          0.2497423956126779E-09
                          0.1112917759381479E-09
                          0.1160113570612847E-09
                          0.1676499227741260E-09
                          0.3523713110558912E-09
                          0.1347053398069005E-09
                          0.1378313951084621E-09
                          0.1540031709557331E-06
                          0.2403720718038479E-09
                          0.2995895305896480E-09
                          0.1611489259108061E-09
                          0.1647930619846465E-09
                          0.1710092845915444E-09
                          0.1776851041911199E-09
                          0.1878763948728361E-09
                          0.1921893657162968E-09
                          0.1976966153061043E-09
                          0.2048084197529787E-09
                          0.2121503465316717E-09
                          0.2196763961519723E-09
                          0.2274185843496874E-09
                          0.2353554002303336E-09
                          0.2438350714001476E-09
                          0.2843420241908281E-09
                          0.7061041779711230E-08
                          0.2701122036737321E-09
                          0.2783915003380635E-09
                          0.7392763175001562E-08
                          0.3004469495444721E-09
                          0.3972238213779374E-08
                          0.3173135209820534E-09
                          0.3272895943439202E-09
                          0.3399014751189388E-09
                          0.3490047584655220E-09
                          0.3587093538720923E-09
                          0.3701665467688812E-09
                          0.3834400302056997E-09
                          0.3988918657858556E-07
                          0.5194471009143035E-08
                          0.4180300698520240E-09
                          0.4936988752078939E-09
                          0.1434363058391324E-08
                          0.4602552349969668E-09
                          0.5166494120321607E-09
                          0.2131647786496294E-08
                          0.8930334678156854E-08
                          0.1481171556054292E-04
                          0.3382433739738392E-07
                          0.9144780360831740E-06
                          0.1645834664643480E-05
                          0.1135633470832887E-07
                          0.1050741259758247E-03
                          0.9332197445887349E-06
                          0.5123224028310456E-05
                          0.2124398250536996E-08
                          0.6631343617214319E-09
                          0.7197013770694162E-09
                          0.6968982193485615E-09
                          0.4052389296636182E-07
                          0.7262588396630890E-09
                          0.7444885804987977E-09
                          0.7630683850442929E-09
                          0.7852744004063607E-09
                          0.8061077478485167E-09
                          0.2017401281448526E-07
                          0.8727962162339343E-09
                          0.8647240529749608E-09
                          0.8862666723007904E-09
                          0.9083272524762735E-09
                          0.9305629674066096E-09
                          0.5287590810702081E-06
                          0.9765503463926370E-09
                          0.1000393980114237E-08
                          0.1024106270369587E-08
                          0.1048555178693651E-08
                          0.1073439680900265E-08
                          0.1098764547717872E-08
                          0.1124541879914094E-08
                          0.1154452258613756E-08
                          0.1195446415268032E-08
                          0.1204583295060035E-08
                          0.5446192697082558E-05
                          0.1260497173529543E-08
                          0.1390452550606558E-08
                          0.1325799088137057E-08
                          0.1347719992425648E-08
                          0.1377866337656778E-08
                          0.1286470605874275E-07
                          0.1441004511290937E-08
                          0.1594299411348704E-08
                          0.1299983350601774E-03
                          0.1595644429844068E-08
                          0.1568817212776847E-08
                          0.1654060997599038E-08
                          0.1764352782791736E-08
                          0.2013616724889185E-08
                          0.1824225414989899E-08
                          0.1316710810758659E-07
                          0.2434215875083750E-08
                          0.2420265829139750E-07
                          0.7116773174222085E-08
                          0.4042949541791576E-04
                          0.2841854511274473E-07
                          0.2073283977176040E-07
                          0.7690051709882192E-07
                          0.2071688130118857E-08
                          0.2131935653908081E-08
                          0.3385952583110197E-08
                          0.1055881729448920E-05
                          0.3021671264530331E-08
                          0.2260968701263984E-08
                          0.2305093135184172E-08
                          0.2370806835200173E-08
                          0.2398228138611939E-08
                          0.2445385128484985E-08
                          0.2489504339919493E-08
                          0.2590531768141684E-08
                          0.2670950654557444E-08
                          0.2634087142996842E-08
                          0.2682902286145378E-08
                          0.5044391532059839E-08
                          0.2819355936585905E-08
                          0.2834913034541313E-08
                          0.2887263775526253E-08
                          0.2940359993495787E-08
                          0.2998283852801544E-08
                          0.3048740752384093E-08
                          0.3103974508484189E-08
                          0.3160021520151335E-08
                          0.3216816337795862E-08
                          0.3298570793793699E-08
                          0.3337278774120735E-08
                          0.3391810586191622E-08
                          0.3451700030025089E-08
                          0.3512371196812247E-08
                          0.3574327256476850E-08
                          0.3636166853252228E-08
                          0.3702560210317768E-08
                          0.3763391066819350E-08
                          0.5437455001742190E-08
                          0.3893503136759923E-08
                          0.3960194502706317E-08
                          0.1086962967900484E-07
                          0.4441636120530950E-08
                          0.4164696782745541E-08
                          0.3669602845285944E-07
                          0.4308854949801666E-08
                          0.4422379937288765E-08
                          0.4452847967869637E-08
                          0.4525845936630064E-08
                          0.4643326471490144E-08
                          0.1889624955269868E-07
                          0.4802627662293064E-08
                          0.4994619149206921E-08
                          0.4973454644192620E-08
                          0.4991103435925743E-08
                          0.5265799004744900E-08
                          0.1210135310750932E-06
                          0.5572903939948577E-08
                          0.5309137553646794E-08
                          0.5390640732747880E-08
                          0.5475089011754479E-08
                          0.5574881945258929E-08
                          0.5657304687758610E-08
                          0.5774250240544992E-08
                          0.5834259445057553E-08
                          0.5916010605829889E-08
                          0.6004621297878158E-08
                          0.6097054627808715E-08
                          0.6189197023966141E-08
                          0.6394123749936988E-08
                          0.6524047312081312E-08
                          0.7656865650069622E-08
                          0.6571965926349852E-08
                          0.6737406790225142E-08
                          0.6791256196235159E-08
                          0.6872335323443081E-08
                          0.6971090963028743E-08
                          0.8707166544000162E-08
                          0.9446827863584834E-08
                          0.7308926886387502E-08
                          0.7569787365536846E-08
                          0.8129179860526876E-08
                          0.8960375312850392E-08
                          0.7719008765590485E-08
                          0.7830930836113525E-08
                          0.7944841125468459E-08
                          0.8049953049023348E-08
                          0.8164492792555478E-08
                          0.8282430488323493E-08
                          0.8396536633757246E-08
                          0.1841564401440797E-07
                          0.8634834620747358E-08
                          0.8754684477101164E-08
                          0.8878161669926137E-08
                          0.8999878309901698E-08
                          0.1507442285014177E-07
                          0.9250761357325125E-08
                          0.9391501038429126E-08
                          0.9504232016408019E-08
                          0.9687456385557044E-08
                          0.9764540540580661E-08
                          0.9899531095921489E-08
                          0.1003440961257257E-07
                          0.1016514660654554E-07
                          0.1030113542508521E-07
                          0.1043871696743152E-07
                          0.1058382951404111E-07
                          0.1073037359045616E-07
                          0.1086058350658919E-07
                          0.1101952212153170E-07
                          0.1114723122084152E-07
                          0.1129333170230198E-07
                          0.1162688968782456E-07
                          0.1159263508005431E-07
                          0.1173957552291536E-07
                          0.1189126708965052E-07
                          0.1204443173990737E-07
                          0.1219909780745950E-07
                          0.1235525839722379E-07
                          0.1251334308691854E-07
                          0.1267603442702416E-07
                          0.1283474330412810E-07
                          0.1299494873707700E-07
                          0.1316112823636007E-07
                          0.1332368857912210E-07
                          0.1349326817489400E-07
                          0.1443961590345375E-07
                          0.1390791744603910E-07
                          0.1490047929606147E-07
                          0.1417363219170760E-07
                          0.1464968845086194E-07
                          0.1103250536049816E-03
                          0.1470551988706336E-07
                          0.1488293196738207E-07
                          0.1507975378559925E-07
                          0.1539474795715697E-07
                          0.1543029436163733E-07
                          0.1561644389116316E-07
                          0.1580550174548171E-07
                          0.1599390456030636E-07
                          0.1618500098834507E-07
                          0.1637794347147535E-07
                          0.1657270114180193E-07
                          0.1676899333335305E-07
                          0.1696780314162896E-07
                          0.1716700653837924E-07
                          0.1736875973651327E-07
                          0.1757206115859921E-07
                          0.1777726057469508E-07
                          0.1798431946794628E-07
                          0.1989514268210344E-07
                          0.2269254664118332E-07
                          0.1862230747669494E-07
                          0.1883050834448266E-07
                          0.1904643153012623E-07
                          0.1926452411229271E-07
                          0.1143553111280132E-05
                          0.1971398001860457E-07
                          0.1992951514022443E-07
                          0.2015500911931211E-07
                          0.2038447965841034E-07
                          0.4373659492898297E-07
                          0.2084296987096894E-07
                          0.2107609957417438E-07
                          0.2131124362900030E-07
                          0.2179646903391505E-07
                          0.2178786865595921E-07
                          0.2203002902630079E-07
                          0.2227147440909047E-07
                          0.2251652654245562E-07
                          0.2276357886972402E-07
                          0.2301268700856823E-07
                          0.2326380298752959E-07
                          0.2365165063077547E-07
                          0.2377224093155283E-07
                          0.2403711778219353E-07
                          0.2428895274319764E-07
                          0.2455044963698192E-07
                          0.2497651760598944E-07
                          0.2509565633636468E-07
                          0.2534792511450467E-07
                          0.2561759498377347E-07
                          0.2588977099398312E-07
                          0.2616488562149943E-07
                          0.2645313066651182E-07
                          0.2671917253981335E-07
                          0.2699998411372296E-07
                          0.2728328081398501E-07
                          0.2756843774407371E-07
                          0.2785584046084791E-07
                          0.2814558964087400E-07
                          0.2843759928807965E-07
                          0.2873187532558110E-07
                          0.2902842934876255E-07
                          0.2932783527304405E-07
                          0.2962841843981401E-07
                          0.2993187758107227E-07
                          0.3023842412718330E-07
                          0.3054578151363994E-07
                          0.3085625124526688E-07
                          0.3116908097231631E-07
                          0.3148428541758959E-07
                          0.3180206492674882E-07
                          0.3212185546456310E-07
                          0.3244424856889195E-07
                          0.3276906465272875E-07
                          0.3309631043137562E-07
                          0.3342599928696136E-07
                          0.3375814810700971E-07
                          0.3409276529283475E-07
                          0.3442986883565347E-07
                          0.3476950331710181E-07
                          0.3511155562490172E-07
                          0.3711037408452440E-07
                          0.3580604775593265E-07
                          0.3615301323910818E-07
                          0.3650826041804429E-07
                          0.3686038297878283E-07
                          0.3721781217344749E-07
                          0.3757907531983724E-07
                          0.3794254011259554E-07
                          0.3830525519835354E-07
                          0.3867310793395838E-07
                          0.3904429233419055E-07
                          0.3941673926758681E-07
                          0.3989546559167849E-07
                          0.4030997760681708E-07
                          0.4170096043886049E-07
                          0.4093628914385076E-07
                          0.4132279758789213E-07
                          0.4171371044696694E-07
                          0.4222525817183590E-07
                          0.4414940315990514E-07
                          0.4871452388784085E-07
                          0.4452938925606274E-07
                          0.4383850064679421E-07
                          0.4486160832717548E-07
                          0.4485390546782583E-07
                          0.4492661749478613E-07
                          0.4534112452343544E-07
                          0.4575849378684801E-07
                          0.4617874535628127E-07
                          0.4660199062158111E-07
                          0.4702790040369163E-07
                          0.4745687193599395E-07
                          0.4788872917585246E-07
                          0.4832353970125120E-07
                          0.4876130917814843E-07
                          0.4921831753672596E-07
                          0.4964576557758798E-07
                          0.5009247647698779E-07
                          0.5054221102522198E-07
                          0.5099493884777502E-07
                          0.5145071594813402E-07
                          0.5190954148593297E-07
                          0.5237142900059983E-07
                          0.5283639201922223E-07
                          0.5330444417181109E-07
                          0.5377690961834248E-07
                          0.5424987512261846E-07
                          0.5472727495660436E-07
                          0.5520787026794020E-07
                          0.5569157509028391E-07
                          0.5617861579862608E-07
                          0.5666845683252529E-07
                          0.5716171641544247E-07
                          0.5765818912529959E-07
                          0.5815788883096975E-07
                          0.5866082967186757E-07
                          0.5916702593445517E-07
                          0.5967649010786349E-07
                          0.6018962226288013E-07
                          0.6070528287414690E-07
                          0.6122463886934238E-07
                          0.6174732345008738E-07
                          0.6227334128624769E-07
                          0.6280271604154499E-07
                          0.6333545882178906E-07
                          0.6387160052114014E-07
                          0.6441852436274174E-07
                          0.6495403718533464E-07
                          0.6550039423307661E-07
                          0.6605019582577809E-07
                          0.6660345906894300E-07
                          0.6716019854586500E-07
                          0.6772036532651672E-07
                          0.6828750239403485E-07
                          0.6885130301759680E-07
                          0.6942201070074703E-07
                          0.6999629100936662E-07
                          0.7057412286962689E-07
                          0.7115562289689519E-07
                          0.7174052302478224E-07
                          0.7232910487073039E-07
                          0.7292137454177165E-07
                          0.7351735096318829E-07
                          0.7411662086579485E-07
                          0.7471988449594220E-07
                          0.7532656036036146E-07
                          0.7593705678485398E-07
                          0.7655126565832785E-07
                          0.7716917864867914E-07
                          0.7779082822426724E-07
                          0.7841622880790701E-07
                          0.7904541767118124E-07
                          0.7967834944079014E-07
                          0.8031507119067315E-07
                          0.8095588076804046E-07
                          0.8159998482307095E-07
                          0.8224820750988245E-07
                          0.8290093740048870E-07
                          0.8355618468149696E-07
                          0.8421600027953170E-07
                          0.8488031080926509E-07
                          0.8554829530841451E-07
                          0.8621890904088361E-07
                          0.8689441724639829E-07
                          0.8757388714057949E-07
                          0.8825733409006132E-07
                          0.8894477374176211E-07
                          0.8963622127521435E-07
                          0.9033169238619587E-07
                          0.9103120274941658E-07
                          0.9173477234120282E-07
                          0.9244240358752750E-07
                          0.9315412534562854E-07
                          0.9386994891875827E-07
                          0.9458989003700736E-07
                          0.9531396445896903E-07
                          0.9604218797567588E-07
                          0.9677457667812661E-07
                          0.9751114561000830E-07
                          0.9827184114742366E-07
                          0.9899689820415172E-07
                          0.9974609671981061E-07
                          0.1004997175280344E-06
                          0.1012596674790539E-06
                          0.1020192491160749E-06
                          0.1027855290787933E-06
                          0.1035561186050020E-06
                          0.1043310329515609E-06
                          0.1051102905097994E-06
                          0.1058939004103420E-06
                          0.1066820185414376E-06
                          0.1074742980264015E-06
                          0.1082720835786878E-06
                          0.1090729015128681E-06
                          0.1098778913539187E-06
                          0.1107393384182859E-06
                          0.1115025510139212E-06
                          0.1123216373173763E-06
                          0.1131451691179396E-06
                          0.1139732463604382E-06
                          0.1148058634585050E-06
                          0.1156430393898624E-06
                          0.1164852434730009E-06
                          0.1173311197238092E-06
                          0.1181820344863857E-06
                          0.1190390419497948E-06
                          0.1198977887724025E-06
                          0.1207626524395816E-06
                          0.1216321289095023E-06
                          0.1225063239960763E-06
                          0.1233852350777138E-06
                          0.1242688513055586E-06
                          0.1251572974529648E-06
                          0.1262309538806993E-06
                          0.1269805229928033E-06
                          0.1278508873432643E-06
                          0.1287584708364450E-06
                          0.1296708417408227E-06
                          0.1305878130487076E-06
                          0.1315098344997080E-06
                          0.1324366844429293E-06
                          0.1333684480242716E-06
                          0.1343051207991397E-06
                          0.1352467154516031E-06
                          0.1361932544019335E-06
                          0.1371457708734739E-06
                          0.1381027107584875E-06
                          0.1390759246099034E-06
                          0.1400291934678969E-06
                          0.1410006899716755E-06
                          0.1419772480457249E-06
                          0.1429588676577760E-06
                          0.1439455698216877E-06
                          0.1449373708470387E-06
                          0.1459342882994898E-06
                          0.1469363952217728E-06
                          0.1479435426902384E-06
                          0.1489559148554750E-06
                          0.1499734738862057E-06
                          0.1509962509383186E-06
                          0.1520242243156970E-06
                          0.1530574490975004E-06
                          0.1540959406879492E-06
                          0.1551396918976524E-06
                          0.1561887446153269E-06
                          0.1572431083818898E-06
                          0.1583028014625473E-06
                          0.1593678416628146E-06
                          0.1604382469145970E-06
                          0.1615172874145132E-06
                          0.1625956299902737E-06
                          0.1636818331358264E-06
                          0.1647738788524784E-06
                          0.1658713825049118E-06
                          0.1669743549031533E-06
                          0.1680829006969221E-06
                          0.1691967962657469E-06
                          0.1703163002414788E-06
                          0.1714415378271481E-06
                          0.1725720041407321E-06
                          0.1737116839283318E-06
                          0.1748499619398156E-06
                          0.1762781406652766E-06
                          0.1771504448465300E-06
                          0.1783091753581704E-06
                          0.1794735387649271E-06
                          0.1806436199489116E-06
                          0.1818194166752627E-06
                          0.1830009374842345E-06
                          0.1841882103086560E-06
                          0.1853812513718199E-06
                          0.1865800784239338E-06
                          0.1877847706641375E-06
                          0.1889951670907518E-06
                          0.1902114657282155E-06
                          0.1914336254822698E-06
                          0.1926616654670711E-06
                          0.1938956043796659E-06
                          0.1951354611071335E-06
                          0.1963812544855811E-06
                          0.1976330202271348E-06
                          0.1988907269958460E-06
                          0.2001659965909061E-06
                          0.2014255700136196E-06
                          0.2026999348068217E-06
                          0.2039817468801664E-06
                          0.2052696293021020E-06
                          0.2065636302071310E-06
                          0.2078636770382628E-06
                          0.2091698827341224E-06
                          0.2104822348912514E-06
                          0.2118007527420458E-06
                          0.2131254555835658E-06
                          0.2144563627238712E-06
                          0.2157934944902472E-06
                          0.2171368672898754E-06
                          0.2184865034921271E-06
                          0.2198424215398306E-06
                          0.2212046408952662E-06
                          0.2225731810565690E-06
                          0.2239480615453632E-06
                          0.2253293018825597E-06
                          0.2267169221278885E-06
                          0.2281109405745549E-06
                          0.2295113781750883E-06
                          0.2309182541892956E-06
                          0.2323315891747979E-06
                          0.2337514001166310E-06
                          0.2351777095954286E-06
                          0.2366105383124337E-06
                          0.2380504635170117E-06
                          0.2394958243980429E-06
                          0.2409483196955655E-06
                          0.2424074146085371E-06
                          0.2438731263403646E-06
                          0.2453454748060606E-06
                          0.2468244806123844E-06
                          0.2483101622720042E-06
                          0.2498025418729010E-06
                          0.2515774130902194E-06
                          0.2528074701748470E-06
                          0.2543200613632107E-06
                          0.2558394280726719E-06
                          0.2573655934009412E-06
                          0.2588985890959977E-06
                          0.2604384003285126E-06
                          0.2619850872492167E-06
                          0.2635386378635008E-06
                          0.2650990956917517E-06
                          0.2666664831200312E-06
                          0.2682520274649522E-06
                          0.2698220695533795E-06
                          0.2722299208340449E-06
                          0.2730055860747348E-06
                          0.2746078987534390E-06
                          0.2762172349393753E-06
                          0.2778335812746124E-06
                          0.2794570529532799E-06
                          0.2810876292564208E-06
                          0.2827253309780010E-06
                          0.2843701781724558E-06
                          0.2860221929351361E-06
                          0.2876813936862008E-06
                          0.2893479858062831E-06
                          0.2910221343248932E-06
                          0.2927024214849450E-06
                          0.2943913404500559E-06
                          0.2960859547385973E-06
                          0.2977887069522138E-06
                          0.2994993867775299E-06
                          0.3012167683371472E-06
                          0.3029410929160923E-06
                          0.3046733129991413E-06
                          0.3064129569697514E-06
                          0.3081617104219226E-06
                          0.3099145837921867E-06
                          0.3116766090458908E-06
                          0.3134461558804939E-06
                          0.3155828130601739E-06
                          0.3170077871061391E-06
                          0.3187999515235632E-06
                          0.3206000839008295E-06
                          0.3224070664666018E-06
                          0.3242220601429431E-06
                          0.3260447044798318E-06
                          0.3278750237105659E-06
                          0.3297130382659090E-06
                          0.3315587697466640E-06
                          0.3334122397082476E-06
                          0.3352734697050070E-06
                          0.3371424814303370E-06
                          0.3390192965001688E-06
                          0.3409039366397380E-06
                          0.3427964235245295E-06
                          0.3446968622730948E-06
                          0.3466050246651167E-06
                          0.3485257513578432E-06
                          0.3504452743772230E-06
                          0.3523773218849196E-06
                          0.3543173486119205E-06
                          0.3562654265986503E-06
                          0.3582214187777702E-06
                          0.3601937966250479E-06
                          0.3621576762294513E-06
                          0.3641379302647132E-06
                          0.3661262792410290E-06
                          0.3681289464794925E-06
                          0.3701580938346744E-06
                          0.3721402056027066E-06
                          0.3741612148172105E-06
                          0.3761904676910300E-06
                          0.3782279265756725E-06
                          0.3802736685464390E-06
                          0.3823277012497204E-06
                          0.3843900382368982E-06
                          0.3864607099661225E-06
                          0.3885397365636851E-06
                          0.3906271401296542E-06
                          0.3927229433028019E-06
                          0.3948271685692696E-06
                          0.3969398395599576E-06
                          0.3990617686456115E-06
                          0.4011906026703949E-06
                          0.4033287423869639E-06
                          0.4054754617313929E-06
                          0.4076306469492498E-06
                          0.4097944591693227E-06
                          0.4119668745258888E-06
                          0.4141479159964637E-06
                          0.4163376058476237E-06
                          0.4185359674505622E-06
                          0.4207430234850254E-06
                          0.4229587996622486E-06
                          0.4251833104603466E-06
                          0.4274165872841507E-06
                          0.4296586502862212E-06
                          0.4319095253306471E-06
                          0.4341692269598648E-06
                          0.4364377867429228E-06
                          0.4387152249542904E-06
                          0.4410015647280141E-06
                          0.4432968343012977E-06
                          0.4456010416524595E-06
                          0.4479142252482672E-06
                          0.4502364032375435E-06
                          0.4525675988553833E-06
                          0.4549078405207724E-06
                          0.4572571370730231E-06
                          0.4596155261337723E-06
                          0.4619830251305122E-06
                          0.4643596598568206E-06
                          0.4667454526843871E-06
                          0.4691405748755979E-06
                          0.4715446122891920E-06
                          0.4739580133726582E-06
                          0.4763825157462141E-06
                          0.4788126528700264E-06
                          0.4812538437258533E-06
                          0.4837044016043041E-06
                          0.4861643067052346E-06
                          0.4886339586297357E-06
                          0.4911122527322584E-06
                          0.4936003405637633E-06
                          0.4961011103070258E-06
                          0.4986048666497677E-06
                          0.5011213523135517E-06
                          0.5036473633781002E-06
                          0.5061828917412247E-06
                          0.5087284057605656E-06
                          0.5112827034008004E-06
                          0.5138470282733023E-06
                          0.5164209257371352E-06
                          0.5190044768753496E-06
                          0.5215977438180776E-06
                          0.5242007168145755E-06
                          0.5268134201790529E-06
                          0.5294358777560319E-06
                          0.5320681141721127E-06
                          0.5347101535680186E-06
                          0.5373620202623712E-06
                          0.5400237406271096E-06
                          0.5426953336858676E-06
                          0.5453768283915568E-06
                          0.5480682473134458E-06
                          0.5507696983567156E-06
                          0.5534809587639523E-06
                          0.5562022997135850E-06
                          0.5589336637703222E-06
                          0.5616753090822961E-06
                          0.5644265580241396E-06
                          0.5671881926528034E-06
                          0.5699598392780476E-06
                          0.5727416866245487E-06
                          0.5755337047887497E-06
                          0.5783359456530212E-06
                          0.5811483524353946E-06
                          0.5839710315792996E-06
                          0.5868039807307814E-06
                          0.5896472247682003E-06
                          0.5925007886501254E-06
                          0.5953646971637774E-06
                          0.5982389754340862E-06
                          0.6011236484106834E-06
                          0.6040187411238587E-06
                          0.6069242787237596E-06
                          0.6098402869131858E-06
                          0.6127667884527790E-06
                          0.6157038110299845E-06
                          0.6186513789820603E-06
                          0.6216095174307242E-06
                          0.6245782517078880E-06
                          0.6275576070954153E-06
                          0.6305476095428129E-06
                          0.6335483346350815E-06
                          0.6365596528041783E-06
                          0.6395817500884144E-06
                          0.6426145864813681E-06
                          0.6456582006489935E-06
                          0.6487126192132180E-06
                          0.6517778609758947E-06
                          0.6548539389475822E-06
                          0.6579409455718626E-06
                          0.6610387645746931E-06
                          0.6641475548341122E-06
                          0.6672673435583192E-06
                          0.6703980182970620E-06
                          0.6735397445604623E-06
                          0.6766924968906224E-06
                          0.6798573763945588E-06
                          0.6830311966242557E-06
                          0.6862171940310068E-06
                          0.6894143242666354E-06
                          0.6926226132386120E-06
                          0.6958420868821637E-06
                          0.6990727717374798E-06
                          0.7023146920676244E-06
                          0.7055678756289296E-06
                          0.7088323484514940E-06
                          0.7121081546774313E-06
                          0.7153952629343060E-06
                          0.7186937579572313E-06
                          0.7220036462097796E-06
                          0.7253249539031560E-06
                          0.7286577072496775E-06
                          0.7320019325383744E-06
                          0.7353576560560884E-06
                          0.7387249046500988E-06
                          0.7421037034672612E-06
                          0.7454940793926369E-06
                          0.7488961470621219E-06
                          0.7523098009663500E-06
                          0.7557349363206078E-06
                          0.7591718862464572E-06
                          0.7626205458956225E-06
                          0.7660809417194327E-06
                          0.7695531003809928E-06
                          0.7730370485445246E-06
                          0.7765328147583545E-06
                          0.7800404207700384E-06
                          0.7835598965078147E-06
                          0.7870912693931320E-06
                          0.7906345653305274E-06
                          0.7941898114440609E-06
                          0.7977570336457117E-06
                          0.8013362596722783E-06
                          0.8049275171002998E-06
                          0.8085308301768358E-06
                          0.8121462283611124E-06
                          0.8157737694042533E-06
                          0.8194133858519715E-06
                          0.8230651992758644E-06
                          0.8267292049962628E-06
                          0.8304054303944066E-06
                          0.8340939028255223E-06
                          0.8377946502716391E-06
                          0.8415076991171799E-06
                          0.8452330710578391E-06
                          0.8489708021156884E-06
                          0.8527209159380144E-06
                          0.8564834400874286E-06
                          0.8602586264435123E-06
                          0.8640458280928199E-06
                          0.8678457469578455E-06
                          0.8716584094050719E-06
                          0.8754831713467625E-06
                          0.8793207319072479E-06
                          0.8831708967276755E-06
                          0.8870336873740425E-06
                          0.8909091374490704E-06
                          0.8947972725176643E-06
                          0.8986981202869083E-06
                          0.9026117084661599E-06
                          0.9065380646214878E-06
                          0.9104772166374309E-06
                          0.9144291922364008E-06
                          0.9183940192190088E-06
                          0.9223717255496291E-06
                          0.9263623386880316E-06
                          0.9303658869270939E-06
                          0.9343823980510686E-06
                          0.9384119011822427E-06
                          0.9424544220601912E-06
                          0.9465099884336383E-06
                          0.9505786308949142E-06
                          0.9546603763234539E-06
                          0.9587552668019352E-06
                          0.9628632887910093E-06
                          0.9669845175886054E-06
                          0.9711189499570705E-06
                          0.9752666411937484E-06
                          0.9794275865068552E-06
                          0.9836018410708196E-06
                          0.9877894242332077E-06
                          0.9919903644749474E-06
                          0.9962046897572947E-06
                          0.1000432428895074E-05
                          0.1004673610188128E-05
                          0.1008928262076810E-05
                          0.1013196413080180E-05
                          0.1017478092402115E-05
                          0.1021773326526446E-05
                          0.1026082147961864E-05
                          0.1030404590867872E-05
                          0.1034740654329050E-05
                          0.1039090401558413E-05
                          0.1043453845808371E-05
                          0.1047831018045084E-05
                          0.1052221948105796E-05
                          0.1056626664291607E-05
                          0.1061045248917392E-05
                          0.1065477571423064E-05
                          0.1069923813784373E-05
                          0.1074383961032155E-05
                          0.1078858038181083E-05
                          0.1083346075485356E-05
                          0.1087848098804854E-05
                          0.1092364140495517E-05
                          0.1096894234099090E-05
                          0.1101438390950802E-05
                          0.1105996658346144E-05
                          0.1110569059314521E-05
                          0.1115155623022044E-05
                          0.1119756513233439E-05
                          0.1124371355590268E-05
                          0.1129000582968562E-05
                          0.1133644090140749E-05
                          0.1138301906441604E-05
                          0.1142974061861828E-05
                          0.1147660583924746E-05
                          0.1152361503928987E-05
                          0.1157076850706569E-05
                          0.1161806653743799E-05
                          0.1166550942557094E-05
                          0.1171309746692966E-05
                          0.1176083095728036E-05
                          0.1180871019302228E-05
                          0.1185673546952751E-05
                          0.1190490708469956E-05
                          0.1195322533446201E-05
                          0.1200169051681347E-05
                          0.1205030292941449E-05
                          0.1209906286908497E-05
                          0.1214797063555315E-05
                          0.1219702652550108E-05
                          0.1224623096666564E-05
                          0.1229558417685484E-05
                          0.1234508593268145E-05
                          0.1239473731810516E-05
                          0.1244454310651637E-05
                          0.1249448923392459E-05
                          0.1254459037776599E-05
                          0.1259484204489721E-05
                          0.1264524457980940E-05
                          0.1269579815467244E-05
                          0.1274650319807137E-05
                          0.1279735997234785E-05
                          0.1284837263609473E-05
                          0.1289952992681961E-05
                          0.1295084369831933E-05
                          0.1300231041792492E-05
                          0.1305393038214229E-05
                          0.1310570389482507E-05
                          0.1315763126016857E-05
                          0.1320971278266475E-05
                          0.1326194876738147E-05
                          0.1331433951861553E-05
                          0.1336688534256535E-05
                          0.1341958654466448E-05
                          0.1347244343271220E-05
                          0.1352545630761440E-05
                          0.1357862548137035E-05
                          0.1363195126787178E-05
                          0.1368543397337929E-05
                          0.1373907385551290E-05
                          0.1379287128954229E-05
                          0.1384682655815406E-05
                          0.1390094015303309E-05
                          0.1395521183306453E-05
                          0.1400964245708951E-05
                          0.1406423215114219E-05
                          0.1411898122483762E-05
                          0.1417388998808652E-05
                          0.1422895875110322E-05
                          0.1428418782440856E-05
                          0.1433957751881786E-05
                          0.1439512827759724E-05
                          0.1445084001572188E-05
                          0.1450671344136090E-05
                          0.1456274873437420E-05
                          0.1461894621307511E-05
                          0.1467530617214956E-05
                          0.1473182895744495E-05
                          0.1478851483126216E-05
                          0.1484536417501212E-05
                          0.1490237721869874E-05
                          0.1495955434594699E-05
                          0.1501689584707786E-05
                          0.1507440205685912E-05
                          0.1513207323511361E-05
                          0.1518990974428981E-05
                          0.1524791189501748E-05
                          0.1530607999305123E-05
                          0.1536441436024854E-05
                          0.1542291531722250E-05
                          0.1548158316295997E-05
                          0.1554041900229965E-05
                          0.1559942083719571E-05
                          0.1565863595372889E-05
                          0.1571792992364022E-05
                          0.1577743704174931E-05
                          0.1583711296787000E-05
                          0.1589695802094926E-05
                          0.1595697254673118E-05
                          0.1601715678527135E-05
                          0.1607751113588264E-05
                          0.1613803589788765E-05
                          0.1619873138862292E-05
                          0.1625959791181980E-05
                          0.1632063634660363E-05
                          0.1638184539045040E-05
                          0.1644322698667234E-05
                          0.1650478091743875E-05
                          0.1656650750374913E-05
                          0.1662840706731889E-05
                          0.1669047993178066E-05
                          0.1675272642007039E-05
                          0.1681514685728989E-05
                          0.1687774156206033E-05
                          0.1694051086422817E-05
                          0.1700345508468978E-05
                          0.1706657460791556E-05
                          0.1712986958404308E-05
                          0.1719334055863811E-05
                          0.1725698766102016E-05
                          0.1732081135523407E-05
                          0.1738481192138881E-05
                          0.1744898968595407E-05
                          0.1751334497570267E-05
                          0.1757787811770421E-05
                          0.1764258949344100E-05
                          0.1770747926826509E-05
                          0.1777254793653236E-05
                          0.1783779576023994E-05
                          0.1790322308013709E-05
                          0.1796883022107088E-05
                          0.1803461751236243E-05
                          0.1810058529513354E-05
                          0.1816673389485259E-05
                          0.1823306359409587E-05
                          0.1829957688542615E-05
                          0.1836626776284792E-05
                          0.1843314289132539E-05
                          0.1850020047203633E-05
                          0.1856744084870404E-05
                          0.1863486448471230E-05
                          0.1870247132121959E-05
                          0.1877026207868600E-05
                          0.1883823695660279E-05
                          0.1890639628832421E-05
                          0.1897474041454995E-05
                          0.1904326966588560E-05
                          0.1911198438569225E-05
                          0.1918088487343474E-05
                          0.1924997150084550E-05
                          0.1931924459003954E-05
                          0.1938870447623858E-05
                          0.1945835149627382E-05
                          0.1952818598340931E-05
                          0.1959820829315911E-05
                          0.1966841870566234E-05
                          0.1973881761526810E-05
                          0.1980940533950983E-05
                          0.1988018221557817E-05
                          0.1995114858176709E-05
                          0.2002230477751133E-05
                          0.2009365121348433E-05
                          0.2016518813551440E-05
                          0.2023691574636938E-05
                          0.2030883458747495E-05
                          0.2038094499621613E-05
                          0.2045324726607793E-05
                          0.2052574173707726E-05
                          0.2059842874988007E-05
                          0.2067130864405863E-05
                          0.2074438176157866E-05
                          0.2081764844331193E-05
                          0.2089110903077990E-05
                          0.2096476386580547E-05
                          0.2103861329051133E-05
                          0.2111265764733588E-05
                          0.2118689727896557E-05
                          0.2126133252854676E-05
                          0.2133596412746180E-05
                          0.2141079125829106E-05
                          0.2148581541894678E-05
                          0.2156103657619675E-05
                          0.2163645507103530E-05
                          0.2171207124937627E-05
                          0.2178788545243716E-05
                          0.2186389802988634E-05
                          0.2194010932598785E-05
                          0.2201651969750784E-05
                          0.2209312945851818E-05
                          0.2216993898795969E-05
                          0.2224694863111061E-05
                          0.2232415947953029E-05
                          0.2240157366317110E-05
                          0.2247918490282660E-05
                          0.2255699515345959E-05
                          0.2263501052517445E-05
                          0.2271322809044162E-05
                          0.2279164819515394E-05
                          0.2287027119548397E-05
                          0.2294909742930332E-05
                          0.2302812725723193E-05
                          0.2310736102596410E-05
                          0.2318679911174951E-05
                          0.2326644178834875E-05
                          0.2334628948401088E-05
                          0.2342634252448683E-05
                          0.2350660126154148E-05
                          0.2358706615410558E-05
                          0.2366773723390054E-05
                          0.2374861517431490E-05
                          0.2382970022704984E-05
                          0.2391099272796475E-05
                          0.2399249304880140E-05
                          0.2407420182387093E-05
                          0.2415611854473973E-05
                          0.2423824442966777E-05
                          0.2432057954528446E-05
                          0.2440312427372444E-05
                          0.2448587890129195E-05
                          0.2456884382865584E-05
                          0.2465201942963575E-05
                          0.2473540602767319E-05
                          0.2481900398842182E-05
                          0.2490281380800848E-05
                          0.2498683549958632E-05
                          0.2507106965265336E-05
                          0.2515551665348588E-05
                          0.2524017681732856E-05
                          0.2532505138518315E-05
                          0.2541013800807091E-05
                          0.2549543977244570E-05
                          0.2558095612514356E-05
                          0.2566668742573580E-05
                          0.2575263403412509E-05
                          0.2583879631097181E-05
                          0.2592517462875656E-05
                          0.2601176930939200E-05
                          0.2609858076234141E-05
                          0.2618560930968848E-05
                          0.2627285534497777E-05
                          0.2636031935850948E-05
                          0.2644800128457337E-05
                          0.2653590189063186E-05
                          0.2662402143544361E-05
                          0.2671236027283950E-05
                          0.2680091875034786E-05
                          0.2688969724599372E-05
                          0.2697869612035343E-05
                          0.2706791574615954E-05
                          0.2715735645820589E-05
                          0.2724701865276684E-05
                          0.2733690268449242E-05
                          0.2742700891898679E-05
                          0.2751733772215190E-05
                          0.2760788946620481E-05
                          0.2769866450167757E-05
                          0.2778966320724191E-05
                          0.2788088621569719E-05
                          0.2797233309578812E-05
                          0.2806400501183501E-05
                          0.2815590206631627E-05
                          0.2824802462754281E-05
                          0.2834037306411489E-05
                          0.2843294774496442E-05
                          0.2852574903930198E-05
                          0.2861877736734981E-05
                          0.2871203294680580E-05
                          0.2880551629990814E-05
                          0.2889922774693679E-05
                          0.2899316767838855E-05
                          0.2908733640255621E-05
                          0.2918173435462810E-05
                          0.2927636188474183E-05
                          0.2937121940721416E-05
                          0.2946630777376050E-05
                          0.2956162566429603E-05
                          0.2965717526640569E-05
                          0.2975295628549552E-05
                          0.2984896909534608E-05
                          0.2994521432593282E-05
                          0.3004169162960354E-05
                          0.3013840213519874E-05
                          0.3023534705084303E-05
                          0.3033252345467506E-05
                          0.3042993501655652E-05
                          0.3052758143523779E-05
                          0.3062546182718369E-05
                          0.3072357782755310E-05
                          0.3082192939309459E-05
                          0.3092051689996203E-05
                          0.3101934072577073E-05
                          0.3111840124767322E-05
                          0.3121769884331206E-05
                          0.3131723389920821E-05
                          0.3141700676788498E-05
                          0.3151701785361191E-05
                          0.3161726753085138E-05
                          0.3171775616618813E-05
                          0.3181848415210396E-05
                          0.3191945186535926E-05
                          0.3202065968091343E-05
                          0.3212210798257480E-05
                          0.3222379715221309E-05
                          0.3232572756962485E-05
                          0.3242789961587754E-05
                          0.3253031367268841E-05
                          0.3263297012188909E-05
                          0.3273587097659483E-05
                          0.3283901172789517E-05
                          0.3294239764666093E-05
                          0.3304602748989452E-05
                          0.3314990163929427E-05
                          0.3325402047855845E-05
                          0.3335839579939546E-05
                          0.3346299376286707E-05
                          0.3356784897642002E-05
                          0.3367295041766182E-05
                          0.3377829847721988E-05
                          0.3388389352364463E-05
                          0.3398973595962493E-05
                          0.3409582616559363E-05
                          0.3420216452792545E-05
                          0.3430875143331901E-05
                          0.3441558728611778E-05
                          0.3452267242344664E-05
                          0.3463000727889346E-05
                          0.3473759223067181E-05
                          0.3484542766039842E-05
                          0.3495351396102273E-05
                          0.3506185151983704E-05
                          0.3517044072592677E-05
                          0.3527928197029816E-05
                          0.3538837563775576E-05
                          0.3549772212365489E-05
                          0.3560732182691988E-05
                          0.3571717510443474E-05
                          0.3582728238176112E-05
                          0.3593764403837017E-05
                          0.3604826047613947E-05
                          0.3615913205571249E-05
                          0.3627025920031064E-05
                          0.3638164229197655E-05
                          0.3649328172338355E-05
                          0.3660517788754677E-05
                          0.3671733118189844E-05
                          0.3682974198757729E-05
                          0.3694241071095671E-05
                          0.3705533774207662E-05
                          0.3716852347543849E-05
                          0.3728196830584472E-05
                          0.3739567262845074E-05
                          0.3750963683854334E-05
                          0.3762386133186906E-05
                          0.3773834650449729E-05
                          0.3785309275269724E-05
                          0.3796810047392977E-05
                          0.3808337006254789E-05
                          0.3819890191865734E-05
                          0.3831469643840613E-05
                          0.3843075403118359E-05
                          0.3854707506018568E-05
                          0.3866365996129621E-05
                          0.3878050911512295E-05
                          0.3889762292697809E-05
                          0.3901500179403368E-05
                          0.3913264611591271E-05
                          0.3925055635389463E-05
                          0.3936873272411781E-05
                          0.3948717581879776E-05
                          0.3960588595456376E-05
                          0.3972486355538092E-05
                          0.3984410901503133E-05
                          0.3996362273852452E-05
                          0.4008340511813095E-05
                          0.4020345656594926E-05
                          0.4032377748164666E-05
                          0.4044436827659799E-05
                          0.4056522932679698E-05
                          0.4068636106355342E-05
                          0.4080776388148544E-05
                          0.4092943818464382E-05
                          0.4105138437746699E-05
                          0.4117360286468518E-05
                          0.4129609405133338E-05
                          0.4141885834275899E-05
                          0.4154189615974874E-05
                          0.4166520786278614E-05
                          0.4178879552145697E-05
                          0.4191265467349006E-05
                          0.4203679467149341E-05
                          0.4216120202841068E-05
                          0.4228588953466756E-05
                          0.4241085318590873E-05
                          0.4253609371765887E-05
                          0.4266161140915854E-05
                          0.4278740670271898E-05
                          0.4291347996615180E-05
                          0.4303983164236643E-05
                          0.4316646212969608E-05
                          0.4329337184030707E-05
                          0.4342056117741551E-05
                          0.4354803057595180E-05
                          0.4367578039202348E-05
                          0.4380381108900940E-05
                          0.4393212305995790E-05
                          0.4406071671874769E-05
                          0.4418959247411091E-05
                          0.4431875074104089E-05
                          0.4444819193544391E-05
                          0.4457791647632070E-05
                          0.4470792473262749E-05
                          0.4483821721093082E-05
                          0.4496879418521941E-05
                          0.4509965619026932E-05
                          0.4523080360021298E-05
                          0.4536223683575199E-05
                          0.4549395629376566E-05
                          0.4562596240761231E-05
                          0.4575825558684204E-05
                          0.4589083624735518E-05
                          0.4602370480523489E-05
                          0.4615686167705025E-05
                          0.4629030728048419E-05
                          0.4642404202980448E-05
                          0.4655806634560071E-05
                          0.4669238064341493E-05
                          0.4682698534551640E-05
                          0.4696188086052606E-05
                          0.4709706761672698E-05
                          0.4723254602859945E-05
                          0.4736831651665469E-05
                          0.4750437949991255E-05
                          0.4764073539818779E-05
                          0.4777738463445347E-05
                          0.4791432762041658E-05
                          0.4805156478549343E-05
                          0.4818909654765044E-05
                          0.4832692333410444E-05
                          0.4846504568300415E-05
                          0.4860346363548977E-05
                          0.4874217800297820E-05
                          0.4888118907193250E-05
                          0.4902049727558299E-05
                          0.4916010303022820E-05
                          0.4930000677937061E-05
                          0.4944020889407676E-05
                          0.4958070984976727E-05
                          0.4972151004974950E-05
                          0.4986260992492767E-05
                          0.5000400989741694E-05
                          0.5014571039850447E-05
                          0.5028771183598139E-05
                          0.5043001465387077E-05
                          0.5057261927457905E-05
                          0.5071552611741213E-05
                          0.5085873561171905E-05
                          0.5100224818909105E-05
                          0.5114606428118921E-05
                          0.5129018429432748E-05
                          0.5143460867695777E-05
                          0.5157933785112167E-05
                          0.5172437224515077E-05
                          0.5186971228781076E-05
                          0.5201535841614052E-05
                          0.5216131103752433E-05
                          0.5230757060009040E-05
                          0.5245413753141556E-05
                          0.5260101229730609E-05
                          0.5274819521631350E-05
                          0.5289568683117467E-05
                          0.5304348753620924E-05
                          0.5319159776275265E-05
                          0.5334001794271499E-05
                          0.5348874850797486E-05
                          0.5363778989121456E-05
                          0.5378714252508105E-05
                          0.5393680684262084E-05
                          0.5408678327712414E-05
                          0.5423707227036865E-05
                          0.5438767423197546E-05
                          0.5453858965018621E-05
                          0.5468981886231740E-05
                          0.5484136239233006E-05
                          0.5499322065967105E-05
                          0.5514539405774285E-05
                          0.5529788306431018E-05
                          0.5545068810458710E-05
                          0.5560380960541504E-05
                          0.5575724801293413E-05
                          0.5591100376092149E-05
                          0.5606507728662759E-05
                          0.5621946902760161E-05
                          0.5637417942168299E-05
                          0.5652920890703052E-05
                          0.5668455792209165E-05
                          0.5684022690561851E-05
                          0.5699621629688846E-05
                          0.5715252653539723E-05
                          0.5730915809959778E-05
                          0.5746611130996392E-05
                          0.5762338674196963E-05
                          0.5778098475256891E-05
                          0.5793890584340556E-05
                          0.5809715038811528E-05
                          0.5825571888275034E-05
                          0.5841461174722061E-05
                          0.5857382942741070E-05
                          0.5873337236472058E-05
                          0.5889324101665899E-05
                          0.5905343578119513E-05
                          0.5921395714663516E-05
                          0.5937480554151133E-05
                          0.5953598142630252E-05
                          0.5969748519514486E-05
                          0.5985931734268252E-05
                          0.6002147829693283E-05
                          0.6018396850296898E-05
                          0.6034678840616518E-05
                          0.6050993845219612E-05
                          0.6067341908703873E-05
                          0.6083723075697021E-05
                          0.6100137390856641E-05
                          0.6116584898870957E-05
                          0.6133065644457886E-05
                          0.6149579672365531E-05
                          0.6166127027472518E-05
                          0.6182707754343697E-05
                          0.6199321897945747E-05
                          0.6215969503295069E-05
                          0.6232650615006527E-05
                          0.6249365278239912E-05
                          0.6266113537864019E-05
                          0.6282895438895421E-05
                          0.6299711026309323E-05
                          0.6316560345194839E-05
                          0.6333443440615295E-05
                          0.6350360357686133E-05
                          0.6367311141683478E-05
                          0.6384295837344950E-05
                          0.6401314490308490E-05
                          0.6418367145656708E-05
                          0.6435453848649473E-05
                          0.6452574644588363E-05
                          0.6469729581564730E-05
                          0.6486918696545218E-05
                          0.6504142053531016E-05
                          0.6521399664486418E-05
                          0.6538691612873314E-05
                          0.6556017911798070E-05
                          0.6573378628914466E-05
                          0.6590773802368280E-05
                          0.6608203477721247E-05
                          0.6625667700563553E-05
                          0.6643166516517514E-05
                          0.6660699971233569E-05
                          0.6678268110393017E-05
                          0.6695870981131575E-05
                          0.6713508624917790E-05
                          0.6731181091833231E-05
                          0.6748888426144197E-05
                          0.6766630673808412E-05
                          0.6784407880606319E-05
                          0.6802220092503035E-05
                          0.6820067355319810E-05
                          0.6837949718419614E-05
                          0.6855867217782019E-05
                          0.6873819911588780E-05
                          0.6891807836364690E-05
                          0.6909831043943224E-05
                          0.6927889578349947E-05
                          0.6945983486412849E-05
                          0.6964112813858510E-05
                          0.6982277606962849E-05
                          0.7000477911921851E-05
                          0.7018713775001125E-05
                          0.7036985242745934E-05
                          0.7055292360605006E-05
                          0.7073635179190253E-05
                          0.7092013734445509E-05
                          0.7110428082899935E-05
                          0.7128878267615538E-05
                          0.7147364335050470E-05
                          0.7165886331704670E-05
                          0.7184444304100043E-05
                          0.7203038298799269E-05
                          0.7221668362361430E-05
                          0.7240334541426277E-05
                          0.7259036882629933E-05
                          0.7277775432647085E-05
                          0.7296550238183333E-05
                          0.7315361345998335E-05
                          0.7334208802777754E-05
                          0.7353092655397514E-05
                          0.7372012953247709E-05
                          0.7390969735463489E-05
                          0.7409963056832674E-05
                          0.7428992960963809E-05
                          0.7448059495647215E-05
                          0.7467162708149689E-05
                          0.7486302643613471E-05
                          0.7505479351126720E-05
                          0.7524692876657663E-05
                          0.7543943267767490E-05
                          0.7563230574940415E-05
                          0.7582554835043115E-05
                          0.7601916109460190E-05
                          0.7621314429346114E-05
                          0.7640749855042496E-05
                          0.7660222429367208E-05
                          0.7679732199743875E-05
                          0.7699279213158955E-05
                          0.7718863518466787E-05
                          0.7738485163819192E-05
                          0.7758144189052981E-05
                          0.7777840647799017E-05
                          0.7797574588808277E-05
                          0.7817346057723742E-05
                          0.7837155106115014E-05
                          0.7857001769571905E-05
                          0.7876886107701226E-05
                          0.7896808164085793E-05
                          0.7916767986458180E-05
                          0.7936765622489339E-05
                          0.7956801119914681E-05
                          0.7976874526488082E-05
                          0.7996985890000380E-05
                          0.8017135258269250E-05
                          0.8037322679143425E-05
                          0.8057548200502318E-05
                          0.8077811870252745E-05
                          0.8098113736335707E-05
                          0.8118453846719611E-05
                          0.8138832249414804E-05
                          0.8159248992416904E-05
                          0.8179704123818958E-05
                          0.8200197693050596E-05
                          0.8220729744177245E-05
                          0.8241300329936941E-05
                          0.8261909495555400E-05
                          0.8282557290845208E-05
                          0.8303243763512456E-05
                          0.8323968961842889E-05
                          0.8344732934087618E-05
                          0.8365535728626705E-05
                          0.8386377393803841E-05
                          0.8407257978009509E-05
                          0.8428177529787789E-05
                          0.8449136097218964E-05
                          0.8470133729155130E-05
                          0.8491170473981057E-05
                          0.8512246380240422E-05
                          0.8533361496503431E-05
                          0.8554515871371308E-05
                          0.8575709553475344E-05
                          0.8596942591484930E-05
                          0.8618215034067703E-05
                          0.8639526930036860E-05
                          0.8660878327933049E-05
                          0.8682269276741251E-05
                          0.8703699825206560E-05
                          0.8725170022168176E-05
                          0.8746679916501910E-05
                          0.8768229557106503E-05
                          0.8789818992916904E-05
                          0.8811448275636955E-05
                          0.8833117446032281E-05
                          0.8854826561352424E-05
                          0.8876575667907841E-05
                          0.8898364814781384E-05
                          0.8920194051092248E-05
                          0.8942063425964659E-05
                          0.8963972988590622E-05
                          0.8985922788238791E-05
                          0.9007912873927450E-05
                          0.9029943295135124E-05
                          0.9052014101083683E-05
                          0.9074125343036080E-05
                          0.9096277064528227E-05
                          0.9118469320761832E-05
                          0.9140702159211602E-05
                          0.9162975629385738E-05
                          0.9185289780565960E-05
                          0.9207644662449013E-05
                          0.9230040324505108E-05
                          0.9252476816298741E-05
                          0.9274954187424484E-05
                          0.9297472487507016E-05
                          0.9320031766201134E-05
                          0.9342632073198243E-05
                          0.9365273458193788E-05
                          0.9387955970952394E-05
                          0.9410679661395484E-05
                          0.9433444578870170E-05
                          0.9456250773670032E-05
                          0.9479098295507840E-05
                          0.9501987194279320E-05
                          0.9524917519909839E-05
                          0.9547889322355527E-05
                          0.9570902651602211E-05
                          0.9593957557706420E-05
                          0.9617054090592668E-05
                          0.9640192300458781E-05
                          0.9663372237370544E-05
                          0.9686593951464372E-05
                          0.9709857492906787E-05
                          0.9733162911894427E-05
                          0.9756510258713132E-05
                          0.9779899583442394E-05
                          0.9803330936546459E-05
                          0.9826804368283285E-05
                          0.9850319929000815E-05
                          0.9873877669073831E-05
                          0.9897477638912119E-05
                          0.9921119888952328E-05
                          0.9944804469661998E-05
                          0.9968531432387774E-05
                          0.9992300825110368E-05
                          0.1001611270093470E-04
                          0.1003996710959969E-04
                          0.1006386410172339E-04
                          0.1008780372795398E-04
                          0.1011178603896970E-04
                          0.1013581108547892E-04
                          0.1015987891822012E-04
                          0.1018398958796186E-04
                          0.1020814314550280E-04
                          0.1023233964167172E-04
                          0.1025657912732750E-04
                          0.1028086165335912E-04
                          0.1030518727068564E-04
                          0.1032955603025626E-04
                          0.1035396798305025E-04
                          0.1037842318007700E-04
                          0.1040292167237601E-04
                          0.1042746351101685E-04
                          0.1045204874709923E-04
                          0.1047667743175294E-04
                          0.1050134961613786E-04
                          0.1052606535144401E-04
                          0.1055082468889149E-04
                          0.1057562767973050E-04
                          0.1060047437524133E-04
                          0.1062536482673441E-04
                          0.1065029908555024E-04
                          0.1067527720305944E-04
                          0.1070029923066270E-04
                          0.1072536521979087E-04
                          0.1075047522190485E-04
                          0.1077562928849565E-04
                          0.1080082747108442E-04
                          0.1082606982122238E-04
                          0.1085135639049084E-04
                          0.1087668723050124E-04
                          0.1090206239289512E-04
                          0.1092748192934411E-04
                          0.1095294589154994E-04
                          0.1097845433124444E-04
                          0.1100400730018957E-04
                          0.1102960485017736E-04
                          0.1105524703302997E-04
                          0.1108093390059963E-04
                          0.1110666550476870E-04
                          0.1113244189744964E-04
                          0.1115826313058497E-04
                          0.1118412925614740E-04
                          0.1121004032613964E-04
                          0.1123599639259458E-04
                          0.1126199750757515E-04
                          0.1128804372317446E-04
                          0.1131413509151565E-04
                          0.1134027166475199E-04
                          0.1136645349506685E-04
                          0.1139268063467372E-04
                          0.1141895313581616E-04
                          0.1144527105076785E-04
                          0.1147163443183258E-04
                          0.1149804333134423E-04
                          0.1152449780166678E-04
                          0.1155099789519431E-04
                          0.1157754366435103E-04
                          0.1160413516159121E-04
                          0.1163077243939926E-04
                          0.1165745555028967E-04
                          0.1168418454680703E-04
                          0.1171095948152606E-04
                          0.1173778040705153E-04
                          0.1176464737601838E-04
                          0.1179156044109161E-04
                          0.1181851965496631E-04
                          0.1184552507036771E-04
                          0.1187257674005110E-04
                          0.1189967471680193E-04
                          0.1192681905343569E-04
                          0.1195400980279800E-04
                          0.1198124701776461E-04
                          0.1200853075124132E-04
                          0.1203586105616405E-04
                          0.1206323798549886E-04
                          0.1209066159224186E-04
                          0.1211813192941929E-04
                          0.1214564905008748E-04
                          0.1217321300733286E-04
                          0.1220082385427199E-04
                          0.1222848164405150E-04
                          0.1225618642984813E-04
                          0.1228393826486874E-04
                          0.1231173720235027E-04
                          0.1233958329555977E-04
                          0.1236747659779440E-04
                          0.1239541716238141E-04
                          0.1242340504267816E-04
                          0.1245144029207211E-04
                          0.1247952296398082E-04
                          0.1250765311185196E-04
                          0.1253583078916329E-04
                          0.1256405604942268E-04
                          0.1259232894616808E-04
                          0.1262064953296761E-04
                          0.1264901786341941E-04
                          0.1267743399115176E-04
                          0.1270589796982305E-04
                          0.1273440985312176E-04
                          0.1276296969476648E-04
                          0.1279157754850587E-04
                          0.1282023346811875E-04
                          0.1284893750741399E-04
                          0.1287768972023060E-04
                          0.1290649016043765E-04
                          0.1293533888193436E-04
                          0.1296423593865002E-04
                          0.1299318138454403E-04
                          0.1302217527360590E-04
                          0.1305121765985523E-04
                          0.1308030859734174E-04
                          0.1310944814014522E-04
                          0.1313863634237561E-04
                          0.1316787325817290E-04
                          0.1319715894170721E-04
                          0.1322649344717877E-04
                          0.1325587682881790E-04
                          0.1328530914088503E-04
                          0.1331479043767067E-04
                          0.1334432077349544E-04
                          0.1337390020271009E-04
                          0.1340352877969546E-04
                          0.1343320655886245E-04
                          0.1346293359465214E-04
                          0.1349270994153564E-04
                          0.1352253565401419E-04
                          0.1355241078661915E-04
                          0.1358233539391197E-04
                          0.1361230953048417E-04
                          0.1364233325095742E-04
                          0.1367240660998348E-04
                          0.1370252966224419E-04
                          0.1373270246245150E-04
                          0.1376292506534748E-04
                          0.1379319752570428E-04
                          0.1382351989832419E-04
                          0.1385389223803955E-04
                          0.1388431459971284E-04
                          0.1391478703823663E-04
                          0.1394530960853359E-04
                          0.1397588236555648E-04
                          0.1400650536428819E-04
                          0.1403717865974171E-04
                          0.1406790230696009E-04
                          0.1409867636101655E-04
                          0.1412950087701435E-04
                          0.1416037591008689E-04
                          0.1419130151539764E-04
                          0.1422227774814022E-04
                          0.1425330466353832E-04
                          0.1428438231684571E-04
                          0.1431551076334631E-04
                          0.1434669005835411E-04
                          0.1437792025721323E-04
                          0.1440920141529786E-04
                          0.1444053358801230E-04
                          0.1447191683079098E-04
                          0.1450335119909841E-04
                          0.1453483674842918E-04
                          0.1456637353430804E-04
                          0.1459796161228978E-04
                          0.1462960103795933E-04
                          0.1466129186693173E-04
                          0.1469303415485208E-04
                          0.1472482795739562E-04
                          0.1475667333026769E-04
                          0.1478857032920367E-04
                          0.1482051900996916E-04
                          0.1485251942835976E-04
                          0.1488457164020123E-04
                          0.1491667570134939E-04
                          0.1494883166769017E-04
                          0.1498103959513966E-04
                          0.1501329953964395E-04
                          0.1504561155717934E-04
                          0.1507797570375216E-04
                          0.1511039203539886E-04
                          0.1514286060818599E-04
                          0.1517538147821025E-04
                          0.1520795470159835E-04
                          0.1524058033450716E-04
                          0.1527325843312367E-04
                          0.1530598905366494E-04
                          0.1533877225237812E-04
                          0.1537160808554050E-04
                          0.1540449660945943E-04
                          0.1543743788047242E-04
                          0.1547043195494703E-04
                          0.1550347888928093E-04
                          0.1553657873990191E-04
                          0.1556973156326787E-04
                          0.1560293741586677E-04
                          0.1563619635421671E-04
                          0.1566950843486590E-04
                          0.1570287371439260E-04
                          0.1573629224940523E-04
                          0.1576976409654228E-04
                          0.1580328931247235E-04
                          0.1583686795389414E-04
                          0.1587050007753646E-04
                          0.1590418574015819E-04
                          0.1593792499854839E-04
                          0.1597171790952612E-04
                          0.1600556452994063E-04
                          0.1603946491667121E-04
                          0.1607341912662731E-04
                          0.1610742721674840E-04
                          0.1614148924400414E-04
                          0.1617560526539424E-04
                          0.1620977533794852E-04
                          0.1624399951872695E-04
                          0.1627827786481949E-04
                          0.1631261043334634E-04
                          0.1634699728145769E-04
                          0.1638143846633391E-04
                          0.1641593404518540E-04
                          0.1645048407525273E-04
                          0.1648508861380656E-04
                          0.1651974771814760E-04
                          0.1655446144560672E-04
                          0.1658922985354487E-04
                          0.1662405299935309E-04
                          0.1665893094045253E-04
                          0.1669386373429446E-04
                          0.1672885143836025E-04
                          0.1676389411016134E-04
                          0.1679899180723931E-04
                          0.1683414458716583E-04
                          0.1686935250754266E-04
                          0.1690461562600164E-04
                          0.1693993400020479E-04
                          0.1697530768784416E-04
                          0.1701073674664193E-04
                          0.1704622123435038E-04
                          0.1708176120875190E-04
                          0.1711735672765897E-04
                          0.1715300784891417E-04
                          0.1718871463039017E-04
                          0.1722447712998980E-04
                          0.1726029540564593E-04
                          0.1729616951532154E-04
                          0.1733209951700976E-04
                          0.1736808546873378E-04
                          0.1740412742854688E-04
                          0.1744022545453248E-04
                          0.1747637960480409E-04
                          0.1751258993750529E-04
                          0.1754885651080984E-04
                          0.1758517938292151E-04
                          0.1762155861207423E-04
                          0.1765799425653201E-04
                          0.1769448637458897E-04
                          0.1773103502456934E-04
                          0.1776764026482744E-04
                          0.1780430215374768E-04
                          0.1784102074974461E-04
                          0.1787779611126285E-04
                          0.1791462829677714E-04
                          0.1795151736479228E-04
                          0.1798846337384326E-04
                          0.1802546638249506E-04
                          0.1806252644934288E-04
                          0.1809964363301193E-04
                          0.1813681799215754E-04
                          0.1817404958546521E-04
                          0.1821133847165044E-04
                          0.1824868470945889E-04
                          0.1828608835766634E-04
                          0.1832354947507862E-04
                          0.1836106812053169E-04
                          0.1839864435289162E-04
                          0.1843627823105459E-04
                          0.1847396981394684E-04
                          0.1851171916052474E-04
                          0.1854952632977476E-04
                          0.1858739138071348E-04
                          0.1862531437238756E-04
                          0.1866329536387378E-04
                          0.1870133441427904E-04
                          0.1873943158274030E-04
                          0.1877758692842464E-04
                          0.1881580051052926E-04
                          0.1885407238828143E-04
                          0.1889240262093855E-04
                          0.1893079126778811E-04
                          0.1896923838814770E-04
                          0.1900774404136502E-04
                          0.1904630828681786E-04
                          0.1908493118391413E-04
                          0.1912361279209183E-04
                          0.1916235317081908E-04
                          0.1920115237959405E-04
                          0.1924001047794507E-04
                          0.1927892752543056E-04
                          0.1931790358163902E-04
                          0.1935693870618907E-04
                          0.1939603295872945E-04
                          0.1943518639893893E-04
                          0.1947439908652646E-04
                          0.1951367108123108E-04
                          0.1955300244282191E-04
                          0.1959239323109816E-04
                          0.1963184350588917E-04
                          0.1967135332705437E-04
                          0.1971092275448331E-04
                          0.1975055184809562E-04
                          0.1979024066784104E-04
                          0.1982998927369942E-04
                          0.1986979772568067E-04
                          0.1990966608382487E-04
                          0.1994959440820217E-04
                          0.1998958275891281E-04
                          0.2002963119608714E-04
