 Temperature at each layer [K]
    412.8317
    405.4684
    398.5422
    392.0121
    385.8442
    379.9891
    374.3915
    369.0023
    363.7852
    358.6843
    353.6519
    340.8673
    317.2096
    301.8390
    291.9146
    284.7849
    279.0522
    274.4596
    270.5524
    267.0182
    263.8441
    260.4939
    257.2726
    253.3566
    248.5512
    241.6949
    233.1442
    222.4841
    211.8473
    202.8272
    195.8309
    190.0410
    185.6394
    182.4901
    180.3591
    179.1326
    178.8446
    179.2123
    180.7253
    183.0829
    186.3108
    188.9053
    188.9154
    186.4086
    184.7821
    184.1384
    176.3950
    168.2077
    171.1097
    149.9992
