 Adiabat temperature at each level [K]
    323.7506
    314.2153
    304.8640
    296.0035
    287.6579
    279.8326
    272.5249
    265.6965
    259.2788
    253.2185
    247.4678
    241.9770
    236.6983
    231.5883
    226.6086
    221.7260
    216.9121
    212.1429
    207.3985
    202.6617
    197.9185
    193.1570
    188.3669
    183.5396
    178.6675
    173.7440
    168.7629
    163.7187
    158.6059
    153.4194
    150.4032
    149.9992
    149.9992
    149.9992
    149.9992
    149.9992
    149.9992
    149.9992
    149.9992
    149.9992
    149.9992
    149.9992
    149.9992
    149.9992
    149.9992
    149.9992
    149.9992
    149.9992
    149.9992
    149.9992
    149.9992
